                                     G D M A

                                 by Anthony Stone

                         version 2.2.11, 04 February 2015

               Distributed Multipoles from Gaussian wavefunctions


Starting at 15:58:36 on 28 Jun 2021 

s1S0



Using CI density matrix from file sN_mz.fchk


                         Distributed Multipole Analysis

Standard DMA for products of primitives with exponent greater than 4.00000
Using 80-point Euler-MacLaurin radial quadrature
Using 590-point Lebedev quadrature
Becke smoothing parameter = 3

Positions and radii in angstrom
Multipole moments in atomic units, ea_0^k for rank k

C          x = -8.621700  y =  0.199040  z =  0.027630 angstrom
           Maximum rank =  2   Radius =  0.650 angstrom
                   Q00  =   0.014010
|Q1| =   0.044235  Q10  =   0.000177  Q11c =  -0.037818  Q11s =  -0.022944
|Q2| =   1.362324  Q20  =  -1.356681  Q21c =  -0.010697  Q21s =   0.030612
                   Q22c =   0.119204  Q22s =  -0.009182

H          x = -8.799250  y =  1.266170  z =  0.053430 angstrom
           Maximum rank =  1   Radius =  0.350 angstrom
                   Q00  =   0.090900
|Q1| =   0.068958  Q10  =  -0.007146  Q11c =  -0.025966  Q11s =  -0.063481

C          x = -9.747460  y = -0.575180  z =  0.020770 angstrom
           Maximum rank =  2   Radius =  0.650 angstrom
                   Q00  =  -0.056005
|Q1| =   0.059162  Q10  =   0.003669  Q11c =  -0.041002  Q11s =  -0.042491
|Q2| =   1.319534  Q20  =  -1.298416  Q21c =  -0.019467  Q21s =   0.001350
                   Q22c =   0.121153  Q22s =   0.200564

C          x =-11.130110  y = -0.070320  z =  0.040790 angstrom
           Maximum rank =  2   Radius =  0.650 angstrom
                   Q00  =   0.031117
|Q1| =   0.043961  Q10  =  -0.001183  Q11c =  -0.010593  Q11s =  -0.042649
|Q2| =   1.160982  Q20  =  -1.124733  Q21c =  -0.035214  Q21s =  -0.065428
                   Q22c =  -0.217743  Q22s =  -0.172978

C          x = -9.816980  y = -2.055900  z =  0.024370 angstrom
           Maximum rank =  2   Radius =  0.650 angstrom
                   Q00  =   0.196362
|Q1| =   0.032349  Q10  =   0.000126  Q11c =   0.020950  Q11s =  -0.024649
|Q2| =   0.756341  Q20  =  -0.714689  Q21c =  -0.042958  Q21s =   0.006258
                   Q22c =   0.060557  Q22s =  -0.236049

O          x = -8.915040  y = -2.863480  z = -0.005760 angstrom
           Maximum rank =  2   Radius =  0.650 angstrom
                   Q00  =  -0.387999
|Q1| =   0.490053  Q10  =   0.011822  Q11c =  -0.371785  Q11s =   0.319042
|Q2| =   0.929436  Q20  =  -0.205288  Q21c =  -0.012673  Q21s =   0.034444
                   Q22c =   0.121041  Q22s =  -0.897614

C          x =-12.027270  y = -1.251970  z =  0.095180 angstrom
           Maximum rank =  2   Radius =  0.650 angstrom
                   Q00  =  -0.021886
|Q1| =   0.076054  Q10  =  -0.003123  Q11c =   0.062492  Q11s =  -0.043235
|Q2| =   1.247945  Q20  =  -1.231931  Q21c =  -0.088693  Q21s =  -0.036085
                   Q22c =   0.129792  Q22s =   0.117045

C          x =-11.251680  y = -2.407260  z =  0.079630 angstrom
           Maximum rank =  2   Radius =  0.650 angstrom
                   Q00  =  -0.041840
|Q1| =   0.064082  Q10  =  -0.000039  Q11c =  -0.011911  Q11s =   0.062965
|Q2| =   1.238983  Q20  =  -1.225874  Q21c =  -0.076537  Q21s =  -0.031127
                   Q22c =  -0.045192  Q22s =   0.153112

C          x =-13.415280  y = -1.365450  z =  0.150880 angstrom
           Maximum rank =  2   Radius =  0.650 angstrom
                   Q00  =   0.007410
|Q1| =   0.071936  Q10  =   0.000438  Q11c =   0.023721  Q11s =  -0.067912
|Q2| =   1.433265  Q20  =  -1.428245  Q21c =  -0.098110  Q21s =  -0.034575
                   Q22c =  -0.008553  Q22s =  -0.058890

H          x =-14.093020  y = -0.526050  z =  0.167830 angstrom
           Maximum rank =  1   Radius =  0.350 angstrom
                   Q00  =   0.112100
|Q1| =   0.062445  Q10  =  -0.003625  Q11c =   0.054429  Q11s =  -0.030394

C          x =-13.955570  y = -2.633570  z =  0.188050 angstrom
           Maximum rank =  2   Radius =  0.650 angstrom
                   Q00  =   0.178645
|Q1| =   0.158638  Q10  =   0.006591  Q11c =  -0.146513  Q11s =  -0.060469
|Q2| =   1.048738  Q20  =  -1.042283  Q21c =  -0.076278  Q21s =  -0.023829
                   Q22c =   0.065782  Q22s =   0.052749

F          x =-15.277250  y = -2.787760  z =  0.243570 angstrom
           Maximum rank =  2   Radius =  0.650 angstrom
                   Q00  =  -0.203011
|Q1| =   0.222615  Q10  =  -0.008968  Q11c =   0.222368  Q11s =  -0.005437
|Q2| =   0.696002  Q20  =  -0.308320  Q21c =  -0.048099  Q21s =  -0.004460
                   Q22c =   0.609968  Q22s =   0.122324

C          x =-11.790280  y = -3.679170  z =  0.114550 angstrom
           Maximum rank =  2   Radius =  0.650 angstrom
                   Q00  =   0.023643
|Q1| =   0.066727  Q10  =   0.001112  Q11c =  -0.039418  Q11s =   0.053828
|Q2| =   1.374884  Q20  =  -1.371049  Q21c =  -0.091622  Q21s =  -0.024767
                   Q22c =  -0.005526  Q22s =  -0.038653

H          x =-11.162870  y = -4.560900  z =  0.100020 angstrom
           Maximum rank =  1   Radius =  0.350 angstrom
                   Q00  =   0.099721
|Q1| =   0.084879  Q10  =   0.000655  Q11c =  -0.035884  Q11s =   0.076918

C          x =-13.161720  y = -3.778990  z =  0.169440 angstrom
           Maximum rank =  2   Radius =  0.650 angstrom
                   Q00  =   0.175922
|Q1| =   0.153980  Q10  =   0.005959  Q11c =  -0.109195  Q11s =  -0.108401
|Q2| =   1.053024  Q20  =  -1.043900  Q21c =  -0.071610  Q21s =  -0.025426
                   Q22c =  -0.025954  Q22s =   0.112616

F          x =-13.760310  y = -4.967350  z =  0.206850 angstrom
           Maximum rank =  2   Radius =  0.650 angstrom
                   Q00  =  -0.204250
|Q1| =   0.222941  Q10  =  -0.005034  Q11c =   0.068705  Q11s =   0.212031
|Q2| =   0.699240  Q20  =  -0.304862  Q21c =  -0.010739  Q21s =  -0.029880
                   Q22c =  -0.398257  Q22s =   0.486188

C          x =-11.565990  y =  1.223000  z =  0.001170 angstrom
           Maximum rank =  2   Radius =  0.650 angstrom
                   Q00  =  -0.016945
|Q1| =   0.026523  Q10  =  -0.003011  Q11c =  -0.012844  Q11s =   0.023009
|Q2| =   1.299817  Q20  =  -1.288652  Q21c =  -0.064027  Q21s =  -0.095999
                   Q22c =  -0.107049  Q22s =  -0.064238

C          x =-12.947830  y =  1.578800  z =  0.027140 angstrom
           Maximum rank =  2   Radius =  0.650 angstrom
                   Q00  =   0.058970
|Q1| =   0.106576  Q10  =  -0.004050  Q11c =   0.106047  Q11s =   0.009801
|Q2| =   1.206424  Q20  =  -0.718980  Q21c =  -0.042892  Q21s =  -0.000408
                   Q22c =   0.829766  Q22s =  -0.498172

N          x =-14.051470  y =  1.898510  z =  0.047810 angstrom
           Maximum rank =  2   Radius =  0.650 angstrom
                   Q00  =  -0.219305
|Q1| =   0.560284  Q10  =  -0.011561  Q11c =   0.545657  Q11s =  -0.126662
|Q2| =   0.617000  Q20  =  -0.344045  Q21c =  -0.017315  Q21s =   0.002699
                   Q22c =   0.401139  Q22s =  -0.317966

C          x =-10.709730  y =  2.361650  z = -0.077700 angstrom
           Maximum rank =  2   Radius =  0.650 angstrom
                   Q00  =   0.057969
|Q1| =   0.100725  Q10  =   0.002049  Q11c =  -0.087512  Q11s =  -0.049830
|Q2| =   1.202861  Q20  =  -0.720256  Q21c =  -0.068273  Q21s =  -0.096268
                   Q22c =  -0.268107  Q22s =   0.917767

N          x =-10.049760  y =  3.300770  z = -0.141790 angstrom
           Maximum rank =  2   Radius =  0.650 angstrom
                   Q00  =  -0.222966
|Q1| =   0.565749  Q10  =   0.029983  Q11c =  -0.354172  Q11s =  -0.440154
|Q2| =   0.620439  Q20  =  -0.335459  Q21c =  -0.032851  Q21s =  -0.053296
                   Q22c =  -0.243483  Q22s =   0.457393

C          x = -7.230660  y = -0.098580  z =  0.014240 angstrom
           Maximum rank =  2   Radius =  0.650 angstrom
                   Q00  =  -0.300212
|Q1| =   0.458002  Q10  =  -0.020945  Q11c =  -0.207725  Q11s =  -0.407648
|Q2| =   1.428862  Q20  =  -1.178192  Q21c =  -0.041049  Q21s =   0.053895
                   Q22c =   0.524722  Q22s =  -0.611219

S          x = -6.157790  y =  1.309720  z =  0.062430 angstrom
           Maximum rank =  2   Radius =  0.650 angstrom
                   Q00  =   0.716352
|Q1| =   1.082441  Q10  =  -0.056363  Q11c =   0.223798  Q11s =  -1.057552
|Q2| =   2.315030  Q20  =  -2.114402  Q21c =  -0.058720  Q21s =   0.053760
                   Q22c =   0.900556  Q22s =   0.267075

C          x = -6.508880  y = -1.278960  z = -0.042720 angstrom
           Maximum rank =  2   Radius =  0.650 angstrom
                   Q00  =  -0.016357
|Q1| =   0.079392  Q10  =   0.002685  Q11c =  -0.012377  Q11s =   0.078376
|Q2| =   1.385917  Q20  =  -1.345556  Q21c =  -0.010407  Q21s =   0.092519
                   Q22c =   0.023123  Q22s =   0.317870

H          x = -6.991540  y = -2.241940  z = -0.081160 angstrom
           Maximum rank =  1   Radius =  0.350 angstrom
                   Q00  =   0.122374
|Q1| =   0.070537  Q10  =   0.005916  Q11c =  -0.034418  Q11s =   0.061285

C          x = -5.132720  y = -1.043000  z = -0.042080 angstrom
           Maximum rank =  2   Radius =  0.650 angstrom
                   Q00  =  -0.337796
|Q1| =   0.541739  Q10  =   0.016401  Q11c =  -0.306399  Q11s =   0.446466
|Q2| =   1.340519  Q20  =  -1.169927  Q21c =   0.009009  Q21s =   0.065389
                   Q22c =   0.351117  Q22s =   0.548290

C          x = -4.770300  y =  0.305840  z =  0.012110 angstrom
           Maximum rank =  2   Radius =  0.650 angstrom
                   Q00  =  -0.345437
|Q1| =   0.546474  Q10  =  -0.044963  Q11c =   0.372384  Q11s =  -0.397420
|Q2| =   1.418654  Q20  =  -1.271041  Q21c =   0.016223  Q21s =   0.049379
                   Q22c =   0.307786  Q22s =   0.547357

S          x = -3.737140  y = -2.093750  z = -0.092850 angstrom
           Maximum rank =  2   Radius =  0.650 angstrom
                   Q00  =   0.729501
|Q1| =   1.125565  Q10  =   0.050286  Q11c =  -0.152691  Q11s =   1.114026
|Q2| =   2.286022  Q20  =  -2.104509  Q21c =   0.007173  Q21s =   0.124440
                   Q22c =   0.833245  Q22s =   0.295133

C          x = -3.370730  y =  0.492570  z =  0.027340 angstrom
           Maximum rank =  2   Radius =  0.650 angstrom
                   Q00  =  -0.064639
|Q1| =   0.097748  Q10  =  -0.052782  Q11c =   0.076150  Q11s =  -0.031142
|Q2| =   1.261401  Q20  =  -1.235318  Q21c =   0.006156  Q21s =   0.055518
                   Q22c =   0.122632  Q22s =   0.216712

C          x = -2.709780  y = -0.702500  z = -0.027820 angstrom
           Maximum rank =  2   Radius =  0.650 angstrom
                   Q00  =  -0.323769
|Q1| =   0.619917  Q10  =   0.013891  Q11c =   0.227387  Q11s =   0.576541
|Q2| =   1.362262  Q20  =  -1.231716  Q21c =  -0.011626  Q21s =   0.064319
                   Q22c =   0.505420  Q22s =  -0.280915

C          x = -1.274770  y = -0.497630  z = -0.023400 angstrom
           Maximum rank =  2   Radius =  0.650 angstrom
                   Q00  =  -0.024274
|Q1| =   0.121188  Q10  =   0.011240  Q11c =   0.009273  Q11s =   0.120309
|Q2| =   1.278507  Q20  =  -1.236821  Q21c =  -0.007698  Q21s =   0.077587
                   Q22c =   0.170793  Q22s =  -0.263825

C          x = -1.063920  y =  0.892640  z =  0.021940 angstrom
           Maximum rank =  2   Radius =  0.650 angstrom
                   Q00  =  -0.036016
|Q1| =   0.089025  Q10  =   0.040950  Q11c =  -0.049285  Q11s =  -0.061803
|Q2| =   1.233947  Q20  =  -1.220161  Q21c =  -0.000995  Q21s =   0.086893
                   Q22c =   0.161959  Q22s =  -0.007094

C          x = -2.396660  y =  1.659580  z =  0.055850 angstrom
           Maximum rank =  2   Radius =  0.650 angstrom
                   Q00  =  -0.006755
|Q1| =   0.063240  Q10  =  -0.000925  Q11c =   0.000699  Q11s =  -0.063229
|Q2| =   0.176678  Q20  =   0.003052  Q21c =   0.082889  Q21s =   0.022874
                   Q22c =  -0.145260  Q22s =  -0.052070

C          x =  0.217680  y =  1.402410  z =  0.049330 angstrom
           Maximum rank =  2   Radius =  0.650 angstrom
                   Q00  =  -0.014122
|Q1| =   0.104978  Q10  =   0.023275  Q11c =  -0.016719  Q11s =  -0.100990
|Q2| =   1.438517  Q20  =  -1.432899  Q21c =  -0.007925  Q21s =   0.120840
                   Q22c =   0.005611  Q22s =  -0.037853

H          x =  0.397420  y =  2.469700  z =  0.089660 angstrom
           Maximum rank =  1   Radius =  0.350 angstrom
                   Q00  =   0.084514
|Q1| =   0.103098  Q10  =   0.001496  Q11c =  -0.038378  Q11s =  -0.095677

C          x =  1.274810  y =  0.497580  z =  0.023530 angstrom
           Maximum rank =  2   Radius =  0.650 angstrom
                   Q00  =  -0.024261
|Q1| =   0.121155  Q10  =  -0.010708  Q11c =  -0.009270  Q11s =  -0.120324
|Q2| =   1.278453  Q20  =  -1.236763  Q21c =  -0.007714  Q21s =   0.077685
                   Q22c =   0.170787  Q22s =  -0.263811

C          x = -0.217640  y = -1.402460  z = -0.049200 angstrom
           Maximum rank =  2   Radius =  0.650 angstrom
                   Q00  =  -0.014159
|Q1| =   0.104845  Q10  =  -0.022660  Q11c =   0.016705  Q11s =   0.100995
|Q2| =   1.438617  Q20  =  -1.433019  Q21c =  -0.008075  Q21s =   0.120617
                   Q22c =   0.005575  Q22s =  -0.037849

H          x = -0.397380  y = -2.469760  z = -0.089540 angstrom
           Maximum rank =  1   Radius =  0.350 angstrom
                   Q00  =   0.084491
|Q1| =   0.103099  Q10  =  -0.001396  Q11c =   0.038384  Q11s =   0.095677

C          x =  1.063950  y = -0.892690  z = -0.021810 angstrom
           Maximum rank =  2   Radius =  0.650 angstrom
                   Q00  =  -0.036034
|Q1| =   0.088792  Q10  =  -0.040436  Q11c =   0.049304  Q11s =   0.061790
|Q2| =   1.234081  Q20  =  -1.220288  Q21c =  -0.001038  Q21s =   0.086928
                   Q22c =   0.162000  Q22s =  -0.007110

C          x =  2.396690  y = -1.659630  z = -0.055710 angstrom
           Maximum rank =  2   Radius =  0.650 angstrom
                   Q00  =  -0.006758
|Q1| =   0.063258  Q10  =   0.000939  Q11c =  -0.000678  Q11s =   0.063247
|Q2| =   0.176659  Q20  =   0.003109  Q21c =   0.082803  Q21s =   0.023345
                   Q22c =  -0.145184  Q22s =  -0.052145

C          x =  2.709820  y =  0.702440  z =  0.027930 angstrom
           Maximum rank =  2   Radius =  0.650 angstrom
                   Q00  =  -0.323750
|Q1| =   0.619937  Q10  =  -0.013246  Q11c =  -0.227393  Q11s =  -0.576575
|Q2| =   1.362214  Q20  =  -1.231635  Q21c =  -0.011546  Q21s =   0.064632
                   Q22c =   0.505422  Q22s =  -0.280963

C          x =  3.370760  y = -0.492630  z = -0.027220 angstrom
           Maximum rank =  2   Radius =  0.650 angstrom
                   Q00  =  -0.064638
|Q1| =   0.098016  Q10  =   0.053288  Q11c =  -0.076143  Q11s =   0.031141
|Q2| =   1.261234  Q20  =  -1.235145  Q21c =   0.006111  Q21s =   0.055570
                   Q22c =   0.122637  Q22s =   0.216705

S          x =  3.737190  y =  2.093700  z =  0.092940 angstrom
           Maximum rank =  2   Radius =  0.650 angstrom
                   Q00  =   0.729564
|Q1| =   1.125454  Q10  =  -0.049186  Q11c =   0.152686  Q11s =  -1.113963
|Q2| =   2.285903  Q20  =  -2.104365  Q21c =   0.007028  Q21s =   0.125330
                   Q22c =   0.833167  Q22s =   0.295093

C          x =  4.770330  y = -0.305900  z = -0.012020 angstrom
           Maximum rank =  2   Radius =  0.650 angstrom
                   Q00  =  -0.345437
|Q1| =   0.546503  Q10  =   0.045596  Q11c =  -0.372380  Q11s =   0.397391
|Q2| =   1.418649  Q20  =  -1.271040  Q21c =   0.016392  Q21s =   0.049232
                   Q22c =   0.307798  Q22s =   0.547346

S          x =  6.157820  y = -1.309790  z = -0.062350 angstrom
           Maximum rank =  2   Radius =  0.650 angstrom
                   Q00  =   0.716318
|Q1| =   1.082524  Q10  =   0.057449  Q11c =  -0.223791  Q11s =   1.057580
|Q2| =   2.315044  Q20  =  -2.114422  Q21c =  -0.058473  Q21s =   0.053045
                   Q22c =   0.900615  Q22s =   0.267032

C          x =  5.132760  y =  1.042940  z =  0.042160 angstrom
           Maximum rank =  2   Radius =  0.650 angstrom
                   Q00  =  -0.337781
|Q1| =   0.541737  Q10  =  -0.015758  Q11c =   0.306405  Q11s =  -0.446483
|Q2| =   1.340482  Q20  =  -1.169870  Q21c =   0.008859  Q21s =   0.065671
                   Q22c =   0.351107  Q22s =   0.548297

C          x =  6.508920  y =  1.278890  z =  0.042770 angstrom
           Maximum rank =  2   Radius =  0.650 angstrom
                   Q00  =  -0.016349
|Q1| =   0.079400  Q10  =  -0.002030  Q11c =   0.012380  Q11s =  -0.078403
|Q2| =   1.385874  Q20  =  -1.345498  Q21c =  -0.010403  Q21s =   0.092778
                   Q22c =   0.023141  Q22s =   0.317857

H          x =  6.991590  y =  2.241870  z =  0.081190 angstrom
           Maximum rank =  1   Radius =  0.350 angstrom
                   Q00  =   0.122391
|Q1| =   0.070523  Q10  =  -0.005814  Q11c =   0.034423  Q11s =  -0.061277

C          x =  7.230690  y =  0.098500  z = -0.014200 angstrom
           Maximum rank =  2   Radius =  0.650 angstrom
                   Q00  =  -0.300214
|Q1| =   0.458027  Q10  =   0.021601  Q11c =   0.207734  Q11s =   0.407638
|Q2| =   1.428847  Q20  =  -1.178197  Q21c =  -0.041146  Q21s =   0.053695
                   Q22c =   0.524711  Q22s =  -0.611193

C          x =  8.621730  y = -0.199110  z = -0.027600 angstrom
           Maximum rank =  2   Radius =  0.650 angstrom
                   Q00  =   0.013996
|Q1| =   0.044240  Q10  =   0.000457  Q11c =   0.037824  Q11s =   0.022942
|Q2| =   1.362385  Q20  =  -1.356746  Q21c =  -0.010767  Q21s =   0.030389
                   Q22c =   0.119207  Q22s =  -0.009180

H          x =  8.799290  y = -1.266240  z = -0.053410 angstrom
           Maximum rank =  1   Radius =  0.350 angstrom
                   Q00  =   0.090889
|Q1| =   0.068975  Q10  =   0.007244  Q11c =   0.025965  Q11s =   0.063489

C          x =  9.747480  y =  0.575120  z = -0.020760 angstrom
           Maximum rank =  2   Radius =  0.650 angstrom
                   Q00  =  -0.055997
|Q1| =   0.059121  Q10  =  -0.003097  Q11c =   0.040998  Q11s =   0.042484
|Q2| =   1.319523  Q20  =  -1.298404  Q21c =  -0.019543  Q21s =   0.001308
                   Q22c =   0.121158  Q22s =   0.200561

C          x = 11.130140  y =  0.070290  z = -0.040810 angstrom
           Maximum rank =  2   Radius =  0.650 angstrom
                   Q00  =   0.031094
|Q1| =   0.043992  Q10  =   0.001718  Q11c =   0.010605  Q11s =   0.042660
|Q2| =   1.161041  Q20  =  -1.124797  Q21c =  -0.035231  Q21s =  -0.065383
                   Q22c =  -0.217739  Q22s =  -0.172977

C          x =  9.816960  y =  2.055850  z = -0.024360 angstrom
           Maximum rank =  2   Radius =  0.650 angstrom
                   Q00  =   0.196363
|Q1| =   0.032346  Q10  =   0.000422  Q11c =  -0.020934  Q11s =   0.024654
|Q2| =   0.756340  Q20  =  -0.714684  Q21c =  -0.042993  Q21s =   0.006325
                   Q22c =   0.060591  Q22s =  -0.236044

O          x =  8.915000  y =  2.863400  z =  0.005830 angstrom
           Maximum rank =  2   Radius =  0.650 angstrom
                   Q00  =  -0.387980
|Q1| =   0.490037  Q10  =  -0.011349  Q11c =   0.371785  Q11s =  -0.319034
|Q2| =   0.929431  Q20  =  -0.205291  Q21c =  -0.012848  Q21s =   0.034571
                   Q22c =   0.121125  Q22s =  -0.897589

C          x = 12.027280  y =  1.251960  z = -0.095150 angstrom
           Maximum rank =  2   Radius =  0.650 angstrom
                   Q00  =  -0.021879
|Q1| =   0.076066  Q10  =   0.003677  Q11c =  -0.062472  Q11s =   0.043241
|Q2| =   1.247931  Q20  =  -1.231921  Q21c =  -0.088596  Q21s =  -0.036077
                   Q22c =   0.129808  Q22s =   0.117052

C          x = 11.251660  y =  2.407230  z = -0.079570 angstrom
           Maximum rank =  2   Radius =  0.650 angstrom
                   Q00  =  -0.041835
|Q1| =   0.064083  Q10  =   0.000599  Q11c =   0.011928  Q11s =  -0.062961
|Q2| =   1.238967  Q20  =  -1.225862  Q21c =  -0.076537  Q21s =  -0.030954
                   Q22c =  -0.045207  Q22s =   0.153107

C          x = 13.415280  y =  1.365480  z = -0.150830 angstrom
           Maximum rank =  2   Radius =  0.650 angstrom
                   Q00  =   0.007391
|Q1| =   0.071939  Q10  =   0.000259  Q11c =  -0.023709  Q11s =   0.067919
|Q2| =   1.433329  Q20  =  -1.428326  Q21c =  -0.097835  Q21s =  -0.034738
                   Q22c =  -0.008539  Q22s =  -0.058883

H          x = 14.093050  y =  0.526100  z = -0.167790 angstrom
           Maximum rank =  1   Radius =  0.350 angstrom
                   Q00  =   0.112088
|Q1| =   0.062460  Q10  =   0.003738  Q11c =  -0.054435  Q11s =   0.030398

C          x = 13.955540  y =  2.633620  z = -0.187950 angstrom
           Maximum rank =  2   Radius =  0.650 angstrom
                   Q00  =   0.178622
|Q1| =   0.158644  Q10  =  -0.005971  Q11c =   0.146542  Q11s =   0.060481
|Q2| =   1.048810  Q20  =  -1.042357  Q21c =  -0.076228  Q21s =  -0.023847
                   Q22c =   0.065809  Q22s =   0.052755

F          x = 15.277210  y =  2.787840  z = -0.243440 angstrom
           Maximum rank =  2   Radius =  0.650 angstrom
                   Q00  =  -0.203043
|Q1| =   0.222640  Q10  =   0.009289  Q11c =  -0.222379  Q11s =   0.005435
|Q2| =   0.696014  Q20  =  -0.308322  Q21c =  -0.048138  Q21s =  -0.004512
                   Q22c =   0.609972  Q22s =   0.122352

C          x = 11.790230  y =  3.679160  z = -0.114440 angstrom
           Maximum rank =  2   Radius =  0.650 angstrom
                   Q00  =   0.023635
|Q1| =   0.066737  Q10  =  -0.000426  Q11c =   0.039451  Q11s =  -0.053827
|Q2| =   1.374891  Q20  =  -1.371053  Q21c =  -0.091770  Q21s =  -0.024384
                   Q22c =  -0.005506  Q22s =  -0.038635

H          x = 11.162790  y =  4.560880  z = -0.099900 angstrom
           Maximum rank =  1   Radius =  0.350 angstrom
                   Q00  =   0.099724
|Q1| =   0.084879  Q10  =  -0.000533  Q11c =   0.035887  Q11s =  -0.076917

C          x = 13.161660  y =  3.779020  z = -0.169320 angstrom
           Maximum rank =  2   Radius =  0.650 angstrom
                   Q00  =   0.175898
|Q1| =   0.153977  Q10  =  -0.005335  Q11c =   0.109211  Q11s =   0.108414
|Q2| =   1.053092  Q20  =  -1.043967  Q21c =  -0.071646  Q21s =  -0.025323
                   Q22c =  -0.025964  Q22s =   0.112637

F          x = 13.760230  y =  4.967390  z = -0.206680 angstrom
           Maximum rank =  2   Radius =  0.650 angstrom
                   Q00  =  -0.204278
|Q1| =   0.222957  Q10  =   0.005351  Q11c =  -0.068701  Q11s =  -0.212041
|Q2| =   0.699245  Q20  =  -0.304867  Q21c =  -0.010785  Q21s =  -0.029889
                   Q22c =  -0.398279  Q22s =   0.486173

C          x = 11.566050  y = -1.223010  z = -0.001230 angstrom
           Maximum rank =  2   Radius =  0.650 angstrom
                   Q00  =  -0.016931
|Q1| =   0.026576  Q10  =   0.003590  Q11c =   0.012855  Q11s =  -0.022982
|Q2| =   1.299787  Q20  =  -1.288625  Q21c =  -0.064002  Q21s =  -0.095942
                   Q22c =  -0.107050  Q22s =  -0.064271

C          x = 12.947900  y = -1.578790  z = -0.027210 angstrom
           Maximum rank =  2   Radius =  0.650 angstrom
                   Q00  =   0.058976
|Q1| =   0.106586  Q10  =   0.004738  Q11c =  -0.106028  Q11s =  -0.009801
|Q2| =   1.206413  Q20  =  -0.718987  Q21c =  -0.042817  Q21s =  -0.000369
                   Q22c =   0.829763  Q22s =  -0.498147

N          x = 14.051540  y = -1.898490  z = -0.047880 angstrom
           Maximum rank =  2   Radius =  0.650 angstrom
                   Q00  =  -0.219321
|Q1| =   0.560304  Q10  =   0.012288  Q11c =  -0.545661  Q11s =   0.126661
|Q2| =   0.617005  Q20  =  -0.344052  Q21c =  -0.016885  Q21s =   0.002595
                   Q22c =   0.401156  Q22s =  -0.317970

C          x = 10.709810  y = -2.361690  z =  0.077590 angstrom
           Maximum rank =  2   Radius =  0.650 angstrom
                   Q00  =   0.057960
|Q1| =   0.100745  Q10  =  -0.001385  Q11c =   0.087529  Q11s =   0.049863
|Q2| =   1.202869  Q20  =  -0.720272  Q21c =  -0.068284  Q21s =  -0.096217
                   Q22c =  -0.268154  Q22s =   0.917755

N          x = 10.049860  y = -3.300830  z =  0.141630 angstrom
           Maximum rank =  2   Radius =  0.650 angstrom
                   Q00  =  -0.222890
|Q1| =   0.565700  Q10  =  -0.029270  Q11c =   0.354155  Q11s =   0.440153
|Q2| =   0.620421  Q20  =  -0.335398  Q21c =  -0.033075  Q21s =  -0.053583
                   Q22c =  -0.243499  Q22s =   0.457355

C          x =  2.633000  y = -2.519310  z =  1.195490 angstrom
           Maximum rank =  2   Radius =  0.650 angstrom
                   Q00  =  -0.062925
|Q1| =   0.078653  Q10  =   0.003316  Q11c =   0.052981  Q11s =   0.058037
|Q2| =   1.300004  Q20  =   0.531693  Q21c =  -0.395638  Q21s =  -0.543808
                   Q22c =  -0.115264  Q22s =  -0.970448

C          x =  3.620390  y = -3.503710  z =  1.190910 angstrom
           Maximum rank =  2   Radius =  0.650 angstrom
                   Q00  =  -0.053759
|Q1| =   0.103270  Q10  =   0.034587  Q11c =  -0.082671  Q11s =   0.051321
|Q2| =   1.485100  Q20  =   0.704211  Q21c =  -0.454166  Q21s =  -0.420489
                   Q22c =  -0.031540  Q22s =  -1.151319

H          x =  4.164810  y = -3.718100  z =  0.279350 angstrom
           Maximum rank =  1   Radius =  0.350 angstrom
                   Q00  =   0.078830
|Q1| =   0.100337  Q10  =   0.053214  Q11c =  -0.071376  Q11s =   0.046273

C          x =  3.909960  y = -4.229130  z =  2.334390 angstrom
           Maximum rank =  2   Radius =  0.650 angstrom
                   Q00  =  -0.030643
|Q1| =   0.076511  Q10  =   0.008302  Q11c =  -0.059965  Q11s =   0.046788
|Q2| =   1.415326  Q20  =   0.463967  Q21c =  -0.433152  Q21s =  -0.423578
                   Q22c =  -0.024800  Q22s =  -1.191732

H          x =  4.686020  y = -4.986030  z =  2.299100 angstrom
           Maximum rank =  1   Radius =  0.350 angstrom
                   Q00  =   0.052479
|Q1| =   0.112841  Q10  =   0.003899  Q11c =  -0.077946  Q11s =   0.081501

C          x =  3.225440  y = -4.001950  z =  3.525610 angstrom
           Maximum rank =  2   Radius =  0.650 angstrom
                   Q00  =  -0.074820
|Q1| =   0.121531  Q10  =  -0.099656  Q11c =  -0.021910  Q11s =   0.066017
|Q2| =   1.139205  Q20  =   0.477106  Q21c =  -0.318171  Q21s =  -0.417352
                   Q22c =  -0.029899  Q22s =  -0.890981

C          x =  2.247210  y = -3.014860  z =  3.529140 angstrom
           Maximum rank =  2   Radius =  0.650 angstrom
                   Q00  =  -0.031558
|Q1| =   0.074618  Q10  =  -0.058729  Q11c =   0.042082  Q11s =  -0.018652
|Q2| =   1.401192  Q20  =   0.592555  Q21c =  -0.520461  Q21s =  -0.374951
                   Q22c =   0.009489  Q22s =  -1.095746

H          x =  1.700880  y = -2.808060  z =  4.442970 angstrom
           Maximum rank =  1   Radius =  0.350 angstrom
                   Q00  =   0.046555
|Q1| =   0.116296  Q10  =  -0.098653  Q11c =   0.057798  Q11s =  -0.021253

C          x =  1.954960  y = -2.283440  z =  2.386300 angstrom
           Maximum rank =  2   Radius =  0.650 angstrom
                   Q00  =  -0.034435
|Q1| =   0.097192  Q10  =  -0.060344  Q11c =   0.071967  Q11s =  -0.025011
|Q2| =   1.464738  Q20  =   0.491956  Q21c =  -0.366988  Q21s =  -0.499046
                   Q22c =  -0.021891  Q22s =  -1.232570

H          x =  1.190870  y = -1.518230  z =  2.432780 angstrom
           Maximum rank =  1   Radius =  0.350 angstrom
                   Q00  =   0.076261
|Q1| =   0.099068  Q10  =  -0.059472  Q11c =   0.061303  Q11s =  -0.050195

C          x =  2.464880  y = -2.467780  z = -1.358090 angstrom
           Maximum rank =  2   Radius =  0.650 angstrom
                   Q00  =  -0.062170
|Q1| =   0.065444  Q10  =   0.000720  Q11c =  -0.054669  Q11s =   0.035968
|Q2| =   1.281949  Q20  =   0.559616  Q21c =  -0.505329  Q21s =   0.364045
                   Q22c =  -0.674827  Q22s =   0.697815

C          x =  3.035390  y = -1.941270  z = -2.510790 angstrom
           Maximum rank =  2   Radius =  0.650 angstrom
                   Q00  =  -0.037246
|Q1| =   0.101048  Q10  =   0.057815  Q11c =  -0.063859  Q11s =  -0.052822
|Q2| =   1.481897  Q20  =   0.547032  Q21c =  -0.471692  Q21s =   0.354431
                   Q22c =  -0.789128  Q22s =   0.962256

H          x =  3.494200  y = -0.960720  z = -2.487730 angstrom
           Maximum rank =  1   Radius =  0.350 angstrom
                   Q00  =   0.077969
|Q1| =   0.100164  Q10  =   0.054663  Q11c =  -0.040355  Q11s =  -0.073595

C          x =  3.022730  y = -2.653400  z = -3.702620 angstrom
           Maximum rank =  2   Radius =  0.650 angstrom
                   Q00  =  -0.031114
|Q1| =   0.076025  Q10  =   0.059464  Q11c =  -0.029198  Q11s =  -0.037299
|Q2| =   1.399377  Q20  =   0.600545  Q21c =  -0.580537  Q21s =   0.165441
                   Q22c =  -0.675010  Q22s =   0.881799

H          x =  3.478410  y = -2.216710  z = -4.584550 angstrom
           Maximum rank =  1   Radius =  0.350 angstrom
                   Q00  =   0.047690
|Q1| =   0.115907  Q10  =   0.095346  Q11c =  -0.046887  Q11s =  -0.046317

C          x =  2.440500  y = -3.911800  z = -3.785360 angstrom
           Maximum rank =  2   Radius =  0.650 angstrom
                   Q00  =  -0.075774
|Q1| =   0.122054  Q10  =   0.104986  Q11c =   0.002899  Q11s =   0.062181
|Q2| =   1.141621  Q20  =   0.501912  Q21c =  -0.411377  Q21s =   0.274443
                   Q22c =  -0.577340  Q22s =   0.688123

C          x =  1.864670  y = -4.435070  z = -2.629500 angstrom
           Maximum rank =  2   Radius =  0.650 angstrom
                   Q00  =  -0.031434
|Q1| =   0.075941  Q10  =  -0.005447  Q11c =   0.041563  Q11s =   0.063324
|Q2| =   1.407052  Q20  =   0.475665  Q21c =  -0.496967  Q21s =   0.254156
                   Q22c =  -0.764853  Q22s =   0.925725

H          x =  1.400520  y = -5.415040  z = -2.661190 angstrom
           Maximum rank =  1   Radius =  0.350 angstrom
                   Q00  =   0.048595
|Q1| =   0.115388  Q10  =   0.001499  Q11c =   0.050063  Q11s =   0.103952

C          x =  1.877630  y = -3.730030  z = -1.438340 angstrom
           Maximum rank =  2   Radius =  0.650 angstrom
                   Q00  =  -0.051488
|Q1| =   0.104979  Q10  =  -0.031802  Q11c =   0.061152  Q11s =   0.079181
|Q2| =   1.476579  Q20  =   0.723983  Q21c =  -0.496578  Q21s =   0.198929
                   Q22c =  -0.756833  Q22s =   0.892848

H          x =  1.437440  y = -4.176190  z = -0.554870 angstrom
           Maximum rank =  1   Radius =  0.350 angstrom
                   Q00  =   0.074389
|Q1| =   0.106064  Q10  =  -0.049147  Q11c =   0.060929  Q11s =   0.071567

C          x = -2.464860  y =  2.467710  z =  1.358240 angstrom
           Maximum rank =  2   Radius =  0.650 angstrom
                   Q00  =  -0.062579
|Q1| =   0.065610  Q10  =  -0.000622  Q11c =   0.054822  Q11s =  -0.036040
|Q2| =   1.282919  Q20  =   0.560197  Q21c =  -0.505575  Q21s =   0.364408
                   Q22c =  -0.675632  Q22s =   0.697985

C          x = -1.877800  y =  3.730080  z =  1.438400 angstrom
           Maximum rank =  2   Radius =  0.650 angstrom
                   Q00  =  -0.051806
|Q1| =   0.105051  Q10  =   0.032002  Q11c =  -0.061060  Q11s =  -0.079266
|Q2| =   1.477469  Q20  =   0.724540  Q21c =  -0.496707  Q21s =   0.198792
                   Q22c =  -0.757542  Q22s =   0.893226

H          x = -1.437780  y =  4.176290  z =  0.554870 angstrom
           Maximum rank =  1   Radius =  0.350 angstrom
                   Q00  =   0.074090
|Q1| =   0.106254  Q10  =   0.049328  Q11c =  -0.061009  Q11s =  -0.071655

C          x = -1.864880  y =  4.435150  z =  2.629510 angstrom
           Maximum rank =  2   Radius =  0.650 angstrom
                   Q00  =  -0.031363
|Q1| =   0.075903  Q10  =   0.005712  Q11c =  -0.041401  Q11s =  -0.063361
|Q2| =   1.406814  Q20  =   0.475757  Q21c =  -0.496486  Q21s =   0.254439
                   Q22c =  -0.765056  Q22s =   0.925328

H          x = -1.400900  y =  5.415220  z =  2.661120 angstrom
           Maximum rank =  1   Radius =  0.350 angstrom
                   Q00  =   0.048701
|Q1| =   0.115313  Q10  =  -0.001327  Q11c =  -0.050018  Q11s =  -0.103892

C          x = -2.440540  y =  3.911820  z =  3.785450 angstrom
           Maximum rank =  2   Radius =  0.650 angstrom
                   Q00  =  -0.075334
|Q1| =   0.122049  Q10  =  -0.104880  Q11c =  -0.002792  Q11s =  -0.062355
|Q2| =   1.140221  Q20  =   0.501352  Q21c =  -0.410871  Q21s =   0.273597
                   Q22c =  -0.576800  Q22s =   0.687300

C          x = -3.022590  y =  2.653360  z =  3.702800 angstrom
           Maximum rank =  2   Radius =  0.650 angstrom
                   Q00  =  -0.030764
|Q1| =   0.075852  Q10  =  -0.059242  Q11c =   0.029300  Q11s =   0.037222
|Q2| =   1.397960  Q20  =   0.600186  Q21c =  -0.579782  Q21s =   0.165072
                   Q22c =  -0.674565  Q22s =   0.880702

H          x = -3.478180  y =  2.216640  z =  4.584750 angstrom
           Maximum rank =  1   Radius =  0.350 angstrom
                   Q00  =   0.048123
|Q1| =   0.115522  Q10  =  -0.094995  Q11c =   0.046767  Q11s =   0.046196

C          x = -3.035230  y =  1.941170  z =  2.510970 angstrom
           Maximum rank =  2   Radius =  0.650 angstrom
                   Q00  =  -0.037225
|Q1| =   0.100949  Q10  =  -0.057592  Q11c =   0.063936  Q11s =   0.052783
|Q2| =   1.481801  Q20  =   0.547032  Q21c =  -0.471863  Q21s =   0.353802
                   Q22c =  -0.789318  Q22s =   0.962099

H          x = -3.493910  y =  0.960560  z =  2.487980 angstrom
           Maximum rank =  1   Radius =  0.350 angstrom
                   Q00  =   0.077981
|Q1| =   0.100071  Q10  =  -0.054535  Q11c =   0.040322  Q11s =   0.073581

C          x = -2.632970  y =  2.519300  z = -1.195320 angstrom
           Maximum rank =  2   Radius =  0.650 angstrom
                   Q00  =  -0.062548
|Q1| =   0.078433  Q10  =  -0.003174  Q11c =  -0.052858  Q11s =  -0.057860
|Q2| =   1.299088  Q20  =   0.531380  Q21c =  -0.395510  Q21s =  -0.542974
                   Q22c =  -0.115604  Q22s =  -0.969873

C          x = -3.620100  y =  3.503950  z = -1.190570 angstrom
           Maximum rank =  2   Radius =  0.650 angstrom
                   Q00  =  -0.053468
|Q1| =   0.103211  Q10  =  -0.034424  Q11c =   0.082709  Q11s =  -0.051251
|Q2| =   1.484344  Q20  =   0.704008  Q21c =  -0.453700  Q21s =  -0.420015
                   Q22c =  -0.032418  Q22s =  -1.150801

H          x = -4.164300  y =  3.718490  z = -0.278910 angstrom
           Maximum rank =  1   Radius =  0.350 angstrom
                   Q00  =   0.079155
|Q1| =   0.100141  Q10  =  -0.053009  Q11c =   0.071288  Q11s =  -0.046221

C          x = -3.909680  y =  4.229450  z = -2.333990 angstrom
           Maximum rank =  2   Radius =  0.650 angstrom
                   Q00  =  -0.030691
|Q1| =   0.076528  Q10  =  -0.008076  Q11c =   0.060060  Q11s =  -0.046735
|Q2| =   1.415596  Q20  =   0.464241  Q21c =  -0.433537  Q21s =  -0.423008
                   Q22c =  -0.025475  Q22s =  -1.191995

H          x = -4.685530  y =  4.986560  z = -2.298560 angstrom
           Maximum rank =  1   Radius =  0.350 angstrom
                   Q00  =   0.052439
|Q1| =   0.112872  Q10  =  -0.003782  Q11c =   0.077949  Q11s =  -0.081545

C          x = -3.225420  y =  4.002100  z = -3.525330 angstrom
           Maximum rank =  2   Radius =  0.650 angstrom
                   Q00  =  -0.075245
|Q1| =   0.121532  Q10  =   0.099751  Q11c =   0.021989  Q11s =  -0.065849
|Q2| =   1.140559  Q20  =   0.477751  Q21c =  -0.318298  Q21s =  -0.417909
                   Q22c =  -0.030592  Q22s =  -0.892038

C          x = -2.247450  y =  3.014760  z = -3.529030 angstrom
           Maximum rank =  2   Radius =  0.650 angstrom
                   Q00  =  -0.031928
|Q1| =   0.074812  Q10  =   0.059001  Q11c =  -0.042001  Q11s =   0.018752
|Q2| =   1.402565  Q20  =   0.593057  Q21c =  -0.520948  Q21s =  -0.374962
                   Q22c =   0.008921  Q22s =  -1.097000

H          x = -1.701320  y =  2.807830  z = -4.442960 angstrom
           Maximum rank =  1   Radius =  0.350 angstrom
                   Q00  =   0.046092
|Q1| =   0.116700  Q10  =   0.099047  Q11c =  -0.057916  Q11s =   0.021313

C          x = -1.955180  y =  2.283260  z = -2.386240 angstrom
           Maximum rank =  2   Radius =  0.650 angstrom
                   Q00  =  -0.034476
|Q1| =   0.097292  Q10  =   0.060589  Q11c =  -0.071862  Q11s =   0.025110
|Q2| =   1.464843  Q20  =   0.492022  Q21c =  -0.366653  Q21s =  -0.499099
                   Q22c =  -0.022635  Q22s =  -1.232734

H          x = -1.191290  y =  1.517860  z = -2.432860 angstrom
           Maximum rank =  1   Radius =  0.350 angstrom
                   Q00  =   0.076223
|Q1| =   0.099179  Q10  =   0.059607  Q11c =  -0.061317  Q11s =   0.050236

C          x =  3.523350  y = -4.814000  z =  4.756640 angstrom
           Maximum rank =  2   Radius =  0.650 angstrom
                   Q00  =   0.023526
|Q1| =   0.022891  Q10  =  -0.014408  Q11c =  -0.002029  Q11s =   0.017672
|Q2| =   0.105450  Q20  =   0.065871  Q21c =   0.024860  Q21s =  -0.071531
                   Q22c =  -0.007909  Q22s =  -0.031359

H          x =  3.015400  y = -5.781840  z =  4.719010 angstrom
           Maximum rank =  1   Radius =  0.350 angstrom
                   Q00  =   0.031968
|Q1| =   0.123212  Q10  =  -0.036564  Q11c =   0.036277  Q11s =   0.111930

H          x =  3.190310  y = -4.301850  z =  5.660260 angstrom
           Maximum rank =  1   Radius =  0.350 angstrom
                   Q00  =   0.025179
|Q1| =   0.124401  Q10  =  -0.121155  Q11c =   0.020288  Q11s =  -0.019631

H          x =  4.592680  y = -5.010330  z =  4.852400 angstrom
           Maximum rank =  1   Radius =  0.350 angstrom
                   Q00  =   0.029337
|Q1| =   0.122504  Q10  =  -0.049812  Q11c =  -0.103134  Q11s =   0.043467

C          x =  2.453230  y = -4.698380  z = -5.067820 angstrom
           Maximum rank =  2   Radius =  0.650 angstrom
                   Q00  =   0.023335
|Q1| =   0.022632  Q10  =   0.015339  Q11c =  -0.001859  Q11s =   0.016537
|Q2| =   0.106052  Q20  =   0.073565  Q21c =   0.002585  Q21s =   0.071110
                   Q22c =  -0.020406  Q22s =   0.018854

H          x =  3.255930  y = -5.441090  z = -5.062270 angstrom
           Maximum rank =  1   Radius =  0.350 angstrom
                   Q00  =   0.033204
|Q1| =   0.122376  Q10  =   0.041411  Q11c =  -0.070757  Q11s =   0.090854

H          x =  2.610810  y = -4.049360  z = -5.930120 angstrom
           Maximum rank =  1   Radius =  0.350 angstrom
                   Q00  =   0.025045
|Q1| =   0.124624  Q10  =   0.119432  Q11c =  -0.013713  Q11s =  -0.032850

H          x =  1.513620  y = -5.234340  z = -5.213900 angstrom
           Maximum rank =  1   Radius =  0.350 angstrom
                   Q00  =   0.027106
|Q1| =   0.124316  Q10  =   0.055467  Q11c =   0.083868  Q11s =   0.073103

C          x = -2.453050  y =  4.698450  z =  5.067890 angstrom
           Maximum rank =  2   Radius =  0.650 angstrom
                   Q00  =   0.023362
|Q1| =   0.022414  Q10  =  -0.014985  Q11c =   0.001765  Q11s =  -0.016574
|Q2| =   0.107094  Q20  =   0.074245  Q21c =   0.002426  Q21s =   0.072067
                   Q22c =  -0.020318  Q22s =   0.018561

H          x = -3.252600  y =  5.444530  z =  5.060440 angstrom
           Maximum rank =  1   Radius =  0.350 angstrom
                   Q00  =   0.033420
|Q1| =   0.122143  Q10  =  -0.041030  Q11c =   0.070382  Q11s =  -0.091005

H          x = -1.511550  y =  5.230500  z =  5.216190 angstrom
           Maximum rank =  1   Radius =  0.350 angstrom
                   Q00  =   0.027405
|Q1| =   0.124033  Q10  =  -0.055431  Q11c =  -0.083893  Q11s =  -0.072619

H          x = -2.615330  y =  4.050090  z =  5.929800 angstrom
           Maximum rank =  1   Radius =  0.350 angstrom
                   Q00  =   0.025504
|Q1| =   0.124151  Q10  =  -0.118934  Q11c =   0.014094  Q11s =   0.032703

C          x = -3.523370  y =  4.814210  z = -4.756310 angstrom
           Maximum rank =  2   Radius =  0.650 angstrom
                   Q00  =   0.023497
|Q1| =   0.023117  Q10  =   0.014696  Q11c =   0.002067  Q11s =  -0.017724
|Q2| =   0.104455  Q20  =   0.065435  Q21c =   0.024451  Q21s =  -0.070579
                   Q22c =  -0.007786  Q22s =  -0.031452

H          x = -3.189950  y =  4.302330  z = -5.659930 angstrom
           Maximum rank =  1   Radius =  0.350 angstrom
                   Q00  =   0.024676
|Q1| =   0.124882  Q10  =   0.121627  Q11c =  -0.020381  Q11s =   0.019669

H          x = -3.015800  y =  5.782250  z = -4.718420 angstrom
           Maximum rank =  1   Radius =  0.350 angstrom
                   Q00  =   0.031759
|Q1| =   0.123432  Q10  =   0.036751  Q11c =  -0.036286  Q11s =  -0.112107

H          x = -4.592760  y =  5.010160  z = -4.852270 angstrom
           Maximum rank =  1   Radius =  0.350 angstrom
                   Q00  =   0.029115
|Q1| =   0.122753  Q10  =   0.050052  Q11c =   0.103297  Q11s =  -0.043507

Total multipoles referred to origin at
           x =   0.000000,  y =    0.000000,  z =    0.000000 angstrom
                   Q00  =   0.000007
|Q1| =   0.061687  Q10  =   0.061624  Q11c =  -0.002715  Q11s =  -0.000598
|Q2| = 242.499827  Q20  = 134.220821  Q21c =  -6.514386  Q21s =   1.623450
                   Q22c =-191.703417  Q22s =  63.211269

CPU time used:     66m56.472s          Total:     66m56.472s

Finished at 17:5:33 on 28 Jun 2021  
