                                     G D M A

                                 by Anthony Stone

                         version 2.2.11, 04 February 2015

               Distributed Multipoles from Gaussian wavefunctions


Starting at 15:25:4 on 28 Jun 2021  

s1S0



Using CI density matrix from file sN_x.fchk


                         Distributed Multipole Analysis

Standard DMA for products of primitives with exponent greater than 4.00000
Using 80-point Euler-MacLaurin radial quadrature
Using 590-point Lebedev quadrature
Becke smoothing parameter = 3

Positions and radii in angstrom
Multipole moments in atomic units, ea_0^k for rank k

C          x = -8.621700  y =  0.199040  z =  0.027630 angstrom
           Maximum rank =  2   Radius =  0.650 angstrom
                   Q00  =   0.015931
|Q1| =   0.043201  Q10  =  -0.000119  Q11c =  -0.036953  Q11s =  -0.022377
|Q2| =   1.356582  Q20  =  -1.350964  Q21c =  -0.010685  Q21s =   0.030302
                   Q22c =   0.118712  Q22s =  -0.009270

H          x = -8.799250  y =  1.266170  z =  0.053430 angstrom
           Maximum rank =  1   Radius =  0.350 angstrom
                   Q00  =   0.091215
|Q1| =   0.068843  Q10  =  -0.007169  Q11c =  -0.025941  Q11s =  -0.063364

C          x = -9.747460  y = -0.575180  z =  0.020770 angstrom
           Maximum rank =  2   Radius =  0.650 angstrom
                   Q00  =  -0.055836
|Q1| =   0.060167  Q10  =   0.003378  Q11c =  -0.042034  Q11s =  -0.042917
|Q2| =   1.318381  Q20  =  -1.297184  Q21c =  -0.019414  Q21s =   0.001350
                   Q22c =   0.121675  Q22s =   0.200642

C          x =-11.130110  y = -0.070320  z =  0.040790 angstrom
           Maximum rank =  2   Radius =  0.650 angstrom
                   Q00  =   0.032251
|Q1| =   0.044541  Q10  =  -0.001456  Q11c =  -0.009995  Q11s =  -0.043380
|Q2| =   1.157655  Q20  =  -1.121249  Q21c =  -0.035096  Q21s =  -0.065241
                   Q22c =  -0.217603  Q22s =  -0.173568

C          x = -9.816980  y = -2.055900  z =  0.024370 angstrom
           Maximum rank =  2   Radius =  0.650 angstrom
                   Q00  =   0.196597
|Q1| =   0.032149  Q10  =  -0.000154  Q11c =   0.020956  Q11s =  -0.024380
|Q2| =   0.755601  Q20  =  -0.713895  Q21c =  -0.042905  Q21s =   0.006287
                   Q22c =   0.060153  Q22s =  -0.236197

O          x = -8.915040  y = -2.863480  z = -0.005760 angstrom
           Maximum rank =  2   Radius =  0.650 angstrom
                   Q00  =  -0.387576
|Q1| =   0.489793  Q10  =   0.011565  Q11c =  -0.371801  Q11s =   0.318635
|Q2| =   0.929215  Q20  =  -0.205081  Q21c =  -0.012705  Q21s =   0.034506
                   Q22c =   0.120860  Q22s =  -0.897453

C          x =-12.027270  y = -1.251970  z =  0.095180 angstrom
           Maximum rank =  2   Radius =  0.650 angstrom
                   Q00  =  -0.022040
|Q1| =   0.075968  Q10  =  -0.003408  Q11c =   0.062395  Q11s =  -0.043202
|Q2| =   1.248152  Q20  =  -1.232120  Q21c =  -0.088676  Q21s =  -0.036129
                   Q22c =   0.129693  Q22s =   0.117358

C          x =-11.251680  y = -2.407260  z =  0.079630 angstrom
           Maximum rank =  2   Radius =  0.650 angstrom
                   Q00  =  -0.041757
|Q1| =   0.063845  Q10  =  -0.000323  Q11c =  -0.012081  Q11s =   0.062691
|Q2| =   1.238709  Q20  =  -1.225616  Q21c =  -0.076530  Q21s =  -0.031072
                   Q22c =  -0.045045  Q22s =   0.153018

C          x =-13.415280  y = -1.365450  z =  0.150880 angstrom
           Maximum rank =  2   Radius =  0.650 angstrom
                   Q00  =   0.008076
|Q1| =   0.071837  Q10  =   0.000090  Q11c =   0.023557  Q11s =  -0.067864
|Q2| =   1.430970  Q20  =  -1.425955  Q21c =  -0.097845  Q21s =  -0.034619
                   Q22c =  -0.008057  Q22s =  -0.059078

H          x =-14.093020  y = -0.526050  z =  0.167830 angstrom
           Maximum rank =  1   Radius =  0.350 angstrom
                   Q00  =   0.112408
|Q1| =   0.062204  Q10  =  -0.003671  Q11c =   0.054183  Q11s =  -0.030333

C          x =-13.955570  y = -2.633570  z =  0.188050 angstrom
           Maximum rank =  2   Radius =  0.650 angstrom
                   Q00  =   0.179245
|Q1| =   0.158668  Q10  =   0.006274  Q11c =  -0.146498  Q11s =  -0.060618
|Q2| =   1.046822  Q20  =  -1.040407  Q21c =  -0.076113  Q21s =  -0.023822
                   Q22c =   0.065291  Q22s =   0.052588

F          x =-15.277250  y = -2.787760  z =  0.243570 angstrom
           Maximum rank =  2   Radius =  0.650 angstrom
                   Q00  =  -0.202209
|Q1| =   0.222177  Q10  =  -0.009117  Q11c =   0.221923  Q11s =  -0.005438
|Q2| =   0.695767  Q20  =  -0.308143  Q21c =  -0.048112  Q21s =  -0.004482
                   Q22c =   0.609799  Q22s =   0.122272

C          x =-11.790280  y = -3.679170  z =  0.114550 angstrom
           Maximum rank =  2   Radius =  0.650 angstrom
                   Q00  =   0.024006
|Q1| =   0.066657  Q10  =   0.000751  Q11c =  -0.039365  Q11s =   0.053786
|Q2| =   1.373543  Q20  =  -1.369710  Q21c =  -0.091612  Q21s =  -0.024583
                   Q22c =  -0.005809  Q22s =  -0.038535

H          x =-11.162870  y = -4.560900  z =  0.100020 angstrom
           Maximum rank =  1   Radius =  0.350 angstrom
                   Q00  =   0.099959
|Q1| =   0.084681  Q10  =   0.000591  Q11c =  -0.035850  Q11s =   0.076716

C          x =-13.161720  y = -3.778990  z =  0.169440 angstrom
           Maximum rank =  2   Radius =  0.650 angstrom
                   Q00  =   0.176712
|Q1| =   0.154072  Q10  =   0.005644  Q11c =  -0.109404  Q11s =  -0.108337
|Q2| =   1.050724  Q20  =  -1.041634  Q21c =  -0.071489  Q21s =  -0.025336
                   Q22c =  -0.025709  Q22s =   0.112272

F          x =-13.760310  y = -4.967350  z =  0.206850 angstrom
           Maximum rank =  2   Radius =  0.650 angstrom
                   Q00  =  -0.203492
|Q1| =   0.222581  Q10  =  -0.005191  Q11c =   0.068507  Q11s =   0.211713
|Q2| =   0.699002  Q20  =  -0.304583  Q21c =  -0.010756  Q21s =  -0.029895
                   Q22c =  -0.398175  Q22s =   0.486086

C          x =-11.565990  y =  1.223000  z =  0.001170 angstrom
           Maximum rank =  2   Radius =  0.650 angstrom
                   Q00  =  -0.015765
|Q1| =   0.027305  Q10  =  -0.003312  Q11c =  -0.013203  Q11s =   0.023670
|Q2| =   1.296159  Q20  =  -1.284985  Q21c =  -0.063813  Q21s =  -0.095728
                   Q22c =  -0.107222  Q22s =  -0.064097

C          x =-12.947830  y =  1.578800  z =  0.027140 angstrom
           Maximum rank =  2   Radius =  0.650 angstrom
                   Q00  =   0.059133
|Q1| =   0.106912  Q10  =  -0.004415  Q11c =   0.106367  Q11s =   0.009840
|Q2| =   1.205833  Q20  =  -0.717956  Q21c =  -0.042802  Q21s =  -0.000317
                   Q22c =   0.829844  Q22s =  -0.498095

N          x =-14.051470  y =  1.898510  z =  0.047810 angstrom
           Maximum rank =  2   Radius =  0.650 angstrom
                   Q00  =  -0.217125
|Q1| =   0.559006  Q10  =  -0.011913  Q11c =   0.544424  Q11s =  -0.126286
|Q2| =   0.615816  Q20  =  -0.342655  Q21c =  -0.017017  Q21s =   0.002727
                   Q22c =   0.400773  Q22s =  -0.317649

C          x =-10.709730  y =  2.361650  z = -0.077700 angstrom
           Maximum rank =  2   Radius =  0.650 angstrom
                   Q00  =   0.058337
|Q1| =   0.101183  Q10  =   0.001720  Q11c =  -0.088082  Q11s =  -0.049765
|Q2| =   1.201865  Q20  =  -0.719142  Q21c =  -0.068213  Q21s =  -0.096194
                   Q22c =  -0.267938  Q22s =   0.917397

N          x =-10.049760  y =  3.300770  z = -0.141790 angstrom
           Maximum rank =  2   Radius =  0.650 angstrom
                   Q00  =  -0.221653
|Q1| =   0.565081  Q10  =   0.029586  Q11c =  -0.354171  Q11s =  -0.439321
|Q2| =   0.619571  Q20  =  -0.334240  Q21c =  -0.032928  Q21s =  -0.053347
                   Q22c =  -0.243611  Q22s =   0.457028

C          x = -7.230660  y = -0.098580  z =  0.014240 angstrom
           Maximum rank =  2   Radius =  0.650 angstrom
                   Q00  =  -0.300850
|Q1| =   0.458016  Q10  =  -0.021264  Q11c =  -0.208354  Q11s =  -0.407327
|Q2| =   1.430231  Q20  =  -1.179424  Q21c =  -0.041115  Q21s =   0.053886
                   Q22c =   0.525363  Q22s =  -0.611490

S          x = -6.157790  y =  1.309720  z =  0.062430 angstrom
           Maximum rank =  2   Radius =  0.650 angstrom
                   Q00  =   0.717266
|Q1| =   1.081621  Q10  =  -0.056850  Q11c =   0.223708  Q11s =  -1.056705
|Q2| =   2.311531  Q20  =  -2.111096  Q21c =  -0.058463  Q21s =   0.053403
                   Q22c =   0.899449  Q22s =   0.266779

C          x = -6.508880  y = -1.278960  z = -0.042720 angstrom
           Maximum rank =  2   Radius =  0.650 angstrom
                   Q00  =  -0.015347
|Q1| =   0.078815  Q10  =   0.002323  Q11c =  -0.011878  Q11s =   0.077880
|Q2| =   1.382907  Q20  =  -1.342470  Q21c =  -0.010310  Q21s =   0.092444
                   Q22c =   0.022765  Q22s =   0.317861

H          x = -6.991540  y = -2.241940  z = -0.081160 angstrom
           Maximum rank =  1   Radius =  0.350 angstrom
                   Q00  =   0.122603
|Q1| =   0.070399  Q10  =   0.005854  Q11c =  -0.034384  Q11s =   0.061151

C          x = -5.132720  y = -1.043000  z = -0.042080 angstrom
           Maximum rank =  2   Radius =  0.650 angstrom
                   Q00  =  -0.338126
|Q1| =   0.541813  Q10  =   0.016071  Q11c =  -0.306798  Q11s =   0.446293
|Q2| =   1.341467  Q20  =  -1.170741  Q21c =   0.008963  Q21s =   0.065578
                   Q22c =   0.351376  Q22s =   0.548683

C          x = -4.770300  y =  0.305840  z =  0.012110 angstrom
           Maximum rank =  2   Radius =  0.650 angstrom
                   Q00  =  -0.345056
|Q1| =   0.546725  Q10  =  -0.045289  Q11c =   0.372888  Q11s =  -0.397256
|Q2| =   1.417930  Q20  =  -1.270243  Q21c =   0.016296  Q21s =   0.049248
                   Q22c =   0.307892  Q22s =   0.547286

S          x = -3.737140  y = -2.093750  z = -0.092850 angstrom
           Maximum rank =  2   Radius =  0.650 angstrom
                   Q00  =   0.729846
|Q1| =   1.125168  Q10  =   0.049720  Q11c =  -0.152630  Q11s =   1.113659
|Q2| =   2.284866  Q20  =  -2.103462  Q21c =   0.007102  Q21s =   0.124848
                   Q22c =   0.832639  Q22s =   0.295180

C          x = -3.370730  y =  0.492570  z =  0.027340 angstrom
           Maximum rank =  2   Radius =  0.650 angstrom
                   Q00  =  -0.064817
|Q1| =   0.097407  Q10  =  -0.053054  Q11c =   0.075613  Q11s =  -0.030920
|Q2| =   1.261753  Q20  =  -1.235629  Q21c =   0.006170  Q21s =   0.055582
                   Q22c =   0.122920  Q22s =   0.216806

C          x = -2.709780  y = -0.702500  z = -0.027820 angstrom
           Maximum rank =  2   Radius =  0.650 angstrom
                   Q00  =  -0.323881
|Q1| =   0.619855  Q10  =   0.013544  Q11c =   0.227801  Q11s =   0.576319
|Q2| =   1.362512  Q20  =  -1.231932  Q21c =  -0.011558  Q21s =   0.064482
                   Q22c =   0.505607  Q22s =  -0.280809

C          x = -1.274770  y = -0.497630  z = -0.023400 angstrom
           Maximum rank =  2   Radius =  0.650 angstrom
                   Q00  =  -0.024087
|Q1| =   0.121088  Q10  =   0.010967  Q11c =   0.008900  Q11s =   0.120261
|Q2| =   1.278074  Q20  =  -1.236370  Q21c =  -0.007683  Q21s =   0.077619
                   Q22c =   0.170822  Q22s =  -0.263816

C          x = -1.063920  y =  0.892640  z =  0.021940 angstrom
           Maximum rank =  2   Radius =  0.650 angstrom
                   Q00  =  -0.036097
|Q1| =   0.088902  Q10  =   0.040679  Q11c =  -0.049366  Q11s =  -0.061740
|Q2| =   1.234232  Q20  =  -1.220444  Q21c =  -0.001006  Q21s =   0.086910
                   Q22c =   0.161990  Q22s =  -0.006963

C          x = -2.396660  y =  1.659580  z =  0.055850 angstrom
           Maximum rank =  2   Radius =  0.650 angstrom
                   Q00  =  -0.006759
|Q1| =   0.063257  Q10  =  -0.000930  Q11c =   0.000715  Q11s =  -0.063246
|Q2| =   0.176704  Q20  =   0.003051  Q21c =   0.082844  Q21s =   0.023121
                   Q22c =  -0.145243  Q22s =  -0.052171

C          x =  0.217680  y =  1.402410  z =  0.049330 angstrom
           Maximum rank =  2   Radius =  0.650 angstrom
                   Q00  =  -0.014016
|Q1| =   0.104920  Q10  =   0.022952  Q11c =  -0.016647  Q11s =  -0.101016
|Q2| =   1.438285  Q20  =  -1.432674  Q21c =  -0.008013  Q21s =   0.120700
                   Q22c =   0.005563  Q22s =  -0.037987

H          x =  0.397420  y =  2.469700  z =  0.089660 angstrom
           Maximum rank =  1   Radius =  0.350 angstrom
                   Q00  =   0.084512
|Q1| =   0.103104  Q10  =   0.001445  Q11c =  -0.038404  Q11s =  -0.095674

C          x =  1.274810  y =  0.497580  z =  0.023530 angstrom
           Maximum rank =  2   Radius =  0.650 angstrom
                   Q00  =  -0.024393
|Q1| =   0.121251  Q10  =  -0.010980  Q11c =  -0.009637  Q11s =  -0.120368
|Q2| =   1.278736  Q20  =  -1.237063  Q21c =  -0.007728  Q21s =   0.077645
                   Q22c =   0.170739  Q22s =  -0.263820

C          x = -0.217640  y = -1.402460  z = -0.049200 angstrom
           Maximum rank =  2   Radius =  0.650 angstrom
                   Q00  =  -0.014253
|Q1| =   0.104892  Q10  =  -0.022983  Q11c =   0.016775  Q11s =   0.100959
|Q2| =   1.438798  Q20  =  -1.433192  Q21c =  -0.007987  Q21s =   0.120751
                   Q22c =   0.005631  Q22s =  -0.037719

H          x = -0.397380  y = -2.469760  z = -0.089540 angstrom
           Maximum rank =  1   Radius =  0.350 angstrom
                   Q00  =   0.084503
|Q1| =   0.103086  Q10  =  -0.001447  Q11c =   0.038355  Q11s =   0.095674

C          x =  1.063950  y = -0.892690  z = -0.021810 angstrom
           Maximum rank =  2   Radius =  0.650 angstrom
                   Q00  =  -0.035941
|Q1| =   0.088917  Q10  =  -0.040707  Q11c =   0.049224  Q11s =   0.061855
|Q2| =   1.233757  Q20  =  -1.219967  Q21c =  -0.001027  Q21s =   0.086909
                   Q22c =   0.161955  Q22s =  -0.007226

C          x =  2.396690  y = -1.659630  z = -0.055710 angstrom
           Maximum rank =  2   Radius =  0.650 angstrom
                   Q00  =  -0.006754
|Q1| =   0.063239  Q10  =   0.000934  Q11c =  -0.000661  Q11s =   0.063229
|Q2| =   0.176626  Q20  =   0.003104  Q21c =   0.082847  Q21s =   0.023098
                   Q22c =  -0.145193  Q22s =  -0.052046

C          x =  2.709820  y =  0.702440  z =  0.027930 angstrom
           Maximum rank =  2   Radius =  0.650 angstrom
                   Q00  =  -0.323672
|Q1| =   0.619998  Q10  =  -0.013592  Q11c =  -0.226978  Q11s =  -0.576796
|Q2| =   1.362041  Q20  =  -1.231489  Q21c =  -0.011615  Q21s =   0.064473
                   Q22c =   0.505265  Q22s =  -0.281082

C          x =  3.370760  y = -0.492630  z = -0.027220 angstrom
           Maximum rank =  2   Radius =  0.650 angstrom
                   Q00  =  -0.064402
|Q1| =   0.098339  Q10  =   0.053017  Q11c =  -0.076656  Q11s =   0.031364
|Q2| =   1.260749  Q20  =  -1.234699  Q21c =   0.006097  Q21s =   0.055496
                   Q22c =   0.122334  Q22s =   0.216620

S          x =  3.737190  y =  2.093700  z =  0.092940 angstrom
           Maximum rank =  2   Radius =  0.650 angstrom
                   Q00  =   0.729228
|Q1| =   1.125839  Q10  =  -0.049750  Q11c =   0.152755  Q11s =  -1.114318
|Q2| =   2.287020  Q20  =  -2.105374  Q21c =   0.007100  Q21s =   0.124921
                   Q22c =   0.833748  Q22s =   0.295079

C          x =  4.770330  y = -0.305900  z = -0.012020 angstrom
           Maximum rank =  2   Radius =  0.650 angstrom
                   Q00  =  -0.345868
|Q1| =   0.546247  Q10  =   0.045269  Q11c =  -0.371887  Q11s =   0.397538
|Q2| =   1.419487  Q20  =  -1.271955  Q21c =   0.016318  Q21s =   0.049370
                   Q22c =   0.307729  Q22s =   0.547424

S          x =  6.157820  y = -1.309790  z = -0.062350 angstrom
           Maximum rank =  2   Radius =  0.650 angstrom
                   Q00  =   0.715421
|Q1| =   1.083336  Q10  =   0.056961  Q11c =  -0.223888  Q11s =   1.058417
|Q2| =   2.318460  Q20  =  -2.117646  Q21c =  -0.058729  Q21s =   0.053398
                   Q22c =   0.901709  Q22s =   0.267301

C          x =  5.132760  y =  1.042940  z =  0.042160 angstrom
           Maximum rank =  2   Radius =  0.650 angstrom
                   Q00  =  -0.337435
|Q1| =   0.541664  Q10  =  -0.016087  Q11c =   0.306039  Q11s =  -0.446634
|Q2| =   1.339504  Q20  =  -1.169026  Q21c =   0.008906  Q21s =   0.065480
                   Q22c =   0.350847  Q22s =   0.547896

C          x =  6.508920  y =  1.278890  z =  0.042770 angstrom
           Maximum rank =  2   Radius =  0.650 angstrom
                   Q00  =  -0.017404
|Q1| =   0.079961  Q10  =  -0.002391  Q11c =   0.012839  Q11s =  -0.078887
|Q2| =   1.389015  Q20  =  -1.348716  Q21c =  -0.010502  Q21s =   0.092863
                   Q22c =   0.023519  Q22s =   0.317867

H          x =  6.991590  y =  2.241870  z =  0.081190 angstrom
           Maximum rank =  1   Radius =  0.350 angstrom
                   Q00  =   0.122156
|Q1| =   0.070665  Q10  =  -0.005876  Q11c =   0.034458  Q11s =  -0.061413

C          x =  7.230690  y =  0.098500  z = -0.014200 angstrom
           Maximum rank =  2   Radius =  0.650 angstrom
                   Q00  =  -0.299552
|Q1| =   0.458016  Q10  =   0.021282  Q11c =   0.207154  Q11s =   0.407937
|Q2| =   1.427452  Q20  =  -1.176927  Q21c =  -0.041080  Q21s =   0.053700
                   Q22c =   0.524085  Q22s =  -0.610921

C          x =  8.621730  y = -0.199110  z = -0.027600 angstrom
           Maximum rank =  2   Radius =  0.650 angstrom
                   Q00  =   0.012040
|Q1| =   0.045229  Q10  =   0.000161  Q11c =   0.038640  Q11s =   0.023508
|Q2| =   1.368221  Q20  =  -1.362554  Q21c =  -0.010781  Q21s =   0.030701
                   Q22c =   0.119725  Q22s =  -0.009098

H          x =  8.799290  y = -1.266240  z = -0.053410 angstrom
           Maximum rank =  1   Radius =  0.350 angstrom
                   Q00  =   0.090571
|Q1| =   0.069093  Q10  =   0.007221  Q11c =   0.025992  Q11s =   0.063609

C          x =  9.747480  y =  0.575120  z = -0.020760 angstrom
           Maximum rank =  2   Radius =  0.650 angstrom
                   Q00  =  -0.056121
|Q1| =   0.058156  Q10  =  -0.003387  Q11c =   0.039997  Q11s =   0.042082
|Q2| =   1.320552  Q20  =  -1.299513  Q21c =  -0.019593  Q21s =   0.001308
                   Q22c =   0.120614  Q22s =   0.200477

C          x = 11.130140  y =  0.070290  z = -0.040810 angstrom
           Maximum rank =  2   Radius =  0.650 angstrom
                   Q00  =   0.029911
|Q1| =   0.043406  Q10  =   0.001446  Q11c =   0.011185  Q11s =   0.041915
|Q2| =   1.164492  Q20  =  -1.128409  Q21c =  -0.035354  Q21s =  -0.065577
                   Q22c =  -0.217861  Q22s =  -0.172397

C          x =  9.816960  y =  2.055850  z = -0.024360 angstrom
           Maximum rank =  2   Radius =  0.650 angstrom
                   Q00  =   0.196145
|Q1| =   0.032532  Q10  =   0.000142  Q11c =  -0.020930  Q11s =   0.024904
|Q2| =   0.757026  Q20  =  -0.715420  Q21c =  -0.043043  Q21s =   0.006297
                   Q22c =   0.060981  Q22s =  -0.235905

O          x =  8.915000  y =  2.863400  z =  0.005830 angstrom
           Maximum rank =  2   Radius =  0.650 angstrom
                   Q00  =  -0.388388
|Q1| =   0.490292  Q10  =  -0.011605  Q11c =   0.371769  Q11s =  -0.319436
|Q2| =   0.929648  Q20  =  -0.205478  Q21c =  -0.012814  Q21s =   0.034510
                   Q22c =   0.121301  Q22s =  -0.897750

C          x = 12.027280  y =  1.251960  z = -0.095150 angstrom
           Maximum rank =  2   Radius =  0.650 angstrom
                   Q00  =  -0.021717
|Q1| =   0.076145  Q10  =   0.003390  Q11c =  -0.062554  Q11s =   0.043285
|Q2| =   1.247714  Q20  =  -1.231722  Q21c =  -0.088612  Q21s =  -0.036033
                   Q22c =   0.129904  Q22s =   0.116720

C          x = 11.251660  y =  2.407230  z = -0.079570 angstrom
           Maximum rank =  2   Radius =  0.650 angstrom
                   Q00  =  -0.041930
|Q1| =   0.064325  Q10  =   0.000316  Q11c =   0.011763  Q11s =  -0.063240
|Q2| =   1.239276  Q20  =  -1.226155  Q21c =  -0.076547  Q21s =  -0.031009
                   Q22c =  -0.045347  Q22s =   0.153205

C          x = 13.415280  y =  1.365480  z = -0.150830 angstrom
           Maximum rank =  2   Radius =  0.650 angstrom
                   Q00  =   0.006708
|Q1| =   0.072039  Q10  =  -0.000088  Q11c =  -0.023881  Q11s =   0.067966
|Q2| =   1.435676  Q20  =  -1.430668  Q21c =  -0.098104  Q21s =  -0.034695
                   Q22c =  -0.009037  Q22s =  -0.058685

H          x = 14.093050  y =  0.526100  z = -0.167790 angstrom
           Maximum rank =  1   Radius =  0.350 angstrom
                   Q00  =   0.111778
|Q1| =   0.062703  Q10  =   0.003693  Q11c =  -0.054683  Q11s =   0.030459

C          x = 13.955540  y =  2.633620  z = -0.187950 angstrom
           Maximum rank =  2   Radius =  0.650 angstrom
                   Q00  =   0.178026
|Q1| =   0.158615  Q10  =  -0.006288  Q11c =   0.146557  Q11s =   0.060334
|Q2| =   1.050723  Q20  =  -1.044230  Q21c =  -0.076392  Q21s =  -0.023854
                   Q22c =   0.066306  Q22s =   0.052916

F          x = 15.277210  y =  2.787840  z = -0.243440 angstrom
           Maximum rank =  2   Radius =  0.650 angstrom
                   Q00  =  -0.203846
|Q1| =   0.223079  Q10  =   0.009139  Q11c =  -0.222825  Q11s =   0.005434
|Q2| =   0.696250  Q20  =  -0.308498  Q21c =  -0.048125  Q21s =  -0.004490
                   Q22c =   0.610143  Q22s =   0.122404

C          x = 11.790230  y =  3.679160  z = -0.114440 angstrom
           Maximum rank =  2   Radius =  0.650 angstrom
                   Q00  =   0.023268
|Q1| =   0.066808  Q10  =  -0.000787  Q11c =   0.039508  Q11s =  -0.053868
|Q2| =   1.376252  Q20  =  -1.372411  Q21c =  -0.091782  Q21s =  -0.024568
                   Q22c =  -0.005227  Q22s =  -0.038757

H          x = 11.162790  y =  4.560880  z = -0.099900 angstrom
           Maximum rank =  1   Radius =  0.350 angstrom
                   Q00  =   0.099482
|Q1| =   0.085079  Q10  =  -0.000598  Q11c =   0.035922  Q11s =  -0.077121

C          x = 13.161660  y =  3.779020  z = -0.169320 angstrom
           Maximum rank =  2   Radius =  0.650 angstrom
                   Q00  =   0.175094
|Q1| =   0.153883  Q10  =  -0.005649  Q11c =   0.108999  Q11s =   0.108476
|Q2| =   1.055428  Q20  =  -1.046270  Q21c =  -0.071769  Q21s =  -0.025414
                   Q22c =  -0.026211  Q22s =   0.112982

F          x = 13.760230  y =  4.967390  z = -0.206680 angstrom
           Maximum rank =  2   Radius =  0.650 angstrom
                   Q00  =  -0.205042
|Q1| =   0.223319  Q10  =   0.005194  Q11c =  -0.068900  Q11s =  -0.212361
|Q2| =   0.699487  Q20  =  -0.305152  Q21c =  -0.010768  Q21s =  -0.029874
                   Q22c =  -0.398361  Q22s =   0.486276

C          x = 11.566050  y = -1.223010  z = -0.001230 angstrom
           Maximum rank =  2   Radius =  0.650 angstrom
                   Q00  =  -0.018122
|Q1| =   0.025779  Q10  =   0.003289  Q11c =   0.012495  Q11s =  -0.022308
|Q2| =   1.303492  Q20  =  -1.292338  Q21c =  -0.064219  Q21s =  -0.096216
                   Q22c =  -0.106875  Q22s =  -0.064407

C          x = 12.947900  y = -1.578790  z = -0.027210 angstrom
           Maximum rank =  2   Radius =  0.650 angstrom
                   Q00  =   0.058805
|Q1| =   0.106242  Q10  =   0.004373  Q11c =  -0.105702  Q11s =  -0.009759
|Q2| =   1.207024  Q20  =  -0.720037  Q21c =  -0.042908  Q21s =  -0.000462
                   Q22c =   0.829686  Q22s =  -0.498230

N          x = 14.051540  y = -1.898490  z = -0.047880 angstrom
           Maximum rank =  2   Radius =  0.650 angstrom
                   Q00  =  -0.221522
|Q1| =   0.561595  Q10  =   0.011937  Q11c =  -0.546907  Q11s =   0.127041
|Q2| =   0.618204  Q20  =  -0.345461  Q21c =  -0.017183  Q21s =   0.002566
                   Q22c =   0.401526  Q22s =  -0.318289

C          x = 10.709810  y = -2.361690  z =  0.077590 angstrom
           Maximum rank =  2   Radius =  0.650 angstrom
                   Q00  =   0.057585
|Q1| =   0.100282  Q10  =  -0.001714  Q11c =   0.086956  Q11s =   0.049924
|Q2| =   1.203886  Q20  =  -0.721413  Q21c =  -0.068346  Q21s =  -0.096294
                   Q22c =  -0.268328  Q22s =   0.918129

N          x = 10.049860  y = -3.300830  z =  0.141630 angstrom
           Maximum rank =  2   Radius =  0.650 angstrom
                   Q00  =  -0.224232
|Q1| =   0.566385  Q10  =  -0.029667  Q11c =   0.354167  Q11s =   0.440997
|Q2| =   0.621309  Q20  =  -0.336641  Q21c =  -0.033000  Q21s =  -0.053534
                   Q22c =  -0.243375  Q22s =   0.457724

C          x =  2.633000  y = -2.519310  z =  1.195490 angstrom
           Maximum rank =  2   Radius =  0.650 angstrom
                   Q00  =  -0.062671
|Q1| =   0.078529  Q10  =   0.003248  Q11c =   0.052903  Q11s =   0.057944
|Q2| =   1.299358  Q20  =   0.531376  Q21c =  -0.395567  Q21s =  -0.543456
                   Q22c =  -0.115098  Q22s =  -0.970003

C          x =  3.620390  y = -3.503710  z =  1.190910 angstrom
           Maximum rank =  2   Radius =  0.650 angstrom
                   Q00  =  -0.053575
|Q1| =   0.103266  Q10  =   0.034479  Q11c =  -0.082711  Q11s =   0.051323
|Q2| =   1.484678  Q20  =   0.704063  Q21c =  -0.454016  Q21s =  -0.420487
                   Q22c =  -0.031707  Q22s =  -1.150920

H          x =  4.164810  y = -3.718100  z =  0.279350 angstrom
           Maximum rank =  1   Radius =  0.350 angstrom
                   Q00  =   0.078982
|Q1| =   0.100263  Q10  =   0.053118  Q11c =  -0.071343  Q11s =   0.046275

C          x =  3.909960  y = -4.229130  z =  2.334390 angstrom
           Maximum rank =  2   Radius =  0.650 angstrom
                   Q00  =  -0.030725
|Q1| =   0.076561  Q10  =   0.008160  Q11c =  -0.060071  Q11s =   0.046760
|Q2| =   1.415737  Q20  =   0.464137  Q21c =  -0.433520  Q21s =  -0.423514
                   Q22c =  -0.024828  Q22s =  -1.192044

H          x =  4.686020  y = -4.986030  z =  2.299100 angstrom
           Maximum rank =  1   Radius =  0.350 angstrom
                   Q00  =   0.052345
|Q1| =   0.112958  Q10  =   0.003818  Q11c =  -0.078030  Q11s =   0.081586

C          x =  3.225440  y = -4.001950  z =  3.525610 angstrom
           Maximum rank =  2   Radius =  0.650 angstrom
                   Q00  =  -0.075080
|Q1| =   0.121529  Q10  =  -0.099719  Q11c =  -0.022022  Q11s =   0.065883
|Q2| =   1.140038  Q20  =   0.477472  Q21c =  -0.318333  Q21s =  -0.417873
                   Q22c =  -0.030019  Q22s =  -0.891545

C          x =  2.247210  y = -3.014860  z =  3.529140 angstrom
           Maximum rank =  2   Radius =  0.650 angstrom
                   Q00  =  -0.031718
|Q1| =   0.074699  Q10  =  -0.058895  Q11c =   0.041957  Q11s =  -0.018732
|Q2| =   1.401815  Q20  =   0.592618  Q21c =  -0.520790  Q21s =  -0.375106
                   Q22c =   0.009564  Q22s =  -1.096298

H          x =  1.700880  y = -2.808060  z =  4.442970 angstrom
           Maximum rank =  1   Radius =  0.350 angstrom
                   Q00  =   0.046363
|Q1| =   0.116461  Q10  =  -0.098830  Q11c =   0.057822  Q11s =  -0.021269

C          x =  1.954960  y = -2.283440  z =  2.386300 angstrom
           Maximum rank =  2   Radius =  0.650 angstrom
                   Q00  =  -0.034378
|Q1| =   0.097199  Q10  =  -0.060466  Q11c =   0.071846  Q11s =  -0.025092
|Q2| =   1.464525  Q20  =   0.491837  Q21c =  -0.366816  Q21s =  -0.499159
                   Q22c =  -0.021863  Q22s =  -1.232371

H          x =  1.190870  y = -1.518230  z =  2.432780 angstrom
           Maximum rank =  1   Radius =  0.350 angstrom
                   Q00  =   0.076308
|Q1| =   0.099076  Q10  =  -0.059521  Q11c =   0.061278  Q11s =  -0.050183

C          x =  2.464880  y = -2.467780  z = -1.358090 angstrom
           Maximum rank =  2   Radius =  0.650 angstrom
                   Q00  =  -0.062336
|Q1| =   0.065568  Q10  =   0.000650  Q11c =  -0.054774  Q11s =   0.036035
|Q2| =   1.282330  Q20  =   0.559821  Q21c =  -0.505415  Q21s =   0.364254
                   Q22c =  -0.675029  Q22s =   0.697983

C          x =  3.035390  y = -1.941270  z = -2.510790 angstrom
           Maximum rank =  2   Radius =  0.650 angstrom
                   Q00  =  -0.037217
|Q1| =   0.101035  Q10  =   0.057722  Q11c =  -0.063959  Q11s =  -0.052777
|Q2| =   1.481862  Q20  =   0.547041  Q21c =  -0.471717  Q21s =   0.354237
                   Q22c =  -0.789114  Q22s =   0.962267

H          x =  3.494200  y = -0.960720  z = -2.487730 angstrom
           Maximum rank =  1   Radius =  0.350 angstrom
                   Q00  =   0.077984
|Q1| =   0.100123  Q10  =   0.054611  Q11c =  -0.040348  Q11s =  -0.073582

C          x =  3.022730  y = -2.653400  z = -3.702620 angstrom
           Maximum rank =  2   Radius =  0.650 angstrom
                   Q00  =  -0.030979
|Q1| =   0.075945  Q10  =   0.059334  Q11c =  -0.029354  Q11s =  -0.037222
|Q2| =   1.398885  Q20  =   0.600469  Q21c =  -0.580236  Q21s =   0.165370
                   Q22c =  -0.674803  Q22s =   0.881440

H          x =  3.478410  y = -2.216710  z = -4.584550 angstrom
           Maximum rank =  1   Radius =  0.350 angstrom
                   Q00  =   0.047841
|Q1| =   0.115777  Q10  =   0.095215  Q11c =  -0.046875  Q11s =  -0.046275

C          x =  2.440500  y = -3.911800  z = -3.785360 angstrom
           Maximum rank =  2   Radius =  0.650 angstrom
                   Q00  =  -0.075580
|Q1| =   0.122045  Q10  =   0.104915  Q11c =   0.002701  Q11s =   0.062296
|Q2| =   1.141016  Q20  =   0.501645  Q21c =  -0.411122  Q21s =   0.274144
                   Q22c =  -0.577002  Q22s =   0.687867

C          x =  1.864670  y = -4.435070  z = -2.629500 angstrom
           Maximum rank =  2   Radius =  0.650 angstrom
                   Q00  =  -0.031387
|Q1| =   0.075903  Q10  =  -0.005586  Q11c =   0.041360  Q11s =   0.063399
|Q2| =   1.406849  Q20  =   0.475599  Q21c =  -0.496769  Q21s =   0.254325
                   Q22c =  -0.764661  Q22s =   0.925669

H          x =  1.400520  y = -5.415040  z = -2.661190 angstrom
           Maximum rank =  1   Radius =  0.350 angstrom
                   Q00  =   0.048665
|Q1| =   0.115329  Q10  =   0.001430  Q11c =   0.050007  Q11s =   0.103913

C          x =  1.877630  y = -3.730030  z = -1.438340 angstrom
           Maximum rank =  2   Radius =  0.650 angstrom
                   Q00  =  -0.051601
|Q1| =   0.104977  Q10  =  -0.031915  Q11c =   0.060992  Q11s =   0.079256
|Q2| =   1.476884  Q20  =   0.724107  Q21c =  -0.496670  Q21s =   0.198931
                   Q22c =  -0.756887  Q22s =   0.893152

H          x =  1.437440  y = -4.176190  z = -0.554870 angstrom
           Maximum rank =  1   Radius =  0.350 angstrom
                   Q00  =   0.074263
|Q1| =   0.106134  Q10  =  -0.049234  Q11c =   0.060937  Q11s =   0.071604

C          x = -2.464860  y =  2.467710  z =  1.358240 angstrom
           Maximum rank =  2   Radius =  0.650 angstrom
                   Q00  =  -0.062417
|Q1| =   0.065480  Q10  =  -0.000695  Q11c =   0.054712  Q11s =  -0.035969
|Q2| =   1.282548  Q20  =   0.559999  Q21c =  -0.505493  Q21s =   0.364205
                   Q22c =  -0.675432  Q22s =   0.697821

C          x = -1.877800  y =  3.730080  z =  1.438400 angstrom
           Maximum rank =  2   Radius =  0.650 angstrom
                   Q00  =  -0.051693
|Q1| =   0.105053  Q10  =   0.031890  Q11c =  -0.061224  Q11s =  -0.079188
|Q2| =   1.477161  Q20  =   0.724410  Q21c =  -0.496614  Q21s =   0.198787
                   Q22c =  -0.757486  Q22s =   0.892920

H          x = -1.437780  y =  4.176290  z =  0.554870 angstrom
           Maximum rank =  1   Radius =  0.350 angstrom
                   Q00  =   0.074217
|Q1| =   0.106183  Q10  =   0.049241  Q11c =  -0.061001  Q11s =  -0.071617

C          x = -1.864880  y =  4.435150  z =  2.629510 angstrom
           Maximum rank =  2   Radius =  0.650 angstrom
                   Q00  =  -0.031408
|Q1| =   0.075940  Q10  =   0.005573  Q11c =  -0.041606  Q11s =  -0.063283
|Q2| =   1.407005  Q20  =   0.475819  Q21c =  -0.496679  Q21s =   0.254269
                   Q22c =  -0.765243  Q22s =   0.925375

H          x = -1.400900  y =  5.415220  z =  2.661120 angstrom
           Maximum rank =  1   Radius =  0.350 angstrom
                   Q00  =   0.048634
|Q1| =   0.115370  Q10  =  -0.001395  Q11c =  -0.050073  Q11s =  -0.103928

C          x = -2.440540  y =  3.911820  z =  3.785450 angstrom
           Maximum rank =  2   Radius =  0.650 angstrom
                   Q00  =  -0.075522
|Q1| =   0.122056  Q10  =  -0.104952  Q11c =  -0.002991  Q11s =  -0.062240
|Q2| =   1.140811  Q20  =   0.501611  Q21c =  -0.411121  Q21s =   0.273889
                   Q22c =  -0.577130  Q22s =   0.687547

C          x = -3.022590  y =  2.653360  z =  3.702800 angstrom
           Maximum rank =  2   Radius =  0.650 angstrom
                   Q00  =  -0.030896
|Q1| =   0.075931  Q10  =  -0.059371  Q11c =   0.029141  Q11s =   0.037300
|Q2| =   1.398440  Q20  =   0.600257  Q21c =  -0.580078  Q21s =   0.165142
                   Q22c =  -0.674764  Q22s =   0.881054

H          x = -3.478180  y =  2.216640  z =  4.584750 angstrom
           Maximum rank =  1   Radius =  0.350 angstrom
                   Q00  =   0.047975
|Q1| =   0.115649  Q10  =  -0.095124  Q11c =   0.046777  Q11s =   0.046237

C          x = -3.035230  y =  1.941170  z =  2.510970 angstrom
           Maximum rank =  2   Radius =  0.650 angstrom
                   Q00  =  -0.037253
|Q1| =   0.100959  Q10  =  -0.057683  Q11c =   0.063828  Q11s =   0.052832
|Q2| =   1.481829  Q20  =   0.547020  Q21c =  -0.471838  Q21s =   0.353989
                   Q22c =  -0.789324  Q22s =   0.962089

H          x = -3.493910  y =  0.960560  z =  2.487980 angstrom
           Maximum rank =  1   Radius =  0.350 angstrom
                   Q00  =   0.077968
|Q1| =   0.100109  Q10  =  -0.054584  Q11c =   0.040327  Q11s =   0.073594

C          x = -2.632970  y =  2.519300  z = -1.195320 angstrom
           Maximum rank =  2   Radius =  0.650 angstrom
                   Q00  =  -0.062804
|Q1| =   0.078558  Q10  =  -0.003240  Q11c =  -0.052938  Q11s =  -0.057952
|Q2| =   1.299741  Q20  =   0.531703  Q21c =  -0.395582  Q21s =  -0.543332
                   Q22c =  -0.115772  Q22s =  -0.970320

C          x = -3.620100  y =  3.503950  z = -1.190570 angstrom
           Maximum rank =  2   Radius =  0.650 angstrom
                   Q00  =  -0.053649
|Q1| =   0.103212  Q10  =  -0.034533  Q11c =   0.082666  Q11s =  -0.051249
|Q2| =   1.484752  Q20  =   0.704145  Q21c =  -0.453846  Q21s =  -0.420009
                   Q22c =  -0.032247  Q22s =  -1.151192

H          x = -4.164300  y =  3.718490  z = -0.278910 angstrom
           Maximum rank =  1   Radius =  0.350 angstrom
                   Q00  =   0.079006
|Q1| =   0.100212  Q10  =  -0.053104  Q11c =   0.071319  Q11s =  -0.046217

C          x = -3.909680  y =  4.229450  z = -2.333990 angstrom
           Maximum rank =  2   Radius =  0.650 angstrom
                   Q00  =  -0.030605
|Q1| =   0.076475  Q10  =  -0.008218  Q11c =   0.059951  Q11s =  -0.046763
|Q2| =   1.415164  Q20  =   0.464065  Q21c =  -0.433164  Q21s =  -0.423068
                   Q22c =  -0.025445  Q22s =  -1.191667

H          x = -4.685530  y =  4.986560  z = -2.298560 angstrom
           Maximum rank =  1   Radius =  0.350 angstrom
                   Q00  =   0.052577
|Q1| =   0.112751  Q10  =  -0.003862  Q11c =   0.077862  Q11s =  -0.081458

C          x = -3.225420  y =  4.002100  z = -3.525330 angstrom
           Maximum rank =  2   Radius =  0.650 angstrom
                   Q00  =  -0.074979
|Q1| =   0.121533  Q10  =   0.099689  Q11c =   0.021875  Q11s =  -0.065984
|Q2| =   1.139707  Q20  =   0.477376  Q21c =  -0.318132  Q21s =  -0.417379
                   Q22c =  -0.030470  Q22s =  -0.891460

C          x = -2.247450  y =  3.014760  z = -3.529030 angstrom
           Maximum rank =  2   Radius =  0.650 angstrom
                   Q00  =  -0.031766
|Q1| =   0.074731  Q10  =   0.058833  Q11c =  -0.042128  Q11s =   0.018672
|Q2| =   1.401934  Q20  =   0.592993  Q21c =  -0.520615  Q21s =  -0.374806
                   Q22c =   0.008846  Q22s =  -1.096439

H          x = -1.701320  y =  2.807830  z = -4.442960 angstrom
           Maximum rank =  1   Radius =  0.350 angstrom
                   Q00  =   0.046286
|Q1| =   0.116532  Q10  =   0.098867  Q11c =  -0.057891  Q11s =   0.021297

C          x = -1.955180  y =  2.283260  z = -2.386240 angstrom
           Maximum rank =  2   Radius =  0.650 angstrom
                   Q00  =  -0.034533
|Q1| =   0.097284  Q10  =   0.060466  Q11c =  -0.071983  Q11s =   0.025030
|Q2| =   1.465055  Q20  =   0.492141  Q21c =  -0.366825  Q21s =  -0.498981
                   Q22c =  -0.022659  Q22s =  -1.232935

H          x = -1.191290  y =  1.517860  z = -2.432860 angstrom
           Maximum rank =  1   Radius =  0.350 angstrom
                   Q00  =   0.076173
|Q1| =   0.099172  Q10  =   0.059557  Q11c =  -0.061343  Q11s =   0.050250

C          x =  3.523350  y = -4.814000  z =  4.756640 angstrom
           Maximum rank =  2   Radius =  0.650 angstrom
                   Q00  =   0.023510
|Q1| =   0.023043  Q10  =  -0.014586  Q11c =  -0.002121  Q11s =   0.017712
|Q2| =   0.104768  Q20  =   0.065519  Q21c =   0.024532  Q21s =  -0.070992
                   Q22c =  -0.007644  Q22s =  -0.031360

H          x =  3.015400  y = -5.781840  z =  4.719010 angstrom
           Maximum rank =  1   Radius =  0.350 angstrom
                   Q00  =   0.031871
|Q1| =   0.123324  Q10  =  -0.036682  Q11c =   0.036247  Q11s =   0.112024

H          x =  3.190310  y = -4.301850  z =  5.660260 angstrom
           Maximum rank =  1   Radius =  0.350 angstrom
                   Q00  =   0.024925
|Q1| =   0.124658  Q10  =  -0.121418  Q11c =   0.020271  Q11s =  -0.019656

H          x =  4.592680  y = -5.010330  z =  4.852400 angstrom
           Maximum rank =  1   Radius =  0.350 angstrom
                   Q00  =   0.029068
|Q1| =   0.122768  Q10  =  -0.049968  Q11c =  -0.103340  Q11s =   0.043544

C          x =  2.453230  y = -4.698380  z = -5.067820 angstrom
           Maximum rank =  2   Radius =  0.650 angstrom
                   Q00  =   0.023347
|Q1| =   0.022546  Q10  =   0.015201  Q11c =  -0.001943  Q11s =   0.016536
|Q2| =   0.106486  Q20  =   0.073836  Q21c =   0.002717  Q21s =   0.071512
                   Q22c =  -0.020464  Q22s =   0.018635

H          x =  3.255930  y = -5.441090  z = -5.062270 angstrom
           Maximum rank =  1   Radius =  0.350 angstrom
                   Q00  =   0.033192
|Q1| =   0.122365  Q10  =   0.041327  Q11c =  -0.070803  Q11s =   0.090842

H          x =  2.610810  y = -4.049360  z = -5.930120 angstrom
           Maximum rank =  1   Radius =  0.350 angstrom
                   Q00  =   0.025251
|Q1| =   0.124423  Q10  =   0.119231  Q11c =  -0.013747  Q11s =  -0.032803

H          x =  1.513620  y = -5.234340  z = -5.213900 angstrom
           Maximum rank =  1   Radius =  0.350 angstrom
                   Q00  =   0.027321
|Q1| =   0.124111  Q10  =   0.055340  Q11c =   0.083716  Q11s =   0.073025

C          x = -2.453050  y =  4.698450  z =  5.067890 angstrom
           Maximum rank =  2   Radius =  0.650 angstrom
                   Q00  =   0.023350
|Q1| =   0.022499  Q10  =  -0.015122  Q11c =   0.001680  Q11s =  -0.016574
|Q2| =   0.106667  Q20  =   0.073977  Q21c =   0.002292  Q21s =   0.071671
                   Q22c =  -0.020259  Q22s =   0.018782

H          x = -3.252600  y =  5.444530  z =  5.060440 angstrom
           Maximum rank =  1   Radius =  0.350 angstrom
                   Q00  =   0.033436
|Q1| =   0.122151  Q10  =  -0.041114  Q11c =   0.070335  Q11s =  -0.091014

H          x = -1.511550  y =  5.230500  z =  5.216190 angstrom
           Maximum rank =  1   Radius =  0.350 angstrom
                   Q00  =   0.027191
|Q1| =   0.124236  Q10  =  -0.055557  Q11c =  -0.084044  Q11s =  -0.072695

H          x = -2.615330  y =  4.050090  z =  5.929800 angstrom
           Maximum rank =  1   Radius =  0.350 angstrom
                   Q00  =   0.025301
|Q1| =   0.124349  Q10  =  -0.119132  Q11c =   0.014060  Q11s =   0.032750

C          x = -3.523370  y =  4.814210  z = -4.756310 angstrom
           Maximum rank =  2   Radius =  0.650 angstrom
                   Q00  =   0.023514
|Q1| =   0.022964  Q10  =   0.014517  Q11c =   0.001975  Q11s =  -0.017683
|Q2| =   0.105143  Q20  =   0.065790  Q21c =   0.024780  Q21s =  -0.071123
                   Q22c =  -0.008054  Q22s =  -0.031452

H          x = -3.189950  y =  4.302330  z = -5.659930 angstrom
           Maximum rank =  1   Radius =  0.350 angstrom
                   Q00  =   0.024932
|Q1| =   0.124623  Q10  =   0.121362  Q11c =  -0.020399  Q11s =   0.019644

H          x = -3.015800  y =  5.782250  z = -4.718420 angstrom
           Maximum rank =  1   Radius =  0.350 angstrom
                   Q00  =   0.031859
|Q1| =   0.123318  Q10  =   0.036632  Q11c =  -0.036317  Q11s =  -0.112011

H          x = -4.592760  y =  5.010160  z = -4.852270 angstrom
           Maximum rank =  1   Radius =  0.350 angstrom
                   Q00  =   0.029388
|Q1| =   0.122486  Q10  =   0.049894  Q11c =   0.103090  Q11s =  -0.043428

Total multipoles referred to origin at
           x =   0.000000,  y =    0.000000,  z =    0.000000 angstrom
                   Q00  =   0.000007
|Q1| =   0.677744  Q10  =   0.003079  Q11c =  -0.677641  Q11s =  -0.011415
|Q2| = 242.570066  Q20  = 134.258773  Q21c =  -6.513613  Q21s =   1.623574
                   Q22c =-191.765993  Q22s =  63.210442

CPU time used:     67m 3.036s          Total:     67m 3.036s

Finished at 16:32:7 on 28 Jun 2021  
