                                     G D M A

                                 by Anthony Stone

                         version 2.2.11, 04 February 2015

               Distributed Multipoles from Gaussian wavefunctions


Starting at 1:23:38 on 27 Jun 2021  

s1S0



Using CI density matrix from file sN_mx.fchk


                         Distributed Multipole Analysis

Standard DMA for products of primitives with exponent greater than 4.00000
Using 80-point Euler-MacLaurin radial quadrature
Using 590-point Lebedev quadrature
Becke smoothing parameter = 3

Positions and radii in angstrom
Multipole moments in atomic units, ea_0^k for rank k

S          x =  1.443530  y = -7.396330  z = -1.175200 angstrom
           Maximum rank =  2   Radius =  0.650 angstrom
                   Q00  =   0.782306
|Q1| =   1.012436  Q10  =  -0.186291  Q11c =   0.693231  Q11s =   0.713970
|Q2| =   2.419427  Q20  =  -2.126672  Q21c =  -0.194899  Q21s =  -0.508419
                   Q22c =   0.361842  Q22s =  -0.950520

F          x =  0.969620  y =  4.768220  z = -3.190480 angstrom
           Maximum rank =  2   Radius =  0.650 angstrom
                   Q00  =  -0.205896
|Q1| =   0.223376  Q10  =   0.037227  Q11c =  -0.173675  Q11s =  -0.135455
|Q2| =   0.699357  Q20  =  -0.275548  Q21c =  -0.144589  Q21s =  -0.138694
                   Q22c =  -0.010376  Q22s =   0.610675

N          x = -5.383400  y = -1.500450  z = -1.604900 angstrom
           Maximum rank =  2   Radius =  0.650 angstrom
                   Q00  =  -0.234697
|Q1| =   0.573544  Q10  =  -0.106196  Q11c =   0.273953  Q11s =   0.492569
|Q2| =   0.622742  Q20  =  -0.304970  Q21c =  -0.119454  Q21s =  -0.157782
                   Q22c =  -0.125903  Q22s =   0.489678

S          x =  0.513510  y = -3.130660  z = -1.820720 angstrom
           Maximum rank =  2   Radius =  0.650 angstrom
                   Q00  =   0.803409
|Q1| =   0.920186  Q10  =   0.141011  Q11c =  -0.783836  Q11s =  -0.460933
|Q2| =   2.460627  Q20  =  -2.171873  Q21c =  -0.160291  Q21s =  -0.700167
                   Q22c =  -0.603857  Q22s =  -0.676079

F          x = -1.598820  y =  5.439630  z = -3.091770 angstrom
           Maximum rank =  2   Radius =  0.650 angstrom
                   Q00  =  -0.204570
|Q1| =   0.223102  Q10  =   0.027641  Q11c =   0.084101  Q11s =  -0.204786
|Q2| =   0.696394  Q20  =  -0.291823  Q21c =   0.052221  Q21s =  -0.152505
                   Q22c =  -0.527549  Q22s =  -0.309050

C          x =  2.851870  y = -5.269650  z = -1.665220 angstrom
           Maximum rank =  2   Radius =  0.650 angstrom
                   Q00  =  -0.047220
|Q1| =   0.102292  Q10  =  -0.012429  Q11c =  -0.010030  Q11s =  -0.101038
|Q2| =   1.485001  Q20  =  -1.386780  Q21c =  -0.240563  Q21s =  -0.466992
                   Q22c =  -0.039773  Q22s =  -0.067346

H          x =  3.127930  y = -4.245340  z = -1.874830 angstrom
           Maximum rank =  1   Radius =  0.350 angstrom
                   Q00  =   0.087484
|Q1| =   0.093675  Q10  =   0.014216  Q11c =  -0.015625  Q11s =  -0.091262

C          x =  3.976280  y = -9.962690  z = -0.946720 angstrom
           Maximum rank =  2   Radius =  0.650 angstrom
                   Q00  =  -0.018167
|Q1| =   0.106858  Q10  =  -0.046539  Q11c =   0.089605  Q11s =   0.034983
|Q2| =   1.454194  Q20  =  -1.380913  Q21c =  -0.198566  Q21s =  -0.409129
                   Q22c =  -0.006097  Q22s =  -0.030106

H          x =  2.997950  y =-10.397280  z = -0.780670 angstrom
           Maximum rank =  1   Radius =  0.350 angstrom
                   Q00  =   0.082743
|Q1| =   0.103360  Q10  =  -0.018053  Q11c =   0.099514  Q11s =   0.021315

C          x =  5.848320  y = -4.733670  z = -3.394980 angstrom
           Maximum rank =  2   Radius =  0.650 angstrom
                   Q00  =  -0.049026
|Q1| =   0.102145  Q10  =  -0.014412  Q11c =  -0.003258  Q11s =  -0.101071
|Q2| =   1.476109  Q20  =   0.751897  Q21c =  -0.433749  Q21s =   0.092903
                   Q22c =  -1.167428  Q22s =   0.232144

H          x =  5.758710  y = -3.996740  z = -2.605730 angstrom
           Maximum rank =  1   Radius =  0.350 angstrom
                   Q00  =   0.074310
|Q1| =   0.105781  Q10  =  -0.037183  Q11c =   0.009580  Q11s =  -0.098566

O          x = -1.250880  y = -6.495620  z = -1.106430 angstrom
           Maximum rank =  2   Radius =  0.650 angstrom
                   Q00  =  -0.392106
|Q1| =   0.519215  Q10  =  -0.047327  Q11c =  -0.302238  Q11s =   0.419519
|Q2| =   1.135699  Q20  =  -0.649987  Q21c =  -0.231123  Q21s =  -0.284520
                   Q22c =  -0.066855  Q22s =   0.853516

C          x =  5.809540  y = -6.999240  z = -4.138510 angstrom
           Maximum rank =  2   Radius =  0.650 angstrom
                   Q00  =  -0.034773
|Q1| =   0.097332  Q10  =   0.045139  Q11c =  -0.022643  Q11s =   0.083206
|Q2| =   1.472102  Q20  =   0.597319  Q21c =  -0.495502  Q21s =  -0.092529
                   Q22c =  -1.226441  Q22s =   0.228151

H          x =  5.673620  y = -8.056310  z = -3.951140 angstrom
           Maximum rank =  1   Radius =  0.350 angstrom
                   Q00  =   0.077026
|Q1| =   0.098406  Q10  =   0.042822  Q11c =   0.006357  Q11s =   0.088371

C          x =  5.265530  y = -6.509720  z = -1.682810 angstrom
           Maximum rank =  2   Radius =  0.650 angstrom
                   Q00  =  -0.009572
|Q1| =   0.059877  Q10  =   0.011310  Q11c =  -0.046815  Q11s =  -0.035577
|Q2| =   0.189003  Q20  =   0.019052  Q21c =   0.034884  Q21s =  -0.077135
                   Q22c =   0.025879  Q22s =   0.165900

O          x =  0.695490  y = -0.469570  z = -2.282460 angstrom
           Maximum rank =  2   Radius =  0.650 angstrom
                   Q00  =  -0.417006
|Q1| =   0.558091  Q10  =  -0.022398  Q11c =  -0.437662  Q11s =   0.345566
|Q2| =   0.975470  Q20  =  -0.170020  Q21c =   0.041221  Q21s =   0.122445
                   Q22c =   0.655807  Q22s =  -0.689827

C          x =  5.460800  y = -5.408460  z =  0.611160 angstrom
           Maximum rank =  2   Radius =  0.650 angstrom
                   Q00  =  -0.033696
|Q1| =   0.097359  Q10  =  -0.067491  Q11c =   0.065902  Q11s =  -0.024097
|Q2| =   1.456104  Q20  =   0.321178  Q21c =  -0.110900  Q21s =   0.845640
                   Q22c =   1.015495  Q22s =   0.508376

H          x =  4.405520  y = -5.593020  z =  0.768070 angstrom
           Maximum rank =  1   Radius =  0.350 angstrom
                   Q00  =   0.077045
|Q1| =   0.100544  Q10  =  -0.065408  Q11c =   0.076281  Q11s =  -0.003490

C          x =  4.120330  y = -8.602700  z = -1.206780 angstrom
           Maximum rank =  2   Radius =  0.650 angstrom
                   Q00  =  -0.025962
|Q1| =   0.119099  Q10  =  -0.017253  Q11c =   0.100956  Q11s =   0.060784
|Q2| =   1.285834  Q20  =  -1.172835  Q21c =  -0.153845  Q21s =  -0.410516
                   Q22c =  -0.276512  Q22s =  -0.095801

C          x = -1.835830  y = -4.132800  z = -1.457790 angstrom
           Maximum rank =  2   Radius =  0.650 angstrom
                   Q00  =  -0.066905
|Q1| =   0.096845  Q10  =  -0.009769  Q11c =   0.095934  Q11s =   0.008954
|Q2| =   1.535855  Q20  =  -1.455778  Q21c =  -0.201362  Q21s =  -0.409539
                   Q22c =   0.112298  Q22s =  -0.136673

H          x = -2.909000  y = -4.209150  z = -1.356710 angstrom
           Maximum rank =  1   Radius =  0.350 angstrom
                   Q00  =   0.073505
|Q1| =   0.099030  Q10  =  -0.010859  Q11c =   0.097044  Q11s =   0.016475

C          x =  5.117800  y =-10.737020  z = -0.907950 angstrom
           Maximum rank =  2   Radius =  0.650 angstrom
                   Q00  =  -0.041581
|Q1| =   0.087199  Q10  =  -0.047601  Q11c =   0.071452  Q11s =  -0.015248
|Q2| =   1.248020  Q20  =  -1.174117  Q21c =  -0.149187  Q21s =  -0.351571
                   Q22c =  -0.042614  Q22s =  -0.176999

C          x =  0.378160  y = -4.826520  z = -1.524090 angstrom
           Maximum rank =  2   Radius =  0.650 angstrom
                   Q00  =  -0.336736
|Q1| =   0.491698  Q10  =   0.086905  Q11c =  -0.138840  Q11s =  -0.463614
|Q2| =   1.462445  Q20  =  -1.212767  Q21c =  -0.171057  Q21s =  -0.219851
                   Q22c =   0.659452  Q22s =  -0.394295

C          x =  3.758560  y = -6.335470  z = -1.553890 angstrom
           Maximum rank =  2   Radius =  0.650 angstrom
                   Q00  =  -0.071439
|Q1| =   0.110376  Q10  =  -0.038035  Q11c =   0.025827  Q11s =  -0.100345
|Q2| =   1.250258  Q20  =  -1.159144  Q21c =  -0.192829  Q21s =  -0.329236
                   Q22c =   0.169281  Q22s =  -0.212825

C          x =  5.680950  y = -6.087180  z = -3.098770 angstrom
           Maximum rank =  2   Radius =  0.650 angstrom
                   Q00  =  -0.060804
|Q1| =   0.078290  Q10  =   0.003857  Q11c =  -0.077662  Q11s =   0.009110
|Q2| =   1.289219  Q20  =   0.642279  Q21c =  -0.549623  Q21s =  -0.018208
                   Q22c =  -0.944747  Q22s =   0.233664

C          x =  3.147030  y = -7.531720  z = -1.296640 angstrom
           Maximum rank =  2   Radius =  0.650 angstrom
                   Q00  =  -0.337838
|Q1| =   0.610840  Q10  =  -0.087443  Q11c =   0.594157  Q11s =   0.111608
|Q2| =   1.360842  Q20  =  -1.178667  Q21c =  -0.095253  Q21s =  -0.400872
                   Q22c =  -0.386771  Q22s =  -0.378514

C          x =  6.054670  y = -5.773150  z = -0.592300 angstrom
           Maximum rank =  2   Radius =  0.650 angstrom
                   Q00  =  -0.059653
|Q1| =   0.067929  Q10  =   0.012462  Q11c =   0.003496  Q11s =  -0.066684
|Q2| =   1.281426  Q20  =   0.343157  Q21c =  -0.083074  Q21s =   0.835984
                   Q22c =   0.742850  Q22s =   0.516430

C          x = -0.949500  y = -5.203170  z = -1.350350 angstrom
           Maximum rank =  2   Radius =  0.650 angstrom
                   Q00  =   0.077776
|Q1| =   0.126408  Q10  =   0.017812  Q11c =   0.028523  Q11s =  -0.121853
|Q2| =   1.139167  Q20  =  -1.063079  Q21c =  -0.148993  Q21s =  -0.349940
                   Q22c =  -0.150854  Q22s =   0.012281

C          x =  1.544390  y = -5.667410  z = -1.480820 angstrom
           Maximum rank =  2   Radius =  0.650 angstrom
                   Q00  =  -0.303863
|Q1| =   0.415926  Q10  =  -0.082779  Q11c =   0.087972  Q11s =   0.397999
|Q2| =   1.487009  Q20  =  -1.183551  Q21c =  -0.177351  Q21s =  -0.197603
                   Q22c =   0.741312  Q22s =  -0.436299

C          x = -1.214360  y = -2.914720  z = -1.714530 angstrom
           Maximum rank =  2   Radius =  0.650 angstrom
                   Q00  =  -0.312659
|Q1| =   0.435878  Q10  =   0.038831  Q11c =  -0.433613  Q11s =  -0.021497
|Q2| =   1.415088  Q20  =  -1.146317  Q21c =  -0.075621  Q21s =  -0.437834
                   Q22c =  -0.655125  Q22s =  -0.248646

C          x = -0.526920  y =  1.576590  z = -2.528060 angstrom
           Maximum rank =  2   Radius =  0.650 angstrom
                   Q00  =  -0.041154
|Q1| =   0.066926  Q10  =   0.007375  Q11c =  -0.065529  Q11s =  -0.011432
|Q2| =   1.239058  Q20  =  -1.159371  Q21c =  -0.189006  Q21s =  -0.370978
                   Q22c =  -0.049742  Q22s =   0.123697

C          x = -1.997200  y = -1.740890  z = -1.847670 angstrom
           Maximum rank =  2   Radius =  0.650 angstrom
                   Q00  =   0.019837
|Q1| =   0.021782  Q10  =  -0.001705  Q11c =  -0.014753  Q11s =   0.015934
|Q2| =   1.375996  Q20  =  -1.292255  Q21c =  -0.167597  Q21s =  -0.410072
                   Q22c =  -0.150180  Q22s =  -0.068112

H          x = -3.044380  y = -1.979520  z = -1.721350 angstrom
           Maximum rank =  1   Radius =  0.350 angstrom
                   Q00  =   0.091869
|Q1| =   0.071800  Q10  =  -0.011984  Q11c =   0.054750  Q11s =   0.044878

C          x =  6.140550  y = -4.314720  z = -4.680690 angstrom
           Maximum rank =  2   Radius =  0.650 angstrom
                   Q00  =  -0.032645
|Q1| =   0.075508  Q10  =   0.004509  Q11c =  -0.003805  Q11s =  -0.075277
|Q2| =   1.412762  Q20  =   0.528657  Q21c =  -0.470479  Q21s =  -0.010652
                   Q22c =  -1.202822  Q22s =   0.219485

H          x =  6.263770  y = -3.255190  z = -4.879000 angstrom
           Maximum rank =  1   Radius =  0.350 angstrom
                   Q00  =   0.048585
|Q1| =   0.115397  Q10  =   0.019299  Q11c =  -0.014193  Q11s =  -0.112883

C          x = -0.358950  y =  0.125940  z = -2.296750 angstrom
           Maximum rank =  2   Radius =  0.650 angstrom
                   Q00  =   0.192491
|Q1| =   0.029520  Q10  =   0.000132  Q11c =   0.026086  Q11s =  -0.013819
|Q2| =   0.764839  Q20  =  -0.693919  Q21c =  -0.069474  Q21s =  -0.171224
                   Q22c =   0.104827  Q22s =  -0.241502

C          x = -2.618450  y = -6.832070  z = -0.943290 angstrom
           Maximum rank =  2   Radius =  0.650 angstrom
                   Q00  =   0.170393
|Q1| =   0.143389  Q10  =  -0.009037  Q11c =   0.142509  Q11s =  -0.013035
|Q2| =   0.144438  Q20  =  -0.079838  Q21c =  -0.032988  Q21s =  -0.027075
                   Q22c =   0.035448  Q22s =   0.106820

H          x = -3.189930  y = -6.602640  z = -1.847160 angstrom
           Maximum rank =  1   Radius =  0.350 angstrom
                   Q00  =   0.047531
|Q1| =   0.113364  Q10  =   0.071867  Q11c =   0.087143  Q11s =   0.009623

H          x = -3.053140  y = -6.306480  z = -0.088250 angstrom
           Maximum rank =  1   Radius =  0.350 angstrom
                   Q00  =   0.047184
|Q1| =   0.113519  Q10  =  -0.083646  Q11c =   0.074950  Q11s =  -0.016510

C          x = -4.768140  y = -0.552430  z = -1.816640 angstrom
           Maximum rank =  2   Radius =  0.650 angstrom
                   Q00  =   0.060438
|Q1| =   0.100312  Q10  =  -0.017827  Q11c =   0.016878  Q11s =   0.097262
|Q2| =   1.203241  Q20  =  -0.659234  Q21c =  -0.206844  Q21s =  -0.344363
                   Q22c =  -0.411920  Q22s =   0.825924

C          x =  7.561160  y = -4.562690  z =  1.468890 angstrom
           Maximum rank =  2   Radius =  0.650 angstrom
                   Q00  =  -0.078209
|Q1| =   0.121951  Q10  =  -0.089034  Q11c =  -0.064967  Q11s =  -0.052194
|Q2| =   1.148644  Q20  =   0.332015  Q21c =  -0.086974  Q21s =   0.713358
                   Q22c =   0.728547  Q22s =   0.402398

C          x = -1.709360  y = -0.427490  z = -2.092340 angstrom
           Maximum rank =  2   Radius =  0.650 angstrom
                   Q00  =  -0.066504
|Q1| =   0.063616  Q10  =  -0.011811  Q11c =   0.030174  Q11s =   0.054745
|Q2| =   1.341270  Q20  =  -1.250001  Q21c =  -0.172555  Q21s =  -0.412097
                   Q22c =  -0.191330  Q22s =   0.017253

C          x =  6.105000  y = -6.574080  z = -5.428020 angstrom
           Maximum rank =  2   Radius =  0.650 angstrom
                   Q00  =  -0.033217
|Q1| =   0.074934  Q10  =   0.049900  Q11c =  -0.006805  Q11s =   0.055486
|Q2| =   1.405377  Q20  =   0.613826  Q21c =  -0.468615  Q21s =   0.153198
                   Q22c =  -1.150575  Q22s =   0.177229

H          x =  6.198860  y = -7.310910  z = -6.218410 angstrom
           Maximum rank =  1   Radius =  0.350 angstrom
                   Q00  =   0.044945
|Q1| =   0.117473  Q10  =   0.086972  Q11c =  -0.010553  Q11s =   0.078260

C          x =  0.073330  y =  3.812000  z = -2.955030 angstrom
           Maximum rank =  2   Radius =  0.650 angstrom
                   Q00  =   0.174401
|Q1| =   0.153797  Q10  =  -0.028363  Q11c =   0.062369  Q11s =   0.137692
|Q2| =   1.057234  Q20  =  -0.993711  Q21c =  -0.157577  Q21s =  -0.313829
                   Q22c =  -0.034343  Q22s =   0.076043

C          x =  0.466470  y =  2.505830  z = -2.766900 angstrom
           Maximum rank =  2   Radius =  0.650 angstrom
                   Q00  =   0.023140
|Q1| =   0.066826  Q10  =   0.002219  Q11c =  -0.064091  Q11s =   0.018790
|Q2| =   1.377563  Q20  =  -1.307741  Q21c =  -0.188013  Q21s =  -0.381941
                   Q22c =   0.054193  Q22s =  -0.057710

H          x =  1.510670  y =  2.223730  z = -2.805330 angstrom
           Maximum rank =  1   Radius =  0.350 angstrom
                   Q00  =   0.098637
|Q1| =   0.085076  Q10  =   0.005662  Q11c =  -0.084553  Q11s =   0.007526

C          x =  7.417710  y = -5.526540  z = -0.746700 angstrom
           Maximum rank =  2   Radius =  0.650 angstrom
                   Q00  =  -0.051436
|Q1| =   0.103817  Q10  =   0.043126  Q11c =  -0.093877  Q11s =   0.010259
|Q2| =   1.487510  Q20  =   0.563057  Q21c =  -0.190971  Q21s =   0.838755
                   Q22c =   0.954490  Q22s =   0.494594

H          x =  7.909480  y = -5.788450  z = -1.675640 angstrom
           Maximum rank =  1   Radius =  0.350 angstrom
                   Q00  =   0.074157
|Q1| =   0.106322  Q10  =   0.058660  Q11c =  -0.087081  Q11s =   0.016740

C          x =  6.278720  y = -5.228870  z = -5.723880 angstrom
           Maximum rank =  2   Radius =  0.650 angstrom
                   Q00  =  -0.078087
|Q1| =   0.121388  Q10  =   0.112181  Q11c =  -0.028368  Q11s =  -0.036683
|Q2| =   1.148184  Q20  =   0.559314  Q21c =  -0.412945  Q21s =  -0.018331
                   Q22c =  -0.898901  Q22s =   0.163134

C          x =  6.202610  y = -4.813480  z =  1.621750 angstrom
           Maximum rank =  2   Radius =  0.650 angstrom
                   Q00  =  -0.032589
|Q1| =   0.075149  Q10  =  -0.062506  Q11c =   0.039730  Q11s =  -0.012720
|Q2| =   1.403053  Q20  =   0.443078  Q21c =  -0.281843  Q21s =   0.850699
                   Q22c =   0.894165  Q22s =   0.411805

H          x =  5.710280  y = -4.539720  z =  2.548740 angstrom
           Maximum rank =  1   Radius =  0.350 angstrom
                   Q00  =   0.046328
|Q1| =   0.116697  Q10  =  -0.099972  Q11c =   0.052574  Q11s =  -0.029321

C          x = -1.879290  y =  1.907000  z = -2.472250 angstrom
           Maximum rank =  2   Radius =  0.650 angstrom
                   Q00  =  -0.021844
|Q1| =   0.075820  Q10  =   0.002173  Q11c =   0.062317  Q11s =  -0.043133
|Q2| =   1.248530  Q20  =  -1.169093  Q21c =  -0.156424  Q21s =  -0.378568
                   Q22c =  -0.153440  Q22s =  -0.026879

C          x = -2.666520  y =  0.676000  z = -2.199260 angstrom
           Maximum rank =  2   Radius =  0.650 angstrom
                   Q00  =   0.031607
|Q1| =   0.043599  Q10  =  -0.006564  Q11c =   0.037977  Q11s =   0.020384
|Q2| =   1.165313  Q20  =  -1.077964  Q21c =  -0.182337  Q21s =  -0.274567
                   Q22c =   0.295184  Q22s =  -0.013460

C          x =  8.357810  y = -3.887410  z =  2.552300 angstrom
           Maximum rank =  2   Radius =  0.650 angstrom
                   Q00  =   0.023060
|Q1| =   0.022471  Q10  =  -0.012124  Q11c =  -0.011962  Q11s =  -0.014658
|Q2| =   0.104960  Q20  =   0.040451  Q21c =   0.066144  Q21s =   0.056358
                   Q22c =   0.026026  Q22s =   0.033937

H          x =  7.914150  y = -4.055640  z =  3.534680 angstrom
           Maximum rank =  1   Radius =  0.350 angstrom
                   Q00  =   0.025094
|Q1| =   0.125056  Q10  =  -0.124149  Q11c =   0.013509  Q11s =  -0.006599

H          x =  9.385290  y = -4.254500  z =  2.577150 angstrom
           Maximum rank =  1   Radius =  0.350 angstrom
                   Q00  =   0.025714
|Q1| =   0.125076  Q10  =  -0.038236  Q11c =  -0.118575  Q11s =   0.011045

C          x =  8.155000  y = -4.934530  z =  0.265710 angstrom
           Maximum rank =  2   Radius =  0.650 angstrom
                   Q00  =  -0.033606
|Q1| =   0.076837  Q10  =   0.016289  Q11c =  -0.075071  Q11s =  -0.001672
|Q2| =   1.412029  Q20  =   0.306339  Q21c =  -0.218390  Q21s =   0.796015
                   Q22c =   0.987987  Q22s =   0.492474

H          x =  9.214480  y = -4.755560  z =  0.115840 angstrom
           Maximum rank =  1   Radius =  0.350 angstrom
                   Q00  =   0.046494
|Q1| =   0.116989  Q10  =   0.017579  Q11c =  -0.114070  Q11s =  -0.019116

C          x =  6.621850  y = -4.767660  z = -7.114530 angstrom
           Maximum rank =  2   Radius =  0.650 angstrom
                   Q00  =   0.023196
|Q1| =   0.023377  Q10  =   0.016967  Q11c =  -0.010445  Q11s =  -0.012228
|Q2| =   0.103258  Q20  =   0.089292  Q21c =  -0.029804  Q21s =  -0.038652
                   Q22c =  -0.017241  Q22s =   0.003103

H          x =  6.035210  y = -3.891220  z = -7.397240 angstrom
           Maximum rank =  1   Radius =  0.350 angstrom
                   Q00  =   0.027974
|Q1| =   0.124119  Q10  =   0.071673  Q11c =   0.041192  Q11s =  -0.092583

H          x =  6.434270  y = -5.551080  z = -7.849800 angstrom
           Maximum rank =  1   Radius =  0.350 angstrom
                   Q00  =   0.023769
|Q1| =   0.125344  Q10  =   0.112134  Q11c =   0.005854  Q11s =   0.055703

C          x = -1.274120  y =  4.161530  z = -2.902800 angstrom
           Maximum rank =  2   Radius =  0.650 angstrom
                   Q00  =   0.177371
|Q1| =   0.158450  Q10  =  -0.026720  Q11c =   0.004645  Q11s =   0.156111
|Q2| =   1.052479  Q20  =  -0.993764  Q21c =  -0.137058  Q21s =  -0.310112
                   Q22c =  -0.066034  Q22s =  -0.028824

C          x = -2.264810  y =  3.231570  z = -2.664010 angstrom
           Maximum rank =  2   Radius =  0.650 angstrom
                   Q00  =   0.006780
|Q1| =   0.072078  Q10  =  -0.006016  Q11c =   0.071825  Q11s =   0.000482
|Q2| =   1.434864  Q20  =  -1.361994  Q21c =  -0.195193  Q21s =  -0.394875
                   Q22c =   0.067939  Q22s =  -0.071867

H          x = -3.287410  y =  3.575470  z = -2.637640 angstrom
           Maximum rank =  1   Radius =  0.350 angstrom
                   Q00  =   0.111403
|Q1| =   0.063045  Q10  =   0.002873  Q11c =   0.048292  Q11s =  -0.040426

C          x = -4.027420  y =  0.637730  z = -2.079640 angstrom
           Maximum rank =  2   Radius =  0.650 angstrom
                   Q00  =  -0.022149
|Q1| =   0.023022  Q10  =   0.001812  Q11c =  -0.022932  Q11s =   0.000932
|Q2| =   1.314350  Q20  =  -1.243745  Q21c =  -0.194288  Q21s =  -0.353209
                   Q22c =   0.133830  Q22s =  -0.014124

N          x = -5.544150  y =  2.707130  z = -2.303080 angstrom
           Maximum rank =  2   Radius =  0.650 angstrom
                   Q00  =  -0.225181
|Q1| =   0.562689  Q10  =   0.052241  Q11c =   0.314140  Q11s =  -0.463903
|Q2| =   0.621786  Q20  =  -0.341174  Q21c =   0.042707  Q21s =  -0.074007
                   Q22c =  -0.087103  Q22s =  -0.505303

C          x = -4.853870  y =  1.793240  z = -2.206130 angstrom
           Maximum rank =  2   Radius =  0.650 angstrom
                   Q00  =   0.058152
|Q1| =   0.105614  Q10  =   0.014497  Q11c =   0.029633  Q11s =  -0.100329
|Q2| =   1.210162  Q20  =  -0.700299  Q21c =   0.076846  Q21s =  -0.178863
                   Q22c =  -0.278210  Q22s =  -0.926701

S          x =  9.057050  y =-11.364540  z = -1.167400 angstrom
           Maximum rank =  2   Radius =  0.650 angstrom
                   Q00  =   0.783686
|Q1| =   1.010992  Q10  =   0.186106  Q11c =  -0.692453  Q11s =  -0.712725
|Q2| =   2.414913  Q20  =  -2.122839  Q21c =  -0.194530  Q21s =  -0.507448
                   Q22c =   0.361186  Q22s =  -0.948451

F          x =  9.530910  y =-23.529110  z =  0.847670 angstrom
           Maximum rank =  2   Radius =  0.650 angstrom
                   Q00  =  -0.205496
|Q1| =   0.223264  Q10  =  -0.037161  Q11c =   0.173682  Q11s =   0.135280
|Q2| =   0.699183  Q20  =  -0.275274  Q21c =  -0.144504  Q21s =  -0.138559
                   Q22c =  -0.010368  Q22s =   0.610650

N          x = 15.884140  y =-17.260490  z = -0.737370 angstrom
           Maximum rank =  2   Radius =  0.650 angstrom
                   Q00  =  -0.231098
|Q1| =   0.571528  Q10  =   0.105826  Q11c =  -0.272041  Q11s =  -0.491364
|Q2| =   0.620825  Q20  =  -0.302654  Q21c =  -0.118991  Q21s =  -0.156751
                   Q22c =  -0.125154  Q22s =   0.489316

S          x =  9.987070  y =-15.630210  z = -0.521880 angstrom
           Maximum rank =  2   Radius =  0.650 angstrom
                   Q00  =   0.805111
|Q1| =   0.918959  Q10  =  -0.140701  Q11c =   0.782825  Q11s =   0.460297
|Q2| =   2.452694  Q20  =  -2.164379  Q21c =  -0.159394  Q21s =  -0.697788
                   Q22c =  -0.602645  Q22s =  -0.675038

F          x = 12.099350  y =-24.200520  z =  0.749040 angstrom
           Maximum rank =  2   Radius =  0.650 angstrom
                   Q00  =  -0.203782
|Q1| =   0.222651  Q10  =  -0.027581  Q11c =  -0.083766  Q11s =   0.204441
|Q2| =   0.696084  Q20  =  -0.291698  Q21c =   0.052197  Q21s =  -0.152408
                   Q22c =  -0.527298  Q22s =  -0.308949

C          x =  7.648710  y =-13.491220  z = -0.677380 angstrom
           Maximum rank =  2   Radius =  0.650 angstrom
                   Q00  =  -0.047183
|Q1| =   0.102360  Q10  =   0.012571  Q11c =   0.009159  Q11s =   0.101172
|Q2| =   1.484500  Q20  =  -1.386249  Q21c =  -0.240426  Q21s =  -0.466985
                   Q22c =  -0.040451  Q22s =  -0.067376

H          x =  7.372650  y =-14.515520  z = -0.467760 angstrom
           Maximum rank =  1   Radius =  0.350 angstrom
                   Q00  =   0.087268
|Q1| =   0.093798  Q10  =  -0.014229  Q11c =   0.015699  Q11s =   0.091373

C          x =  6.524300  y = -8.798180  z = -1.395910 angstrom
           Maximum rank =  2   Radius =  0.650 angstrom
                   Q00  =  -0.018237
|Q1| =   0.106704  Q10  =   0.046556  Q11c =  -0.089499  Q11s =  -0.034761
|Q2| =   1.454182  Q20  =  -1.380899  Q21c =  -0.198553  Q21s =  -0.409121
                   Q22c =  -0.005969  Q22s =  -0.030389

H          x =  7.502630  y = -8.363590  z = -1.561950 angstrom
           Maximum rank =  1   Radius =  0.350 angstrom
                   Q00  =   0.082993
|Q1| =   0.103152  Q10  =   0.018022  Q11c =  -0.099314  Q11s =  -0.021267

C          x =  4.652290  y =-14.027200  z =  1.052370 angstrom
           Maximum rank =  2   Radius =  0.650 angstrom
                   Q00  =  -0.049120
|Q1| =   0.102209  Q10  =   0.014456  Q11c =   0.003656  Q11s =   0.101116
|Q2| =   1.476423  Q20  =   0.752234  Q21c =  -0.433930  Q21s =   0.092867
                   Q22c =  -1.167581  Q22s =   0.231956

H          x =  4.741930  y =-14.764140  z =  0.263120 angstrom
           Maximum rank =  1   Radius =  0.350 angstrom
                   Q00  =   0.074221
|Q1| =   0.105867  Q10  =   0.037204  Q11c =  -0.009524  Q11s =   0.098656

O          x = 11.751470  y =-12.265240  z = -1.236120 angstrom
           Maximum rank =  2   Radius =  0.650 angstrom
                   Q00  =  -0.392332
|Q1| =   0.519029  Q10  =   0.047341  Q11c =   0.302329  Q11s =  -0.419223
|Q2| =   1.135683  Q20  =  -0.650282  Q21c =  -0.230931  Q21s =  -0.284646
                   Q22c =  -0.067585  Q22s =   0.853222

C          x =  4.691000  y =-11.761610  z =  1.795870 angstrom
           Maximum rank =  2   Radius =  0.650 angstrom
                   Q00  =  -0.034669
|Q1| =   0.097395  Q10  =  -0.045093  Q11c =   0.023133  Q11s =  -0.083171
|Q2| =   1.471774  Q20  =   0.597236  Q21c =  -0.495411  Q21s =  -0.092487
                   Q22c =  -1.226102  Q22s =   0.228292

H          x =  4.826890  y =-10.704550  z =  1.608490 angstrom
           Maximum rank =  1   Radius =  0.350 angstrom
                   Q00  =   0.077152
|Q1| =   0.098328  Q10  =  -0.042819  Q11c =  -0.006268  Q11s =  -0.088292

C          x =  5.235060  y =-12.251140  z = -0.659820 angstrom
           Maximum rank =  2   Radius =  0.650 angstrom
                   Q00  =  -0.009606
|Q1| =   0.059945  Q10  =  -0.011327  Q11c =   0.046852  Q11s =   0.035637
|Q2| =   0.189233  Q20  =   0.019318  Q21c =   0.035005  Q21s =  -0.077076
                   Q22c =   0.025724  Q22s =   0.166157

O          x =  9.805080  y =-18.291290  z = -0.060190 angstrom
           Maximum rank =  2   Radius =  0.650 angstrom
                   Q00  =  -0.416858
|Q1| =   0.557949  Q10  =   0.022455  Q11c =   0.437507  Q11s =  -0.345530
|Q2| =   0.975346  Q20  =  -0.169626  Q21c =   0.041298  Q21s =   0.122525
                   Q22c =   0.655655  Q22s =  -0.689873

C          x =  5.039820  y =-13.352490  z = -2.953750 angstrom
           Maximum rank =  2   Radius =  0.650 angstrom
                   Q00  =  -0.033453
|Q1| =   0.097275  Q10  =   0.067425  Q11c =  -0.065783  Q11s =   0.024267
|Q2| =   1.455203  Q20  =   0.320999  Q21c =  -0.110810  Q21s =   0.845210
                   Q22c =   1.014827  Q22s =   0.507982

H          x =  6.095110  y =-13.167980  z = -3.110630 angstrom
           Maximum rank =  1   Radius =  0.350 angstrom
                   Q00  =   0.077318
|Q1| =   0.100369  Q10  =   0.065343  Q11c =  -0.076103  Q11s =   0.003547

C          x =  6.380250  y =-10.158170  z = -1.135840 angstrom
           Maximum rank =  2   Radius =  0.650 angstrom
                   Q00  =  -0.025370
|Q1| =   0.118935  Q10  =   0.017337  Q11c =  -0.100512  Q11s =  -0.061175
|Q2| =   1.284396  Q20  =  -1.171464  Q21c =  -0.153645  Q21s =  -0.410112
                   Q22c =  -0.276445  Q22s =  -0.095526

C          x = 12.336420  y =-14.628060  z = -0.884760 angstrom
           Maximum rank =  2   Radius =  0.650 angstrom
                   Q00  =  -0.064537
|Q1| =   0.096162  Q10  =   0.009552  Q11c =  -0.095382  Q11s =  -0.007618
|Q2| =   1.527712  Q20  =  -1.448057  Q21c =  -0.200383  Q21s =  -0.407233
                   Q22c =   0.112627  Q22s =  -0.135499

H          x = 13.409580  y =-14.551710  z = -0.985820 angstrom
           Maximum rank =  1   Radius =  0.350 angstrom
                   Q00  =   0.074287
|Q1| =   0.098460  Q10  =   0.010791  Q11c =  -0.096503  Q11s =  -0.016277

C          x =  5.382780  y = -8.023850  z = -1.434680 angstrom
           Maximum rank =  2   Radius =  0.650 angstrom
                   Q00  =  -0.041075
|Q1| =   0.087077  Q10  =   0.047695  Q11c =  -0.071272  Q11s =   0.015097
|Q2| =   1.246892  Q20  =  -1.173071  Q21c =  -0.149078  Q21s =  -0.351270
                   Q22c =  -0.042624  Q22s =  -0.176667

C          x = 10.122420  y =-13.934340  z = -0.818490 angstrom
           Maximum rank =  2   Radius =  0.650 angstrom
                   Q00  =  -0.335364
|Q1| =   0.492334  Q10  =  -0.086921  Q11c =   0.137785  Q11s =   0.464600
|Q2| =   1.459441  Q20  =  -1.209741  Q21c =  -0.170511  Q21s =  -0.219069
                   Q22c =   0.658786  Q22s =  -0.394245

C          x =  6.742020  y =-12.425400  z = -0.788720 angstrom
           Maximum rank =  2   Radius =  0.650 angstrom
                   Q00  =  -0.072054
|Q1| =   0.109846  Q10  =   0.038205  Q11c =  -0.025691  Q11s =   0.099733
|Q2| =   1.251625  Q20  =  -1.160366  Q21c =  -0.192946  Q21s =  -0.329537
                   Q22c =   0.169650  Q22s =  -0.213338

C          x =  4.819630  y =-12.673690  z =  0.756150 angstrom
           Maximum rank =  2   Radius =  0.650 angstrom
                   Q00  =  -0.060683
|Q1| =   0.078625  Q10  =  -0.003757  Q11c =   0.078010  Q11s =  -0.009072
|Q2| =   1.288856  Q20  =   0.641982  Q21c =  -0.549390  Q21s =  -0.018190
                   Q22c =  -0.944609  Q22s =   0.233588

C          x =  7.353550  y =-11.229150  z = -1.045970 angstrom
           Maximum rank =  2   Radius =  0.650 angstrom
                   Q00  =  -0.338644
|Q1| =   0.610752  Q10  =   0.087418  Q11c =  -0.594190  Q11s =  -0.110970
|Q2| =   1.362822  Q20  =  -1.180617  Q21c =  -0.095458  Q21s =  -0.401450
                   Q22c =  -0.386795  Q22s =  -0.378868

C          x =  4.445920  y =-12.987720  z = -1.750330 angstrom
           Maximum rank =  2   Radius =  0.650 angstrom
                   Q00  =  -0.059417
|Q1| =   0.068009  Q10  =  -0.012538  Q11c =  -0.003434  Q11s =   0.066756
|Q2| =   1.280780  Q20  =   0.342820  Q21c =  -0.083143  Q21s =   0.835540
                   Q22c =   0.742650  Q22s =   0.516045

C          x = 11.450080  y =-13.557690  z = -0.992200 angstrom
           Maximum rank =  2   Radius =  0.650 angstrom
                   Q00  =   0.077482
|Q1| =   0.126095  Q10  =  -0.017835  Q11c =  -0.027560  Q11s =   0.121747
|Q2| =   1.138911  Q20  =  -1.063044  Q21c =  -0.148860  Q21s =  -0.349678
                   Q22c =  -0.149978  Q22s =   0.011312

C          x =  8.956190  y =-13.093450  z = -0.861780 angstrom
           Maximum rank =  2   Radius =  0.650 angstrom
                   Q00  =  -0.304817
|Q1| =   0.416031  Q10  =   0.082813  Q11c =  -0.086729  Q11s =  -0.398374
|Q2| =   1.489654  Q20  =  -1.185978  Q21c =  -0.177603  Q21s =  -0.198159
                   Q22c =   0.741954  Q22s =  -0.437288

C          x = 11.714940  y =-15.846150  z = -0.628030 angstrom
           Maximum rank =  2   Radius =  0.650 angstrom
                   Q00  =  -0.313744
|Q1| =   0.436047  Q10  =  -0.038643  Q11c =   0.433838  Q11s =   0.020698
|Q2| =   1.417126  Q20  =  -1.148142  Q21c =  -0.075655  Q21s =  -0.438364
                   Q22c =  -0.655551  Q22s =  -0.249762

C          x = 11.027480  y =-20.337470  z =  0.185400 angstrom
           Maximum rank =  2   Radius =  0.650 angstrom
                   Q00  =  -0.040993
|Q1| =   0.066613  Q10  =  -0.007255  Q11c =   0.065273  Q11s =   0.011141
|Q2| =   1.238492  Q20  =  -1.158862  Q21c =  -0.188856  Q21s =  -0.370757
                   Q22c =  -0.049766  Q22s =   0.123683

C          x = 12.497790  y =-17.019980  z = -0.494880 angstrom
           Maximum rank =  2   Radius =  0.650 angstrom
                   Q00  =   0.023357
|Q1| =   0.021077  Q10  =   0.001506  Q11c =   0.015127  Q11s =  -0.014599
|Q2| =   1.365326  Q20  =  -1.282173  Q21c =  -0.166217  Q21s =  -0.406961
                   Q22c =  -0.149572  Q22s =  -0.067307

H          x = 13.544960  y =-16.781330  z = -0.621180 angstrom
           Maximum rank =  1   Radius =  0.350 angstrom
                   Q00  =   0.092607
|Q1| =   0.071446  Q10  =   0.011936  Q11c =  -0.054481  Q11s =  -0.044653

C          x =  4.360060  y =-14.446140  z =  2.338090 angstrom
           Maximum rank =  2   Radius =  0.650 angstrom
                   Q00  =  -0.032821
|Q1| =   0.075573  Q10  =  -0.004447  Q11c =   0.004229  Q11s =   0.075323
|Q2| =   1.413419  Q20  =   0.528924  Q21c =  -0.470640  Q21s =  -0.010716
                   Q22c =  -1.203454  Q22s =   0.219260

H          x =  4.236870  y =-15.505670  z =  2.536410 angstrom
           Maximum rank =  1   Radius =  0.350 angstrom
                   Q00  =   0.048403
|Q1| =   0.115552  Q10  =  -0.019316  Q11c =   0.014290  Q11s =   0.113027

C          x = 10.859520  y =-18.886810  z = -0.045880 angstrom
           Maximum rank =  2   Radius =  0.650 angstrom
                   Q00  =   0.192661
|Q1| =   0.029353  Q10  =  -0.000119  Q11c =  -0.025855  Q11s =   0.013895
|Q2| =   0.764250  Q20  =  -0.693302  Q21c =  -0.069375  Q21s =  -0.170961
                   Q22c =   0.105133  Q22s =  -0.241488

C          x = 13.119050  y =-11.928770  z = -1.399100 angstrom
           Maximum rank =  2   Radius =  0.650 angstrom
                   Q00  =   0.170409
|Q1| =   0.143146  Q10  =   0.008957  Q11c =  -0.142242  Q11s =   0.013335
|Q2| =   0.145294  Q20  =  -0.080035  Q21c =  -0.033200  Q21s =  -0.026958
                   Q22c =   0.036453  Q22s =   0.107457

H          x = 13.690440  y =-12.158230  z = -0.495170 angstrom
           Maximum rank =  1   Radius =  0.350 angstrom
                   Q00  =   0.047763
|Q1| =   0.113044  Q10  =  -0.071718  Q11c =  -0.086862  Q11s =  -0.009508

H          x = 13.553830  y =-12.454310  z = -2.254120 angstrom
           Maximum rank =  1   Radius =  0.350 angstrom
                   Q00  =   0.047361
|Q1| =   0.113240  Q10  =   0.083457  Q11c =  -0.074725  Q11s =   0.016567

C          x = 15.268770  y =-18.208470  z = -0.525790 angstrom
           Maximum rank =  2   Radius =  0.650 angstrom
                   Q00  =   0.060933
|Q1| =   0.101193  Q10  =   0.018009  Q11c =  -0.016253  Q11s =  -0.098242
|Q2| =   1.201631  Q20  =  -0.657414  Q21c =  -0.206409  Q21s =  -0.343536
                   Q22c =  -0.411681  Q22s =   0.825604

C          x =  2.939440  y =-14.198180  z = -3.811530 angstrom
           Maximum rank =  2   Radius =  0.650 angstrom
                   Q00  =  -0.078486
|Q1| =   0.121957  Q10  =   0.088974  Q11c =   0.065060  Q11s =   0.052196
|Q2| =   1.149514  Q20  =   0.332375  Q21c =  -0.086892  Q21s =   0.714087
                   Q22c =   0.728937  Q22s =   0.402604

C          x = 12.209940  y =-18.333380  z = -0.250230 angstrom
           Maximum rank =  2   Radius =  0.650 angstrom
                   Q00  =  -0.066640
|Q1| =   0.064833  Q10  =   0.012085  Q11c =  -0.029949  Q11s =  -0.056216
|Q2| =   1.340643  Q20  =  -1.249331  Q21c =  -0.172256  Q21s =  -0.411922
                   Q22c =  -0.191989  Q22s =   0.016855

C          x =  4.395540  y =-12.186770  z =  3.085380 angstrom
           Maximum rank =  2   Radius =  0.650 angstrom
                   Q00  =  -0.033198
|Q1| =   0.074928  Q10  =  -0.049845  Q11c =   0.007262  Q11s =  -0.055471
|Q2| =   1.405340  Q20  =   0.613726  Q21c =  -0.468404  Q21s =   0.153204
                   Q22c =  -1.150652  Q22s =   0.177332

H          x =  4.301640  y =-11.449930  z =  3.875760 angstrom
           Maximum rank =  1   Radius =  0.350 angstrom
                   Q00  =   0.044954
|Q1| =   0.117465  Q10  =  -0.086976  Q11c =   0.010653  Q11s =  -0.078228

C          x = 10.427210  y =-22.572880  z =  0.612280 angstrom
           Maximum rank =  2   Radius =  0.650 angstrom
                   Q00  =   0.175106
|Q1| =   0.153936  Q10  =   0.028431  Q11c =  -0.062152  Q11s =  -0.137932
|Q2| =   1.055239  Q20  =  -0.991856  Q21c =  -0.157207  Q21s =  -0.313196
                   Q22c =  -0.034416  Q22s =   0.075898

C          x = 10.034080  y =-21.266710  z =  0.424180 angstrom
           Maximum rank =  2   Radius =  0.650 angstrom
                   Q00  =   0.023370
|Q1| =   0.066820  Q10  =  -0.002205  Q11c =   0.064154  Q11s =  -0.018554
|Q2| =   1.376673  Q20  =  -1.306923  Q21c =  -0.187853  Q21s =  -0.381623
                   Q22c =   0.054183  Q22s =  -0.057618

H          x =  8.989880  y =-20.984610  z =  0.462580 angstrom
           Maximum rank =  1   Radius =  0.350 angstrom
                   Q00  =   0.098680
|Q1| =   0.085045  Q10  =  -0.005645  Q11c =   0.084522  Q11s =  -0.007532

C          x =  3.082860  y =-13.234260  z = -1.595970 angstrom
           Maximum rank =  2   Radius =  0.650 angstrom
                   Q00  =  -0.051554
|Q1| =   0.103940  Q10  =  -0.043136  Q11c =   0.094022  Q11s =  -0.010140
|Q2| =   1.487998  Q20  =   0.563405  Q21c =  -0.190765  Q21s =   0.839328
                   Q22c =   0.954560  Q22s =   0.494636

H          x =  2.591070  y =-12.972290  z = -0.667060 angstrom
           Maximum rank =  1   Radius =  0.350 angstrom
                   Q00  =   0.074017
|Q1| =   0.106485  Q10  =  -0.058722  Q11c =   0.087242  Q11s =  -0.016718

C          x =  4.221860  y =-13.531980  z =  3.381260 angstrom
           Maximum rank =  2   Radius =  0.650 angstrom
                   Q00  =  -0.078254
|Q1| =   0.121391  Q10  =  -0.112083  Q11c =   0.028767  Q11s =   0.036684
|Q2| =   1.148724  Q20  =   0.559726  Q21c =  -0.413026  Q21s =  -0.018396
                   Q22c =  -0.899299  Q22s =   0.163108

C          x =  4.298010  y =-13.947460  z = -3.964350 angstrom
           Maximum rank =  2   Radius =  0.650 angstrom
                   Q00  =  -0.032518
|Q1| =   0.075102  Q10  =   0.062505  Q11c =  -0.039609  Q11s =   0.012826
|Q2| =   1.402813  Q20  =   0.442776  Q21c =  -0.281993  Q21s =   0.850498
                   Q22c =   0.894176  Q22s =   0.411602

H          x =  4.790360  y =-14.221290  z = -4.891310 angstrom
           Maximum rank =  1   Radius =  0.350 angstrom
                   Q00  =   0.046430
|Q1| =   0.116598  Q10  =   0.099913  Q11c =  -0.052452  Q11s =   0.029348

C          x = 12.379840  y =-20.667880  z =  0.129630 angstrom
           Maximum rank =  2   Radius =  0.650 angstrom
                   Q00  =  -0.021878
|Q1| =   0.075664  Q10  =  -0.002152  Q11c =  -0.062104  Q11s =   0.043169
|Q2| =   1.248252  Q20  =  -1.168814  Q21c =  -0.156324  Q21s =  -0.378474
                   Q22c =  -0.153676  Q22s =  -0.026647

C          x = 13.167100  y =-19.436870  z = -0.143300 angstrom
           Maximum rank =  2   Radius =  0.650 angstrom
                   Q00  =   0.033367
|Q1| =   0.044735  Q10  =   0.006657  Q11c =  -0.039497  Q11s =  -0.019922
|Q2| =   1.160118  Q20  =  -1.072860  Q21c =  -0.181435  Q21s =  -0.272901
                   Q22c =   0.295401  Q22s =  -0.013829

C          x =  2.142770  y =-14.873450  z = -4.894940 angstrom
           Maximum rank =  2   Radius =  0.650 angstrom
                   Q00  =   0.023047
|Q1| =   0.022652  Q10  =   0.012132  Q11c =   0.012204  Q11s =   0.014731
|Q2| =   0.104295  Q20  =   0.040187  Q21c =   0.065792  Q21s =   0.056192
                   Q22c =   0.025889  Q22s =   0.033258

H          x =  2.587030  y =-14.706120  z = -5.877200 angstrom
           Maximum rank =  1   Radius =  0.350 angstrom
                   Q00  =   0.025117
|Q1| =   0.125073  Q10  =   0.124167  Q11c =  -0.013439  Q11s =   0.006720

H          x =  1.115600  y =-14.505550  z = -4.920470 angstrom
           Maximum rank =  1   Radius =  0.350 angstrom
                   Q00  =   0.025339
|Q1| =   0.125433  Q10  =   0.038363  Q11c =   0.118904  Q11s =  -0.011110

C          x =  2.345580  y =-13.826270  z = -2.608380 angstrom
           Maximum rank =  2   Radius =  0.650 angstrom
                   Q00  =  -0.033932
|Q1| =   0.076998  Q10  =  -0.016310  Q11c =   0.075230  Q11s =   0.001759
|Q2| =   1.413267  Q20  =   0.306591  Q21c =  -0.218573  Q21s =   0.796837
                   Q22c =   0.988841  Q22s =   0.492743

H          x =  1.286080  y =-14.005190  z = -2.458540 angstrom
           Maximum rank =  1   Radius =  0.350 angstrom
                   Q00  =   0.046066
|Q1| =   0.117368  Q10  =  -0.017617  Q11c =   0.114441  Q11s =   0.019189

C          x =  3.878740  y =-13.993180  z =  4.771910 angstrom
           Maximum rank =  2   Radius =  0.650 angstrom
                   Q00  =   0.023184
|Q1| =   0.023518  Q10  =  -0.016983  Q11c =   0.010668  Q11s =   0.012284
|Q2| =   0.102952  Q20  =   0.089136  Q21c =  -0.029518  Q21s =  -0.038595
                   Q22c =  -0.016810  Q22s =   0.003223

H          x =  4.465540  y =-14.869490  z =  5.054700 angstrom
           Maximum rank =  1   Radius =  0.350 angstrom
                   Q00  =   0.028031
|Q1| =   0.124089  Q10  =  -0.071678  Q11c =  -0.041068  Q11s =   0.092595

H          x =  4.066120  y =-13.209690  z =  5.507160 angstrom
           Maximum rank =  1   Radius =  0.350 angstrom
                   Q00  =   0.023821
|Q1| =   0.125319  Q10  =  -0.112128  Q11c =  -0.005705  Q11s =  -0.055675

C          x = 11.774660  y =-22.922410  z =  0.560090 angstrom
           Maximum rank =  2   Radius =  0.650 angstrom
                   Q00  =   0.177954
|Q1| =   0.158465  Q10  =   0.026775  Q11c =  -0.004737  Q11s =  -0.156115
|Q2| =   1.050534  Q20  =  -0.991990  Q21c =  -0.136801  Q21s =  -0.309442
                   Q22c =  -0.065494  Q22s =  -0.028627

C          x = 12.765360  y =-21.992450  z =  0.321360 angstrom
           Maximum rank =  2   Radius =  0.650 angstrom
                   Q00  =   0.007889
|Q1| =   0.071832  Q10  =   0.006068  Q11c =  -0.071572  Q11s =  -0.000584
|Q2| =   1.430989  Q20  =  -1.358348  Q21c =  -0.194454  Q21s =  -0.393732
                   Q22c =   0.067579  Q22s =  -0.072227

H          x = 13.787960  y =-22.336350  z =  0.295010 angstrom
           Maximum rank =  1   Radius =  0.350 angstrom
                   Q00  =   0.111954
|Q1| =   0.062670  Q10  =  -0.002839  Q11c =  -0.048032  Q11s =   0.040155

C          x = 14.528000  y =-19.398620  z = -0.262860 angstrom
           Maximum rank =  2   Radius =  0.650 angstrom
                   Q00  =  -0.019759
|Q1| =   0.024473  Q10  =  -0.001873  Q11c =   0.024383  Q11s =  -0.000942
|Q2| =   1.307080  Q20  =  -1.236839  Q21c =  -0.193206  Q21s =  -0.351052
                   Q22c =   0.133907  Q22s =  -0.013793

N          x = 16.044650  y =-21.468070  z = -0.039390 angstrom
           Maximum rank =  2   Radius =  0.650 angstrom
                   Q00  =  -0.221413
|Q1| =   0.560595  Q10  =  -0.052124  Q11c =  -0.312277  Q11s =   0.462637
|Q2| =   0.619631  Q20  =  -0.338700  Q21c =   0.042926  Q21s =  -0.073273
                   Q22c =  -0.086561  Q22s =  -0.504500

C          x = 15.354420  y =-20.554150  z = -0.136360 angstrom
           Maximum rank =  2   Radius =  0.650 angstrom
                   Q00  =   0.058557
|Q1| =   0.106372  Q10  =  -0.014609  Q11c =  -0.029314  Q11s =   0.101204
|Q2| =   1.208848  Q20  =  -0.698516  Q21c =   0.077085  Q21s =  -0.178388
                   Q22c =  -0.278372  Q22s =  -0.926354

H          x = -2.645740  y = -7.903220  z = -0.760810 angstrom
           Maximum rank =  1   Radius =  0.350 angstrom
                   Q00  =   0.049661
|Q1| =   0.103895  Q10  =  -0.019064  Q11c =   0.046514  Q11s =   0.090924

H          x =  8.399990  y = -2.806350  z =  2.391140 angstrom
           Maximum rank =  1   Radius =  0.350 angstrom
                   Q00  =   0.031731
|Q1| =   0.123462  Q10  =  -0.020911  Q11c =  -0.029746  Q11s =  -0.117986

H          x =  2.099660  y =-15.954380  z = -4.733180 angstrom
           Maximum rank =  1   Radius =  0.350 angstrom
                   Q00  =   0.031504
|Q1| =   0.123672  Q10  =   0.020878  Q11c =   0.029990  Q11s =   0.118150

H          x = 13.146340  y =-10.857600  z = -1.581530 angstrom
           Maximum rank =  1   Radius =  0.350 angstrom
                   Q00  =   0.050116
|Q1| =   0.103507  Q10  =   0.018996  Q11c =  -0.046333  Q11s =  -0.090588

H          x =  7.677330  y = -4.490710  z = -7.187070 angstrom
           Maximum rank =  1   Radius =  0.350 angstrom
                   Q00  =   0.030547
|Q1| =   0.124171  Q10  =   0.051885  Q11c =  -0.105823  Q11s =  -0.039090

H          x =  2.823310  y =-14.270340  z =  4.844410 angstrom
           Maximum rank =  1   Radius =  0.350 angstrom
                   Q00  =   0.030139
|Q1| =   0.124515  Q10  =  -0.051955  Q11c =   0.106150  Q11s =   0.039203

Total multipoles referred to origin at
           x =   0.000000,  y =    0.000000,  z =    0.000000 angstrom
                   Q00  =  -0.000032
|Q1| =   0.621060  Q10  =   0.040099  Q11c =   0.446779  Q11s =  -0.429529
|Q2| = 306.714508  Q20  = 146.175819  Q21c = -32.280668  Q21s =  31.866010
                   Q22c =  33.191672  Q22s = 263.718123

CPU time used:     84m17.252s          Total:     84m17.252s

Finished at 2:47:56 on 27 Jun 2021  
