                                     G D M A

                                 by Anthony Stone

                         version 2.2.11, 04 February 2015

               Distributed Multipoles from Gaussian wavefunctions


Starting at 1:23:38 on 27 Jun 2021  

s1S0



Using CI density matrix from file sN_my.fchk


                         Distributed Multipole Analysis

Standard DMA for products of primitives with exponent greater than 4.00000
Using 80-point Euler-MacLaurin radial quadrature
Using 590-point Lebedev quadrature
Becke smoothing parameter = 3

Positions and radii in angstrom
Multipole moments in atomic units, ea_0^k for rank k

S          x =  1.443530  y = -7.396330  z = -1.175200 angstrom
           Maximum rank =  2   Radius =  0.650 angstrom
                   Q00  =   0.783045
|Q1| =   1.011953  Q10  =  -0.186145  Q11c =   0.693134  Q11s =   0.713417
|Q2| =   2.416182  Q20  =  -2.123692  Q21c =  -0.194653  Q21s =  -0.507604
                   Q22c =   0.361665  Q22s =  -0.949480

F          x =  0.969620  y =  4.768220  z = -3.190480 angstrom
           Maximum rank =  2   Radius =  0.650 angstrom
                   Q00  =  -0.204790
|Q1| =   0.222878  Q10  =   0.037147  Q11c =  -0.173373  Q11s =  -0.135043
|Q2| =   0.698983  Q20  =  -0.275112  Q21c =  -0.144496  Q21s =  -0.138550
                   Q22c =  -0.010373  Q22s =   0.610499

N          x = -5.383400  y = -1.500450  z = -1.604900 angstrom
           Maximum rank =  2   Radius =  0.650 angstrom
                   Q00  =  -0.231779
|Q1| =   0.571981  Q10  =  -0.105886  Q11c =   0.272336  Q11s =   0.491715
|Q2| =   0.620979  Q20  =  -0.302719  Q21c =  -0.119116  Q21s =  -0.156980
                   Q22c =  -0.125305  Q22s =   0.489330

S          x =  0.513510  y = -3.130660  z = -1.820720 angstrom
           Maximum rank =  2   Radius =  0.650 angstrom
                   Q00  =   0.805888
|Q1| =   0.918087  Q10  =   0.140729  Q11c =  -0.782048  Q11s =  -0.459870
|Q2| =   2.450291  Q20  =  -2.162309  Q21c =  -0.159249  Q21s =  -0.697087
                   Q22c =  -0.601916  Q22s =  -0.674354

F          x = -1.598820  y =  5.439630  z = -3.091770 angstrom
           Maximum rank =  2   Radius =  0.650 angstrom
                   Q00  =  -0.203338
|Q1| =   0.222424  Q10  =   0.027576  Q11c =   0.083812  Q11s =  -0.204175
|Q2| =   0.696004  Q20  =  -0.291583  Q21c =   0.052212  Q21s =  -0.152399
                   Q22c =  -0.527271  Q22s =  -0.308925

C          x =  2.851870  y = -5.269650  z = -1.665220 angstrom
           Maximum rank =  2   Radius =  0.650 angstrom
                   Q00  =  -0.046937
|Q1| =   0.102237  Q10  =  -0.012516  Q11c =  -0.008857  Q11s =  -0.101081
|Q2| =   1.483687  Q20  =  -1.385523  Q21c =  -0.240325  Q21s =  -0.466629
                   Q22c =  -0.040464  Q22s =  -0.067223

H          x =  3.127930  y = -4.245340  z = -1.874830 angstrom
           Maximum rank =  1   Radius =  0.350 angstrom
                   Q00  =   0.087456
|Q1| =   0.093658  Q10  =   0.014222  Q11c =  -0.015618  Q11s =  -0.091245

C          x =  3.976280  y = -9.962690  z = -0.946720 angstrom
           Maximum rank =  2   Radius =  0.650 angstrom
                   Q00  =  -0.018487
|Q1| =   0.106793  Q10  =  -0.046498  Q11c =   0.089595  Q11s =   0.034865
|Q2| =   1.454911  Q20  =  -1.381596  Q21c =  -0.198669  Q21s =  -0.409305
                   Q22c =  -0.005902  Q22s =  -0.030417

H          x =  2.997950  y =-10.397280  z = -0.780670 angstrom
           Maximum rank =  1   Radius =  0.350 angstrom
                   Q00  =   0.082751
|Q1| =   0.103327  Q10  =  -0.018052  Q11c =   0.099472  Q11s =   0.021353

C          x =  5.848320  y = -4.733670  z = -3.394980 angstrom
           Maximum rank =  2   Radius =  0.650 angstrom
                   Q00  =  -0.049034
|Q1| =   0.102115  Q10  =  -0.014429  Q11c =  -0.003313  Q11s =  -0.101036
|Q2| =   1.476064  Q20  =   0.751820  Q21c =  -0.433721  Q21s =   0.092877
                   Q22c =  -1.167429  Q22s =   0.232167

H          x =  5.758710  y = -3.996740  z = -2.605730 angstrom
           Maximum rank =  1   Radius =  0.350 angstrom
                   Q00  =   0.074333
|Q1| =   0.105754  Q10  =  -0.037180  Q11c =   0.009586  Q11s =  -0.098538

O          x = -1.250880  y = -6.495620  z = -1.106430 angstrom
           Maximum rank =  2   Radius =  0.650 angstrom
                   Q00  =  -0.392593
|Q1| =   0.519268  Q10  =  -0.047309  Q11c =  -0.302304  Q11s =   0.419539
|Q2| =   1.136148  Q20  =  -0.650609  Q21c =  -0.231184  Q21s =  -0.284769
                   Q22c =  -0.067175  Q22s =   0.853516

C          x =  5.809540  y = -6.999240  z = -4.138510 angstrom
           Maximum rank =  2   Radius =  0.650 angstrom
                   Q00  =  -0.034866
|Q1| =   0.097424  Q10  =   0.045147  Q11c =  -0.022838  Q11s =   0.083256
|Q2| =   1.472447  Q20  =   0.597495  Q21c =  -0.495612  Q21s =  -0.092651
                   Q22c =  -1.226681  Q22s =   0.228342

H          x =  5.673620  y = -8.056310  z = -3.951140 angstrom
           Maximum rank =  1   Radius =  0.350 angstrom
                   Q00  =   0.076944
|Q1| =   0.098474  Q10  =   0.042845  Q11c =   0.006331  Q11s =   0.088438

C          x =  5.265530  y = -6.509720  z = -1.682810 angstrom
           Maximum rank =  2   Radius =  0.650 angstrom
                   Q00  =  -0.009579
|Q1| =   0.059918  Q10  =   0.011323  Q11c =  -0.046827  Q11s =  -0.035626
|Q2| =   0.189108  Q20  =   0.019121  Q21c =   0.034906  Q21s =  -0.077162
                   Q22c =   0.025727  Q22s =   0.166019

O          x =  0.695490  y = -0.469570  z = -2.282460 angstrom
           Maximum rank =  2   Radius =  0.650 angstrom
                   Q00  =  -0.416435
|Q1| =   0.557688  Q10  =  -0.022434  Q11c =  -0.437094  Q11s =   0.345632
|Q2| =   0.975200  Q20  =  -0.169428  Q21c =   0.041307  Q21s =   0.122574
                   Q22c =   0.655655  Q22s =  -0.689707

C          x =  5.460800  y = -5.408460  z =  0.611160 angstrom
           Maximum rank =  2   Radius =  0.650 angstrom
                   Q00  =  -0.033666
|Q1| =   0.097314  Q10  =  -0.067500  Q11c =   0.065849  Q11s =  -0.024035
|Q2| =   1.455939  Q20  =   0.321148  Q21c =  -0.110895  Q21s =   0.845562
                   Q22c =   1.015396  Q22s =   0.508251

H          x =  4.405520  y = -5.593020  z =  0.768070 angstrom
           Maximum rank =  1   Radius =  0.350 angstrom
                   Q00  =   0.077105
|Q1| =   0.100499  Q10  =  -0.065393  Q11c =   0.076234  Q11s =  -0.003486

C          x =  4.120330  y = -8.602700  z = -1.206780 angstrom
           Maximum rank =  2   Radius =  0.650 angstrom
                   Q00  =  -0.025338
|Q1| =   0.119015  Q10  =  -0.017290  Q11c =   0.100553  Q11s =   0.061275
|Q2| =   1.284394  Q20  =  -1.171409  Q21c =  -0.153615  Q21s =  -0.410132
                   Q22c =  -0.276646  Q22s =  -0.095546

C          x = -1.835830  y = -4.132800  z = -1.457790 angstrom
           Maximum rank =  2   Radius =  0.650 angstrom
                   Q00  =  -0.064561
|Q1| =   0.096231  Q10  =  -0.009471  Q11c =   0.095461  Q11s =   0.007608
|Q2| =   1.527991  Q20  =  -1.448298  Q21c =  -0.200499  Q21s =  -0.407309
                   Q22c =   0.112711  Q22s =  -0.135589

H          x = -2.909000  y = -4.209150  z = -1.356710 angstrom
           Maximum rank =  1   Radius =  0.350 angstrom
                   Q00  =   0.074090
|Q1| =   0.098617  Q10  =  -0.010795  Q11c =   0.096655  Q11s =   0.016322

C          x =  5.117800  y =-10.737020  z = -0.907950 angstrom
           Maximum rank =  2   Radius =  0.650 angstrom
                   Q00  =  -0.041249
|Q1| =   0.087105  Q10  =  -0.047630  Q11c =   0.071358  Q11s =  -0.015056
|Q2| =   1.247222  Q20  =  -1.173367  Q21c =  -0.149073  Q21s =  -0.351382
                   Q22c =  -0.042907  Q22s =  -0.176744

C          x =  0.378160  y = -4.826520  z = -1.524090 angstrom
           Maximum rank =  2   Radius =  0.650 angstrom
                   Q00  =  -0.335252
|Q1| =   0.492326  Q10  =   0.087001  Q11c =  -0.137532  Q11s =  -0.464652
|Q2| =   1.459182  Q20  =  -1.209475  Q21c =  -0.170525  Q21s =  -0.218976
                   Q22c =   0.658790  Q22s =  -0.394142

C          x =  3.758560  y = -6.335470  z = -1.553890 angstrom
           Maximum rank =  2   Radius =  0.650 angstrom
                   Q00  =  -0.071850
|Q1| =   0.109616  Q10  =  -0.038189  Q11c =   0.025667  Q11s =  -0.099491
|Q2| =   1.251304  Q20  =  -1.160086  Q21c =  -0.192891  Q21s =  -0.329481
                   Q22c =   0.169403  Q22s =  -0.213308

C          x =  5.680950  y = -6.087180  z = -3.098770 angstrom
           Maximum rank =  2   Radius =  0.650 angstrom
                   Q00  =  -0.060806
|Q1| =   0.078419  Q10  =   0.003831  Q11c =  -0.077792  Q11s =   0.009123
|Q2| =   1.289197  Q20  =   0.642269  Q21c =  -0.549592  Q21s =  -0.018182
                   Q22c =  -0.944737  Q22s =   0.233686

C          x =  3.147030  y = -7.531720  z = -1.296640 angstrom
           Maximum rank =  2   Radius =  0.650 angstrom
                   Q00  =  -0.338848
|Q1| =   0.610830  Q10  =  -0.087370  Q11c =   0.594268  Q11s =   0.111021
|Q2| =   1.363489  Q20  =  -1.181274  Q21c =  -0.095578  Q21s =  -0.401598
                   Q22c =  -0.386625  Q22s =  -0.379208

C          x =  6.054670  y = -5.773150  z = -0.592300 angstrom
           Maximum rank =  2   Radius =  0.650 angstrom
                   Q00  =  -0.059658
|Q1| =   0.067876  Q10  =   0.012455  Q11c =   0.003460  Q11s =  -0.066634
|Q2| =   1.281411  Q20  =   0.343112  Q21c =  -0.083080  Q21s =   0.835958
                   Q22c =   0.742857  Q22s =   0.516453

C          x = -0.949500  y = -5.203170  z = -1.350350 angstrom
           Maximum rank =  2   Radius =  0.650 angstrom
                   Q00  =   0.077135
|Q1| =   0.126171  Q10  =   0.017917  Q11c =   0.027508  Q11s =  -0.121826
|Q2| =   1.139948  Q20  =  -1.064000  Q21c =  -0.149003  Q21s =  -0.350005
                   Q22c =  -0.150180  Q22s =   0.011211

C          x =  1.544390  y = -5.667410  z = -1.480820 angstrom
           Maximum rank =  2   Radius =  0.650 angstrom
                   Q00  =  -0.304999
|Q1| =   0.416094  Q10  =  -0.082724  Q11c =   0.086598  Q11s =   0.398487
|Q2| =   1.490275  Q20  =  -1.186616  Q21c =  -0.177679  Q21s =  -0.198338
                   Q22c =   0.741932  Q22s =  -0.437599

C          x = -1.214360  y = -2.914720  z = -1.714530 angstrom
           Maximum rank =  2   Radius =  0.650 angstrom
                   Q00  =  -0.313967
|Q1| =   0.436045  Q10  =   0.038712  Q11c =  -0.433838  Q11s =  -0.020529
|Q2| =   1.417598  Q20  =  -1.148545  Q21c =  -0.075701  Q21s =  -0.438513
                   Q22c =  -0.655737  Q22s =  -0.249825

C          x = -0.526920  y =  1.576590  z = -2.528060 angstrom
           Maximum rank =  2   Radius =  0.650 angstrom
                   Q00  =  -0.040952
|Q1| =   0.066497  Q10  =   0.007305  Q11c =  -0.065163  Q11s =  -0.011054
|Q2| =   1.238401  Q20  =  -1.158773  Q21c =  -0.188873  Q21s =  -0.370786
                   Q22c =  -0.049792  Q22s =   0.123486

C          x = -1.997200  y = -1.740890  z = -1.847670 angstrom
           Maximum rank =  2   Radius =  0.650 angstrom
                   Q00  =   0.023674
|Q1| =   0.020888  Q10  =  -0.001392  Q11c =  -0.015072  Q11s =   0.014394
|Q2| =   1.364495  Q20  =  -1.281392  Q21c =  -0.166194  Q21s =  -0.406720
                   Q22c =  -0.149343  Q22s =  -0.067350

H          x = -3.044380  y = -1.979520  z = -1.721350 angstrom
           Maximum rank =  1   Radius =  0.350 angstrom
                   Q00  =   0.092546
|Q1| =   0.071499  Q10  =  -0.011932  Q11c =   0.054511  Q11s =   0.044702

C          x =  6.140550  y = -4.314720  z = -4.680690 angstrom
           Maximum rank =  2   Radius =  0.650 angstrom
                   Q00  =  -0.032604
|Q1| =   0.075475  Q10  =   0.004489  Q11c =  -0.003887  Q11s =  -0.075241
|Q2| =   1.412597  Q20  =   0.528599  Q21c =  -0.470372  Q21s =  -0.010685
                   Q22c =  -1.202708  Q22s =   0.219415

H          x =  6.263770  y = -3.255190  z = -4.879000 angstrom
           Maximum rank =  1   Radius =  0.350 angstrom
                   Q00  =   0.048682
|Q1| =   0.115308  Q10  =   0.019277  Q11c =  -0.014197  Q11s =  -0.112795

C          x = -0.358950  y =  0.125940  z = -2.296750 angstrom
           Maximum rank =  2   Radius =  0.650 angstrom
                   Q00  =   0.192796
|Q1| =   0.029285  Q10  =   0.000197  Q11c =   0.025768  Q11s =  -0.013913
|Q2| =   0.763828  Q20  =  -0.692885  Q21c =  -0.069394  Q21s =  -0.170833
                   Q22c =   0.105372  Q22s =  -0.241330

C          x = -2.618450  y = -6.832070  z = -0.943290 angstrom
           Maximum rank =  2   Radius =  0.650 angstrom
                   Q00  =   0.170382
|Q1| =   0.143272  Q10  =  -0.008983  Q11c =   0.142376  Q11s =  -0.013239
|Q2| =   0.144706  Q20  =  -0.079838  Q21c =  -0.033051  Q21s =  -0.027061
                   Q22c =   0.035794  Q22s =   0.107050

H          x = -3.189930  y = -6.602640  z = -1.847160 angstrom
           Maximum rank =  1   Radius =  0.350 angstrom
                   Q00  =   0.047555
|Q1| =   0.113263  Q10  =   0.071823  Q11c =   0.087054  Q11s =   0.009564

H          x = -3.053140  y = -6.306480  z = -0.088250 angstrom
           Maximum rank =  1   Radius =  0.350 angstrom
                   Q00  =   0.047235
|Q1| =   0.113394  Q10  =  -0.083547  Q11c =   0.074862  Q11s =  -0.016543

C          x = -4.768140  y = -0.552430  z = -1.816640 angstrom
           Maximum rank =  2   Radius =  0.650 angstrom
                   Q00  =   0.061091
|Q1| =   0.101164  Q10  =  -0.017915  Q11c =   0.016346  Q11s =   0.098214
|Q2| =   1.201394  Q20  =  -0.657192  Q21c =  -0.206449  Q21s =  -0.343667
                   Q22c =  -0.411772  Q22s =   0.825326

C          x =  7.561160  y = -4.562690  z =  1.468890 angstrom
           Maximum rank =  2   Radius =  0.650 angstrom
                   Q00  =  -0.078218
|Q1| =   0.121955  Q10  =  -0.089076  Q11c =  -0.065037  Q11s =  -0.052045
|Q2| =   1.148658  Q20  =   0.332034  Q21c =  -0.087037  Q21s =   0.713421
                   Q22c =   0.728486  Q22s =   0.402408

C          x = -1.709360  y = -0.427490  z = -2.092340 angstrom
           Maximum rank =  2   Radius =  0.650 angstrom
                   Q00  =  -0.066564
|Q1| =   0.065178  Q10  =  -0.012082  Q11c =   0.030067  Q11s =   0.056552
|Q2| =   1.340197  Q20  =  -1.248849  Q21c =  -0.172227  Q21s =  -0.411854
                   Q22c =  -0.192193  Q22s =   0.016743

C          x =  6.105000  y = -6.574080  z = -5.428020 angstrom
           Maximum rank =  2   Radius =  0.650 angstrom
                   Q00  =  -0.033282
|Q1| =   0.074966  Q10  =   0.049865  Q11c =  -0.006963  Q11s =   0.055542
|Q2| =   1.405611  Q20  =   0.614010  Q21c =  -0.468623  Q21s =   0.153216
                   Q22c =  -1.150740  Q22s =   0.177333

H          x =  6.198860  y = -7.310910  z = -6.218410 angstrom
           Maximum rank =  1   Radius =  0.350 angstrom
                   Q00  =   0.044853
|Q1| =   0.117555  Q10  =   0.087014  Q11c =  -0.010592  Q11s =   0.078330

C          x =  0.073330  y =  3.812000  z = -2.955030 angstrom
           Maximum rank =  2   Radius =  0.650 angstrom
                   Q00  =   0.175669
|Q1| =   0.153964  Q10  =  -0.028366  Q11c =   0.062148  Q11s =   0.137978
|Q2| =   1.053568  Q20  =  -0.990286  Q21c =  -0.156977  Q21s =  -0.312749
                   Q22c =  -0.034358  Q22s =   0.075531

C          x =  0.466470  y =  2.505830  z = -2.766900 angstrom
           Maximum rank =  2   Radius =  0.650 angstrom
                   Q00  =   0.023706
|Q1| =   0.066718  Q10  =   0.002266  Q11c =  -0.064019  Q11s =   0.018646
|Q2| =   1.375441  Q20  =  -1.305725  Q21c =  -0.187778  Q21s =  -0.381346
                   Q22c =   0.054316  Q22s =  -0.057304

H          x =  1.510670  y =  2.223730  z = -2.805330 angstrom
           Maximum rank =  1   Radius =  0.350 angstrom
                   Q00  =   0.098988
|Q1| =   0.084790  Q10  =   0.005637  Q11c =  -0.084263  Q11s =   0.007567

C          x =  7.417710  y = -5.526540  z = -0.746700 angstrom
           Maximum rank =  2   Radius =  0.650 angstrom
                   Q00  =  -0.051528
|Q1| =   0.103885  Q10  =   0.043084  Q11c =  -0.093955  Q11s =   0.010401
|Q2| =   1.487796  Q20  =   0.563248  Q21c =  -0.190981  Q21s =   0.838925
                   Q22c =   0.954576  Q22s =   0.494778

H          x =  7.909480  y = -5.788450  z = -1.675640 angstrom
           Maximum rank =  1   Radius =  0.350 angstrom
                   Q00  =   0.074077
|Q1| =   0.106396  Q10  =   0.058693  Q11c =  -0.087144  Q11s =   0.016771

C          x =  6.278720  y = -5.228870  z = -5.723880 angstrom
           Maximum rank =  2   Radius =  0.650 angstrom
                   Q00  =  -0.078101
|Q1| =   0.121392  Q10  =   0.112165  Q11c =  -0.028501  Q11s =  -0.036642
|Q2| =   1.148223  Q20  =   0.559314  Q21c =  -0.412878  Q21s =  -0.018380
                   Q22c =  -0.898976  Q22s =   0.163150

C          x =  6.202610  y = -4.813480  z =  1.621750 angstrom
           Maximum rank =  2   Radius =  0.650 angstrom
                   Q00  =  -0.032527
|Q1| =   0.075119  Q10  =  -0.062527  Q11c =   0.039682  Q11s =  -0.012593
|Q2| =   1.402815  Q20  =   0.442947  Q21c =  -0.281839  Q21s =   0.850616
                   Q22c =   0.893980  Q22s =   0.411712

H          x =  5.710280  y = -4.539720  z =  2.548740 angstrom
           Maximum rank =  1   Radius =  0.350 angstrom
                   Q00  =   0.046432
|Q1| =   0.116602  Q10  =  -0.099902  Q11c =   0.052522  Q11s =  -0.029275

C          x = -1.879290  y =  1.907000  z = -2.472250 angstrom
           Maximum rank =  2   Radius =  0.650 angstrom
                   Q00  =  -0.022092
|Q1| =   0.075674  Q10  =   0.002206  Q11c =   0.062155  Q11s =  -0.043109
|Q2| =   1.248781  Q20  =  -1.169273  Q21c =  -0.156512  Q21s =  -0.378715
                   Q22c =  -0.153738  Q22s =  -0.026395

C          x = -2.666520  y =  0.676000  z = -2.199260 angstrom
           Maximum rank =  2   Radius =  0.650 angstrom
                   Q00  =   0.033816
|Q1| =   0.044834  Q10  =  -0.006593  Q11c =   0.039643  Q11s =   0.019875
|Q2| =   1.158884  Q20  =  -1.071599  Q21c =  -0.181316  Q21s =  -0.272524
                   Q22c =   0.295542  Q22s =  -0.014068

C          x =  8.357810  y = -3.887410  z =  2.552300 angstrom
           Maximum rank =  2   Radius =  0.650 angstrom
                   Q00  =   0.023059
|Q1| =   0.022444  Q10  =  -0.012112  Q11c =  -0.012028  Q11s =  -0.014574
|Q2| =   0.105011  Q20  =   0.040422  Q21c =   0.066085  Q21s =   0.056559
                   Q22c =   0.026139  Q22s =   0.033822

H          x =  7.914150  y = -4.055640  z =  3.534680 angstrom
           Maximum rank =  1   Radius =  0.350 angstrom
                   Q00  =   0.025139
|Q1| =   0.125017  Q10  =  -0.124117  Q11c =   0.013461  Q11s =  -0.006548

H          x =  9.385290  y = -4.254500  z =  2.577150 angstrom
           Maximum rank =  1   Radius =  0.350 angstrom
                   Q00  =   0.025571
|Q1| =   0.125195  Q10  =  -0.038248  Q11c =  -0.118690  Q11s =   0.011108

C          x =  8.155000  y = -4.934530  z =  0.265710 angstrom
           Maximum rank =  2   Radius =  0.650 angstrom
                   Q00  =  -0.033674
|Q1| =   0.076892  Q10  =   0.016248  Q11c =  -0.075140  Q11s =  -0.001508
|Q2| =   1.412279  Q20  =   0.306395  Q21c =  -0.218426  Q21s =   0.796146
                   Q22c =   0.988106  Q22s =   0.492688

H          x =  9.214480  y = -4.755560  z =  0.115840 angstrom
           Maximum rank =  1   Radius =  0.350 angstrom
                   Q00  =   0.046389
|Q1| =   0.117083  Q10  =   0.017591  Q11c =  -0.114169  Q11s =  -0.019094

C          x =  6.621850  y = -4.767660  z = -7.114530 angstrom
           Maximum rank =  2   Radius =  0.650 angstrom
                   Q00  =   0.023195
|Q1| =   0.023354  Q10  =   0.016947  Q11c =  -0.010514  Q11s =  -0.012150
|Q2| =   0.103335  Q20  =   0.089379  Q21c =  -0.029730  Q21s =  -0.038699
                   Q22c =  -0.017224  Q22s =   0.003349

H          x =  6.035210  y = -3.891220  z = -7.397240 angstrom
           Maximum rank =  1   Radius =  0.350 angstrom
                   Q00  =   0.028132
|Q1| =   0.123982  Q10  =   0.071619  Q11c =   0.041120  Q11s =  -0.092474

H          x =  6.434270  y = -5.551080  z = -7.849800 angstrom
           Maximum rank =  1   Radius =  0.350 angstrom
                   Q00  =   0.023729
|Q1| =   0.125372  Q10  =   0.112140  Q11c =   0.005812  Q11s =   0.055757

C          x = -1.274120  y =  4.161530  z = -2.902800 angstrom
           Maximum rank =  2   Radius =  0.650 angstrom
                   Q00  =   0.178280
|Q1| =   0.158491  Q10  =  -0.026717  Q11c =   0.004858  Q11s =   0.156147
|Q2| =   1.049513  Q20  =  -0.991010  Q21c =  -0.136774  Q21s =  -0.309185
                   Q22c =  -0.065313  Q22s =  -0.028455

C          x = -2.264810  y =  3.231570  z = -2.664010 angstrom
           Maximum rank =  2   Radius =  0.650 angstrom
                   Q00  =   0.008019
|Q1| =   0.071875  Q10  =  -0.006005  Q11c =   0.071620  Q11s =   0.000691
|Q2| =   1.430606  Q20  =  -1.357952  Q21c =  -0.194459  Q21s =  -0.393664
                   Q22c =   0.067493  Q22s =  -0.072514

H          x = -3.287410  y =  3.575470  z = -2.637640 angstrom
           Maximum rank =  1   Radius =  0.350 angstrom
                   Q00  =   0.111960
|Q1| =   0.062622  Q10  =   0.002841  Q11c =   0.048031  Q11s =  -0.040080

C          x = -4.027420  y =  0.637730  z = -2.079640 angstrom
           Maximum rank =  2   Radius =  0.650 angstrom
                   Q00  =  -0.019832
|Q1| =   0.024509  Q10  =   0.001939  Q11c =  -0.024409  Q11s =   0.001050
|Q2| =   1.307166  Q20  =  -1.236886  Q21c =  -0.193343  Q21s =  -0.351166
                   Q22c =   0.133832  Q22s =  -0.013662

N          x = -5.544150  y =  2.707130  z = -2.303080 angstrom
           Maximum rank =  2   Radius =  0.650 angstrom
                   Q00  =  -0.221204
|Q1| =   0.560400  Q10  =   0.052120  Q11c =   0.312549  Q11s =  -0.462217
|Q2| =   0.619543  Q20  =  -0.338624  Q21c =   0.042902  Q21s =  -0.073255
                   Q22c =  -0.086856  Q22s =  -0.504397

C          x = -4.853870  y =  1.793240  z = -2.206130 angstrom
           Maximum rank =  2   Radius =  0.650 angstrom
                   Q00  =   0.058541
|Q1| =   0.106311  Q10  =   0.014647  Q11c =   0.029634  Q11s =  -0.101042
|Q2| =   1.208886  Q20  =  -0.698360  Q21c =   0.077121  Q21s =  -0.178321
                   Q22c =  -0.278407  Q22s =  -0.926521

S          x =  9.057050  y =-11.364540  z = -1.167400 angstrom
           Maximum rank =  2   Radius =  0.650 angstrom
                   Q00  =   0.782951
|Q1| =   1.011469  Q10  =   0.186251  Q11c =  -0.692549  Q11s =  -0.713272
|Q2| =   2.418146  Q20  =  -2.125807  Q21c =  -0.194775  Q21s =  -0.508259
                   Q22c =   0.361365  Q22s =  -0.949487

F          x =  9.530910  y =-23.529110  z =  0.847670 angstrom
           Maximum rank =  2   Radius =  0.650 angstrom
                   Q00  =  -0.206604
|Q1| =   0.223763  Q10  =  -0.037241  Q11c =   0.173985  Q11s =   0.135691
|Q2| =   0.699557  Q20  =  -0.275711  Q21c =  -0.144597  Q21s =  -0.138704
                   Q22c =  -0.010372  Q22s =   0.610826

N          x = 15.884140  y =-17.260490  z = -0.737370 angstrom
           Maximum rank =  2   Radius =  0.650 angstrom
                   Q00  =  -0.234020
|Q1| =   0.573092  Q10  =   0.106136  Q11c =  -0.273659  Q11s =  -0.492219
|Q2| =   0.622590  Q20  =  -0.304910  Q21c =  -0.119330  Q21s =  -0.157553
                   Q22c =  -0.125752  Q22s =   0.489666

S          x =  9.987070  y =-15.630210  z = -0.521880 angstrom
           Maximum rank =  2   Radius =  0.650 angstrom
                   Q00  =   0.802640
|Q1| =   0.921056  Q10  =  -0.140983  Q11c =   0.784608  Q11s =   0.461367
|Q2| =   2.462995  Q20  =  -2.173909  Q21c =  -0.160433  Q21s =  -0.700858
                   Q22c =  -0.604583  Q22s =  -0.676758

F          x = 12.099350  y =-24.200520  z =  0.749040 angstrom
           Maximum rank =  2   Radius =  0.650 angstrom
                   Q00  =  -0.205014
|Q1| =   0.223329  Q10  =  -0.027646  Q11c =  -0.084055  Q11s =   0.205052
|Q2| =   0.696475  Q20  =  -0.291937  Q21c =   0.052206  Q21s =  -0.152514
                   Q22c =  -0.527576  Q22s =  -0.309074

C          x =  7.648710  y =-13.491220  z = -0.677380 angstrom
           Maximum rank =  2   Radius =  0.650 angstrom
                   Q00  =  -0.047479
|Q1| =   0.102422  Q10  =   0.012485  Q11c =   0.010324  Q11s =   0.101133
|Q2| =   1.485850  Q20  =  -1.387540  Q21c =  -0.240669  Q21s =  -0.467358
                   Q22c =  -0.039755  Q22s =  -0.067506

H          x =  7.372650  y =-14.515520  z = -0.467760 angstrom
           Maximum rank =  1   Radius =  0.350 angstrom
                   Q00  =   0.087295
|Q1| =   0.093815  Q10  =  -0.014222  Q11c =   0.015706  Q11s =   0.091391

C          x =  6.524300  y = -8.798180  z = -1.395910 angstrom
           Maximum rank =  2   Radius =  0.650 angstrom
                   Q00  =  -0.017912
|Q1| =   0.106766  Q10  =   0.046597  Q11c =  -0.089506  Q11s =  -0.034878
|Q2| =   1.453445  Q20  =  -1.380198  Q21c =  -0.198448  Q21s =  -0.408940
                   Q22c =  -0.006166  Q22s =  -0.030079

H          x =  7.502630  y = -8.363590  z = -1.561950 angstrom
           Maximum rank =  1   Radius =  0.350 angstrom
                   Q00  =   0.082987
|Q1| =   0.103182  Q10  =   0.018022  Q11c =  -0.099354  Q11s =  -0.021229

C          x =  4.652290  y =-14.027200  z =  1.052370 angstrom
           Maximum rank =  2   Radius =  0.650 angstrom
                   Q00  =  -0.049112
|Q1| =   0.102239  Q10  =   0.014439  Q11c =   0.003601  Q11s =   0.101151
|Q2| =   1.476464  Q20  =   0.752309  Q21c =  -0.433957  Q21s =   0.092894
                   Q22c =  -1.167578  Q22s =   0.231933

H          x =  4.741930  y =-14.764140  z =  0.263120 angstrom
           Maximum rank =  1   Radius =  0.350 angstrom
                   Q00  =   0.074199
|Q1| =   0.105893  Q10  =   0.037208  Q11c =  -0.009519  Q11s =   0.098683

O          x = 11.751470  y =-12.265240  z = -1.236120 angstrom
           Maximum rank =  2   Radius =  0.650 angstrom
                   Q00  =  -0.391846
|Q1| =   0.518978  Q10  =   0.047360  Q11c =   0.302263  Q11s =  -0.419204
|Q2| =   1.135230  Q20  =  -0.649657  Q21c =  -0.230869  Q21s =  -0.284396
                   Q22c =  -0.067263  Q22s =   0.853221

C          x =  4.691000  y =-11.761610  z =  1.795870 angstrom
           Maximum rank =  2   Radius =  0.650 angstrom
                   Q00  =  -0.034576
|Q1| =   0.097303  Q10  =  -0.045084  Q11c =   0.022938  Q11s =  -0.083121
|Q2| =   1.471430  Q20  =   0.597060  Q21c =  -0.495301  Q21s =  -0.092365
                   Q22c =  -1.225864  Q22s =   0.228100

H          x =  4.826890  y =-10.704550  z =  1.608490 angstrom
           Maximum rank =  1   Radius =  0.350 angstrom
                   Q00  =   0.077234
|Q1| =   0.098260  Q10  =  -0.042796  Q11c =  -0.006293  Q11s =  -0.088226

C          x =  5.235060  y =-12.251140  z = -0.659820 angstrom
           Maximum rank =  2   Radius =  0.650 angstrom
                   Q00  =  -0.009599
|Q1| =   0.059904  Q10  =  -0.011314  Q11c =   0.046840  Q11s =   0.035588
|Q2| =   0.189126  Q20  =   0.019247  Q21c =   0.034984  Q21s =  -0.077050
                   Q22c =   0.025874  Q22s =   0.166037

O          x =  9.805080  y =-18.291290  z = -0.060190 angstrom
           Maximum rank =  2   Radius =  0.650 angstrom
                   Q00  =  -0.417425
|Q1| =   0.558353  Q10  =   0.022419  Q11c =   0.438074  Q11s =  -0.345465
|Q2| =   0.975616  Q20  =  -0.170212  Q21c =   0.041213  Q21s =   0.122398
                   Q22c =   0.655810  Q22s =  -0.689992

C          x =  5.039820  y =-13.352490  z = -2.953750 angstrom
           Maximum rank =  2   Radius =  0.650 angstrom
                   Q00  =  -0.033483
|Q1| =   0.097320  Q10  =   0.067416  Q11c =  -0.065836  Q11s =   0.024328
|Q2| =   1.455368  Q20  =   0.321030  Q21c =  -0.110816  Q21s =   0.845287
                   Q22c =   1.014927  Q22s =   0.508105

H          x =  6.095110  y =-13.167980  z = -3.110630 angstrom
           Maximum rank =  1   Radius =  0.350 angstrom
                   Q00  =   0.077258
|Q1| =   0.100413  Q10  =   0.065357  Q11c =  -0.076149  Q11s =   0.003551

C          x =  6.380250  y =-10.158170  z = -1.135840 angstrom
           Maximum rank =  2   Radius =  0.650 angstrom
                   Q00  =  -0.025978
|Q1| =   0.119019  Q10  =   0.017300  Q11c =  -0.100914  Q11s =  -0.060684
|Q2| =   1.285790  Q20  =  -1.172844  Q21c =  -0.153867  Q21s =  -0.410483
                   Q22c =  -0.276311  Q22s =  -0.095774

C          x = 12.336420  y =-14.628060  z = -0.884760 angstrom
           Maximum rank =  2   Radius =  0.650 angstrom
                   Q00  =  -0.066892
|Q1| =   0.096778  Q10  =   0.009848  Q11c =  -0.095859  Q11s =  -0.008949
|Q2| =   1.535603  Q20  =  -1.455563  Q21c =  -0.201249  Q21s =  -0.409470
                   Q22c =   0.112213  Q22s =  -0.136585

H          x = 13.409580  y =-14.551710  z = -0.985820 angstrom
           Maximum rank =  1   Radius =  0.350 angstrom
                   Q00  =   0.073702
|Q1| =   0.098873  Q10  =   0.010855  Q11c =  -0.096892  Q11s =  -0.016430

C          x =  5.382780  y = -8.023850  z = -1.434680 angstrom
           Maximum rank =  2   Radius =  0.650 angstrom
                   Q00  =  -0.041404
|Q1| =   0.087173  Q10  =   0.047667  Q11c =  -0.071367  Q11s =   0.015288
|Q2| =   1.247680  Q20  =  -1.173812  Q21c =  -0.149191  Q21s =  -0.351455
                   Q22c =  -0.042325  Q22s =  -0.176921

C          x = 10.122420  y =-13.934340  z = -0.818490 angstrom
           Maximum rank =  2   Radius =  0.650 angstrom
                   Q00  =  -0.336876
|Q1| =   0.491702  Q10  =  -0.086823  Q11c =   0.139076  Q11s =   0.463563
|Q2| =   1.462768  Q20  =  -1.213102  Q21c =  -0.171050  Q21s =  -0.219963
                   Q22c =   0.659447  Q22s =  -0.394415

C          x =  6.742020  y =-12.425400  z = -0.788720 angstrom
           Maximum rank =  2   Radius =  0.650 angstrom
                   Q00  =  -0.071632
|Q1| =   0.110599  Q10  =   0.038054  Q11c =  -0.025847  Q11s =   0.100578
|Q2| =   1.250554  Q20  =  -1.159400  Q21c =  -0.192882  Q21s =  -0.329285
                   Q22c =   0.169529  Q22s =  -0.212852

C          x =  4.819630  y =-12.673690  z =  0.756150 angstrom
           Maximum rank =  2   Radius =  0.650 angstrom
                   Q00  =  -0.060683
|Q1| =   0.078497  Q10  =  -0.003783  Q11c =   0.077881  Q11s =  -0.009061
|Q2| =   1.288880  Q20  =   0.641993  Q21c =  -0.549422  Q21s =  -0.018215
                   Q22c =  -0.944619  Q22s =   0.233565

C          x =  7.353550  y =-11.229150  z = -1.045970 angstrom
           Maximum rank =  2   Radius =  0.650 angstrom
                   Q00  =  -0.337647
|Q1| =   0.610758  Q10  =   0.087491  Q11c =  -0.594075  Q11s =  -0.111556
|Q2| =   1.360202  Q20  =  -1.178035  Q21c =  -0.095135  Q21s =  -0.400731
                   Q22c =  -0.386944  Q22s =  -0.378180

C          x =  4.445920  y =-12.987720  z = -1.750330 angstrom
           Maximum rank =  2   Radius =  0.650 angstrom
                   Q00  =  -0.059414
|Q1| =   0.068061  Q10  =  -0.012543  Q11c =  -0.003470  Q11s =   0.066805
|Q2| =   1.280798  Q20  =   0.342865  Q21c =  -0.083137  Q21s =   0.835568
                   Q22c =   0.742645  Q22s =   0.516023

C          x = 11.450080  y =-13.557690  z = -0.992200 angstrom
           Maximum rank =  2   Radius =  0.650 angstrom
                   Q00  =   0.078126
|Q1| =   0.126323  Q10  =  -0.017731  Q11c =  -0.028557  Q11s =   0.121769
|Q2| =   1.138125  Q20  =  -1.062117  Q21c =  -0.148848  Q21s =  -0.349613
                   Q22c =  -0.150659  Q22s =   0.012379

C          x =  8.956190  y =-13.093450  z = -0.861780 angstrom
           Maximum rank =  2   Radius =  0.650 angstrom
                   Q00  =  -0.303658
|Q1| =   0.415867  Q10  =   0.082868  Q11c =  -0.088088  Q11s =  -0.397893
|Q2| =   1.486345  Q20  =  -1.182865  Q21c =  -0.177268  Q21s =  -0.197410
                   Q22c =   0.741332  Q22s =  -0.435986

C          x = 11.714940  y =-15.846150  z = -0.628030 angstrom
           Maximum rank =  2   Radius =  0.650 angstrom
                   Q00  =  -0.312427
|Q1| =   0.435890  Q10  =  -0.038759  Q11c =   0.433623  Q11s =   0.021647
|Q2| =   1.414606  Q20  =  -1.145901  Q21c =  -0.075570  Q21s =  -0.437679
                   Q22c =  -0.654939  Q22s =  -0.248598

C          x = 11.027480  y =-20.337470  z =  0.185400 angstrom
           Maximum rank =  2   Radius =  0.650 angstrom
                   Q00  =  -0.041197
|Q1| =   0.067046  Q10  =  -0.007324  Q11c =   0.065642  Q11s =   0.011517
|Q2| =   1.239154  Q20  =  -1.159466  Q21c =  -0.188989  Q21s =  -0.370951
                   Q22c =  -0.049718  Q22s =   0.123889

C          x = 12.497790  y =-17.019980  z = -0.494880 angstrom
           Maximum rank =  2   Radius =  0.650 angstrom
                   Q00  =   0.019510
|Q1| =   0.021957  Q10  =   0.001816  Q11c =   0.014803  Q11s =  -0.016115
|Q2| =   1.376849  Q20  =  -1.293056  Q21c =  -0.167622  Q21s =  -0.410319
                   Q22c =  -0.150416  Q22s =  -0.068073

H          x = 13.544960  y =-16.781330  z = -0.621180 angstrom
           Maximum rank =  1   Radius =  0.350 angstrom
                   Q00  =   0.091931
|Q1| =   0.071747  Q10  =   0.011988  Q11c =  -0.054720  Q11s =  -0.044830

C          x =  4.360060  y =-14.446140  z =  2.338090 angstrom
           Maximum rank =  2   Radius =  0.650 angstrom
                   Q00  =  -0.032860
|Q1| =   0.075605  Q10  =  -0.004467  Q11c =   0.004148  Q11s =   0.075359
|Q2| =   1.413580  Q20  =   0.528981  Q21c =  -0.470746  Q21s =  -0.010682
                   Q22c =  -1.203565  Q22s =   0.219328

H          x =  4.236870  y =-15.505670  z =  2.536410 angstrom
           Maximum rank =  1   Radius =  0.350 angstrom
                   Q00  =   0.048307
|Q1| =   0.115641  Q10  =  -0.019338  Q11c =   0.014285  Q11s =   0.113114

C          x = 10.859520  y =-18.886810  z = -0.045880 angstrom
           Maximum rank =  2   Radius =  0.650 angstrom
                   Q00  =   0.192359
|Q1| =   0.029587  Q10  =  -0.000054  Q11c =  -0.026169  Q11s =   0.013804
|Q2| =   0.765249  Q20  =  -0.694323  Q21c =  -0.069454  Q21s =  -0.171348
                   Q22c =   0.104593  Q22s =  -0.241657

C          x = 13.119050  y =-11.928770  z = -1.399100 angstrom
           Maximum rank =  2   Radius =  0.650 angstrom
                   Q00  =   0.170421
|Q1| =   0.143263  Q10  =   0.009011  Q11c =  -0.142375  Q11s =   0.013130
|Q2| =   0.145025  Q20  =  -0.080035  Q21c =  -0.033137  Q21s =  -0.026973
                   Q22c =   0.036106  Q22s =   0.107226

H          x = 13.690440  y =-12.158230  z = -0.495170 angstrom
           Maximum rank =  1   Radius =  0.350 angstrom
                   Q00  =   0.047740
|Q1| =   0.113144  Q10  =  -0.071761  Q11c =  -0.086951  Q11s =  -0.009567

H          x = 13.553830  y =-12.454310  z = -2.254120 angstrom
           Maximum rank =  1   Radius =  0.350 angstrom
                   Q00  =   0.047310
|Q1| =   0.113364  Q10  =   0.083554  Q11c =  -0.074812  Q11s =   0.016533

C          x = 15.268770  y =-18.208470  z = -0.525790 angstrom
           Maximum rank =  2   Radius =  0.650 angstrom
                   Q00  =   0.060280
|Q1| =   0.100341  Q10  =   0.017922  Q11c =  -0.016785  Q11s =  -0.097290
|Q2| =   1.203480  Q20  =  -0.659459  Q21c =  -0.206804  Q21s =  -0.344233
                   Q22c =  -0.411830  Q22s =   0.826202

C          x =  2.939440  y =-14.198180  z = -3.811530 angstrom
           Maximum rank =  2   Radius =  0.650 angstrom
                   Q00  =  -0.078475
|Q1| =   0.121953  Q10  =   0.088932  Q11c =   0.064990  Q11s =   0.052345
|Q2| =   1.149496  Q20  =   0.332355  Q21c =  -0.086829  Q21s =   0.714022
                   Q22c =   0.728995  Q22s =   0.402593

C          x = 12.209940  y =-18.333380  z = -0.250230 angstrom
           Maximum rank =  2   Radius =  0.650 angstrom
                   Q00  =  -0.066559
|Q1| =   0.063288  Q10  =   0.011817  Q11c =  -0.030057  Q11s =  -0.054427
|Q2| =   1.341657  Q20  =  -1.250428  Q21c =  -0.172576  Q21s =  -0.412147
                   Q22c =  -0.191119  Q22s =   0.017365

C          x =  4.395540  y =-12.186770  z =  3.085380 angstrom
           Maximum rank =  2   Radius =  0.650 angstrom
                   Q00  =  -0.033132
|Q1| =   0.074895  Q10  =  -0.049880  Q11c =   0.007105  Q11s =  -0.055415
|Q2| =   1.405104  Q20  =   0.613541  Q21c =  -0.468395  Q21s =   0.153185
                   Q22c =  -1.150484  Q22s =   0.177227

H          x =  4.301640  y =-11.449930  z =  3.875760 angstrom
           Maximum rank =  1   Radius =  0.350 angstrom
                   Q00  =   0.045047
|Q1| =   0.117382  Q10  =  -0.086933  Q11c =   0.010615  Q11s =  -0.078157

C          x = 10.427210  y =-22.572880  z =  0.612280 angstrom
           Maximum rank =  2   Radius =  0.650 angstrom
                   Q00  =   0.173832
|Q1| =   0.153767  Q10  =   0.028427  Q11c =  -0.062373  Q11s =  -0.137644
|Q2| =   1.058918  Q20  =  -0.995294  Q21c =  -0.157809  Q21s =  -0.314279
                   Q22c =  -0.034401  Q22s =   0.076411

C          x = 10.034080  y =-21.266710  z =  0.424180 angstrom
           Maximum rank =  2   Radius =  0.650 angstrom
                   Q00  =   0.022800
|Q1| =   0.066930  Q10  =  -0.002157  Q11c =   0.064228  Q11s =  -0.018701
|Q2| =   1.378813  Q20  =  -1.308955  Q21c =  -0.188090  Q21s =  -0.382222
                   Q22c =   0.054060  Q22s =  -0.058023

H          x =  8.989880  y =-20.984610  z =  0.462580 angstrom
           Maximum rank =  1   Radius =  0.350 angstrom
                   Q00  =   0.098326
|Q1| =   0.085332  Q10  =  -0.005671  Q11c =   0.084814  Q11s =  -0.007492

C          x =  3.082860  y =-13.234260  z = -1.595970 angstrom
           Maximum rank =  2   Radius =  0.650 angstrom
                   Q00  =  -0.051462
|Q1| =   0.103873  Q10  =  -0.043177  Q11c =   0.093943  Q11s =  -0.010000
|Q2| =   1.487711  Q20  =   0.563214  Q21c =  -0.190756  Q21s =   0.839156
                   Q22c =   0.954474  Q22s =   0.494452

H          x =  2.591070  y =-12.972290  z = -0.667060 angstrom
           Maximum rank =  1   Radius =  0.350 angstrom
                   Q00  =   0.074097
|Q1| =   0.106410  Q10  =  -0.058689  Q11c =   0.087179  Q11s =  -0.016688

C          x =  4.221860  y =-13.531980  z =  3.381260 angstrom
           Maximum rank =  2   Radius =  0.650 angstrom
                   Q00  =  -0.078238
|Q1| =   0.121386  Q10  =  -0.112099  Q11c =   0.028634  Q11s =   0.036725
|Q2| =   1.148681  Q20  =   0.559724  Q21c =  -0.413091  Q21s =  -0.018345
                   Q22c =  -0.899221  Q22s =   0.163092

C          x =  4.298010  y =-13.947460  z = -3.964350 angstrom
           Maximum rank =  2   Radius =  0.650 angstrom
                   Q00  =  -0.032579
|Q1| =   0.075131  Q10  =   0.062484  Q11c =  -0.039657  Q11s =   0.012952
|Q2| =   1.403048  Q20  =   0.442906  Q21c =  -0.281996  Q21s =   0.850580
                   Q22c =   0.894359  Q22s =   0.411694

H          x =  4.790360  y =-14.221290  z = -4.891310 angstrom
           Maximum rank =  1   Radius =  0.350 angstrom
                   Q00  =   0.046327
|Q1| =   0.116692  Q10  =   0.099982  Q11c =  -0.052504  Q11s =   0.029394

C          x = 12.379840  y =-20.667880  z =  0.129630 angstrom
           Maximum rank =  2   Radius =  0.650 angstrom
                   Q00  =  -0.021630
|Q1| =   0.075807  Q10  =  -0.002117  Q11c =  -0.062269  Q11s =   0.043184
|Q2| =   1.248003  Q20  =  -1.168637  Q21c =  -0.156236  Q21s =  -0.378327
                   Q22c =  -0.153371  Q22s =  -0.027134

C          x = 13.167100  y =-19.436870  z = -0.143300 angstrom
           Maximum rank =  2   Radius =  0.650 angstrom
                   Q00  =   0.031148
|Q1| =   0.043496  Q10  =   0.006625  Q11c =  -0.037830  Q11s =  -0.020418
|Q2| =   1.166572  Q20  =  -1.079249  Q21c =  -0.182458  Q21s =  -0.274951
                   Q22c =   0.295039  Q22s =  -0.013232

C          x =  2.142770  y =-14.873450  z = -4.894940 angstrom
           Maximum rank =  2   Radius =  0.650 angstrom
                   Q00  =   0.023048
|Q1| =   0.022678  Q10  =   0.012144  Q11c =   0.012138  Q11s =   0.014816
|Q2| =   0.104246  Q20  =   0.040216  Q21c =   0.065851  Q21s =   0.055992
                   Q22c =   0.025777  Q22s =   0.033375

H          x =  2.587030  y =-14.706120  z = -5.877200 angstrom
           Maximum rank =  1   Radius =  0.350 angstrom
                   Q00  =   0.025072
|Q1| =   0.125112  Q10  =   0.124199  Q11c =  -0.013486  Q11s =   0.006771

H          x =  1.115600  y =-14.505550  z = -4.920470 angstrom
           Maximum rank =  1   Radius =  0.350 angstrom
                   Q00  =   0.025483
|Q1| =   0.125313  Q10  =   0.038350  Q11c =   0.118788  Q11s =  -0.011047

C          x =  2.345580  y =-13.826270  z = -2.608380 angstrom
           Maximum rank =  2   Radius =  0.650 angstrom
                   Q00  =  -0.033863
|Q1| =   0.076943  Q10  =  -0.016352  Q11c =   0.075160  Q11s =   0.001922
|Q2| =   1.413014  Q20  =   0.306534  Q21c =  -0.218537  Q21s =   0.796704
                   Q22c =   0.988720  Q22s =   0.492528

H          x =  1.286080  y =-14.005190  z = -2.458540 angstrom
           Maximum rank =  1   Radius =  0.350 angstrom
                   Q00  =   0.046172
|Q1| =   0.117273  Q10  =  -0.017605  Q11c =   0.114341  Q11s =   0.019211

C          x =  3.878740  y =-13.993180  z =  4.771910 angstrom
           Maximum rank =  2   Radius =  0.650 angstrom
                   Q00  =   0.023185
|Q1| =   0.023541  Q10  =  -0.017002  Q11c =   0.010599  Q11s =   0.012361
|Q2| =   0.102876  Q20  =   0.089050  Q21c =  -0.029592  Q21s =  -0.038549
                   Q22c =  -0.016826  Q22s =   0.002977

H          x =  4.465540  y =-14.869490  z =  5.054700 angstrom
           Maximum rank =  1   Radius =  0.350 angstrom
                   Q00  =   0.027873
|Q1| =   0.124225  Q10  =  -0.071731  Q11c =  -0.041141  Q11s =   0.092704

H          x =  4.066120  y =-13.209690  z =  5.507160 angstrom
           Maximum rank =  1   Radius =  0.350 angstrom
                   Q00  =   0.023860
|Q1| =   0.125291  Q10  =  -0.112121  Q11c =  -0.005747  Q11s =  -0.055621

C          x = 11.774660  y =-22.922410  z =  0.560090 angstrom
           Maximum rank =  2   Radius =  0.650 angstrom
                   Q00  =   0.177046
|Q1| =   0.158425  Q10  =   0.026778  Q11c =  -0.004525  Q11s =  -0.156080
|Q2| =   1.053501  Q20  =  -0.994745  Q21c =  -0.137085  Q21s =  -0.310369
                   Q22c =  -0.066217  Q22s =  -0.028997

C          x = 12.765360  y =-21.992450  z =  0.321360 angstrom
           Maximum rank =  2   Radius =  0.650 angstrom
                   Q00  =   0.006642
|Q1| =   0.072037  Q10  =   0.006079  Q11c =  -0.071779  Q11s =  -0.000371
|Q2| =   1.435274  Q20  =  -1.362415  Q21c =  -0.195191  Q21s =  -0.394951
                   Q22c =   0.068025  Q22s =  -0.071578

H          x = 13.787960  y =-22.336350  z =  0.295010 angstrom
           Maximum rank =  1   Radius =  0.350 angstrom
                   Q00  =   0.111396
|Q1| =   0.063094  Q10  =  -0.002871  Q11c =  -0.048293  Q11s =   0.040501

C          x = 14.528000  y =-19.398620  z = -0.262860 angstrom
           Maximum rank =  2   Radius =  0.650 angstrom
                   Q00  =  -0.022079
|Q1| =   0.022985  Q10  =  -0.001745  Q11c =   0.022904  Q11s =  -0.000825
|Q2| =   1.314276  Q20  =  -1.243710  Q21c =  -0.194152  Q21s =  -0.353099
                   Q22c =   0.133904  Q22s =  -0.014253

N          x = 16.044650  y =-21.468070  z = -0.039390 angstrom
           Maximum rank =  2   Radius =  0.650 angstrom
                   Q00  =  -0.225394
|Q1| =   0.562887  Q10  =  -0.052245  Q11c =  -0.313870  Q11s =   0.464325
|Q2| =   0.621877  Q20  =  -0.341253  Q21c =   0.042730  Q21s =  -0.074027
                   Q22c =  -0.086806  Q22s =  -0.505407

C          x = 15.354420  y =-20.554150  z = -0.136360 angstrom
           Maximum rank =  2   Radius =  0.650 angstrom
                   Q00  =   0.058166
|Q1| =   0.105672  Q10  =  -0.014458  Q11c =  -0.029313  Q11s =   0.100490
|Q2| =   1.210129  Q20  =  -0.700461  Q21c =   0.076809  Q21s =  -0.178932
                   Q22c =  -0.278175  Q22s =  -0.926535

H          x = -2.645740  y = -7.903220  z = -0.760810 angstrom
           Maximum rank =  1   Radius =  0.350 angstrom
                   Q00  =   0.049831
|Q1| =   0.103762  Q10  =  -0.019034  Q11c =   0.046453  Q11s =   0.090810

H          x =  8.399990  y = -2.806350  z =  2.391140 angstrom
           Maximum rank =  1   Radius =  0.350 angstrom
                   Q00  =   0.031855
|Q1| =   0.123358  Q10  =  -0.020899  Q11c =  -0.029778  Q11s =  -0.117872

H          x =  2.099660  y =-15.954380  z = -4.733180 angstrom
           Maximum rank =  1   Radius =  0.350 angstrom
                   Q00  =   0.031380
|Q1| =   0.123776  Q10  =   0.020890  Q11c =   0.029959  Q11s =   0.118264

H          x = 13.146340  y =-10.857600  z = -1.581530 angstrom
           Maximum rank =  1   Radius =  0.350 angstrom
                   Q00  =   0.049945
|Q1| =   0.103640  Q10  =   0.019026  Q11c =  -0.046393  Q11s =  -0.090702

H          x =  7.677330  y = -4.490710  z = -7.187070 angstrom
           Maximum rank =  1   Radius =  0.350 angstrom
                   Q00  =   0.030476
|Q1| =   0.124224  Q10  =   0.051888  Q11c =  -0.105898  Q11s =  -0.039050

H          x =  2.823310  y =-14.270340  z =  4.844410 angstrom
           Maximum rank =  1   Radius =  0.350 angstrom
                   Q00  =   0.030210
|Q1| =   0.124462  Q10  =  -0.051952  Q11c =   0.106074  Q11s =   0.039242

Total multipoles referred to origin at
           x =   0.000000,  y =    0.000000,  z =    0.000000 angstrom
                   Q00  =  -0.000032
|Q1| =   0.790414  Q10  =  -0.063955  Q11c =  -0.430242  Q11s =   0.659967
|Q2| = 361.642049  Q20  = 174.662998  Q21c = -30.708369  Q21s =  30.886473
                   Q22c =  51.575645  Q22s = 309.387756

CPU time used:     84m14.992s          Total:     84m14.992s

Finished at 2:47:53 on 27 Jun 2021  
