                                     G D M A

                                 by Anthony Stone

                         version 2.2.11, 04 February 2015

               Distributed Multipoles from Gaussian wavefunctions


Starting at 1:24:50 on 27 Jun 2021  

s1S0



Using CI density matrix from file sN_mz.fchk


                         Distributed Multipole Analysis

Standard DMA for products of primitives with exponent greater than 4.00000
Using 80-point Euler-MacLaurin radial quadrature
Using 590-point Lebedev quadrature
Becke smoothing parameter = 3

Positions and radii in angstrom
Multipole moments in atomic units, ea_0^k for rank k

S          x =  1.443530  y = -7.396330  z = -1.175200 angstrom
           Maximum rank =  2   Radius =  0.650 angstrom
                   Q00  =   0.783040
|Q1| =   1.011615  Q10  =  -0.185686  Q11c =   0.692804  Q11s =   0.713377
|Q2| =   2.417164  Q20  =  -2.124664  Q21c =  -0.194977  Q21s =  -0.508215
                   Q22c =   0.361497  Q22s =  -0.949477

F          x =  0.969620  y =  4.768220  z = -3.190480 angstrom
           Maximum rank =  2   Radius =  0.650 angstrom
                   Q00  =  -0.205829
|Q1| =   0.223390  Q10  =   0.037367  Q11c =  -0.173716  Q11s =  -0.135386
|Q2| =   0.699310  Q20  =  -0.275426  Q21c =  -0.144584  Q21s =  -0.138693
                   Q22c =  -0.010367  Q22s =   0.610678

N          x = -5.383400  y = -1.500450  z = -1.604900 angstrom
           Maximum rank =  2   Radius =  0.650 angstrom
                   Q00  =  -0.232934
|Q1| =   0.572542  Q10  =  -0.105700  Q11c =   0.273024  Q11s =   0.492026
|Q2| =   0.621831  Q20  =  -0.303801  Q21c =  -0.119377  Q21s =  -0.157525
                   Q22c =  -0.125550  Q22s =   0.489440

S          x =  0.513510  y = -3.130660  z = -1.820720 angstrom
           Maximum rank =  2   Radius =  0.650 angstrom
                   Q00  =   0.804051
|Q1| =   0.919777  Q10  =   0.141412  Q11c =  -0.783467  Q11s =  -0.460621
|Q2| =   2.457417  Q20  =  -2.168887  Q21c =  -0.159675  Q21s =  -0.699041
                   Q22c =  -0.603441  Q22s =  -0.675672

F          x = -1.598820  y =  5.439630  z = -3.091770 angstrom
           Maximum rank =  2   Radius =  0.650 angstrom
                   Q00  =  -0.204283
|Q1| =   0.222935  Q10  =   0.027778  Q11c =   0.083955  Q11s =  -0.204645
|Q2| =   0.696267  Q20  =  -0.291770  Q21c =   0.052201  Q21s =  -0.152509
                   Q22c =  -0.527429  Q22s =  -0.309019

C          x =  2.851870  y = -5.269650  z = -1.665220 angstrom
           Maximum rank =  2   Radius =  0.650 angstrom
                   Q00  =  -0.047237
|Q1| =   0.102239  Q10  =  -0.012168  Q11c =  -0.009665  Q11s =  -0.101052
|Q2| =   1.484877  Q20  =  -1.386681  Q21c =  -0.240551  Q21s =  -0.466868
                   Q22c =  -0.040120  Q22s =  -0.067359

H          x =  3.127930  y = -4.245340  z = -1.874830 angstrom
           Maximum rank =  1   Radius =  0.350 angstrom
                   Q00  =   0.087349
|Q1| =   0.093752  Q10  =   0.014271  Q11c =  -0.015666  Q11s =  -0.091325

C          x =  3.976280  y = -9.962690  z = -0.946720 angstrom
           Maximum rank =  2   Radius =  0.650 angstrom
                   Q00  =  -0.018164
|Q1| =   0.106681  Q10  =  -0.046241  Q11c =   0.089570  Q11s =   0.034927
|Q2| =   1.454098  Q20  =  -1.380796  Q21c =  -0.198710  Q21s =  -0.409104
                   Q22c =  -0.006055  Q22s =  -0.030240

H          x =  2.997950  y =-10.397280  z = -0.780670 angstrom
           Maximum rank =  1   Radius =  0.350 angstrom
                   Q00  =   0.082891
|Q1| =   0.103232  Q10  =  -0.017983  Q11c =   0.099400  Q11s =   0.021285

C          x =  5.848320  y = -4.733670  z = -3.394980 angstrom
           Maximum rank =  2   Radius =  0.650 angstrom
                   Q00  =  -0.048928
|Q1| =   0.102145  Q10  =  -0.014344  Q11c =  -0.003437  Q11s =  -0.101075
|Q2| =   1.475884  Q20  =   0.751924  Q21c =  -0.433770  Q21s =   0.092826
                   Q22c =  -1.167143  Q22s =   0.232053

H          x =  5.758710  y = -3.996740  z = -2.605730 angstrom
           Maximum rank =  1   Radius =  0.350 angstrom
                   Q00  =   0.074410
|Q1| =   0.105738  Q10  =  -0.037106  Q11c =   0.009541  Q11s =  -0.098553

O          x = -1.250880  y = -6.495620  z = -1.106430 angstrom
           Maximum rank =  2   Radius =  0.650 angstrom
                   Q00  =  -0.392162
|Q1| =   0.519090  Q10  =  -0.047092  Q11c =  -0.302265  Q11s =   0.419372
|Q2| =   1.135612  Q20  =  -0.650024  Q21c =  -0.231031  Q21s =  -0.284671
                   Q22c =  -0.067248  Q22s =   0.853316

C          x =  5.809540  y = -6.999240  z = -4.138510 angstrom
           Maximum rank =  2   Radius =  0.650 angstrom
                   Q00  =  -0.034710
|Q1| =   0.097406  Q10  =   0.045224  Q11c =  -0.022842  Q11s =   0.083192
|Q2| =   1.471878  Q20  =   0.597329  Q21c =  -0.495464  Q21s =  -0.092704
                   Q22c =  -1.226147  Q22s =   0.228269

H          x =  5.673620  y = -8.056310  z = -3.951140 angstrom
           Maximum rank =  1   Radius =  0.350 angstrom
                   Q00  =   0.077113
|Q1| =   0.098395  Q10  =   0.042879  Q11c =   0.006309  Q11s =   0.088335

C          x =  5.265530  y = -6.509720  z = -1.682810 angstrom
           Maximum rank =  2   Radius =  0.650 angstrom
                   Q00  =  -0.009591
|Q1| =   0.059907  Q10  =   0.011326  Q11c =  -0.046824  Q11s =  -0.035609
|Q2| =   0.189147  Q20  =   0.019307  Q21c =   0.034779  Q21s =  -0.077240
                   Q22c =   0.025870  Q22s =   0.166009

O          x =  0.695490  y = -0.469570  z = -2.282460 angstrom
           Maximum rank =  2   Radius =  0.650 angstrom
                   Q00  =  -0.417012
|Q1| =   0.558073  Q10  =  -0.022174  Q11c =  -0.437646  Q11s =   0.345572
|Q2| =   0.975441  Q20  =  -0.169862  Q21c =   0.041315  Q21s =   0.122395
                   Q22c =   0.655763  Q22s =  -0.689869

C          x =  5.460800  y = -5.408460  z =  0.611160 angstrom
           Maximum rank =  2   Radius =  0.650 angstrom
                   Q00  =  -0.033531
|Q1| =   0.097253  Q10  =  -0.067331  Q11c =   0.065857  Q11s =  -0.024237
|Q2| =   1.455503  Q20  =   0.321178  Q21c =  -0.111094  Q21s =   0.845282
                   Q22c =   1.015036  Q22s =   0.508127

H          x =  4.405520  y = -5.593020  z =  0.768070 angstrom
           Maximum rank =  1   Radius =  0.350 angstrom
                   Q00  =   0.077222
|Q1| =   0.100387  Q10  =  -0.065303  Q11c =   0.076162  Q11s =  -0.003509

C          x =  4.120330  y = -8.602700  z = -1.206780 angstrom
           Maximum rank =  2   Radius =  0.650 angstrom
                   Q00  =  -0.025718
|Q1| =   0.119016  Q10  =  -0.017031  Q11c =   0.100770  Q11s =   0.060994
|Q2| =   1.285228  Q20  =  -1.172250  Q21c =  -0.153815  Q21s =  -0.410366
                   Q22c =  -0.276451  Q22s =  -0.095694

C          x = -1.835830  y = -4.132800  z = -1.457790 angstrom
           Maximum rank =  2   Radius =  0.650 angstrom
                   Q00  =  -0.065814
|Q1| =   0.096525  Q10  =  -0.009331  Q11c =   0.095703  Q11s =   0.008417
|Q2| =   1.532057  Q20  =  -1.452126  Q21c =  -0.201143  Q21s =  -0.408526
                   Q22c =   0.112411  Q22s =  -0.136168

H          x = -2.909000  y = -4.209150  z = -1.356710 angstrom
           Maximum rank =  1   Radius =  0.350 angstrom
                   Q00  =   0.073901
|Q1| =   0.098740  Q10  =  -0.010764  Q11c =   0.096773  Q11s =   0.016388

C          x =  5.117800  y =-10.737020  z = -0.907950 angstrom
           Maximum rank =  2   Radius =  0.650 angstrom
                   Q00  =  -0.041327
|Q1| =   0.087015  Q10  =  -0.047396  Q11c =   0.071385  Q11s =  -0.015149
|Q2| =   1.247530  Q20  =  -1.173675  Q21c =  -0.149136  Q21s =  -0.351407
                   Q22c =  -0.042594  Q22s =  -0.176842

C          x =  0.378160  y = -4.826520  z = -1.524090 angstrom
           Maximum rank =  2   Radius =  0.650 angstrom
                   Q00  =  -0.336103
|Q1| =   0.491991  Q10  =   0.087226  Q11c =  -0.138387  Q11s =  -0.464000
|Q2| =   1.461055  Q20  =  -1.211394  Q21c =  -0.170789  Q21s =  -0.219410
                   Q22c =   0.659127  Q22s =  -0.394267

C          x =  3.758560  y = -6.335470  z = -1.553890 angstrom
           Maximum rank =  2   Radius =  0.650 angstrom
                   Q00  =  -0.071773
|Q1| =   0.110057  Q10  =  -0.037852  Q11c =   0.025801  Q11s =  -0.100070
|Q2| =   1.251047  Q20  =  -1.159843  Q21c =  -0.192968  Q21s =  -0.329414
                   Q22c =   0.169498  Q22s =  -0.213081

C          x =  5.680950  y = -6.087180  z = -3.098770 angstrom
           Maximum rank =  2   Radius =  0.650 angstrom
                   Q00  =  -0.060524
|Q1| =   0.078372  Q10  =   0.003853  Q11c =  -0.077748  Q11s =   0.009089
|Q2| =   1.288516  Q20  =   0.641796  Q21c =  -0.549234  Q21s =  -0.018082
                   Q22c =  -0.944380  Q22s =   0.233520

C          x =  3.147030  y = -7.531720  z = -1.296640 angstrom
           Maximum rank =  2   Radius =  0.650 angstrom
                   Q00  =  -0.338162
|Q1| =   0.610781  Q10  =  -0.087122  Q11c =   0.594191  Q11s =   0.111360
|Q2| =   1.361610  Q20  =  -1.179386  Q21c =  -0.095483  Q21s =  -0.401137
                   Q22c =  -0.386816  Q22s =  -0.378648

C          x =  6.054670  y = -5.773150  z = -0.592300 angstrom
           Maximum rank =  2   Radius =  0.650 angstrom
                   Q00  =  -0.059703
|Q1| =   0.068091  Q10  =   0.012583  Q11c =   0.003473  Q11s =  -0.066828
|Q2| =   1.281499  Q20  =   0.343122  Q21c =  -0.083031  Q21s =   0.835979
                   Q22c =   0.742944  Q22s =   0.516514

C          x = -0.949500  y = -5.203170  z = -1.350350 angstrom
           Maximum rank =  2   Radius =  0.650 angstrom
                   Q00  =   0.077697
|Q1| =   0.126254  Q10  =   0.018093  Q11c =   0.028127  Q11s =  -0.121744
|Q2| =   1.138881  Q20  =  -1.062898  Q21c =  -0.148972  Q21s =  -0.349766
                   Q22c =  -0.150427  Q22s =   0.011842

C          x =  1.544390  y = -5.667410  z = -1.480820 angstrom
           Maximum rank =  2   Radius =  0.650 angstrom
                   Q00  =  -0.304291
|Q1| =   0.415953  Q10  =  -0.082487  Q11c =   0.087467  Q11s =   0.398199
|Q2| =   1.488161  Q20  =  -1.184576  Q21c =  -0.177497  Q21s =  -0.197890
                   Q22c =   0.741629  Q22s =  -0.436718

C          x = -1.214360  y = -2.914720  z = -1.714530 angstrom
           Maximum rank =  2   Radius =  0.650 angstrom
                   Q00  =  -0.313120
|Q1| =   0.435952  Q10  =   0.039086  Q11c =  -0.433682  Q11s =  -0.021114
|Q2| =   1.415944  Q20  =  -1.147100  Q21c =  -0.075583  Q21s =  -0.438032
                   Q22c =  -0.655293  Q22s =  -0.249128

C          x = -0.526920  y =  1.576590  z = -2.528060 angstrom
           Maximum rank =  2   Radius =  0.650 angstrom
                   Q00  =  -0.041083
|Q1| =   0.066801  Q10  =   0.007593  Q11c =  -0.065404  Q11s =  -0.011271
|Q2| =   1.238803  Q20  =  -1.159132  Q21c =  -0.188928  Q21s =  -0.370907
                   Q22c =  -0.049747  Q22s =   0.123720

C          x = -1.997200  y = -1.740890  z = -1.847670 angstrom
           Maximum rank =  2   Radius =  0.650 angstrom
                   Q00  =   0.021394
|Q1| =   0.021490  Q10  =  -0.001303  Q11c =  -0.014904  Q11s =   0.015427
|Q2| =   1.371248  Q20  =  -1.287733  Q21c =  -0.167082  Q21s =  -0.408749
                   Q22c =  -0.149934  Q22s =  -0.067778

H          x = -3.044380  y = -1.979520  z = -1.721350 angstrom
           Maximum rank =  1   Radius =  0.350 angstrom
                   Q00  =   0.092220
|Q1| =   0.071626  Q10  =  -0.011910  Q11c =   0.054621  Q11s =   0.044777

C          x =  6.140550  y = -4.314720  z = -4.680690 angstrom
           Maximum rank =  2   Radius =  0.650 angstrom
                   Q00  =  -0.032799
|Q1| =   0.075563  Q10  =   0.004594  Q11c =  -0.003982  Q11s =  -0.075318
|Q2| =   1.413368  Q20  =   0.528835  Q21c =  -0.470630  Q21s =  -0.010442
                   Q22c =  -1.203406  Q22s =   0.219443

H          x =  6.263770  y = -3.255190  z = -4.879000 angstrom
           Maximum rank =  1   Radius =  0.350 angstrom
                   Q00  =   0.048420
|Q1| =   0.115536  Q10  =   0.019387  Q11c =  -0.014251  Q11s =  -0.113002

C          x = -0.358950  y =  0.125940  z = -2.296750 angstrom
           Maximum rank =  2   Radius =  0.650 angstrom
                   Q00  =   0.192540
|Q1| =   0.029460  Q10  =   0.000378  Q11c =   0.026024  Q11s =  -0.013804
|Q2| =   0.764656  Q20  =  -0.693716  Q21c =  -0.069434  Q21s =  -0.171150
                   Q22c =   0.104929  Q22s =  -0.241524

C          x = -2.618450  y = -6.832070  z = -0.943290 angstrom
           Maximum rank =  2   Radius =  0.650 angstrom
                   Q00  =   0.170409
|Q1| =   0.143253  Q10  =  -0.008904  Q11c =   0.142367  Q11s =  -0.013177
|Q2| =   0.144932  Q20  =  -0.079894  Q21c =  -0.033067  Q21s =  -0.027286
                   Q22c =   0.036061  Q22s =   0.107163

H          x = -3.189930  y = -6.602640  z = -1.847160 angstrom
           Maximum rank =  1   Radius =  0.350 angstrom
                   Q00  =   0.047508
|Q1| =   0.113316  Q10  =   0.071914  Q11c =   0.087047  Q11s =   0.009575

H          x = -3.053140  y = -6.306480  z = -0.088250 angstrom
           Maximum rank =  1   Radius =  0.350 angstrom
                   Q00  =   0.047450
|Q1| =   0.113230  Q10  =  -0.083406  Q11c =   0.074779  Q11s =  -0.016509

C          x = -4.768140  y = -0.552430  z = -1.816640 angstrom
           Maximum rank =  2   Radius =  0.650 angstrom
                   Q00  =   0.060643
|Q1| =   0.100718  Q10  =  -0.017579  Q11c =   0.016613  Q11s =   0.097771
|Q2| =   1.202532  Q20  =  -0.658383  Q21c =  -0.206692  Q21s =  -0.344109
                   Q22c =  -0.411861  Q22s =   0.825743

C          x =  7.561160  y = -4.562690  z =  1.468890 angstrom
           Maximum rank =  2   Radius =  0.650 angstrom
                   Q00  =  -0.078167
|Q1| =   0.121947  Q10  =  -0.088922  Q11c =  -0.065025  Q11s =  -0.052304
|Q2| =   1.148509  Q20  =   0.332113  Q21c =  -0.087035  Q21s =   0.713297
                   Q22c =   0.728417  Q22s =   0.402263

C          x = -1.709360  y = -0.427490  z = -2.092340 angstrom
           Maximum rank =  2   Radius =  0.650 angstrom
                   Q00  =  -0.066589
|Q1| =   0.064104  Q10  =  -0.011647  Q11c =   0.030072  Q11s =   0.055402
|Q2| =   1.341086  Q20  =  -1.249775  Q21c =  -0.172486  Q21s =  -0.412095
                   Q22c =  -0.191596  Q22s =   0.017071

C          x =  6.105000  y = -6.574080  z = -5.428020 angstrom
           Maximum rank =  2   Radius =  0.650 angstrom
                   Q00  =  -0.033373
|Q1| =   0.075011  Q10  =   0.049994  Q11c =  -0.006994  Q11s =   0.055484
|Q2| =   1.406001  Q20  =   0.613918  Q21c =  -0.468704  Q21s =   0.153275
                   Q22c =  -1.151215  Q22s =   0.177400

H          x =  6.198860  y = -7.310910  z = -6.218410 angstrom
           Maximum rank =  1   Radius =  0.350 angstrom
                   Q00  =   0.044736
|Q1| =   0.117656  Q10  =   0.087145  Q11c =  -0.010615  Q11s =   0.078333

C          x =  0.073330  y =  3.812000  z = -2.955030 angstrom
           Maximum rank =  2   Radius =  0.650 angstrom
                   Q00  =   0.174632
|Q1| =   0.153859  Q10  =  -0.028102  Q11c =   0.062297  Q11s =   0.137848
|Q2| =   1.056593  Q20  =  -0.993101  Q21c =  -0.157452  Q21s =  -0.313663
                   Q22c =  -0.034375  Q22s =   0.076036

C          x =  0.466470  y =  2.505830  z = -2.766900 angstrom
           Maximum rank =  2   Radius =  0.650 angstrom
                   Q00  =   0.023188
|Q1| =   0.066840  Q10  =   0.002545  Q11c =  -0.064113  Q11s =   0.018723
|Q2| =   1.377363  Q20  =  -1.307567  Q21c =  -0.187825  Q21s =  -0.381909
                   Q22c =   0.054185  Q22s =  -0.057703

H          x =  1.510670  y =  2.223730  z = -2.805330 angstrom
           Maximum rank =  1   Radius =  0.350 angstrom
                   Q00  =   0.098605
|Q1| =   0.085104  Q10  =   0.005718  Q11c =  -0.084577  Q11s =   0.007533

C          x =  7.417710  y = -5.526540  z = -0.746700 angstrom
           Maximum rank =  2   Radius =  0.650 angstrom
                   Q00  =  -0.051655
|Q1| =   0.103921  Q10  =   0.043247  Q11c =  -0.093951  Q11s =   0.010120
|Q2| =   1.488237  Q20  =   0.563495  Q21c =  -0.190940  Q21s =   0.839267
                   Q22c =   0.954836  Q22s =   0.494757

H          x =  7.909480  y = -5.788450  z = -1.675640 angstrom
           Maximum rank =  1   Radius =  0.350 angstrom
                   Q00  =   0.073919
|Q1| =   0.106516  Q10  =   0.058798  Q11c =  -0.087225  Q11s =   0.016743

C          x =  6.278720  y = -5.228870  z = -5.723880 angstrom
           Maximum rank =  2   Radius =  0.650 angstrom
                   Q00  =  -0.078410
|Q1| =   0.121393  Q10  =   0.112163  Q11c =  -0.028497  Q11s =  -0.036657
|Q2| =   1.149219  Q20  =   0.559978  Q21c =  -0.413320  Q21s =  -0.018531
                   Q22c =  -0.899604  Q22s =   0.163290

C          x =  6.202610  y = -4.813480  z =  1.621750 angstrom
           Maximum rank =  2   Radius =  0.650 angstrom
                   Q00  =  -0.032369
|Q1| =   0.075024  Q10  =  -0.062366  Q11c =   0.039679  Q11s =  -0.012834
|Q2| =   1.402255  Q20  =   0.442845  Q21c =  -0.281761  Q21s =   0.850133
                   Q22c =   0.893689  Q22s =   0.411596

H          x =  5.710280  y = -4.539720  z =  2.548740 angstrom
           Maximum rank =  1   Radius =  0.350 angstrom
                   Q00  =   0.046614
|Q1| =   0.116443  Q10  =  -0.099752  Q11c =   0.052448  Q11s =  -0.029288

C          x = -1.879290  y =  1.907000  z = -2.472250 angstrom
           Maximum rank =  2   Radius =  0.650 angstrom
                   Q00  =  -0.021826
|Q1| =   0.075749  Q10  =   0.002432  Q11c =   0.062230  Q11s =  -0.043121
|Q2| =   1.248317  Q20  =  -1.168871  Q21c =  -0.156429  Q21s =  -0.378506
                   Q22c =  -0.153553  Q22s =  -0.026818

C          x = -2.666520  y =  0.676000  z = -2.199260 angstrom
           Maximum rank =  2   Radius =  0.650 angstrom
                   Q00  =   0.032350
|Q1| =   0.044105  Q10  =  -0.006351  Q11c =   0.038674  Q11s =   0.020231
|Q2| =   1.163108  Q20  =  -1.075788  Q21c =  -0.182009  Q21s =  -0.273893
                   Q22c =   0.295248  Q22s =  -0.013583

C          x =  8.357810  y = -3.887410  z =  2.552300 angstrom
           Maximum rank =  2   Radius =  0.650 angstrom
                   Q00  =   0.023063
|Q1| =   0.022470  Q10  =  -0.011991  Q11c =  -0.012061  Q11s =  -0.014685
|Q2| =   0.105086  Q20  =   0.040379  Q21c =   0.066389  Q21s =   0.056561
                   Q22c =   0.025904  Q22s =   0.033687

H          x =  7.914150  y = -4.055640  z =  3.534680 angstrom
           Maximum rank =  1   Radius =  0.350 angstrom
                   Q00  =   0.025356
|Q1| =   0.124830  Q10  =  -0.123930  Q11c =   0.013421  Q11s =  -0.006613

H          x =  9.385290  y = -4.254500  z =  2.577150 angstrom
           Maximum rank =  1   Radius =  0.350 angstrom
                   Q00  =   0.025605
|Q1| =   0.125159  Q10  =  -0.038170  Q11c =  -0.118684  Q11s =   0.011040

C          x =  8.155000  y = -4.934530  z =  0.265710 angstrom
           Maximum rank =  2   Radius =  0.650 angstrom
                   Q00  =  -0.033776
|Q1| =   0.076919  Q10  =   0.016429  Q11c =  -0.075122  Q11s =  -0.001794
|Q2| =   1.412642  Q20  =   0.306431  Q21c =  -0.218285  Q21s =   0.796408
                   Q22c =   0.988430  Q22s =   0.492696

H          x =  9.214480  y = -4.755560  z =  0.115840 angstrom
           Maximum rank =  1   Radius =  0.350 angstrom
                   Q00  =   0.046262
|Q1| =   0.117197  Q10  =   0.017666  Q11c =  -0.114263  Q11s =  -0.019157

C          x =  6.621850  y = -4.767660  z = -7.114530 angstrom
           Maximum rank =  2   Radius =  0.650 angstrom
                   Q00  =   0.023177
|Q1| =   0.023574  Q10  =   0.017134  Q11c =  -0.010568  Q11s =  -0.012267
|Q2| =   0.102503  Q20  =   0.088726  Q21c =  -0.029419  Q21s =  -0.038294
                   Q22c =  -0.017113  Q22s =   0.003120

H          x =  6.035210  y = -3.891220  z = -7.397240 angstrom
           Maximum rank =  1   Radius =  0.350 angstrom
                   Q00  =   0.027843
|Q1| =   0.124268  Q10  =   0.071816  Q11c =   0.041159  Q11s =  -0.092688

H          x =  6.434270  y = -5.551080  z = -7.849800 angstrom
           Maximum rank =  1   Radius =  0.350 angstrom
                   Q00  =   0.023563
|Q1| =   0.125566  Q10  =   0.112356  Q11c =   0.005795  Q11s =   0.055762

C          x = -1.274120  y =  4.161530  z = -2.902800 angstrom
           Maximum rank =  2   Radius =  0.650 angstrom
                   Q00  =   0.177582
|Q1| =   0.158455  Q10  =  -0.026450  Q11c =   0.004690  Q11s =   0.156161
|Q2| =   1.051763  Q20  =  -0.993099  Q21c =  -0.137019  Q21s =  -0.309880
                   Q22c =  -0.065820  Q22s =  -0.028780

C          x = -2.264810  y =  3.231570  z = -2.664010 angstrom
           Maximum rank =  2   Radius =  0.650 angstrom
                   Q00  =   0.007269
|Q1| =   0.071957  Q10  =  -0.005706  Q11c =   0.071729  Q11s =   0.000573
|Q2| =   1.433147  Q20  =  -1.360364  Q21c =  -0.195051  Q21s =  -0.394331
                   Q22c =   0.067762  Q22s =  -0.072017

H          x = -3.287410  y =  3.575470  z = -2.637640 angstrom
           Maximum rank =  1   Radius =  0.350 angstrom
                   Q00  =   0.111653
|Q1| =   0.062882  Q10  =   0.002914  Q11c =   0.048180  Q11s =  -0.040304

C          x = -4.027420  y =  0.637730  z = -2.079640 angstrom
           Maximum rank =  2   Radius =  0.650 angstrom
                   Q00  =  -0.021044
|Q1| =   0.023685  Q10  =   0.002131  Q11c =  -0.023569  Q11s =   0.000964
|Q2| =   1.311005  Q20  =  -1.240551  Q21c =  -0.193850  Q21s =  -0.352241
                   Q22c =   0.133870  Q22s =  -0.014014

N          x = -5.544150  y =  2.707130  z = -2.303080 angstrom
           Maximum rank =  2   Radius =  0.650 angstrom
                   Q00  =  -0.223487
|Q1| =   0.561757  Q10  =   0.052550  Q11c =   0.313282  Q11s =  -0.463318
|Q2| =   0.620814  Q20  =  -0.340084  Q21c =   0.042674  Q21s =  -0.073484
                   Q22c =  -0.086819  Q22s =  -0.504969

C          x = -4.853870  y =  1.793240  z = -2.206130 angstrom
           Maximum rank =  2   Radius =  0.650 angstrom
                   Q00  =   0.058340
|Q1| =   0.105976  Q10  =   0.014893  Q11c =   0.029463  Q11s =  -0.100703
|Q2| =   1.209552  Q20  =  -0.699512  Q21c =   0.076938  Q21s =  -0.178606
                   Q22c =  -0.278236  Q22s =  -0.926534

S          x =  9.057050  y =-11.364540  z = -1.167400 angstrom
           Maximum rank =  2   Radius =  0.650 angstrom
                   Q00  =   0.782942
|Q1| =   1.011827  Q10  =   0.186713  Q11c =  -0.692887  Q11s =  -0.713330
|Q2| =   2.417201  Q20  =  -2.124871  Q21c =  -0.194453  Q21s =  -0.507660
                   Q22c =   0.361522  Q22s =  -0.949502

F          x =  9.530910  y =-23.529110  z =  0.847670 angstrom
           Maximum rank =  2   Radius =  0.650 angstrom
                   Q00  =  -0.205559
|Q1| =   0.223249  Q10  =  -0.037021  Q11c =   0.173640  Q11s =   0.135347
|Q2| =   0.699228  Q20  =  -0.275393  Q21c =  -0.144508  Q21s =  -0.138560
                   Q22c =  -0.010378  Q22s =   0.610646

N          x = 15.884140  y =-17.260490  z = -0.737370 angstrom
           Maximum rank =  2   Radius =  0.650 angstrom
                   Q00  =  -0.232849
|Q1| =   0.572521  Q10  =   0.106320  Q11c =  -0.272966  Q11s =  -0.491900
|Q2| =   0.621726  Q20  =  -0.303813  Q21c =  -0.119066  Q21s =  -0.157004
                   Q22c =  -0.125507  Q22s =   0.489552

S          x =  9.987070  y =-15.630210  z = -0.521880 angstrom
           Maximum rank =  2   Radius =  0.650 angstrom
                   Q00  =   0.804466
|Q1| =   0.919362  Q10  =  -0.140297  Q11c =   0.783197  Q11s =   0.460593
|Q2| =   2.455931  Q20  =  -2.167391  Q21c =  -0.160012  Q21s =  -0.698921
                   Q22c =  -0.603063  Q22s =  -0.675450

F          x = 12.099350  y =-24.200520  z =  0.749040 angstrom
           Maximum rank =  2   Radius =  0.650 angstrom
                   Q00  =  -0.204069
|Q1| =   0.222818  Q10  =  -0.027444  Q11c =  -0.083912  Q11s =   0.204581
|Q2| =   0.696211  Q20  =  -0.291752  Q21c =   0.052216  Q21s =  -0.152405
                   Q22c =  -0.527417  Q22s =  -0.308980

C          x =  7.648710  y =-13.491220  z = -0.677380 angstrom
           Maximum rank =  2   Radius =  0.650 angstrom
                   Q00  =  -0.047137
|Q1| =   0.102409  Q10  =   0.012831  Q11c =   0.009535  Q11s =   0.101153
|Q2| =   1.484545  Q20  =  -1.386273  Q21c =  -0.240427  Q21s =  -0.467088
                   Q22c =  -0.040116  Q22s =  -0.067349

H          x =  7.372650  y =-14.515520  z = -0.467760 angstrom
           Maximum rank =  1   Radius =  0.350 angstrom
                   Q00  =   0.087404
|Q1| =   0.093721  Q10  =  -0.014173  Q11c =   0.015657  Q11s =   0.091310

C          x =  6.524300  y = -8.798180  z = -1.395910 angstrom
           Maximum rank =  2   Radius =  0.650 angstrom
                   Q00  =  -0.018247
|Q1| =   0.106888  Q10  =   0.046855  Q11c =  -0.089541  Q11s =  -0.034815
|Q2| =   1.454309  Q20  =  -1.381046  Q21c =  -0.198413  Q21s =  -0.409154
                   Q22c =  -0.006006  Q22s =  -0.030253

H          x =  7.502630  y = -8.363590  z = -1.561950 angstrom
           Maximum rank =  1   Radius =  0.350 angstrom
                   Q00  =   0.082839
|Q1| =   0.103284  Q10  =   0.018092  Q11c =  -0.099432  Q11s =  -0.021299

C          x =  4.652290  y =-14.027200  z =  1.052370 angstrom
           Maximum rank =  2   Radius =  0.650 angstrom
                   Q00  =  -0.049220
|Q1| =   0.102210  Q10  =   0.014523  Q11c =   0.003476  Q11s =   0.101113
|Q2| =   1.476654  Q20  =   0.752214  Q21c =  -0.433912  Q21s =   0.092945
                   Q22c =  -1.167868  Q22s =   0.232048

H          x =  4.741930  y =-14.764140  z =  0.263120 angstrom
           Maximum rank =  1   Radius =  0.350 angstrom
                   Q00  =   0.074119
|Q1| =   0.105912  Q10  =   0.037282  Q11c =  -0.009563  Q11s =   0.098671

O          x = 11.751470  y =-12.265240  z = -1.236120 angstrom
           Maximum rank =  2   Radius =  0.650 angstrom
                   Q00  =  -0.392269
|Q1| =   0.519151  Q10  =   0.047575  Q11c =   0.302302  Q11s =  -0.419366
|Q2| =   1.135767  Q20  =  -0.650239  Q21c =  -0.231022  Q21s =  -0.284494
                   Q22c =  -0.067194  Q22s =   0.853424

C          x =  4.691000  y =-11.761610  z =  1.795870 angstrom
           Maximum rank =  2   Radius =  0.650 angstrom
                   Q00  =  -0.034731
|Q1| =   0.097321  Q10  =  -0.045009  Q11c =   0.022935  Q11s =  -0.083184
|Q2| =   1.471997  Q20  =   0.597226  Q21c =  -0.495451  Q21s =  -0.092313
                   Q22c =  -1.226392  Q22s =   0.228175

H          x =  4.826890  y =-10.704550  z =  1.608490 angstrom
           Maximum rank =  1   Radius =  0.350 angstrom
                   Q00  =   0.077067
|Q1| =   0.098338  Q10  =  -0.042764  Q11c =  -0.006315  Q11s =  -0.088327

C          x =  5.235060  y =-12.251140  z = -0.659820 angstrom
           Maximum rank =  2   Radius =  0.650 angstrom
                   Q00  =  -0.009587
|Q1| =   0.059917  Q10  =  -0.011311  Q11c =   0.046844  Q11s =   0.035606
|Q2| =   0.189095  Q20  =   0.019068  Q21c =   0.035111  Q21s =  -0.076970
                   Q22c =   0.025738  Q22s =   0.166053

O          x =  9.805080  y =-18.291290  z = -0.060190 angstrom
           Maximum rank =  2   Radius =  0.650 angstrom
                   Q00  =  -0.416859
|Q1| =   0.557967  Q10  =   0.022678  Q11c =   0.437525  Q11s =  -0.345521
|Q2| =   0.975377  Q20  =  -0.169794  Q21c =   0.041204  Q21s =   0.122571
                   Q22c =   0.655694  Q22s =  -0.689836

C          x =  5.039820  y =-13.352490  z = -2.953750 angstrom
           Maximum rank =  2   Radius =  0.650 angstrom
                   Q00  =  -0.033619
|Q1| =   0.097383  Q10  =   0.067585  Q11c =  -0.065829  Q11s =   0.024132
|Q2| =   1.455806  Q20  =   0.320998  Q21c =  -0.110614  Q21s =   0.845570
                   Q22c =   1.015285  Q22s =   0.508236

H          x =  6.095110  y =-13.167980  z = -3.110630 angstrom
           Maximum rank =  1   Radius =  0.350 angstrom
                   Q00  =   0.077139
|Q1| =   0.100528  Q10  =   0.065449  Q11c =  -0.076222  Q11s =   0.003530

C          x =  6.380250  y =-10.158170  z = -1.135840 angstrom
           Maximum rank =  2   Radius =  0.650 angstrom
                   Q00  =  -0.025648
|Q1| =   0.119016  Q10  =   0.017559  Q11c =  -0.100694  Q11s =  -0.060968
|Q2| =   1.285094  Q20  =  -1.172136  Q21c =  -0.153686  Q21s =  -0.410289
                   Q22c =  -0.276508  Q22s =  -0.095649

C          x = 12.336420  y =-14.628060  z = -0.884760 angstrom
           Maximum rank =  2   Radius =  0.650 angstrom
                   Q00  =  -0.065616
|Q1| =   0.096475  Q10  =   0.009993  Q11c =  -0.095607  Q11s =  -0.008176
|Q2| =   1.531471  Q20  =  -1.451673  Q21c =  -0.200598  Q21s =  -0.408235
                   Q22c =   0.112519  Q22s =  -0.135997

H          x = 13.409580  y =-14.551710  z = -0.985820 angstrom
           Maximum rank =  1   Radius =  0.350 angstrom
                   Q00  =   0.073894
|Q1| =   0.098748  Q10  =   0.010886  Q11c =  -0.096772  Q11s =  -0.016364

C          x =  5.382780  y = -8.023850  z = -1.434680 angstrom
           Maximum rank =  2   Radius =  0.650 angstrom
                   Q00  =  -0.041341
|Q1| =   0.087256  Q10  =   0.047900  Q11c =  -0.071333  Q11s =   0.015196
|Q2| =   1.247416  Q20  =  -1.173543  Q21c =  -0.149132  Q21s =  -0.351446
                   Q22c =  -0.042655  Q22s =  -0.176831

C          x = 10.122420  y =-13.934340  z = -0.818490 angstrom
           Maximum rank =  2   Radius =  0.650 angstrom
                   Q00  =  -0.335938
|Q1| =   0.492048  Q10  =  -0.086602  Q11c =   0.138269  Q11s =   0.464212
|Q2| =   1.460697  Q20  =  -1.210974  Q21c =  -0.170763  Q21s =  -0.219471
                   Q22c =   0.659109  Q22s =  -0.394240

C          x =  6.742020  y =-12.425400  z = -0.788720 angstrom
           Maximum rank =  2   Radius =  0.650 angstrom
                   Q00  =  -0.071743
|Q1| =   0.110177  Q10  =   0.038386  Q11c =  -0.025723  Q11s =   0.100019
|Q2| =   1.250889  Q20  =  -1.159718  Q21c =  -0.192813  Q21s =  -0.329374
                   Q22c =   0.169431  Q22s =  -0.213091

C          x =  4.819630  y =-12.673690  z =  0.756150 angstrom
           Maximum rank =  2   Radius =  0.650 angstrom
                   Q00  =  -0.060962
|Q1| =   0.078542  Q10  =  -0.003761  Q11c =   0.077923  Q11s =  -0.009091
|Q2| =   1.289555  Q20  =   0.642460  Q21c =  -0.549775  Q21s =  -0.018316
                   Q22c =  -0.944975  Q22s =   0.233732

C          x =  7.353550  y =-11.229150  z = -1.045970 angstrom
           Maximum rank =  2   Radius =  0.650 angstrom
                   Q00  =  -0.338302
|Q1| =   0.610819  Q10  =   0.087740  Q11c =  -0.594165  Q11s =  -0.111215
|Q2| =   1.362018  Q20  =  -1.179864  Q21c =  -0.095224  Q21s =  -0.401175
                   Q22c =  -0.386745  Q22s =  -0.378726

C          x =  4.445920  y =-12.987720  z = -1.750330 angstrom
           Maximum rank =  2   Radius =  0.650 angstrom
                   Q00  =  -0.059365
|Q1| =   0.067852  Q10  =  -0.012418  Q11c =  -0.003458  Q11s =   0.066616
|Q2| =   1.280702  Q20  =   0.342853  Q21c =  -0.083189  Q21s =   0.835540
                   Q22c =   0.742554  Q22s =   0.515960

C          x = 11.450080  y =-13.557690  z = -0.992200 angstrom
           Maximum rank =  2   Radius =  0.650 angstrom
                   Q00  =   0.077556
|Q1| =   0.126261  Q10  =  -0.017552  Q11c =  -0.027987  Q11s =   0.121862
|Q2| =   1.139204  Q20  =  -1.063234  Q21c =  -0.148885  Q21s =  -0.349854
                   Q22c =  -0.150392  Q22s =   0.011756

C          x =  8.956190  y =-13.093450  z = -0.861780 angstrom
           Maximum rank =  2   Radius =  0.650 angstrom
                   Q00  =  -0.304438
|Q1| =   0.415997  Q10  =   0.083106  Q11c =  -0.087261  Q11s =  -0.398161
|Q2| =   1.488606  Q20  =  -1.185067  Q21c =  -0.177473  Q21s =  -0.197905
                   Q22c =   0.741643  Q22s =  -0.436881

C          x = 11.714940  y =-15.846150  z = -0.628030 angstrom
           Maximum rank =  2   Radius =  0.650 angstrom
                   Q00  =  -0.313291
|Q1| =   0.435959  Q10  =  -0.038389  Q11c =   0.433752  Q11s =   0.021103
|Q2| =   1.416270  Q20  =  -1.147365  Q21c =  -0.075697  Q21s =  -0.438169
                   Q22c =  -0.655379  Q22s =  -0.249260

C          x = 11.027480  y =-20.337470  z =  0.185400 angstrom
           Maximum rank =  2   Radius =  0.650 angstrom
                   Q00  =  -0.041055
|Q1| =   0.066737  Q10  =  -0.007036  Q11c =   0.065395  Q11s =   0.011303
|Q2| =   1.238723  Q20  =  -1.159079  Q21c =  -0.188931  Q21s =  -0.370821
                   Q22c =  -0.049757  Q22s =   0.123658

C          x = 12.497790  y =-17.019980  z = -0.494880 angstrom
           Maximum rank =  2   Radius =  0.650 angstrom
                   Q00  =   0.021808
|Q1| =   0.021380  Q10  =   0.001912  Q11c =   0.014980  Q11s =  -0.015134
|Q2| =   1.370058  Q20  =  -1.286682  Q21c =  -0.166732  Q21s =  -0.408279
                   Q22c =  -0.149810  Q22s =  -0.067633

H          x = 13.544960  y =-16.781330  z = -0.621180 angstrom
           Maximum rank =  1   Radius =  0.350 angstrom
                   Q00  =   0.092255
|Q1| =   0.071620  Q10  =   0.012010  Q11c =  -0.054610  Q11s =  -0.044755

C          x =  4.360060  y =-14.446140  z =  2.338090 angstrom
           Maximum rank =  2   Radius =  0.650 angstrom
                   Q00  =  -0.032669
|Q1| =   0.075519  Q10  =  -0.004363  Q11c =   0.004052  Q11s =   0.075284
|Q2| =   1.412824  Q20  =   0.528750  Q21c =  -0.470492  Q21s =  -0.010925
                   Q22c =  -1.202880  Q22s =   0.219304

H          x =  4.236870  y =-15.505670  z =  2.536410 angstrom
           Maximum rank =  1   Radius =  0.350 angstrom
                   Q00  =   0.048565
|Q1| =   0.115416  Q10  =  -0.019229  Q11c =   0.014231  Q11s =   0.112910

C          x = 10.859520  y =-18.886810  z = -0.045880 angstrom
           Maximum rank =  2   Radius =  0.650 angstrom
                   Q00  =   0.192601
|Q1| =   0.029422  Q10  =   0.000129  Q11c =  -0.025928  Q11s =   0.013906
|Q2| =   0.764465  Q20  =  -0.693538  Q21c =  -0.069420  Q21s =  -0.171047
                   Q22c =   0.105021  Q22s =  -0.241466

C          x = 13.119050  y =-11.928770  z = -1.399100 angstrom
           Maximum rank =  2   Radius =  0.650 angstrom
                   Q00  =   0.170394
|Q1| =   0.143282  Q10  =   0.009090  Q11c =  -0.142384  Q11s =   0.013194
|Q2| =   0.144801  Q20  =  -0.079978  Q21c =  -0.033121  Q21s =  -0.026747
                   Q22c =   0.035843  Q22s =   0.107115

H          x = 13.690440  y =-12.158230  z = -0.495170 angstrom
           Maximum rank =  1   Radius =  0.350 angstrom
                   Q00  =   0.047787
|Q1| =   0.113092  Q10  =  -0.071671  Q11c =  -0.086958  Q11s =  -0.009555

H          x = 13.553830  y =-12.454310  z = -2.254120 angstrom
           Maximum rank =  1   Radius =  0.350 angstrom
                   Q00  =   0.047095
|Q1| =   0.113529  Q10  =   0.083696  Q11c =  -0.074895  Q11s =   0.016569

C          x = 15.268770  y =-18.208470  z = -0.525790 angstrom
           Maximum rank =  2   Radius =  0.650 angstrom
                   Q00  =   0.060734
|Q1| =   0.100791  Q10  =   0.018258  Q11c =  -0.016520  Q11s =  -0.097737
|Q2| =   1.202326  Q20  =  -0.658247  Q21c =  -0.206558  Q21s =  -0.343784
                   Q22c =  -0.411741  Q22s =   0.825780

C          x =  2.939440  y =-14.198180  z = -3.811530 angstrom
           Maximum rank =  2   Radius =  0.650 angstrom
                   Q00  =  -0.078531
|Q1| =   0.121961  Q10  =   0.089086  Q11c =   0.065002  Q11s =   0.052087
|Q2| =   1.149659  Q20  =   0.332280  Q21c =  -0.086829  Q21s =   0.714155
                   Q22c =   0.729072  Q22s =   0.402743

C          x = 12.209940  y =-18.333380  z = -0.250230 angstrom
           Maximum rank =  2   Radius =  0.650 angstrom
                   Q00  =  -0.066577
|Q1| =   0.064321  Q10  =   0.012245  Q11c =  -0.030046  Q11s =  -0.055538
|Q2| =   1.340888  Q20  =  -1.249614  Q21c =  -0.172331  Q21s =  -0.411942
                   Q22c =  -0.191731  Q22s =   0.017028

C          x =  4.395540  y =-12.186770  z =  3.085380 angstrom
           Maximum rank =  2   Radius =  0.650 angstrom
                   Q00  =  -0.033043
|Q1| =   0.074850  Q10  =  -0.049752  Q11c =   0.007074  Q11s =  -0.055473
|Q2| =   1.404721  Q20  =   0.613634  Q21c =  -0.468317  Q21s =   0.153127
                   Q22c =  -1.150018  Q22s =   0.177162

H          x =  4.301640  y =-11.449930  z =  3.875760 angstrom
           Maximum rank =  1   Radius =  0.350 angstrom
                   Q00  =   0.045161
|Q1| =   0.117284  Q10  =  -0.086805  Q11c =   0.010592  Q11s =  -0.078155

C          x = 10.427210  y =-22.572880  z =  0.612280 angstrom
           Maximum rank =  2   Radius =  0.650 angstrom
                   Q00  =   0.174882
|Q1| =   0.153875  Q10  =   0.028692  Q11c =  -0.062225  Q11s =  -0.137776
|Q2| =   1.055861  Q20  =  -0.992448  Q21c =  -0.157329  Q21s =  -0.313356
                   Q22c =  -0.034384  Q22s =   0.075905

C          x = 10.034080  y =-21.266710  z =  0.424180 angstrom
           Maximum rank =  2   Radius =  0.650 angstrom
                   Q00  =   0.023322
|Q1| =   0.066807  Q10  =  -0.001879  Q11c =   0.064132  Q11s =  -0.018620
|Q2| =   1.376869  Q20  =  -1.307093  Q21c =  -0.188040  Q21s =  -0.381654
                   Q22c =   0.054187  Q22s =  -0.057624

H          x =  8.989880  y =-20.984610  z =  0.462580 angstrom
           Maximum rank =  1   Radius =  0.350 angstrom
                   Q00  =   0.098713
|Q1| =   0.085016  Q10  =  -0.005589  Q11c =   0.084497  Q11s =  -0.007525

C          x =  3.082860  y =-13.234260  z = -1.595970 angstrom
           Maximum rank =  2   Radius =  0.650 angstrom
                   Q00  =  -0.051335
|Q1| =   0.103836  Q10  =  -0.043015  Q11c =   0.093947  Q11s =  -0.010276
|Q2| =   1.487274  Q20  =   0.562970  Q21c =  -0.190794  Q21s =   0.838818
                   Q22c =   0.954214  Q22s =   0.494475

H          x =  2.591070  y =-12.972290  z = -0.667060 angstrom
           Maximum rank =  1   Radius =  0.350 angstrom
                   Q00  =   0.074254
|Q1| =   0.106291  Q10  =  -0.058585  Q11c =   0.087100  Q11s =  -0.016715

C          x =  4.221860  y =-13.531980  z =  3.381260 angstrom
           Maximum rank =  2   Radius =  0.650 angstrom
                   Q00  =  -0.077934
|Q1| =   0.121386  Q10  =  -0.112102  Q11c =   0.028636  Q11s =   0.036710
|Q2| =   1.147700  Q20  =   0.559069  Q21c =  -0.412655  Q21s =  -0.018196
                   Q22c =  -0.898604  Q22s =   0.162954

C          x =  4.298010  y =-13.947460  z = -3.964350 angstrom
           Maximum rank =  2   Radius =  0.650 angstrom
                   Q00  =  -0.032740
|Q1| =   0.075227  Q10  =   0.062646  Q11c =  -0.039661  Q11s =   0.012714
|Q2| =   1.403619  Q20  =   0.443011  Q21c =  -0.282077  Q21s =   0.851069
                   Q22c =   0.894657  Q22s =   0.411814

H          x =  4.790360  y =-14.221290  z = -4.891310 angstrom
           Maximum rank =  1   Radius =  0.350 angstrom
                   Q00  =   0.046142
|Q1| =   0.116854  Q10  =   0.100136  Q11c =  -0.052579  Q11s =   0.029382

C          x = 12.379840  y =-20.667880  z =  0.129630 angstrom
           Maximum rank =  2   Radius =  0.650 angstrom
                   Q00  =  -0.021901
|Q1| =   0.075739  Q10  =  -0.001894  Q11c =  -0.062189  Q11s =   0.043190
|Q2| =   1.248470  Q20  =  -1.169039  Q21c =  -0.156319  Q21s =  -0.378539
                   Q22c =  -0.153568  Q22s =  -0.026701

C          x = 13.167100  y =-19.436870  z = -0.143300 angstrom
           Maximum rank =  2   Radius =  0.650 angstrom
                   Q00  =   0.032653
|Q1| =   0.044231  Q10  =   0.006871  Q11c =  -0.038804  Q11s =  -0.020087
|Q2| =   1.162248  Q20  =  -1.074962  Q21c =  -0.181754  Q21s =  -0.273554
                   Q22c =   0.295336  Q22s =  -0.013696

C          x =  2.142770  y =-14.873450  z = -4.894940 angstrom
           Maximum rank =  2   Radius =  0.650 angstrom
                   Q00  =   0.023044
|Q1| =   0.022655  Q10  =   0.012265  Q11c =   0.012106  Q11s =   0.014706
|Q2| =   0.104166  Q20  =   0.040257  Q21c =   0.065544  Q21s =   0.055988
                   Q22c =   0.026012  Q22s =   0.033507

H          x =  2.587030  y =-14.706120  z = -5.877200 angstrom
           Maximum rank =  1   Radius =  0.350 angstrom
                   Q00  =   0.024853
|Q1| =   0.125302  Q10  =   0.124389  Q11c =  -0.013527  Q11s =   0.006707

H          x =  1.115600  y =-14.505550  z = -4.920470 angstrom
           Maximum rank =  1   Radius =  0.350 angstrom
                   Q00  =   0.025447
|Q1| =   0.125351  Q10  =   0.038429  Q11c =   0.118796  Q11s =  -0.011115

C          x =  2.345580  y =-13.826270  z = -2.608380 angstrom
           Maximum rank =  2   Radius =  0.650 angstrom
                   Q00  =  -0.033764
|Q1| =   0.076916  Q10  =  -0.016171  Q11c =   0.075179  Q11s =   0.001638
|Q2| =   1.412662  Q20  =   0.306501  Q21c =  -0.218681  Q21s =   0.796449
                   Q22c =   0.988403  Q22s =   0.492522

H          x =  1.286080  y =-14.005190  z = -2.458540 angstrom
           Maximum rank =  1   Radius =  0.350 angstrom
                   Q00  =   0.046297
|Q1| =   0.117162  Q10  =  -0.017530  Q11c =   0.114249  Q11s =   0.019149

C          x =  3.878740  y =-13.993180  z =  4.771910 angstrom
           Maximum rank =  2   Radius =  0.650 angstrom
                   Q00  =   0.023204
|Q1| =   0.023322  Q10  =  -0.016817  Q11c =   0.010545  Q11s =   0.012244
|Q2| =   0.103702  Q20  =   0.089698  Q21c =  -0.029902  Q21s =  -0.038952
                   Q22c =  -0.016937  Q22s =   0.003205

H          x =  4.465540  y =-14.869490  z =  5.054700 angstrom
           Maximum rank =  1   Radius =  0.350 angstrom
                   Q00  =   0.028160
|Q1| =   0.123942  Q10  =  -0.071536  Q11c =  -0.041102  Q11s =   0.092492

H          x =  4.066120  y =-13.209690  z =  5.507160 angstrom
           Maximum rank =  1   Radius =  0.350 angstrom
                   Q00  =   0.024025
|Q1| =   0.125099  Q10  =  -0.111907  Q11c =  -0.005765  Q11s =  -0.055616

C          x = 11.774660  y =-22.922410  z =  0.560090 angstrom
           Maximum rank =  2   Radius =  0.650 angstrom
                   Q00  =   0.177741
|Q1| =   0.158460  Q10  =   0.027045  Q11c =  -0.004691  Q11s =  -0.156064
|Q2| =   1.051253  Q20  =  -0.992658  Q21c =  -0.136841  Q21s =  -0.309675
                   Q22c =  -0.065707  Q22s =  -0.028669

C          x = 12.765360  y =-21.992450  z =  0.321360 angstrom
           Maximum rank =  2   Radius =  0.650 angstrom
                   Q00  =   0.007407
|Q1| =   0.071954  Q10  =   0.006379  Q11c =  -0.071669  Q11s =  -0.000498
|Q2| =   1.432685  Q20  =  -1.359958  Q21c =  -0.194592  Q21s =  -0.394269
                   Q22c =   0.067758  Q22s =  -0.072081

H          x = 13.787960  y =-22.336350  z =  0.295010 angstrom
           Maximum rank =  1   Radius =  0.350 angstrom
                   Q00  =   0.111705
|Q1| =   0.062832  Q10  =  -0.002798  Q11c =  -0.048144  Q11s =   0.040276

C          x = 14.528000  y =-19.398620  z = -0.262860 angstrom
           Maximum rank =  2   Radius =  0.650 angstrom
                   Q00  =  -0.020862
|Q1| =   0.023821  Q10  =  -0.001555  Q11c =   0.023753  Q11s =  -0.000908
|Q2| =   1.310409  Q20  =  -1.240019  Q21c =  -0.193642  Q21s =  -0.352015
                   Q22c =   0.133870  Q22s =  -0.013903

N          x = 16.044650  y =-21.468070  z = -0.039390 angstrom
           Maximum rank =  2   Radius =  0.650 angstrom
                   Q00  =  -0.223096
|Q1| =   0.561519  Q10  =  -0.051815  Q11c =  -0.313130  Q11s =   0.463216
|Q2| =   0.620596  Q20  =  -0.339781  Q21c =   0.042959  Q21s =  -0.073794
                   Q22c =  -0.086843  Q22s =  -0.504832

C          x = 15.354420  y =-20.554150  z = -0.136360 angstrom
           Maximum rank =  2   Radius =  0.650 angstrom
                   Q00  =   0.058372
|Q1| =   0.106013  Q10  =  -0.014213  Q11c =  -0.029485  Q11s =   0.100834
|Q2| =   1.209447  Q20  =  -0.699289  Q21c =   0.076995  Q21s =  -0.178643
                   Q22c =  -0.278349  Q22s =  -0.926518

H          x = -2.645740  y = -7.903220  z = -0.760810 angstrom
           Maximum rank =  1   Radius =  0.350 angstrom
                   Q00  =   0.049915
|Q1| =   0.103674  Q10  =  -0.018960  Q11c =   0.046415  Q11s =   0.090744

H          x =  8.399990  y = -2.806350  z =  2.391140 angstrom
           Maximum rank =  1   Radius =  0.350 angstrom
                   Q00  =   0.031687
|Q1| =   0.123489  Q10  =  -0.020830  Q11c =  -0.029810  Q11s =  -0.118013

H          x =  2.099660  y =-15.954380  z = -4.733180 angstrom
           Maximum rank =  1   Radius =  0.350 angstrom
                   Q00  =   0.031545
|Q1| =   0.123647  Q10  =   0.020959  Q11c =   0.029927  Q11s =   0.118125

H          x = 13.146340  y =-10.857600  z = -1.581530 angstrom
           Maximum rank =  1   Radius =  0.350 angstrom
                   Q00  =   0.049864
|Q1| =   0.103726  Q10  =   0.019100  Q11c =  -0.046431  Q11s =  -0.090766

H          x =  7.677330  y = -4.490710  z = -7.187070 angstrom
           Maximum rank =  1   Radius =  0.350 angstrom
                   Q00  =   0.030200
|Q1| =   0.124488  Q10  =   0.052047  Q11c =  -0.106083  Q11s =  -0.039176

H          x =  2.823310  y =-14.270340  z =  4.844410 angstrom
           Maximum rank =  1   Radius =  0.350 angstrom
                   Q00  =   0.030485
|Q1| =   0.124199  Q10  =  -0.051794  Q11c =   0.105890  Q11s =   0.039118

Total multipoles referred to origin at
           x =   0.000000,  y =    0.000000,  z =    0.000000 angstrom
                   Q00  =  -0.000032
|Q1| =   0.104239  Q10  =   0.072523  Q11c =   0.039776  Q11s =  -0.063436
|Q2| = 327.819969  Q20  = 156.533115  Q21c = -30.159591  Q21s =  29.462620
                   Q22c =  37.434849  Q22s = 282.461150

CPU time used:     84m 6.356s          Total:     84m 6.356s

Finished at 2:48:57 on 27 Jun 2021  
