                                     G D M A

                                 by Anthony Stone

                         version 2.2.11, 04 February 2015

               Distributed Multipoles from Gaussian wavefunctions


Starting at 1:7:51 on 27 Jun 2021   

s1S0



Using CI density matrix from file sN_x.fchk


                         Distributed Multipole Analysis

Standard DMA for products of primitives with exponent greater than 4.00000
Using 80-point Euler-MacLaurin radial quadrature
Using 590-point Lebedev quadrature
Becke smoothing parameter = 3

Positions and radii in angstrom
Multipole moments in atomic units, ea_0^k for rank k

S          x =  1.443530  y = -7.396330  z = -1.175200 angstrom
           Maximum rank =  2   Radius =  0.650 angstrom
                   Q00  =   0.783681
|Q1| =   1.010988  Q10  =  -0.186107  Q11c =   0.692452  Q11s =   0.712721
|Q2| =   2.414925  Q20  =  -2.122848  Q21c =  -0.194567  Q21s =  -0.507438
                   Q22c =   0.361196  Q22s =  -0.948456

F          x =  0.969620  y =  4.768220  z = -3.190480 angstrom
           Maximum rank =  2   Radius =  0.650 angstrom
                   Q00  =  -0.205494
|Q1| =   0.223265  Q10  =   0.037171  Q11c =  -0.173682  Q11s =  -0.135279
|Q2| =   0.699183  Q20  =  -0.275258  Q21c =  -0.144539  Q21s =  -0.138595
                   Q22c =  -0.010368  Q22s =   0.610641

N          x = -5.383400  y = -1.500450  z = -1.604900 angstrom
           Maximum rank =  2   Radius =  0.650 angstrom
                   Q00  =  -0.231106
|Q1| =   0.571531  Q10  =  -0.105891  Q11c =   0.271990  Q11s =   0.491381
|Q2| =   0.620820  Q20  =  -0.302617  Q21c =  -0.119066  Q21s =  -0.156877
                   Q22c =  -0.125213  Q22s =   0.489261

S          x =  0.513510  y = -3.130660  z = -1.820720 angstrom
           Maximum rank =  2   Radius =  0.650 angstrom
                   Q00  =   0.805110
|Q1| =   0.918965  Q10  =   0.140723  Q11c =  -0.782823  Q11s =  -0.460305
|Q2| =   2.452690  Q20  =  -2.164354  Q21c =  -0.159470  Q21s =  -0.697821
                   Q22c =  -0.602640  Q22s =  -0.675057

F          x = -1.598820  y =  5.439630  z = -3.091770 angstrom
           Maximum rank =  2   Radius =  0.650 angstrom
                   Q00  =  -0.203780
|Q1| =   0.222653  Q10  =   0.027583  Q11c =   0.083769  Q11s =  -0.204441
|Q2| =   0.696086  Q20  =  -0.291694  Q21c =   0.052206  Q21s =  -0.152423
                   Q22c =  -0.527291  Q22s =  -0.308959

C          x =  2.851870  y = -5.269650  z = -1.665220 angstrom
           Maximum rank =  2   Radius =  0.650 angstrom
                   Q00  =  -0.047184
|Q1| =   0.102363  Q10  =  -0.012566  Q11c =  -0.009161  Q11s =  -0.101175
|Q2| =   1.484491  Q20  =  -1.386249  Q21c =  -0.240430  Q21s =  -0.466951
                   Q22c =  -0.040446  Q22s =  -0.067385

H          x =  3.127930  y = -4.245340  z = -1.874830 angstrom
           Maximum rank =  1   Radius =  0.350 angstrom
                   Q00  =   0.087271
|Q1| =   0.093796  Q10  =   0.014228  Q11c =  -0.015700  Q11s =  -0.091372

C          x =  3.976280  y = -9.962690  z = -0.946720 angstrom
           Maximum rank =  2   Radius =  0.650 angstrom
                   Q00  =  -0.018239
|Q1| =   0.106707  Q10  =  -0.046554  Q11c =   0.089502  Q11s =   0.034762
|Q2| =   1.454181  Q20  =  -1.380898  Q21c =  -0.198560  Q21s =  -0.409116
                   Q22c =  -0.005973  Q22s =  -0.030392

H          x =  2.997950  y =-10.397280  z = -0.780670 angstrom
           Maximum rank =  1   Radius =  0.350 angstrom
                   Q00  =   0.082992
|Q1| =   0.103153  Q10  =  -0.018022  Q11c =   0.099314  Q11s =   0.021268

C          x =  5.848320  y = -4.733670  z = -3.394980 angstrom
           Maximum rank =  2   Radius =  0.650 angstrom
                   Q00  =  -0.049120
|Q1| =   0.102201  Q10  =  -0.014455  Q11c =  -0.003662  Q11s =  -0.101107
|Q2| =   1.476435  Q20  =   0.752250  Q21c =  -0.433898  Q21s =   0.092877
                   Q22c =  -1.167584  Q22s =   0.232020

H          x =  5.758710  y = -3.996740  z = -2.605730 angstrom
           Maximum rank =  1   Radius =  0.350 angstrom
                   Q00  =   0.074219
|Q1| =   0.105868  Q10  =  -0.037205  Q11c =   0.009525  Q11s =  -0.098657

O          x = -1.250880  y = -6.495620  z = -1.106430 angstrom
           Maximum rank =  2   Radius =  0.650 angstrom
                   Q00  =  -0.392331
|Q1| =   0.519031  Q10  =  -0.047312  Q11c =  -0.302328  Q11s =   0.419228
|Q2| =   1.135681  Q20  =  -0.650254  Q21c =  -0.231063  Q21s =  -0.284676
                   Q22c =  -0.067604  Q22s =   0.853195

C          x =  5.809540  y = -6.999240  z = -4.138510 angstrom
           Maximum rank =  2   Radius =  0.650 angstrom
                   Q00  =  -0.034671
|Q1| =   0.097402  Q10  =   0.045094  Q11c =  -0.023125  Q11s =   0.083180
|Q2| =   1.471760  Q20  =   0.597260  Q21c =  -0.495381  Q21s =  -0.092463
                   Q22c =  -1.226074  Q22s =   0.228362

H          x =  5.673620  y = -8.056310  z = -3.951140 angstrom
           Maximum rank =  1   Radius =  0.350 angstrom
                   Q00  =   0.077155
|Q1| =   0.098328  Q10  =   0.042820  Q11c =   0.006271  Q11s =   0.088292

C          x =  5.265530  y = -6.509720  z = -1.682810 angstrom
           Maximum rank =  2   Radius =  0.650 angstrom
                   Q00  =  -0.009604
|Q1| =   0.059935  Q10  =   0.011322  Q11c =  -0.046844  Q11s =  -0.035632
|Q2| =   0.189251  Q20  =   0.019343  Q21c =   0.034995  Q21s =  -0.077078
                   Q22c =   0.025725  Q22s =   0.166175

O          x =  0.695490  y = -0.469570  z = -2.282460 angstrom
           Maximum rank =  2   Radius =  0.650 angstrom
                   Q00  =  -0.416855
|Q1| =   0.557952  Q10  =  -0.022446  Q11c =  -0.437513  Q11s =   0.345527
|Q2| =   0.975351  Q20  =  -0.169630  Q21c =   0.041287  Q21s =   0.122557
                   Q22c =   0.655665  Q22s =  -0.689865

C          x =  5.460800  y = -5.408460  z =  0.611160 angstrom
           Maximum rank =  2   Radius =  0.650 angstrom
                   Q00  =  -0.033453
|Q1| =   0.097278  Q10  =  -0.067435  Q11c =   0.065782  Q11s =  -0.024254
|Q2| =   1.455191  Q20  =   0.321064  Q21c =  -0.110845  Q21s =   0.845127
                   Q22c =   1.014791  Q22s =   0.508106

H          x =  4.405520  y = -5.593020  z =  0.768070 angstrom
           Maximum rank =  1   Radius =  0.350 angstrom
                   Q00  =   0.077318
|Q1| =   0.100369  Q10  =  -0.065345  Q11c =   0.076102  Q11s =  -0.003540

C          x =  4.120330  y = -8.602700  z = -1.206780 angstrom
           Maximum rank =  2   Radius =  0.650 angstrom
                   Q00  =  -0.025371
|Q1| =   0.118933  Q10  =  -0.017339  Q11c =   0.100510  Q11s =   0.061172
|Q2| =   1.284404  Q20  =  -1.171473  Q21c =  -0.153658  Q21s =  -0.410105
                   Q22c =  -0.276448  Q22s =  -0.095529

C          x = -1.835830  y = -4.132800  z = -1.457790 angstrom
           Maximum rank =  2   Radius =  0.650 angstrom
                   Q00  =  -0.064540
|Q1| =   0.096176  Q10  =  -0.009559  Q11c =   0.095396  Q11s =   0.007623
|Q2| =   1.527700  Q20  =  -1.448040  Q21c =  -0.200405  Q21s =  -0.407241
                   Q22c =   0.112601  Q22s =  -0.135507

H          x = -2.909000  y = -4.209150  z = -1.356710 angstrom
           Maximum rank =  1   Radius =  0.350 angstrom
                   Q00  =   0.074293
|Q1| =   0.098457  Q10  =  -0.010791  Q11c =   0.096500  Q11s =   0.016278

C          x =  5.117800  y =-10.737020  z = -0.907950 angstrom
           Maximum rank =  2   Radius =  0.650 angstrom
                   Q00  =  -0.041074
|Q1| =   0.087078  Q10  =  -0.047693  Q11c =   0.071274  Q11s =  -0.015100
|Q2| =   1.246888  Q20  =  -1.173069  Q21c =  -0.149067  Q21s =  -0.351265
                   Q22c =  -0.042627  Q22s =  -0.176671

C          x =  0.378160  y = -4.826520  z = -1.524090 angstrom
           Maximum rank =  2   Radius =  0.650 angstrom
                   Q00  =  -0.335366
|Q1| =   0.492333  Q10  =   0.086926  Q11c =  -0.137784  Q11s =  -0.464597
|Q2| =   1.459439  Q20  =  -1.209734  Q21c =  -0.170561  Q21s =  -0.219074
                   Q22c =   0.658775  Q22s =  -0.394253

C          x =  3.758560  y = -6.335470  z = -1.553890 angstrom
           Maximum rank =  2   Radius =  0.650 angstrom
                   Q00  =  -0.072054
|Q1| =   0.109843  Q10  =  -0.038207  Q11c =   0.025686  Q11s =  -0.099730
|Q2| =   1.251626  Q20  =  -1.160368  Q21c =  -0.192965  Q21s =  -0.329529
                   Q22c =   0.169643  Q22s =  -0.213332

C          x =  5.680950  y = -6.087180  z = -3.098770 angstrom
           Maximum rank =  2   Radius =  0.650 angstrom
                   Q00  =  -0.060684
|Q1| =   0.078628  Q10  =   0.003762  Q11c =  -0.078012  Q11s =   0.009075
|Q2| =   1.288861  Q20  =   0.642010  Q21c =  -0.549360  Q21s =  -0.018181
                   Q22c =  -0.944600  Q22s =   0.233646

C          x =  3.147030  y = -7.531720  z = -1.296640 angstrom
           Maximum rank =  2   Radius =  0.650 angstrom
                   Q00  =  -0.338644
|Q1| =   0.610753  Q10  =  -0.087422  Q11c =   0.594190  Q11s =   0.110969
|Q2| =   1.362824  Q20  =  -1.180620  Q21c =  -0.095471  Q21s =  -0.401441
                   Q22c =  -0.386801  Q22s =  -0.378870

C          x =  6.054670  y = -5.773150  z = -0.592300 angstrom
           Maximum rank =  2   Radius =  0.650 angstrom
                   Q00  =  -0.059418
|Q1| =   0.068009  Q10  =   0.012537  Q11c =   0.003433  Q11s =  -0.066755
|Q2| =   1.280782  Q20  =   0.342887  Q21c =  -0.083167  Q21s =   0.835459
                   Q22c =   0.742634  Q22s =   0.516156

C          x = -0.949500  y = -5.203170  z = -1.350350 angstrom
           Maximum rank =  2   Radius =  0.650 angstrom
                   Q00  =   0.077483
|Q1| =   0.126092  Q10  =   0.017824  Q11c =   0.027558  Q11s =  -0.121746
|Q2| =   1.138910  Q20  =  -1.063035  Q21c =  -0.148878  Q21s =  -0.349689
                   Q22c =  -0.149991  Q22s =   0.011300

C          x =  1.544390  y = -5.667410  z = -1.480820 angstrom
           Maximum rank =  2   Radius =  0.650 angstrom
                   Q00  =  -0.304814
|Q1| =   0.416031  Q10  =  -0.082809  Q11c =   0.086730  Q11s =   0.398374
|Q2| =   1.489659  Q20  =  -1.185973  Q21c =  -0.177628  Q21s =  -0.198145
                   Q22c =   0.741965  Q22s =  -0.437296

C          x = -1.214360  y = -2.914720  z = -1.714530 angstrom
           Maximum rank =  2   Radius =  0.650 angstrom
                   Q00  =  -0.313741
|Q1| =   0.436054  Q10  =   0.038653  Q11c =  -0.433843  Q11s =  -0.020702
|Q2| =   1.417129  Q20  =  -1.148134  Q21c =  -0.075681  Q21s =  -0.438371
                   Q22c =  -0.655563  Q22s =  -0.249769

C          x = -0.526920  y =  1.576590  z = -2.528060 angstrom
           Maximum rank =  2   Radius =  0.650 angstrom
                   Q00  =  -0.040993
|Q1| =   0.066611  Q10  =   0.007258  Q11c =  -0.065270  Q11s =  -0.011148
|Q2| =   1.238493  Q20  =  -1.158834  Q21c =  -0.188927  Q21s =  -0.370817
                   Q22c =  -0.049772  Q22s =   0.123666

C          x = -1.997200  y = -1.740890  z = -1.847670 angstrom
           Maximum rank =  2   Radius =  0.650 angstrom
                   Q00  =   0.023352
|Q1| =   0.021074  Q10  =  -0.001507  Q11c =  -0.015121  Q11s =   0.014601
|Q2| =   1.365326  Q20  =  -1.282160  Q21c =  -0.166268  Q21s =  -0.406976
                   Q22c =  -0.149572  Q22s =  -0.067350

H          x = -3.044380  y = -1.979520  z = -1.721350 angstrom
           Maximum rank =  1   Radius =  0.350 angstrom
                   Q00  =   0.092613
|Q1| =   0.071440  Q10  =  -0.011934  Q11c =   0.054472  Q11s =   0.044655

C          x =  6.140550  y = -4.314720  z = -4.680690 angstrom
           Maximum rank =  2   Radius =  0.650 angstrom
                   Q00  =  -0.032822
|Q1| =   0.075574  Q10  =   0.004451  Q11c =  -0.004231  Q11s =  -0.075324
|Q2| =   1.413419  Q20  =   0.528935  Q21c =  -0.470629  Q21s =  -0.010709
                   Q22c =  -1.203440  Q22s =   0.219337

H          x =  6.263770  y = -3.255190  z = -4.879000 angstrom
           Maximum rank =  1   Radius =  0.350 angstrom
                   Q00  =   0.048402
|Q1| =   0.115553  Q10  =   0.019315  Q11c =  -0.014292  Q11s =  -0.113027

C          x = -0.358950  y =  0.125940  z = -2.296750 angstrom
           Maximum rank =  2   Radius =  0.650 angstrom
                   Q00  =   0.192660
|Q1| =   0.029355  Q10  =   0.000118  Q11c =   0.025858  Q11s =  -0.013895
|Q2| =   0.764251  Q20  =  -0.693291  Q21c =  -0.069412  Q21s =  -0.170979
                   Q22c =   0.105140  Q22s =  -0.241495

C          x = -2.618450  y = -6.832070  z = -0.943290 angstrom
           Maximum rank =  2   Radius =  0.650 angstrom
                   Q00  =   0.170415
|Q1| =   0.143140  Q10  =  -0.008979  Q11c =   0.142233  Q11s =  -0.013345
|Q2| =   0.145300  Q20  =  -0.080049  Q21c =  -0.033206  Q21s =  -0.026977
                   Q22c =   0.036440  Q22s =   0.107452

H          x = -3.189930  y = -6.602640  z = -1.847160 angstrom
           Maximum rank =  1   Radius =  0.350 angstrom
                   Q00  =   0.047759
|Q1| =   0.113044  Q10  =   0.071711  Q11c =   0.086869  Q11s =   0.009509

H          x = -3.053140  y = -6.306480  z = -0.088250 angstrom
           Maximum rank =  1   Radius =  0.350 angstrom
                   Q00  =   0.047363
|Q1| =   0.113239  Q10  =  -0.083463  Q11c =   0.074716  Q11s =  -0.016570

C          x = -4.768140  y = -0.552430  z = -1.816640 angstrom
           Maximum rank =  2   Radius =  0.650 angstrom
                   Q00  =   0.060937
|Q1| =   0.101187  Q10  =  -0.017998  Q11c =   0.016264  Q11s =   0.098236
|Q2| =   1.201623  Q20  =  -0.657355  Q21c =  -0.206498  Q21s =  -0.343725
                   Q22c =  -0.411793  Q22s =   0.825482

C          x =  7.561160  y = -4.562690  z =  1.468890 angstrom
           Maximum rank =  2   Radius =  0.650 angstrom
                   Q00  =  -0.078484
|Q1| =   0.121954  Q10  =  -0.088973  Q11c =  -0.065055  Q11s =  -0.052196
|Q2| =   1.149517  Q20  =   0.332411  Q21c =  -0.086915  Q21s =   0.714022
                   Q22c =   0.728928  Q22s =   0.402708

C          x = -1.709360  y = -0.427490  z = -2.092340 angstrom
           Maximum rank =  2   Radius =  0.650 angstrom
                   Q00  =  -0.066640
|Q1| =   0.064833  Q10  =  -0.012090  Q11c =   0.029948  Q11s =   0.056217
|Q2| =   1.340644  Q20  =  -1.249311  Q21c =  -0.172324  Q21s =  -0.411957
                   Q22c =  -0.191989  Q22s =   0.016841

C          x =  6.105000  y = -6.574080  z = -5.428020 angstrom
           Maximum rank =  2   Radius =  0.650 angstrom
                   Q00  =  -0.033198
|Q1| =   0.074925  Q10  =   0.049844  Q11c =  -0.007260  Q11s =   0.055467
|Q2| =   1.405343  Q20  =   0.613744  Q21c =  -0.468373  Q21s =   0.153231
                   Q22c =  -1.150642  Q22s =   0.177420

H          x =  6.198860  y = -7.310910  z = -6.218410 angstrom
           Maximum rank =  1   Radius =  0.350 angstrom
                   Q00  =   0.044955
|Q1| =   0.117464  Q10  =   0.086976  Q11c =  -0.010649  Q11s =   0.078227

C          x =  0.073330  y =  3.812000  z = -2.955030 angstrom
           Maximum rank =  2   Radius =  0.650 angstrom
                   Q00  =   0.175105
|Q1| =   0.153941  Q10  =  -0.028437  Q11c =   0.062153  Q11s =   0.137936
|Q2| =   1.055240  Q20  =  -0.991830  Q21c =  -0.157272  Q21s =  -0.313253
                   Q22c =  -0.034407  Q22s =   0.075887

C          x =  0.466470  y =  2.505830  z = -2.766900 angstrom
           Maximum rank =  2   Radius =  0.650 angstrom
                   Q00  =   0.023369
|Q1| =   0.066817  Q10  =   0.002205  Q11c =  -0.064152  Q11s =   0.018552
|Q2| =   1.376674  Q20  =  -1.306894  Q21c =  -0.187930  Q21s =  -0.381688
                   Q22c =   0.054186  Q22s =  -0.057636

H          x =  1.510670  y =  2.223730  z = -2.805330 angstrom
           Maximum rank =  1   Radius =  0.350 angstrom
                   Q00  =   0.098680
|Q1| =   0.085045  Q10  =   0.005648  Q11c =  -0.084522  Q11s =   0.007532

C          x =  7.417710  y = -5.526540  z = -0.746700 angstrom
           Maximum rank =  2   Radius =  0.650 angstrom
                   Q00  =  -0.051558
|Q1| =   0.103941  Q10  =   0.043142  Q11c =  -0.094021  Q11s =   0.010133
|Q2| =   1.488013  Q20  =   0.563484  Q21c =  -0.190784  Q21s =   0.839229
                   Q22c =   0.954552  Q22s =   0.494766

H          x =  7.909480  y = -5.788450  z = -1.675640 angstrom
           Maximum rank =  1   Radius =  0.350 angstrom
                   Q00  =   0.074020
|Q1| =   0.106484  Q10  =   0.058721  Q11c =  -0.087243  Q11s =   0.016714

C          x =  6.278720  y = -5.228870  z = -5.723880 angstrom
           Maximum rank =  2   Radius =  0.650 angstrom
                   Q00  =  -0.078254
|Q1| =   0.121394  Q10  =   0.112084  Q11c =  -0.028769  Q11s =  -0.036686
|Q2| =   1.148721  Q20  =   0.559729  Q21c =  -0.413011  Q21s =  -0.018389
                   Q22c =  -0.899291  Q22s =   0.163167

C          x =  6.202610  y = -4.813480  z =  1.621750 angstrom
           Maximum rank =  2   Radius =  0.650 angstrom
                   Q00  =  -0.032516
|Q1| =   0.075097  Q10  =  -0.062498  Q11c =   0.039614  Q11s =  -0.012820
|Q2| =   1.402833  Q20  =   0.442856  Q21c =  -0.282023  Q21s =   0.850428
                   Q22c =   0.894154  Q22s =   0.411755

H          x =  5.710280  y = -4.539720  z =  2.548740 angstrom
           Maximum rank =  1   Radius =  0.350 angstrom
                   Q00  =   0.046435
|Q1| =   0.116596  Q10  =  -0.099913  Q11c =   0.052453  Q11s =  -0.029338

C          x = -1.879290  y =  1.907000  z = -2.472250 angstrom
           Maximum rank =  2   Radius =  0.650 angstrom
                   Q00  =  -0.021878
|Q1| =   0.075664  Q10  =   0.002152  Q11c =   0.062098  Q11s =  -0.043177
|Q2| =   1.248253  Q20  =  -1.168783  Q21c =  -0.156390  Q21s =  -0.378541
                   Q22c =  -0.153686  Q22s =  -0.026649

C          x = -2.666520  y =  0.676000  z = -2.199260 angstrom
           Maximum rank =  2   Radius =  0.650 angstrom
                   Q00  =   0.033366
|Q1| =   0.044738  Q10  =  -0.006657  Q11c =   0.039500  Q11s =   0.019922
|Q2| =   1.160119  Q20  =  -1.072839  Q21c =  -0.181526  Q21s =  -0.272947
                   Q22c =   0.295384  Q22s =  -0.013823

C          x =  8.357810  y = -3.887410  z =  2.552300 angstrom
           Maximum rank =  2   Radius =  0.650 angstrom
                   Q00  =   0.023043
|Q1| =   0.022651  Q10  =  -0.012145  Q11c =  -0.012183  Q11s =  -0.014735
|Q2| =   0.104337  Q20  =   0.040179  Q21c =   0.065828  Q21s =   0.056173
                   Q22c =   0.025934  Q22s =   0.033323

H          x =  7.914150  y = -4.055640  z =  3.534680 angstrom
           Maximum rank =  1   Radius =  0.350 angstrom
                   Q00  =   0.025123
|Q1| =   0.125072  Q10  =  -0.124176  Q11c =   0.013384  Q11s =  -0.006640

H          x =  9.385290  y = -4.254500  z =  2.577150 angstrom
           Maximum rank =  1   Radius =  0.350 angstrom
                   Q00  =   0.025332
|Q1| =   0.125433  Q10  =  -0.038298  Q11c =  -0.118932  Q11s =   0.011040

C          x =  8.155000  y = -4.934530  z =  0.265710 angstrom
           Maximum rank =  2   Radius =  0.650 angstrom
                   Q00  =  -0.033930
|Q1| =   0.076995  Q10  =   0.016307  Q11c =  -0.075228  Q11s =  -0.001762
|Q2| =   1.413252  Q20  =   0.306637  Q21c =  -0.218636  Q21s =   0.796742
                   Q22c =   0.988810  Q22s =   0.492858

H          x =  9.214480  y = -4.755560  z =  0.115840 angstrom
           Maximum rank =  1   Radius =  0.350 angstrom
                   Q00  =   0.046060
|Q1| =   0.117372  Q10  =   0.017615  Q11c =  -0.114443  Q11s =  -0.019198

C          x =  6.621850  y = -4.767660  z = -7.114530 angstrom
           Maximum rank =  2   Radius =  0.650 angstrom
                   Q00  =   0.023187
|Q1| =   0.023516  Q10  =   0.016981  Q11c =  -0.010669  Q11s =  -0.012281
|Q2| =   0.102928  Q20  =   0.089111  Q21c =  -0.029496  Q21s =  -0.038601
                   Q22c =  -0.016822  Q22s =   0.003229

H          x =  6.035210  y = -3.891220  z = -7.397240 angstrom
           Maximum rank =  1   Radius =  0.350 angstrom
                   Q00  =   0.028029
|Q1| =   0.124089  Q10  =   0.071670  Q11c =   0.041054  Q11s =  -0.092607

H          x =  6.434270  y = -5.551080  z = -7.849800 angstrom
           Maximum rank =  1   Radius =  0.350 angstrom
                   Q00  =   0.023821
|Q1| =   0.125320  Q10  =   0.112131  Q11c =   0.005722  Q11s =   0.055667

C          x = -1.274120  y =  4.161530  z = -2.902800 angstrom
           Maximum rank =  2   Radius =  0.650 angstrom
                   Q00  =   0.177953
|Q1| =   0.158469  Q10  =  -0.026780  Q11c =   0.004735  Q11s =   0.156118
|Q2| =   1.050536  Q20  =  -0.991968  Q21c =  -0.136859  Q21s =  -0.309489
                   Q22c =  -0.065494  Q22s =  -0.028647

C          x = -2.264810  y =  3.231570  z = -2.664010 angstrom
           Maximum rank =  2   Radius =  0.650 angstrom
                   Q00  =   0.007890
|Q1| =   0.071829  Q10  =  -0.006071  Q11c =   0.071570  Q11s =   0.000586
|Q2| =   1.430990  Q20  =  -1.358317  Q21c =  -0.194527  Q21s =  -0.393802
                   Q22c =   0.067575  Q22s =  -0.072246

H          x = -3.287410  y =  3.575470  z = -2.637640 angstrom
           Maximum rank =  1   Radius =  0.350 angstrom
                   Q00  =   0.111952
|Q1| =   0.062672  Q10  =   0.002839  Q11c =   0.048036  Q11s =  -0.040153

C          x = -4.027420  y =  0.637730  z = -2.079640 angstrom
           Maximum rank =  2   Radius =  0.650 angstrom
                   Q00  =  -0.019762
|Q1| =   0.024472  Q10  =   0.001881  Q11c =  -0.024382  Q11s =   0.000936
|Q2| =   1.307086  Q20  =  -1.236811  Q21c =  -0.193305  Q21s =  -0.351119
                   Q22c =   0.133894  Q22s =  -0.013819

N          x = -5.544150  y =  2.707130  z = -2.303080 angstrom
           Maximum rank =  2   Radius =  0.650 angstrom
                   Q00  =  -0.221413
|Q1| =   0.560590  Q10  =   0.052116  Q11c =   0.312297  Q11s =  -0.462619
|Q2| =   0.619635  Q20  =  -0.338698  Q21c =   0.042916  Q21s =  -0.073256
                   Q22c =  -0.086519  Q22s =  -0.504518

C          x = -4.853870  y =  1.793240  z = -2.206130 angstrom
           Maximum rank =  2   Radius =  0.650 angstrom
                   Q00  =   0.058555
|Q1| =   0.106377  Q10  =   0.014614  Q11c =   0.029315  Q11s =  -0.101209
|Q2| =   1.208853  Q20  =  -0.698512  Q21c =   0.077067  Q21s =  -0.178369
                   Q22c =  -0.278292  Q22s =  -0.926393

S          x =  9.057050  y =-11.364540  z = -1.167400 angstrom
           Maximum rank =  2   Radius =  0.650 angstrom
                   Q00  =   0.782311
|Q1| =   1.012440  Q10  =   0.186290  Q11c =  -0.693232  Q11s =  -0.713974
|Q2| =   2.419415  Q20  =  -2.126663  Q21c =  -0.194861  Q21s =  -0.508429
                   Q22c =   0.361831  Q22s =  -0.950516

F          x =  9.530910  y =-23.529110  z =  0.847670 angstrom
           Maximum rank =  2   Radius =  0.650 angstrom
                   Q00  =  -0.205898
|Q1| =   0.223375  Q10  =  -0.037217  Q11c =   0.173675  Q11s =   0.135455
|Q2| =   0.699357  Q20  =  -0.275563  Q21c =  -0.144554  Q21s =  -0.138658
                   Q22c =  -0.010376  Q22s =   0.610684

N          x = 15.884140  y =-17.260490  z = -0.737370 angstrom
           Maximum rank =  2   Radius =  0.650 angstrom
                   Q00  =  -0.234689
|Q1| =   0.573541  Q10  =   0.106131  Q11c =  -0.274004  Q11s =  -0.492552
|Q2| =   0.622746  Q20  =  -0.305008  Q21c =  -0.119379  Q21s =  -0.157655
                   Q22c =  -0.125845  Q22s =   0.489734

S          x =  9.987070  y =-15.630210  z = -0.521880 angstrom
           Maximum rank =  2   Radius =  0.650 angstrom
                   Q00  =   0.803410
|Q1| =   0.920180  Q10  =  -0.140989  Q11c =   0.783838  Q11s =   0.460925
|Q2| =   2.460630  Q20  =  -2.171898  Q21c =  -0.160215  Q21s =  -0.700134
                   Q22c =  -0.603862  Q22s =  -0.676060

F          x = 12.099350  y =-24.200520  z =  0.749040 angstrom
           Maximum rank =  2   Radius =  0.650 angstrom
                   Q00  =  -0.204572
|Q1| =   0.223100  Q10  =  -0.027639  Q11c =  -0.084099  Q11s =   0.204785
|Q2| =   0.696393  Q20  =  -0.291826  Q21c =   0.052212  Q21s =  -0.152491
                   Q22c =  -0.527555  Q22s =  -0.309041

C          x =  7.648710  y =-13.491220  z = -0.677380 angstrom
           Maximum rank =  2   Radius =  0.650 angstrom
                   Q00  =  -0.047219
|Q1| =   0.102290  Q10  =   0.012434  Q11c =   0.010028  Q11s =   0.101035
|Q2| =   1.485010  Q20  =  -1.386780  Q21c =  -0.240558  Q21s =  -0.467026
                   Q22c =  -0.039778  Q22s =  -0.067336

H          x =  7.372650  y =-14.515520  z = -0.467760 angstrom
           Maximum rank =  1   Radius =  0.350 angstrom
                   Q00  =   0.087481
|Q1| =   0.093676  Q10  =  -0.014217  Q11c =   0.015624  Q11s =   0.091264

C          x =  6.524300  y = -8.798180  z = -1.395910 angstrom
           Maximum rank =  2   Radius =  0.650 angstrom
                   Q00  =  -0.018165
|Q1| =   0.106856  Q10  =   0.046541  Q11c =  -0.089601  Q11s =  -0.034981
|Q2| =   1.454195  Q20  =  -1.380914  Q21c =  -0.198559  Q21s =  -0.409134
                   Q22c =  -0.006093  Q22s =  -0.030104

H          x =  7.502630  y = -8.363590  z = -1.561950 angstrom
           Maximum rank =  1   Radius =  0.350 angstrom
                   Q00  =   0.082743
|Q1| =   0.103359  Q10  =   0.018053  Q11c =  -0.099513  Q11s =  -0.021315

C          x =  4.652290  y =-14.027200  z =  1.052370 angstrom
           Maximum rank =  2   Radius =  0.650 angstrom
                   Q00  =  -0.049027
|Q1| =   0.102154  Q10  =   0.014413  Q11c =   0.003252  Q11s =   0.101080
|Q2| =   1.476096  Q20  =   0.751881  Q21c =  -0.433781  Q21s =   0.092894
                   Q22c =  -1.167424  Q22s =   0.232080

H          x =  4.741930  y =-14.764140  z =  0.263120 angstrom
           Maximum rank =  1   Radius =  0.350 angstrom
                   Q00  =   0.074313
|Q1| =   0.105780  Q10  =   0.037182  Q11c =  -0.009580  Q11s =   0.098565

O          x = 11.751470  y =-12.265240  z = -1.236120 angstrom
           Maximum rank =  2   Radius =  0.650 angstrom
                   Q00  =  -0.392107
|Q1| =   0.519214  Q10  =   0.047356  Q11c =   0.302240  Q11s =  -0.419514
|Q2| =   1.135700  Q20  =  -0.650016  Q21c =  -0.230991  Q21s =  -0.284490
                   Q22c =  -0.066836  Q22s =   0.853544

C          x =  4.691000  y =-11.761610  z =  1.795870 angstrom
           Maximum rank =  2   Radius =  0.650 angstrom
                   Q00  =  -0.034771
|Q1| =   0.097325  Q10  =  -0.045137  Q11c =   0.022650  Q11s =  -0.083197
|Q2| =   1.472116  Q20  =   0.597294  Q21c =  -0.495533  Q21s =  -0.092553
                   Q22c =  -1.226469  Q22s =   0.228080

H          x =  4.826890  y =-10.704550  z =  1.608490 angstrom
           Maximum rank =  1   Radius =  0.350 angstrom
                   Q00  =   0.077023
|Q1| =   0.098406  Q10  =  -0.042821  Q11c =  -0.006353  Q11s =  -0.088372

C          x =  5.235060  y =-12.251140  z = -0.659820 angstrom
           Maximum rank =  2   Radius =  0.650 angstrom
                   Q00  =  -0.009574
|Q1| =   0.059887  Q10  =  -0.011314  Q11c =   0.046823  Q11s =   0.035582
|Q2| =   0.188986  Q20  =   0.019027  Q21c =   0.034894  Q21s =  -0.077133
                   Q22c =   0.025878  Q22s =   0.165882

O          x =  9.805080  y =-18.291290  z = -0.060190 angstrom
           Maximum rank =  2   Radius =  0.650 angstrom
                   Q00  =  -0.417009
|Q1| =   0.558088  Q10  =   0.022406  Q11c =   0.437656  Q11s =  -0.345569
|Q2| =   0.975466  Q20  =  -0.170016  Q21c =   0.041232  Q21s =   0.122413
                   Q22c =   0.655798  Q22s =  -0.689835

C          x =  5.039820  y =-13.352490  z = -2.953750 angstrom
           Maximum rank =  2   Radius =  0.650 angstrom
                   Q00  =  -0.033697
|Q1| =   0.097356  Q10  =   0.067482  Q11c =  -0.065903  Q11s =   0.024110
|Q2| =   1.456116  Q20  =   0.321113  Q21c =  -0.110866  Q21s =   0.845722
                   Q22c =   1.015530  Q22s =   0.508252

H          x =  6.095110  y =-13.167980  z = -3.110630 angstrom
           Maximum rank =  1   Radius =  0.350 angstrom
                   Q00  =   0.077045
|Q1| =   0.100544  Q10  =   0.065406  Q11c =  -0.076282  Q11s =   0.003497

C          x =  6.380250  y =-10.158170  z = -1.135840 angstrom
           Maximum rank =  2   Radius =  0.650 angstrom
                   Q00  =  -0.025962
|Q1| =   0.119101  Q10  =   0.017251  Q11c =  -0.100958  Q11s =  -0.060786
|Q2| =   1.285826  Q20  =  -1.172826  Q21c =  -0.153831  Q21s =  -0.410524
                   Q22c =  -0.276509  Q22s =  -0.095797

C          x = 12.336420  y =-14.628060  z = -0.884760 angstrom
           Maximum rank =  2   Radius =  0.650 angstrom
                   Q00  =  -0.066903
|Q1| =   0.096831  Q10  =   0.009762  Q11c =  -0.095921  Q11s =  -0.008950
|Q2| =   1.535867  Q20  =  -1.455795  Q21c =  -0.201339  Q21s =  -0.409531
                   Q22c =   0.112325  Q22s =  -0.136665

H          x = 13.409580  y =-14.551710  z = -0.985820 angstrom
           Maximum rank =  1   Radius =  0.350 angstrom
                   Q00  =   0.073500
|Q1| =   0.099032  Q10  =   0.010859  Q11c =  -0.097047  Q11s =  -0.016474

C          x =  5.382780  y = -8.023850  z = -1.434680 angstrom
           Maximum rank =  2   Radius =  0.650 angstrom
                   Q00  =  -0.041582
|Q1| =   0.087199  Q10  =   0.047604  Q11c =  -0.071450  Q11s =   0.015245
|Q2| =   1.248024  Q20  =  -1.174119  Q21c =  -0.149198  Q21s =  -0.351575
                   Q22c =  -0.042612  Q22s =  -0.176995

C          x = 10.122420  y =-13.934340  z = -0.818490 angstrom
           Maximum rank =  2   Radius =  0.650 angstrom
                   Q00  =  -0.336734
|Q1| =   0.491700  Q10  =  -0.086900  Q11c =   0.138841  Q11s =   0.463616
|Q2| =   1.462447  Q20  =  -1.212774  Q21c =  -0.171007  Q21s =  -0.219846
                   Q22c =   0.659462  Q22s =  -0.394287

C          x =  6.742020  y =-12.425400  z = -0.788720 angstrom
           Maximum rank =  2   Radius =  0.650 angstrom
                   Q00  =  -0.071439
|Q1| =   0.110379  Q10  =   0.038034  Q11c =  -0.025832  Q11s =   0.100348
|Q2| =   1.250257  Q20  =  -1.159142  Q21c =  -0.192811  Q21s =  -0.329244
                   Q22c =   0.169288  Q22s =  -0.212830

C          x =  4.819630  y =-12.673690  z =  0.756150 angstrom
           Maximum rank =  2   Radius =  0.650 angstrom
                   Q00  =  -0.060803
|Q1| =   0.078287  Q10  =  -0.003852  Q11c =   0.077660  Q11s =  -0.009108
|Q2| =   1.289213  Q20  =   0.642251  Q21c =  -0.549653  Q21s =  -0.018216
                   Q22c =  -0.944756  Q22s =   0.233605

C          x =  7.353550  y =-11.229150  z = -1.045970 angstrom
           Maximum rank =  2   Radius =  0.650 angstrom
                   Q00  =  -0.337838
|Q1| =   0.610839  Q10  =   0.087439  Q11c =  -0.594157  Q11s =  -0.111609
|Q2| =   1.360840  Q20  =  -1.178664  Q21c =  -0.095239  Q21s =  -0.400881
                   Q22c =  -0.386766  Q22s =  -0.378511

C          x =  4.445920  y =-12.987720  z = -1.750330 angstrom
           Maximum rank =  2   Radius =  0.650 angstrom
                   Q00  =  -0.059653
|Q1| =   0.067929  Q10  =  -0.012463  Q11c =  -0.003498  Q11s =   0.066685
|Q2| =   1.281424  Q20  =   0.343089  Q21c =  -0.083050  Q21s =   0.836065
                   Q22c =   0.742867  Q22s =   0.516318

C          x = 11.450080  y =-13.557690  z = -0.992200 angstrom
           Maximum rank =  2   Radius =  0.650 angstrom
                   Q00  =   0.077775
|Q1| =   0.126411  Q10  =  -0.017823  Q11c =  -0.028526  Q11s =   0.121854
|Q2| =   1.139168  Q20  =  -1.063088  Q21c =  -0.148975  Q21s =  -0.349929
                   Q22c =  -0.150841  Q22s =   0.012292

C          x =  8.956190  y =-13.093450  z = -0.861780 angstrom
           Maximum rank =  2   Radius =  0.650 angstrom
                   Q00  =  -0.303866
|Q1| =   0.415926  Q10  =   0.082784  Q11c =  -0.087971  Q11s =  -0.397998
|Q2| =   1.487003  Q20  =  -1.183556  Q21c =  -0.177327  Q21s =  -0.197617
                   Q22c =   0.741300  Q22s =  -0.436291

C          x = 11.714940  y =-15.846150  z = -0.628030 angstrom
           Maximum rank =  2   Radius =  0.650 angstrom
                   Q00  =  -0.312662
|Q1| =   0.435872  Q10  =  -0.038820  Q11c =   0.433607  Q11s =   0.021493
|Q2| =   1.415085  Q20  =  -1.146326  Q21c =  -0.075594  Q21s =  -0.437827
                   Q22c =  -0.655112  Q22s =  -0.248640

C          x = 11.027480  y =-20.337470  z =  0.185400 angstrom
           Maximum rank =  2   Radius =  0.650 angstrom
                   Q00  =  -0.041154
|Q1| =   0.066928  Q10  =  -0.007371  Q11c =   0.065532  Q11s =   0.011425
|Q2| =   1.239057  Q20  =  -1.159399  Q21c =  -0.188934  Q21s =  -0.370918
                   Q22c =  -0.049735  Q22s =   0.123714

C          x = 12.497790  y =-17.019980  z = -0.494880 angstrom
           Maximum rank =  2   Radius =  0.650 angstrom
                   Q00  =   0.019842
|Q1| =   0.021784  Q10  =   0.001703  Q11c =   0.014759  Q11s =  -0.015931
|Q2| =   1.375996  Q20  =  -1.292269  Q21c =  -0.167546  Q21s =  -0.410057
                   Q22c =  -0.150180  Q22s =  -0.068069

H          x = 13.544960  y =-16.781330  z = -0.621180 angstrom
           Maximum rank =  1   Radius =  0.350 angstrom
                   Q00  =   0.091864
|Q1| =   0.071806  Q10  =   0.011986  Q11c =  -0.054759  Q11s =  -0.044876

C          x =  4.360060  y =-14.446140  z =  2.338090 angstrom
           Maximum rank =  2   Radius =  0.650 angstrom
                   Q00  =  -0.032643
|Q1| =   0.075507  Q10  =  -0.004505  Q11c =   0.003804  Q11s =   0.075276
|Q2| =   1.412762  Q20  =   0.528646  Q21c =  -0.470490  Q21s =  -0.010658
                   Q22c =  -1.202837  Q22s =   0.219407

H          x =  4.236870  y =-15.505670  z =  2.536410 angstrom
           Maximum rank =  1   Radius =  0.350 angstrom
                   Q00  =   0.048585
|Q1| =   0.115397  Q10  =  -0.019300  Q11c =   0.014191  Q11s =   0.112883

C          x = 10.859520  y =-18.886810  z = -0.045880 angstrom
           Maximum rank =  2   Radius =  0.650 angstrom
                   Q00  =   0.192492
|Q1| =   0.029518  Q10  =  -0.000133  Q11c =  -0.026083  Q11s =   0.013819
|Q2| =   0.764838  Q20  =  -0.693929  Q21c =  -0.069437  Q21s =  -0.171206
                   Q22c =   0.104820  Q22s =  -0.241495

C          x = 13.119050  y =-11.928770  z = -1.399100 angstrom
           Maximum rank =  2   Radius =  0.650 angstrom
                   Q00  =   0.170387
|Q1| =   0.143395  Q10  =   0.009015  Q11c =  -0.142518  Q11s =   0.013025
|Q2| =   0.144432  Q20  =  -0.079824  Q21c =  -0.032982  Q21s =  -0.027056
                   Q22c =   0.035461  Q22s =   0.106824

H          x = 13.690440  y =-12.158230  z = -0.495170 angstrom
           Maximum rank =  1   Radius =  0.350 angstrom
                   Q00  =   0.047535
|Q1| =   0.113363  Q10  =  -0.071874  Q11c =  -0.087137  Q11s =  -0.009621

H          x = 13.553830  y =-12.454310  z = -2.254120 angstrom
           Maximum rank =  1   Radius =  0.350 angstrom
                   Q00  =   0.047181
|Q1| =   0.113520  Q10  =   0.083639  Q11c =  -0.074959  Q11s =   0.016507

C          x = 15.268770  y =-18.208470  z = -0.525790 angstrom
           Maximum rank =  2   Radius =  0.650 angstrom
                   Q00  =   0.060435
|Q1| =   0.100318  Q10  =   0.017839  Q11c =  -0.016867  Q11s =  -0.097268
|Q2| =   1.203249  Q20  =  -0.659294  Q21c =  -0.206755  Q21s =  -0.344174
                   Q22c =  -0.411808  Q22s =   0.826045

C          x =  2.939440  y =-14.198180  z = -3.811530 angstrom
           Maximum rank =  2   Radius =  0.650 angstrom
                   Q00  =  -0.078210
|Q1| =   0.121954  Q10  =   0.089035  Q11c =   0.064972  Q11s =   0.052194
|Q2| =   1.148641  Q20  =   0.331979  Q21c =  -0.086950  Q21s =   0.713423
                   Q22c =   0.728555  Q22s =   0.402294

C          x = 12.209940  y =-18.333380  z = -0.250230 angstrom
           Maximum rank =  2   Radius =  0.650 angstrom
                   Q00  =  -0.066504
|Q1| =   0.063615  Q10  =   0.011806  Q11c =  -0.030175  Q11s =  -0.054745
|Q2| =   1.341270  Q20  =  -1.250021  Q21c =  -0.172486  Q21s =  -0.412062
                   Q22c =  -0.191330  Q22s =   0.017267

C          x =  4.395540  y =-12.186770  z =  3.085380 angstrom
           Maximum rank =  2   Radius =  0.650 angstrom
                   Q00  =  -0.033217
|Q1| =   0.074937  Q10  =  -0.049901  Q11c =   0.006807  Q11s =  -0.055489
|Q2| =   1.405373  Q20  =   0.613807  Q21c =  -0.468647  Q21s =   0.153171
                   Q22c =  -1.150585  Q22s =   0.177141

H          x =  4.301640  y =-11.449930  z =  3.875760 angstrom
           Maximum rank =  1   Radius =  0.350 angstrom
                   Q00  =   0.044944
|Q1| =   0.117474  Q10  =  -0.086972  Q11c =   0.010557  Q11s =  -0.078261

C          x = 10.427210  y =-22.572880  z =  0.612280 angstrom
           Maximum rank =  2   Radius =  0.650 angstrom
                   Q00  =   0.174401
|Q1| =   0.153792  Q10  =   0.028356  Q11c =  -0.062368  Q11s =  -0.137689
|Q2| =   1.057233  Q20  =  -0.993738  Q21c =  -0.157512  Q21s =  -0.313772
                   Q22c =  -0.034352  Q22s =   0.076055

C          x = 10.034080  y =-21.266710  z =  0.424180 angstrom
           Maximum rank =  2   Radius =  0.650 angstrom
                   Q00  =   0.023141
|Q1| =   0.066829  Q10  =  -0.002218  Q11c =   0.064094  Q11s =  -0.018791
|Q2| =   1.377562  Q20  =  -1.307770  Q21c =  -0.187935  Q21s =  -0.381876
                   Q22c =   0.054190  Q22s =  -0.057692

H          x =  8.989880  y =-20.984610  z =  0.462580 angstrom
           Maximum rank =  1   Radius =  0.350 angstrom
                   Q00  =   0.098636
|Q1| =   0.085076  Q10  =  -0.005659  Q11c =   0.084553  Q11s =  -0.007527

C          x =  3.082860  y =-13.234260  z = -1.595970 angstrom
           Maximum rank =  2   Radius =  0.650 angstrom
                   Q00  =  -0.051432
|Q1| =   0.103816  Q10  =  -0.043119  Q11c =   0.093878  Q11s =  -0.010267
|Q2| =   1.487496  Q20  =   0.562978  Q21c =  -0.190952  Q21s =   0.838854
                   Q22c =   0.954497  Q22s =   0.494464

H          x =  2.591070  y =-12.972290  z = -0.667060 angstrom
           Maximum rank =  1   Radius =  0.350 angstrom
                   Q00  =   0.074154
|Q1| =   0.106323  Q10  =  -0.058661  Q11c =   0.087081  Q11s =  -0.016745

C          x =  4.221860  y =-13.531980  z =  3.381260 angstrom
           Maximum rank =  2   Radius =  0.650 angstrom
                   Q00  =  -0.078087
|Q1| =   0.121385  Q10  =  -0.112180  Q11c =   0.028366  Q11s =   0.036681
|Q2| =   1.148187  Q20  =   0.559312  Q21c =  -0.412959  Q21s =  -0.018338
                   Q22c =  -0.898910  Q22s =   0.163076

C          x =  4.298010  y =-13.947460  z = -3.964350 angstrom
           Maximum rank =  2   Radius =  0.650 angstrom
                   Q00  =  -0.032591
|Q1| =   0.075153  Q10  =   0.062513  Q11c =  -0.039725  Q11s =   0.012727
|Q2| =   1.403033  Q20  =   0.442997  Q21c =  -0.281813  Q21s =   0.850770
                   Q22c =   0.894187  Q22s =   0.411652

H          x =  4.790360  y =-14.221290  z = -4.891310 angstrom
           Maximum rank =  1   Radius =  0.350 angstrom
                   Q00  =   0.046323
|Q1| =   0.116699  Q10  =   0.099972  Q11c =  -0.052573  Q11s =   0.029332

C          x = 12.379840  y =-20.667880  z =  0.129630 angstrom
           Maximum rank =  2   Radius =  0.650 angstrom
                   Q00  =  -0.021845
|Q1| =   0.075820  Q10  =  -0.002173  Q11c =  -0.062323  Q11s =   0.043125
|Q2| =   1.248529  Q20  =  -1.169124  Q21c =  -0.156357  Q21s =  -0.378502
                   Q22c =  -0.153430  Q22s =  -0.026877

C          x = 13.167100  y =-19.436870  z = -0.143300 angstrom
           Maximum rank =  2   Radius =  0.650 angstrom
                   Q00  =   0.031607
|Q1| =   0.043596  Q10  =   0.006563  Q11c =  -0.037974  Q11s =  -0.020384
|Q2| =   1.165311  Q20  =  -1.077984  Q21c =  -0.182245  Q21s =  -0.274521
                   Q22c =   0.295201  Q22s =  -0.013466

C          x =  2.142770  y =-14.873450  z = -4.894940 angstrom
           Maximum rank =  2   Radius =  0.650 angstrom
                   Q00  =   0.023064
|Q1| =   0.022473  Q10  =   0.012110  Q11c =   0.011983  Q11s =   0.014655
|Q2| =   0.104918  Q20  =   0.040458  Q21c =   0.066107  Q21s =   0.056378
                   Q22c =   0.025982  Q22s =   0.033872

H          x =  2.587030  y =-14.706120  z = -5.877200 angstrom
           Maximum rank =  1   Radius =  0.350 angstrom
                   Q00  =   0.025087
|Q1| =   0.125057  Q10  =   0.124140  Q11c =  -0.013563  Q11s =   0.006679

H          x =  1.115600  y =-14.505550  z = -4.920470 angstrom
           Maximum rank =  1   Radius =  0.350 angstrom
                   Q00  =   0.025721
|Q1| =   0.125076  Q10  =   0.038301  Q11c =   0.118547  Q11s =  -0.011115

C          x =  2.345580  y =-13.826270  z = -2.608380 angstrom
           Maximum rank =  2   Radius =  0.650 angstrom
                   Q00  =  -0.033608
|Q1| =   0.076839  Q10  =  -0.016293  Q11c =   0.075073  Q11s =   0.001668
|Q2| =   1.412045  Q20  =   0.306294  Q21c =  -0.218328  Q21s =   0.796110
                   Q22c =   0.988018  Q22s =   0.492359

H          x =  1.286080  y =-14.005190  z = -2.458540 angstrom
           Maximum rank =  1   Radius =  0.350 angstrom
                   Q00  =   0.046501
|Q1| =   0.116985  Q10  =  -0.017581  Q11c =   0.114068  Q11s =   0.019107

C          x =  3.878740  y =-13.993180  z =  4.771910 angstrom
           Maximum rank =  2   Radius =  0.650 angstrom
                   Q00  =   0.023194
|Q1| =   0.023379  Q10  =  -0.016969  Q11c =   0.010444  Q11s =   0.012230
|Q2| =   0.103281  Q20  =   0.089317  Q21c =  -0.029825  Q21s =  -0.038646
                   Q22c =  -0.017228  Q22s =   0.003096

H          x =  4.465540  y =-14.869490  z =  5.054700 angstrom
           Maximum rank =  1   Radius =  0.350 angstrom
                   Q00  =   0.027976
|Q1| =   0.124119  Q10  =  -0.071681  Q11c =  -0.041206  Q11s =   0.092571

H          x =  4.066120  y =-13.209690  z =  5.507160 angstrom
           Maximum rank =  1   Radius =  0.350 angstrom
                   Q00  =   0.023768
|Q1| =   0.125344  Q10  =  -0.112131  Q11c =  -0.005837  Q11s =  -0.055711

C          x = 11.774660  y =-22.922410  z =  0.560090 angstrom
           Maximum rank =  2   Radius =  0.650 angstrom
                   Q00  =   0.177372
|Q1| =   0.158446  Q10  =   0.026715  Q11c =  -0.004648  Q11s =  -0.156108
|Q2| =   1.052477  Q20  =  -0.993786  Q21c =  -0.137000  Q21s =  -0.310064
                   Q22c =  -0.066034  Q22s =  -0.028804

C          x = 12.765360  y =-21.992450  z =  0.321360 angstrom
           Maximum rank =  2   Radius =  0.650 angstrom
                   Q00  =   0.006780
|Q1| =   0.072080  Q10  =   0.006014  Q11c =  -0.071827  Q11s =  -0.000480
|Q2| =   1.434863  Q20  =  -1.362025  Q21c =  -0.195119  Q21s =  -0.394805
                   Q22c =   0.067943  Q22s =  -0.071848

H          x = 13.787960  y =-22.336350  z =  0.295010 angstrom
           Maximum rank =  1   Radius =  0.350 angstrom
                   Q00  =   0.111405
|Q1| =   0.063043  Q10  =  -0.002873  Q11c =  -0.048288  Q11s =   0.040427

C          x = 14.528000  y =-19.398620  z = -0.262860 angstrom
           Maximum rank =  2   Radius =  0.650 angstrom
                   Q00  =  -0.022146
|Q1| =   0.023024  Q10  =  -0.001804  Q11c =   0.022934  Q11s =  -0.000938
|Q2| =   1.314344  Q20  =  -1.243772  Q21c =  -0.194188  Q21s =  -0.353142
                   Q22c =   0.133842  Q22s =  -0.014098

N          x = 16.044650  y =-21.468070  z = -0.039390 angstrom
           Maximum rank =  2   Radius =  0.650 angstrom
                   Q00  =  -0.225181
|Q1| =   0.562694  Q10  =  -0.052249  Q11c =  -0.314120  Q11s =   0.463921
|Q2| =   0.621782  Q20  =  -0.341176  Q21c =   0.042717  Q21s =  -0.074024
                   Q22c =  -0.087145  Q22s =  -0.505286

C          x = 15.354420  y =-20.554150  z = -0.136360 angstrom
           Maximum rank =  2   Radius =  0.650 angstrom
                   Q00  =   0.058154
|Q1| =   0.105608  Q10  =  -0.014492  Q11c =  -0.029632  Q11s =   0.100324
|Q2| =   1.210157  Q20  =  -0.700302  Q21c =   0.076864  Q21s =  -0.178882
                   Q22c =  -0.278291  Q22s =  -0.926662

H          x = -2.645740  y = -7.903220  z = -0.760810 angstrom
           Maximum rank =  1   Radius =  0.350 angstrom
                   Q00  =   0.050112
|Q1| =   0.103507  Q10  =  -0.019004  Q11c =   0.046331  Q11s =   0.090588

H          x =  8.399990  y = -2.806350  z =  2.391140 angstrom
           Maximum rank =  1   Radius =  0.350 angstrom
                   Q00  =   0.031506
|Q1| =   0.123671  Q10  =  -0.020930  Q11c =  -0.029907  Q11s =  -0.118161

H          x =  2.099660  y =-15.954380  z = -4.733180 angstrom
           Maximum rank =  1   Radius =  0.350 angstrom
                   Q00  =   0.031729
|Q1| =   0.123463  Q10  =   0.020859  Q11c =   0.029830  Q11s =   0.117975

H          x = 13.146340  y =-10.857600  z = -1.581530 angstrom
           Maximum rank =  1   Radius =  0.350 angstrom
                   Q00  =   0.049664
|Q1| =   0.103894  Q10  =   0.019056  Q11c =  -0.046516  Q11s =  -0.090924

H          x =  7.677330  y = -4.490710  z = -7.187070 angstrom
           Maximum rank =  1   Radius =  0.350 angstrom
                   Q00  =   0.030139
|Q1| =   0.124515  Q10  =   0.051959  Q11c =  -0.106155  Q11s =  -0.039185

H          x =  2.823310  y =-14.270340  z =  4.844410 angstrom
           Maximum rank =  1   Radius =  0.350 angstrom
                   Q00  =   0.030547
|Q1| =   0.124171  Q10  =  -0.051881  Q11c =   0.105818  Q11s =   0.039108

Total multipoles referred to origin at
           x =   0.000000,  y =    0.000000,  z =    0.000000 angstrom
                   Q00  =  -0.000032
|Q1| =   0.622364  Q10  =  -0.040052  Q11c =  -0.447431  Q11s =   0.430741
|Q2| = 355.760038  Q20  = 170.652130  Q21c = -30.229944  Q21s =  31.028871
                   Q22c =  44.237849  Q22s = 305.956578

CPU time used:     84m 0.520s          Total:     84m 0.520s

Finished at 2:31:52 on 27 Jun 2021  
