                                     G D M A

                                 by Anthony Stone

                         version 2.2.11, 04 February 2015

               Distributed Multipoles from Gaussian wavefunctions


Starting at 1:10:35 on 27 Jun 2021  

s1S0



Using CI density matrix from file sN_y.fchk


                         Distributed Multipole Analysis

Standard DMA for products of primitives with exponent greater than 4.00000
Using 80-point Euler-MacLaurin radial quadrature
Using 590-point Lebedev quadrature
Becke smoothing parameter = 3

Positions and radii in angstrom
Multipole moments in atomic units, ea_0^k for rank k

S          x =  1.443530  y = -7.396330  z = -1.175200 angstrom
           Maximum rank =  2   Radius =  0.650 angstrom
                   Q00  =   0.782945
|Q1| =   1.011465  Q10  =  -0.186251  Q11c =   0.692547  Q11s =   0.713268
|Q2| =   2.418158  Q20  =  -2.125816  Q21c =  -0.194812  Q21s =  -0.508249
                   Q22c =   0.361375  Q22s =  -0.949492

F          x =  0.969620  y =  4.768220  z = -3.190480 angstrom
           Maximum rank =  2   Radius =  0.650 angstrom
                   Q00  =  -0.206603
|Q1| =   0.223764  Q10  =   0.037252  Q11c =  -0.173985  Q11s =  -0.135691
|Q2| =   0.699558  Q20  =  -0.275696  Q21c =  -0.144633  Q21s =  -0.138740
                   Q22c =  -0.010372  Q22s =   0.610817

N          x = -5.383400  y = -1.500450  z = -1.604900 angstrom
           Maximum rank =  2   Radius =  0.650 angstrom
                   Q00  =  -0.234028
|Q1| =   0.573094  Q10  =  -0.106201  Q11c =   0.273608  Q11s =   0.492237
|Q2| =   0.622586  Q20  =  -0.304872  Q21c =  -0.119404  Q21s =  -0.157680
                   Q22c =  -0.125810  Q22s =   0.489610

S          x =  0.513510  y = -3.130660  z = -1.820720 angstrom
           Maximum rank =  2   Radius =  0.650 angstrom
                   Q00  =   0.802639
|Q1| =   0.921062  Q10  =   0.141005  Q11c =  -0.784606  Q11s =  -0.461374
|Q2| =   2.462991  Q20  =  -2.173885  Q21c =  -0.160509  Q21s =  -0.700890
                   Q22c =  -0.604577  Q22s =  -0.676777

F          x = -1.598820  y =  5.439630  z = -3.091770 angstrom
           Maximum rank =  2   Radius =  0.650 angstrom
                   Q00  =  -0.205012
|Q1| =   0.223331  Q10  =   0.027649  Q11c =   0.084058  Q11s =  -0.205052
|Q2| =   0.696476  Q20  =  -0.291934  Q21c =   0.052215  Q21s =  -0.152529
                   Q22c =  -0.527570  Q22s =  -0.309084

C          x =  2.851870  y = -5.269650  z = -1.665220 angstrom
           Maximum rank =  2   Radius =  0.650 angstrom
                   Q00  =  -0.047479
|Q1| =   0.102424  Q10  =  -0.012479  Q11c =  -0.010326  Q11s =  -0.101136
|Q2| =   1.485841  Q20  =  -1.387540  Q21c =  -0.240673  Q21s =  -0.467325
                   Q22c =  -0.039750  Q22s =  -0.067515

H          x =  3.127930  y = -4.245340  z = -1.874830 angstrom
           Maximum rank =  1   Radius =  0.350 angstrom
                   Q00  =   0.087298
|Q1| =   0.093814  Q10  =   0.014221  Q11c =  -0.015706  Q11s =  -0.091390

C          x =  3.976280  y = -9.962690  z = -0.946720 angstrom
           Maximum rank =  2   Radius =  0.650 angstrom
                   Q00  =  -0.017914
|Q1| =   0.106768  Q10  =  -0.046595  Q11c =   0.089509  Q11s =   0.034880
|Q2| =   1.453444  Q20  =  -1.380197  Q21c =  -0.198455  Q21s =  -0.408935
                   Q22c =  -0.006171  Q22s =  -0.030082

H          x =  2.997950  y =-10.397280  z = -0.780670 angstrom
           Maximum rank =  1   Radius =  0.350 angstrom
                   Q00  =   0.082987
|Q1| =   0.103183  Q10  =  -0.018022  Q11c =   0.099354  Q11s =   0.021229

C          x =  5.848320  y = -4.733670  z = -3.394980 angstrom
           Maximum rank =  2   Radius =  0.650 angstrom
                   Q00  =  -0.049112
|Q1| =   0.102231  Q10  =  -0.014438  Q11c =  -0.003608  Q11s =  -0.101142
|Q2| =   1.476477  Q20  =   0.752325  Q21c =  -0.433924  Q21s =   0.092904
                   Q22c =  -1.167581  Q22s =   0.231997

H          x =  5.758710  y = -3.996740  z = -2.605730 angstrom
           Maximum rank =  1   Radius =  0.350 angstrom
                   Q00  =   0.074197
|Q1| =   0.105895  Q10  =  -0.037209  Q11c =   0.009519  Q11s =  -0.098684

O          x = -1.250880  y = -6.495620  z = -1.106430 angstrom
           Maximum rank =  2   Radius =  0.650 angstrom
                   Q00  =  -0.391844
|Q1| =   0.518979  Q10  =  -0.047331  Q11c =  -0.302262  Q11s =   0.419210
|Q2| =   1.135229  Q20  =  -0.649629  Q21c =  -0.231001  Q21s =  -0.284426
                   Q22c =  -0.067282  Q22s =   0.853194

C          x =  5.809540  y = -6.999240  z = -4.138510 angstrom
           Maximum rank =  2   Radius =  0.650 angstrom
                   Q00  =  -0.034578
|Q1| =   0.097310  Q10  =   0.045086  Q11c =  -0.022931  Q11s =   0.083130
|Q2| =   1.471416  Q20  =   0.597085  Q21c =  -0.495270  Q21s =  -0.092341
                   Q22c =  -1.225837  Q22s =   0.228171

H          x =  5.673620  y = -8.056310  z = -3.951140 angstrom
           Maximum rank =  1   Radius =  0.350 angstrom
                   Q00  =   0.077237
|Q1| =   0.098260  Q10  =   0.042797  Q11c =   0.006297  Q11s =   0.088225

C          x =  5.265530  y = -6.509720  z = -1.682810 angstrom
           Maximum rank =  2   Radius =  0.650 angstrom
                   Q00  =  -0.009598
|Q1| =   0.059894  Q10  =   0.011309  Q11c =  -0.046832  Q11s =  -0.035582
|Q2| =   0.189144  Q20  =   0.019272  Q21c =   0.034974  Q21s =  -0.077052
                   Q22c =   0.025875  Q22s =   0.166055

O          x =  0.695490  y = -0.469570  z = -2.282460 angstrom
           Maximum rank =  2   Radius =  0.650 angstrom
                   Q00  =  -0.417421
|Q1| =   0.558355  Q10  =  -0.022411  Q11c =  -0.438080  Q11s =   0.345463
|Q2| =   0.975621  Q20  =  -0.170216  Q21c =   0.041201  Q21s =   0.122430
                   Q22c =   0.655819  Q22s =  -0.689983

C          x =  5.460800  y = -5.408460  z =  0.611160 angstrom
           Maximum rank =  2   Radius =  0.650 angstrom
                   Q00  =  -0.033482
|Q1| =   0.097323  Q10  =  -0.067426  Q11c =   0.065835  Q11s =  -0.024315
|Q2| =   1.455356  Q20  =   0.321094  Q21c =  -0.110851  Q21s =   0.845204
                   Q22c =   1.014891  Q22s =   0.508230

H          x =  4.405520  y = -5.593020  z =  0.768070 angstrom
           Maximum rank =  1   Radius =  0.350 angstrom
                   Q00  =   0.077258
|Q1| =   0.100414  Q10  =  -0.065359  Q11c =   0.076148  Q11s =  -0.003544

C          x =  4.120330  y = -8.602700  z = -1.206780 angstrom
           Maximum rank =  2   Radius =  0.650 angstrom
                   Q00  =  -0.025979
|Q1| =   0.119017  Q10  =  -0.017303  Q11c =   0.100913  Q11s =   0.060682
|Q2| =   1.285798  Q20  =  -1.172853  Q21c =  -0.153881  Q21s =  -0.410476
                   Q22c =  -0.276315  Q22s =  -0.095777

C          x = -1.835830  y = -4.132800  z = -1.457790 angstrom
           Maximum rank =  2   Radius =  0.650 angstrom
                   Q00  =  -0.066895
|Q1| =   0.096793  Q10  =  -0.009854  Q11c =   0.095873  Q11s =   0.008953
|Q2| =   1.535591  Q20  =  -1.455546  Q21c =  -0.201272  Q21s =  -0.409478
                   Q22c =   0.112186  Q22s =  -0.136594

H          x = -2.909000  y = -4.209150  z = -1.356710 angstrom
           Maximum rank =  1   Radius =  0.350 angstrom
                   Q00  =   0.073707
|Q1| =   0.098870  Q10  =  -0.010855  Q11c =   0.096889  Q11s =   0.016431

C          x =  5.117800  y =-10.737020  z = -0.907950 angstrom
           Maximum rank =  2   Radius =  0.650 angstrom
                   Q00  =  -0.041403
|Q1| =   0.087174  Q10  =  -0.047664  Q11c =   0.071369  Q11s =  -0.015291
|Q2| =   1.247677  Q20  =  -1.173810  Q21c =  -0.149180  Q21s =  -0.351451
                   Q22c =  -0.042328  Q22s =  -0.176925

C          x =  0.378160  y = -4.826520  z = -1.524090 angstrom
           Maximum rank =  2   Radius =  0.650 angstrom
                   Q00  =  -0.336877
|Q1| =   0.491701  Q10  =   0.086828  Q11c =  -0.139076  Q11s =  -0.463560
|Q2| =   1.462766  Q20  =  -1.213094  Q21c =  -0.171101  Q21s =  -0.219968
                   Q22c =   0.659436  Q22s =  -0.394423

C          x =  3.758560  y = -6.335470  z = -1.553890 angstrom
           Maximum rank =  2   Radius =  0.650 angstrom
                   Q00  =  -0.071631
|Q1| =   0.110596  Q10  =  -0.038055  Q11c =   0.025842  Q11s =  -0.100576
|Q2| =   1.250555  Q20  =  -1.159402  Q21c =  -0.192900  Q21s =  -0.329278
                   Q22c =   0.169522  Q22s =  -0.212847

C          x =  5.680950  y = -6.087180  z = -3.098770 angstrom
           Maximum rank =  2   Radius =  0.650 angstrom
                   Q00  =  -0.060684
|Q1| =   0.078500  Q10  =   0.003788  Q11c =  -0.077883  Q11s =   0.009063
|Q2| =   1.288885  Q20  =   0.642022  Q21c =  -0.549392  Q21s =  -0.018206
                   Q22c =  -0.944610  Q22s =   0.233624

C          x =  3.147030  y = -7.531720  z = -1.296640 angstrom
           Maximum rank =  2   Radius =  0.650 angstrom
                   Q00  =  -0.337647
|Q1| =   0.610759  Q10  =  -0.087495  Q11c =   0.594076  Q11s =   0.111555
|Q2| =   1.360204  Q20  =  -1.178037  Q21c =  -0.095148  Q21s =  -0.400723
                   Q22c =  -0.386950  Q22s =  -0.378183

C          x =  6.054670  y = -5.773150  z = -0.592300 angstrom
           Maximum rank =  2   Radius =  0.650 angstrom
                   Q00  =  -0.059414
|Q1| =   0.068060  Q10  =   0.012542  Q11c =   0.003469  Q11s =  -0.066804
|Q2| =   1.280800  Q20  =   0.342933  Q21c =  -0.083161  Q21s =   0.835488
                   Q22c =   0.742629  Q22s =   0.516134

C          x = -0.949500  y = -5.203170  z = -1.350350 angstrom
           Maximum rank =  2   Radius =  0.650 angstrom
                   Q00  =   0.078127
|Q1| =   0.126320  Q10  =   0.017720  Q11c =   0.028554  Q11s =  -0.121768
|Q2| =   1.138124  Q20  =  -1.062108  Q21c =  -0.148867  Q21s =  -0.349624
                   Q22c =  -0.150672  Q22s =   0.012367

C          x =  1.544390  y = -5.667410  z = -1.480820 angstrom
           Maximum rank =  2   Radius =  0.650 angstrom
                   Q00  =  -0.303655
|Q1| =   0.415867  Q10  =  -0.082863  Q11c =   0.088090  Q11s =   0.397893
|Q2| =   1.486350  Q20  =  -1.182860  Q21c =  -0.177293  Q21s =  -0.197396
                   Q22c =   0.741344  Q22s =  -0.435994

C          x = -1.214360  y = -2.914720  z = -1.714530 angstrom
           Maximum rank =  2   Radius =  0.650 angstrom
                   Q00  =  -0.312425
|Q1| =   0.435896  Q10  =   0.038769  Q11c =  -0.433628  Q11s =  -0.021651
|Q2| =   1.414609  Q20  =  -1.145892  Q21c =  -0.075596  Q21s =  -0.437686
                   Q22c =  -0.654952  Q22s =  -0.248604

C          x = -0.526920  y =  1.576590  z = -2.528060 angstrom
           Maximum rank =  2   Radius =  0.650 angstrom
                   Q00  =  -0.041197
|Q1| =   0.067044  Q10  =   0.007328  Q11c =  -0.065638  Q11s =  -0.011524
|Q2| =   1.239155  Q20  =  -1.159438  Q21c =  -0.189060  Q21s =  -0.371011
                   Q22c =  -0.049725  Q22s =   0.123872

C          x = -1.997200  y = -1.740890  z = -1.847670 angstrom
           Maximum rank =  2   Radius =  0.650 angstrom
                   Q00  =   0.019505
|Q1| =   0.021955  Q10  =  -0.001817  Q11c =  -0.014797  Q11s =   0.016117
|Q2| =   1.376848  Q20  =  -1.293042  Q21c =  -0.167673  Q21s =  -0.410334
                   Q22c =  -0.150416  Q22s =  -0.068116

H          x = -3.044380  y = -1.979520  z = -1.721350 angstrom
           Maximum rank =  1   Radius =  0.350 angstrom
                   Q00  =   0.091936
|Q1| =   0.071741  Q10  =  -0.011986  Q11c =   0.054711  Q11s =   0.044832

C          x =  6.140550  y = -4.314720  z = -4.680690 angstrom
           Maximum rank =  2   Radius =  0.650 angstrom
                   Q00  =  -0.032862
|Q1| =   0.075607  Q10  =   0.004471  Q11c =  -0.004149  Q11s =  -0.075360
|Q2| =   1.413580  Q20  =   0.528992  Q21c =  -0.470735  Q21s =  -0.010676
                   Q22c =  -1.203550  Q22s =   0.219406

H          x =  6.263770  y = -3.255190  z = -4.879000 angstrom
           Maximum rank =  1   Radius =  0.350 angstrom
                   Q00  =   0.048307
|Q1| =   0.115641  Q10  =   0.019337  Q11c =  -0.014288  Q11s =  -0.113114

C          x = -0.358950  y =  0.125940  z = -2.296750 angstrom
           Maximum rank =  2   Radius =  0.650 angstrom
                   Q00  =   0.192358
|Q1| =   0.029589  Q10  =   0.000053  Q11c =   0.026171  Q11s =  -0.013804
|Q2| =   0.765250  Q20  =  -0.694312  Q21c =  -0.069491  Q21s =  -0.171367
                   Q22c =   0.104601  Q22s =  -0.241663

C          x = -2.618450  y = -6.832070  z = -0.943290 angstrom
           Maximum rank =  2   Radius =  0.650 angstrom
                   Q00  =   0.170426
|Q1| =   0.143256  Q10  =  -0.009033  Q11c =   0.142366  Q11s =  -0.013140
|Q2| =   0.145032  Q20  =  -0.080050  Q21c =  -0.033143  Q21s =  -0.026991
                   Q22c =   0.036094  Q22s =   0.107221

H          x = -3.189930  y = -6.602640  z = -1.847160 angstrom
           Maximum rank =  1   Radius =  0.350 angstrom
                   Q00  =   0.047736
|Q1| =   0.113145  Q10  =   0.071754  Q11c =   0.086958  Q11s =   0.009568

H          x = -3.053140  y = -6.306480  z = -0.088250 angstrom
           Maximum rank =  1   Radius =  0.350 angstrom
                   Q00  =   0.047312
|Q1| =   0.113364  Q10  =  -0.083561  Q11c =   0.074803  Q11s =  -0.016536

C          x = -4.768140  y = -0.552430  z = -1.816640 angstrom
           Maximum rank =  2   Radius =  0.650 angstrom
                   Q00  =   0.060284
|Q1| =   0.100335  Q10  =  -0.017911  Q11c =   0.016796  Q11s =   0.097284
|Q2| =   1.203472  Q20  =  -0.659400  Q21c =  -0.206893  Q21s =  -0.344422
                   Q22c =  -0.411942  Q22s =   0.826081

C          x =  7.561160  y = -4.562690  z =  1.468890 angstrom
           Maximum rank =  2   Radius =  0.650 angstrom
                   Q00  =  -0.078474
|Q1| =   0.121950  Q10  =  -0.088932  Q11c =  -0.064985  Q11s =  -0.052344
|Q2| =   1.149499  Q20  =   0.332391  Q21c =  -0.086852  Q21s =   0.713957
                   Q22c =   0.728987  Q22s =   0.402696

C          x = -1.709360  y = -0.427490  z = -2.092340 angstrom
           Maximum rank =  2   Radius =  0.650 angstrom
                   Q00  =  -0.066559
|Q1| =   0.063289  Q10  =  -0.011822  Q11c =   0.030056  Q11s =   0.054428
|Q2| =   1.341658  Q20  =  -1.250407  Q21c =  -0.172644  Q21s =  -0.412182
                   Q22c =  -0.191119  Q22s =   0.017352

C          x =  6.105000  y = -6.574080  z = -5.428020 angstrom
           Maximum rank =  2   Radius =  0.650 angstrom
                   Q00  =  -0.033131
|Q1| =   0.074892  Q10  =   0.049879  Q11c =  -0.007103  Q11s =   0.055412
|Q2| =   1.405108  Q20  =   0.613560  Q21c =  -0.468364  Q21s =   0.153213
                   Q22c =  -1.150474  Q22s =   0.177316

H          x =  6.198860  y = -7.310910  z = -6.218410 angstrom
           Maximum rank =  1   Radius =  0.350 angstrom
                   Q00  =   0.045047
|Q1| =   0.117381  Q10  =   0.086933  Q11c =  -0.010610  Q11s =   0.078157

C          x =  0.073330  y =  3.812000  z = -2.955030 angstrom
           Maximum rank =  2   Radius =  0.650 angstrom
                   Q00  =   0.173832
|Q1| =   0.153772  Q10  =  -0.028434  Q11c =   0.062374  Q11s =   0.137647
|Q2| =   1.058919  Q20  =  -0.995268  Q21c =  -0.157873  Q21s =  -0.314336
                   Q22c =  -0.034392  Q22s =   0.076400

C          x =  0.466470  y =  2.505830  z = -2.766900 angstrom
           Maximum rank =  2   Radius =  0.650 angstrom
                   Q00  =   0.022799
|Q1| =   0.066927  Q10  =   0.002157  Q11c =  -0.064226  Q11s =   0.018700
|Q2| =   1.378815  Q20  =  -1.308926  Q21c =  -0.188168  Q21s =  -0.382287
                   Q22c =   0.054063  Q22s =  -0.058041

H          x =  1.510670  y =  2.223730  z = -2.805330 angstrom
           Maximum rank =  1   Radius =  0.350 angstrom
                   Q00  =   0.098327
|Q1| =   0.085332  Q10  =   0.005673  Q11c =  -0.084813  Q11s =   0.007492

C          x =  7.417710  y = -5.526540  z = -0.746700 angstrom
           Maximum rank =  2   Radius =  0.650 angstrom
                   Q00  =  -0.051466
|Q1| =   0.103874  Q10  =   0.043184  Q11c =  -0.093942  Q11s =   0.009993
|Q2| =   1.487726  Q20  =   0.563293  Q21c =  -0.190776  Q21s =   0.839057
                   Q22c =   0.954467  Q22s =   0.494581

H          x =  7.909480  y = -5.788450  z = -1.675640 angstrom
           Maximum rank =  1   Radius =  0.350 angstrom
                   Q00  =   0.074100
|Q1| =   0.106409  Q10  =   0.058688  Q11c =  -0.087180  Q11s =   0.016684

C          x =  6.278720  y = -5.228870  z = -5.723880 angstrom
           Maximum rank =  2   Radius =  0.650 angstrom
                   Q00  =  -0.078238
|Q1| =   0.121389  Q10  =   0.112100  Q11c =  -0.028636  Q11s =  -0.036727
|Q2| =   1.148678  Q20  =   0.559726  Q21c =  -0.413076  Q21s =  -0.018338
                   Q22c =  -0.899212  Q22s =   0.163150

C          x =  6.202610  y = -4.813480  z =  1.621750 angstrom
           Maximum rank =  2   Radius =  0.650 angstrom
                   Q00  =  -0.032578
|Q1| =   0.075127  Q10  =  -0.062477  Q11c =   0.039662  Q11s =  -0.012945
|Q2| =   1.403068  Q20  =   0.442986  Q21c =  -0.282026  Q21s =   0.850510
                   Q22c =   0.894337  Q22s =   0.411848

H          x =  5.710280  y = -4.539720  z =  2.548740 angstrom
           Maximum rank =  1   Radius =  0.350 angstrom
                   Q00  =   0.046332
|Q1| =   0.116690  Q10  =  -0.099982  Q11c =   0.052504  Q11s =  -0.029384

C          x = -1.879290  y =  1.907000  z = -2.472250 angstrom
           Maximum rank =  2   Radius =  0.650 angstrom
                   Q00  =  -0.021630
|Q1| =   0.075807  Q10  =   0.002117  Q11c =   0.062264  Q11s =  -0.043191
|Q2| =   1.248004  Q20  =  -1.168606  Q21c =  -0.156302  Q21s =  -0.378393
                   Q22c =  -0.153381  Q22s =  -0.027135

C          x = -2.666520  y =  0.676000  z = -2.199260 angstrom
           Maximum rank =  2   Radius =  0.650 angstrom
                   Q00  =   0.031147
|Q1| =   0.043499  Q10  =  -0.006625  Q11c =   0.037833  Q11s =   0.020419
|Q2| =   1.166574  Q20  =  -1.079229  Q21c =  -0.182550  Q21s =  -0.274996
                   Q22c =   0.295022  Q22s =  -0.013226

C          x =  8.357810  y = -3.887410  z =  2.552300 angstrom
           Maximum rank =  2   Radius =  0.650 angstrom
                   Q00  =   0.023045
|Q1| =   0.022676  Q10  =  -0.012157  Q11c =  -0.012117  Q11s =  -0.014819
|Q2| =   0.104288  Q20  =   0.040209  Q21c =   0.065888  Q21s =   0.055973
                   Q22c =   0.025822  Q22s =   0.033440

H          x =  7.914150  y = -4.055640  z =  3.534680 angstrom
           Maximum rank =  1   Radius =  0.350 angstrom
                   Q00  =   0.025079
|Q1| =   0.125111  Q10  =  -0.124208  Q11c =   0.013432  Q11s =  -0.006691

H          x =  9.385290  y = -4.254500  z =  2.577150 angstrom
           Maximum rank =  1   Radius =  0.350 angstrom
                   Q00  =   0.025476
|Q1| =   0.125313  Q10  =  -0.038285  Q11c =  -0.118816  Q11s =   0.010977

C          x =  8.155000  y = -4.934530  z =  0.265710 angstrom
           Maximum rank =  2   Radius =  0.650 angstrom
                   Q00  =  -0.033861
|Q1| =   0.076940  Q10  =   0.016348  Q11c =  -0.075159  Q11s =  -0.001926
|Q2| =   1.412999  Q20  =   0.306579  Q21c =  -0.218599  Q21s =   0.796609
                   Q22c =   0.988689  Q22s =   0.492643

H          x =  9.214480  y = -4.755560  z =  0.115840 angstrom
           Maximum rank =  1   Radius =  0.350 angstrom
                   Q00  =   0.046166
|Q1| =   0.117276  Q10  =   0.017603  Q11c =  -0.114344  Q11s =  -0.019220

C          x =  6.621850  y = -4.767660  z = -7.114530 angstrom
           Maximum rank =  2   Radius =  0.650 angstrom
                   Q00  =   0.023188
|Q1| =   0.023539  Q10  =   0.017000  Q11c =  -0.010600  Q11s =  -0.012358
|Q2| =   0.102853  Q20  =   0.089025  Q21c =  -0.029571  Q21s =  -0.038554
                   Q22c =  -0.016838  Q22s =   0.002983

H          x =  6.035210  y = -3.891220  z = -7.397240 angstrom
           Maximum rank =  1   Radius =  0.350 angstrom
                   Q00  =   0.027871
|Q1| =   0.124225  Q10  =   0.071724  Q11c =   0.041127  Q11s =  -0.092716

H          x =  6.434270  y = -5.551080  z = -7.849800 angstrom
           Maximum rank =  1   Radius =  0.350 angstrom
                   Q00  =   0.023861
|Q1| =   0.125292  Q10  =   0.112125  Q11c =   0.005764  Q11s =   0.055614

C          x = -1.274120  y =  4.161530  z = -2.902800 angstrom
           Maximum rank =  2   Radius =  0.650 angstrom
                   Q00  =   0.177046
|Q1| =   0.158429  Q10  =  -0.026783  Q11c =   0.004522  Q11s =   0.156083
|Q2| =   1.053502  Q20  =  -0.994723  Q21c =  -0.137143  Q21s =  -0.310417
                   Q22c =  -0.066217  Q22s =  -0.029016

C          x = -2.264810  y =  3.231570  z = -2.664010 angstrom
           Maximum rank =  2   Radius =  0.650 angstrom
                   Q00  =   0.006643
|Q1| =   0.072035  Q10  =  -0.006082  Q11c =   0.071777  Q11s =   0.000373
|Q2| =   1.435274  Q20  =  -1.362384  Q21c =  -0.195264  Q21s =  -0.395021
                   Q22c =   0.068021  Q22s =  -0.071596

H          x = -3.287410  y =  3.575470  z = -2.637640 angstrom
           Maximum rank =  1   Radius =  0.350 angstrom
                   Q00  =   0.111394
|Q1| =   0.063096  Q10  =   0.002871  Q11c =   0.048297  Q11s =  -0.040500

C          x = -4.027420  y =  0.637730  z = -2.079640 angstrom
           Maximum rank =  2   Radius =  0.650 angstrom
                   Q00  =  -0.022082
|Q1| =   0.022984  Q10  =   0.001753  Q11c =  -0.022902  Q11s =   0.000818
|Q2| =   1.314282  Q20  =  -1.243682  Q21c =  -0.194252  Q21s =  -0.353165
                   Q22c =   0.133892  Q22s =  -0.014279

N          x = -5.544150  y =  2.707130  z = -2.303080 angstrom
           Maximum rank =  2   Radius =  0.650 angstrom
                   Q00  =  -0.225395
|Q1| =   0.562882  Q10  =   0.052238  Q11c =   0.313890  Q11s =  -0.464307
|Q2| =   0.621882  Q20  =  -0.341251  Q21c =   0.042720  Q21s =  -0.074009
                   Q22c =  -0.086764  Q22s =  -0.505425

C          x = -4.853870  y =  1.793240  z = -2.206130 angstrom
           Maximum rank =  2   Radius =  0.650 angstrom
                   Q00  =   0.058164
|Q1| =   0.105678  Q10  =   0.014463  Q11c =   0.029314  Q11s =  -0.100495
|Q2| =   1.210134  Q20  =  -0.700458  Q21c =   0.076791  Q21s =  -0.178913
                   Q22c =  -0.278094  Q22s =  -0.926574

S          x =  9.057050  y =-11.364540  z = -1.167400 angstrom
           Maximum rank =  2   Radius =  0.650 angstrom
                   Q00  =   0.783050
|Q1| =   1.011956  Q10  =   0.186144  Q11c =  -0.693135  Q11s =  -0.713421
|Q2| =   2.416169  Q20  =  -2.123683  Q21c =  -0.194616  Q21s =  -0.507614
                   Q22c =   0.361655  Q22s =  -0.949475

F          x =  9.530910  y =-23.529110  z =  0.847670 angstrom
           Maximum rank =  2   Radius =  0.650 angstrom
                   Q00  =  -0.204791
|Q1| =   0.222877  Q10  =  -0.037136  Q11c =   0.173373  Q11s =   0.135044
|Q2| =   0.698983  Q20  =  -0.275127  Q21c =  -0.144460  Q21s =  -0.138513
                   Q22c =  -0.010373  Q22s =   0.610508

N          x = 15.884140  y =-17.260490  z = -0.737370 angstrom
           Maximum rank =  2   Radius =  0.650 angstrom
                   Q00  =  -0.231771
|Q1| =   0.571978  Q10  =   0.105821  Q11c =  -0.272386  Q11s =  -0.491698
|Q2| =   0.620983  Q20  =  -0.302756  Q21c =  -0.119041  Q21s =  -0.156854
                   Q22c =  -0.125247  Q22s =   0.489385

S          x =  9.987070  y =-15.630210  z = -0.521880 angstrom
           Maximum rank =  2   Radius =  0.650 angstrom
                   Q00  =   0.805889
|Q1| =   0.918081  Q10  =  -0.140707  Q11c =   0.782049  Q11s =   0.459863
|Q2| =   2.450295  Q20  =  -2.162334  Q21c =  -0.159173  Q21s =  -0.697054
                   Q22c =  -0.601921  Q22s =  -0.674335

F          x = 12.099350  y =-24.200520  z =  0.749040 angstrom
           Maximum rank =  2   Radius =  0.650 angstrom
                   Q00  =  -0.203340
|Q1| =   0.222422  Q10  =  -0.027573  Q11c =  -0.083810  Q11s =   0.204175
|Q2| =   0.696002  Q20  =  -0.291586  Q21c =   0.052203  Q21s =  -0.152384
                   Q22c =  -0.527277  Q22s =  -0.308916

C          x =  7.648710  y =-13.491220  z = -0.677380 angstrom
           Maximum rank =  2   Radius =  0.650 angstrom
                   Q00  =  -0.046936
|Q1| =   0.102235  Q10  =   0.012522  Q11c =   0.008855  Q11s =   0.101078
|Q2| =   1.483696  Q20  =  -1.385522  Q21c =  -0.240320  Q21s =  -0.466662
                   Q22c =  -0.040469  Q22s =  -0.067213

H          x =  7.372650  y =-14.515520  z = -0.467760 angstrom
           Maximum rank =  1   Radius =  0.350 angstrom
                   Q00  =   0.087454
|Q1| =   0.093659  Q10  =  -0.014223  Q11c =   0.015618  Q11s =   0.091246

C          x =  6.524300  y = -8.798180  z = -1.395910 angstrom
           Maximum rank =  2   Radius =  0.650 angstrom
                   Q00  =  -0.018485
|Q1| =   0.106791  Q10  =   0.046500  Q11c =  -0.089591  Q11s =  -0.034863
|Q2| =   1.454912  Q20  =  -1.381597  Q21c =  -0.198662  Q21s =  -0.409310
                   Q22c =  -0.005898  Q22s =  -0.030414

H          x =  7.502630  y = -8.363590  z = -1.561950 angstrom
           Maximum rank =  1   Radius =  0.350 angstrom
                   Q00  =   0.082752
|Q1| =   0.103326  Q10  =   0.018052  Q11c =  -0.099471  Q11s =  -0.021352

C          x =  4.652290  y =-14.027200  z =  1.052370 angstrom
           Maximum rank =  2   Radius =  0.650 angstrom
                   Q00  =  -0.049034
|Q1| =   0.102123  Q10  =   0.014430  Q11c =   0.003306  Q11s =   0.101045
|Q2| =   1.476052  Q20  =   0.751803  Q21c =  -0.433754  Q21s =   0.092867
                   Q22c =  -1.167426  Q22s =   0.232102

H          x =  4.741930  y =-14.764140  z =  0.263120 angstrom
           Maximum rank =  1   Radius =  0.350 angstrom
                   Q00  =   0.074335
|Q1| =   0.105753  Q10  =   0.037179  Q11c =  -0.009585  Q11s =   0.098537

O          x = 11.751470  y =-12.265240  z = -1.236120 angstrom
           Maximum rank =  2   Radius =  0.650 angstrom
                   Q00  =  -0.392594
|Q1| =   0.519267  Q10  =   0.047338  Q11c =   0.302306  Q11s =  -0.419534
|Q2| =   1.136149  Q20  =  -0.650637  Q21c =  -0.231052  Q21s =  -0.284739
                   Q22c =  -0.067156  Q22s =   0.853543

C          x =  4.691000  y =-11.761610  z =  1.795870 angstrom
           Maximum rank =  2   Radius =  0.650 angstrom
                   Q00  =  -0.034864
|Q1| =   0.097417  Q10  =  -0.045145  Q11c =   0.022845  Q11s =  -0.083247
|Q2| =   1.472461  Q20  =   0.597470  Q21c =  -0.495642  Q21s =  -0.092674
                   Q22c =  -1.226708  Q22s =   0.228272

H          x =  4.826890  y =-10.704550  z =  1.608490 angstrom
           Maximum rank =  1   Radius =  0.350 angstrom
                   Q00  =   0.076941
|Q1| =   0.098474  Q10  =  -0.042844  Q11c =  -0.006328  Q11s =  -0.088439

C          x =  5.235060  y =-12.251140  z = -0.659820 angstrom
           Maximum rank =  2   Radius =  0.650 angstrom
                   Q00  =  -0.009581
|Q1| =   0.059928  Q10  =  -0.011327  Q11c =   0.046835  Q11s =   0.035631
|Q2| =   0.189091  Q20  =   0.019096  Q21c =   0.034915  Q21s =  -0.077159
                   Q22c =   0.025726  Q22s =   0.166001

O          x =  9.805080  y =-18.291290  z = -0.060190 angstrom
           Maximum rank =  2   Radius =  0.650 angstrom
                   Q00  =  -0.416439
|Q1| =   0.557685  Q10  =   0.022442  Q11c =   0.437088  Q11s =  -0.345635
|Q2| =   0.975196  Q20  =  -0.169424  Q21c =   0.041318  Q21s =   0.122542
                   Q22c =   0.655646  Q22s =  -0.689715

C          x =  5.039820  y =-13.352490  z = -2.953750 angstrom
           Maximum rank =  2   Radius =  0.650 angstrom
                   Q00  =  -0.033667
|Q1| =   0.097311  Q10  =   0.067491  Q11c =  -0.065850  Q11s =   0.024047
|Q2| =   1.455951  Q20  =   0.321084  Q21c =  -0.110861  Q21s =   0.845645
                   Q22c =   1.015431  Q22s =   0.508127

H          x =  6.095110  y =-13.167980  z = -3.110630 angstrom
           Maximum rank =  1   Radius =  0.350 angstrom
                   Q00  =   0.077105
|Q1| =   0.100499  Q10  =   0.065391  Q11c =  -0.076235  Q11s =   0.003493

C          x =  6.380250  y =-10.158170  z = -1.135840 angstrom
           Maximum rank =  2   Radius =  0.650 angstrom
                   Q00  =  -0.025337
|Q1| =   0.119017  Q10  =   0.017287  Q11c =  -0.100555  Q11s =  -0.061277
|Q2| =   1.284385  Q20  =  -1.171400  Q21c =  -0.153602  Q21s =  -0.410139
                   Q22c =  -0.276643  Q22s =  -0.095542

C          x = 12.336420  y =-14.628060  z = -0.884760 angstrom
           Maximum rank =  2   Radius =  0.650 angstrom
                   Q00  =  -0.064558
|Q1| =   0.096216  Q10  =   0.009464  Q11c =  -0.095447  Q11s =  -0.007603
|Q2| =   1.528003  Q20  =  -1.448315  Q21c =  -0.200476  Q21s =  -0.407302
                   Q22c =   0.112737  Q22s =  -0.135581

H          x = 13.409580  y =-14.551710  z = -0.985820 angstrom
           Maximum rank =  1   Radius =  0.350 angstrom
                   Q00  =   0.074084
|Q1| =   0.098619  Q10  =   0.010795  Q11c =  -0.096658  Q11s =  -0.016321

C          x =  5.382780  y = -8.023850  z = -1.434680 angstrom
           Maximum rank =  2   Radius =  0.650 angstrom
                   Q00  =  -0.041250
|Q1| =   0.087104  Q10  =   0.047632  Q11c =  -0.071356  Q11s =   0.015053
|Q2| =   1.247226  Q20  =  -1.173370  Q21c =  -0.149084  Q21s =  -0.351387
                   Q22c =  -0.042905  Q22s =  -0.176739

C          x = 10.122420  y =-13.934340  z = -0.818490 angstrom
           Maximum rank =  2   Radius =  0.650 angstrom
                   Q00  =  -0.335250
|Q1| =   0.492328  Q10  =  -0.086996  Q11c =   0.137532  Q11s =   0.464654
|Q2| =   1.459184  Q20  =  -1.209482  Q21c =  -0.170475  Q21s =  -0.218971
                   Q22c =   0.658801  Q22s =  -0.394134

C          x =  6.742020  y =-12.425400  z = -0.788720 angstrom
           Maximum rank =  2   Radius =  0.650 angstrom
                   Q00  =  -0.071851
|Q1| =   0.109619  Q10  =   0.038187  Q11c =  -0.025673  Q11s =   0.099493
|Q2| =   1.251303  Q20  =  -1.160084  Q21c =  -0.192872  Q21s =  -0.329488
                   Q22c =   0.169410  Q22s =  -0.213313

C          x =  4.819630  y =-12.673690  z =  0.756150 angstrom
           Maximum rank =  2   Radius =  0.650 angstrom
                   Q00  =  -0.060805
|Q1| =   0.078416  Q10  =  -0.003826  Q11c =   0.077790  Q11s =  -0.009120
|Q2| =   1.289192  Q20  =   0.642241  Q21c =  -0.549622  Q21s =  -0.018191
                   Q22c =  -0.944746  Q22s =   0.233627

C          x =  7.353550  y =-11.229150  z = -1.045970 angstrom
           Maximum rank =  2   Radius =  0.650 angstrom
                   Q00  =  -0.338847
|Q1| =   0.610830  Q10  =   0.087366  Q11c =  -0.594268  Q11s =  -0.111022
|Q2| =   1.363486  Q20  =  -1.181272  Q21c =  -0.095565  Q21s =  -0.401606
                   Q22c =  -0.386619  Q22s =  -0.379205

C          x =  4.445920  y =-12.987720  z = -1.750330 angstrom
           Maximum rank =  2   Radius =  0.650 angstrom
                   Q00  =  -0.059658
|Q1| =   0.067876  Q10  =  -0.012456  Q11c =  -0.003462  Q11s =   0.066634
|Q2| =   1.281408  Q20  =   0.343044  Q21c =  -0.083056  Q21s =   0.836038
                   Q22c =   0.742873  Q22s =   0.516342

C          x = 11.450080  y =-13.557690  z = -0.992200 angstrom
           Maximum rank =  2   Radius =  0.650 angstrom
                   Q00  =   0.077134
|Q1| =   0.126175  Q10  =  -0.017928  Q11c =  -0.027511  Q11s =   0.121827
|Q2| =   1.139949  Q20  =  -1.064009  Q21c =  -0.148984  Q21s =  -0.349993
                   Q22c =  -0.150167  Q22s =   0.011223

C          x =  8.956190  y =-13.093450  z = -0.861780 angstrom
           Maximum rank =  2   Radius =  0.650 angstrom
                   Q00  =  -0.305002
|Q1| =   0.416094  Q10  =   0.082729  Q11c =  -0.086596  Q11s =  -0.398486
|Q2| =   1.490270  Q20  =  -1.186621  Q21c =  -0.177654  Q21s =  -0.198352
                   Q22c =   0.741921  Q22s =  -0.437591

C          x = 11.714940  y =-15.846150  z = -0.628030 angstrom
           Maximum rank =  2   Radius =  0.650 angstrom
                   Q00  =  -0.313969
|Q1| =   0.436039  Q10  =  -0.038702  Q11c =   0.433833  Q11s =   0.020525
|Q2| =   1.417595  Q20  =  -1.148554  Q21c =  -0.075674  Q21s =  -0.438507
                   Q22c =  -0.655725  Q22s =  -0.249818

C          x = 11.027480  y =-20.337470  z =  0.185400 angstrom
           Maximum rank =  2   Radius =  0.650 angstrom
                   Q00  =  -0.040952
|Q1| =   0.066499  Q10  =  -0.007302  Q11c =   0.065167  Q11s =   0.011047
|Q2| =   1.238401  Q20  =  -1.158801  Q21c =  -0.188801  Q21s =  -0.370726
                   Q22c =  -0.049785  Q22s =   0.123503

C          x = 12.497790  y =-17.019980  z = -0.494880 angstrom
           Maximum rank =  2   Radius =  0.650 angstrom
                   Q00  =   0.023679
|Q1| =   0.020891  Q10  =   0.001390  Q11c =   0.015078  Q11s =  -0.014392
|Q2| =   1.364495  Q20  =  -1.281406  Q21c =  -0.166143  Q21s =  -0.406705
                   Q22c =  -0.149343  Q22s =  -0.067308

H          x = 13.544960  y =-16.781330  z = -0.621180 angstrom
           Maximum rank =  1   Radius =  0.350 angstrom
                   Q00  =   0.092541
|Q1| =   0.071504  Q10  =   0.011934  Q11c =  -0.054520  Q11s =  -0.044700

C          x =  4.360060  y =-14.446140  z =  2.338090 angstrom
           Maximum rank =  2   Radius =  0.650 angstrom
                   Q00  =  -0.032602
|Q1| =   0.075473  Q10  =  -0.004485  Q11c =   0.003885  Q11s =   0.075240
|Q2| =   1.412597  Q20  =   0.528588  Q21c =  -0.470383  Q21s =  -0.010692
                   Q22c =  -1.202723  Q22s =   0.219338

H          x =  4.236870  y =-15.505670  z =  2.536410 angstrom
           Maximum rank =  1   Radius =  0.350 angstrom
                   Q00  =   0.048682
|Q1| =   0.115308  Q10  =  -0.019278  Q11c =   0.014195  Q11s =   0.112795

C          x = 10.859520  y =-18.886810  z = -0.045880 angstrom
           Maximum rank =  2   Radius =  0.650 angstrom
                   Q00  =   0.192797
|Q1| =   0.029283  Q10  =  -0.000199  Q11c =  -0.025766  Q11s =   0.013913
|Q2| =   0.763827  Q20  =  -0.692896  Q21c =  -0.069357  Q21s =  -0.170814
                   Q22c =   0.105365  Q22s =  -0.241323

C          x = 13.119050  y =-11.928770  z = -1.399100 angstrom
           Maximum rank =  2   Radius =  0.650 angstrom
                   Q00  =   0.170376
|Q1| =   0.143278  Q10  =   0.008961  Q11c =  -0.142385  Q11s =   0.013229
|Q2| =   0.144699  Q20  =  -0.079823  Q21c =  -0.033045  Q21s =  -0.027042
                   Q22c =   0.035807  Q22s =   0.107055

H          x = 13.690440  y =-12.158230  z = -0.495170 angstrom
           Maximum rank =  1   Radius =  0.350 angstrom
                   Q00  =   0.047559
|Q1| =   0.113262  Q10  =  -0.071830  Q11c =  -0.087047  Q11s =  -0.009563

H          x = 13.553830  y =-12.454310  z = -2.254120 angstrom
           Maximum rank =  1   Radius =  0.350 angstrom
                   Q00  =   0.047233
|Q1| =   0.113395  Q10  =   0.083541  Q11c =  -0.074871  Q11s =   0.016540

C          x = 15.268770  y =-18.208470  z = -0.525790 angstrom
           Maximum rank =  2   Radius =  0.650 angstrom
                   Q00  =   0.061087
|Q1| =   0.101170  Q10  =   0.017926  Q11c =  -0.016334  Q11s =  -0.098220
|Q2| =   1.201402  Q20  =  -0.657251  Q21c =  -0.206360  Q21s =  -0.343478
                   Q22c =  -0.411660  Q22s =   0.825448

C          x =  2.939440  y =-14.198180  z = -3.811530 angstrom
           Maximum rank =  2   Radius =  0.650 angstrom
                   Q00  =  -0.078220
|Q1| =   0.121958  Q10  =   0.089076  Q11c =   0.065042  Q11s =   0.052046
|Q2| =   1.148655  Q20  =   0.331998  Q21c =  -0.087014  Q21s =   0.713486
                   Q22c =   0.728495  Q22s =   0.402304

C          x = 12.209940  y =-18.333380  z = -0.250230 angstrom
           Maximum rank =  2   Radius =  0.650 angstrom
                   Q00  =  -0.066564
|Q1| =   0.065177  Q10  =   0.012077  Q11c =  -0.030068  Q11s =  -0.056552
|Q2| =   1.340196  Q20  =  -1.248868  Q21c =  -0.172159  Q21s =  -0.411819
                   Q22c =  -0.192192  Q22s =   0.016757

C          x =  4.395540  y =-12.186770  z =  3.085380 angstrom
           Maximum rank =  2   Radius =  0.650 angstrom
                   Q00  =  -0.033283
|Q1| =   0.074969  Q10  =  -0.049866  Q11c =   0.006965  Q11s =  -0.055545
|Q2| =   1.405607  Q20  =   0.613991  Q21c =  -0.468655  Q21s =   0.153189
                   Q22c =  -1.150750  Q22s =   0.177245

H          x =  4.301640  y =-11.449930  z =  3.875760 angstrom
           Maximum rank =  1   Radius =  0.350 angstrom
                   Q00  =   0.044852
|Q1| =   0.117556  Q10  =  -0.087014  Q11c =   0.010596  Q11s =  -0.078331

C          x = 10.427210  y =-22.572880  z =  0.612280 angstrom
           Maximum rank =  2   Radius =  0.650 angstrom
                   Q00  =   0.175669
|Q1| =   0.153960  Q10  =   0.028360  Q11c =  -0.062147  Q11s =  -0.137975
|Q2| =   1.053568  Q20  =  -0.990313  Q21c =  -0.156913  Q21s =  -0.312693
                   Q22c =  -0.034367  Q22s =   0.075542

C          x = 10.034080  y =-21.266710  z =  0.424180 angstrom
           Maximum rank =  2   Radius =  0.650 angstrom
                   Q00  =   0.023706
|Q1| =   0.066720  Q10  =  -0.002266  Q11c =   0.064021  Q11s =  -0.018648
|Q2| =   1.375439  Q20  =  -1.305754  Q21c =  -0.187701  Q21s =  -0.381281
                   Q22c =   0.054313  Q22s =  -0.057286

H          x =  8.989880  y =-20.984610  z =  0.462580 angstrom
           Maximum rank =  1   Radius =  0.350 angstrom
                   Q00  =   0.098988
|Q1| =   0.084790  Q10  =  -0.005634  Q11c =   0.084264  Q11s =  -0.007567

C          x =  3.082860  y =-13.234260  z = -1.595970 angstrom
           Maximum rank =  2   Radius =  0.650 angstrom
                   Q00  =  -0.051525
|Q1| =   0.103884  Q10  =  -0.043078  Q11c =   0.093956  Q11s =  -0.010408
|Q2| =   1.487782  Q20  =   0.563169  Q21c =  -0.190961  Q21s =   0.839025
                   Q22c =   0.954583  Q22s =   0.494649

H          x =  2.591070  y =-12.972290  z = -0.667060 angstrom
           Maximum rank =  1   Radius =  0.350 angstrom
                   Q00  =   0.074074
|Q1| =   0.106397  Q10  =  -0.058694  Q11c =   0.087143  Q11s =  -0.016775

C          x =  4.221860  y =-13.531980  z =  3.381260 angstrom
           Maximum rank =  2   Radius =  0.650 angstrom
                   Q00  =  -0.078101
|Q1| =   0.121390  Q10  =  -0.112164  Q11c =   0.028499  Q11s =   0.036640
|Q2| =   1.148226  Q20  =   0.559312  Q21c =  -0.412893  Q21s =  -0.018388
                   Q22c =  -0.898985  Q22s =   0.163091

C          x =  4.298010  y =-13.947460  z = -3.964350 angstrom
           Maximum rank =  2   Radius =  0.650 angstrom
                   Q00  =  -0.032528
|Q1| =   0.075124  Q10  =   0.062535  Q11c =  -0.039677  Q11s =   0.012600
|Q2| =   1.402795  Q20  =   0.442867  Q21c =  -0.281809  Q21s =   0.850686
                   Q22c =   0.894002  Q22s =   0.411558

H          x =  4.790360  y =-14.221290  z = -4.891310 angstrom
           Maximum rank =  1   Radius =  0.350 angstrom
                   Q00  =   0.046427
|Q1| =   0.116605  Q10  =   0.099903  Q11c =  -0.052521  Q11s =   0.029285

C          x = 12.379840  y =-20.667880  z =  0.129630 angstrom
           Maximum rank =  2   Radius =  0.650 angstrom
                   Q00  =  -0.022092
|Q1| =   0.075674  Q10  =  -0.002206  Q11c =  -0.062161  Q11s =   0.043101
|Q2| =   1.248780  Q20  =  -1.169304  Q21c =  -0.156446  Q21s =  -0.378649
                   Q22c =  -0.153728  Q22s =  -0.026394

C          x = 13.167100  y =-19.436870  z = -0.143300 angstrom
           Maximum rank =  2   Radius =  0.650 angstrom
                   Q00  =   0.033816
|Q1| =   0.044830  Q10  =   0.006593  Q11c =  -0.039640  Q11s =  -0.019874
|Q2| =   1.158883  Q20  =  -1.071620  Q21c =  -0.181224  Q21s =  -0.272479
                   Q22c =   0.295559  Q22s =  -0.014075

C          x =  2.142770  y =-14.873450  z = -4.894940 angstrom
           Maximum rank =  2   Radius =  0.650 angstrom
                   Q00  =   0.023062
|Q1| =   0.022446  Q10  =   0.012098  Q11c =   0.012049  Q11s =   0.014570
|Q2| =   0.104969  Q20  =   0.040429  Q21c =   0.066049  Q21s =   0.056579
                   Q22c =   0.026095  Q22s =   0.033756

H          x =  2.587030  y =-14.706120  z = -5.877200 angstrom
           Maximum rank =  1   Radius =  0.350 angstrom
                   Q00  =   0.025132
|Q1| =   0.125018  Q10  =   0.124108  Q11c =  -0.013516  Q11s =   0.006628

H          x =  1.115600  y =-14.505550  z = -4.920470 angstrom
           Maximum rank =  1   Radius =  0.350 angstrom
                   Q00  =   0.025577
|Q1| =   0.125195  Q10  =   0.038313  Q11c =   0.118663  Q11s =  -0.011178

C          x =  2.345580  y =-13.826270  z = -2.608380 angstrom
           Maximum rank =  2   Radius =  0.650 angstrom
                   Q00  =  -0.033676
|Q1| =   0.076894  Q10  =  -0.016252  Q11c =   0.075142  Q11s =   0.001504
|Q2| =   1.412295  Q20  =   0.306350  Q21c =  -0.218364  Q21s =   0.796241
                   Q22c =   0.988137  Q22s =   0.492573

H          x =  1.286080  y =-14.005190  z = -2.458540 angstrom
           Maximum rank =  1   Radius =  0.350 angstrom
                   Q00  =   0.046396
|Q1| =   0.117080  Q10  =  -0.017593  Q11c =   0.114166  Q11s =   0.019085

C          x =  3.878740  y =-13.993180  z =  4.771910 angstrom
           Maximum rank =  2   Radius =  0.650 angstrom
                   Q00  =   0.023193
|Q1| =   0.023356  Q10  =  -0.016950  Q11c =   0.010513  Q11s =   0.012153
|Q2| =   0.103358  Q20  =   0.089404  Q21c =  -0.029752  Q21s =  -0.038694
                   Q22c =  -0.017212  Q22s =   0.003343

H          x =  4.465540  y =-14.869490  z =  5.054700 angstrom
           Maximum rank =  1   Radius =  0.350 angstrom
                   Q00  =   0.028134
|Q1| =   0.123982  Q10  =  -0.071627  Q11c =  -0.041134  Q11s =   0.092462

H          x =  4.066120  y =-13.209690  z =  5.507160 angstrom
           Maximum rank =  1   Radius =  0.350 angstrom
                   Q00  =   0.023729
|Q1| =   0.125371  Q10  =  -0.112137  Q11c =  -0.005795  Q11s =  -0.055764

C          x = 11.774660  y =-22.922410  z =  0.560090 angstrom
           Maximum rank =  2   Radius =  0.650 angstrom
                   Q00  =   0.178281
|Q1| =   0.158487  Q10  =   0.026712  Q11c =  -0.004860  Q11s =  -0.156144
|Q2| =   1.049512  Q20  =  -0.991032  Q21c =  -0.136716  Q21s =  -0.309137
                   Q22c =  -0.065313  Q22s =  -0.028436

C          x = 12.765360  y =-21.992450  z =  0.321360 angstrom
           Maximum rank =  2   Radius =  0.650 angstrom
                   Q00  =   0.008019
|Q1| =   0.071877  Q10  =   0.006002  Q11c =  -0.071623  Q11s =  -0.000689
|Q2| =   1.430605  Q20  =  -1.357983  Q21c =  -0.194386  Q21s =  -0.393594
                   Q22c =   0.067497  Q22s =  -0.072495

H          x = 13.787960  y =-22.336350  z =  0.295010 angstrom
           Maximum rank =  1   Radius =  0.350 angstrom
                   Q00  =   0.111963
|Q1| =   0.062620  Q10  =  -0.002841  Q11c =  -0.048028  Q11s =   0.040082

C          x = 14.528000  y =-19.398620  z = -0.262860 angstrom
           Maximum rank =  2   Radius =  0.650 angstrom
                   Q00  =  -0.019829
|Q1| =   0.024510  Q10  =  -0.001931  Q11c =   0.024411  Q11s =  -0.001056
|Q2| =   1.307160  Q20  =  -1.236913  Q21c =  -0.193244  Q21s =  -0.351100
                   Q22c =   0.133844  Q22s =  -0.013636

N          x = 16.044650  y =-21.468070  z = -0.039390 angstrom
           Maximum rank =  2   Radius =  0.650 angstrom
                   Q00  =  -0.221204
|Q1| =   0.560404  Q10  =  -0.052127  Q11c =  -0.312529  Q11s =   0.462235
|Q2| =   0.619539  Q20  =  -0.338626  Q21c =   0.042912  Q21s =  -0.073272
                   Q22c =  -0.086898  Q22s =  -0.504380

C          x = 15.354420  y =-20.554150  z = -0.136360 angstrom
           Maximum rank =  2   Radius =  0.650 angstrom
                   Q00  =   0.058544
|Q1| =   0.106306  Q10  =  -0.014642  Q11c =  -0.029634  Q11s =   0.101037
|Q2| =   1.208880  Q20  =  -0.698363  Q21c =   0.077139  Q21s =  -0.178340
                   Q22c =  -0.278487  Q22s =  -0.926482

H          x = -2.645740  y = -7.903220  z = -0.760810 angstrom
           Maximum rank =  1   Radius =  0.350 angstrom
                   Q00  =   0.049941
|Q1| =   0.103640  Q10  =  -0.019034  Q11c =   0.046391  Q11s =   0.090702

H          x =  8.399990  y = -2.806350  z =  2.391140 angstrom
           Maximum rank =  1   Radius =  0.350 angstrom
                   Q00  =   0.031382
|Q1| =   0.123775  Q10  =  -0.020942  Q11c =  -0.029875  Q11s =  -0.118276

H          x =  2.099660  y =-15.954380  z = -4.733180 angstrom
           Maximum rank =  1   Radius =  0.350 angstrom
                   Q00  =   0.031854
|Q1| =   0.123359  Q10  =   0.020847  Q11c =   0.029861  Q11s =   0.117861

H          x = 13.146340  y =-10.857600  z = -1.581530 angstrom
           Maximum rank =  1   Radius =  0.350 angstrom
                   Q00  =   0.049835
|Q1| =   0.103762  Q10  =   0.019025  Q11c =  -0.046455  Q11s =  -0.090810

H          x =  7.677330  y = -4.490710  z = -7.187070 angstrom
           Maximum rank =  1   Radius =  0.350 angstrom
                   Q00  =   0.030210
|Q1| =   0.124462  Q10  =   0.051957  Q11c =  -0.106079  Q11s =  -0.039224

H          x =  2.823310  y =-14.270340  z =  4.844410 angstrom
           Maximum rank =  1   Radius =  0.350 angstrom
                   Q00  =   0.030476
|Q1| =   0.124224  Q10  =  -0.051884  Q11c =   0.105893  Q11s =   0.039068

Total multipoles referred to origin at
           x =   0.000000,  y =    0.000000,  z =    0.000000 angstrom
                   Q00  =  -0.000032
|Q1| =   0.789046  Q10  =   0.064002  Q11c =   0.429588  Q11s =  -0.658750
|Q2| = 301.153157  Q20  = 142.189581  Q21c = -31.805798  Q21s =  32.013484
                   Q22c =  25.862904  Q22s = 260.326690

CPU time used:     84m11.192s          Total:     84m11.192s

Finished at 2:34:46 on 27 Jun 2021  
