                                     G D M A

                                 by Anthony Stone

                         version 2.2.11, 04 February 2015

               Distributed Multipoles from Gaussian wavefunctions


Starting at 1:22:35 on 27 Jun 2021  

s1S0



Using CI density matrix from file sN_z.fchk


                         Distributed Multipole Analysis

Standard DMA for products of primitives with exponent greater than 4.00000
Using 80-point Euler-MacLaurin radial quadrature
Using 590-point Lebedev quadrature
Becke smoothing parameter = 3

Positions and radii in angstrom
Multipole moments in atomic units, ea_0^k for rank k

S          x =  1.443530  y = -7.396330  z = -1.175200 angstrom
           Maximum rank =  2   Radius =  0.650 angstrom
                   Q00  =   0.782936
|Q1| =   1.011824  Q10  =  -0.186714  Q11c =   0.692886  Q11s =   0.713326
|Q2| =   2.417213  Q20  =  -2.124880  Q21c =  -0.194490  Q21s =  -0.507650
                   Q22c =   0.361533  Q22s =  -0.949507

F          x =  0.969620  y =  4.768220  z = -3.190480 angstrom
           Maximum rank =  2   Radius =  0.650 angstrom
                   Q00  =  -0.205558
|Q1| =   0.223250  Q10  =   0.037032  Q11c =  -0.173639  Q11s =  -0.135347
|Q2| =   0.699228  Q20  =  -0.275377  Q21c =  -0.144544  Q21s =  -0.138596
                   Q22c =  -0.010378  Q22s =   0.610637

N          x = -5.383400  y = -1.500450  z = -1.604900 angstrom
           Maximum rank =  2   Radius =  0.650 angstrom
                   Q00  =  -0.232857
|Q1| =   0.572523  Q10  =  -0.106385  Q11c =   0.272915  Q11s =   0.491917
|Q2| =   0.621722  Q20  =  -0.303775  Q21c =  -0.119141  Q21s =  -0.157130
                   Q22c =  -0.125566  Q22s =   0.489497

S          x =  0.513510  y = -3.130660  z = -1.820720 angstrom
           Maximum rank =  2   Radius =  0.650 angstrom
                   Q00  =   0.804465
|Q1| =   0.919367  Q10  =   0.140319  Q11c =  -0.783195  Q11s =  -0.460600
|Q2| =   2.455927  Q20  =  -2.167366  Q21c =  -0.160087  Q21s =  -0.698954
                   Q22c =  -0.603057  Q22s =  -0.675469

F          x = -1.598820  y =  5.439630  z = -3.091770 angstrom
           Maximum rank =  2   Radius =  0.650 angstrom
                   Q00  =  -0.204067
|Q1| =   0.222819  Q10  =   0.027446  Q11c =   0.083915  Q11s =  -0.204581
|Q2| =   0.696213  Q20  =  -0.291748  Q21c =   0.052225  Q21s =  -0.152419
                   Q22c =  -0.527411  Q22s =  -0.308989

C          x =  2.851870  y = -5.269650  z = -1.665220 angstrom
           Maximum rank =  2   Radius =  0.650 angstrom
                   Q00  =  -0.047137
|Q1| =   0.102411  Q10  =  -0.012826  Q11c =  -0.009537  Q11s =  -0.101156
|Q2| =   1.484536  Q20  =  -1.386273  Q21c =  -0.240431  Q21s =  -0.467055
                   Q22c =  -0.040111  Q22s =  -0.067359

H          x =  3.127930  y = -4.245340  z = -1.874830 angstrom
           Maximum rank =  1   Radius =  0.350 angstrom
                   Q00  =   0.087406
|Q1| =   0.093719  Q10  =   0.014172  Q11c =  -0.015657  Q11s =  -0.091309

C          x =  3.976280  y = -9.962690  z = -0.946720 angstrom
           Maximum rank =  2   Radius =  0.650 angstrom
                   Q00  =  -0.018249
|Q1| =   0.106891  Q10  =  -0.046854  Q11c =   0.089544  Q11s =   0.034817
|Q2| =   1.454308  Q20  =  -1.381045  Q21c =  -0.198421  Q21s =  -0.409149
                   Q22c =  -0.006010  Q22s =  -0.030256

H          x =  2.997950  y =-10.397280  z = -0.780670 angstrom
           Maximum rank =  1   Radius =  0.350 angstrom
                   Q00  =   0.082838
|Q1| =   0.103285  Q10  =  -0.018092  Q11c =   0.099432  Q11s =   0.021299

C          x =  5.848320  y = -4.733670  z = -3.394980 angstrom
           Maximum rank =  2   Radius =  0.650 angstrom
                   Q00  =  -0.049220
|Q1| =   0.102201  Q10  =  -0.014522  Q11c =  -0.003483  Q11s =  -0.101104
|Q2| =   1.476667  Q20  =   0.752230  Q21c =  -0.433880  Q21s =   0.092955
                   Q22c =  -1.167872  Q22s =   0.232112

H          x =  5.758710  y = -3.996740  z = -2.605730 angstrom
           Maximum rank =  1   Radius =  0.350 angstrom
                   Q00  =   0.074117
|Q1| =   0.105913  Q10  =  -0.037282  Q11c =   0.009564  Q11s =  -0.098672

O          x = -1.250880  y = -6.495620  z = -1.106430 angstrom
           Maximum rank =  2   Radius =  0.650 angstrom
                   Q00  =  -0.392268
|Q1| =   0.519152  Q10  =  -0.047546  Q11c =  -0.302300  Q11s =   0.419372
|Q2| =   1.135765  Q20  =  -0.650210  Q21c =  -0.231154  Q21s =  -0.284525
                   Q22c =  -0.067213  Q22s =   0.853397

C          x =  5.809540  y = -6.999240  z = -4.138510 angstrom
           Maximum rank =  2   Radius =  0.650 angstrom
                   Q00  =  -0.034733
|Q1| =   0.097329  Q10  =   0.045011  Q11c =  -0.022928  Q11s =   0.083194
|Q2| =   1.471983  Q20  =   0.597251  Q21c =  -0.495421  Q21s =  -0.092290
                   Q22c =  -1.226364  Q22s =   0.228246

H          x =  5.673620  y = -8.056310  z = -3.951140 angstrom
           Maximum rank =  1   Radius =  0.350 angstrom
                   Q00  =   0.077070
|Q1| =   0.098338  Q10  =   0.042765  Q11c =   0.006318  Q11s =   0.088327

C          x =  5.265530  y = -6.509720  z = -1.682810 angstrom
           Maximum rank =  2   Radius =  0.650 angstrom
                   Q00  =  -0.009585
|Q1| =   0.059907  Q10  =   0.011306  Q11c =  -0.046836  Q11s =  -0.035600
|Q2| =   0.189112  Q20  =   0.019093  Q21c =   0.035101  Q21s =  -0.076972
                   Q22c =   0.025740  Q22s =   0.166071

O          x =  0.695490  y = -0.469570  z = -2.282460 angstrom
           Maximum rank =  2   Radius =  0.650 angstrom
                   Q00  =  -0.416855
|Q1| =   0.557969  Q10  =  -0.022669  Q11c =  -0.437531  Q11s =   0.345518
|Q2| =   0.975382  Q20  =  -0.169798  Q21c =   0.041192  Q21s =   0.122603
                   Q22c =   0.655704  Q22s =  -0.689828

C          x =  5.460800  y = -5.408460  z =  0.611160 angstrom
           Maximum rank =  2   Radius =  0.650 angstrom
                   Q00  =  -0.033619
|Q1| =   0.097386  Q10  =  -0.067595  Q11c =   0.065828  Q11s =  -0.024119
|Q2| =   1.455794  Q20  =   0.321063  Q21c =  -0.110649  Q21s =   0.845488
                   Q22c =   1.015250  Q22s =   0.508361

H          x =  4.405520  y = -5.593020  z =  0.768070 angstrom
           Maximum rank =  1   Radius =  0.350 angstrom
                   Q00  =   0.077139
|Q1| =   0.100528  Q10  =  -0.065451  Q11c =   0.076221  Q11s =  -0.003523

C          x =  4.120330  y = -8.602700  z = -1.206780 angstrom
           Maximum rank =  2   Radius =  0.650 angstrom
                   Q00  =  -0.025649
|Q1| =   0.119014  Q10  =  -0.017561  Q11c =   0.100693  Q11s =   0.060966
|Q2| =   1.285102  Q20  =  -1.172146  Q21c =  -0.153700  Q21s =  -0.410281
                   Q22c =  -0.276511  Q22s =  -0.095653

C          x = -1.835830  y = -4.132800  z = -1.457790 angstrom
           Maximum rank =  2   Radius =  0.650 angstrom
                   Q00  =  -0.065619
|Q1| =   0.096489  Q10  =  -0.010000  Q11c =   0.095620  Q11s =   0.008180
|Q2| =   1.531460  Q20  =  -1.451656  Q21c =  -0.200621  Q21s =  -0.408243
                   Q22c =   0.112492  Q22s =  -0.136005

H          x = -2.909000  y = -4.209150  z = -1.356710 angstrom
           Maximum rank =  1   Radius =  0.350 angstrom
                   Q00  =   0.073900
|Q1| =   0.098745  Q10  =  -0.010886  Q11c =   0.096769  Q11s =   0.016365

C          x =  5.117800  y =-10.737020  z = -0.907950 angstrom
           Maximum rank =  2   Radius =  0.650 angstrom
                   Q00  =  -0.041340
|Q1| =   0.087257  Q10  =  -0.047897  Q11c =   0.071335  Q11s =  -0.015198
|Q2| =   1.247412  Q20  =  -1.173541  Q21c =  -0.149121  Q21s =  -0.351441
                   Q22c =  -0.042657  Q22s =  -0.176836

C          x =  0.378160  y = -4.826520  z = -1.524090 angstrom
           Maximum rank =  2   Radius =  0.650 angstrom
                   Q00  =  -0.335940
|Q1| =   0.492046  Q10  =   0.086607  Q11c =  -0.138268  Q11s =  -0.464210
|Q2| =   1.460696  Q20  =  -1.210967  Q21c =  -0.170814  Q21s =  -0.219476
                   Q22c =   0.659098  Q22s =  -0.394248

C          x =  3.758560  y = -6.335470  z = -1.553890 angstrom
           Maximum rank =  2   Radius =  0.650 angstrom
                   Q00  =  -0.071743
|Q1| =   0.110174  Q10  =  -0.038387  Q11c =   0.025718  Q11s =  -0.100016
|Q2| =   1.250890  Q20  =  -1.159720  Q21c =  -0.192832  Q21s =  -0.329367
                   Q22c =   0.169424  Q22s =  -0.213086

C          x =  5.680950  y = -6.087180  z = -3.098770 angstrom
           Maximum rank =  2   Radius =  0.650 angstrom
                   Q00  =  -0.060962
|Q1| =   0.078545  Q10  =   0.003767  Q11c =  -0.077925  Q11s =   0.009094
|Q2| =   1.289560  Q20  =   0.642488  Q21c =  -0.549745  Q21s =  -0.018307
                   Q22c =  -0.944966  Q22s =   0.233791

C          x =  3.147030  y = -7.531720  z = -1.296640 angstrom
           Maximum rank =  2   Radius =  0.650 angstrom
                   Q00  =  -0.338302
|Q1| =   0.610820  Q10  =  -0.087744  Q11c =   0.594166  Q11s =   0.111214
|Q2| =   1.362020  Q20  =  -1.179867  Q21c =  -0.095237  Q21s =  -0.401166
                   Q22c =  -0.386750  Q22s =  -0.378728

C          x =  6.054670  y = -5.773150  z = -0.592300 angstrom
           Maximum rank =  2   Radius =  0.650 angstrom
                   Q00  =  -0.059365
|Q1| =   0.067852  Q10  =   0.012417  Q11c =   0.003457  Q11s =  -0.066616
|Q2| =   1.280704  Q20  =   0.342920  Q21c =  -0.083213  Q21s =   0.835459
                   Q22c =   0.742538  Q22s =   0.516071

C          x = -0.949500  y = -5.203170  z = -1.350350 angstrom
           Maximum rank =  2   Radius =  0.650 angstrom
                   Q00  =   0.077557
|Q1| =   0.126257  Q10  =   0.017541  Q11c =   0.027984  Q11s =  -0.121861
|Q2| =   1.139203  Q20  =  -1.063225  Q21c =  -0.148903  Q21s =  -0.349865
                   Q22c =  -0.150405  Q22s =   0.011744

C          x =  1.544390  y = -5.667410  z = -1.480820 angstrom
           Maximum rank =  2   Radius =  0.650 angstrom
                   Q00  =  -0.304435
|Q1| =   0.415996  Q10  =  -0.083101  Q11c =   0.087262  Q11s =   0.398162
|Q2| =   1.488611  Q20  =  -1.185062  Q21c =  -0.177498  Q21s =  -0.197890
                   Q22c =   0.741654  Q22s =  -0.436889

C          x = -1.214360  y = -2.914720  z = -1.714530 angstrom
           Maximum rank =  2   Radius =  0.650 angstrom
                   Q00  =  -0.313288
|Q1| =   0.435965  Q10  =   0.038400  Q11c =  -0.433757  Q11s =  -0.021107
|Q2| =   1.416274  Q20  =  -1.147356  Q21c =  -0.075723  Q21s =  -0.438176
                   Q22c =  -0.655392  Q22s =  -0.249267

C          x = -0.526920  y =  1.576590  z = -2.528060 angstrom
           Maximum rank =  2   Radius =  0.650 angstrom
                   Q00  =  -0.041055
|Q1| =   0.066735  Q10  =   0.007040  Q11c =  -0.065391  Q11s =  -0.011310
|Q2| =   1.238724  Q20  =  -1.159051  Q21c =  -0.189002  Q21s =  -0.370881
                   Q22c =  -0.049764  Q22s =   0.123641

C          x = -1.997200  y = -1.740890  z = -1.847670 angstrom
           Maximum rank =  2   Radius =  0.650 angstrom
                   Q00  =   0.021803
|Q1| =   0.021377  Q10  =  -0.001914  Q11c =  -0.014974  Q11s =   0.015136
|Q2| =   1.370058  Q20  =  -1.286668  Q21c =  -0.166783  Q21s =  -0.408294
                   Q22c =  -0.149809  Q22s =  -0.067676

H          x = -3.044380  y = -1.979520  z = -1.721350 angstrom
           Maximum rank =  1   Radius =  0.350 angstrom
                   Q00  =   0.092261
|Q1| =   0.071615  Q10  =  -0.012008  Q11c =   0.054602  Q11s =   0.044756

C          x =  6.140550  y = -4.314720  z = -4.680690 angstrom
           Maximum rank =  2   Radius =  0.650 angstrom
                   Q00  =  -0.032671
|Q1| =   0.075521  Q10  =   0.004368  Q11c =  -0.004054  Q11s =  -0.075285
|Q2| =   1.412824  Q20  =   0.528762  Q21c =  -0.470481  Q21s =  -0.010918
                   Q22c =  -1.202865  Q22s =   0.219381

H          x =  6.263770  y = -3.255190  z = -4.879000 angstrom
           Maximum rank =  1   Radius =  0.350 angstrom
                   Q00  =   0.048565
|Q1| =   0.115416  Q10  =   0.019228  Q11c =  -0.014234  Q11s =  -0.112910

C          x = -0.358950  y =  0.125940  z = -2.296750 angstrom
           Maximum rank =  2   Radius =  0.650 angstrom
                   Q00  =   0.192600
|Q1| =   0.029424  Q10  =  -0.000130  Q11c =   0.025930  Q11s =  -0.013906
|Q2| =   0.764466  Q20  =  -0.693528  Q21c =  -0.069457  Q21s =  -0.171066
                   Q22c =   0.105028  Q22s =  -0.241473

C          x = -2.618450  y = -6.832070  z = -0.943290 angstrom
           Maximum rank =  2   Radius =  0.650 angstrom
                   Q00  =   0.170400
|Q1| =   0.143276  Q10  =  -0.009111  Q11c =   0.142375  Q11s =  -0.013204
|Q2| =   0.144807  Q20  =  -0.079993  Q21c =  -0.033127  Q21s =  -0.026766
                   Q22c =   0.035830  Q22s =   0.107110

H          x = -3.189930  y = -6.602640  z = -1.847160 angstrom
           Maximum rank =  1   Radius =  0.350 angstrom
                   Q00  =   0.047783
|Q1| =   0.113092  Q10  =   0.071664  Q11c =   0.086964  Q11s =   0.009556

H          x = -3.053140  y = -6.306480  z = -0.088250 angstrom
           Maximum rank =  1   Radius =  0.350 angstrom
                   Q00  =   0.047098
|Q1| =   0.113528  Q10  =  -0.083702  Q11c =   0.074886  Q11s =  -0.016572

C          x = -4.768140  y = -0.552430  z = -1.816640 angstrom
           Maximum rank =  2   Radius =  0.650 angstrom
                   Q00  =   0.060738
|Q1| =   0.100785  Q10  =  -0.018247  Q11c =   0.016531  Q11s =   0.097731
|Q2| =   1.202317  Q20  =  -0.658188  Q21c =  -0.206647  Q21s =  -0.343973
                   Q22c =  -0.411854  Q22s =   0.825658

C          x =  7.561160  y = -4.562690  z =  1.468890 angstrom
           Maximum rank =  2   Radius =  0.650 angstrom
                   Q00  =  -0.078530
|Q1| =   0.121958  Q10  =  -0.089085  Q11c =  -0.064998  Q11s =  -0.052087
|Q2| =   1.149662  Q20  =   0.332315  Q21c =  -0.086853  Q21s =   0.714091
                   Q22c =   0.729063  Q22s =   0.402847

C          x = -1.709360  y = -0.427490  z = -2.092340 angstrom
           Maximum rank =  2   Radius =  0.650 angstrom
                   Q00  =  -0.066577
|Q1| =   0.064322  Q10  =  -0.012250  Q11c =   0.030045  Q11s =   0.055539
|Q2| =   1.340888  Q20  =  -1.249594  Q21c =  -0.172399  Q21s =  -0.411977
                   Q22c =  -0.191731  Q22s =   0.017015

C          x =  6.105000  y = -6.574080  z = -5.428020 angstrom
           Maximum rank =  2   Radius =  0.650 angstrom
                   Q00  =  -0.033043
|Q1| =   0.074847  Q10  =   0.049751  Q11c =  -0.007072  Q11s =   0.055469
|Q2| =   1.404725  Q20  =   0.613653  Q21c =  -0.468286  Q21s =   0.153154
                   Q22c =  -1.150008  Q22s =   0.177250

H          x =  6.198860  y = -7.310910  z = -6.218410 angstrom
           Maximum rank =  1   Radius =  0.350 angstrom
                   Q00  =   0.045161
|Q1| =   0.117283  Q10  =   0.086805  Q11c =  -0.010587  Q11s =   0.078155

C          x =  0.073330  y =  3.812000  z = -2.955030 angstrom
           Maximum rank =  2   Radius =  0.650 angstrom
                   Q00  =   0.174882
|Q1| =   0.153880  Q10  =  -0.028698  Q11c =   0.062226  Q11s =   0.137780
|Q2| =   1.055861  Q20  =  -0.992422  Q21c =  -0.157393  Q21s =  -0.313413
                   Q22c =  -0.034375  Q22s =   0.075894

C          x =  0.466470  y =  2.505830  z = -2.766900 angstrom
           Maximum rank =  2   Radius =  0.650 angstrom
                   Q00  =   0.023321
|Q1| =   0.066804  Q10  =   0.001879  Q11c =  -0.064130  Q11s =   0.018618
|Q2| =   1.376870  Q20  =  -1.307064  Q21c =  -0.188118  Q21s =  -0.381719
                   Q22c =   0.054190  Q22s =  -0.057642

H          x =  1.510670  y =  2.223730  z = -2.805330 angstrom
           Maximum rank =  1   Radius =  0.350 angstrom
                   Q00  =   0.098713
|Q1| =   0.085015  Q10  =   0.005592  Q11c =  -0.084497  Q11s =   0.007524

C          x =  7.417710  y = -5.526540  z = -0.746700 angstrom
           Maximum rank =  2   Radius =  0.650 angstrom
                   Q00  =  -0.051339
|Q1| =   0.103838  Q10  =   0.043022  Q11c =  -0.093946  Q11s =   0.010269
|Q2| =   1.487289  Q20  =   0.563049  Q21c =  -0.190814  Q21s =   0.838719
                   Q22c =   0.954207  Q22s =   0.494604

H          x =  7.909480  y = -5.788450  z = -1.675640 angstrom
           Maximum rank =  1   Radius =  0.350 angstrom
                   Q00  =   0.074258
|Q1| =   0.106290  Q10  =   0.058583  Q11c =  -0.087100  Q11s =   0.016711

C          x =  6.278720  y = -5.228870  z = -5.723880 angstrom
           Maximum rank =  2   Radius =  0.650 angstrom
                   Q00  =  -0.077934
|Q1| =   0.121388  Q10  =   0.112103  Q11c =  -0.028639  Q11s =  -0.036712
|Q2| =   1.147697  Q20  =   0.559071  Q21c =  -0.412640  Q21s =  -0.018189
                   Q22c =  -0.898595  Q22s =   0.163013

C          x =  6.202610  y = -4.813480  z =  1.621750 angstrom
           Maximum rank =  2   Radius =  0.650 angstrom
                   Q00  =  -0.032739
|Q1| =   0.075223  Q10  =  -0.062639  Q11c =   0.039666  Q11s =  -0.012707
|Q2| =   1.403639  Q20  =   0.443091  Q21c =  -0.282107  Q21s =   0.850998
                   Q22c =   0.894635  Q22s =   0.411967

H          x =  5.710280  y = -4.539720  z =  2.548740 angstrom
           Maximum rank =  1   Radius =  0.350 angstrom
                   Q00  =   0.046146
|Q1| =   0.116852  Q10  =  -0.100135  Q11c =   0.052580  Q11s =  -0.029372

C          x = -1.879290  y =  1.907000  z = -2.472250 angstrom
           Maximum rank =  2   Radius =  0.650 angstrom
                   Q00  =  -0.021900
|Q1| =   0.075739  Q10  =   0.001895  Q11c =   0.062184  Q11s =  -0.043197
|Q2| =   1.248471  Q20  =  -1.169008  Q21c =  -0.156386  Q21s =  -0.378606
                   Q22c =  -0.153579  Q22s =  -0.026703

C          x = -2.666520  y =  0.676000  z = -2.199260 angstrom
           Maximum rank =  2   Radius =  0.650 angstrom
                   Q00  =   0.032652
|Q1| =   0.044234  Q10  =  -0.006871  Q11c =   0.038807  Q11s =   0.020087
|Q2| =   1.162249  Q20  =  -1.074941  Q21c =  -0.181846  Q21s =  -0.273599
                   Q22c =   0.295319  Q22s =  -0.013689

C          x =  8.357810  y = -3.887410  z =  2.552300 angstrom
           Maximum rank =  2   Radius =  0.650 angstrom
                   Q00  =   0.023040
|Q1| =   0.022653  Q10  =  -0.012278  Q11c =  -0.012085  Q11s =  -0.014709
|Q2| =   0.104207  Q20  =   0.040249  Q21c =   0.065580  Q21s =   0.055968
                   Q22c =   0.026056  Q22s =   0.033572

H          x =  7.914150  y = -4.055640  z =  3.534680 angstrom
           Maximum rank =  1   Radius =  0.350 angstrom
                   Q00  =   0.024859
|Q1| =   0.125301  Q10  =  -0.124398  Q11c =   0.013472  Q11s =  -0.006626

H          x =  9.385290  y = -4.254500  z =  2.577150 angstrom
           Maximum rank =  1   Radius =  0.350 angstrom
                   Q00  =   0.025440
|Q1| =   0.125351  Q10  =  -0.038364  Q11c =  -0.118824  Q11s =   0.011045

C          x =  8.155000  y = -4.934530  z =  0.265710 angstrom
           Maximum rank =  2   Radius =  0.650 angstrom
                   Q00  =  -0.033762
|Q1| =   0.076914  Q10  =   0.016167  Q11c =  -0.075178  Q11s =  -0.001642
|Q2| =   1.412646  Q20  =   0.306546  Q21c =  -0.218743  Q21s =   0.796354
                   Q22c =   0.988373  Q22s =   0.492637

H          x =  9.214480  y = -4.755560  z =  0.115840 angstrom
           Maximum rank =  1   Radius =  0.350 angstrom
                   Q00  =   0.046290
|Q1| =   0.117165  Q10  =   0.017528  Q11c =  -0.114251  Q11s =  -0.019158

C          x =  6.621850  y = -4.767660  z = -7.114530 angstrom
           Maximum rank =  2   Radius =  0.650 angstrom
                   Q00  =   0.023206
|Q1| =   0.023320  Q10  =   0.016815  Q11c =  -0.010546  Q11s =  -0.012242
|Q2| =   0.103679  Q20  =   0.089673  Q21c =  -0.029881  Q21s =  -0.038957
                   Q22c =  -0.016949  Q22s =   0.003211

H          x =  6.035210  y = -3.891220  z = -7.397240 angstrom
           Maximum rank =  1   Radius =  0.350 angstrom
                   Q00  =   0.028158
|Q1| =   0.123942  Q10  =   0.071529  Q11c =   0.041088  Q11s =  -0.092504

H          x =  6.434270  y = -5.551080  z = -7.849800 angstrom
           Maximum rank =  1   Radius =  0.350 angstrom
                   Q00  =   0.024026
|Q1| =   0.125099  Q10  =   0.111911  Q11c =   0.005782  Q11s =   0.055609

C          x = -1.274120  y =  4.161530  z = -2.902800 angstrom
           Maximum rank =  2   Radius =  0.650 angstrom
                   Q00  =   0.177741
|Q1| =   0.158464  Q10  =  -0.027050  Q11c =   0.004689  Q11s =   0.156067
|Q2| =   1.051255  Q20  =  -0.992636  Q21c =  -0.136899  Q21s =  -0.309722
                   Q22c =  -0.065707  Q22s =  -0.028688

C          x = -2.264810  y =  3.231570  z = -2.664010 angstrom
           Maximum rank =  2   Radius =  0.650 angstrom
                   Q00  =   0.007408
|Q1| =   0.071952  Q10  =  -0.006382  Q11c =   0.071666  Q11s =   0.000500
|Q2| =   1.432685  Q20  =  -1.359927  Q21c =  -0.194665  Q21s =  -0.394338
                   Q22c =   0.067754  Q22s =  -0.072100

H          x = -3.287410  y =  3.575470  z = -2.637640 angstrom
           Maximum rank =  1   Radius =  0.350 angstrom
                   Q00  =   0.111703
|Q1| =   0.062834  Q10  =   0.002798  Q11c =   0.048147  Q11s =  -0.040275

C          x = -4.027420  y =  0.637730  z = -2.079640 angstrom
           Maximum rank =  2   Radius =  0.650 angstrom
                   Q00  =  -0.020864
|Q1| =   0.023820  Q10  =   0.001562  Q11c =  -0.023751  Q11s =   0.000902
|Q2| =   1.310415  Q20  =  -1.239991  Q21c =  -0.193742  Q21s =  -0.352081
                   Q22c =   0.133858  Q22s =  -0.013929

N          x = -5.544150  y =  2.707130  z = -2.303080 angstrom
           Maximum rank =  2   Radius =  0.650 angstrom
                   Q00  =  -0.223097
|Q1| =   0.561515  Q10  =   0.051808  Q11c =   0.313150  Q11s =  -0.463198
|Q2| =   0.620600  Q20  =  -0.339780  Q21c =   0.042949  Q21s =  -0.073777
                   Q22c =  -0.086801  Q22s =  -0.504849

C          x = -4.853870  y =  1.793240  z = -2.206130 angstrom
           Maximum rank =  2   Radius =  0.650 angstrom
                   Q00  =   0.058370
|Q1| =   0.106019  Q10  =   0.014218  Q11c =   0.029485  Q11s =  -0.100839
|Q2| =   1.209452  Q20  =  -0.699286  Q21c =   0.076978  Q21s =  -0.178624
                   Q22c =  -0.278268  Q22s =  -0.926557

S          x =  9.057050  y =-11.364540  z = -1.167400 angstrom
           Maximum rank =  2   Radius =  0.650 angstrom
                   Q00  =   0.783045
|Q1| =   1.011618  Q10  =   0.185686  Q11c =  -0.692805  Q11s =  -0.713381
|Q2| =   2.417152  Q20  =  -2.124655  Q21c =  -0.194940  Q21s =  -0.508225
                   Q22c =   0.361487  Q22s =  -0.949473

F          x =  9.530910  y =-23.529110  z =  0.847670 angstrom
           Maximum rank =  2   Radius =  0.650 angstrom
                   Q00  =  -0.205830
|Q1| =   0.223388  Q10  =  -0.037356  Q11c =   0.173716  Q11s =   0.135387
|Q2| =   0.699310  Q20  =  -0.275441  Q21c =  -0.144549  Q21s =  -0.138656
                   Q22c =  -0.010367  Q22s =   0.610687

N          x = 15.884140  y =-17.260490  z = -0.737370 angstrom
           Maximum rank =  2   Radius =  0.650 angstrom
                   Q00  =  -0.232926
|Q1| =   0.572539  Q10  =   0.105635  Q11c =  -0.273075  Q11s =  -0.492009
|Q2| =   0.621835  Q20  =  -0.303838  Q21c =  -0.119302  Q21s =  -0.157399
                   Q22c =  -0.125491  Q22s =   0.489496

S          x =  9.987070  y =-15.630210  z = -0.521880 angstrom
           Maximum rank =  2   Radius =  0.650 angstrom
                   Q00  =   0.804052
|Q1| =   0.919771  Q10  =  -0.141390  Q11c =   0.783469  Q11s =   0.460614
|Q2| =   2.457421  Q20  =  -2.168912  Q21c =  -0.159599  Q21s =  -0.699008
                   Q22c =  -0.603446  Q22s =  -0.675653

F          x = 12.099350  y =-24.200520  z =  0.749040 angstrom
           Maximum rank =  2   Radius =  0.650 angstrom
                   Q00  =  -0.204284
|Q1| =   0.222933  Q10  =  -0.027776  Q11c =  -0.083952  Q11s =   0.204645
|Q2| =   0.696265  Q20  =  -0.291774  Q21c =   0.052192  Q21s =  -0.152494
                   Q22c =  -0.527435  Q22s =  -0.309009

C          x =  7.648710  y =-13.491220  z = -0.677380 angstrom
           Maximum rank =  2   Radius =  0.650 angstrom
                   Q00  =  -0.047236
|Q1| =   0.102237  Q10  =   0.012174  Q11c =   0.009663  Q11s =   0.101049
|Q2| =   1.484887  Q20  =  -1.386680  Q21c =  -0.240547  Q21s =  -0.466901
                   Q22c =  -0.040125  Q22s =  -0.067349

H          x =  7.372650  y =-14.515520  z = -0.467760 angstrom
           Maximum rank =  1   Radius =  0.350 angstrom
                   Q00  =   0.087346
|Q1| =   0.093753  Q10  =  -0.014272  Q11c =   0.015666  Q11s =   0.091327

C          x =  6.524300  y = -8.798180  z = -1.395910 angstrom
           Maximum rank =  2   Radius =  0.650 angstrom
                   Q00  =  -0.018161
|Q1| =   0.106679  Q10  =   0.046243  Q11c =  -0.089567  Q11s =  -0.034925
|Q2| =   1.454100  Q20  =  -1.380797  Q21c =  -0.198703  Q21s =  -0.409109
                   Q22c =  -0.006050  Q22s =  -0.030237

H          x =  7.502630  y = -8.363590  z = -1.561950 angstrom
           Maximum rank =  1   Radius =  0.350 angstrom
                   Q00  =   0.082891
|Q1| =   0.103231  Q10  =   0.017983  Q11c =  -0.099399  Q11s =  -0.021284

C          x =  4.652290  y =-14.027200  z =  1.052370 angstrom
           Maximum rank =  2   Radius =  0.650 angstrom
                   Q00  =  -0.048929
|Q1| =   0.102154  Q10  =   0.014345  Q11c =   0.003430  Q11s =   0.101084
|Q2| =   1.475872  Q20  =   0.751907  Q21c =  -0.433802  Q21s =   0.092816
                   Q22c =  -1.167140  Q22s =   0.231989

H          x =  4.741930  y =-14.764140  z =  0.263120 angstrom
           Maximum rank =  1   Radius =  0.350 angstrom
                   Q00  =   0.074412
|Q1| =   0.105737  Q10  =   0.037105  Q11c =  -0.009541  Q11s =   0.098552

O          x = 11.751470  y =-12.265240  z = -1.236120 angstrom
           Maximum rank =  2   Radius =  0.650 angstrom
                   Q00  =  -0.392163
|Q1| =   0.519089  Q10  =   0.047121  Q11c =   0.302266  Q11s =  -0.419366
|Q2| =   1.135613  Q20  =  -0.650053  Q21c =  -0.230899  Q21s =  -0.284641
                   Q22c =  -0.067230  Q22s =   0.853343

C          x =  4.691000  y =-11.761610  z =  1.795870 angstrom
           Maximum rank =  2   Radius =  0.650 angstrom
                   Q00  =  -0.034708
|Q1| =   0.097399  Q10  =  -0.045222  Q11c =   0.022849  Q11s =  -0.083183
|Q2| =   1.471891  Q20  =   0.597304  Q21c =  -0.495495  Q21s =  -0.092727
                   Q22c =  -1.226175  Q22s =   0.228198

H          x =  4.826890  y =-10.704550  z =  1.608490 angstrom
           Maximum rank =  1   Radius =  0.350 angstrom
                   Q00  =   0.077111
|Q1| =   0.098395  Q10  =  -0.042878  Q11c =  -0.006306  Q11s =  -0.088336

C          x =  5.235060  y =-12.251140  z = -0.659820 angstrom
           Maximum rank =  2   Radius =  0.650 angstrom
                   Q00  =  -0.009593
|Q1| =   0.059917  Q10  =  -0.011331  Q11c =   0.046832  Q11s =   0.035614
|Q2| =   0.189129  Q20  =   0.019282  Q21c =   0.034789  Q21s =  -0.077238
                   Q22c =   0.025868  Q22s =   0.165991

O          x =  9.805080  y =-18.291290  z = -0.060190 angstrom
           Maximum rank =  2   Radius =  0.650 angstrom
                   Q00  =  -0.417016
|Q1| =   0.558071  Q10  =   0.022182  Q11c =   0.437641  Q11s =  -0.345575
|Q2| =   0.975437  Q20  =  -0.169858  Q21c =   0.041326  Q21s =   0.122363
                   Q22c =   0.655754  Q22s =  -0.689877

C          x =  5.039820  y =-13.352490  z = -2.953750 angstrom
           Maximum rank =  2   Radius =  0.650 angstrom
                   Q00  =  -0.033531
|Q1| =   0.097250  Q10  =   0.067322  Q11c =  -0.065858  Q11s =   0.024250
|Q2| =   1.455515  Q20  =   0.321113  Q21c =  -0.111059  Q21s =   0.845365
                   Q22c =   1.015071  Q22s =   0.508002

H          x =  6.095110  y =-13.167980  z = -3.110630 angstrom
           Maximum rank =  1   Radius =  0.350 angstrom
                   Q00  =   0.077222
|Q1| =   0.100386  Q10  =   0.065301  Q11c =  -0.076163  Q11s =   0.003516

C          x =  6.380250  y =-10.158170  z = -1.135840 angstrom
           Maximum rank =  2   Radius =  0.650 angstrom
                   Q00  =  -0.025717
|Q1| =   0.119018  Q10  =   0.017028  Q11c =  -0.100771  Q11s =  -0.060996
|Q2| =   1.285219  Q20  =  -1.172241  Q21c =  -0.153802  Q21s =  -0.410373
                   Q22c =  -0.276447  Q22s =  -0.095690

C          x = 12.336420  y =-14.628060  z = -0.884760 angstrom
           Maximum rank =  2   Radius =  0.650 angstrom
                   Q00  =  -0.065811
|Q1| =   0.096510  Q10  =   0.009324  Q11c =  -0.095689  Q11s =  -0.008412
|Q2| =   1.532070  Q20  =  -1.452143  Q21c =  -0.201120  Q21s =  -0.408518
                   Q22c =   0.112437  Q22s =  -0.136159

H          x = 13.409580  y =-14.551710  z = -0.985820 angstrom
           Maximum rank =  1   Radius =  0.350 angstrom
                   Q00  =   0.073896
|Q1| =   0.098742  Q10  =   0.010764  Q11c =  -0.096776  Q11s =  -0.016387

C          x =  5.382780  y = -8.023850  z = -1.434680 angstrom
           Maximum rank =  2   Radius =  0.650 angstrom
                   Q00  =  -0.041328
|Q1| =   0.087014  Q10  =   0.047399  Q11c =  -0.071383  Q11s =   0.015146
|Q2| =   1.247533  Q20  =  -1.173678  Q21c =  -0.149147  Q21s =  -0.351411
                   Q22c =  -0.042591  Q22s =  -0.176837

C          x = 10.122420  y =-13.934340  z = -0.818490 angstrom
           Maximum rank =  2   Radius =  0.650 angstrom
                   Q00  =  -0.336102
|Q1| =   0.491993  Q10  =  -0.087221  Q11c =   0.138387  Q11s =   0.464003
|Q2| =   1.461057  Q20  =  -1.211401  Q21c =  -0.170739  Q21s =  -0.219406
                   Q22c =   0.659138  Q22s =  -0.394259

C          x =  6.742020  y =-12.425400  z = -0.788720 angstrom
           Maximum rank =  2   Radius =  0.650 angstrom
                   Q00  =  -0.071773
|Q1| =   0.110060  Q10  =   0.037851  Q11c =  -0.025806  Q11s =   0.100073
|Q2| =   1.251046  Q20  =  -1.159841  Q21c =  -0.192950  Q21s =  -0.329421
                   Q22c =   0.169505  Q22s =  -0.213087

C          x =  4.819630  y =-12.673690  z =  0.756150 angstrom
           Maximum rank =  2   Radius =  0.650 angstrom
                   Q00  =  -0.060523
|Q1| =   0.078370  Q10  =  -0.003847  Q11c =   0.077746  Q11s =  -0.009087
|Q2| =   1.288511  Q20  =   0.641768  Q21c =  -0.549264  Q21s =  -0.018090
                   Q22c =  -0.944389  Q22s =   0.233461

C          x =  7.353550  y =-11.229150  z = -1.045970 angstrom
           Maximum rank =  2   Radius =  0.650 angstrom
                   Q00  =  -0.338162
|Q1| =   0.610780  Q10  =   0.087118  Q11c =  -0.594190  Q11s =  -0.111361
|Q2| =   1.361607  Q20  =  -1.179384  Q21c =  -0.095470  Q21s =  -0.401146
                   Q22c =  -0.386811  Q22s =  -0.378646

C          x =  4.445920  y =-12.987720  z = -1.750330 angstrom
           Maximum rank =  2   Radius =  0.650 angstrom
                   Q00  =  -0.059703
|Q1| =   0.068092  Q10  =  -0.012584  Q11c =  -0.003475  Q11s =   0.066829
|Q2| =   1.281497  Q20  =   0.343054  Q21c =  -0.083007  Q21s =   0.836060
                   Q22c =   0.742960  Q22s =   0.516403

C          x = 11.450080  y =-13.557690  z = -0.992200 angstrom
           Maximum rank =  2   Radius =  0.650 angstrom
                   Q00  =   0.077696
|Q1| =   0.126258  Q10  =  -0.018104  Q11c =  -0.028129  Q11s =   0.121745
|Q2| =   1.138882  Q20  =  -1.062908  Q21c =  -0.148954  Q21s =  -0.349755
                   Q22c =  -0.150414  Q22s =   0.011853

C          x =  8.956190  y =-13.093450  z = -0.861780 angstrom
           Maximum rank =  2   Radius =  0.650 angstrom
                   Q00  =  -0.304294
|Q1| =   0.415953  Q10  =   0.082492  Q11c =  -0.087466  Q11s =  -0.398199
|Q2| =   1.488155  Q20  =  -1.184581  Q21c =  -0.177472  Q21s =  -0.197904
                   Q22c =   0.741618  Q22s =  -0.436709

C          x = 11.714940  y =-15.846150  z = -0.628030 angstrom
           Maximum rank =  2   Radius =  0.650 angstrom
                   Q00  =  -0.313123
|Q1| =   0.435945  Q10  =  -0.039076  Q11c =   0.433677  Q11s =   0.021109
|Q2| =   1.415941  Q20  =  -1.147109  Q21c =  -0.075556  Q21s =  -0.438025
                   Q22c =  -0.655281  Q22s =  -0.249122

C          x = 11.027480  y =-20.337470  z =  0.185400 angstrom
           Maximum rank =  2   Radius =  0.650 angstrom
                   Q00  =  -0.041083
|Q1| =   0.066803  Q10  =  -0.007590  Q11c =   0.065407  Q11s =   0.011264
|Q2| =   1.238803  Q20  =  -1.159160  Q21c =  -0.188856  Q21s =  -0.370847
                   Q22c =  -0.049740  Q22s =   0.123737

C          x = 12.497790  y =-17.019980  z = -0.494880 angstrom
           Maximum rank =  2   Radius =  0.650 angstrom
                   Q00  =   0.021399
|Q1| =   0.021493  Q10  =   0.001301  Q11c =   0.014910  Q11s =  -0.015425
|Q2| =   1.371249  Q20  =  -1.287747  Q21c =  -0.167031  Q21s =  -0.408734
                   Q22c =  -0.149934  Q22s =  -0.067735

H          x = 13.544960  y =-16.781330  z = -0.621180 angstrom
           Maximum rank =  1   Radius =  0.350 angstrom
                   Q00  =   0.092215
|Q1| =   0.071632  Q10  =   0.011912  Q11c =  -0.054629  Q11s =  -0.044775

C          x =  4.360060  y =-14.446140  z =  2.338090 angstrom
           Maximum rank =  2   Radius =  0.650 angstrom
                   Q00  =  -0.032798
|Q1| =   0.075561  Q10  =  -0.004589  Q11c =   0.003980  Q11s =   0.075317
|Q2| =   1.413368  Q20  =   0.528824  Q21c =  -0.470642  Q21s =  -0.010449
                   Q22c =  -1.203420  Q22s =   0.219366

H          x =  4.236870  y =-15.505670  z =  2.536410 angstrom
           Maximum rank =  1   Radius =  0.350 angstrom
                   Q00  =   0.048421
|Q1| =   0.115535  Q10  =  -0.019388  Q11c =   0.014249  Q11s =   0.113002

C          x = 10.859520  y =-18.886810  z = -0.045880 angstrom
           Maximum rank =  2   Radius =  0.650 angstrom
                   Q00  =   0.192541
|Q1| =   0.029458  Q10  =  -0.000379  Q11c =  -0.026021  Q11s =   0.013804
|Q2| =   0.764655  Q20  =  -0.693727  Q21c =  -0.069397  Q21s =  -0.171132
                   Q22c =   0.104922  Q22s =  -0.241517

C          x = 13.119050  y =-11.928770  z = -1.399100 angstrom
           Maximum rank =  2   Radius =  0.650 angstrom
                   Q00  =   0.170403
|Q1| =   0.143259  Q10  =   0.008883  Q11c =  -0.142376  Q11s =   0.013167
|Q2| =   0.144926  Q20  =  -0.079880  Q21c =  -0.033062  Q21s =  -0.027267
                   Q22c =   0.036074  Q22s =   0.107168

H          x = 13.690440  y =-12.158230  z = -0.495170 angstrom
           Maximum rank =  1   Radius =  0.350 angstrom
                   Q00  =   0.047512
|Q1| =   0.113315  Q10  =  -0.071921  Q11c =  -0.087041  Q11s =  -0.009573

H          x = 13.553830  y =-12.454310  z = -2.254120 angstrom
           Maximum rank =  1   Radius =  0.350 angstrom
                   Q00  =   0.047448
|Q1| =   0.113231  Q10  =   0.083399  Q11c =  -0.074788  Q11s =   0.016506

C          x = 15.268770  y =-18.208470  z = -0.525790 angstrom
           Maximum rank =  2   Radius =  0.650 angstrom
                   Q00  =   0.060640
|Q1| =   0.100724  Q10  =   0.017590  Q11c =  -0.016601  Q11s =  -0.097777
|Q2| =   1.202540  Q20  =  -0.658443  Q21c =  -0.206603  Q21s =  -0.343920
                   Q22c =  -0.411748  Q22s =   0.825865

C          x =  2.939440  y =-14.198180  z = -3.811530 angstrom
           Maximum rank =  2   Radius =  0.650 angstrom
                   Q00  =  -0.078168
|Q1| =   0.121950  Q10  =   0.088923  Q11c =   0.065030  Q11s =   0.052304
|Q2| =   1.148506  Q20  =   0.332078  Q21c =  -0.087012  Q21s =   0.713361
                   Q22c =   0.728425  Q22s =   0.402159

C          x = 12.209940  y =-18.333380  z = -0.250230 angstrom
           Maximum rank =  2   Radius =  0.650 angstrom
                   Q00  =  -0.066589
|Q1| =   0.064103  Q10  =   0.011642  Q11c =  -0.030073  Q11s =  -0.055401
|Q2| =   1.341086  Q20  =  -1.249796  Q21c =  -0.172417  Q21s =  -0.412060
                   Q22c =  -0.191596  Q22s =   0.017084

C          x =  4.395540  y =-12.186770  z =  3.085380 angstrom
           Maximum rank =  2   Radius =  0.650 angstrom
                   Q00  =  -0.033373
|Q1| =   0.075014  Q10  =  -0.049995  Q11c =   0.006996  Q11s =  -0.055487
|Q2| =   1.405997  Q20  =   0.613899  Q21c =  -0.468736  Q21s =   0.153248
                   Q22c =  -1.151225  Q22s =   0.177311

H          x =  4.301640  y =-11.449930  z =  3.875760 angstrom
           Maximum rank =  1   Radius =  0.350 angstrom
                   Q00  =   0.044736
|Q1| =   0.117656  Q10  =  -0.087144  Q11c =   0.010619  Q11s =  -0.078333

C          x = 10.427210  y =-22.572880  z =  0.612280 angstrom
           Maximum rank =  2   Radius =  0.650 angstrom
                   Q00  =   0.174632
|Q1| =   0.153855  Q10  =   0.028096  Q11c =  -0.062296  Q11s =  -0.137844
|Q2| =   1.056593  Q20  =  -0.993128  Q21c =  -0.157388  Q21s =  -0.313606
                   Q22c =  -0.034384  Q22s =   0.076047

C          x = 10.034080  y =-21.266710  z =  0.424180 angstrom
           Maximum rank =  2   Radius =  0.650 angstrom
                   Q00  =   0.023189
|Q1| =   0.066842  Q10  =  -0.002544  Q11c =   0.064116  Q11s =  -0.018725
|Q2| =   1.377361  Q20  =  -1.307596  Q21c =  -0.187747  Q21s =  -0.381844
                   Q22c =   0.054181  Q22s =  -0.057685

H          x =  8.989880  y =-20.984610  z =  0.462580 angstrom
           Maximum rank =  1   Radius =  0.350 angstrom
                   Q00  =   0.098605
|Q1| =   0.085104  Q10  =  -0.005716  Q11c =   0.084577  Q11s =  -0.007534

C          x =  3.082860  y =-13.234260  z = -1.595970 angstrom
           Maximum rank =  2   Radius =  0.650 angstrom
                   Q00  =  -0.051651
|Q1| =   0.103920  Q10  =  -0.043240  Q11c =   0.093952  Q11s =  -0.010128
|Q2| =   1.488222  Q20  =   0.563416  Q21c =  -0.190921  Q21s =   0.839367
                   Q22c =   0.954843  Q22s =   0.494627

H          x =  2.591070  y =-12.972290  z = -0.667060 angstrom
           Maximum rank =  1   Radius =  0.350 angstrom
                   Q00  =   0.073916
|Q1| =   0.106517  Q10  =  -0.058799  Q11c =   0.087224  Q11s =  -0.016747

C          x =  4.221860  y =-13.531980  z =  3.381260 angstrom
           Maximum rank =  2   Radius =  0.650 angstrom
                   Q00  =  -0.078410
|Q1| =   0.121391  Q10  =  -0.112161  Q11c =   0.028495  Q11s =   0.036655
|Q2| =   1.149221  Q20  =   0.559976  Q21c =  -0.413335  Q21s =  -0.018538
                   Q22c =  -0.899613  Q22s =   0.163231

C          x =  4.298010  y =-13.947460  z = -3.964350 angstrom
           Maximum rank =  2   Radius =  0.650 angstrom
                   Q00  =  -0.032370
|Q1| =   0.075029  Q10  =   0.062373  Q11c =  -0.039674  Q11s =   0.012841
|Q2| =   1.402235  Q20  =   0.442765  Q21c =  -0.281731  Q21s =   0.850203
                   Q22c =   0.893711  Q22s =   0.411443

H          x =  4.790360  y =-14.221290  z = -4.891310 angstrom
           Maximum rank =  1   Radius =  0.350 angstrom
                   Q00  =   0.046609
|Q1| =   0.116445  Q10  =   0.099752  Q11c =  -0.052447  Q11s =   0.029298

C          x = 12.379840  y =-20.667880  z =  0.129630 angstrom
           Maximum rank =  2   Radius =  0.650 angstrom
                   Q00  =  -0.021826
|Q1| =   0.075749  Q10  =  -0.002432  Q11c =  -0.062235  Q11s =   0.043114
|Q2| =   1.248316  Q20  =  -1.168902  Q21c =  -0.156363  Q21s =  -0.378440
                   Q22c =  -0.153543  Q22s =  -0.026816

C          x = 13.167100  y =-19.436870  z = -0.143300 angstrom
           Maximum rank =  2   Radius =  0.650 angstrom
                   Q00  =   0.032351
|Q1| =   0.044102  Q10  =   0.006351  Q11c =  -0.038671  Q11s =  -0.020230
|Q2| =   1.163107  Q20  =  -1.075809  Q21c =  -0.181917  Q21s =  -0.273848
                   Q22c =   0.295265  Q22s =  -0.013589

C          x =  2.142770  y =-14.873450  z = -4.894940 angstrom
           Maximum rank =  2   Radius =  0.650 angstrom
                   Q00  =   0.023066
|Q1| =   0.022471  Q10  =   0.011978  Q11c =   0.012082  Q11s =   0.014681
|Q2| =   0.105044  Q20  =   0.040387  Q21c =   0.066354  Q21s =   0.056580
                   Q22c =   0.025859  Q22s =   0.033622

H          x =  2.587030  y =-14.706120  z = -5.877200 angstrom
           Maximum rank =  1   Radius =  0.350 angstrom
                   Q00  =   0.025350
|Q1| =   0.124831  Q10  =   0.123920  Q11c =  -0.013475  Q11s =   0.006693

H          x =  1.115600  y =-14.505550  z = -4.920470 angstrom
           Maximum rank =  1   Radius =  0.350 angstrom
                   Q00  =   0.025612
|Q1| =   0.125159  Q10  =   0.038236  Q11c =   0.118656  Q11s =  -0.011110

C          x =  2.345580  y =-13.826270  z = -2.608380 angstrom
           Maximum rank =  2   Radius =  0.650 angstrom
                   Q00  =  -0.033778
|Q1| =   0.076921  Q10  =  -0.016433  Q11c =   0.075124  Q11s =   0.001791
|Q2| =   1.412657  Q20  =   0.306386  Q21c =  -0.218223  Q21s =   0.796503
                   Q22c =   0.988460  Q22s =   0.492581

H          x =  1.286080  y =-14.005190  z = -2.458540 angstrom
           Maximum rank =  1   Radius =  0.350 angstrom
                   Q00  =   0.046268
|Q1| =   0.117194  Q10  =  -0.017668  Q11c =   0.114261  Q11s =   0.019147

C          x =  3.878740  y =-13.993180  z =  4.771910 angstrom
           Maximum rank =  2   Radius =  0.650 angstrom
                   Q00  =   0.023174
|Q1| =   0.023576  Q10  =  -0.017136  Q11c =   0.010567  Q11s =   0.012270
|Q2| =   0.102526  Q20  =   0.088751  Q21c =  -0.029440  Q21s =  -0.038288
                   Q22c =  -0.017101  Q22s =   0.003113

H          x =  4.465540  y =-14.869490  z =  5.054700 angstrom
           Maximum rank =  1   Radius =  0.350 angstrom
                   Q00  =   0.027845
|Q1| =   0.124268  Q10  =  -0.071823  Q11c =  -0.041173  Q11s =   0.092676

H          x =  4.066120  y =-13.209690  z =  5.507160 angstrom
           Maximum rank =  1   Radius =  0.350 angstrom
                   Q00  =   0.023562
|Q1| =   0.125566  Q10  =  -0.112353  Q11c =  -0.005777  Q11s =  -0.055770

C          x = 11.774660  y =-22.922410  z =  0.560090 angstrom
           Maximum rank =  2   Radius =  0.650 angstrom
                   Q00  =   0.177582
|Q1| =   0.158451  Q10  =   0.026445  Q11c =  -0.004693  Q11s =  -0.156158
|Q2| =   1.051761  Q20  =  -0.993121  Q21c =  -0.136961  Q21s =  -0.309832
                   Q22c =  -0.065819  Q22s =  -0.028761

C          x = 12.765360  y =-21.992450  z =  0.321360 angstrom
           Maximum rank =  2   Radius =  0.650 angstrom
                   Q00  =   0.007268
|Q1| =   0.071960  Q10  =   0.005703  Q11c =  -0.071731  Q11s =  -0.000571
|Q2| =   1.433146  Q20  =  -1.360395  Q21c =  -0.194978  Q21s =  -0.394262
                   Q22c =   0.067766  Q22s =  -0.071998

H          x = 13.787960  y =-22.336350  z =  0.295010 angstrom
           Maximum rank =  1   Radius =  0.350 angstrom
                   Q00  =   0.111656
|Q1| =   0.062880  Q10  =  -0.002914  Q11c =  -0.048176  Q11s =   0.040305

C          x = 14.528000  y =-19.398620  z = -0.262860 angstrom
           Maximum rank =  2   Radius =  0.650 angstrom
                   Q00  =  -0.021041
|Q1| =   0.023687  Q10  =  -0.002123  Q11c =   0.023571  Q11s =  -0.000970
|Q2| =   1.311000  Q20  =  -1.240578  Q21c =  -0.193750  Q21s =  -0.352175
                   Q22c =   0.133882  Q22s =  -0.013988

N          x = 16.044650  y =-21.468070  z = -0.039390 angstrom
           Maximum rank =  2   Radius =  0.650 angstrom
                   Q00  =  -0.223487
|Q1| =   0.561762  Q10  =  -0.052557  Q11c =  -0.313263  Q11s =   0.463336
|Q2| =   0.620810  Q20  =  -0.340086  Q21c =   0.042685  Q21s =  -0.073501
                   Q22c =  -0.086862  Q22s =  -0.504952

C          x = 15.354420  y =-20.554150  z = -0.136360 angstrom
           Maximum rank =  2   Radius =  0.650 angstrom
                   Q00  =   0.058343
|Q1| =   0.105971  Q10  =  -0.014888  Q11c =  -0.029462  Q11s =   0.100698
|Q2| =   1.209547  Q20  =  -0.699516  Q21c =   0.076955  Q21s =  -0.178625
                   Q22c =  -0.278317  Q22s =  -0.926495

H          x = -2.645740  y = -7.903220  z = -0.760810 angstrom
           Maximum rank =  1   Radius =  0.350 angstrom
                   Q00  =   0.049860
|Q1| =   0.103726  Q10  =  -0.019108  Q11c =   0.046429  Q11s =   0.090765

H          x =  8.399990  y = -2.806350  z =  2.391140 angstrom
           Maximum rank =  1   Radius =  0.350 angstrom
                   Q00  =   0.031547
|Q1| =   0.123646  Q10  =  -0.021011  Q11c =  -0.029844  Q11s =  -0.118136

H          x =  2.099660  y =-15.954380  z = -4.733180 angstrom
           Maximum rank =  1   Radius =  0.350 angstrom
                   Q00  =   0.031686
|Q1| =   0.123490  Q10  =   0.020779  Q11c =   0.029893  Q11s =   0.118002

H          x = 13.146340  y =-10.857600  z = -1.581530 angstrom
           Maximum rank =  1   Radius =  0.350 angstrom
                   Q00  =   0.049919
|Q1| =   0.103674  Q10  =   0.018951  Q11c =  -0.046417  Q11s =  -0.090744

H          x =  7.677330  y = -4.490710  z = -7.187070 angstrom
           Maximum rank =  1   Radius =  0.350 angstrom
                   Q00  =   0.030485
|Q1| =   0.124200  Q10  =   0.051798  Q11c =  -0.105895  Q11s =  -0.039100

H          x =  2.823310  y =-14.270340  z =  4.844410 angstrom
           Maximum rank =  1   Radius =  0.350 angstrom
                   Q00  =   0.030200
|Q1| =   0.124488  Q10  =  -0.052043  Q11c =   0.106079  Q11s =   0.039194

Total multipoles referred to origin at
           x =   0.000000,  y =    0.000000,  z =    0.000000 angstrom
                   Q00  =  -0.000032
|Q1| =   0.105196  Q10  =  -0.072475  Q11c =  -0.040427  Q11s =   0.064646
|Q2| = 334.485109  Q20  = 160.241246  Q21c = -32.343865  Q21s =  33.423447
                   Q22c =  39.988982  Q22s = 287.124816

CPU time used:     84m 6.300s          Total:     84m 6.300s

Finished at 2:46:41 on 27 Jun 2021  
