                                     G D M A
                                 by Anthony Stone

               Distributed Multipoles from Gaussian wavefunctions

                             version 2.3.3 (e2d289a)
              Compiled with gfortran on 19 March 2021 at 09:53:28

Starting at 00:32:00 on 06 Sep 2021 

s1S0



Using CI density matrix from file sN_my.fchk


                         Distributed Multipole Analysis

Standard DMA for products of primitives with exponent greater than 4.00000
Using 80-point Euler-MacLaurin radial quadrature
Using 590-point Lebedev quadrature
Becke smoothing parameter = 3

Positions and radii in angstrom
Multipole moments in atomic units, ea_0^k for rank k

S          x =  9.669900  y = 15.237920  z =  6.988090 angstrom
           Maximum rank =  2   Radius =  0.650 angstrom
                   Q00  =   0.805746
|Q1| =   0.918477  Q10  =  -0.072419  Q11c =   0.806944  Q11s =  -0.432663
|Q2| =   2.453286  Q20  =  -2.197965  Q21c =   0.035919  Q21s =   0.646394
                   Q22c =  -0.657602  Q22s =   0.579662

S          x =  8.933700  y = 10.929730  z =  6.368710 angstrom
           Maximum rank =  2   Radius =  0.650 angstrom
                   Q00  =   0.780963
|Q1| =   1.013967  Q10  =   0.123320  Q11c =  -0.729952  Q11s =   0.692886
|Q2| =   2.421176  Q20  =  -2.152466  Q21c =   0.059744  Q21s =   0.511929
                   Q22c =   0.291924  Q22s =   0.937082

O          x = 11.595350  y = 11.923360  z =  6.481030 angstrom
           Maximum rank =  2   Radius =  0.650 angstrom
                   Q00  =  -0.393056
|Q1| =   0.519451  Q10  =   0.060359  Q11c =   0.283464  Q11s =   0.431085
|Q2| =   1.136867  Q20  =  -0.684003  Q21c =  -0.137851  Q21s =   0.188327
                   Q22c =   0.004429  Q22s =  -0.877563

O          x =  9.368740  y = 17.894770  z =  7.373630 angstrom
           Maximum rank =  2   Radius =  0.650 angstrom
                   Q00  =  -0.420644
|Q1| =   0.559168  Q10  =   0.046723  Q11c =   0.424063  Q11s =   0.361465
|Q2| =   0.981800  Q20  =  -0.152664  Q21c =   0.099412  Q21s =  -0.060387
                   Q22c =   0.597673  Q22s =   0.754905

C          x =  8.751980  y = 12.658920  z =  6.632700 angstrom
           Maximum rank =  2   Radius =  0.650 angstrom
                   Q00  =  -0.305320
|Q1| =   0.415930  Q10  =   0.068747  Q11c =  -0.106404  Q11s =   0.396169
|Q2| =   1.491907  Q20  =  -1.205466  Q21c =   0.006234  Q21s =   0.202823
                   Q22c =   0.713185  Q22s =   0.472048

C          x =  9.883850  y = 13.541380  z =  6.741070 angstrom
           Maximum rank =  2   Radius =  0.650 angstrom
                   Q00  =  -0.336577
|Q1| =   0.492483  Q10  =  -0.065863  Q11c =   0.160101  Q11s =  -0.461052
|Q2| =   1.463263  Q20  =  -1.230909  Q21c =   0.014621  Q21s =   0.214775
                   Q22c =   0.633694  Q22s =   0.422008

C          x =  4.527040  y = 12.120090  z =  7.961390 angstrom
           Maximum rank =  2   Radius =  0.650 angstrom
                   Q00  =  -0.060373
|Q1| =   0.078372  Q10  =   0.001412  Q11c =   0.077465  Q11s =   0.011809
|Q2| =   1.287519  Q20  =   0.564804  Q21c =  -0.684209  Q21s =  -0.020147
                   Q22c =  -0.880742  Q22s =  -0.307321

C          x =  4.354280  y = 11.222860  z =  9.007480 angstrom
           Maximum rank =  2   Radius =  0.650 angstrom
                   Q00  =  -0.034771
|Q1| =   0.097540  Q10  =  -0.045152  Q11c =   0.023555  Q11s =   0.083189
|Q2| =   1.472390  Q20  =   0.523633  Q21c =  -0.649238  Q21s =   0.048999
                   Q22c =  -1.167633  Q22s =  -0.326287

H          x =  4.538470  y = 10.168010  z =  8.851590 angstrom
           Maximum rank =  1   Radius =  0.350 angstrom
                   Q00  =   0.077087
|Q1| =   0.098465  Q10  =  -0.045070  Q11c =  -0.006139  Q11s =   0.087329

C          x = 11.231410  y = 13.209120  z =  6.673150 angstrom
           Maximum rank =  2   Radius =  0.650 angstrom
                   Q00  =   0.076578
|Q1| =   0.126114  Q10  =  -0.017125  Q11c =  -0.022341  Q11s =  -0.122933
|Q2| =   1.141834  Q20  =  -1.089659  Q21c =  -0.034421  Q21s =   0.301833
                   Q22c =  -0.147251  Q22s =  -0.049571

C          x = 11.392010  y = 15.512170  z =  7.003580 angstrom
           Maximum rank =  2   Radius =  0.650 angstrom
                   Q00  =  -0.313624
|Q1| =   0.435817  Q10  =  -0.006494  Q11c =   0.435719  Q11s =  -0.006588
|Q2| =   1.415990  Q20  =  -1.168275  Q21c =   0.003698  Q21s =   0.395190
                   Q22c =  -0.674568  Q22s =   0.170089

C          x =  7.422290  y = 13.012690  z =  6.716480 angstrom
           Maximum rank =  2   Radius =  0.650 angstrom
                   Q00  =  -0.048213
|Q1| =   0.102776  Q10  =   0.015818  Q11c =   0.012275  Q11s =  -0.100807
|Q2| =   1.487574  Q20  =  -1.422989  Q21c =  -0.087523  Q21s =   0.421639
                   Q22c =  -0.039979  Q22s =   0.030649

H          x =  7.097220  y = 14.029940  z =  6.886350 angstrom
           Maximum rank =  1   Radius =  0.350 angstrom
                   Q00  =   0.087129
|Q1| =   0.093937  Q10  =  -0.011418  Q11c =   0.019882  Q11s =  -0.091096

C          x = 10.395150  y = 18.533520  z =  7.453220 angstrom
           Maximum rank =  2   Radius =  0.650 angstrom
                   Q00  =   0.191752
|Q1| =   0.030360  Q10  =  -0.002386  Q11c =  -0.023706  Q11s =  -0.018817
|Q2| =   0.761067  Q20  =  -0.697859  Q21c =   0.017357  Q21s =   0.163692
                   Q22c =   0.085150  Q22s =   0.240561

C          x =  7.231070  y = 10.735290  z =  6.371860 angstrom
           Maximum rank =  2   Radius =  0.650 angstrom
                   Q00  =  -0.339562
|Q1| =   0.611123  Q10  =   0.042935  Q11c =  -0.602697  Q11s =   0.091568
|Q2| =   1.365851  Q20  =  -1.201547  Q21c =   0.002465  Q21s =   0.380100
                   Q22c =  -0.415928  Q22s =   0.323042

C          x =  6.562620  y = 11.912910  z =  6.561960 angstrom
           Maximum rank =  2   Radius =  0.650 angstrom
                   Q00  =  -0.072749
|Q1| =   0.110154  Q10  =   0.038053  Q11c =  -0.025101  Q11s =  -0.100279
|Q2| =   1.253259  Q20  =  -1.186994  Q21c =  -0.051748  Q21s =   0.306509
                   Q22c =   0.158406  Q22s =   0.199965

C          x = 12.124720  y = 16.716940  z =  7.167300 angstrom
           Maximum rank =  2   Radius =  0.650 angstrom
                   Q00  =   0.022599
|Q1| =   0.020681  Q10  =   0.002185  Q11c =   0.014234  Q11s =   0.014843
|Q2| =   1.367588  Q20  =  -1.310850  Q21c =  -0.026638  Q21s =   0.356577
                   Q22c =  -0.153283  Q22s =   0.024841

H          x = 13.185370  y = 16.510930  z =  7.123140 angstrom
           Maximum rank =  1   Radius =  0.350 angstrom
                   Q00  =   0.091957
|Q1| =   0.071832  Q10  =   0.006916  Q11c =  -0.056768  Q11s =   0.043468

C          x =  4.988520  y = 12.753180  z =  4.269580 angstrom
           Maximum rank =  2   Radius =  0.650 angstrom
                   Q00  =  -0.033582
|Q1| =   0.097000  Q10  =   0.062933  Q11c =  -0.069417  Q11s =  -0.025096
|Q2| =   1.456613  Q20  =   0.327357  Q21c =  -0.033940  Q21s =  -0.864472
                   Q22c =   1.068330  Q22s =  -0.353221

H          x =  6.059900  y = 12.616100  z =  4.195190 angstrom
           Maximum rank =  1   Radius =  0.350 angstrom
                   Q00  =   0.077413
|Q1| =   0.100332  Q10  =   0.059770  Q11c =  -0.080338  Q11s =  -0.006328

C          x =  5.057100  y = 11.687410  z =  6.587450 angstrom
           Maximum rank =  2   Radius =  0.650 angstrom
                   Q00  =  -0.009613
|Q1| =   0.059773  Q10  =  -0.007348  Q11c =   0.048595  Q11s =  -0.034020
|Q2| =   0.189500  Q20  =   0.021051  Q21c =   0.035055  Q21s =   0.067813
                   Q22c =   0.033764  Q22s =  -0.168818

C          x = 11.776520  y = 18.022560  z =  7.360460 angstrom
           Maximum rank =  2   Radius =  0.650 angstrom
                   Q00  =  -0.065641
|Q1| =   0.064577  Q10  =   0.008525  Q11c =  -0.032660  Q11s =   0.055052
|Q2| =   1.334565  Q20  =  -1.270011  Q21c =  -0.037099  Q21s =   0.354228
                   Q22c =  -0.193804  Q22s =  -0.061015

C          x = 12.071330  y = 14.313170  z =  6.820720 angstrom
           Maximum rank =  2   Radius =  0.650 angstrom
                   Q00  =  -0.065931
|Q1| =   0.096475  Q10  =   0.002376  Q11c =  -0.096311  Q11s =   0.005099
|Q2| =   1.532455  Q20  =  -1.481117  Q21c =  -0.022539  Q21s =   0.361611
                   Q22c =   0.104162  Q22s =   0.112203

H          x = 13.150990  y = 14.272960  z =  6.800040 angstrom
           Maximum rank =  1   Radius =  0.350 angstrom
                   Q00  =   0.073547
|Q1| =   0.098998  Q10  =   0.003379  Q11c =  -0.098043  Q11s =   0.013295

C          x =  4.322640  y = 12.375960  z =  5.429520 angstrom
           Maximum rank =  2   Radius =  0.650 angstrom
                   Q00  =  -0.059241
|Q1| =   0.065849  Q10  =  -0.010341  Q11c =  -0.000120  Q11s =  -0.065032
|Q2| =   1.279743  Q20  =   0.355071  Q21c =  -0.031438  Q21s =  -0.854331
                   Q22c =   0.792430  Q22s =  -0.390962

C          x =  4.293210  y = 13.472070  z =  8.217320 angstrom
           Maximum rank =  2   Radius =  0.650 angstrom
                   Q00  =  -0.048796
|Q1| =   0.102100  Q10  =   0.016454  Q11c =   0.006128  Q11s =  -0.100579
|Q2| =   1.475901  Q20  =   0.691622  Q21c =  -0.597206  Q21s =  -0.127929
                   Q22c =  -1.108877  Q22s =  -0.311953

H          x =  4.415000  y = 14.197390  z =  7.421610 angstrom
           Maximum rank =  1   Radius =  0.350 angstrom
                   Q00  =   0.074350
|Q1| =   0.105806  Q10  =   0.038346  Q11c =  -0.008744  Q11s =  -0.098224

C          x =  3.952460  y = 11.660460  z = 10.263770 angstrom
           Maximum rank =  2   Radius =  0.650 angstrom
                   Q00  =  -0.033500
|Q1| =   0.075217  Q10  =  -0.050632  Q11c =   0.009098  Q11s =   0.054875
|Q2| =   1.406034  Q20  =   0.552062  Q21c =  -0.611317  Q21s =  -0.189303
                   Q22c =  -1.095080  Q22s =  -0.251823

H          x =  3.826320  y = 10.934950  z = 11.060130 angstrom
           Maximum rank =  1   Radius =  0.350 angstrom
                   Q00  =   0.044527
|Q1| =   0.117807  Q10  =  -0.087866  Q11c =   0.014358  Q11s =   0.077148

C          x =  5.009330  y = 10.165850  z =  6.361900 angstrom
           Maximum rank =  2   Radius =  0.650 angstrom
                   Q00  =  -0.041939
|Q1| =   0.087597  Q10  =  -0.042979  Q11c =   0.074384  Q11s =   0.017114
|Q2| =   1.249179  Q20  =  -1.196636  Q21c =  -0.022224  Q21s =   0.320803
                   Q22c =  -0.054223  Q22s =   0.148866

C          x =  6.512340  y =  8.270410  z =  6.012840 angstrom
           Maximum rank =  2   Radius =  0.650 angstrom
                   Q00  =  -0.019236
|Q1| =   0.106955  Q10  =   0.039435  Q11c =  -0.093865  Q11s =   0.032767
|Q2| =   1.457411  Q20  =  -1.411306  Q21c =  -0.042058  Q21s =   0.361199
                   Q22c =  -0.005316  Q22s =   0.001091

C          x = 12.685020  y = 19.162860  z =  7.513010 angstrom
           Maximum rank =  2   Radius =  0.650 angstrom
                   Q00  =   0.033951
|Q1| =   0.042468  Q10  =   0.002702  Q11c =  -0.039565  Q11s =   0.015192
|Q2| =   1.152705  Q20  =  -1.086951  Q21c =  -0.030811  Q21s =   0.234742
                   Q22c =   0.301671  Q22s =   0.014391

C          x = 10.494850  y = 19.992930  z =  7.664450 angstrom
           Maximum rank =  2   Radius =  0.650 angstrom
                   Q00  =  -0.043853
|Q1| =   0.076629  Q10  =  -0.003421  Q11c =   0.074772  Q11s =  -0.016415
|Q2| =   1.230525  Q20  =  -1.179212  Q21c =  -0.049798  Q21s =   0.312306
                   Q22c =  -0.041728  Q22s =  -0.147970

C          x =  6.303900  y =  9.628780  z =  6.234970 angstrom
           Maximum rank =  2   Radius =  0.650 angstrom
                   Q00  =  -0.025964
|Q1| =   0.119201  Q10  =   0.008721  Q11c =  -0.103749  Q11s =   0.058042
|Q2| =   1.285681  Q20  =  -1.197448  Q21c =  -0.043191  Q21s =   0.368064
                   Q22c =  -0.282089  Q22s =   0.046722

C          x = 14.051890  y = 19.166690  z =  7.492960 angstrom
           Maximum rank =  2   Radius =  0.650 angstrom
                   Q00  =  -0.021683
|Q1| =   0.025838  Q10  =  -0.000369  Q11c =   0.025814  Q11s =   0.001051
|Q2| =   1.311270  Q20  =  -1.266782  Q21c =  -0.036271  Q21s =   0.306128
                   Q22c =   0.140210  Q22s =  -0.001690

C          x = 14.847160  y = 17.996630  z =  7.310060 angstrom
           Maximum rank =  2   Radius =  0.650 angstrom
                   Q00  =   0.060647
|Q1| =   0.100421  Q10  =   0.014393  Q11c =  -0.020845  Q11s =   0.097174
|Q2| =   1.201750  Q20  =  -0.691588  Q21c =  -0.141214  Q21s =   0.244528
                   Q22c =  -0.348826  Q22s =  -0.874354

C          x = 11.837730  y = 20.370590  z =  7.701030 angstrom
           Maximum rank =  2   Radius =  0.650 angstrom
                   Q00  =  -0.026126
|Q1| =   0.085356  Q10  =  -0.007386  Q11c =  -0.063777  Q11s =  -0.056245
|Q2| =   1.241809  Q20  =  -1.187544  Q21c =  -0.029782  Q21s =   0.329088
                   Q22c =  -0.149468  Q22s =  -0.017376

C          x =  4.299670  y = 13.307490  z =  3.198660 angstrom
           Maximum rank =  2   Radius =  0.650 angstrom
                   Q00  =  -0.032841
|Q1| =   0.076140  Q10  =   0.058760  Q11c =  -0.044003  Q11s =  -0.020206
|Q2| =   1.399803  Q20  =   0.436683  Q21c =  -0.222352  Q21s =  -0.849693
                   Q22c =   0.965047  Q22s =  -0.256949

H          x =  4.849000  y = 13.597840  z =  2.309650 angstrom
           Maximum rank =  1   Radius =  0.350 angstrom
                   Q00  =   0.045318
|Q1| =   0.117242  Q10  =   0.096427  Q11c =  -0.058346  Q11s =  -0.032298

C          x =  2.259370  y = 13.120890  z =  4.409970 angstrom
           Maximum rank =  2   Radius =  0.650 angstrom
                   Q00  =  -0.033937
|Q1| =   0.075847  Q10  =  -0.013838  Q11c =   0.074473  Q11s =  -0.003882
|Q2| =   1.417759  Q20  =   0.319901  Q21c =  -0.134450  Q21s =  -0.800760
                   Q22c =   1.060739  Q22s =  -0.351063

H          x =  1.186300  y = 13.264570  z =  4.482050 angstrom
           Maximum rank =  1   Radius =  0.350 angstrom
                   Q00  =   0.047104
|Q1| =   0.116762  Q10  =  -0.010833  Q11c =   0.115104  Q11s =  -0.016342

C          x = 11.120840  y = 22.625830  z =  8.039800 angstrom
           Maximum rank =  2   Radius =  0.650 angstrom
                   Q00  =  -0.011286
|Q1| =   0.054905  Q10  =  -0.008005  Q11c =   0.001444  Q11s =  -0.054299
|Q2| =   1.337795  Q20  =  -1.274926  Q21c =  -0.014156  Q21s =   0.353285
                   Q22c =  -0.171295  Q22s =   0.099534

H          x = 11.362840  y = 23.670990  z =  8.188960 angstrom
           Maximum rank =  1   Radius =  0.350 angstrom
                   Q00  =   0.049256
|Q1| =   0.104317  Q10  =  -0.014659  Q11c =  -0.016566  Q11s =  -0.101945

C          x = 12.981890  y = 11.634200  z =  6.427790 angstrom
           Maximum rank =  2   Radius =  0.650 angstrom
                   Q00  =   0.170118
|Q1| =   0.143406  Q10  =  -0.001296  Q11c =  -0.142270  Q11s =  -0.017968
|Q2| =   0.144319  Q20  =  -0.084644  Q21c =  -0.017861  Q21s =   0.016362
                   Q22c =   0.044142  Q22s =  -0.105490

H          x = 13.461320  y = 12.157930  z =  5.595770 angstrom
           Maximum rank =  1   Radius =  0.350 angstrom
                   Q00  =   0.046901
|Q1| =   0.113755  Q10  =   0.078413  Q11c =  -0.080530  Q11s =  -0.017507

H          x = 13.060500  y = 10.561240  z =  6.272360 angstrom
           Maximum rank =  1   Radius =  0.350 angstrom
                   Q00  =   0.049247
|Q1| =   0.104250  Q10  =   0.013518  Q11c =  -0.051091  Q11s =   0.089862

C          x =  2.942400  y = 12.570250  z =  5.480710 angstrom
           Maximum rank =  2   Radius =  0.650 angstrom
                   Q00  =  -0.051415
|Q1| =   0.104425  Q10  =  -0.035386  Q11c =   0.097111  Q11s =   0.014898
|Q2| =   1.487073  Q20  =   0.564263  Q21c =  -0.150619  Q21s =  -0.847415
                   Q22c =   1.010491  Q22s =  -0.362083

H          x =  2.395500  y = 12.304150  z =  6.377060 angstrom
           Maximum rank =  1   Radius =  0.350 angstrom
                   Q00  =   0.073884
|Q1| =   0.106570  Q10  =  -0.052799  Q11c =   0.090564  Q11s =   0.019175

C          x =  2.925120  y = 13.500270  z =  3.246190 angstrom
           Maximum rank =  2   Radius =  0.650 angstrom
                   Q00  =  -0.078650
|Q1| =   0.121920  Q10  =   0.093795  Q11c =   0.061724  Q11s =  -0.047509
|Q2| =   1.150787  Q20  =   0.350628  Q21c =  -0.035915  Q21s =  -0.716064
                   Q22c =   0.779405  Q22s =  -0.282597

C          x = 12.157560  y = 21.711660  z =  7.892220 angstrom
           Maximum rank =  2   Radius =  0.650 angstrom
                   Q00  =  -0.006209
|Q1| =   0.082935  Q10  =  -0.009527  Q11c =  -0.044487  Q11s =  -0.069342
|Q2| =   1.393961  Q20  =  -1.340956  Q21c =  -0.025105  Q21s =   0.315643
                   Q22c =   0.198825  Q22s =   0.071924

H          x = 13.177420  y = 22.060620  z =  7.929110 angstrom
           Maximum rank =  1   Radius =  0.350 angstrom
                   Q00  =   0.086531
|Q1| =   0.077130  Q10  =  -0.008666  Q11c =  -0.043878  Q11s =  -0.062838

C          x =  9.786870  y = 22.231250  z =  8.000490 angstrom
           Maximum rank =  2   Radius =  0.650 angstrom
                   Q00  =  -0.014118
|Q1| =   0.061296  Q10  =  -0.007479  Q11c =   0.038532  Q11s =  -0.047080
|Q2| =   1.347718  Q20  =  -1.279774  Q21c =  -0.068180  Q21s =   0.330673
                   Q22c =   0.021014  Q22s =  -0.253154

H          x =  9.004480  y = 22.970770  z =  8.119020 angstrom
           Maximum rank =  1   Radius =  0.350 angstrom
                   Q00  =   0.045873
|Q1| =   0.105307  Q10  =  -0.011671  Q11c =   0.074965  Q11s =  -0.073032

N          x = 15.500480  y = 21.277130  z =  7.778530 angstrom
           Maximum rank =  2   Radius =  0.650 angstrom
                   Q00  =  -0.226847
|Q1| =   0.563949  Q10  =  -0.064592  Q11c =  -0.298707  Q11s =  -0.473962
|Q2| =   0.628328  Q20  =  -0.327085  Q21c =   0.067415  Q21s =   0.093832
                   Q22c =  -0.118269  Q22s =   0.510367

C          x = 14.835610  y = 20.347920  z =  7.653210 angstrom
           Maximum rank =  2   Radius =  0.650 angstrom
                   Q00  =   0.057626
|Q1| =   0.108567  Q10  =  -0.015021  Q11c =  -0.023005  Q11s =  -0.105033
|Q2| =   1.215523  Q20  =  -0.688061  Q21c =   0.119664  Q21s =   0.212654
                   Q22c =  -0.333325  Q22s =   0.912919

C          x =  9.461630  y = 20.895900  z =  7.810200 angstrom
           Maximum rank =  2   Radius =  0.650 angstrom
                   Q00  =   0.008420
|Q1| =   0.095838  Q10  =  -0.008498  Q11c =   0.081526  Q11s =  -0.049663
|Q2| =   1.336881  Q20  =  -1.286974  Q21c =  -0.011297  Q21s =   0.313875
                   Q22c =   0.107191  Q22s =   0.144265

H          x =  8.435550  y = 20.551460  z =  7.773950 angstrom
           Maximum rank =  1   Radius =  0.350 angstrom
                   Q00  =   0.072504
|Q1| =   0.099116  Q10  =  -0.002006  Q11c =   0.098979  Q11s =  -0.004805

N          x = 15.507310  y = 17.066440  z =  7.164070 angstrom
           Maximum rank =  2   Radius =  0.650 angstrom
                   Q00  =  -0.235563
|Q1| =   0.574003  Q10  =   0.075371  Q11c =  -0.296893  Q11s =   0.485441
|Q2| =   0.623003  Q20  =  -0.321851  Q21c =  -0.081819  Q21s =   0.104555
                   Q22c =  -0.087194  Q22s =  -0.509230

C          x =  3.713130  y = 13.003760  z = 10.519100 angstrom
           Maximum rank =  2   Radius =  0.650 angstrom
                   Q00  =  -0.078546
|Q1| =   0.121445  Q10  =  -0.109030  Q11c =   0.037853  Q11s =  -0.037797
|Q2| =   1.149402  Q20  =   0.501069  Q21c =  -0.538106  Q21s =  -0.011075
                   Q22c =  -0.852269  Q22s =  -0.232404

C          x =  3.895200  y = 13.903460  z =  9.469990 angstrom
           Maximum rank =  2   Radius =  0.650 angstrom
                   Q00  =  -0.032818
|Q1| =   0.075449  Q10  =  -0.002518  Q11c =   0.007449  Q11s =  -0.075038
|Q2| =   1.414042  Q20  =   0.462732  Q21c =  -0.610700  Q21s =  -0.032536
                   Q22c =  -1.147126  Q22s =  -0.309003

H          x =  3.722630  y = 14.961450  z =  9.637450 angstrom
           Maximum rank =  1   Radius =  0.350 angstrom
                   Q00  =   0.048434
|Q1| =   0.115551  Q10  =  -0.015859  Q11c =   0.019463  Q11s =  -0.112790

H          x = 13.475820  y = 11.902610  z =  7.366030 angstrom
           Maximum rank =  1   Radius =  0.350 angstrom
                   Q00  =   0.047234
|Q1| =   0.113640  Q10  =  -0.078559  Q11c =  -0.081956  Q11s =   0.005086

C          x =  2.172360  y = 14.086070  z =  2.082150 angstrom
           Maximum rank =  2   Radius =  0.650 angstrom
                   Q00  =   0.023116
|Q1| =   0.023695  Q10  =   0.014160  Q11c =   0.018450  Q11s =  -0.004533
|Q2| =   0.103807  Q20  =   0.041134  Q21c =   0.052137  Q21s =  -0.070046
                   Q22c =   0.001766  Q22s =  -0.038159

C          x =  3.257390  y = 13.478230  z = 11.872510 angstrom
           Maximum rank =  2   Radius =  0.650 angstrom
                   Q00  =   0.023146
|Q1| =   0.023694  Q10  =  -0.015944  Q11c =   0.011911  Q11s =  -0.012857
|Q2| =   0.102375  Q20  =   0.082920  Q21c =  -0.043367  Q21s =   0.038434
                   Q22c =  -0.013576  Q22s =  -0.007920

H          x =  1.575460  y = 13.321770  z =  1.576930 angstrom
           Maximum rank =  1   Radius =  0.350 angstrom
                   Q00  =   0.030460
|Q1| =   0.124322  Q10  =   0.083960  Q11c =   0.077887  Q11s =   0.048378

H          x =  2.852420  y = 14.515670  z =  1.345700 angstrom
           Maximum rank =  1   Radius =  0.350 angstrom
                   Q00  =   0.023636
|Q1| =   0.125299  Q10  =   0.104395  Q11c =  -0.036877  Q11s =  -0.058665

H          x =  1.487190  y = 14.871840  z =  2.407450 angstrom
           Maximum rank =  1   Radius =  0.350 angstrom
                   Q00  =   0.027429
|Q1| =   0.124792  Q10  =   0.008942  Q11c =   0.085503  Q11s =  -0.090455

H          x =  3.392190  y = 12.705020  z = 12.629810 angstrom
           Maximum rank =  1   Radius =  0.350 angstrom
                   Q00  =   0.023356
|Q1| =   0.125661  Q10  =  -0.113199  Q11c =   0.002740  Q11s =   0.054490

H          x =  2.197600  y = 13.747620  z = 11.858210 angstrom
           Maximum rank =  1   Radius =  0.350 angstrom
                   Q00  =   0.029957
|Q1| =   0.124599  Q10  =  -0.043051  Q11c =   0.110261  Q11s =  -0.038912

H          x =  3.813730  y = 14.362620  z = 12.190010 angstrom
           Maximum rank =  1   Radius =  0.350 angstrom
                   Q00  =   0.028096
|Q1| =   0.124231  Q10  =  -0.073701  Q11c =  -0.034626  Q11s =  -0.093822

H          x =  7.514460  y =  7.868480  z =  5.924390 angstrom
           Maximum rank =  1   Radius =  0.350 angstrom
                   Q00  =   0.082248
|Q1| =   0.103658  Q10  =   0.010670  Q11c =  -0.101479  Q11s =   0.018252

S          x =  0.743120  y =  2.383100  z =  5.282960 angstrom
           Maximum rank =  2   Radius =  0.650 angstrom
                   Q00  =   0.802421
|Q1| =   0.921491  Q10  =   0.072688  Q11c =  -0.809638  Q11s =   0.433991
|Q2| =   2.466414  Q20  =  -2.209968  Q21c =   0.035357  Q21s =   0.650692
                   Q22c =  -0.660458  Q22s =   0.581708

S          x =  1.479330  y =  6.691230  z =  5.902730 angstrom
           Maximum rank =  2   Radius =  0.650 angstrom
                   Q00  =   0.780846
|Q1| =   1.013504  Q10  =  -0.123448  Q11c =   0.729374  Q11s =  -0.692795
|Q2| =   2.423257  Q20  =  -2.154696  Q21c =   0.059577  Q21s =   0.512553
                   Q22c =   0.291592  Q22s =   0.937108

O          x = -1.182320  y =  5.697540  z =  5.790880 angstrom
           Maximum rank =  2   Radius =  0.650 angstrom
                   Q00  =  -0.392265
|Q1| =   0.519145  Q10  =  -0.060380  Q11c =  -0.283427  Q11s =  -0.430738
|Q2| =   1.135909  Q20  =  -0.682845  Q21c =  -0.138115  Q21s =   0.188397
                   Q22c =   0.004335  Q22s =  -0.877168

O          x =  1.044260  y = -0.273680  z =  4.896880 angstrom
           Maximum rank =  2   Radius =  0.650 angstrom
                   Q00  =  -0.421670
|Q1| =   0.559860  Q10  =  -0.046762  Q11c =  -0.425091  Q11s =  -0.361322
|Q2| =   0.982227  Q20  =  -0.153555  Q21c =   0.099401  Q21s =  -0.060407
                   Q22c =   0.597761  Q22s =   0.755211

C          x =  1.661040  y =  4.962050  z =  5.638720 angstrom
           Maximum rank =  2   Radius =  0.650 angstrom
                   Q00  =  -0.303998
|Q1| =   0.415691  Q10  =  -0.068767  Q11c =   0.108025  Q11s =  -0.395475
|Q2| =   1.487939  Q20  =  -1.201639  Q21c =   0.006125  Q21s =   0.201916
                   Q22c =   0.712689  Q22s =   0.470419

C          x =  0.529170  y =  4.079600  z =  5.530330 angstrom
           Maximum rank =  2   Radius =  0.650 angstrom
                   Q00  =  -0.338099
|Q1| =   0.491861  Q10  =   0.065730  Q11c =  -0.161742  Q11s =   0.459833
|Q2| =   1.466602  Q20  =  -1.234251  Q21c =   0.014242  Q21s =   0.215790
                   Q22c =   0.634418  Q22s =   0.422244

C          x =  5.885980  y =  5.500890  z =  4.310010 angstrom
           Maximum rank =  2   Radius =  0.650 angstrom
                   Q00  =  -0.060254
|Q1| =   0.078421  Q10  =  -0.001451  Q11c =  -0.077524  Q11s =  -0.011740
|Q2| =   1.287219  Q20  =   0.564597  Q21c =  -0.683987  Q21s =  -0.020114
                   Q22c =  -0.880644  Q22s =  -0.307224

C          x =  6.058750  y =  6.398120  z =  3.263930 angstrom
           Maximum rank =  2   Radius =  0.650 angstrom
                   Q00  =  -0.034484
|Q1| =   0.097417  Q10  =   0.045092  Q11c =  -0.023613  Q11s =  -0.083061
|Q2| =   1.471365  Q20  =   0.523269  Q21c =  -0.648807  Q21s =   0.048716
                   Q22c =  -1.166840  Q22s =  -0.325984

H          x =  5.874580  y =  7.452970  z =  3.419820 angstrom
           Maximum rank =  1   Radius =  0.350 angstrom
                   Q00  =   0.077379
|Q1| =   0.098252  Q10  =   0.045016  Q11c =   0.006105  Q11s =  -0.087119

C          x = -0.818390  y =  4.411820  z =  5.598490 angstrom
           Maximum rank =  2   Radius =  0.650 angstrom
                   Q00  =   0.077614
|Q1| =   0.126317  Q10  =   0.017039  Q11c =   0.023548  Q11s =   0.122928
|Q2| =   1.139919  Q20  =  -1.087558  Q21c =  -0.034780  Q21s =   0.301763
                   Q22c =  -0.147598  Q22s =  -0.050763

C          x = -0.978990  y =  2.108820  z =  5.267690 angstrom
           Maximum rank =  2   Radius =  0.650 angstrom
                   Q00  =  -0.312027
|Q1| =   0.435615  Q10  =   0.006636  Q11c =  -0.435495  Q11s =   0.007828
|Q2| =   1.412823  Q20  =  -1.165336  Q21c =   0.003398  Q21s =   0.394803
                   Q22c =  -0.673543  Q22s =   0.168873

C          x =  2.990730  y =  4.608280  z =  5.554940 angstrom
           Maximum rank =  2   Radius =  0.650 angstrom
                   Q00  =  -0.048662
|Q1| =   0.102949  Q10  =  -0.015870  Q11c =  -0.013838  Q11s =   0.100773
|Q2| =   1.489470  Q20  =  -1.424818  Q21c =  -0.087596  Q21s =   0.422189
                   Q22c =  -0.039273  Q22s =   0.030904

H          x =  3.315800  y =  3.591030  z =  5.385080 angstrom
           Maximum rank =  1   Radius =  0.350 angstrom
                   Q00  =   0.086999
|Q1| =   0.094075  Q10  =   0.011408  Q11c =  -0.019966  Q11s =   0.091221

C          x =  0.017850  y = -0.912430  z =  4.817350 angstrom
           Maximum rank =  2   Radius =  0.650 angstrom
                   Q00  =   0.191283
|Q1| =   0.030641  Q10  =   0.002279  Q11c =   0.024170  Q11s =   0.018695
|Q2| =   0.762600  Q20  =  -0.699377  Q21c =   0.017202  Q21s =   0.164368
                   Q22c =   0.084331  Q22s =   0.240846

C          x =  3.181950  y =  6.885680  z =  5.899540 angstrom
           Maximum rank =  2   Radius =  0.650 angstrom
                   Q00  =  -0.338233
|Q1| =   0.611072  Q10  =  -0.043054  Q11c =   0.602548  Q11s =  -0.092146
|Q2| =   1.362224  Q20  =  -1.197917  Q21c =   0.002490  Q21s =   0.379171
                   Q22c =  -0.416167  Q22s =   0.321991

C          x =  3.850400  y =  5.708070  z =  5.709440 angstrom
           Maximum rank =  2   Radius =  0.650 angstrom
                   Q00  =  -0.072510
|Q1| =   0.111197  Q10  =  -0.037896  Q11c =   0.025240  Q11s =   0.101447
|Q2| =   1.252443  Q20  =  -1.186255  Q21c =  -0.051834  Q21s =   0.306275
                   Q22c =   0.158514  Q22s =   0.199489

C          x = -1.711710  y =  0.904070  z =  5.103850 angstrom
           Maximum rank =  2   Radius =  0.650 angstrom
                   Q00  =   0.018287
|Q1| =   0.021893  Q10  =  -0.002559  Q11c =  -0.013876  Q11s =  -0.016739
|Q2| =   1.380427  Q20  =  -1.323083  Q21c =  -0.027174  Q21s =   0.360318
                   Q22c =  -0.154347  Q22s =   0.025332

H          x = -2.772350  y =  1.110060  z =  5.148220 angstrom
           Maximum rank =  1   Radius =  0.350 angstrom
                   Q00  =   0.091314
|Q1| =   0.072092  Q10  =  -0.006968  Q11c =   0.056987  Q11s =  -0.043603

C          x =  5.424500  y =  4.867800  z =  8.001820 angstrom
           Maximum rank =  2   Radius =  0.650 angstrom
                   Q00  =  -0.033417
|Q1| =   0.097006  Q10  =  -0.062859  Q11c =   0.069391  Q11s =   0.025374
|Q2| =   1.456096  Q20  =   0.327313  Q21c =  -0.033969  Q21s =  -0.864165
                   Q22c =   1.067869  Q22s =  -0.353276

H          x =  4.353120  y =  5.004870  z =  8.076210 angstrom
           Maximum rank =  1   Radius =  0.350 angstrom
                   Q00  =   0.077545
|Q1| =   0.100257  Q10  =  -0.059741  Q11c =   0.080261  Q11s =   0.006381

C          x =  5.355930  y =  5.933560  z =  5.683950 angstrom
           Maximum rank =  2   Radius =  0.650 angstrom
                   Q00  =  -0.009628
|Q1| =   0.059744  Q10  =   0.007333  Q11c =  -0.048593  Q11s =   0.033976
|Q2| =   0.189525  Q20  =   0.021218  Q21c =   0.035106  Q21s =   0.067712
                   Q22c =   0.033936  Q22s =  -0.168821

C          x = -1.363520  y = -0.401510  z =  4.910400 angstrom
           Maximum rank =  2   Radius =  0.650 angstrom
                   Q00  =  -0.065736
|Q1| =   0.062537  Q10  =  -0.008288  Q11c =   0.032544  Q11s =  -0.052755
|Q2| =   1.336388  Q20  =  -1.271856  Q21c =  -0.037563  Q21s =   0.354996
                   Q22c =  -0.192598  Q22s =  -0.061541

C          x = -1.658310  y =  3.307780  z =  5.450850 angstrom
           Maximum rank =  2   Radius =  0.650 angstrom
                   Q00  =  -0.068335
|Q1| =   0.097066  Q10  =  -0.002715  Q11c =   0.096804  Q11s =  -0.006580
|Q2| =   1.540314  Q20  =  -1.488624  Q21c =  -0.022898  Q21s =   0.364023
                   Q22c =   0.103592  Q22s =   0.113120

H          x = -2.737970  y =  3.347970  z =  5.471700 angstrom
           Maximum rank =  1   Radius =  0.350 angstrom
                   Q00  =   0.073154
|Q1| =   0.099262  Q10  =  -0.003435  Q11c =   0.098292  Q11s =  -0.013406

C          x =  6.090380  y =  5.245010  z =  6.841880 angstrom
           Maximum rank =  2   Radius =  0.650 angstrom
                   Q00  =  -0.059019
|Q1| =   0.066049  Q10  =   0.010430  Q11c =   0.000119  Q11s =   0.065221
|Q2| =   1.279194  Q20  =   0.354906  Q21c =  -0.031533  Q21s =  -0.853897
                   Q22c =   0.792194  Q22s =  -0.390735

C          x =  6.119800  y =  4.148900  z =  4.054070 angstrom
           Maximum rank =  2   Radius =  0.650 angstrom
                   Q00  =  -0.048869
|Q1| =   0.102213  Q10  =  -0.016481  Q11c =  -0.006395  Q11s =   0.100673
|Q2| =   1.476295  Q20  =   0.692091  Q21c =  -0.597488  Q21s =  -0.127937
                   Q22c =  -1.109005  Q22s =  -0.311775

H          x =  5.998000  y =  3.423580  z =  4.849780 angstrom
           Maximum rank =  1   Radius =  0.350 angstrom
                   Q00  =   0.074222
|Q1| =   0.105941  Q10  =  -0.038379  Q11c =   0.008679  Q11s =   0.098363

C          x =  6.460590  y =  5.960530  z =  2.007640 angstrom
           Maximum rank =  2   Radius =  0.650 angstrom
                   Q00  =  -0.033352
|Q1| =   0.075146  Q10  =   0.050642  Q11c =  -0.009227  Q11s =  -0.054747
|Q2| =   1.405540  Q20  =   0.551645  Q21c =  -0.611021  Q21s =  -0.189296
                   Q22c =  -1.094841  Q22s =  -0.251742

H          x =  6.586740  y =  6.686040  z =  1.211280 angstrom
           Maximum rank =  1   Radius =  0.350 angstrom
                   Q00  =   0.044718
|Q1| =   0.117636  Q10  =   0.087783  Q11c =  -0.014375  Q11s =  -0.076979

C          x =  5.403700  y =  7.455120  z =  5.909500 angstrom
           Maximum rank =  2   Radius =  0.650 angstrom
                   Q00  =  -0.041763
|Q1| =   0.087508  Q10  =   0.042954  Q11c =  -0.074351  Q11s =  -0.016866
|Q2| =   1.248675  Q20  =  -1.196134  Q21c =  -0.022209  Q21s =   0.320721
                   Q22c =  -0.054815  Q22s =   0.148636

C          x =  3.900680  y =  9.350560  z =  6.258560 angstrom
           Maximum rank =  2   Radius =  0.650 angstrom
                   Q00  =  -0.018638
|Q1| =   0.106923  Q10  =  -0.039523  Q11c =   0.093782  Q11s =  -0.032793
|Q2| =   1.455906  Q20  =  -1.409844  Q21c =  -0.042028  Q21s =   0.360840
                   Q22c =  -0.005563  Q22s =   0.000715

C          x = -2.272020  y = -1.541790  z =  4.757790 angstrom
           Maximum rank =  2   Radius =  0.650 angstrom
                   Q00  =   0.031212
|Q1| =   0.041017  Q10  =  -0.002863  Q11c =   0.037706  Q11s =  -0.015888
|Q2| =   1.160623  Q20  =  -1.094930  Q21c =  -0.031504  Q21s =   0.237168
                   Q22c =   0.301258  Q22s =   0.013319

C          x = -0.081870  y = -2.371810  z =  4.605880 angstrom
           Maximum rank =  2   Radius =  0.650 angstrom
                   Q00  =  -0.044077
|Q1| =   0.077201  Q10  =   0.003428  Q11c =  -0.075250  Q11s =   0.016902
|Q2| =   1.231256  Q20  =  -1.179779  Q21c =  -0.050226  Q21s =   0.312851
                   Q22c =  -0.041535  Q22s =  -0.148287

C          x =  4.109120  y =  7.992190  z =  6.036430 angstrom
           Maximum rank =  2   Radius =  0.650 angstrom
                   Q00  =  -0.026680
|Q1| =   0.119204  Q10  =  -0.008705  Q11c =   0.104103  Q11s =  -0.057415
|Q2| =   1.287276  Q20  =  -1.199111  Q21c =  -0.043274  Q21s =   0.368427
                   Q22c =  -0.281767  Q22s =   0.047002

C          x = -3.638890  y = -1.545650  z =  4.778040 angstrom
           Maximum rank =  2   Radius =  0.650 angstrom
                   Q00  =  -0.024001
|Q1| =   0.024261  Q10  =   0.000318  Q11c =  -0.024247  Q11s =  -0.000761
|Q2| =   1.318616  Q20  =  -1.273834  Q21c =  -0.036767  Q21s =   0.308321
                   Q22c =   0.140288  Q22s =  -0.001142

C          x = -4.434150  y = -0.375640  z =  4.961290 angstrom
           Maximum rank =  2   Radius =  0.650 angstrom
                   Q00  =   0.059823
|Q1| =   0.099556  Q10  =  -0.014378  Q11c =   0.021279  Q11s =  -0.096187
|Q2| =   1.203892  Q20  =  -0.693832  Q21c =  -0.141694  Q21s =   0.245572
                   Q22c =  -0.348877  Q22s =  -0.875132

C          x = -1.424740  y = -2.749480  z =  4.569440 angstrom
           Maximum rank =  2   Radius =  0.650 angstrom
                   Q00  =  -0.025640
|Q1| =   0.085477  Q10  =   0.007318  Q11c =   0.063850  Q11s =   0.056355
|Q2| =   1.240984  Q20  =  -1.186702  Q21c =  -0.029935  Q21s =   0.329220
                   Q22c =  -0.149078  Q22s =  -0.016505

C          x =  6.113340  y =  4.313480  z =  9.072750 angstrom
           Maximum rank =  2   Radius =  0.650 angstrom
                   Q00  =  -0.032887
|Q1| =   0.076169  Q10  =  -0.058701  Q11c =   0.043966  Q11s =   0.020565
|Q2| =   1.400049  Q20  =   0.436722  Q21c =  -0.222534  Q21s =  -0.849592
                   Q22c =   0.965405  Q22s =  -0.257051

H          x =  5.564020  y =  4.023140  z =  9.961760 angstrom
           Maximum rank =  1   Radius =  0.350 angstrom
                   Q00  =   0.045218
|Q1| =   0.117330  Q10  =  -0.096507  Q11c =   0.058333  Q11s =   0.032405

C          x =  8.153640  y =  4.500070  z =  7.861430 angstrom
           Maximum rank =  2   Radius =  0.650 angstrom
                   Q00  =  -0.034116
|Q1| =   0.075927  Q10  =   0.013938  Q11c =  -0.074512  Q11s =   0.004314
|Q2| =   1.418430  Q20  =   0.320115  Q21c =  -0.134574  Q21s =  -0.801173
                   Q22c =   1.061297  Q22s =  -0.350900

H          x =  9.226720  y =  4.356400  z =  7.789350 angstrom
           Maximum rank =  1   Radius =  0.350 angstrom
                   Q00  =   0.046902
|Q1| =   0.116940  Q10  =   0.010830  Q11c =  -0.115268  Q11s =   0.016462

C          x = -0.707870  y = -5.004650  z =  4.230170 angstrom
           Maximum rank =  2   Radius =  0.650 angstrom
                   Q00  =  -0.012717
|Q1| =   0.055517  Q10  =   0.008002  Q11c =  -0.001783  Q11s =   0.054908
|Q2| =   1.343060  Q20  =  -1.279821  Q21c =  -0.014431  Q21s =   0.355083
                   Q22c =  -0.171705  Q22s =   0.100464

H          x = -0.949880  y = -6.049790  z =  4.080870 angstrom
           Maximum rank =  1   Radius =  0.350 angstrom
                   Q00  =   0.047865
|Q1| =   0.105464  Q10  =   0.014817  Q11c =   0.016687  Q11s =   0.103076

C          x = -2.568860  y =  5.986670  z =  5.844410 angstrom
           Maximum rank =  2   Radius =  0.650 angstrom
                   Q00  =   0.170169
|Q1| =   0.143400  Q10  =   0.001232  Q11c =   0.142276  Q11s =   0.017872
|Q2| =   0.144645  Q20  =  -0.084865  Q21c =  -0.017952  Q21s =   0.016332
                   Q22c =   0.044442  Q22s =  -0.105622

H          x = -3.048140  y =  5.462780  z =  6.676420 angstrom
           Maximum rank =  1   Radius =  0.350 angstrom
                   Q00  =   0.046993
|Q1| =   0.113717  Q10  =  -0.078435  Q11c =   0.080455  Q11s =   0.017509

H          x = -2.647460  y =  7.059590  z =  6.000040 angstrom
           Maximum rank =  1   Radius =  0.350 angstrom
                   Q00  =   0.049350
|Q1| =   0.104132  Q10  =  -0.013547  Q11c =   0.051026  Q11s =  -0.089757

C          x =  7.470630  y =  5.050710  z =  6.790690 angstrom
           Maximum rank =  2   Radius =  0.650 angstrom
                   Q00  =  -0.051340
|Q1| =   0.104394  Q10  =   0.035484  Q11c =  -0.097104  Q11s =  -0.014484
|Q2| =   1.486978  Q20  =   0.564335  Q21c =  -0.150441  Q21s =  -0.847513
                   Q22c =   1.010328  Q22s =  -0.361881

H          x =  8.017520  y =  5.316810  z =  5.894340 angstrom
           Maximum rank =  1   Radius =  0.350 angstrom
                   Q00  =   0.073910
|Q1| =   0.106577  Q10  =   0.052790  Q11c =  -0.090596  Q11s =  -0.019088

C          x =  7.487900  y =  4.120700  z =  9.025210 angstrom
           Maximum rank =  2   Radius =  0.650 angstrom
                   Q00  =  -0.078891
|Q1| =   0.121926  Q10  =  -0.093652  Q11c =  -0.061677  Q11s =   0.047866
|Q2| =   1.151554  Q20  =   0.351023  Q21c =  -0.035728  Q21s =  -0.716505
                   Q22c =   0.779904  Q22s =  -0.282760

C          x = -1.744580  y = -4.090520  z =  4.378070 angstrom
           Maximum rank =  2   Radius =  0.650 angstrom
                   Q00  =  -0.007734
|Q1| =   0.083407  Q10  =   0.009492  Q11c =   0.044666  Q11s =   0.069796
|Q2| =   1.399021  Q20  =  -1.345737  Q21c =  -0.025754  Q21s =   0.317152
                   Q22c =   0.199954  Q22s =   0.070856

H          x = -2.764440  y = -4.439490  z =  4.341280 angstrom
           Maximum rank =  1   Radius =  0.350 angstrom
                   Q00  =   0.085923
|Q1| =   0.077710  Q10  =   0.008727  Q11c =   0.044130  Q11s =   0.063366

C          x =  0.626100  y = -4.610060  z =  4.269350 angstrom
           Maximum rank =  2   Radius =  0.650 angstrom
                   Q00  =  -0.016246
|Q1| =   0.062151  Q10  =   0.007520  Q11c =  -0.038746  Q11s =   0.048009
|Q2| =   1.354953  Q20  =  -1.286658  Q21c =  -0.068892  Q21s =   0.332848
                   Q22c =   0.021711  Q22s =  -0.253778

H          x =  1.408480  y = -5.349540  z =  4.150570 angstrom
           Maximum rank =  1   Radius =  0.350 angstrom
                   Q00  =   0.044437
|Q1| =   0.106454  Q10  =   0.011810  Q11c =  -0.075709  Q11s =   0.073899

N          x = -5.087490  y = -3.656070  z =  4.492370 angstrom
           Maximum rank =  2   Radius =  0.650 angstrom
                   Q00  =  -0.231181
|Q1| =   0.566527  Q10  =   0.064814  Q11c =   0.300034  Q11s =   0.476163
|Q2| =   0.630742  Q20  =  -0.329788  Q21c =   0.067542  Q21s =   0.094596
                   Q22c =  -0.118236  Q22s =   0.511453

C          x = -4.422620  y = -2.726870  z =  4.617730 angstrom
           Maximum rank =  2   Radius =  0.650 angstrom
                   Q00  =   0.057229
|Q1| =   0.107908  Q10  =   0.014852  Q11c =   0.022701  Q11s =   0.104442
|Q2| =   1.216814  Q20  =  -0.690263  Q21c =   0.119608  Q21s =   0.213294
                   Q22c =  -0.332975  Q22s =   0.912962

C          x =  0.951350  y = -3.274740  z =  4.459810 angstrom
           Maximum rank =  2   Radius =  0.650 angstrom
                   Q00  =   0.007410
|Q1| =   0.096083  Q10  =   0.008426  Q11c =  -0.081804  Q11s =   0.049689
|Q2| =   1.340517  Q20  =  -1.290329  Q21c =  -0.011604  Q21s =   0.315143
                   Q22c =   0.106919  Q22s =   0.145452

H          x =  1.977430  y = -2.930290  z =  4.495970 angstrom
           Maximum rank =  1   Radius =  0.350 angstrom
                   Q00  =   0.071821
|Q1| =   0.099734  Q10  =   0.002027  Q11c =  -0.099592  Q11s =   0.004916

N          x = -5.094290  y =  0.554510  z =  5.107550 angstrom
           Maximum rank =  2   Radius =  0.650 angstrom
                   Q00  =  -0.237942
|Q1| =   0.575201  Q10  =  -0.075710  Q11c =   0.298273  Q11s =  -0.485960
|Q2| =   0.624681  Q20  =  -0.324076  Q21c =  -0.082062  Q21s =   0.105365
                   Q22c =  -0.087675  Q22s =  -0.509587

C          x =  6.699900  y =  4.617220  z =  1.752300 angstrom
           Maximum rank =  2   Radius =  0.650 angstrom
                   Q00  =  -0.078683
|Q1| =   0.121441  Q10  =   0.108962  Q11c =  -0.037964  Q11s =   0.037867
|Q2| =   1.149855  Q20  =   0.501447  Q21c =  -0.538388  Q21s =  -0.011113
                   Q22c =  -0.852483  Q22s =  -0.232390

C          x =  6.517810  y =  3.717520  z =  2.801400 angstrom
           Maximum rank =  2   Radius =  0.650 angstrom
                   Q00  =  -0.033075
|Q1| =   0.075592  Q10  =   0.002489  Q11c =  -0.007689  Q11s =   0.075159
|Q2| =   1.415005  Q20  =   0.463073  Q21c =  -0.611176  Q21s =  -0.032583
                   Q22c =  -1.147911  Q22s =  -0.309038

H          x =  6.690380  y =  2.659520  z =  2.633940 angstrom
           Maximum rank =  1   Radius =  0.350 angstrom
                   Q00  =   0.048069
|Q1| =   0.115879  Q10  =   0.015908  Q11c =  -0.019563  Q11s =   0.113102

H          x = -3.062940  y =  5.718410  z =  4.906200 angstrom
           Maximum rank =  1   Radius =  0.350 angstrom
                   Q00  =   0.047416
|Q1| =   0.113528  Q10  =   0.078473  Q11c =   0.081881  Q11s =  -0.005110

C          x =  8.240660  y =  3.534880  z = 10.189240 angstrom
           Maximum rank =  2   Radius =  0.650 angstrom
                   Q00  =   0.023099
|Q1| =   0.023827  Q10  =  -0.014214  Q11c =  -0.018522  Q11s =   0.004756
|Q2| =   0.103191  Q20  =   0.041014  Q21c =   0.051513  Q21s =  -0.069609
                   Q22c =   0.001841  Q22s =  -0.038260

C          x =  7.155640  y =  4.142750  z =  0.398890 angstrom
           Maximum rank =  2   Radius =  0.650 angstrom
                   Q00  =   0.023136
|Q1| =   0.023882  Q10  =   0.015994  Q11c =  -0.011992  Q11s =   0.013066
|Q2| =   0.101886  Q20  =   0.082587  Q21c =  -0.043140  Q21s =   0.038311
                   Q22c =  -0.013203  Q22s =  -0.007544

H          x =  8.837680  y =  4.299150  z = 10.694380 angstrom
           Maximum rank =  1   Radius =  0.350 angstrom
                   Q00  =   0.030497
|Q1| =   0.124327  Q10  =  -0.083984  Q11c =  -0.077952  Q11s =  -0.048242

H          x =  7.560580  y =  3.105410  z = 10.925770 angstrom
           Maximum rank =  1   Radius =  0.350 angstrom
                   Q00  =   0.023441
|Q1| =   0.125511  Q10  =  -0.104543  Q11c =   0.036888  Q11s =   0.058847

H          x =  8.925710  y =  2.749010  z =  9.863960 angstrom
           Maximum rank =  1   Radius =  0.350 angstrom
                   Q00  =   0.027030
|Q1| =   0.125155  Q10  =  -0.008953  Q11c =  -0.085697  Q11s =   0.090772

H          x =  7.020930  y =  4.916000  z = -0.358390 angstrom
           Maximum rank =  1   Radius =  0.350 angstrom
                   Q00  =   0.023481
|Q1| =   0.125588  Q10  =   0.113182  Q11c =  -0.002794  Q11s =  -0.054355

H          x =  8.215400  y =  3.873260  z =  0.413210 angstrom
           Maximum rank =  1   Radius =  0.350 angstrom
                   Q00  =   0.029695
|Q1| =   0.124834  Q10  =   0.043103  Q11c =  -0.110442  Q11s =   0.039093

H          x =  6.599220  y =  3.258420  z =  0.081340 angstrom
           Maximum rank =  1   Radius =  0.350 angstrom
                   Q00  =   0.027837
|Q1| =   0.124474  Q10  =   0.073809  Q11c =   0.034630  Q11s =   0.094057

H          x =  2.898570  y =  9.752490  z =  6.347010 angstrom
           Maximum rank =  1   Radius =  0.350 angstrom
                   Q00  =   0.082472
|Q1| =   0.103523  Q10  =  -0.010649  Q11c =   0.101365  Q11s =  -0.018131

Total multipoles referred to origin at
           x =   0.000000,  y =    0.000000,  z =    0.000000 angstrom
                   Q00  =  -0.000034
|Q1| =   0.807678  Q10  =   0.083307  Q11c =   0.414888  Q11s =   0.687948
|Q2| = 265.250961  Q20  =  90.620836  Q21c = -27.358343  Q21s =  -0.419308
                   Q22c = -62.073550  Q22s =-239.883630

CPU time used:     73m14.737s          Total:     73m14.737s

Finished at 01:45:15 on 06 Sep 2021 
