                                     G D M A
                                 by Anthony Stone

               Distributed Multipoles from Gaussian wavefunctions

                             version 2.3.3 (e2d289a)
              Compiled with gfortran on 19 March 2021 at 09:53:28

Starting at 00:31:57 on 06 Sep 2021 

s1S0



Using CI density matrix from file sN_mz.fchk


                         Distributed Multipole Analysis

Standard DMA for products of primitives with exponent greater than 4.00000
Using 80-point Euler-MacLaurin radial quadrature
Using 590-point Lebedev quadrature
Becke smoothing parameter = 3

Positions and radii in angstrom
Multipole moments in atomic units, ea_0^k for rank k

S          x =  9.669900  y = 15.237920  z =  6.988090 angstrom
           Maximum rank =  2   Radius =  0.650 angstrom
                   Q00  =   0.804314
|Q1| =   0.919767  Q10  =  -0.071913  Q11c =   0.808109  Q11s =  -0.433313
|Q2| =   2.458976  Q20  =  -2.203206  Q21c =   0.035564  Q21s =   0.648109
                   Q22c =  -0.658852  Q22s =   0.580559

S          x =  8.933700  y = 10.929730  z =  6.368710 angstrom
           Maximum rank =  2   Radius =  0.650 angstrom
                   Q00  =   0.780887
|Q1| =   1.013794  Q10  =   0.123894  Q11c =  -0.729709  Q11s =   0.692786
|Q2| =   2.422129  Q20  =  -2.153567  Q21c =   0.060030  Q21s =   0.511942
                   Q22c =   0.291741  Q22s =   0.937048

O          x = 11.595350  y = 11.923360  z =  6.481030 angstrom
           Maximum rank =  2   Radius =  0.650 angstrom
                   Q00  =  -0.392713
|Q1| =   0.519320  Q10  =   0.060592  Q11c =   0.283451  Q11s =   0.430903
|Q2| =   1.136456  Q20  =  -0.683569  Q21c =  -0.137867  Q21s =   0.188107
                   Q22c =   0.004359  Q22s =  -0.877414

O          x =  9.368740  y = 17.894770  z =  7.373630 angstrom
           Maximum rank =  2   Radius =  0.650 angstrom
                   Q00  =  -0.421090
|Q1| =   0.559462  Q10  =   0.046989  Q11c =   0.424506  Q11s =   0.361366
|Q2| =   0.981984  Q20  =  -0.153061  Q21c =   0.099351  Q21s =  -0.060414
                   Q22c =   0.597699  Q22s =   0.755051

C          x =  8.751980  y = 12.658920  z =  6.632700 angstrom
           Maximum rank =  2   Radius =  0.650 angstrom
                   Q00  =  -0.304786
|Q1| =   0.415830  Q10  =   0.069077  Q11c =  -0.107121  Q11s =   0.395813
|Q2| =   1.490281  Q20  =  -1.203934  Q21c =   0.006230  Q21s =   0.202384
                   Q22c =   0.712963  Q22s =   0.471346

C          x =  9.883850  y = 13.541380  z =  6.741070 angstrom
           Maximum rank =  2   Radius =  0.650 angstrom
                   Q00  =  -0.337190
|Q1| =   0.492219  Q10  =  -0.065432  Q11c =   0.160841  Q11s =  -0.460574
|Q2| =   1.464596  Q20  =  -1.232245  Q21c =   0.014529  Q21s =   0.215173
                   Q22c =   0.634004  Q22s =   0.422069

C          x =  4.527040  y = 12.120090  z =  7.961390 angstrom
           Maximum rank =  2   Radius =  0.650 angstrom
                   Q00  =  -0.060524
|Q1| =   0.078496  Q10  =   0.001485  Q11c =   0.077593  Q11s =   0.011782
|Q2| =   1.287870  Q20  =   0.564988  Q21c =  -0.684394  Q21s =  -0.020034
                   Q22c =  -0.880950  Q22s =  -0.307450

C          x =  4.354280  y = 11.222860  z =  9.007480 angstrom
           Maximum rank =  2   Radius =  0.650 angstrom
                   Q00  =  -0.034631
|Q1| =   0.097443  Q10  =  -0.045009  Q11c =   0.023639  Q11s =   0.083130
|Q2| =   1.471903  Q20  =   0.523423  Q21c =  -0.648978  Q21s =   0.048650
                   Q22c =  -1.167314  Q22s =  -0.326137

H          x =  4.538470  y = 10.168010  z =  8.851590 angstrom
           Maximum rank =  1   Radius =  0.350 angstrom
                   Q00  =   0.077221
|Q1| =   0.098325  Q10  =  -0.044987  Q11c =  -0.006126  Q11s =   0.087214

C          x = 11.231410  y = 13.209120  z =  6.673150 angstrom
           Maximum rank =  2   Radius =  0.650 angstrom
                   Q00  =   0.077019
|Q1| =   0.126214  Q10  =  -0.016787  Q11c =  -0.022886  Q11s =  -0.122982
|Q2| =   1.141023  Q20  =  -1.088811  Q21c =  -0.034422  Q21s =   0.301661
                   Q22c =  -0.147411  Q22s =  -0.050118

C          x = 11.392010  y = 15.512170  z =  7.003580 angstrom
           Maximum rank =  2   Radius =  0.650 angstrom
                   Q00  =  -0.312944
|Q1| =   0.435717  Q10  =  -0.006187  Q11c =   0.435614  Q11s =  -0.007200
|Q2| =   1.414631  Q20  =  -1.167062  Q21c =   0.003571  Q21s =   0.394854
                   Q22c =  -0.674151  Q22s =   0.169539

C          x =  7.422290  y = 13.012690  z =  6.716480 angstrom
           Maximum rank =  2   Radius =  0.650 angstrom
                   Q00  =  -0.048376
|Q1| =   0.102951  Q10  =   0.016173  Q11c =   0.012959  Q11s =  -0.100844
|Q2| =   1.488313  Q20  =  -1.423654  Q21c =  -0.087524  Q21s =   0.422027
                   Q22c =  -0.039647  Q22s =   0.030767

H          x =  7.097220  y = 14.029940  z =  6.886350 angstrom
           Maximum rank =  1   Radius =  0.350 angstrom
                   Q00  =   0.087084
|Q1| =   0.093996  Q10  =  -0.011366  Q11c =   0.019919  Q11s =  -0.091155

C          x = 10.395150  y = 18.533520  z =  7.453220 angstrom
           Maximum rank =  2   Radius =  0.650 angstrom
                   Q00  =   0.191543
|Q1| =   0.030485  Q10  =  -0.002073  Q11c =  -0.023909  Q11s =  -0.018798
|Q2| =   0.761750  Q20  =  -0.698559  Q21c =   0.017341  Q21s =   0.163918
                   Q22c =   0.084776  Q22s =   0.240671

C          x =  7.231070  y = 10.735290  z =  6.371860 angstrom
           Maximum rank =  2   Radius =  0.650 angstrom
                   Q00  =  -0.338974
|Q1| =   0.611119  Q10  =   0.043306  Q11c =  -0.602635  Q11s =   0.091771
|Q2| =   1.364270  Q20  =  -1.199982  Q21c =   0.002642  Q21s =   0.379660
                   Q22c =  -0.416030  Q22s =   0.322560

C          x =  6.562620  y = 11.912910  z =  6.561960 angstrom
           Maximum rank =  2   Radius =  0.650 angstrom
                   Q00  =  -0.072652
|Q1| =   0.110730  Q10  =   0.038249  Q11c =  -0.025153  Q11s =  -0.100824
|Q2| =   1.252860  Q20  =  -1.186633  Q21c =  -0.051725  Q21s =   0.306399
                   Q22c =   0.158435  Q22s =   0.199757

C          x = 12.124720  y = 16.716940  z =  7.167300 angstrom
           Maximum rank =  2   Radius =  0.650 angstrom
                   Q00  =   0.020742
|Q1| =   0.021219  Q10  =   0.002685  Q11c =   0.014085  Q11s =   0.015642
|Q2| =   1.373127  Q20  =  -1.316196  Q21c =  -0.026640  Q21s =   0.357945
                   Q22c =  -0.153767  Q22s =   0.025016

H          x = 13.185370  y = 16.510930  z =  7.123140 angstrom
           Maximum rank =  1   Radius =  0.350 angstrom
                   Q00  =   0.091677
|Q1| =   0.071946  Q10  =   0.006983  Q11c =  -0.056862  Q11s =   0.043521

C          x =  4.988520  y = 12.753180  z =  4.269580 angstrom
           Maximum rank =  2   Radius =  0.650 angstrom
                   Q00  =  -0.033536
|Q1| =   0.097071  Q10  =   0.063024  Q11c =  -0.069400  Q11s =  -0.025185
|Q2| =   1.456469  Q20  =   0.327301  Q21c =  -0.033705  Q21s =  -0.864405
                   Q22c =   1.068170  Q22s =  -0.353349

H          x =  6.059900  y = 12.616100  z =  4.195190 angstrom
           Maximum rank =  1   Radius =  0.350 angstrom
                   Q00  =   0.077449
|Q1| =   0.100359  Q10  =   0.059826  Q11c =  -0.080326  Q11s =  -0.006365

C          x =  5.057100  y = 11.687410  z =  6.587450 angstrom
           Maximum rank =  2   Radius =  0.650 angstrom
                   Q00  =  -0.009619
|Q1| =   0.059763  Q10  =  -0.007331  Q11c =   0.048602  Q11s =  -0.033995
|Q2| =   0.189507  Q20  =   0.021061  Q21c =   0.035256  Q21s =   0.067627
                   Q22c =   0.033780  Q22s =  -0.168854

C          x = 11.776520  y = 18.022560  z =  7.360460 angstrom
           Maximum rank =  2   Radius =  0.650 angstrom
                   Q00  =  -0.065703
|Q1| =   0.063675  Q10  =   0.008705  Q11c =  -0.032606  Q11s =   0.053997
|Q2| =   1.335412  Q20  =  -1.270926  Q21c =  -0.037143  Q21s =   0.354352
                   Q22c =  -0.193322  Q22s =  -0.061270

C          x = 12.071330  y = 14.313170  z =  6.820720 angstrom
           Maximum rank =  2   Radius =  0.650 angstrom
                   Q00  =  -0.066961
|Q1| =   0.096727  Q10  =   0.002878  Q11c =  -0.096516  Q11s =   0.005711
|Q2| =   1.535835  Q20  =  -1.484414  Q21c =  -0.022289  Q21s =   0.362421
                   Q22c =   0.103892  Q22s =   0.112537

H          x = 13.150990  y = 14.272960  z =  6.800040 angstrom
           Maximum rank =  1   Radius =  0.350 angstrom
                   Q00  =   0.073375
|Q1| =   0.099115  Q10  =   0.003460  Q11c =  -0.098152  Q11s =   0.013336

C          x =  4.322640  y = 12.375960  z =  5.429520 angstrom
           Maximum rank =  2   Radius =  0.650 angstrom
                   Q00  =  -0.058947
|Q1| =   0.065836  Q10  =  -0.010309  Q11c =  -0.000123  Q11s =  -0.065024
|Q2| =   1.279035  Q20  =   0.354846  Q21c =  -0.031595  Q21s =  -0.853821
                   Q22c =   0.792086  Q22s =  -0.390649

C          x =  4.293210  y = 13.472070  z =  8.217320 angstrom
           Maximum rank =  2   Radius =  0.650 angstrom
                   Q00  =  -0.048983
|Q1| =   0.102188  Q10  =   0.016560  Q11c =   0.006297  Q11s =  -0.100641
|Q2| =   1.476511  Q20  =   0.692020  Q21c =  -0.597451  Q21s =  -0.128005
                   Q22c =  -1.109308  Q22s =  -0.311923

H          x =  4.415000  y = 14.197390  z =  7.421610 angstrom
           Maximum rank =  1   Radius =  0.350 angstrom
                   Q00  =   0.074134
|Q1| =   0.105967  Q10  =   0.038453  Q11c =  -0.008724  Q11s =  -0.098358

C          x =  3.952460  y = 11.660460  z = 10.263770 angstrom
           Maximum rank =  2   Radius =  0.650 angstrom
                   Q00  =  -0.033261
|Q1| =   0.075099  Q10  =  -0.050511  Q11c =   0.009207  Q11s =   0.054806
|Q2| =   1.405152  Q20  =   0.551744  Q21c =  -0.610888  Q21s =  -0.189219
                   Q22c =  -1.094391  Q22s =  -0.251693

H          x =  3.826320  y = 10.934950  z = 11.060130 angstrom
           Maximum rank =  1   Radius =  0.350 angstrom
                   Q00  =   0.044835
|Q1| =   0.117535  Q10  =  -0.087656  Q11c =   0.014346  Q11s =   0.076975

C          x =  5.009330  y = 10.165850  z =  6.361900 angstrom
           Maximum rank =  2   Radius =  0.650 angstrom
                   Q00  =  -0.041869
|Q1| =   0.087436  Q10  =  -0.042712  Q11c =   0.074382  Q11s =   0.016975
|Q2| =   1.249046  Q20  =  -1.196509  Q21c =  -0.022214  Q21s =   0.320760
                   Q22c =  -0.054499  Q22s =   0.148764

C          x =  6.512340  y =  8.270410  z =  6.012840 angstrom
           Maximum rank =  2   Radius =  0.650 angstrom
                   Q00  =  -0.018987
|Q1| =   0.107048  Q10  =   0.039789  Q11c =  -0.093836  Q11s =   0.032725
|Q2| =   1.456778  Q20  =  -1.410695  Q21c =  -0.041883  Q21s =   0.361050
                   Q22c =  -0.005429  Q22s =   0.000928

C          x = 12.685020  y = 19.162860  z =  7.513010 angstrom
           Maximum rank =  2   Radius =  0.650 angstrom
                   Q00  =   0.032789
|Q1| =   0.041840  Q10  =   0.003036  Q11c =  -0.038757  Q11s =   0.015468
|Q2| =   1.156074  Q20  =  -1.090381  Q21c =  -0.030956  Q21s =   0.235654
                   Q22c =   0.301483  Q22s =   0.013892

C          x = 10.494850  y = 19.992930  z =  7.664450 angstrom
           Maximum rank =  2   Radius =  0.650 angstrom
                   Q00  =  -0.043945
|Q1| =   0.076870  Q10  =  -0.003138  Q11c =   0.074976  Q11s =  -0.016669
|Q2| =   1.230827  Q20  =  -1.179488  Q21c =  -0.049888  Q21s =   0.312375
                   Q22c =  -0.041669  Q22s =  -0.148128

C          x =  6.303900  y =  9.628780  z =  6.234970 angstrom
           Maximum rank =  2   Radius =  0.650 angstrom
                   Q00  =  -0.026297
|Q1| =   0.119195  Q10  =   0.008983  Q11c =  -0.103894  Q11s =   0.057730
|Q2| =   1.286444  Q20  =  -1.198249  Q21c =  -0.043184  Q21s =   0.368211
                   Q22c =  -0.281955  Q22s =   0.046843

C          x = 14.051890  y = 19.166690  z =  7.492960 angstrom
           Maximum rank =  2   Radius =  0.650 angstrom
                   Q00  =  -0.022689
|Q1| =   0.025158  Q10  =  -0.000042  Q11c =   0.025142  Q11s =   0.000882
|Q2| =   1.314448  Q20  =  -1.269877  Q21c =  -0.036304  Q21s =   0.306924
                   Q22c =   0.140225  Q22s =  -0.001482

C          x = 14.847160  y = 17.996630  z =  7.310060 angstrom
           Maximum rank =  2   Radius =  0.650 angstrom
                   Q00  =   0.060294
|Q1| =   0.100048  Q10  =   0.014717  Q11c =  -0.021032  Q11s =   0.096699
|Q2| =   1.202668  Q20  =  -0.692608  Q21c =  -0.141290  Q21s =   0.244766
                   Q22c =  -0.348876  Q22s =  -0.874710

C          x = 11.837730  y = 20.370590  z =  7.701030 angstrom
           Maximum rank =  2   Radius =  0.650 angstrom
                   Q00  =  -0.025921
|Q1| =   0.085412  Q10  =  -0.007080  Q11c =  -0.063801  Q11s =  -0.056343
|Q2| =   1.241462  Q20  =  -1.187228  Q21c =  -0.029684  Q21s =   0.329013
                   Q22c =  -0.149325  Q22s =  -0.017037

C          x =  4.299670  y = 13.307490  z =  3.198660 angstrom
           Maximum rank =  2   Radius =  0.650 angstrom
                   Q00  =  -0.033046
|Q1| =   0.076249  Q10  =   0.058869  Q11c =  -0.043989  Q11s =  -0.020329
|Q2| =   1.400605  Q20  =   0.436809  Q21c =  -0.222558  Q21s =  -0.850058
                   Q22c =   0.965746  Q22s =  -0.257095

H          x =  4.849000  y = 13.597840  z =  2.309650 angstrom
           Maximum rank =  1   Radius =  0.350 angstrom
                   Q00  =   0.045038
|Q1| =   0.117488  Q10  =   0.096653  Q11c =  -0.058413  Q11s =  -0.032397

C          x =  2.259370  y = 13.120890  z =  4.409970 angstrom
           Maximum rank =  2   Radius =  0.650 angstrom
                   Q00  =  -0.034035
|Q1| =   0.075877  Q10  =  -0.013760  Q11c =   0.074510  Q11s =  -0.004027
|Q2| =   1.418164  Q20  =   0.320047  Q21c =  -0.134755  Q21s =  -0.800973
                   Q22c =   1.061063  Q22s =  -0.350980

H          x =  1.186300  y = 13.264570  z =  4.482050 angstrom
           Maximum rank =  1   Radius =  0.350 angstrom
                   Q00  =   0.046997
|Q1| =   0.116851  Q10  =  -0.010764  Q11c =   0.115192  Q11s =  -0.016406

C          x = 11.120840  y = 22.625830  z =  8.039800 angstrom
           Maximum rank =  2   Radius =  0.650 angstrom
                   Q00  =  -0.011904
|Q1| =   0.055169  Q10  =  -0.007630  Q11c =   0.001596  Q11s =  -0.054616
|Q2| =   1.340067  Q20  =  -1.277042  Q21c =  -0.014107  Q21s =   0.354064
                   Q22c =  -0.171471  Q22s =   0.099905

H          x = 11.362840  y = 23.670990  z =  8.188960 angstrom
           Maximum rank =  1   Radius =  0.350 angstrom
                   Q00  =   0.048657
|Q1| =   0.104810  Q10  =  -0.014649  Q11c =  -0.016617  Q11s =  -0.102442

C          x = 12.981890  y = 11.634200  z =  6.427790 angstrom
           Maximum rank =  2   Radius =  0.650 angstrom
                   Q00  =   0.170139
|Q1| =   0.143404  Q10  =  -0.001171  Q11c =  -0.142273  Q11s =  -0.017935
|Q2| =   0.144453  Q20  =  -0.084807  Q21c =  -0.017904  Q21s =   0.016058
                   Q22c =   0.044233  Q22s =  -0.105543

H          x = 13.461320  y = 12.157930  z =  5.595770 angstrom
           Maximum rank =  1   Radius =  0.350 angstrom
                   Q00  =   0.046776
|Q1| =   0.113876  Q10  =   0.078558  Q11c =  -0.080554  Q11s =  -0.017534

H          x = 13.060500  y = 10.561240  z =  6.272360 angstrom
           Maximum rank =  1   Radius =  0.350 angstrom
                   Q00  =   0.049291
|Q1| =   0.104201  Q10  =   0.013591  Q11c =  -0.051064  Q11s =   0.089808

C          x =  2.942400  y = 12.570250  z =  5.480710 angstrom
           Maximum rank =  2   Radius =  0.650 angstrom
                   Q00  =  -0.051224
|Q1| =   0.104378  Q10  =  -0.035325  Q11c =   0.097104  Q11s =   0.014756
|Q2| =   1.486570  Q20  =   0.564082  Q21c =  -0.150466  Q21s =  -0.847210
                   Q22c =   1.010094  Q22s =  -0.361950

H          x =  2.395500  y = 12.304150  z =  6.377060 angstrom
           Maximum rank =  1   Radius =  0.350 angstrom
                   Q00  =   0.074062
|Q1| =   0.106467  Q10  =  -0.052693  Q11c =   0.090517  Q11s =   0.019114

C          x =  2.925120  y = 13.500270  z =  3.246190 angstrom
           Maximum rank =  2   Radius =  0.650 angstrom
                   Q00  =  -0.078965
|Q1| =   0.121926  Q10  =   0.093783  Q11c =   0.061674  Q11s =  -0.047615
|Q2| =   1.151796  Q20  =   0.350984  Q21c =  -0.035670  Q21s =  -0.716699
                   Q22c =   0.780051  Q22s =  -0.282905

C          x = 12.157560  y = 21.711660  z =  7.892220 angstrom
           Maximum rank =  2   Radius =  0.650 angstrom
                   Q00  =  -0.006863
|Q1| =   0.083134  Q10  =  -0.009152  Q11c =  -0.044560  Q11s =  -0.069585
|Q2| =   1.396129  Q20  =  -1.343019  Q21c =  -0.025081  Q21s =   0.316263
                   Q22c =   0.199314  Q22s =   0.071423

H          x = 13.177420  y = 22.060620  z =  7.929110 angstrom
           Maximum rank =  1   Radius =  0.350 angstrom
                   Q00  =   0.086268
|Q1| =   0.077380  Q10  =  -0.008629  Q11c =  -0.043986  Q11s =  -0.063074

C          x =  9.786870  y = 22.231250  z =  8.000490 angstrom
           Maximum rank =  2   Radius =  0.650 angstrom
                   Q00  =  -0.015027
|Q1| =   0.061663  Q10  =  -0.007125  Q11c =   0.038628  Q11s =  -0.047534
|Q2| =   1.350804  Q20  =  -1.282725  Q21c =  -0.068448  Q21s =   0.331549
                   Q22c =   0.021306  Q22s =  -0.253426

H          x =  9.004480  y = 22.970770  z =  8.119020 angstrom
           Maximum rank =  1   Radius =  0.350 angstrom
                   Q00  =   0.045261
|Q1| =   0.105796  Q10  =  -0.011648  Q11c =   0.075283  Q11s =  -0.073414

N          x = 15.500480  y = 21.277130  z =  7.778530 angstrom
           Maximum rank =  2   Radius =  0.650 angstrom
                   Q00  =  -0.228719
|Q1| =   0.565060  Q10  =  -0.064310  Q11c =  -0.299278  Q11s =  -0.474962
|Q2| =   0.629370  Q20  =  -0.328213  Q21c =   0.067592  Q21s =   0.094332
                   Q22c =  -0.118233  Q22s =   0.510819

C          x = 14.835610  y = 20.347920  z =  7.653210 angstrom
           Maximum rank =  2   Radius =  0.650 angstrom
                   Q00  =   0.057456
|Q1| =   0.108285  Q10  =  -0.014596  Q11c =  -0.022873  Q11s =  -0.104830
|Q2| =   1.216077  Q20  =  -0.689007  Q21c =   0.119636  Q21s =   0.212925
                   Q22c =  -0.333179  Q22s =   0.912938

C          x =  9.461630  y = 20.895900  z =  7.810200 angstrom
           Maximum rank =  2   Radius =  0.650 angstrom
                   Q00  =   0.007989
|Q1| =   0.095943  Q10  =  -0.008105  Q11c =   0.081649  Q11s =  -0.049728
|Q2| =   1.338430  Q20  =  -1.288436  Q21c =  -0.011477  Q21s =   0.314288
                   Q22c =   0.107052  Q22s =   0.144775

H          x =  8.435550  y = 20.551460  z =  7.773950 angstrom
           Maximum rank =  1   Radius =  0.350 angstrom
                   Q00  =   0.072214
|Q1| =   0.099379  Q10  =  -0.001944  Q11c =   0.099241  Q11s =  -0.004864

N          x = 15.507310  y = 17.066440  z =  7.164070 angstrom
           Maximum rank =  2   Radius =  0.650 angstrom
                   Q00  =  -0.236598
|Q1| =   0.574523  Q10  =   0.075815  Q11c =  -0.297491  Q11s =   0.485621
|Q2| =   0.623728  Q20  =  -0.322885  Q21c =  -0.081730  Q21s =   0.104646
                   Q22c =  -0.087439  Q22s =  -0.509417

C          x =  3.713130  y = 13.003760  z = 10.519100 angstrom
           Maximum rank =  2   Radius =  0.650 angstrom
                   Q00  =  -0.078388
|Q1| =   0.121441  Q10  =  -0.108954  Q11c =   0.037991  Q11s =  -0.037861
|Q2| =   1.148904  Q20  =   0.500882  Q21c =  -0.537824  Q21s =  -0.011244
                   Q22c =  -0.851930  Q22s =  -0.232229

C          x =  3.895200  y = 13.903460  z =  9.469990 angstrom
           Maximum rank =  2   Radius =  0.650 angstrom
                   Q00  =  -0.032892
|Q1| =   0.075500  Q10  =  -0.002385  Q11c =   0.007614  Q11s =  -0.075077
|Q2| =   1.414296  Q20  =   0.462880  Q21c =  -0.610858  Q21s =  -0.032307
                   Q22c =  -1.147304  Q22s =  -0.308998

H          x =  3.722630  y = 14.961450  z =  9.637450 angstrom
           Maximum rank =  1   Radius =  0.350 angstrom
                   Q00  =   0.048309
|Q1| =   0.115666  Q10  =  -0.015807  Q11c =   0.019502  Q11s =  -0.112909

H          x = 13.475820  y = 11.902610  z =  7.366030 angstrom
           Maximum rank =  1   Radius =  0.350 angstrom
                   Q00  =   0.047471
|Q1| =   0.113460  Q10  =  -0.078389  Q11c =  -0.081869  Q11s =   0.005082

C          x =  2.172360  y = 14.086070  z =  2.082150 angstrom
           Maximum rank =  2   Radius =  0.650 angstrom
                   Q00  =   0.023098
|Q1| =   0.023862  Q10  =   0.014328  Q11c =   0.018505  Q11s =  -0.004656
|Q2| =   0.103014  Q20  =   0.040799  Q21c =   0.051501  Q21s =  -0.069677
                   Q22c =   0.001815  Q22s =  -0.037904

C          x =  3.257390  y = 13.478230  z = 11.872510 angstrom
           Maximum rank =  2   Radius =  0.650 angstrom
                   Q00  =   0.023156
|Q1| =   0.023669  Q10  =  -0.015811  Q11c =   0.011941  Q11s =  -0.012948
|Q2| =   0.102700  Q20  =   0.083177  Q21c =  -0.043518  Q21s =   0.038701
                   Q22c =  -0.013282  Q22s =  -0.007802

H          x =  1.575460  y = 13.321770  z =  1.576930 angstrom
           Maximum rank =  1   Radius =  0.350 angstrom
                   Q00  =   0.030292
|Q1| =   0.124498  Q10  =   0.084131  Q11c =   0.077992  Q11s =   0.048362

H          x =  2.852420  y = 14.515670  z =  1.345700 angstrom
           Maximum rank =  1   Radius =  0.350 angstrom
                   Q00  =   0.023324
|Q1| =   0.125616  Q10  =   0.104663  Q11c =  -0.036931  Q11s =  -0.058832

H          x =  1.487190  y = 14.871840  z =  2.407450 angstrom
           Maximum rank =  1   Radius =  0.350 angstrom
                   Q00  =   0.027194
|Q1| =   0.125030  Q10  =   0.009032  Q11c =   0.085644  Q11s =  -0.090642

H          x =  3.392190  y = 12.705020  z = 12.629810 angstrom
           Maximum rank =  1   Radius =  0.350 angstrom
                   Q00  =   0.023650
|Q1| =   0.125392  Q10  =  -0.112969  Q11c =   0.002758  Q11s =   0.054345

H          x =  2.197600  y = 13.747620  z = 11.858210 angstrom
           Maximum rank =  1   Radius =  0.350 angstrom
                   Q00  =   0.029949
|Q1| =   0.124590  Q10  =  -0.042965  Q11c =   0.110265  Q11s =  -0.038965

H          x =  3.813730  y = 14.362620  z = 12.190010 angstrom
           Maximum rank =  1   Radius =  0.350 angstrom
                   Q00  =   0.028123
|Q1| =   0.124191  Q10  =  -0.073610  Q11c =  -0.034596  Q11s =  -0.093852

H          x =  7.514460  y =  7.868480  z =  5.924390 angstrom
           Maximum rank =  1   Radius =  0.350 angstrom
                   Q00  =   0.082341
|Q1| =   0.103611  Q10  =   0.010712  Q11c =  -0.101437  Q11s =   0.018198

S          x =  0.743120  y =  2.383100  z =  5.282960 angstrom
           Maximum rank =  2   Radius =  0.650 angstrom
                   Q00  =   0.803844
|Q1| =   0.920193  Q10  =   0.073190  Q11c =  -0.808478  Q11s =   0.433314
|Q2| =   2.460776  Q20  =  -2.204778  Q21c =   0.035714  Q21s =   0.648989
                   Q22c =  -0.659212  Q22s =   0.580818

S          x =  1.479330  y =  6.691230  z =  5.902730 angstrom
           Maximum rank =  2   Radius =  0.650 angstrom
                   Q00  =   0.780904
|Q1| =   1.013701  Q10  =  -0.122876  Q11c =   0.729630  Q11s =  -0.692914
|Q2| =   2.422350  Q20  =  -2.153640  Q21c =   0.059291  Q21s =   0.512554
                   Q22c =   0.291763  Q22s =   0.937156

O          x = -1.182320  y =  5.697540  z =  5.790880 angstrom
           Maximum rank =  2   Radius =  0.650 angstrom
                   Q00  =  -0.392602
|Q1| =   0.519272  Q10  =  -0.060146  Q11c =  -0.283439  Q11s =  -0.430915
|Q2| =   1.136322  Q20  =  -0.683277  Q21c =  -0.138101  Q21s =   0.188618
                   Q22c =   0.004400  Q22s =  -0.877321

O          x =  1.044260  y = -0.273680  z =  4.896880 angstrom
           Maximum rank =  2   Radius =  0.650 angstrom
                   Q00  =  -0.421235
|Q1| =   0.559565  Q10  =  -0.046495  Q11c =  -0.424651  Q11s =  -0.361417
|Q2| =   0.982044  Q20  =  -0.153175  Q21c =   0.099462  Q21s =  -0.060375
                   Q22c =   0.597727  Q22s =   0.755071

C          x =  1.661040  y =  4.962050  z =  5.638720 angstrom
           Maximum rank =  2   Radius =  0.650 angstrom
                   Q00  =  -0.304613
|Q1| =   0.415780  Q10  =  -0.068435  Q11c =   0.107349  Q11s =  -0.395810
|Q2| =   1.489732  Q20  =  -1.203359  Q21c =   0.006124  Q21s =   0.202402
                   Q22c =   0.712921  Q22s =   0.471137

C          x =  0.529170  y =  4.079600  z =  5.530330 angstrom
           Maximum rank =  2   Radius =  0.650 angstrom
                   Q00  =  -0.337393
|Q1| =   0.492137  Q10  =   0.066161  Q11c =  -0.161050  Q11s =   0.460309
|Q2| =   1.465051  Q20  =  -1.232683  Q21c =   0.014335  Q21s =   0.215333
                   Q22c =   0.634110  Q22s =   0.422134

C          x =  5.885980  y =  5.500890  z =  4.310010 angstrom
           Maximum rank =  2   Radius =  0.650 angstrom
                   Q00  =  -0.060098
|Q1| =   0.078295  Q10  =  -0.001377  Q11c =  -0.077394  Q11s =  -0.011763
|Q2| =   1.286862  Q20  =   0.564405  Q21c =  -0.683795  Q21s =  -0.020227
                   Q22c =  -0.880436  Q22s =  -0.307096

C          x =  6.058750  y =  6.398120  z =  3.263930 angstrom
           Maximum rank =  2   Radius =  0.650 angstrom
                   Q00  =  -0.034621
|Q1| =   0.097514  Q10  =   0.045237  Q11c =  -0.023530  Q11s =  -0.083120
|Q2| =   1.471848  Q20  =   0.523479  Q21c =  -0.649070  Q21s =   0.049066
                   Q22c =  -1.167151  Q22s =  -0.326135

H          x =  5.874580  y =  7.452970  z =  3.419820 angstrom
           Maximum rank =  1   Radius =  0.350 angstrom
                   Q00  =   0.077249
|Q1| =   0.098391  Q10  =   0.045100  Q11c =   0.006117  Q11s =  -0.087231

C          x = -0.818390  y =  4.411820  z =  5.598490 angstrom
           Maximum rank =  2   Radius =  0.650 angstrom
                   Q00  =   0.077163
|Q1| =   0.126239  Q10  =   0.017377  Q11c =   0.023054  Q11s =   0.122893
|Q2| =   1.140748  Q20  =  -1.088428  Q21c =  -0.034781  Q21s =   0.301937
                   Q22c =  -0.147415  Q22s =  -0.050220

C          x = -0.978990  y =  2.108820  z =  5.267690 angstrom
           Maximum rank =  2   Radius =  0.650 angstrom
                   Q00  =  -0.312728
|Q1| =   0.435690  Q10  =   0.006950  Q11c =  -0.435574  Q11s =   0.007259
|Q2| =   1.414202  Q20  =  -1.166578  Q21c =   0.003519  Q21s =   0.395147
                   Q22c =  -0.673955  Q22s =   0.169389

C          x =  2.990730  y =  4.608280  z =  5.554940 angstrom
           Maximum rank =  2   Radius =  0.650 angstrom
                   Q00  =  -0.048456
|Q1| =   0.102763  Q10  =  -0.015516  Q11c =  -0.013172  Q11s =   0.100728
|Q2| =   1.488613  Q20  =  -1.424039  Q21c =  -0.087592  Q21s =   0.421772
                   Q22c =  -0.039623  Q22s =   0.030765

H          x =  3.315800  y =  3.591030  z =  5.385080 angstrom
           Maximum rank =  1   Radius =  0.350 angstrom
                   Q00  =   0.087045
|Q1| =   0.094016  Q10  =   0.011461  Q11c =  -0.019928  Q11s =   0.091162

C          x =  0.017850  y = -0.912430  z =  4.817350 angstrom
           Maximum rank =  2   Radius =  0.650 angstrom
                   Q00  =   0.191479
|Q1| =   0.030525  Q10  =   0.002591  Q11c =   0.023982  Q11s =   0.018706
|Q2| =   0.761960  Q20  =  -0.698723  Q21c =   0.017217  Q21s =   0.164155
                   Q22c =   0.084690  Q22s =   0.240737

C          x =  3.181950  y =  6.885680  z =  5.899540 angstrom
           Maximum rank =  2   Radius =  0.650 angstrom
                   Q00  =  -0.338791
|Q1| =   0.611089  Q10  =  -0.042683  Q11c =   0.602623  Q11s =  -0.091942
|Q2| =   1.363746  Q20  =  -1.199426  Q21c =   0.002312  Q21s =   0.379596
                   Q22c =  -0.416054  Q22s =   0.322460

C          x =  3.850400  y =  5.708070  z =  5.709440 angstrom
           Maximum rank =  2   Radius =  0.650 angstrom
                   Q00  =  -0.072644
|Q1| =   0.110641  Q10  =  -0.037695  Q11c =   0.025197  Q11s =   0.100923
|Q2| =   1.252930  Q20  =  -1.186700  Q21c =  -0.051858  Q21s =   0.306409
                   Q22c =   0.158480  Q22s =   0.199710

C          x = -1.711710  y =  0.904070  z =  5.103850 angstrom
           Maximum rank =  2   Radius =  0.650 angstrom
                   Q00  =   0.020170
|Q1| =   0.021378  Q10  =  -0.002066  Q11c =  -0.014035  Q11s =  -0.015993
|Q2| =   1.374832  Q20  =  -1.317684  Q21c =  -0.027171  Q21s =   0.358932
                   Q22c =  -0.153844  Q22s =   0.025145

H          x = -2.772350  y =  1.110060  z =  5.148220 angstrom
           Maximum rank =  1   Radius =  0.350 angstrom
                   Q00  =   0.091594
|Q1| =   0.071979  Q10  =  -0.006901  Q11c =   0.056892  Q11s =  -0.043550

C          x =  5.424500  y =  4.867800  z =  8.001820 angstrom
           Maximum rank =  2   Radius =  0.650 angstrom
                   Q00  =  -0.033464
|Q1| =   0.096938  Q10  =  -0.062767  Q11c =   0.069409  Q11s =   0.025293
|Q2| =   1.456243  Q20  =   0.327367  Q21c =  -0.034200  Q21s =  -0.864236
                   Q22c =   1.068028  Q22s =  -0.353155

H          x =  4.353120  y =  5.004870  z =  8.076210 angstrom
           Maximum rank =  1   Radius =  0.350 angstrom
                   Q00  =   0.077507
|Q1| =   0.100233  Q10  =  -0.059686  Q11c =   0.080273  Q11s =   0.006346

C          x =  5.355930  y =  5.933560  z =  5.683950 angstrom
           Maximum rank =  2   Radius =  0.650 angstrom
                   Q00  =  -0.009622
|Q1| =   0.059756  Q10  =   0.007350  Q11c =  -0.048586  Q11s =   0.034003
|Q2| =   0.189526  Q20  =   0.021217  Q21c =   0.034904  Q21s =   0.067896
                   Q22c =   0.033929  Q22s =  -0.168792

C          x = -1.363520  y = -0.401510  z =  4.910400 angstrom
           Maximum rank =  2   Radius =  0.650 angstrom
                   Q00  =  -0.065719
|Q1| =   0.063397  Q10  =  -0.008103  Q11c =   0.032590  Q11s =  -0.053771
|Q2| =   1.335666  Q20  =  -1.271061  Q21c =  -0.037520  Q21s =   0.354905
                   Q22c =  -0.193098  Q22s =  -0.061280

C          x = -1.658310  y =  3.307780  z =  5.450850 angstrom
           Maximum rank =  2   Radius =  0.650 angstrom
                   Q00  =  -0.067274
|Q1| =   0.096801  Q10  =  -0.002218  Q11c =   0.096589  Q11s =  -0.006004
|Q2| =   1.536852  Q20  =  -1.485249  Q21c =  -0.023147  Q21s =   0.363191
                   Q22c =   0.103870  Q22s =   0.112776

H          x = -2.737970  y =  3.347970  z =  5.471700 angstrom
           Maximum rank =  1   Radius =  0.350 angstrom
                   Q00  =   0.073331
|Q1| =   0.099143  Q10  =  -0.003354  Q11c =   0.098181  Q11s =  -0.013365

C          x =  6.090380  y =  5.245010  z =  6.841880 angstrom
           Maximum rank =  2   Radius =  0.650 angstrom
                   Q00  =  -0.059308
|Q1| =   0.066070  Q10  =   0.010465  Q11c =   0.000117  Q11s =   0.065236
|Q2| =   1.279892  Q20  =   0.355127  Q21c =  -0.031380  Q21s =  -0.854399
                   Q22c =   0.792533  Q22s =  -0.391046

C          x =  6.119800  y =  4.148900  z =  4.054070 angstrom
           Maximum rank =  2   Radius =  0.650 angstrom
                   Q00  =  -0.048684
|Q1| =   0.102126  Q10  =  -0.016374  Q11c =  -0.006224  Q11s =   0.100612
|Q2| =   1.475696  Q20  =   0.691702  Q21c =  -0.597249  Q21s =  -0.127861
                   Q22c =  -1.108579  Q22s =  -0.311807

H          x =  5.998000  y =  3.423580  z =  4.849780 angstrom
           Maximum rank =  1   Radius =  0.350 angstrom
                   Q00  =   0.074436
|Q1| =   0.105783  Q10  =  -0.038273  Q11c =   0.008699  Q11s =   0.098232

C          x =  6.460590  y =  5.960530  z =  2.007640 angstrom
           Maximum rank =  2   Radius =  0.650 angstrom
                   Q00  =  -0.033593
|Q1| =   0.075265  Q10  =   0.050764  Q11c =  -0.009118  Q11s =  -0.054815
|Q2| =   1.406432  Q20  =   0.551963  Q21c =  -0.611454  Q21s =  -0.189380
                   Q22c =  -1.095539  Q22s =  -0.251874

H          x =  6.586740  y =  6.686040  z =  1.211280 angstrom
           Maximum rank =  1   Radius =  0.350 angstrom
                   Q00  =   0.044408
|Q1| =   0.117910  Q10  =   0.087995  Q11c =  -0.014387  Q11s =  -0.077153

C          x =  5.403700  y =  7.455120  z =  5.909500 angstrom
           Maximum rank =  2   Radius =  0.650 angstrom
                   Q00  =  -0.041849
|Q1| =   0.087663  Q10  =   0.043222  Q11c =  -0.074347  Q11s =  -0.017006
|Q2| =   1.248855  Q20  =  -1.196305  Q21c =  -0.022220  Q21s =   0.320780
                   Q22c =  -0.054557  Q22s =   0.148745

C          x =  3.900680  y =  9.350560  z =  6.258560 angstrom
           Maximum rank =  2   Radius =  0.650 angstrom
                   Q00  =  -0.018902
|Q1| =   0.106841  Q10  =  -0.039170  Q11c =   0.093822  Q11s =  -0.032835
|Q2| =   1.456598  Q20  =  -1.410511  Q21c =  -0.042205  Q21s =   0.361003
                   Q22c =  -0.005442  Q22s =   0.000875

C          x = -2.272020  y = -1.541790  z =  4.757790 angstrom
           Maximum rank =  2   Radius =  0.650 angstrom
                   Q00  =   0.032418
|Q1| =   0.041650  Q10  =  -0.002532  Q11c =   0.038521  Q11s =  -0.015635
|Q2| =   1.157143  Q20  =  -1.091390  Q21c =  -0.031357  Q21s =   0.236225
                   Q22c =   0.301451  Q22s =   0.013798

C          x = -0.081870  y = -2.371810  z =  4.605880 angstrom
           Maximum rank =  2   Radius =  0.650 angstrom
                   Q00  =  -0.043976
|Q1| =   0.076954  Q10  =   0.003711  Q11c =  -0.075039  Q11s =   0.016650
|Q2| =   1.230923  Q20  =  -1.179474  Q21c =  -0.050136  Q21s =   0.312773
                   Q22c =  -0.041588  Q22s =  -0.148131

C          x =  4.109120  y =  7.992190  z =  6.036430 angstrom
           Maximum rank =  2   Radius =  0.650 angstrom
                   Q00  =  -0.026401
|Q1| =   0.119208  Q10  =  -0.008443  Q11c =   0.103955  Q11s =  -0.057729
|Q2| =   1.286661  Q20  =  -1.198455  Q21c =  -0.043285  Q21s =   0.368318
                   Q22c =  -0.281904  Q22s =   0.046903

C          x = -3.638890  y = -1.545650  z =  4.778040 angstrom
           Maximum rank =  2   Radius =  0.650 angstrom
                   Q00  =  -0.022989
|Q1| =   0.024954  Q10  =   0.000645  Q11c =  -0.024929  Q11s =  -0.000927
|Q2| =   1.315406  Q20  =  -1.270708  Q21c =  -0.036732  Q21s =   0.307515
                   Q22c =   0.140277  Q22s =  -0.001348

C          x = -4.434150  y = -0.375640  z =  4.961290 angstrom
           Maximum rank =  2   Radius =  0.650 angstrom
                   Q00  =   0.060182
|Q1| =   0.099934  Q10  =  -0.014055  Q11c =   0.021095  Q11s =  -0.096666
|Q2| =   1.202956  Q20  =  -0.692790  Q21c =  -0.141616  Q21s =   0.245328
                   Q22c =  -0.348828  Q22s =  -0.874771

C          x = -1.424740  y = -2.749480  z =  4.569440 angstrom
           Maximum rank =  2   Radius =  0.650 angstrom
                   Q00  =  -0.025851
|Q1| =   0.085430  Q10  =   0.007627  Q11c =   0.063820  Q11s =   0.056277
|Q2| =   1.241336  Q20  =  -1.187022  Q21c =  -0.030035  Q21s =   0.329298
                   Q22c =  -0.149234  Q22s =  -0.016856

C          x =  6.113340  y =  4.313480  z =  9.072750 angstrom
           Maximum rank =  2   Radius =  0.650 angstrom
                   Q00  =  -0.032685
|Q1| =   0.076061  Q10  =  -0.058592  Q11c =   0.043981  Q11s =   0.020445
|Q2| =   1.399259  Q20  =   0.436599  Q21c =  -0.222331  Q21s =  -0.849235
                   Q22c =   0.964715  Q22s =  -0.256908

H          x =  5.564020  y =  4.023140  z =  9.961760 angstrom
           Maximum rank =  1   Radius =  0.350 angstrom
                   Q00  =   0.045494
|Q1| =   0.117087  Q10  =  -0.096284  Q11c =   0.058267  Q11s =   0.032307

C          x =  8.153640  y =  4.500070  z =  7.861430 angstrom
           Maximum rank =  2   Radius =  0.650 angstrom
                   Q00  =  -0.034021
|Q1| =   0.075898  Q10  =   0.014015  Q11c =  -0.074476  Q11s =   0.004173
|Q2| =   1.418037  Q20  =   0.319971  Q21c =  -0.134272  Q21s =  -0.800967
                   Q22c =   1.060981  Q22s =  -0.350985

H          x =  9.226720  y =  4.356400  z =  7.789350 angstrom
           Maximum rank =  1   Radius =  0.350 angstrom
                   Q00  =   0.047006
|Q1| =   0.116854  Q10  =   0.010899  Q11c =  -0.115183  Q11s =   0.016399

C          x = -0.707870  y = -5.004650  z =  4.230170 angstrom
           Maximum rank =  2   Radius =  0.650 angstrom
                   Q00  =  -0.012103
|Q1| =   0.055257  Q10  =   0.008377  Q11c =  -0.001632  Q11s =   0.054593
|Q2| =   1.340794  Q20  =  -1.277712  Q21c =  -0.014480  Q21s =   0.354305
                   Q22c =  -0.171526  Q22s =   0.100089

H          x = -0.949880  y = -6.049790  z =  4.080870 angstrom
           Maximum rank =  1   Radius =  0.350 angstrom
                   Q00  =   0.048465
|Q1| =   0.104969  Q10  =   0.014827  Q11c =   0.016635  Q11s =   0.102576

C          x = -2.568860  y =  5.986670  z =  5.844410 angstrom
           Maximum rank =  2   Radius =  0.650 angstrom
                   Q00  =   0.170149
|Q1| =   0.143402  Q10  =   0.001358  Q11c =   0.142274  Q11s =   0.017907
|Q2| =   0.144513  Q20  =  -0.084701  Q21c =  -0.017909  Q21s =   0.016635
                   Q22c =   0.044354  Q22s =  -0.105570

H          x = -3.048140  y =  5.462780  z =  6.676420 angstrom
           Maximum rank =  1   Radius =  0.350 angstrom
                   Q00  =   0.047117
|Q1| =   0.113597  Q10  =  -0.078290  Q11c =   0.080432  Q11s =   0.017484

H          x = -2.647460  y =  7.059590  z =  6.000040 angstrom
           Maximum rank =  1   Radius =  0.350 angstrom
                   Q00  =   0.049309
|Q1| =   0.104179  Q10  =  -0.013472  Q11c =   0.051053  Q11s =  -0.089807

C          x =  7.470630  y =  5.050710  z =  6.790690 angstrom
           Maximum rank =  2   Radius =  0.650 angstrom
                   Q00  =  -0.051529
|Q1| =   0.104440  Q10  =   0.035545  Q11c =  -0.097111  Q11s =  -0.014620
|Q2| =   1.487485  Q20  =   0.564519  Q21c =  -0.150591  Q21s =  -0.847722
                   Q22c =   1.010725  Q22s =  -0.362014

H          x =  8.017520  y =  5.316810  z =  5.894340 angstrom
           Maximum rank =  1   Radius =  0.350 angstrom
                   Q00  =   0.073732
|Q1| =   0.106681  Q10  =   0.052896  Q11c =  -0.090644  Q11s =  -0.019149

C          x =  7.487900  y =  4.120700  z =  9.025210 angstrom
           Maximum rank =  2   Radius =  0.650 angstrom
                   Q00  =  -0.078581
|Q1| =   0.121920  Q10  =  -0.093664  Q11c =  -0.061727  Q11s =   0.047763
|Q2| =   1.150561  Q20  =   0.350672  Q21c =  -0.035971  Q21s =  -0.715880
                   Q22c =   0.779268  Q22s =  -0.282457

C          x = -1.744580  y = -4.090520  z =  4.378070 angstrom
           Maximum rank =  2   Radius =  0.650 angstrom
                   Q00  =  -0.007067
|Q1| =   0.083200  Q10  =   0.009866  Q11c =   0.044592  Q11s =   0.069544
|Q2| =   1.396806  Q20  =  -1.343629  Q21c =  -0.025775  Q21s =   0.316519
                   Q22c =   0.199466  Q22s =   0.071365

H          x = -2.764440  y = -4.439490  z =  4.341280 angstrom
           Maximum rank =  1   Radius =  0.350 angstrom
                   Q00  =   0.086188
|Q1| =   0.077458  Q10  =   0.008764  Q11c =   0.044021  Q11s =   0.063127

C          x =  0.626100  y = -4.610060  z =  4.269350 angstrom
           Maximum rank =  2   Radius =  0.650 angstrom
                   Q00  =  -0.015322
|Q1| =   0.061777  Q10  =   0.007873  Q11c =  -0.038645  Q11s =   0.047550
|Q2| =   1.351818  Q20  =  -1.283659  Q21c =  -0.068622  Q21s =   0.331959
                   Q22c =   0.021418  Q22s =  -0.253508

H          x =  1.408480  y = -5.349540  z =  4.150570 angstrom
           Maximum rank =  1   Radius =  0.350 angstrom
                   Q00  =   0.045055
|Q1| =   0.105960  Q10  =   0.011833  Q11c =  -0.075388  Q11s =   0.073514

N          x = -5.087490  y = -3.656070  z =  4.492370 angstrom
           Maximum rank =  2   Radius =  0.650 angstrom
                   Q00  =  -0.229290
|Q1| =   0.565405  Q10  =   0.065095  Q11c =   0.299457  Q11s =   0.475153
|Q2| =   0.629687  Q20  =  -0.328647  Q21c =   0.067365  Q21s =   0.094092
                   Q22c =  -0.118271  Q22s =   0.510996

C          x = -4.422620  y = -2.726870  z =  4.617730 angstrom
           Maximum rank =  2   Radius =  0.650 angstrom
                   Q00  =   0.057405
|Q1| =   0.108197  Q10  =   0.015279  Q11c =   0.022833  Q11s =   0.104651
|Q2| =   1.216244  Q20  =  -0.689296  Q21c =   0.119636  Q21s =   0.213018
                   Q22c =  -0.333125  Q22s =   0.912939

C          x =  0.951350  y = -3.274740  z =  4.459810 angstrom
           Maximum rank =  2   Radius =  0.650 angstrom
                   Q00  =   0.007846
|Q1| =   0.095979  Q10  =   0.008819  Q11c =  -0.081679  Q11s =   0.049627
|Q2| =   1.338945  Q20  =  -1.288846  Q21c =  -0.011423  Q21s =   0.314725
                   Q22c =   0.107053  Q22s =   0.144940

H          x =  1.977430  y = -2.930290  z =  4.495970 angstrom
           Maximum rank =  1   Radius =  0.350 angstrom
                   Q00  =   0.072115
|Q1| =   0.099468  Q10  =   0.002090  Q11c =  -0.099327  Q11s =   0.004858

N          x = -5.094290  y =  0.554510  z =  5.107550 angstrom
           Maximum rank =  2   Radius =  0.650 angstrom
                   Q00  =  -0.236887
|Q1| =   0.574669  Q10  =  -0.075265  Q11c =   0.297669  Q11s =  -0.485770
|Q2| =   0.623942  Q20  =  -0.323025  Q21c =  -0.082149  Q21s =   0.105270
                   Q22c =  -0.087431  Q22s =  -0.509396

C          x =  6.699900  y =  4.617220  z =  1.752300 angstrom
           Maximum rank =  2   Radius =  0.650 angstrom
                   Q00  =  -0.078847
|Q1| =   0.121446  Q10  =   0.109038  Q11c =  -0.037824  Q11s =   0.037803
|Q2| =   1.150371  Q20  =   0.501643  Q21c =  -0.538678  Q21s =  -0.010943
                   Q22c =  -0.852833  Q22s =  -0.232569

C          x =  6.517810  y =  3.717520  z =  2.801400 angstrom
           Maximum rank =  2   Radius =  0.650 angstrom
                   Q00  =  -0.033006
|Q1| =   0.075543  Q10  =   0.002623  Q11c =  -0.007522  Q11s =   0.075122
|Q2| =   1.414768  Q20  =   0.462931  Q21c =  -0.611026  Q21s =  -0.032813
                   Q22c =  -1.147747  Q22s =  -0.309047

H          x =  6.690380  y =  2.659520  z =  2.633940 angstrom
           Maximum rank =  1   Radius =  0.350 angstrom
                   Q00  =   0.048190
|Q1| =   0.115766  Q10  =   0.015961  Q11c =  -0.019524  Q11s =   0.112986

H          x = -3.062940  y =  5.718410  z =  4.906200 angstrom
           Maximum rank =  1   Radius =  0.350 angstrom
                   Q00  =   0.047179
|Q1| =   0.113708  Q10  =   0.078643  Q11c =   0.081968  Q11s =  -0.005112

C          x =  8.240660  y =  3.534880  z = 10.189240 angstrom
           Maximum rank =  2   Radius =  0.650 angstrom
                   Q00  =   0.023117
|Q1| =   0.023661  Q10  =  -0.014047  Q11c =  -0.018467  Q11s =   0.004634
|Q2| =   0.103978  Q20  =   0.041346  Q21c =   0.052144  Q21s =  -0.069975
                   Q22c =   0.001791  Q22s =  -0.038513

C          x =  7.155640  y =  4.142750  z =  0.398890 angstrom
           Maximum rank =  2   Radius =  0.650 angstrom
                   Q00  =   0.023126
|Q1| =   0.023908  Q10  =   0.016128  Q11c =  -0.011962  Q11s =   0.012976
|Q2| =   0.101555  Q20  =   0.082326  Q21c =  -0.042986  Q21s =   0.038041
                   Q22c =  -0.013497  Q22s =  -0.007659

H          x =  8.837680  y =  4.299150  z = 10.694380 angstrom
           Maximum rank =  1   Radius =  0.350 angstrom
                   Q00  =   0.030662
|Q1| =   0.124153  Q10  =  -0.083814  Q11c =  -0.077848  Q11s =  -0.048257

H          x =  7.560580  y =  3.105410  z = 10.925770 angstrom
           Maximum rank =  1   Radius =  0.350 angstrom
                   Q00  =   0.023750
|Q1| =   0.125197  Q10  =  -0.104278  Q11c =   0.036835  Q11s =   0.058682

H          x =  8.925710  y =  2.749010  z =  9.863960 angstrom
           Maximum rank =  1   Radius =  0.350 angstrom
                   Q00  =   0.027262
|Q1| =   0.124919  Q10  =  -0.008865  Q11c =  -0.085559  Q11s =   0.090587

H          x =  7.020930  y =  4.916000  z = -0.358390 angstrom
           Maximum rank =  1   Radius =  0.350 angstrom
                   Q00  =   0.023185
|Q1| =   0.125860  Q10  =   0.113414  Q11c =  -0.002776  Q11s =  -0.054500

H          x =  8.215400  y =  3.873260  z =  0.413210 angstrom
           Maximum rank =  1   Radius =  0.350 angstrom
                   Q00  =   0.029701
|Q1| =   0.124846  Q10  =   0.043190  Q11c =  -0.110440  Q11s =   0.039042

H          x =  6.599220  y =  3.258420  z =  0.081340 angstrom
           Maximum rank =  1   Radius =  0.350 angstrom
                   Q00  =   0.027807
|Q1| =   0.124517  Q10  =   0.073902  Q11c =   0.034660  Q11s =   0.094029

H          x =  2.898570  y =  9.752490  z =  6.347010 angstrom
           Maximum rank =  1   Radius =  0.350 angstrom
                   Q00  =   0.082368
|Q1| =   0.103577  Q10  =  -0.010608  Q11c =   0.101414  Q11s =  -0.018188

Total multipoles referred to origin at
           x =   0.000000,  y =    0.000000,  z =    0.000000 angstrom
                   Q00  =  -0.000034
|Q1| =   0.125050  Q10  =   0.075950  Q11c =   0.054150  Q11s =   0.083288
|Q2| = 287.469076  Q20  = 104.021766  Q21c = -34.718742  Q21s = -12.762020
                   Q22c = -50.798687  Q22s =-260.517130

CPU time used:     76m26.238s          Total:     76m26.238s

Finished at 01:48:24 on 06 Sep 2021 
