                                     G D M A
                                 by Anthony Stone

               Distributed Multipoles from Gaussian wavefunctions

                             version 2.3.3 (e2d289a)
              Compiled with gfortran on 19 March 2021 at 09:53:28

Starting at 00:30:48 on 06 Sep 2021 

s1S0



Using CI density matrix from file sN_x.fchk


                         Distributed Multipole Analysis

Standard DMA for products of primitives with exponent greater than 4.00000
Using 80-point Euler-MacLaurin radial quadrature
Using 590-point Lebedev quadrature
Becke smoothing parameter = 3

Positions and radii in angstrom
Multipole moments in atomic units, ea_0^k for rank k

S          x =  9.669900  y = 15.237920  z =  6.988090 angstrom
           Maximum rank =  2   Radius =  0.650 angstrom
                   Q00  =   0.803307
|Q1| =   0.920523  Q10  =  -0.072509  Q11c =   0.808772  Q11s =  -0.433581
|Q2| =   2.463577  Q20  =  -2.207664  Q21c =   0.035803  Q21s =   0.649160
                   Q22c =  -0.659693  Q22s =   0.580988

S          x =  8.933700  y = 10.929730  z =  6.368710 angstrom
           Maximum rank =  2   Radius =  0.650 angstrom
                   Q00  =   0.780221
|Q1| =   1.014462  Q10  =   0.123471  Q11c =  -0.730081  Q11s =   0.693447
|Q2| =   2.424412  Q20  =  -2.155474  Q21c =   0.059842  Q21s =   0.512719
                   Q22c =   0.291994  Q22s =   0.938075

O          x = 11.595350  y = 11.923360  z =  6.481030 angstrom
           Maximum rank =  2   Radius =  0.650 angstrom
                   Q00  =  -0.392555
|Q1| =   0.519392  Q10  =   0.060381  Q11c =   0.283398  Q11s =   0.431054
|Q2| =   1.136407  Q20  =  -0.683352  Q21c =  -0.137840  Q21s =   0.188105
                   Q22c =   0.004746  Q22s =  -0.877522

O          x =  9.368740  y = 17.894770  z =  7.373630 angstrom
           Maximum rank =  2   Radius =  0.650 angstrom
                   Q00  =  -0.421235
|Q1| =   0.559574  Q10  =   0.046742  Q11c =   0.424638  Q11s =   0.361416
|Q2| =   0.982062  Q20  =  -0.153300  Q21c =   0.099406  Q21s =  -0.060260
                   Q22c =   0.597780  Q22s =   0.755044

C          x =  8.751980  y = 12.658920  z =  6.632700 angstrom
           Maximum rank =  2   Radius =  0.650 angstrom
                   Q00  =  -0.304251
|Q1| =   0.415762  Q10  =   0.068726  Q11c =  -0.107839  Q11s =   0.395608
|Q2| =   1.488747  Q20  =  -1.202491  Q21c =   0.006190  Q21s =   0.202115
                   Q22c =   0.712655  Q22s =   0.470761

C          x =  9.883850  y = 13.541380  z =  6.741070 angstrom
           Maximum rank =  2   Radius =  0.650 angstrom
                   Q00  =  -0.337914
|Q1| =   0.491880  Q10  =  -0.065683  Q11c =   0.161450  Q11s =  -0.459963
|Q2| =   1.466170  Q20  =  -1.233878  Q21c =   0.014525  Q21s =   0.215441
                   Q22c =   0.634370  Q22s =   0.422075

C          x =  4.527040  y = 12.120090  z =  7.961390 angstrom
           Maximum rank =  2   Radius =  0.650 angstrom
                   Q00  =  -0.060392
|Q1| =   0.078227  Q10  =   0.001372  Q11c =   0.077322  Q11s =   0.011789
|Q2| =   1.287595  Q20  =   0.564841  Q21c =  -0.684275  Q21s =  -0.020112
                   Q22c =  -0.880781  Q22s =  -0.307317

C          x =  4.354280  y = 11.222860  z =  9.007480 angstrom
           Maximum rank =  2   Radius =  0.650 angstrom
                   Q00  =  -0.034683
|Q1| =   0.097441  Q10  =  -0.045154  Q11c =   0.023343  Q11s =   0.083133
|Q2| =   1.472063  Q20  =   0.523479  Q21c =  -0.649096  Q21s =   0.048885
                   Q22c =  -1.167436  Q22s =  -0.326063

H          x =  4.538470  y = 10.168010  z =  8.851590 angstrom
           Maximum rank =  1   Radius =  0.350 angstrom
                   Q00  =   0.077165
|Q1| =   0.098397  Q10  =  -0.045045  Q11c =  -0.006168  Q11s =   0.087263

C          x = 11.231410  y = 13.209120  z =  6.673150 angstrom
           Maximum rank =  2   Radius =  0.650 angstrom
                   Q00  =   0.077224
|Q1| =   0.126390  Q10  =  -0.017080  Q11c =  -0.023451  Q11s =  -0.123015
|Q2| =   1.141030  Q20  =  -1.088721  Q21c =  -0.034553  Q21s =   0.301700
                   Q22c =  -0.147812  Q22s =  -0.050708

C          x = 11.392010  y = 15.512170  z =  7.003580 angstrom
           Maximum rank =  2   Radius =  0.650 angstrom
                   Q00  =  -0.312323
|Q1| =   0.435607  Q10  =  -0.006603  Q11c =   0.435490  Q11s =  -0.007639
|Q2| =   1.413434  Q20  =  -1.166002  Q21c =   0.003577  Q21s =   0.394515
                   Q22c =  -0.673830  Q22s =   0.168918

C          x =  7.422290  y = 13.012690  z =  6.716480 angstrom
           Maximum rank =  2   Radius =  0.650 angstrom
                   Q00  =  -0.048397
|Q1| =   0.102824  Q10  =   0.015829  Q11c =   0.013481  Q11s =  -0.100700
|Q2| =   1.488594  Q20  =  -1.423991  Q21c =  -0.087558  Q21s =   0.421907
                   Q22c =  -0.039302  Q22s =   0.030759

H          x =  7.097220  y = 14.029940  z =  6.886350 angstrom
           Maximum rank =  1   Radius =  0.350 angstrom
                   Q00  =   0.087185
|Q1| =   0.093936  Q10  =  -0.011409  Q11c =   0.019880  Q11s =  -0.091097

C          x = 10.395150  y = 18.533520  z =  7.453220 angstrom
           Maximum rank =  2   Radius =  0.650 angstrom
                   Q00  =   0.191427
|Q1| =   0.030574  Q10  =  -0.002331  Q11c =  -0.024061  Q11s =  -0.018719
|Q2| =   0.762152  Q20  =  -0.698988  Q21c =   0.017352  Q21s =   0.164066
                   Q22c =   0.084572  Q22s =   0.240667

C          x =  7.231070  y = 10.735290  z =  6.371860 angstrom
           Maximum rank =  2   Radius =  0.650 angstrom
                   Q00  =  -0.338479
|Q1| =   0.611155  Q10  =   0.043018  Q11c =  -0.602632  Q11s =   0.092164
|Q2| =   1.363016  Q20  =  -1.198712  Q21c =   0.002503  Q21s =   0.379364
                   Q22c =  -0.416011  Q22s =   0.322360

C          x =  6.562620  y = 11.912910  z =  6.561960 angstrom
           Maximum rank =  2   Radius =  0.650 angstrom
                   Q00  =  -0.072334
|Q1| =   0.110949  Q10  =   0.037909  Q11c =  -0.025230  Q11s =  -0.101173
|Q2| =   1.252193  Q20  =  -1.186027  Q21c =  -0.051787  Q21s =   0.306261
                   Q22c =   0.158283  Q22s =   0.199489

C          x = 12.124720  y = 16.716940  z =  7.167300 angstrom
           Maximum rank =  2   Radius =  0.650 angstrom
                   Q00  =   0.018785
|Q1| =   0.021664  Q10  =   0.002469  Q11c =   0.013856  Q11s =   0.016469
|Q2| =   1.379069  Q20  =  -1.321918  Q21c =  -0.026822  Q21s =   0.359510
                   Q22c =  -0.154137  Q22s =   0.025294

H          x = 13.185370  y = 16.510930  z =  7.123140 angstrom
           Maximum rank =  1   Radius =  0.350 angstrom
                   Q00  =   0.091276
|Q1| =   0.072138  Q10  =   0.006950  Q11c =  -0.057016  Q11s =   0.043643

C          x =  4.988520  y = 12.753180  z =  4.269580 angstrom
           Maximum rank =  2   Radius =  0.650 angstrom
                   Q00  =  -0.033629
|Q1| =   0.097051  Q10  =   0.062926  Q11c =  -0.069473  Q11s =  -0.025153
|Q2| =   1.456834  Q20  =   0.327393  Q21c =  -0.033926  Q21s =  -0.864592
                   Q22c =   1.068483  Q22s =  -0.353344

H          x =  6.059900  y = 12.616100  z =  4.195190 angstrom
           Maximum rank =  1   Radius =  0.350 angstrom
                   Q00  =   0.077335
|Q1| =   0.100390  Q10  =   0.059786  Q11c =  -0.080397  Q11s =  -0.006333

C          x =  5.057100  y = 11.687410  z =  6.587450 angstrom
           Maximum rank =  2   Radius =  0.650 angstrom
                   Q00  =  -0.009603
|Q1| =   0.059732  Q10  =  -0.007336  Q11c =   0.048580  Q11s =  -0.033971
|Q2| =   0.189385  Q20  =   0.020964  Q21c =   0.035056  Q21s =   0.067790
                   Q22c =   0.033925  Q22s =  -0.168677

C          x = 11.776520  y = 18.022560  z =  7.360460 angstrom
           Maximum rank =  2   Radius =  0.650 angstrom
                   Q00  =  -0.065670
|Q1| =   0.062943  Q10  =   0.008289  Q11c =  -0.032676  Q11s =   0.053155
|Q2| =   1.335910  Q20  =  -1.271463  Q21c =  -0.037215  Q21s =   0.354475
                   Q22c =  -0.192920  Q22s =  -0.061488

C          x = 12.071330  y = 14.313170  z =  6.820720 angstrom
           Maximum rank =  2   Radius =  0.650 angstrom
                   Q00  =  -0.068245
|Q1| =   0.097092  Q10  =   0.002635  Q11c =  -0.096838  Q11s =   0.006511
|Q2| =   1.540252  Q20  =  -1.488668  Q21c =  -0.022554  Q21s =   0.363585
                   Q22c =   0.103671  Q22s =   0.113100

H          x = 13.150990  y = 14.272960  z =  6.800040 angstrom
           Maximum rank =  1   Radius =  0.350 angstrom
                   Q00  =   0.072971
|Q1| =   0.099408  Q10  =   0.003415  Q11c =  -0.098436  Q11s =   0.013440

C          x =  4.322640  y = 12.375960  z =  5.429520 angstrom
           Maximum rank =  2   Radius =  0.650 angstrom
                   Q00  =  -0.059240
|Q1| =   0.065901  Q10  =  -0.010344  Q11c =  -0.000160  Q11s =  -0.065084
|Q2| =   1.279772  Q20  =   0.355126  Q21c =  -0.031441  Q21s =  -0.854369
                   Q22c =   0.792421  Q22s =  -0.390941

C          x =  4.293210  y = 13.472070  z =  8.217320 angstrom
           Maximum rank =  2   Radius =  0.650 angstrom
                   Q00  =  -0.048797
|Q1| =   0.102129  Q10  =   0.016436  Q11c =   0.006054  Q11s =  -0.100616
|Q2| =   1.475964  Q20  =   0.691695  Q21c =  -0.597241  Q21s =  -0.127959
                   Q22c =  -1.108896  Q22s =  -0.311939

H          x =  4.415000  y = 14.197390  z =  7.421610 angstrom
           Maximum rank =  1   Radius =  0.350 angstrom
                   Q00  =   0.074322
|Q1| =   0.105835  Q10  =   0.038355  Q11c =  -0.008742  Q11s =  -0.098252

C          x =  3.952460  y = 11.660460  z = 10.263770 angstrom
           Maximum rank =  2   Radius =  0.650 angstrom
                   Q00  =  -0.033425
|Q1| =   0.075180  Q10  =  -0.050673  Q11c =   0.008931  Q11s =   0.054813
|Q2| =   1.405765  Q20  =   0.551877  Q21c =  -0.611269  Q21s =  -0.189272
                   Q22c =  -1.094889  Q22s =  -0.251696

H          x =  3.826320  y = 10.934950  z = 11.060130 angstrom
           Maximum rank =  1   Radius =  0.350 angstrom
                   Q00  =   0.044630
|Q1| =   0.117715  Q10  =  -0.087815  Q11c =   0.014314  Q11s =   0.077074

C          x =  5.009330  y = 10.165850  z =  6.361900 angstrom
           Maximum rank =  2   Radius =  0.650 angstrom
                   Q00  =  -0.041601
|Q1| =   0.087481  Q10  =  -0.043001  Q11c =   0.074282  Q11s =   0.016913
|Q2| =   1.248381  Q20  =  -1.195873  Q21c =  -0.022214  Q21s =   0.320620
                   Q22c =  -0.054509  Q22s =   0.148592

C          x =  6.512340  y =  8.270410  z =  6.012840 angstrom
           Maximum rank =  2   Radius =  0.650 angstrom
                   Q00  =  -0.018914
|Q1| =   0.107031  Q10  =   0.039486  Q11c =  -0.093888  Q11s =   0.032885
|Q2| =   1.456697  Q20  =  -1.410613  Q21c =  -0.042035  Q21s =   0.361024
                   Q22c =  -0.005491  Q22s =   0.000761

C          x = 12.685020  y = 19.162860  z =  7.513010 angstrom
           Maximum rank =  2   Radius =  0.650 angstrom
                   Q00  =   0.031775
|Q1| =   0.041174  Q10  =   0.002802  Q11c =  -0.037913  Q11s =   0.015811
|Q2| =   1.159061  Q20  =  -1.093401  Q21c =  -0.031092  Q21s =   0.236455
                   Q22c =   0.301388  Q22s =   0.013576

C          x = 10.494850  y = 19.992930  z =  7.664450 angstrom
           Maximum rank =  2   Radius =  0.650 angstrom
                   Q00  =  -0.044035
|Q1| =   0.077057  Q10  =  -0.003444  Q11c =   0.075125  Q11s =  -0.016797
|Q2| =   1.231151  Q20  =  -1.179803  Q21c =  -0.049850  Q21s =   0.312448
                   Q22c =  -0.041637  Q22s =  -0.148174

C          x =  6.303900  y =  9.628780  z =  6.234970 angstrom
           Maximum rank =  2   Radius =  0.650 angstrom
                   Q00  =  -0.026635
|Q1| =   0.119286  Q10  =   0.008676  Q11c =  -0.104134  Q11s =   0.057534
|Q2| =   1.287243  Q20  =  -1.199022  Q21c =  -0.043250  Q21s =   0.368446
                   Q22c =  -0.281975  Q22s =   0.046989

C          x = 14.051890  y = 19.166690  z =  7.492960 angstrom
           Maximum rank =  2   Radius =  0.650 angstrom
                   Q00  =  -0.023971
|Q1| =   0.024357  Q10  =  -0.000334  Q11c =   0.024339  Q11s =   0.000882
|Q2| =   1.318377  Q20  =  -1.273706  Q21c =  -0.036410  Q21s =   0.307915
                   Q22c =   0.140190  Q22s =  -0.001379

C          x = 14.847160  y = 17.996630  z =  7.310060 angstrom
           Maximum rank =  2   Radius =  0.650 angstrom
                   Q00  =   0.060006
|Q1| =   0.099570  Q10  =   0.014303  Q11c =  -0.021337  Q11s =   0.096200
|Q2| =   1.203581  Q20  =  -0.693684  Q21c =  -0.141360  Q21s =   0.245089
                   Q22c =  -0.348917  Q22s =  -0.874993

C          x = 11.837730  y = 20.370590  z =  7.701030 angstrom
           Maximum rank =  2   Radius =  0.650 angstrom
                   Q00  =  -0.025874
|Q1| =   0.085490  Q10  =  -0.007356  Q11c =  -0.063907  Q11s =  -0.056305
|Q2| =   1.241546  Q20  =  -1.187340  Q21c =  -0.029703  Q21s =   0.328991
                   Q22c =  -0.149197  Q22s =  -0.016872

C          x =  4.299670  y = 13.307490  z =  3.198660 angstrom
           Maximum rank =  2   Radius =  0.650 angstrom
                   Q00  =  -0.032916
|Q1| =   0.076186  Q10  =   0.058744  Q11c =  -0.044049  Q11s =  -0.020324
|Q2| =   1.400087  Q20  =   0.436828  Q21c =  -0.222356  Q21s =  -0.849810
                   Q22c =   0.965268  Q22s =  -0.257026

H          x =  4.849000  y = 13.597840  z =  2.309650 angstrom
           Maximum rank =  1   Radius =  0.350 angstrom
                   Q00  =   0.045200
|Q1| =   0.117350  Q10  =   0.096504  Q11c =  -0.058408  Q11s =  -0.032348

C          x =  2.259370  y = 13.120890  z =  4.409970 angstrom
           Maximum rank =  2   Radius =  0.650 angstrom
                   Q00  =  -0.033858
|Q1| =   0.075799  Q10  =  -0.013874  Q11c =   0.074408  Q11s =  -0.004041
|Q2| =   1.417469  Q20  =   0.319838  Q21c =  -0.134438  Q21s =  -0.800590
                   Q22c =   1.060566  Q22s =  -0.350859

H          x =  1.186300  y = 13.264570  z =  4.482050 angstrom
           Maximum rank =  1   Radius =  0.350 angstrom
                   Q00  =   0.047224
|Q1| =   0.116655  Q10  =  -0.010822  Q11c =   0.114993  Q11s =  -0.016365

C          x = 11.120840  y = 22.625830  z =  8.039800 angstrom
           Maximum rank =  2   Radius =  0.650 angstrom
                   Q00  =  -0.012300
|Q1| =   0.055318  Q10  =  -0.008018  Q11c =   0.001626  Q11s =  -0.054710
|Q2| =   1.341553  Q20  =  -1.278498  Q21c =  -0.014168  Q21s =   0.354290
                   Q22c =  -0.171731  Q22s =   0.099973

H          x = 11.362840  y = 23.670990  z =  8.188960 angstrom
           Maximum rank =  1   Radius =  0.350 angstrom
                   Q00  =   0.048266
|Q1| =   0.105128  Q10  =  -0.014763  Q11c =  -0.016712  Q11s =  -0.102736

C          x = 12.981890  y = 11.634200  z =  6.427790 angstrom
           Maximum rank =  2   Radius =  0.650 angstrom
                   Q00  =   0.170132
|Q1| =   0.143526  Q10  =  -0.001252  Q11c =  -0.142417  Q11s =  -0.017766
|Q2| =   0.144054  Q20  =  -0.084646  Q21c =  -0.017831  Q21s =   0.016375
                   Q22c =   0.043778  Q22s =  -0.105280

H          x = 13.461320  y = 12.157930  z =  5.595770 angstrom
           Maximum rank =  1   Radius =  0.350 angstrom
                   Q00  =   0.046845
|Q1| =   0.113885  Q10  =   0.078510  Q11c =  -0.080627  Q11s =  -0.017476

H          x = 13.060500  y = 10.561240  z =  6.272360 angstrom
           Maximum rank =  1   Radius =  0.350 angstrom
                   Q00  =   0.049075
|Q1| =   0.104385  Q10  =   0.013544  Q11c =  -0.051158  Q11s =   0.089976

C          x =  2.942400  y = 12.570250  z =  5.480710 angstrom
           Maximum rank =  2   Radius =  0.650 angstrom
                   Q00  =  -0.051309
|Q1| =   0.104348  Q10  =  -0.035425  Q11c =   0.097035  Q11s =   0.014761
|Q2| =   1.486746  Q20  =   0.564041  Q21c =  -0.150606  Q21s =  -0.847207
                   Q22c =   1.010371  Q22s =  -0.361913

H          x =  2.395500  y = 12.304150  z =  6.377060 angstrom
           Maximum rank =  1   Radius =  0.350 angstrom
                   Q00  =   0.073978
|Q1| =   0.106484  Q10  =  -0.052763  Q11c =   0.090490  Q11s =   0.019142

C          x =  2.925120  y = 13.500270  z =  3.246190 angstrom
           Maximum rank =  2   Radius =  0.650 angstrom
                   Q00  =  -0.078641
|Q1| =   0.121922  Q10  =   0.093763  Q11c =   0.061664  Q11s =  -0.047655
|Q2| =   1.150760  Q20  =   0.350600  Q21c =  -0.035854  Q21s =  -0.715988
                   Q22c =   0.779457  Q22s =  -0.282580

C          x = 12.157560  y = 21.711660  z =  7.892220 angstrom
           Maximum rank =  2   Radius =  0.650 angstrom
                   Q00  =  -0.007516
|Q1| =   0.083306  Q10  =  -0.009523  Q11c =  -0.044693  Q11s =  -0.069654
|Q2| =   1.398353  Q20  =  -1.345197  Q21c =  -0.025320  Q21s =   0.316637
                   Q22c =   0.199696  Q22s =   0.071127

H          x = 13.177420  y = 22.060620  z =  7.929110 angstrom
           Maximum rank =  1   Radius =  0.350 angstrom
                   Q00  =   0.085956
|Q1| =   0.077618  Q10  =  -0.008717  Q11c =  -0.044122  Q11s =  -0.063261

C          x =  9.786870  y = 22.231250  z =  8.000490 angstrom
           Maximum rank =  2   Radius =  0.650 angstrom
                   Q00  =  -0.015519
|Q1| =   0.061873  Q10  =  -0.007532  Q11c =   0.038596  Q11s =  -0.047769
|Q2| =   1.352461  Q20  =  -1.284378  Q21c =  -0.068375  Q21s =   0.331804
                   Q22c =   0.021555  Q22s =  -0.253556

H          x =  9.004480  y = 22.970770  z =  8.119020 angstrom
           Maximum rank =  1   Radius =  0.350 angstrom
                   Q00  =   0.045048
|Q1| =   0.105957  Q10  =  -0.011743  Q11c =   0.075359  Q11s =  -0.073553

N          x = 15.500480  y = 21.277130  z =  7.778530 angstrom
           Maximum rank =  2   Radius =  0.650 angstrom
                   Q00  =  -0.230807
|Q1| =   0.566236  Q10  =  -0.064774  Q11c =  -0.300235  Q11s =  -0.475696
|Q2| =   0.630548  Q20  =  -0.329614  Q21c =   0.067499  Q21s =   0.094540
                   Q22c =  -0.118568  Q22s =   0.511266

C          x = 14.835610  y = 20.347920  z =  7.653210 angstrom
           Maximum rank =  2   Radius =  0.650 angstrom
                   Q00  =   0.057239
|Q1| =   0.107866  Q10  =  -0.014873  Q11c =  -0.023024  Q11s =  -0.104326
|Q2| =   1.216785  Q20  =  -0.690030  Q21c =   0.119631  Q21s =   0.213136
                   Q22c =  -0.333127  Q22s =   0.913079

C          x =  9.461630  y = 20.895900  z =  7.810200 angstrom
           Maximum rank =  2   Radius =  0.650 angstrom
                   Q00  =   0.007815
|Q1| =   0.095875  Q10  =  -0.008440  Q11c =   0.081629  Q11s =  -0.049573
|Q2| =   1.339085  Q20  =  -1.289075  Q21c =  -0.011285  Q21s =   0.314435
                   Q22c =   0.107031  Q22s =   0.144856

H          x =  8.435550  y = 20.551460  z =  7.773950 angstrom
           Maximum rank =  1   Radius =  0.350 angstrom
                   Q00  =   0.072158
|Q1| =   0.099428  Q10  =  -0.002011  Q11c =   0.099289  Q11s =  -0.004867

N          x = 15.507310  y = 17.066440  z =  7.164070 angstrom
           Maximum rank =  2   Radius =  0.650 angstrom
                   Q00  =  -0.238492
|Q1| =   0.575584  Q10  =   0.075563  Q11c =  -0.298564  Q11s =   0.486258
|Q2| =   0.624763  Q20  =  -0.324145  Q21c =  -0.081922  Q21s =   0.105216
                   Q22c =  -0.087764  Q22s =  -0.509680

C          x =  3.713130  y = 13.003760  z = 10.519100 angstrom
           Maximum rank =  2   Radius =  0.650 angstrom
                   Q00  =  -0.078512
|Q1| =   0.121440  Q10  =  -0.109056  Q11c =   0.037713  Q11s =  -0.037843
|Q2| =   1.149300  Q20  =   0.501025  Q21c =  -0.538132  Q21s =  -0.011134
                   Q22c =  -0.852151  Q22s =  -0.232368

C          x =  3.895200  y = 13.903460  z =  9.469990 angstrom
           Maximum rank =  2   Radius =  0.650 angstrom
                   Q00  =  -0.032848
|Q1| =   0.075477  Q10  =  -0.002540  Q11c =   0.007354  Q11s =  -0.075075
|Q2| =   1.414166  Q20  =   0.462766  Q21c =  -0.610802  Q21s =  -0.032564
                   Q22c =  -1.147189  Q22s =  -0.309081

H          x =  3.722630  y = 14.961450  z =  9.637450 angstrom
           Maximum rank =  1   Radius =  0.350 angstrom
                   Q00  =   0.048352
|Q1| =   0.115628  Q10  =  -0.015874  Q11c =   0.019458  Q11s =  -0.112868

H          x = 13.475820  y = 11.902610  z =  7.366030 angstrom
           Maximum rank =  1   Radius =  0.350 angstrom
                   Q00  =   0.047221
|Q1| =   0.113735  Q10  =  -0.078604  Q11c =  -0.082041  Q11s =   0.005140

C          x =  2.172360  y = 14.086070  z =  2.082150 angstrom
           Maximum rank =  2   Radius =  0.650 angstrom
                   Q00  =   0.023118
|Q1| =   0.023656  Q10  =   0.014169  Q11c =   0.018373  Q11s =  -0.004612
|Q2| =   0.103793  Q20  =   0.041138  Q21c =   0.052007  Q21s =  -0.070093
                   Q22c =   0.002006  Q22s =  -0.038195

C          x =  3.257390  y = 13.478230  z = 11.872510 angstrom
           Maximum rank =  2   Radius =  0.650 angstrom
                   Q00  =   0.023148
|Q1| =   0.023707  Q10  =  -0.015958  Q11c =   0.011838  Q11s =  -0.012932
|Q2| =   0.102344  Q20  =   0.082858  Q21c =  -0.043457  Q21s =   0.038429
                   Q22c =  -0.013592  Q22s =  -0.007676

H          x =  1.575460  y = 13.321770  z =  1.576930 angstrom
           Maximum rank =  1   Radius =  0.350 angstrom
                   Q00  =   0.030602
|Q1| =   0.124208  Q10  =   0.083922  Q11c =   0.077796  Q11s =   0.048295

H          x =  2.852420  y = 14.515670  z =  1.345700 angstrom
           Maximum rank =  1   Radius =  0.350 angstrom
                   Q00  =   0.023501
|Q1| =   0.125417  Q10  =   0.104464  Q11c =  -0.036950  Q11s =  -0.058748

H          x =  1.487190  y = 14.871840  z =  2.407450 angstrom
           Maximum rank =  1   Radius =  0.350 angstrom
                   Q00  =   0.027416
|Q1| =   0.124805  Q10  =   0.008948  Q11c =   0.085461  Q11s =  -0.090513

H          x =  3.392190  y = 12.705020  z = 12.629810 angstrom
           Maximum rank =  1   Radius =  0.350 angstrom
                   Q00  =   0.023410
|Q1| =   0.125618  Q10  =  -0.113180  Q11c =   0.002695  Q11s =   0.054432

H          x =  2.197600  y = 13.747620  z = 11.858210 angstrom
           Maximum rank =  1   Radius =  0.350 angstrom
                   Q00  =   0.030045
|Q1| =   0.124530  Q10  =  -0.043045  Q11c =   0.110173  Q11s =  -0.038948

H          x =  3.813730  y = 14.362620  z = 12.190010 angstrom
           Maximum rank =  1   Radius =  0.350 angstrom
                   Q00  =   0.027949
|Q1| =   0.124355  Q10  =  -0.073749  Q11c =  -0.034693  Q11s =  -0.093924

H          x =  7.514460  y =  7.868480  z =  5.924390 angstrom
           Maximum rank =  1   Radius =  0.350 angstrom
                   Q00  =   0.082228
|Q1| =   0.103700  Q10  =   0.010671  Q11c =  -0.101529  Q11s =   0.018213

S          x =  0.743120  y =  2.383100  z =  5.282960 angstrom
           Maximum rank =  2   Radius =  0.650 angstrom
                   Q00  =   0.804851
|Q1| =   0.919444  Q10  =   0.072596  Q11c =  -0.807815  Q11s =   0.433061
|Q2| =   2.456160  Q20  =  -2.200305  Q21c =   0.035475  Q21s =   0.647933
                   Q22c =  -0.658372  Q22s =   0.580386

S          x =  1.479330  y =  6.691230  z =  5.902730 angstrom
           Maximum rank =  2   Radius =  0.650 angstrom
                   Q00  =   0.781580
|Q1| =   1.013019  Q10  =  -0.123298  Q11c =   0.729250  Q11s =  -0.692243
|Q2| =   2.420041  Q20  =  -2.151708  Q21c =   0.059478  Q21s =   0.511769
                   Q22c =   0.291518  Q22s =   0.936121

O          x = -1.182320  y =  5.697540  z =  5.790880 angstrom
           Maximum rank =  2   Radius =  0.650 angstrom
                   Q00  =  -0.392767
|Q1| =   0.519203  Q10  =  -0.060358  Q11c =  -0.283493  Q11s =  -0.430768
|Q2| =   1.136373  Q20  =  -0.683500  Q21c =  -0.138127  Q21s =   0.188621
                   Q22c =   0.004016  Q22s =  -0.877211

O          x =  1.044260  y = -0.273680  z =  4.896880 angstrom
           Maximum rank =  2   Radius =  0.650 angstrom
                   Q00  =  -0.421085
|Q1| =   0.559453  Q10  =  -0.046743  Q11c =  -0.424518  Q11s =  -0.361369
|Q2| =   0.981965  Q20  =  -0.152927  Q21c =   0.099407  Q21s =  -0.060532
                   Q22c =   0.597650  Q22s =   0.755074

C          x =  1.661040  y =  4.962050  z =  5.638720 angstrom
           Maximum rank =  2   Radius =  0.650 angstrom
                   Q00  =  -0.305102
|Q1| =   0.415854  Q10  =  -0.068787  Q11c =   0.106610  Q11s =  -0.396027
|Q2| =   1.491168  Q20  =  -1.204692  Q21c =   0.006168  Q21s =   0.202643
                   Q22c =   0.713222  Q22s =   0.471710

C          x =  0.529170  y =  4.079600  z =  5.530330 angstrom
           Maximum rank =  2   Radius =  0.650 angstrom
                   Q00  =  -0.336723
|Q1| =   0.492469  Q10  =   0.065910  Q11c =  -0.160415  Q11s =   0.460921
|Q2| =   1.463599  Q20  =  -1.231180  Q21c =   0.014339  Q21s =   0.215097
                   Q22c =   0.633743  Q22s =   0.422155

C          x =  5.885980  y =  5.500890  z =  4.310010 angstrom
           Maximum rank =  2   Radius =  0.650 angstrom
                   Q00  =  -0.060233
|Q1| =   0.078565  Q10  =  -0.001490  Q11c =  -0.077666  Q11s =  -0.011759
|Q2| =   1.287141  Q20  =   0.564557  Q21c =  -0.683919  Q21s =  -0.020149
                   Q22c =  -0.880606  Q22s =  -0.307228

C          x =  6.058750  y =  6.398120  z =  3.263930 angstrom
           Maximum rank =  2   Radius =  0.650 angstrom
                   Q00  =  -0.034570
|Q1| =   0.097516  Q10  =   0.045091  Q11c =  -0.023825  Q11s =  -0.083118
|Q2| =   1.471690  Q20  =   0.523423  Q21c =  -0.648950  Q21s =   0.048830
                   Q22c =  -1.167034  Q22s =  -0.326209

H          x =  5.874580  y =  7.452970  z =  3.419820 angstrom
           Maximum rank =  1   Radius =  0.350 angstrom
                   Q00  =   0.077303
|Q1| =   0.098319  Q10  =   0.045042  Q11c =   0.006076  Q11s =  -0.087183

C          x = -0.818390  y =  4.411820  z =  5.598490 angstrom
           Maximum rank =  2   Radius =  0.650 angstrom
                   Q00  =   0.076962
|Q1| =   0.126053  Q10  =   0.017084  Q11c =   0.022462  Q11s =   0.122853
|Q2| =   1.140733  Q20  =  -1.088507  Q21c =  -0.034649  Q21s =   0.301897
                   Q22c =  -0.147027  Q22s =  -0.049628

C          x = -0.978990  y =  2.108820  z =  5.267690 angstrom
           Maximum rank =  2   Radius =  0.650 angstrom
                   Q00  =  -0.313340
|Q1| =   0.435813  Q10  =   0.006531  Q11c =  -0.435711  Q11s =   0.006801
|Q2| =   1.415395  Q20  =  -1.167630  Q21c =   0.003515  Q21s =   0.395484
                   Q22c =  -0.674280  Q22s =   0.170027

C          x =  2.990730  y =  4.608280  z =  5.554940 angstrom
           Maximum rank =  2   Radius =  0.650 angstrom
                   Q00  =  -0.048460
|Q1| =   0.102894  Q10  =  -0.015860  Q11c =  -0.012641  Q11s =   0.100875
|Q2| =   1.488399  Q20  =  -1.423767  Q21c =  -0.087559  Q21s =   0.421909
                   Q22c =  -0.039957  Q22s =   0.030785

H          x =  3.315800  y =  3.591030  z =  5.385080 angstrom
           Maximum rank =  1   Radius =  0.350 angstrom
                   Q00  =   0.086944
|Q1| =   0.094076  Q10  =   0.011418  Q11c =  -0.019969  Q11s =   0.091221

C          x =  0.017850  y = -0.912430  z =  4.817350 angstrom
           Maximum rank =  2   Radius =  0.650 angstrom
                   Q00  =   0.191604
|Q1| =   0.030430  Q10  =   0.002333  Q11c =   0.023822  Q11s =   0.018789
|Q2| =   0.761532  Q20  =  -0.698265  Q21c =   0.017207  Q21s =   0.163998
                   Q22c =   0.084902  Q22s =   0.240742

C          x =  3.181950  y =  6.885680  z =  5.899540 angstrom
           Maximum rank =  2   Radius =  0.650 angstrom
                   Q00  =  -0.339301
|Q1| =   0.611046  Q10  =  -0.042971  Q11c =   0.602619  Q11s =  -0.091552
|Q2| =   1.365026  Q20  =  -1.200722  Q21c =   0.002451  Q21s =   0.379899
                   Q22c =  -0.416079  Q22s =   0.322666

C          x =  3.850400  y =  5.708070  z =  5.709440 angstrom
           Maximum rank =  2   Radius =  0.650 angstrom
                   Q00  =  -0.072941
|Q1| =   0.110413  Q10  =  -0.038037  Q11c =   0.025116  Q11s =   0.100565
|Q2| =   1.253548  Q20  =  -1.187259  Q21c =  -0.051796  Q21s =   0.306533
                   Q22c =   0.158634  Q22s =   0.199969

C          x = -1.711710  y =  0.904070  z =  5.103850 angstrom
           Maximum rank =  2   Radius =  0.650 angstrom
                   Q00  =   0.022117
|Q1| =   0.020924  Q10  =  -0.002279  Q11c =  -0.014261  Q11s =  -0.015142
|Q2| =   1.368911  Q20  =  -1.311983  Q21c =  -0.026988  Q21s =   0.357371
                   Q22c =  -0.153484  Q22s =   0.024873

H          x = -2.772350  y =  1.110060  z =  5.148220 angstrom
           Maximum rank =  1   Radius =  0.350 angstrom
                   Q00  =   0.091995
|Q1| =   0.071787  Q10  =  -0.006935  Q11c =   0.056738  Q11s =  -0.043429

C          x =  5.424500  y =  4.867800  z =  8.001820 angstrom
           Maximum rank =  2   Radius =  0.650 angstrom
                   Q00  =  -0.033371
|Q1| =   0.096956  Q10  =  -0.062865  Q11c =   0.069335  Q11s =   0.025320
|Q2| =   1.455876  Q20  =   0.327276  Q21c =  -0.033981  Q21s =  -0.864046
                   Q22c =   1.067715  Q22s =  -0.353156

H          x =  4.353120  y =  5.004870  z =  8.076210 angstrom
           Maximum rank =  1   Radius =  0.350 angstrom
                   Q00  =   0.077622
|Q1| =   0.100201  Q10  =  -0.059726  Q11c =   0.080202  Q11s =   0.006376

C          x =  5.355930  y =  5.933560  z =  5.683950 angstrom
           Maximum rank =  2   Radius =  0.650 angstrom
                   Q00  =  -0.009637
|Q1| =   0.059786  Q10  =   0.007345  Q11c =  -0.048607  Q11s =   0.034026
|Q2| =   0.189643  Q20  =   0.021308  Q21c =   0.035104  Q21s =   0.067734
                   Q22c =   0.033779  Q22s =  -0.168965

C          x = -1.363520  y = -0.401510  z =  4.910400 angstrom
           Maximum rank =  2   Radius =  0.650 angstrom
                   Q00  =  -0.065734
|Q1| =   0.064148  Q10  =  -0.008522  Q11c =   0.032526  Q11s =  -0.054630
|Q2| =   1.335118  Q20  =  -1.270476  Q21c =  -0.037447  Q21s =   0.354769
                   Q22c =  -0.193493  Q22s =  -0.061068

C          x = -1.658310  y =  3.307780  z =  5.450850 angstrom
           Maximum rank =  2   Radius =  0.650 angstrom
                   Q00  =  -0.066002
|Q1| =   0.096444  Q10  =  -0.002458  Q11c =   0.096273  Q11s =  -0.005188
|Q2| =   1.532474  Q20  =  -1.481032  Q21c =  -0.022881  Q21s =   0.362036
                   Q22c =   0.104086  Q22s =   0.112219

H          x = -2.737970  y =  3.347970  z =  5.471700 angstrom
           Maximum rank =  1   Radius =  0.350 angstrom
                   Q00  =   0.073732
|Q1| =   0.098851  Q10  =  -0.003399  Q11c =   0.097898  Q11s =  -0.013261

C          x =  6.090380  y =  5.245010  z =  6.841880 angstrom
           Maximum rank =  2   Radius =  0.650 angstrom
                   Q00  =  -0.059018
|Q1| =   0.066001  Q10  =   0.010428  Q11c =   0.000079  Q11s =   0.065172
|Q2| =   1.279161  Q20  =   0.354849  Q21c =  -0.031532  Q21s =  -0.853855
                   Q22c =   0.792201  Q22s =  -0.390755

C          x =  6.119800  y =  4.148900  z =  4.054070 angstrom
           Maximum rank =  2   Radius =  0.650 angstrom
                   Q00  =  -0.048869
|Q1| =   0.102184  Q10  =  -0.016498  Q11c =  -0.006469  Q11s =   0.100636
|Q2| =   1.476236  Q20  =   0.692022  Q21c =  -0.597455  Q21s =  -0.127907
                   Q22c =  -1.108988  Q22s =  -0.311789

H          x =  5.998000  y =  3.423580  z =  4.849780 angstrom
           Maximum rank =  1   Radius =  0.350 angstrom
                   Q00  =   0.074249
|Q1| =   0.105913  Q10  =  -0.038371  Q11c =   0.008680  Q11s =   0.098336

C          x =  6.460590  y =  5.960530  z =  2.007640 angstrom
           Maximum rank =  2   Radius =  0.650 angstrom
                   Q00  =  -0.033428
|Q1| =   0.075184  Q10  =   0.050601  Q11c =  -0.009393  Q11s =  -0.054809
|Q2| =   1.405814  Q20  =   0.551830  Q21c =  -0.611071  Q21s =  -0.189327
                   Q22c =  -1.095036  Q22s =  -0.251870

H          x =  6.586740  y =  6.686040  z =  1.211280 angstrom
           Maximum rank =  1   Radius =  0.350 angstrom
                   Q00  =   0.044614
|Q1| =   0.117728  Q10  =   0.087834  Q11c =  -0.014419  Q11s =  -0.077053

C          x =  5.403700  y =  7.455120  z =  5.909500 angstrom
           Maximum rank =  2   Radius =  0.650 angstrom
                   Q00  =  -0.042105
|Q1| =   0.087621  Q10  =   0.042933  Q11c =  -0.074451  Q11s =  -0.017067
|Q2| =   1.249489  Q20  =  -1.196912  Q21c =  -0.022219  Q21s =   0.320910
                   Q22c =  -0.054537  Q22s =   0.148913

C          x =  3.900680  y =  9.350560  z =  6.258560 angstrom
           Maximum rank =  2   Radius =  0.650 angstrom
                   Q00  =  -0.018968
|Q1| =   0.106852  Q10  =  -0.039472  Q11c =   0.093764  Q11s =  -0.032676
|Q2| =   1.456649  Q20  =  -1.410564  Q21c =  -0.042052  Q21s =   0.361022
                   Q22c =  -0.005385  Q22s =   0.001044

C          x = -2.272020  y = -1.541790  z =  4.757790 angstrom
           Maximum rank =  2   Radius =  0.650 angstrom
                   Q00  =   0.033406
|Q1| =   0.042314  Q10  =  -0.002765  Q11c =   0.039361  Q11s =  -0.015283
|Q2| =   1.154224  Q20  =  -1.088437  Q21c =  -0.031222  Q21s =   0.235441
                   Q22c =   0.301546  Q22s =   0.014121

C          x = -0.081870  y = -2.371810  z =  4.605880 angstrom
           Maximum rank =  2   Radius =  0.650 angstrom
                   Q00  =  -0.043893
|Q1| =   0.076769  Q10  =   0.003405  Q11c =  -0.074893  Q11s =   0.016522
|Q2| =   1.230620  Q20  =  -1.179178  Q21c =  -0.050174  Q21s =   0.312705
                   Q22c =  -0.041623  Q22s =  -0.148086

C          x =  4.109120  y =  7.992190  z =  6.036430 angstrom
           Maximum rank =  2   Radius =  0.650 angstrom
                   Q00  =  -0.026034
|Q1| =   0.119118  Q10  =  -0.008751  Q11c =   0.103719  Q11s =  -0.057923
|Q2| =   1.285780  Q20  =  -1.197602  Q21c =  -0.043217  Q21s =   0.368061
                   Q22c =  -0.281882  Q22s =   0.046744

C          x = -3.638890  y = -1.545650  z =  4.778040 angstrom
           Maximum rank =  2   Radius =  0.650 angstrom
                   Q00  =  -0.021709
|Q1| =   0.025745  Q10  =   0.000354  Q11c =  -0.025726  Q11s =  -0.000929
|Q2| =   1.311491  Q20  =  -1.266893  Q21c =  -0.036625  Q21s =   0.306528
                   Q22c =   0.140309  Q22s =  -0.001452

C          x = -4.434150  y = -0.375640  z =  4.961290 angstrom
           Maximum rank =  2   Radius =  0.650 angstrom
                   Q00  =   0.060465
|Q1| =   0.100408  Q10  =  -0.014469  Q11c =   0.020788  Q11s =  -0.097161
|Q2| =   1.202057  Q20  =  -0.691730  Q21c =  -0.141546  Q21s =   0.245008
                   Q22c =  -0.348785  Q22s =  -0.874491

C          x = -1.424740  y = -2.749480  z =  4.569440 angstrom
           Maximum rank =  2   Radius =  0.650 angstrom
                   Q00  =  -0.025895
|Q1| =   0.085348  Q10  =   0.007349  Q11c =   0.063716  Q11s =   0.056307
|Q2| =   1.241247  Q20  =  -1.186906  Q21c =  -0.030015  Q21s =   0.329318
                   Q22c =  -0.149357  Q22s =  -0.017015

C          x =  6.113340  y =  4.313480  z =  9.072750 angstrom
           Maximum rank =  2   Radius =  0.650 angstrom
                   Q00  =  -0.032813
|Q1| =   0.076123  Q10  =  -0.058717  Q11c =   0.043920  Q11s =   0.020448
|Q2| =   1.399770  Q20  =   0.436579  Q21c =  -0.222531  Q21s =  -0.849478
                   Q22c =   0.965187  Q22s =  -0.256975

H          x =  5.564020  y =  4.023140  z =  9.961760 angstrom
           Maximum rank =  1   Radius =  0.350 angstrom
                   Q00  =   0.045335
|Q1| =   0.117224  Q10  =  -0.096431  Q11c =   0.058271  Q11s =   0.032356

C          x =  8.153640  y =  4.500070  z =  7.861430 angstrom
           Maximum rank =  2   Radius =  0.650 angstrom
                   Q00  =  -0.034196
|Q1| =   0.075975  Q10  =   0.013902  Q11c =  -0.074577  Q11s =   0.004157
|Q2| =   1.418726  Q20  =   0.320179  Q21c =  -0.134587  Q21s =  -0.801346
                   Q22c =   1.061473  Q22s =  -0.351106

H          x =  9.226720  y =  4.356400  z =  7.789350 angstrom
           Maximum rank =  1   Radius =  0.350 angstrom
                   Q00  =   0.046780
|Q1| =   0.117048  Q10  =   0.010841  Q11c =  -0.115380  Q11s =   0.016440

C          x = -0.707870  y = -5.004650  z =  4.230170 angstrom
           Maximum rank =  2   Radius =  0.650 angstrom
                   Q00  =  -0.011705
|Q1| =   0.055104  Q10  =   0.007988  Q11c =  -0.001601  Q11s =   0.054498
|Q2| =   1.339304  Q20  =  -1.276252  Q21c =  -0.014419  Q21s =   0.354077
                   Q22c =  -0.171268  Q22s =   0.100022

H          x = -0.949880  y = -6.049790  z =  4.080870 angstrom
           Maximum rank =  1   Radius =  0.350 angstrom
                   Q00  =   0.048856
|Q1| =   0.104651  Q10  =   0.014713  Q11c =   0.016541  Q11s =   0.102283

C          x = -2.568860  y =  5.986670  z =  5.844410 angstrom
           Maximum rank =  2   Radius =  0.650 angstrom
                   Q00  =   0.170155
|Q1| =   0.143280  Q10  =   0.001277  Q11c =   0.142130  Q11s =   0.018075
|Q2| =   0.144912  Q20  =  -0.084863  Q21c =  -0.017982  Q21s =   0.016320
                   Q22c =   0.044806  Q22s =  -0.105832

H          x = -3.048140  y =  5.462780  z =  6.676420 angstrom
           Maximum rank =  1   Radius =  0.350 angstrom
                   Q00  =   0.047047
|Q1| =   0.113588  Q10  =  -0.078339  Q11c =   0.080359  Q11s =   0.017541

H          x = -2.647460  y =  7.059590  z =  6.000040 angstrom
           Maximum rank =  1   Radius =  0.350 angstrom
                   Q00  =   0.049523
|Q1| =   0.103996  Q10  =  -0.013520  Q11c =   0.050958  Q11s =  -0.089642

C          x =  7.470630  y =  5.050710  z =  6.790690 angstrom
           Maximum rank =  2   Radius =  0.650 angstrom
                   Q00  =  -0.051445
|Q1| =   0.104471  Q10  =   0.035444  Q11c =  -0.097181  Q11s =  -0.014619
|Q2| =   1.487307  Q20  =   0.564559  Q21c =  -0.150452  Q21s =  -0.847722
                   Q22c =   1.010448  Q22s =  -0.362051

H          x =  8.017520  y =  5.316810  z =  5.894340 angstrom
           Maximum rank =  1   Radius =  0.350 angstrom
                   Q00  =   0.073816
|Q1| =   0.106664  Q10  =   0.052826  Q11c =  -0.090670  Q11s =  -0.019120

C          x =  7.487900  y =  4.120700  z =  9.025210 angstrom
           Maximum rank =  2   Radius =  0.650 angstrom
                   Q00  =  -0.078902
|Q1| =   0.121924  Q10  =  -0.093684  Q11c =  -0.061737  Q11s =   0.047721
|Q2| =   1.151587  Q20  =   0.351053  Q21c =  -0.035788  Q21s =  -0.716585
                   Q22c =   0.779856  Q22s =  -0.282778

C          x = -1.744580  y = -4.090520  z =  4.378070 angstrom
           Maximum rank =  2   Radius =  0.650 angstrom
                   Q00  =  -0.006419
|Q1| =   0.083030  Q10  =   0.009496  Q11c =   0.044459  Q11s =   0.069479
|Q2| =   1.394601  Q20  =  -1.341469  Q21c =  -0.025537  Q21s =   0.316149
                   Q22c =   0.199084  Q22s =   0.071657

H          x = -2.764440  y = -4.439490  z =  4.341280 angstrom
           Maximum rank =  1   Radius =  0.350 angstrom
                   Q00  =   0.086499
|Q1| =   0.077221  Q10  =   0.008676  Q11c =   0.043886  Q11s =   0.062942

C          x =  0.626100  y = -4.610060  z =  4.269350 angstrom
           Maximum rank =  2   Radius =  0.650 angstrom
                   Q00  =  -0.014838
|Q1| =   0.061569  Q10  =   0.007466  Q11c =  -0.038681  Q11s =   0.047316
|Q2| =   1.350185  Q20  =  -1.282030  Q21c =  -0.068695  Q21s =   0.331710
                   Q22c =   0.021168  Q22s =  -0.253378

H          x =  1.408480  y = -5.349540  z =  4.150570 angstrom
           Maximum rank =  1   Radius =  0.350 angstrom
                   Q00  =   0.045265
|Q1| =   0.105801  Q10  =   0.011738  Q11c =  -0.075313  Q11s =   0.073376

N          x = -5.087490  y = -3.656070  z =  4.492370 angstrom
           Maximum rank =  2   Radius =  0.650 angstrom
                   Q00  =  -0.227212
|Q1| =   0.564234  Q10  =   0.064632  Q11c =   0.298504  Q11s =   0.474425
|Q2| =   0.628516  Q20  =  -0.327253  Q21c =   0.067459  Q21s =   0.093886
                   Q22c =  -0.117937  Q22s =   0.510552

C          x = -4.422620  y = -2.726870  z =  4.617730 angstrom
           Maximum rank =  2   Radius =  0.650 angstrom
                   Q00  =   0.057618
|Q1| =   0.108612  Q10  =   0.015001  Q11c =   0.022682  Q11s =   0.105152
|Q2| =   1.215545  Q20  =  -0.688285  Q21c =   0.119641  Q21s =   0.212809
                   Q22c =  -0.333175  Q22s =   0.912801

C          x =  0.951350  y = -3.274740  z =  4.459810 angstrom
           Maximum rank =  2   Radius =  0.650 angstrom
                   Q00  =   0.008020
|Q1| =   0.096047  Q10  =   0.008484  Q11c =  -0.081700  Q11s =   0.049781
|Q2| =   1.338294  Q20  =  -1.288211  Q21c =  -0.011615  Q21s =   0.314578
                   Q22c =   0.107077  Q22s =   0.144860

H          x =  1.977430  y = -2.930290  z =  4.495970 angstrom
           Maximum rank =  1   Radius =  0.350 angstrom
                   Q00  =   0.072169
|Q1| =   0.099420  Q10  =   0.002023  Q11c =  -0.099280  Q11s =   0.004855

N          x = -5.094290  y =  0.554510  z =  5.107550 angstrom
           Maximum rank =  2   Radius =  0.650 angstrom
                   Q00  =  -0.235004
|Q1| =   0.573616  Q10  =  -0.075518  Q11c =   0.296600  Q11s =  -0.485140
|Q2| =   0.622916  Q20  =  -0.321775  Q21c =  -0.081957  Q21s =   0.104702
                   Q22c =  -0.087105  Q22s =  -0.509135

C          x =  6.699900  y =  4.617220  z =  1.752300 angstrom
           Maximum rank =  2   Radius =  0.650 angstrom
                   Q00  =  -0.078720
|Q1| =   0.121447  Q10  =   0.108936  Q11c =  -0.038103  Q11s =   0.037821
|Q2| =   1.149964  Q20  =   0.501495  Q21c =  -0.538365  Q21s =  -0.011053
                   Q22c =  -0.852606  Q22s =  -0.232428

C          x =  6.517810  y =  3.717520  z =  2.801400 angstrom
           Maximum rank =  2   Radius =  0.650 angstrom
                   Q00  =  -0.033047
|Q1| =   0.075565  Q10  =   0.002467  Q11c =  -0.007783  Q11s =   0.075122
|Q2| =   1.414888  Q20  =   0.463040  Q21c =  -0.611077  Q21s =  -0.032555
                   Q22c =  -1.147854  Q22s =  -0.308962

H          x =  6.690380  y =  2.659520  z =  2.633940 angstrom
           Maximum rank =  1   Radius =  0.350 angstrom
                   Q00  =   0.048150
|Q1| =   0.115803  Q10  =   0.015893  Q11c =  -0.019569  Q11s =   0.113025

H          x = -3.062940  y =  5.718410  z =  4.906200 angstrom
           Maximum rank =  1   Radius =  0.350 angstrom
                   Q00  =   0.047429
|Q1| =   0.113434  Q10  =   0.078429  Q11c =   0.081796  Q11s =  -0.005055

C          x =  8.240660  y =  3.534880  z = 10.189240 angstrom
           Maximum rank =  2   Radius =  0.650 angstrom
                   Q00  =   0.023098
|Q1| =   0.023866  Q10  =  -0.014205  Q11c =  -0.018598  Q11s =   0.004678
|Q2| =   0.103204  Q20  =   0.041010  Q21c =   0.051642  Q21s =  -0.069561
                   Q22c =   0.001600  Q22s =  -0.038223

C          x =  7.155640  y =  4.142750  z =  0.398890 angstrom
           Maximum rank =  2   Radius =  0.650 angstrom
                   Q00  =   0.023134
|Q1| =   0.023869  Q10  =   0.015981  Q11c =  -0.012065  Q11s =   0.012991
|Q2| =   0.101914  Q20  =   0.082648  Q21c =  -0.043049  Q21s =   0.038315
                   Q22c =  -0.013187  Q22s =  -0.007787

H          x =  8.837680  y =  4.299150  z = 10.694380 angstrom
           Maximum rank =  1   Radius =  0.350 angstrom
                   Q00  =   0.030354
|Q1| =   0.124442  Q10  =  -0.084022  Q11c =  -0.078043  Q11s =  -0.048325

H          x =  7.560580  y =  3.105410  z = 10.925770 angstrom
           Maximum rank =  1   Radius =  0.350 angstrom
                   Q00  =   0.023576
|Q1| =   0.125395  Q10  =  -0.104475  Q11c =   0.036815  Q11s =   0.058765

H          x =  8.925710  y =  2.749010  z =  9.863960 angstrom
           Maximum rank =  1   Radius =  0.350 angstrom
                   Q00  =   0.027042
|Q1| =   0.125143  Q10  =  -0.008948  Q11c =  -0.085740  Q11s =   0.090715

H          x =  7.020930  y =  4.916000  z = -0.358390 angstrom
           Maximum rank =  1   Radius =  0.350 angstrom
                   Q00  =   0.023426
|Q1| =   0.125632  Q10  =   0.113201  Q11c =  -0.002839  Q11s =  -0.054413

H          x =  8.215400  y =  3.873260  z =  0.413210 angstrom
           Maximum rank =  1   Radius =  0.350 angstrom
                   Q00  =   0.029607
|Q1| =   0.124904  Q10  =   0.043109  Q11c =  -0.110531  Q11s =   0.039058

H          x =  6.599220  y =  3.258420  z =  0.081340 angstrom
           Maximum rank =  1   Radius =  0.350 angstrom
                   Q00  =   0.027983
|Q1| =   0.124351  Q10  =   0.073762  Q11c =   0.034563  Q11s =   0.093956

H          x =  2.898570  y =  9.752490  z =  6.347010 angstrom
           Maximum rank =  1   Radius =  0.350 angstrom
                   Q00  =   0.082487
|Q1| =   0.103484  Q10  =  -0.010648  Q11c =   0.101318  Q11s =  -0.018171

Total multipoles referred to origin at
           x =   0.000000,  y =    0.000000,  z =    0.000000 angstrom
                   Q00  =  -0.000034
|Q1| =   0.586092  Q10  =  -0.054623  Q11c =  -0.409373  Q11s =  -0.415853
|Q2| = 312.324064  Q20  = 113.890307  Q21c = -46.257750  Q21s = -26.557531
                   Q22c = -44.297249  Q22s =-282.432277

CPU time used:     71m58.452s          Total:     71m58.452s

Finished at 01:42:46 on 06 Sep 2021 
