                                     G D M A
                                 by Anthony Stone

               Distributed Multipoles from Gaussian wavefunctions

                             version 2.3.3 (e2d289a)
              Compiled with gfortran on 19 March 2021 at 09:53:28

Starting at 00:31:18 on 06 Sep 2021 

s1S0



Using CI density matrix from file sN_y.fchk


                         Distributed Multipole Analysis

Standard DMA for products of primitives with exponent greater than 4.00000
Using 80-point Euler-MacLaurin radial quadrature
Using 590-point Lebedev quadrature
Becke smoothing parameter = 3

Positions and radii in angstrom
Multipole moments in atomic units, ea_0^k for rank k

S          x =  9.669900  y = 15.237920  z =  6.988090 angstrom
           Maximum rank =  2   Radius =  0.650 angstrom
                   Q00  =   0.802427
|Q1| =   0.921494  Q10  =  -0.072490  Q11c =   0.809642  Q11s =  -0.434024
|Q2| =   2.466406  Q20  =  -2.210158  Q21c =   0.035772  Q21s =   0.649943
                   Q22c =  -0.660572  Q22s =   0.581638

S          x =  8.933700  y = 10.929730  z =  6.368710 angstrom
           Maximum rank =  2   Radius =  0.650 angstrom
                   Q00  =   0.780841
|Q1| =   1.013494  Q10  =   0.123451  Q11c =  -0.729366  Q11s =   0.692788
|Q2| =   2.423252  Q20  =  -2.154707  Q21c =   0.059792  Q21s =   0.512551
                   Q22c =   0.291598  Q22s =   0.937057

O          x = 11.595350  y = 11.923360  z =  6.481030 angstrom
           Maximum rank =  2   Radius =  0.650 angstrom
                   Q00  =  -0.392265
|Q1| =   0.519148  Q10  =   0.060371  Q11c =   0.283430  Q11s =   0.430741
|Q2| =   1.135906  Q20  =  -0.682941  Q21c =  -0.137796  Q21s =   0.188041
                   Q22c =   0.004298  Q22s =  -0.877216

O          x =  9.368740  y = 17.894770  z =  7.373630 angstrom
           Maximum rank =  2   Radius =  0.650 angstrom
                   Q00  =  -0.421674
|Q1| =   0.559858  Q10  =   0.046765  Q11c =   0.425088  Q11s =   0.361324
|Q2| =   0.982226  Q20  =  -0.153512  Q21c =   0.099416  Q21s =  -0.060228
                   Q22c =   0.597776  Q22s =   0.755219

C          x =  8.751980  y = 12.658920  z =  6.632700 angstrom
           Maximum rank =  2   Radius =  0.650 angstrom
                   Q00  =  -0.303997
|Q1| =   0.415694  Q10  =   0.068774  Q11c =  -0.108029  Q11s =   0.395477
|Q2| =   1.487943  Q20  =  -1.201651  Q21c =   0.006173  Q21s =   0.201883
                   Q22c =   0.712689  Q22s =   0.470414

C          x =  9.883850  y = 13.541380  z =  6.741070 angstrom
           Maximum rank =  2   Radius =  0.650 angstrom
                   Q00  =  -0.338103
|Q1| =   0.491860  Q10  =  -0.065613  Q11c =   0.161746  Q11s =  -0.459847
|Q2| =   1.466593  Q20  =  -1.234316  Q21c =   0.014516  Q21s =   0.215568
                   Q22c =   0.634375  Q22s =   0.422194

C          x =  4.527040  y = 12.120090  z =  7.961390 angstrom
           Maximum rank =  2   Radius =  0.650 angstrom
                   Q00  =  -0.060254
|Q1| =   0.078422  Q10  =   0.001452  Q11c =   0.077523  Q11s =   0.011749
|Q2| =   1.287219  Q20  =   0.564589  Q21c =  -0.683981  Q21s =  -0.020115
                   Q22c =  -0.880645  Q22s =  -0.307250

C          x =  4.354280  y = 11.222860  z =  9.007480 angstrom
           Maximum rank =  2   Radius =  0.650 angstrom
                   Q00  =  -0.034484
|Q1| =   0.097420  Q10  =  -0.045089  Q11c =   0.023615  Q11s =   0.083065
|Q2| =   1.471362  Q20  =   0.523282  Q21c =  -0.648786  Q21s =   0.048725
                   Q22c =  -1.166832  Q22s =  -0.326017

H          x =  4.538470  y = 10.168010  z =  8.851590 angstrom
           Maximum rank =  1   Radius =  0.350 angstrom
                   Q00  =   0.077380
|Q1| =   0.098252  Q10  =  -0.045017  Q11c =  -0.006106  Q11s =   0.087118

C          x = 11.231410  y = 13.209120  z =  6.673150 angstrom
           Maximum rank =  2   Radius =  0.650 angstrom
                   Q00  =   0.077613
|Q1| =   0.126316  Q10  =  -0.017018  Q11c =  -0.023548  Q11s =  -0.122929
|Q2| =   1.139922  Q20  =  -1.087660  Q21c =  -0.034536  Q21s =   0.301408
                   Q22c =  -0.147643  Q22s =  -0.050809

C          x = 11.392010  y = 15.512170  z =  7.003580 angstrom
           Maximum rank =  2   Radius =  0.650 angstrom
                   Q00  =  -0.312029
|Q1| =   0.435614  Q10  =  -0.006575  Q11c =   0.435494  Q11s =  -0.007837
|Q2| =   1.412829  Q20  =  -1.165462  Q21c =   0.003566  Q21s =   0.394349
                   Q22c =  -0.673613  Q22s =   0.168839

C          x =  7.422290  y = 13.012690  z =  6.716480 angstrom
           Maximum rank =  2   Radius =  0.650 angstrom
                   Q00  =  -0.048660
|Q1| =   0.102952  Q10  =   0.015873  Q11c =   0.013834  Q11s =  -0.100776
|Q2| =   1.489465  Q20  =  -1.424804  Q21c =  -0.087589  Q21s =   0.422219
                   Q22c =  -0.039264  Q22s =   0.030908

H          x =  7.097220  y = 14.029940  z =  6.886350 angstrom
           Maximum rank =  1   Radius =  0.350 angstrom
                   Q00  =   0.087000
|Q1| =   0.094075  Q10  =  -0.011410  Q11c =   0.019966  Q11s =  -0.091221

C          x = 10.395150  y = 18.533520  z =  7.453220 angstrom
           Maximum rank =  2   Radius =  0.650 angstrom
                   Q00  =   0.191282
|Q1| =   0.030638  Q10  =  -0.002281  Q11c =  -0.024168  Q11s =  -0.018692
|Q2| =   0.762601  Q20  =  -0.699425  Q21c =   0.017363  Q21s =   0.164216
                   Q22c =   0.084301  Q22s =   0.240811

C          x =  7.231070  y = 10.735290  z =  6.371860 angstrom
           Maximum rank =  2   Radius =  0.650 angstrom
                   Q00  =  -0.338231
|Q1| =   0.611073  Q10  =   0.043050  Q11c =  -0.602550  Q11s =   0.092144
|Q2| =   1.362229  Q20  =  -1.197918  Q21c =   0.002516  Q21s =   0.379175
                   Q22c =  -0.416173  Q22s =   0.321994

C          x =  6.562620  y = 11.912910  z =  6.561960 angstrom
           Maximum rank =  2   Radius =  0.650 angstrom
                   Q00  =  -0.072509
|Q1| =   0.111196  Q10  =   0.037902  Q11c =  -0.025245  Q11s =  -0.101443
|Q2| =   1.252448  Q20  =  -1.186254  Q21c =  -0.051817  Q21s =   0.306289
                   Q22c =   0.158521  Q22s =   0.199504

C          x = 12.124720  y = 16.716940  z =  7.167300 angstrom
           Maximum rank =  2   Radius =  0.650 angstrom
                   Q00  =   0.018288
|Q1| =   0.021890  Q10  =   0.002562  Q11c =   0.013871  Q11s =   0.016739
|Q2| =   1.380420  Q20  =  -1.323198  Q21c =  -0.026837  Q21s =   0.359868
                   Q22c =  -0.154411  Q22s =   0.025286

H          x = 13.185370  y = 16.510930  z =  7.123140 angstrom
           Maximum rank =  1   Radius =  0.350 angstrom
                   Q00  =   0.091316
|Q1| =   0.072091  Q10  =   0.006952  Q11c =  -0.056986  Q11s =   0.043606

C          x =  4.988520  y = 12.753180  z =  4.269580 angstrom
           Maximum rank =  2   Radius =  0.650 angstrom
                   Q00  =  -0.033416
|Q1| =   0.097009  Q10  =   0.062856  Q11c =  -0.069396  Q11s =  -0.025378
|Q2| =   1.456093  Q20  =   0.327307  Q21c =  -0.033954  Q21s =  -0.864162
                   Q22c =   1.067866  Q22s =  -0.353287

H          x =  6.059900  y = 12.616100  z =  4.195190 angstrom
           Maximum rank =  1   Radius =  0.350 angstrom
                   Q00  =   0.077546
|Q1| =   0.100258  Q10  =   0.059742  Q11c =  -0.080261  Q11s =  -0.006382

C          x =  5.057100  y = 11.687410  z =  6.587450 angstrom
           Maximum rank =  2   Radius =  0.650 angstrom
                   Q00  =  -0.009629
|Q1| =   0.059747  Q10  =  -0.007335  Q11c =   0.048597  Q11s =  -0.033975
|Q2| =   0.189522  Q20  =   0.021201  Q21c =   0.035107  Q21s =   0.067718
                   Q22c =   0.033942  Q22s =  -0.168816

C          x = 11.776520  y = 18.022560  z =  7.360460 angstrom
           Maximum rank =  2   Radius =  0.650 angstrom
                   Q00  =  -0.065736
|Q1| =   0.062538  Q10  =   0.008276  Q11c =  -0.032550  Q11s =   0.052755
|Q2| =   1.336390  Q20  =  -1.271976  Q21c =  -0.037245  Q21s =   0.354563
                   Q22c =  -0.192656  Q22s =  -0.061603

C          x = 12.071330  y = 14.313170  z =  6.820720 angstrom
           Maximum rank =  2   Radius =  0.650 angstrom
                   Q00  =  -0.068331
|Q1| =   0.097064  Q10  =   0.002703  Q11c =  -0.096802  Q11s =   0.006585
|Q2| =   1.540310  Q20  =  -1.488734  Q21c =  -0.022521  Q21s =   0.363614
                   Q22c =   0.103538  Q22s =   0.113061

H          x = 13.150990  y = 14.272960  z =  6.800040 angstrom
           Maximum rank =  1   Radius =  0.350 angstrom
                   Q00  =   0.073153
|Q1| =   0.099262  Q10  =   0.003419  Q11c =  -0.098293  Q11s =   0.013408

C          x =  4.322640  y = 12.375960  z =  5.429520 angstrom
           Maximum rank =  2   Radius =  0.650 angstrom
                   Q00  =  -0.059019
|Q1| =   0.066047  Q10  =  -0.010430  Q11c =  -0.000125  Q11s =  -0.065218
|Q2| =   1.279192  Q20  =   0.354894  Q21c =  -0.031530  Q21s =  -0.853897
                   Q22c =   0.792201  Q22s =  -0.390724

C          x =  4.293210  y = 13.472070  z =  8.217320 angstrom
           Maximum rank =  2   Radius =  0.650 angstrom
                   Q00  =  -0.048869
|Q1| =   0.102214  Q10  =   0.016479  Q11c =   0.006396  Q11s =  -0.100674
|Q2| =   1.476298  Q20  =   0.692085  Q21c =  -0.597473  Q21s =  -0.127941
                   Q22c =  -1.109013  Q22s =  -0.311803

H          x =  4.415000  y = 14.197390  z =  7.421610 angstrom
           Maximum rank =  1   Radius =  0.350 angstrom
                   Q00  =   0.074222
|Q1| =   0.105941  Q10  =   0.038380  Q11c =  -0.008678  Q11s =  -0.098363

C          x =  3.952460  y = 11.660460  z = 10.263770 angstrom
           Maximum rank =  2   Radius =  0.650 angstrom
                   Q00  =  -0.033352
|Q1| =   0.075146  Q10  =  -0.050642  Q11c =   0.009219  Q11s =   0.054747
|Q2| =   1.405542  Q20  =   0.551647  Q21c =  -0.611000  Q21s =  -0.189296
                   Q22c =  -1.094846  Q22s =  -0.251774

H          x =  3.826320  y = 10.934950  z = 11.060130 angstrom
           Maximum rank =  1   Radius =  0.350 angstrom
                   Q00  =   0.044718
|Q1| =   0.117637  Q10  =  -0.087784  Q11c =   0.014373  Q11s =   0.076979

C          x =  5.009330  y = 10.165850  z =  6.361900 angstrom
           Maximum rank =  2   Radius =  0.650 angstrom
                   Q00  =  -0.041762
|Q1| =   0.087514  Q10  =  -0.042956  Q11c =   0.074357  Q11s =   0.016867
|Q2| =   1.248677  Q20  =  -1.196138  Q21c =  -0.022209  Q21s =   0.320720
                   Q22c =  -0.054809  Q22s =   0.148623

C          x =  6.512340  y =  8.270410  z =  6.012840 angstrom
           Maximum rank =  2   Radius =  0.650 angstrom
                   Q00  =  -0.018642
|Q1| =   0.106933  Q10  =   0.039524  Q11c =  -0.093792  Q11s =   0.032796
|Q2| =   1.455902  Q20  =  -1.409839  Q21c =  -0.042025  Q21s =   0.360842
                   Q22c =  -0.005573  Q22s =   0.000730

C          x = 12.685020  y = 19.162860  z =  7.513010 angstrom
           Maximum rank =  2   Radius =  0.650 angstrom
                   Q00  =   0.031213
|Q1| =   0.041015  Q10  =   0.002854  Q11c =  -0.037703  Q11s =   0.015892
|Q2| =   1.160620  Q20  =  -1.095004  Q21c =  -0.031176  Q21s =   0.236895
                   Q22c =   0.301228  Q22s =   0.013260

C          x = 10.494850  y = 19.992930  z =  7.664450 angstrom
           Maximum rank =  2   Radius =  0.650 angstrom
                   Q00  =  -0.044076
|Q1| =   0.077194  Q10  =  -0.003415  Q11c =   0.075243  Q11s =  -0.016906
|Q2| =   1.231257  Q20  =  -1.179885  Q21c =  -0.049888  Q21s =   0.312467
                   Q22c =  -0.041597  Q22s =  -0.148355

C          x =  6.303900  y =  9.628780  z =  6.234970 angstrom
           Maximum rank =  2   Radius =  0.650 angstrom
                   Q00  =  -0.026681
|Q1| =   0.119207  Q10  =   0.008704  Q11c =  -0.104107  Q11s =   0.057414
|Q2| =   1.287275  Q20  =  -1.199110  Q21c =  -0.043275  Q21s =   0.368426
                   Q22c =  -0.281766  Q22s =   0.046996

C          x = 14.051890  y = 19.166690  z =  7.492960 angstrom
           Maximum rank =  2   Radius =  0.650 angstrom
                   Q00  =  -0.024001
|Q1| =   0.024260  Q10  =  -0.000301  Q11c =   0.024246  Q11s =   0.000762
|Q2| =   1.318611  Q20  =  -1.273932  Q21c =  -0.036388  Q21s =   0.307963
                   Q22c =   0.140240  Q22s =  -0.001203

C          x = 14.847160  y = 17.996630  z =  7.310060 angstrom
           Maximum rank =  2   Radius =  0.650 angstrom
                   Q00  =   0.059824
|Q1| =   0.099559  Q10  =   0.014356  Q11c =  -0.021281  Q11s =   0.096193
|Q2| =   1.203890  Q20  =  -0.693946  Q21c =  -0.141395  Q21s =   0.245156
                   Q22c =  -0.348928  Q22s =  -0.875183

C          x = 11.837730  y = 20.370590  z =  7.701030 angstrom
           Maximum rank =  2   Radius =  0.650 angstrom
                   Q00  =  -0.025640
|Q1| =   0.085475  Q10  =  -0.007319  Q11c =  -0.063845  Q11s =  -0.056357
|Q2| =   1.240986  Q20  =  -1.186808  Q21c =  -0.029639  Q21s =   0.328845
                   Q22c =  -0.149135  Q22s =  -0.016562

C          x =  4.299670  y = 13.307490  z =  3.198660 angstrom
           Maximum rank =  2   Radius =  0.650 angstrom
                   Q00  =  -0.032890
|Q1| =   0.076178  Q10  =   0.058708  Q11c =  -0.043971  Q11s =  -0.020565
|Q2| =   1.400046  Q20  =   0.436704  Q21c =  -0.222506  Q21s =  -0.849590
                   Q22c =   0.965419  Q22s =  -0.257047

H          x =  4.849000  y = 13.597840  z =  2.309650 angstrom
           Maximum rank =  1   Radius =  0.350 angstrom
                   Q00  =   0.045220
|Q1| =   0.117331  Q10  =   0.096507  Q11c =  -0.058333  Q11s =  -0.032405

C          x =  2.259370  y = 13.120890  z =  4.409970 angstrom
           Maximum rank =  2   Radius =  0.650 angstrom
                   Q00  =  -0.034113
|Q1| =   0.075919  Q10  =  -0.013938  Q11c =   0.074504  Q11s =  -0.004309
|Q2| =   1.418433  Q20  =   0.320089  Q21c =  -0.134572  Q21s =  -0.801162
                   Q22c =   1.061314  Q22s =  -0.350910

H          x =  1.186300  y = 13.264570  z =  4.482050 angstrom
           Maximum rank =  1   Radius =  0.350 angstrom
                   Q00  =   0.046900
|Q1| =   0.116940  Q10  =  -0.010831  Q11c =   0.115268  Q11s =  -0.016462

C          x = 11.120840  y = 22.625830  z =  8.039800 angstrom
           Maximum rank =  2   Radius =  0.650 angstrom
                   Q00  =  -0.012716
|Q1| =   0.055515  Q10  =  -0.007990  Q11c =   0.001786  Q11s =  -0.054908
|Q2| =   1.343060  Q20  =  -1.279930  Q21c =  -0.014133  Q21s =   0.354688
                   Q22c =  -0.171765  Q22s =   0.100413

H          x = 11.362840  y = 23.670990  z =  8.188960 angstrom
           Maximum rank =  1   Radius =  0.350 angstrom
                   Q00  =   0.047865
|Q1| =   0.105464  Q10  =  -0.014802  Q11c =  -0.016686  Q11s =  -0.103079

C          x = 12.981890  y = 11.634200  z =  6.427790 angstrom
           Maximum rank =  2   Radius =  0.650 angstrom
                   Q00  =   0.170166
|Q1| =   0.143397  Q10  =  -0.001251  Q11c =  -0.142275  Q11s =  -0.017858
|Q2| =   0.144642  Q20  =  -0.084865  Q21c =  -0.017893  Q21s =   0.016291
                   Q22c =   0.044462  Q22s =  -0.105626

H          x = 13.461320  y = 12.157930  z =  5.595770 angstrom
           Maximum rank =  1   Radius =  0.350 angstrom
                   Q00  =   0.046991
|Q1| =   0.113718  Q10  =   0.078425  Q11c =  -0.080469  Q11s =  -0.017494

H          x = 13.060500  y = 10.561240  z =  6.272360 angstrom
           Maximum rank =  1   Radius =  0.350 angstrom
                   Q00  =   0.049353
|Q1| =   0.104131  Q10  =   0.013522  Q11c =  -0.051027  Q11s =   0.089759

C          x =  2.942400  y = 12.570250  z =  5.480710 angstrom
           Maximum rank =  2   Radius =  0.650 angstrom
                   Q00  =  -0.051343
|Q1| =   0.104401  Q10  =  -0.035484  Q11c =   0.097111  Q11s =   0.014483
|Q2| =   1.486976  Q20  =   0.564312  Q21c =  -0.150440  Q21s =  -0.847501
                   Q22c =   1.010350  Q22s =  -0.361873

H          x =  2.395500  y = 12.304150  z =  6.377060 angstrom
           Maximum rank =  1   Radius =  0.350 angstrom
                   Q00  =   0.073911
|Q1| =   0.106577  Q10  =  -0.052790  Q11c =   0.090595  Q11s =   0.019089

C          x =  2.925120  y = 13.500270  z =  3.246190 angstrom
           Maximum rank =  2   Radius =  0.650 angstrom
                   Q00  =  -0.078891
|Q1| =   0.121927  Q10  =   0.093646  Q11c =   0.061685  Q11s =  -0.047869
|Q2| =   1.151554  Q20  =   0.351013  Q21c =  -0.035714  Q21s =  -0.716501
                   Q22c =   0.779915  Q22s =  -0.282752

C          x = 12.157560  y = 21.711660  z =  7.892220 angstrom
           Maximum rank =  2   Radius =  0.650 angstrom
                   Q00  =  -0.007734
|Q1| =   0.083405  Q10  =  -0.009487  Q11c =  -0.044666  Q11s =  -0.069795
|Q2| =   1.399017  Q20  =  -1.345835  Q21c =  -0.025365  Q21s =   0.316797
                   Q22c =   0.199907  Q22s =   0.070793

H          x = 13.177420  y = 22.060620  z =  7.929110 angstrom
           Maximum rank =  1   Radius =  0.350 angstrom
                   Q00  =   0.085923
|Q1| =   0.077710  Q10  =  -0.008722  Q11c =  -0.044130  Q11s =  -0.063367

C          x =  9.786870  y = 22.231250  z =  8.000490 angstrom
           Maximum rank =  2   Radius =  0.650 angstrom
                   Q00  =  -0.016247
|Q1| =   0.062157  Q10  =  -0.007510  Q11c =   0.038751  Q11s =  -0.048015
|Q2| =   1.354946  Q20  =  -1.286769  Q21c =  -0.068497  Q21s =   0.332432
                   Q22c =   0.021652  Q22s =  -0.253834

H          x =  9.004480  y = 22.970770  z =  8.119020 angstrom
           Maximum rank =  1   Radius =  0.350 angstrom
                   Q00  =   0.044440
|Q1| =   0.106452  Q10  =  -0.011786  Q11c =   0.075709  Q11s =  -0.073900

N          x = 15.500480  y = 21.277130  z =  7.778530 angstrom
           Maximum rank =  2   Radius =  0.650 angstrom
                   Q00  =  -0.231179
|Q1| =   0.566523  Q10  =  -0.064786  Q11c =  -0.300031  Q11s =  -0.476165
|Q2| =   0.630741  Q20  =  -0.329796  Q21c =   0.067536  Q21s =   0.094566
                   Q22c =  -0.118241  Q22s =   0.511453

C          x = 14.835610  y = 20.347920  z =  7.653210 angstrom
           Maximum rank =  2   Radius =  0.650 angstrom
                   Q00  =   0.057229
|Q1| =   0.107913  Q10  =  -0.014839  Q11c =  -0.022704  Q11s =  -0.104449
|Q2| =   1.216815  Q20  =  -0.690290  Q21c =   0.119604  Q21s =   0.213192
                   Q22c =  -0.332994  Q22s =   0.912960

C          x =  9.461630  y = 20.895900  z =  7.810200 angstrom
           Maximum rank =  2   Radius =  0.650 angstrom
                   Q00  =   0.007411
|Q1| =   0.096085  Q10  =  -0.008402  Q11c =   0.081805  Q11s =  -0.049696
|Q2| =   1.340513  Q20  =  -1.290422  Q21c =  -0.011270  Q21s =   0.314801
                   Q22c =   0.106871  Q22s =   0.145391

H          x =  8.435550  y = 20.551460  z =  7.773950 angstrom
           Maximum rank =  1   Radius =  0.350 angstrom
                   Q00  =   0.071821
|Q1| =   0.099734  Q10  =  -0.002011  Q11c =   0.099593  Q11s =  -0.004918

N          x = 15.507310  y = 17.066440  z =  7.164070 angstrom
           Maximum rank =  2   Radius =  0.650 angstrom
                   Q00  =  -0.237940
|Q1| =   0.575196  Q10  =   0.075575  Q11c =  -0.298274  Q11s =   0.485974
|Q2| =   0.624680  Q20  =  -0.324130  Q21c =  -0.081893  Q21s =   0.105171
                   Q22c =  -0.087697  Q22s =  -0.509614

C          x =  3.713130  y = 13.003760  z = 10.519100 angstrom
           Maximum rank =  2   Radius =  0.650 angstrom
                   Q00  =  -0.078683
|Q1| =   0.121441  Q10  =  -0.108959  Q11c =   0.037965  Q11s =  -0.037875
|Q2| =   1.149857  Q20  =   0.501449  Q21c =  -0.538372  Q21s =  -0.011114
                   Q22c =  -0.852485  Q22s =  -0.232424

C          x =  3.895200  y = 13.903460  z =  9.469990 angstrom
           Maximum rank =  2   Radius =  0.650 angstrom
                   Q00  =  -0.033072
|Q1| =   0.075582  Q10  =  -0.002487  Q11c =   0.007690  Q11s =  -0.075148
|Q2| =   1.415011  Q20  =   0.463068  Q21c =  -0.611159  Q21s =  -0.032573
                   Q22c =  -1.147923  Q22s =  -0.309063

H          x =  3.722630  y = 14.961450  z =  9.637450 angstrom
           Maximum rank =  1   Radius =  0.350 angstrom
                   Q00  =   0.048065
|Q1| =   0.115880  Q10  =  -0.015908  Q11c =   0.019564  Q11s =  -0.113103

H          x = 13.475820  y = 11.902610  z =  7.366030 angstrom
           Maximum rank =  1   Radius =  0.350 angstrom
                   Q00  =   0.047414
|Q1| =   0.113528  Q10  =  -0.078489  Q11c =  -0.081867  Q11s =   0.005097

C          x =  2.172360  y = 14.086070  z =  2.082150 angstrom
           Maximum rank =  2   Radius =  0.650 angstrom
                   Q00  =   0.023104
|Q1| =   0.023826  Q10  =   0.014203  Q11c =   0.018528  Q11s =  -0.004758
|Q2| =   0.103186  Q20  =   0.041019  Q21c =   0.051507  Q21s =  -0.069623
                   Q22c =   0.001853  Q22s =  -0.038223

C          x =  3.257390  y = 13.478230  z = 11.872510 angstrom
           Maximum rank =  2   Radius =  0.650 angstrom
                   Q00  =   0.023138
|Q1| =   0.023881  Q10  =  -0.015991  Q11c =   0.011998  Q11s =  -0.013062
|Q2| =   0.101887  Q20  =   0.082591  Q21c =  -0.043134  Q21s =   0.038309
                   Q22c =  -0.013222  Q22s =  -0.007533

H          x =  1.575460  y = 13.321770  z =  1.576930 angstrom
           Maximum rank =  1   Radius =  0.350 angstrom
                   Q00  =   0.030495
|Q1| =   0.124326  Q10  =   0.083991  Q11c =   0.077941  Q11s =   0.048246

H          x =  2.852420  y = 14.515670  z =  1.345700 angstrom
           Maximum rank =  1   Radius =  0.350 angstrom
                   Q00  =   0.023437
|Q1| =   0.125513  Q10  =   0.104538  Q11c =  -0.036888  Q11s =  -0.058859

H          x =  1.487190  y = 14.871840  z =  2.407450 angstrom
           Maximum rank =  1   Radius =  0.350 angstrom
                   Q00  =   0.027031
|Q1| =   0.125155  Q10  =   0.008953  Q11c =   0.085708  Q11s =  -0.090763

H          x =  3.392190  y = 12.705020  z = 12.629810 angstrom
           Maximum rank =  1   Radius =  0.350 angstrom
                   Q00  =   0.023480
|Q1| =   0.125588  Q10  =  -0.113184  Q11c =   0.002785  Q11s =   0.054352

H          x =  2.197600  y = 13.747620  z = 11.858210 angstrom
           Maximum rank =  1   Radius =  0.350 angstrom
                   Q00  =   0.029697
|Q1| =   0.124834  Q10  =  -0.043105  Q11c =   0.110444  Q11s =  -0.039084

H          x =  3.813730  y = 14.362620  z = 12.190010 angstrom
           Maximum rank =  1   Radius =  0.350 angstrom
                   Q00  =   0.027834
|Q1| =   0.124475  Q10  =  -0.073806  Q11c =  -0.034624  Q11s =  -0.094064

H          x =  7.514460  y =  7.868480  z =  5.924390 angstrom
           Maximum rank =  1   Radius =  0.350 angstrom
                   Q00  =   0.082475
|Q1| =   0.103522  Q10  =   0.010648  Q11c =  -0.101364  Q11s =   0.018130

S          x =  0.743120  y =  2.383100  z =  5.282960 angstrom
           Maximum rank =  2   Radius =  0.650 angstrom
                   Q00  =   0.805738
|Q1| =   0.918473  Q10  =   0.072616  Q11c =  -0.806940  Q11s =   0.432629
|Q2| =   2.453294  Q20  =  -2.197776  Q21c =   0.035507  Q21s =   0.647140
                   Q22c =  -0.657490  Q22s =   0.579731

S          x =  1.479330  y =  6.691230  z =  5.902730 angstrom
           Maximum rank =  2   Radius =  0.650 angstrom
                   Q00  =   0.780967
|Q1| =   1.013977  Q10  =  -0.123317  Q11c =   0.729960  Q11s =  -0.692892
|Q2| =   2.421180  Q20  =  -2.152454  Q21c =   0.059527  Q21s =   0.511932
                   Q22c =   0.291918  Q22s =   0.937133

O          x = -1.182320  y =  5.697540  z =  5.790880 angstrom
           Maximum rank =  2   Radius =  0.650 angstrom
                   Q00  =  -0.393056
|Q1| =   0.519448  Q10  =  -0.060368  Q11c =  -0.283461  Q11s =  -0.431082
|Q2| =   1.136869  Q20  =  -0.683907  Q21c =  -0.138170  Q21s =   0.188684
                   Q22c =   0.004465  Q22s =  -0.877514

O          x =  1.044260  y = -0.273680  z =  4.896880 angstrom
           Maximum rank =  2   Radius =  0.650 angstrom
                   Q00  =  -0.420641
|Q1| =   0.559170  Q10  =  -0.046720  Q11c =  -0.424066  Q11s =  -0.361463
|Q2| =   0.981800  Q20  =  -0.152708  Q21c =   0.099396  Q21s =  -0.060566
                   Q22c =   0.597657  Q22s =   0.754897

C          x =  1.661040  y =  4.962050  z =  5.638720 angstrom
           Maximum rank =  2   Radius =  0.650 angstrom
                   Q00  =  -0.305323
|Q1| =   0.415927  Q10  =  -0.068740  Q11c =   0.106401  Q11s =  -0.396168
|Q2| =   1.491905  Q20  =  -1.205456  Q21c =   0.006186  Q21s =   0.202856
                   Q22c =   0.713186  Q22s =   0.472053

C          x =  0.529170  y =  4.079600  z =  5.530330 angstrom
           Maximum rank =  2   Radius =  0.650 angstrom
                   Q00  =  -0.336574
|Q1| =   0.492484  Q10  =   0.065980  Q11c =  -0.160097  Q11s =   0.461038
|Q2| =   1.463270  Q20  =  -1.230843  Q21c =   0.014349  Q21s =   0.214995
                   Q22c =   0.633737  Q22s =   0.422059

C          x =  5.885980  y =  5.500890  z =  4.310010 angstrom
           Maximum rank =  2   Radius =  0.650 angstrom
                   Q00  =  -0.060373
|Q1| =   0.078372  Q10  =  -0.001411  Q11c =  -0.077465  Q11s =  -0.011800
|Q2| =   1.287519  Q20  =   0.564811  Q21c =  -0.684216  Q21s =  -0.020147
                   Q22c =  -0.880742  Q22s =  -0.307296

C          x =  6.058750  y =  6.398120  z =  3.263930 angstrom
           Maximum rank =  2   Radius =  0.650 angstrom
                   Q00  =  -0.034770
|Q1| =   0.097537  Q10  =   0.045155  Q11c =  -0.023552  Q11s =  -0.083185
|Q2| =   1.472393  Q20  =   0.523620  Q21c =  -0.649259  Q21s =   0.048990
                   Q22c =  -1.167640  Q22s =  -0.326254

H          x =  5.874580  y =  7.452970  z =  3.419820 angstrom
           Maximum rank =  1   Radius =  0.350 angstrom
                   Q00  =   0.077086
|Q1| =   0.098465  Q10  =   0.045069  Q11c =   0.006138  Q11s =  -0.087329

C          x = -0.818390  y =  4.411820  z =  5.598490 angstrom
           Maximum rank =  2   Radius =  0.650 angstrom
                   Q00  =   0.076578
|Q1| =   0.126116  Q10  =   0.017146  Q11c =   0.022342  Q11s =   0.122932
|Q2| =   1.141832  Q20  =  -1.089559  Q21c =  -0.034665  Q21s =   0.302189
                   Q22c =  -0.147206  Q22s =  -0.049524

C          x = -0.978990  y =  2.108820  z =  5.267690 angstrom
           Maximum rank =  2   Radius =  0.650 angstrom
                   Q00  =  -0.313622
|Q1| =   0.435819  Q10  =   0.006555  Q11c =  -0.435720  Q11s =   0.006579
|Q2| =   1.415985  Q20  =  -1.168151  Q21c =   0.003530  Q21s =   0.395645
                   Q22c =  -0.674498  Q22s =   0.170123

C          x =  2.990730  y =  4.608280  z =  5.554940 angstrom
           Maximum rank =  2   Radius =  0.650 angstrom
                   Q00  =  -0.048214
|Q1| =   0.102773  Q10  =  -0.015816  Q11c =  -0.012278  Q11s =   0.100804
|Q2| =   1.487577  Q20  =  -1.423001  Q21c =  -0.087530  Q21s =   0.421609
                   Q22c =  -0.039989  Q22s =   0.030644

H          x =  3.315800  y =  3.591030  z =  5.385080 angstrom
           Maximum rank =  1   Radius =  0.350 angstrom
                   Q00  =   0.087128
|Q1| =   0.093938  Q10  =   0.011416  Q11c =  -0.019883  Q11s =   0.091097

C          x =  0.017850  y = -0.912430  z =  4.817350 angstrom
           Maximum rank =  2   Radius =  0.650 angstrom
                   Q00  =   0.191753
|Q1| =   0.030364  Q10  =   0.002384  Q11c =   0.023709  Q11s =   0.018820
|Q2| =   0.761065  Q20  =  -0.697810  Q21c =   0.017196  Q21s =   0.163843
                   Q22c =   0.085180  Q22s =   0.240595

C          x =  3.181950  y =  6.885680  z =  5.899540 angstrom
           Maximum rank =  2   Radius =  0.650 angstrom
                   Q00  =  -0.339563
|Q1| =   0.611122  Q10  =  -0.042939  Q11c =   0.602695  Q11s =  -0.091571
|Q2| =   1.365845  Q20  =  -1.201545  Q21c =   0.002438  Q21s =   0.380096
                   Q22c =  -0.415922  Q22s =   0.323039

C          x =  3.850400  y =  5.708070  z =  5.709440 angstrom
           Maximum rank =  2   Radius =  0.650 angstrom
                   Q00  =  -0.072749
|Q1| =   0.110155  Q10  =  -0.038047  Q11c =   0.025097  Q11s =   0.100283
|Q2| =   1.253254  Q20  =  -1.186995  Q21c =  -0.051765  Q21s =   0.306495
                   Q22c =   0.158398  Q22s =   0.199949

C          x = -1.711710  y =  0.904070  z =  5.103850 angstrom
           Maximum rank =  2   Radius =  0.650 angstrom
                   Q00  =   0.022600
|Q1| =   0.020685  Q10  =  -0.002182  Q11c =  -0.014240  Q11s =  -0.014843
|Q2| =   1.367594  Q20  =  -1.310735  Q21c =  -0.026972  Q21s =   0.357022
                   Q22c =  -0.153219  Q22s =   0.024887

H          x = -2.772350  y =  1.110060  z =  5.148220 angstrom
           Maximum rank =  1   Radius =  0.350 angstrom
                   Q00  =   0.091955
|Q1| =   0.071833  Q10  =  -0.006932  Q11c =   0.056769  Q11s =  -0.043466

C          x =  5.424500  y =  4.867800  z =  8.001820 angstrom
           Maximum rank =  2   Radius =  0.650 angstrom
                   Q00  =  -0.033583
|Q1| =   0.096997  Q10  =  -0.062936  Q11c =   0.069412  Q11s =   0.025092
|Q2| =   1.456616  Q20  =   0.327362  Q21c =  -0.033955  Q21s =  -0.864475
                   Q22c =   1.068333  Q22s =  -0.353210

H          x =  4.353120  y =  5.004870  z =  8.076210 angstrom
           Maximum rank =  1   Radius =  0.350 angstrom
                   Q00  =   0.077412
|Q1| =   0.100332  Q10  =  -0.059769  Q11c =   0.080338  Q11s =   0.006327

C          x =  5.355930  y =  5.933560  z =  5.683950 angstrom
           Maximum rank =  2   Radius =  0.650 angstrom
                   Q00  =  -0.009612
|Q1| =   0.059770  Q10  =   0.007346  Q11c =  -0.048591  Q11s =   0.034021
|Q2| =   0.189502  Q20  =   0.021068  Q21c =   0.035054  Q21s =   0.067806
                   Q22c =   0.033758  Q22s =  -0.168823

C          x = -1.363520  y = -0.401510  z =  4.910400 angstrom
           Maximum rank =  2   Radius =  0.650 angstrom
                   Q00  =  -0.065642
|Q1| =   0.064575  Q10  =  -0.008538  Q11c =   0.032655  Q11s =  -0.055052
|Q2| =   1.334565  Q20  =  -1.269892  Q21c =  -0.037415  Q21s =   0.354661
                   Q22c =  -0.193747  Q22s =  -0.060953

C          x = -1.658310  y =  3.307780  z =  5.450850 angstrom
           Maximum rank =  2   Radius =  0.650 angstrom
                   Q00  =  -0.065931
|Q1| =   0.096476  Q10  =  -0.002387  Q11c =   0.096312  Q11s =  -0.005094
|Q2| =   1.532456  Q20  =  -1.481005  Q21c =  -0.022914  Q21s =   0.362017
                   Q22c =   0.104216  Q22s =   0.112262

H          x = -2.737970  y =  3.347970  z =  5.471700 angstrom
           Maximum rank =  1   Radius =  0.350 angstrom
                   Q00  =   0.073548
|Q1| =   0.098997  Q10  =  -0.003395  Q11c =   0.098042  Q11s =  -0.013293

C          x =  6.090380  y =  5.245010  z =  6.841880 angstrom
           Maximum rank =  2   Radius =  0.650 angstrom
                   Q00  =  -0.059241
|Q1| =   0.065853  Q10  =   0.010341  Q11c =   0.000113  Q11s =   0.065035
|Q2| =   1.279745  Q20  =   0.355084  Q21c =  -0.031441  Q21s =  -0.854331
                   Q22c =   0.792423  Q22s =  -0.390973

C          x =  6.119800  y =  4.148900  z =  4.054070 angstrom
           Maximum rank =  2   Radius =  0.650 angstrom
                   Q00  =  -0.048795
|Q1| =   0.102098  Q10  =  -0.016456  Q11c =  -0.006126  Q11s =   0.100577
|Q2| =   1.475897  Q20  =   0.691628  Q21c =  -0.597220  Q21s =  -0.127925
                   Q22c =  -1.108869  Q22s =  -0.311925

H          x =  5.998000  y =  3.423580  z =  4.849780 angstrom
           Maximum rank =  1   Radius =  0.350 angstrom
                   Q00  =   0.074351
|Q1| =   0.105806  Q10  =  -0.038346  Q11c =   0.008744  Q11s =   0.098224

C          x =  6.460590  y =  5.960530  z =  2.007640 angstrom
           Maximum rank =  2   Radius =  0.650 angstrom
                   Q00  =  -0.033500
|Q1| =   0.075217  Q10  =   0.050632  Q11c =  -0.009105  Q11s =  -0.054874
|Q2| =   1.406033  Q20  =   0.552060  Q21c =  -0.611339  Q21s =  -0.189303
                   Q22c =  -1.095075  Q22s =  -0.251791

H          x =  6.586740  y =  6.686040  z =  1.211280 angstrom
           Maximum rank =  1   Radius =  0.350 angstrom
                   Q00  =   0.044528
|Q1| =   0.117806  Q10  =   0.087864  Q11c =  -0.014360  Q11s =  -0.077149

C          x =  5.403700  y =  7.455120  z =  5.909500 angstrom
           Maximum rank =  2   Radius =  0.650 angstrom
                   Q00  =  -0.041939
|Q1| =   0.087591  Q10  =   0.042978  Q11c =  -0.074379  Q11s =  -0.017114
|Q2| =   1.249177  Q20  =  -1.196632  Q21c =  -0.022224  Q21s =   0.320804
                   Q22c =  -0.054228  Q22s =   0.148879

C          x =  3.900680  y =  9.350560  z =  6.258560 angstrom
           Maximum rank =  2   Radius =  0.650 angstrom
                   Q00  =  -0.019232
|Q1| =   0.106945  Q10  =  -0.039434  Q11c =   0.093855  Q11s =  -0.032764
|Q2| =   1.457416  Q20  =  -1.411312  Q21c =  -0.042061  Q21s =   0.361198
                   Q22c =  -0.005306  Q22s =   0.001076

C          x = -2.272020  y = -1.541790  z =  4.757790 angstrom
           Maximum rank =  2   Radius =  0.650 angstrom
                   Q00  =   0.033951
|Q1| =   0.042469  Q10  =  -0.002710  Q11c =   0.039568  Q11s =  -0.015187
|Q2| =   1.152707  Q20  =  -1.086877  Q21c =  -0.031137  Q21s =   0.235012
                   Q22c =   0.301701  Q22s =   0.014449

C          x = -0.081870  y = -2.371810  z =  4.605880 angstrom
           Maximum rank =  2   Radius =  0.650 angstrom
                   Q00  =  -0.043855
|Q1| =   0.076636  Q10  =   0.003434  Q11c =  -0.074779  Q11s =   0.016411
|Q2| =   1.230525  Q20  =  -1.179106  Q21c =  -0.050136  Q21s =   0.312690
                   Q22c =  -0.041666  Q22s =  -0.147902

C          x =  4.109120  y =  7.992190  z =  6.036430 angstrom
           Maximum rank =  2   Radius =  0.650 angstrom
                   Q00  =  -0.025964
|Q1| =   0.119198  Q10  =  -0.008723  Q11c =   0.103745  Q11s =  -0.058043
|Q2| =   1.285683  Q20  =  -1.197449  Q21c =  -0.043190  Q21s =   0.368064
                   Q22c =  -0.282090  Q22s =   0.046729

C          x = -3.638890  y = -1.545650  z =  4.778040 angstrom
           Maximum rank =  2   Radius =  0.650 angstrom
                   Q00  =  -0.021684
|Q1| =   0.025839  Q10  =   0.000386  Q11c =  -0.025815  Q11s =  -0.001050
|Q2| =   1.311276  Q20  =  -1.266686  Q21c =  -0.036647  Q21s =   0.306484
                   Q22c =   0.140258  Q22s =  -0.001630

C          x = -4.434150  y = -0.375640  z =  4.961290 angstrom
           Maximum rank =  2   Radius =  0.650 angstrom
                   Q00  =   0.060645
|Q1| =   0.100418  Q10  =  -0.014415  Q11c =   0.020843  Q11s =  -0.097168
|Q2| =   1.201753  Q20  =  -0.691474  Q21c =  -0.141513  Q21s =   0.244943
                   Q22c =  -0.348775  Q22s =  -0.874304

C          x = -1.424740  y = -2.749480  z =  4.569440 angstrom
           Maximum rank =  2   Radius =  0.650 angstrom
                   Q00  =  -0.026126
|Q1| =   0.085359  Q10  =   0.007385  Q11c =   0.063782  Q11s =   0.056244
|Q2| =   1.241806  Q20  =  -1.187437  Q21c =  -0.030078  Q21s =   0.329464
                   Q22c =  -0.149412  Q22s =  -0.017319

C          x =  6.113340  y =  4.313480  z =  9.072750 angstrom
           Maximum rank =  2   Radius =  0.650 angstrom
                   Q00  =  -0.032838
|Q1| =   0.076131  Q10  =  -0.058753  Q11c =   0.043997  Q11s =   0.020206
|Q2| =   1.399806  Q20  =   0.436701  Q21c =  -0.222380  Q21s =  -0.849696
                   Q22c =   0.965033  Q22s =  -0.256953

H          x =  5.564020  y =  4.023140  z =  9.961760 angstrom
           Maximum rank =  1   Radius =  0.350 angstrom
                   Q00  =   0.045316
|Q1| =   0.117241  Q10  =  -0.096427  Q11c =   0.058346  Q11s =   0.032298

C          x =  8.153640  y =  4.500070  z =  7.861430 angstrom
           Maximum rank =  2   Radius =  0.650 angstrom
                   Q00  =  -0.033940
|Q1| =   0.075855  Q10  =   0.013838  Q11c =  -0.074481  Q11s =   0.003887
|Q2| =   1.417757  Q20  =   0.319926  Q21c =  -0.134453  Q21s =  -0.800771
                   Q22c =   1.060722  Q22s =  -0.351053

H          x =  9.226720  y =  4.356400  z =  7.789350 angstrom
           Maximum rank =  1   Radius =  0.350 angstrom
                   Q00  =   0.047107
|Q1| =   0.116762  Q10  =   0.010832  Q11c =  -0.115104  Q11s =   0.016343

C          x = -0.707870  y = -5.004650  z =  4.230170 angstrom
           Maximum rank =  2   Radius =  0.650 angstrom
                   Q00  =  -0.011286
|Q1| =   0.054907  Q10  =   0.008016  Q11c =  -0.001441  Q11s =   0.054300
|Q2| =   1.337795  Q20  =  -1.274818  Q21c =  -0.014454  Q21s =   0.353678
                   Q22c =  -0.171236  Q22s =   0.099586

H          x = -0.949880  y = -6.049790  z =  4.080870 angstrom
           Maximum rank =  1   Radius =  0.350 angstrom
                   Q00  =   0.049256
|Q1| =   0.104317  Q10  =   0.014675  Q11c =   0.016566  Q11s =   0.101943

C          x = -2.568860  y =  5.986670  z =  5.844410 angstrom
           Maximum rank =  2   Radius =  0.650 angstrom
                   Q00  =   0.170121
|Q1| =   0.143409  Q10  =   0.001278  Q11c =   0.142271  Q11s =   0.017982
|Q2| =   0.144322  Q20  =  -0.084645  Q21c =  -0.017920  Q21s =   0.016404
                   Q22c =   0.044122  Q22s =  -0.105485

H          x = -3.048140  y =  5.462780  z =  6.676420 angstrom
           Maximum rank =  1   Radius =  0.350 angstrom
                   Q00  =   0.046903
|Q1| =   0.113754  Q10  =  -0.078423  Q11c =   0.080516  Q11s =   0.017521

H          x = -2.647460  y =  7.059590  z =  6.000040 angstrom
           Maximum rank =  1   Radius =  0.350 angstrom
                   Q00  =   0.049244
|Q1| =   0.104251  Q10  =  -0.013542  Q11c =   0.051090  Q11s =  -0.089859

C          x =  7.470630  y =  5.050710  z =  6.790690 angstrom
           Maximum rank =  2   Radius =  0.650 angstrom
                   Q00  =  -0.051411
|Q1| =   0.104419  Q10  =   0.035385  Q11c =  -0.097104  Q11s =  -0.014898
|Q2| =   1.487076  Q20  =   0.564286  Q21c =  -0.150620  Q21s =  -0.847427
                   Q22c =   1.010469  Q22s =  -0.362090

H          x =  8.017520  y =  5.316810  z =  5.894340 angstrom
           Maximum rank =  1   Radius =  0.350 angstrom
                   Q00  =   0.073883
|Q1| =   0.106570  Q10  =   0.052799  Q11c =  -0.090565  Q11s =  -0.019174

C          x =  7.487900  y =  4.120700  z =  9.025210 angstrom
           Maximum rank =  2   Radius =  0.650 angstrom
                   Q00  =  -0.078650
|Q1| =   0.121919  Q10  =  -0.093802  Q11c =  -0.061715  Q11s =   0.047506
|Q2| =   1.150787  Q20  =   0.350637  Q21c =  -0.035929  Q21s =  -0.716067
                   Q22c =   0.779394  Q22s =  -0.282604

C          x = -1.744580  y = -4.090520  z =  4.378070 angstrom
           Maximum rank =  2   Radius =  0.650 angstrom
                   Q00  =  -0.006210
|Q1| =   0.082937  Q10  =   0.009533  Q11c =   0.044488  Q11s =   0.069344
|Q2| =   1.393965  Q20  =  -1.340859  Q21c =  -0.025492  Q21s =   0.315996
                   Q22c =   0.198872  Q22s =   0.071987

H          x = -2.764440  y = -4.439490  z =  4.341280 angstrom
           Maximum rank =  1   Radius =  0.350 angstrom
                   Q00  =   0.086531
|Q1| =   0.077130  Q10  =   0.008671  Q11c =   0.043879  Q11s =   0.062837

C          x =  0.626100  y = -4.610060  z =  4.269350 angstrom
           Maximum rank =  2   Radius =  0.650 angstrom
                   Q00  =  -0.014117
|Q1| =   0.061289  Q10  =   0.007489  Q11c =  -0.038527  Q11s =   0.047074
|Q2| =   1.347725  Q20  =  -1.279664  Q21c =  -0.068573  Q21s =   0.331087
                   Q22c =   0.021073  Q22s =  -0.253098

H          x =  1.408480  y = -5.349540  z =  4.150570 angstrom
           Maximum rank =  1   Radius =  0.350 angstrom
                   Q00  =   0.045870
|Q1| =   0.105309  Q10  =   0.011695  Q11c =  -0.074965  Q11s =   0.073031

N          x = -5.087490  y = -3.656070  z =  4.492370 angstrom
           Maximum rank =  2   Radius =  0.650 angstrom
                   Q00  =  -0.226847
|Q1| =   0.563952  Q10  =   0.064620  Q11c =   0.298711  Q11s =   0.473960
|Q2| =   0.628328  Q20  =  -0.327078  Q21c =   0.067421  Q21s =   0.093861
                   Q22c =  -0.118264  Q22s =   0.510367

C          x = -4.422620  y = -2.726870  z =  4.617730 angstrom
           Maximum rank =  2   Radius =  0.650 angstrom
                   Q00  =   0.057625
|Q1| =   0.108562  Q10  =   0.015034  Q11c =   0.023002  Q11s =   0.105027
|Q2| =   1.215523  Q20  =  -0.688035  Q21c =   0.119668  Q21s =   0.212756
                   Q22c =  -0.333307  Q22s =   0.912922

C          x =  0.951350  y = -3.274740  z =  4.459810 angstrom
           Maximum rank =  2   Radius =  0.650 angstrom
                   Q00  =   0.008419
|Q1| =   0.095836  Q10  =   0.008522  Q11c =  -0.081524  Q11s =   0.049656
|Q2| =   1.336885  Q20  =  -1.286882  Q21c =  -0.011630  Q21s =   0.314216
                   Q22c =   0.107239  Q22s =   0.144325

H          x =  1.977430  y = -2.930290  z =  4.495970 angstrom
           Maximum rank =  1   Radius =  0.350 angstrom
                   Q00  =   0.072504
|Q1| =   0.099116  Q10  =   0.002022  Q11c =  -0.098979  Q11s =   0.004803

N          x = -5.094290  y =  0.554510  z =  5.107550 angstrom
           Maximum rank =  2   Radius =  0.650 angstrom
                   Q00  =  -0.235564
|Q1| =   0.574008  Q10  =  -0.075506  Q11c =   0.296892  Q11s =  -0.485426
|Q2| =   0.623004  Q20  =  -0.321797  Q21c =  -0.081986  Q21s =   0.104749
                   Q22c =  -0.087172  Q22s =  -0.509203

C          x =  6.699900  y =  4.617220  z =  1.752300 angstrom
           Maximum rank =  2   Radius =  0.650 angstrom
                   Q00  =  -0.078546
|Q1| =   0.121444  Q10  =   0.109032  Q11c =  -0.037851  Q11s =   0.037789
|Q2| =   1.149400  Q20  =   0.501067  Q21c =  -0.538122  Q21s =  -0.011074
                   Q22c =  -0.852267  Q22s =  -0.232371

C          x =  6.517810  y =  3.717520  z =  2.801400 angstrom
           Maximum rank =  2   Radius =  0.650 angstrom
                   Q00  =  -0.032821
|Q1| =   0.075459  Q10  =   0.002520  Q11c =  -0.007447  Q11s =   0.075048
|Q2| =   1.414036  Q20  =   0.462737  Q21c =  -0.610717  Q21s =  -0.032546
                   Q22c =  -1.147114  Q22s =  -0.308978

H          x =  6.690380  y =  2.659520  z =  2.633940 angstrom
           Maximum rank =  1   Radius =  0.350 angstrom
                   Q00  =   0.048438
|Q1| =   0.115549  Q10  =   0.015859  Q11c =  -0.019462  Q11s =   0.112789

H          x = -3.062940  y =  5.718410  z =  4.906200 angstrom
           Maximum rank =  1   Radius =  0.350 angstrom
                   Q00  =   0.047236
|Q1| =   0.113640  Q10  =   0.078543  Q11c =   0.081970  Q11s =  -0.005099

C          x =  8.240660  y =  3.534880  z = 10.189240 angstrom
           Maximum rank =  2   Radius =  0.650 angstrom
                   Q00  =   0.023112
|Q1| =   0.023696  Q10  =  -0.014171  Q11c =  -0.018443  Q11s =   0.004532
|Q2| =   0.103813  Q20  =   0.041129  Q21c =   0.052143  Q21s =  -0.070033
                   Q22c =   0.001754  Q22s =  -0.038196

C          x =  7.155640  y =  4.142750  z =  0.398890 angstrom
           Maximum rank =  2   Radius =  0.650 angstrom
                   Q00  =   0.023144
|Q1| =   0.023695  Q10  =   0.015947  Q11c =  -0.011905  Q11s =   0.012861
|Q2| =   0.102374  Q20  =   0.082917  Q21c =  -0.043373  Q21s =   0.038436
                   Q22c =  -0.013557  Q22s =  -0.007930

H          x =  8.837680  y =  4.299150  z = 10.694380 angstrom
           Maximum rank =  1   Radius =  0.350 angstrom
                   Q00  =   0.030462
|Q1| =   0.124322  Q10  =  -0.083952  Q11c =  -0.077897  Q11s =  -0.048373

H          x =  7.560580  y =  3.105410  z = 10.925770 angstrom
           Maximum rank =  1   Radius =  0.350 angstrom
                   Q00  =   0.023641
|Q1| =   0.125298  Q10  =  -0.104400  Q11c =   0.036877  Q11s =   0.058653

H          x =  8.925710  y =  2.749010  z =  9.863960 angstrom
           Maximum rank =  1   Radius =  0.350 angstrom
                   Q00  =   0.027428
|Q1| =   0.124791  Q10  =  -0.008943  Q11c =  -0.085493  Q11s =   0.090465

H          x =  7.020930  y =  4.916000  z = -0.358390 angstrom
           Maximum rank =  1   Radius =  0.350 angstrom
                   Q00  =   0.023357
|Q1| =   0.125661  Q10  =   0.113197  Q11c =  -0.002749  Q11s =  -0.054494

H          x =  8.215400  y =  3.873260  z =  0.413210 angstrom
           Maximum rank =  1   Radius =  0.350 angstrom
                   Q00  =   0.029956
|Q1| =   0.124599  Q10  =   0.043049  Q11c =  -0.110259  Q11s =   0.038921

H          x =  6.599220  y =  3.258420  z =  0.081340 angstrom
           Maximum rank =  1   Radius =  0.350 angstrom
                   Q00  =   0.028099
|Q1| =   0.124229  Q10  =   0.073705  Q11c =   0.034631  Q11s =   0.093815

H          x =  2.898570  y =  9.752490  z =  6.347010 angstrom
           Maximum rank =  1   Radius =  0.350 angstrom
                   Q00  =   0.082245
|Q1| =   0.103659  Q10  =  -0.010671  Q11c =   0.101479  Q11s =  -0.018253

Total multipoles referred to origin at
           x =   0.000000,  y =    0.000000,  z =    0.000000 angstrom
                   Q00  =  -0.000034
|Q1| =   0.808640  Q10  =  -0.083861  Q11c =  -0.415332  Q11s =  -0.688742
|Q2| = 317.853822  Q20  = 117.834096  Q21c = -46.879460  Q21s = -32.886120
                   Q22c = -36.520547  Q22s =-287.286002

CPU time used:     75m39.141s          Total:     75m39.141s

Finished at 01:46:58 on 06 Sep 2021 
