                                     G D M A

                                 by Anthony Stone

                         version 2.2.11, 04 February 2015

               Distributed Multipoles from Gaussian wavefunctions


Starting at 1:26:39 on 27 Jun 2021  

s1S0



Using CI density matrix from file sN_mx.fchk


                         Distributed Multipole Analysis

Standard DMA for products of primitives with exponent greater than 4.00000
Using 80-point Euler-MacLaurin radial quadrature
Using 590-point Lebedev quadrature
Becke smoothing parameter = 3

Positions and radii in angstrom
Multipole moments in atomic units, ea_0^k for rank k

S          x =  1.441470  y = -7.401430  z = -1.176460 angstrom
           Maximum rank =  2   Radius =  0.650 angstrom
                   Q00  =   0.783222
|Q1| =   1.011515  Q10  =  -0.184787  Q11c =   0.691866  Q11s =   0.714379
|Q2| =   2.417001  Q20  =  -2.125793  Q21c =  -0.190946  Q21s =  -0.505622
                   Q22c =   0.364018  Q22s =  -0.947773

Cl         x =  1.293740  y =  5.007950  z = -3.244790 angstrom
           Maximum rank =  2   Radius =  0.650 angstrom
                   Q00  =   0.287179
|Q1| =   0.818074  Q10  =   0.140774  Q11c =  -0.578202  Q11s =  -0.561347
|Q2| =   2.200221  Q20  =  -1.019199  Q21c =  -0.462365  Q21s =  -0.457035
                   Q22c =   0.036042  Q22s =   1.838000

N          x = -5.390100  y = -1.517360  z = -1.609450 angstrom
           Maximum rank =  2   Radius =  0.650 angstrom
                   Q00  =  -0.233764
|Q1| =   0.573183  Q10  =  -0.105071  Q11c =   0.272161  Q11s =   0.493384
|Q2| =   0.621911  Q20  =  -0.304726  Q21c =  -0.117635  Q21s =  -0.156117
                   Q22c =  -0.128322  Q22s =   0.489119

S          x =  0.507520  y = -3.136520  z = -1.818350 angstrom
           Maximum rank =  2   Radius =  0.650 angstrom
                   Q00  =   0.804702
|Q1| =   0.918469  Q10  =   0.139227  Q11c =  -0.782016  Q11s =  -0.461142
|Q2| =   2.457085  Q20  =  -2.170412  Q21c =  -0.155806  Q21s =  -0.695198
                   Q22c =  -0.602982  Q22s =  -0.674843

Cl         x = -1.784240  y =  5.814990  z = -3.131540 angstrom
           Maximum rank =  2   Radius =  0.650 angstrom
                   Q00  =   0.292106
|Q1| =   0.815106  Q10  =   0.112884  Q11c =   0.215933  Q11s =  -0.777835
|Q2| =   2.186401  Q20  =  -1.070235  Q21c =   0.135682  Q21s =  -0.500330
                   Q22c =  -1.540701  Q22s =  -0.996218

C          x =  2.847770  y = -5.272330  z = -1.663020 angstrom
           Maximum rank =  2   Radius =  0.650 angstrom
                   Q00  =  -0.046573
|Q1| =   0.102147  Q10  =  -0.012540  Q11c =  -0.009581  Q11s =  -0.100921
|Q2| =   1.482745  Q20  =  -1.385859  Q21c =  -0.237515  Q21s =  -0.464195
                   Q22c =  -0.039928  Q22s =  -0.066654

H          x =  3.122760  y = -4.247480  z = -1.871390 angstrom
           Maximum rank =  1   Radius =  0.350 angstrom
                   Q00  =   0.087750
|Q1| =   0.093493  Q10  =   0.014066  Q11c =  -0.015416  Q11s =  -0.091134

C          x =  3.976740  y = -9.964460  z = -0.948240 angstrom
           Maximum rank =  2   Radius =  0.650 angstrom
                   Q00  =  -0.017875
|Q1| =   0.106785  Q10  =  -0.046406  Q11c =   0.089582  Q11s =   0.034994
|Q2| =   1.453240  Q20  =  -1.380959  Q21c =  -0.196145  Q21s =  -0.406784
                   Q22c =  -0.006357  Q22s =  -0.029495

H          x =  2.998790  y =-10.400360  z = -0.783380 angstrom
           Maximum rank =  1   Radius =  0.350 angstrom
                   Q00  =   0.082919
|Q1| =   0.103238  Q10  =  -0.017930  Q11c =   0.099396  Q11s =   0.021375

C          x =  5.844110  y = -4.730710  z = -3.390120 angstrom
           Maximum rank =  2   Radius =  0.650 angstrom
                   Q00  =  -0.049054
|Q1| =   0.102111  Q10  =  -0.014581  Q11c =  -0.002956  Q11s =  -0.101021
|Q2| =   1.476026  Q20  =   0.751447  Q21c =  -0.434582  Q21s =   0.092326
                   Q22c =  -1.167848  Q22s =   0.229620

H          x =  5.753280  y = -3.994650  z = -2.600180 angstrom
           Maximum rank =  1   Radius =  0.350 angstrom
                   Q00  =   0.074372
|Q1| =   0.105702  Q10  =  -0.037283  Q11c =   0.009756  Q11s =  -0.098427

O          x = -1.253330  y = -6.504560  z = -1.110140 angstrom
           Maximum rank =  2   Radius =  0.650 angstrom
                   Q00  =  -0.392011
|Q1| =   0.519235  Q10  =  -0.047223  Q11c =  -0.302907  Q11s =   0.419073
|Q2| =   1.135410  Q20  =  -0.650783  Q21c =  -0.228236  Q21s =  -0.282504
                   Q22c =  -0.070494  Q22s =   0.853679

C          x =  5.808730  y = -6.995640  z = -4.135890 angstrom
           Maximum rank =  2   Radius =  0.650 angstrom
                   Q00  =  -0.034865
|Q1| =   0.097305  Q10  =   0.045131  Q11c =  -0.022682  Q11s =   0.083168
|Q2| =   1.472389  Q20  =   0.596754  Q21c =  -0.496288  Q21s =  -0.092696
                   Q22c =  -1.227252  Q22s =   0.225328

H          x =  5.674170  y = -8.053100  z = -3.949700 angstrom
           Maximum rank =  1   Radius =  0.350 angstrom
                   Q00  =   0.076945
|Q1| =   0.098422  Q10  =   0.042865  Q11c =   0.006216  Q11s =   0.088379

C          x =  5.262760  y = -6.509170  z = -1.679990 angstrom
           Maximum rank =  2   Radius =  0.650 angstrom
                   Q00  =  -0.009553
|Q1| =   0.059940  Q10  =   0.011230  Q11c =  -0.046848  Q11s =  -0.035664
|Q2| =   0.188928  Q20  =   0.018772  Q21c =   0.035284  Q21s =  -0.077111
                   Q22c =   0.025382  Q22s =   0.165850

O          x =  0.686390  y = -0.476870  z = -2.276020 angstrom
           Maximum rank =  2   Radius =  0.650 angstrom
                   Q00  =  -0.416078
|Q1| =   0.557351  Q10  =  -0.022608  Q11c =  -0.437368  Q11s =   0.344729
|Q2| =   0.975026  Q20  =  -0.168840  Q21c =   0.041566  Q21s =   0.121186
                   Q22c =   0.657648  Q22s =  -0.687935

C          x =  5.455500  y = -5.410490  z =  0.615470 angstrom
           Maximum rank =  2   Radius =  0.650 angstrom
                   Q00  =  -0.033752
|Q1| =   0.097304  Q10  =  -0.067457  Q11c =   0.065981  Q11s =  -0.023752
|Q2| =   1.456219  Q20  =   0.323037  Q21c =  -0.111705  Q21s =   0.843742
                   Q22c =   1.015108  Q22s =   0.511271

H          x =  4.400460  y = -5.596850  z =  0.771900 angstrom
           Maximum rank =  1   Radius =  0.350 angstrom
                   Q00  =   0.076944
|Q1| =   0.100571  Q10  =  -0.065337  Q11c =   0.076387  Q11s =  -0.003249

C          x =  4.119540  y = -8.604060  z = -1.206900 angstrom
           Maximum rank =  2   Radius =  0.650 angstrom
                   Q00  =  -0.025719
|Q1| =   0.119003  Q10  =  -0.017113  Q11c =   0.100738  Q11s =   0.060997
|Q2| =   1.285122  Q20  =  -1.173056  Q21c =  -0.152002  Q21s =  -0.408318
                   Q22c =  -0.276482  Q22s =  -0.095966

C          x = -1.841480  y = -4.142790  z = -1.459430 angstrom
           Maximum rank =  2   Radius =  0.650 angstrom
                   Q00  =  -0.066235
|Q1| =   0.096670  Q10  =  -0.009592  Q11c =   0.095786  Q11s =   0.008840
|Q2| =   1.533557  Q20  =  -1.454791  Q21c =  -0.197125  Q21s =  -0.406523
                   Q22c =   0.112500  Q22s =  -0.136393

H          x = -2.914680  y = -4.220590  z = -1.359850 angstrom
           Maximum rank =  1   Radius =  0.350 angstrom
                   Q00  =   0.073817
|Q1| =   0.098802  Q10  =  -0.010698  Q11c =   0.096811  Q11s =   0.016589

C          x =  5.119090  y =-10.737490  z = -0.909310 angstrom
           Maximum rank =  2   Radius =  0.650 angstrom
                   Q00  =  -0.041352
|Q1| =   0.087085  Q10  =  -0.047576  Q11c =   0.071367  Q11s =  -0.015068
|Q2| =   1.247477  Q20  =  -1.174414  Q21c =  -0.147320  Q21s =  -0.349707
                   Q22c =  -0.042342  Q22s =  -0.176523

C          x =  0.373760  y = -4.832480  z = -1.523930 angstrom
           Maximum rank =  2   Radius =  0.650 angstrom
                   Q00  =  -0.335990
|Q1| =   0.491873  Q10  =   0.086178  Q11c =  -0.137937  Q11s =  -0.464205
|Q2| =   1.459739  Q20  =  -1.211044  Q21c =  -0.167525  Q21s =  -0.218255
                   Q22c =   0.659436  Q22s =  -0.391990

C          x =  3.755530  y = -6.336830  z = -1.551910 angstrom
           Maximum rank =  2   Radius =  0.650 angstrom
                   Q00  =  -0.071144
|Q1| =   0.110204  Q10  =  -0.038288  Q11c =   0.025886  Q11s =  -0.100044
|Q2| =   1.249708  Q20  =  -1.159431  Q21c =  -0.190715  Q21s =  -0.327708
                   Q22c =   0.169431  Q22s =  -0.212172

C          x =  5.678410  y = -6.084760  z = -3.095360 angstrom
           Maximum rank =  2   Radius =  0.650 angstrom
                   Q00  =  -0.060979
|Q1| =   0.078245  Q10  =   0.003845  Q11c =  -0.077623  Q11s =   0.009060
|Q2| =   1.289635  Q20  =   0.642040  Q21c =  -0.550695  Q21s =  -0.018937
                   Q22c =  -0.945306  Q22s =   0.231764

C          x =  3.145050  y = -7.534270  z = -1.296410 angstrom
           Maximum rank =  2   Radius =  0.650 angstrom
                   Q00  =  -0.337462
|Q1| =   0.610796  Q10  =  -0.086776  Q11c =   0.594090  Q11s =   0.112245
|Q2| =   1.359578  Q20  =  -1.178393  Q21c =  -0.093576  Q21s =  -0.398412
                   Q22c =  -0.385776  Q22s =  -0.378853

C          x =  6.050370  y = -5.772760  z = -0.588240 angstrom
           Maximum rank =  2   Radius =  0.650 angstrom
                   Q00  =  -0.059790
|Q1| =   0.067820  Q10  =   0.012330  Q11c =   0.003609  Q11s =  -0.066592
|Q2| =   1.281804  Q20  =   0.345040  Q21c =  -0.083613  Q21s =   0.834662
                   Q22c =   0.742491  Q22s =   0.518675

C          x = -0.954290  y = -5.211470  z = -1.352140 angstrom
           Maximum rank =  2   Radius =  0.650 angstrom
                   Q00  =   0.078041
|Q1| =   0.126396  Q10  =   0.017715  Q11c =   0.028500  Q11s =  -0.121860
|Q2| =   1.138197  Q20  =  -1.063134  Q21c =  -0.146057  Q21s =  -0.347575
                   Q22c =  -0.151558  Q22s =   0.011334

C          x =  1.540380  y = -5.672030  z = -1.480230 angstrom
           Maximum rank =  2   Radius =  0.650 angstrom
                   Q00  =  -0.303776
|Q1| =   0.416022  Q10  =  -0.082329  Q11c =   0.087309  Q11s =   0.398339
|Q2| =   1.486445  Q20  =  -1.183604  Q21c =  -0.174548  Q21s =  -0.196764
                   Q22c =   0.742093  Q22s =  -0.434413

C          x = -1.221190  y = -2.922780  z = -1.714150 angstrom
           Maximum rank =  2   Radius =  0.650 angstrom
                   Q00  =  -0.312051
|Q1| =   0.435860  Q10  =   0.038180  Q11c =  -0.433639  Q11s =  -0.021768
|Q2| =   1.413813  Q20  =  -1.145831  Q21c =  -0.073212  Q21s =  -0.434762
                   Q22c =  -0.654843  Q22s =  -0.250480

C          x = -0.538250  y =  1.569640  z = -2.520980 angstrom
           Maximum rank =  2   Radius =  0.650 angstrom
                   Q00  =  -0.038544
|Q1| =   0.071474  Q10  =   0.008062  Q11c =  -0.069540  Q11s =  -0.014413
|Q2| =   1.222405  Q20  =  -1.145028  Q21c =  -0.183535  Q21s =  -0.362845
                   Q22c =  -0.045784  Q22s =   0.125486

C          x = -2.004940  y = -1.751110  z = -1.846860 angstrom
           Maximum rank =  2   Radius =  0.650 angstrom
                   Q00  =   0.020388
|Q1| =   0.021630  Q10  =  -0.001678  Q11c =  -0.014728  Q11s =   0.015752
|Q2| =   1.374010  Q20  =  -1.291648  Q21c =  -0.163717  Q21s =  -0.406920
                   Q22c =  -0.149661  Q22s =  -0.069007

H          x = -3.051960  y = -1.991250  z = -1.722260 angstrom
           Maximum rank =  1   Radius =  0.350 angstrom
                   Q00  =   0.092041
|Q1| =   0.071605  Q10  =  -0.011850  Q11c =   0.054560  Q11s =   0.044835

C          x =  6.136320  y = -4.310110  z = -4.675270 angstrom
           Maximum rank =  2   Radius =  0.650 angstrom
                   Q00  =  -0.032488
|Q1| =   0.075409  Q10  =   0.004392  Q11c =  -0.003681  Q11s =  -0.075191
|Q2| =   1.412251  Q20  =   0.528173  Q21c =  -0.470839  Q21s =  -0.011018
                   Q22c =  -1.202812  Q22s =   0.216606

H          x =  6.258210  y = -3.250230  z = -4.872470 angstrom
           Maximum rank =  1   Radius =  0.350 angstrom
                   Q00  =   0.048804
|Q1| =   0.115210  Q10  =   0.019119  Q11c =  -0.014028  Q11s =  -0.112743

C          x = -0.368560  y =  0.117680  z = -2.291170 angstrom
           Maximum rank =  2   Radius =  0.650 angstrom
                   Q00  =   0.192280
|Q1| =   0.029449  Q10  =   0.000224  Q11c =   0.025871  Q11s =  -0.014068
|Q2| =   0.764379  Q20  =  -0.693508  Q21c =  -0.067273  Q21s =  -0.169696
                   Q22c =   0.105967  Q22s =  -0.242427

C          x = -2.620590  y = -6.843900  z = -0.949030 angstrom
           Maximum rank =  2   Radius =  0.650 angstrom
                   Q00  =   0.170481
|Q1| =   0.143319  Q10  =  -0.008870  Q11c =   0.142469  Q11s =  -0.012815
|Q2| =   0.144528  Q20  =  -0.079770  Q21c =  -0.032621  Q21s =  -0.026819
                   Q22c =   0.035315  Q22s =   0.107212

H          x = -3.191260  y = -6.614410  z = -1.853360 angstrom
           Maximum rank =  1   Radius =  0.350 angstrom
                   Q00  =   0.047679
|Q1| =   0.113207  Q10  =   0.071879  Q11c =   0.086925  Q11s =   0.009655

H          x = -3.057140  y = -6.320100  z = -0.093870 angstrom
           Maximum rank =  1   Radius =  0.350 angstrom
                   Q00  =   0.047331
|Q1| =   0.113364  Q10  =  -0.083448  Q11c =   0.074985  Q11s =  -0.016276

C          x = -4.777400  y = -0.567200  z = -1.819010 angstrom
           Maximum rank =  2   Radius =  0.650 angstrom
                   Q00  =   0.060699
|Q1| =   0.100382  Q10  =  -0.017677  Q11c =   0.016520  Q11s =   0.097423
|Q2| =   1.202437  Q20  =  -0.660105  Q21c =  -0.203562  Q21s =  -0.341356
                   Q22c =  -0.416462  Q22s =   0.823841

C          x =  7.554240  y = -4.562470  z =  1.474920 angstrom
           Maximum rank =  2   Radius =  0.650 angstrom
                   Q00  =  -0.078044
|Q1| =   0.121929  Q10  =  -0.089144  Q11c =  -0.064856  Q11s =  -0.052094
|Q2| =   1.148117  Q20  =   0.333181  Q21c =  -0.087652  Q21s =   0.711529
                   Q22c =   0.727790  Q22s =   0.404386

C          x = -1.718680  y = -0.435680  z = -2.089850 angstrom
           Maximum rank =  2   Radius =  0.650 angstrom
                   Q00  =  -0.066194
|Q1| =   0.062642  Q10  =  -0.011493  Q11c =   0.029779  Q11s =   0.053899
|Q2| =   1.339514  Q20  =  -1.250162  Q21c =  -0.168814  Q21s =  -0.408599
                   Q22c =  -0.188892  Q22s =   0.016205

C          x =  6.104210  y = -6.568800  z = -5.424860 angstrom
           Maximum rank =  2   Radius =  0.650 angstrom
                   Q00  =  -0.033168
|Q1| =   0.074918  Q10  =   0.049912  Q11c =  -0.006919  Q11s =   0.055440
|Q2| =   1.405129  Q20  =   0.613702  Q21c =  -0.469499  Q21s =   0.152717
                   Q22c =  -1.150485  Q22s =   0.174320

H          x =  6.199480  y = -7.304710  z = -6.215920 angstrom
           Maximum rank =  1   Radius =  0.350 angstrom
                   Q00  =   0.045002
|Q1| =   0.117417  Q10  =   0.086982  Q11c =  -0.010706  Q11s =   0.078142

C          x =  0.067550  y =  3.822600  z = -2.947280 angstrom
           Maximum rank =  2   Radius =  0.650 angstrom
                   Q00  =  -0.304442
|Q1| =   0.625753  Q10  =   0.107759  Q11c =  -0.441118  Q11s =  -0.430546
|Q2| =   1.076320  Q20  =  -0.883117  Q21c =  -0.030527  Q21s =  -0.215590
                   Q22c =   0.003784  Q22s =  -0.575452

C          x =  0.445560  y =  2.501870  z = -2.756520 angstrom
           Maximum rank =  2   Radius =  0.650 angstrom
                   Q00  =   0.008059
|Q1| =   0.100526  Q10  =   0.014488  Q11c =  -0.089958  Q11s =  -0.042462
|Q2| =   1.314865  Q20  =  -1.242248  Q21c =  -0.151799  Q21s =  -0.343857
                   Q22c =   0.072899  Q22s =  -0.197728

H          x =  1.486530  y =  2.208800  z = -2.791320 angstrom
           Maximum rank =  1   Radius =  0.350 angstrom
                   Q00  =   0.087571
|Q1| =   0.095754  Q10  =   0.008847  Q11c =  -0.095064  Q11s =  -0.007302

C          x =  7.413070  y = -5.523920  z = -0.741890 angstrom
           Maximum rank =  2   Radius =  0.650 angstrom
                   Q00  =  -0.051439
|Q1| =   0.103819  Q10  =   0.043069  Q11c =  -0.093904  Q11s =   0.010276
|Q2| =   1.487551  Q20  =   0.564772  Q21c =  -0.191826  Q21s =   0.836098
                   Q22c =   0.954172  Q22s =   0.497534

H          x =  7.905550  y = -5.783840  z = -1.671000 angstrom
           Maximum rank =  1   Radius =  0.350 angstrom
                   Q00  =   0.074193
|Q1| =   0.106279  Q10  =   0.058608  Q11c =  -0.087094  Q11s =   0.016578

C          x =  6.276170  y = -5.223060  z = -5.719310 angstrom
           Maximum rank =  2   Radius =  0.650 angstrom
                   Q00  =  -0.077920
|Q1| =   0.121359  Q10  =   0.112109  Q11c =  -0.028356  Q11s =  -0.036817
|Q2| =   1.147660  Q20  =   0.558661  Q21c =  -0.413237  Q21s =  -0.018846
                   Q22c =  -0.898882  Q22s =   0.160974

C          x =  6.196020  y = -4.815580  z =  1.627020 angstrom
           Maximum rank =  2   Radius =  0.650 angstrom
                   Q00  =  -0.032494
|Q1| =   0.075113  Q10  =  -0.062483  Q11c =   0.039787  Q11s =  -0.012439
|Q2| =   1.402721  Q20  =   0.444600  Q21c =  -0.282487  Q21s =   0.848395
                   Q22c =   0.893620  Q22s =   0.414518

H          x =  5.702940  y = -4.543640  z =  2.554150 angstrom
           Maximum rank =  1   Radius =  0.350 angstrom
                   Q00  =   0.046444
|Q1| =   0.116600  Q10  =  -0.099893  Q11c =   0.052651  Q11s =  -0.029063

C          x = -1.890850  y =  1.898760  z = -2.466970 angstrom
           Maximum rank =  2   Radius =  0.650 angstrom
                   Q00  =  -0.019700
|Q1| =   0.080461  Q10  =   0.002746  Q11c =   0.064927  Q11s =  -0.047445
|Q2| =   1.232585  Q20  =  -1.155498  Q21c =  -0.150382  Q21s =  -0.370812
                   Q22c =  -0.151881  Q22s =  -0.030102

C          x = -2.677950  y =  0.665370  z = -2.196590 angstrom
           Maximum rank =  2   Radius =  0.650 angstrom
                   Q00  =   0.031145
|Q1| =   0.043185  Q10  =  -0.006333  Q11c =   0.037998  Q11s =   0.019520
|Q2| =   1.165547  Q20  =  -1.078920  Q21c =  -0.178616  Q21s =  -0.272435
                   Q22c =   0.296924  Q22s =  -0.011888

C          x =  8.349350  y = -3.887070  z =  2.559360 angstrom
           Maximum rank =  2   Radius =  0.650 angstrom
                   Q00  =   0.023078
|Q1| =   0.022404  Q10  =  -0.012174  Q11c =  -0.011865  Q11s =  -0.014594
|Q2| =   0.105179  Q20  =   0.040651  Q21c =   0.066201  Q21s =   0.056446
                   Q22c =   0.026147  Q22s =   0.034026

H          x =  7.906990  y = -4.059160  z =  3.541660 angstrom
           Maximum rank =  1   Radius =  0.350 angstrom
                   Q00  =   0.025184
|Q1| =   0.124974  Q10  =  -0.124094  Q11c =   0.013435  Q11s =  -0.006219

H          x =  9.378110  y = -4.250630  z =  2.582550 angstrom
           Maximum rank =  1   Radius =  0.350 angstrom
                   Q00  =   0.025751
|Q1| =   0.125016  Q10  =  -0.038090  Q11c =  -0.118585  Q11s =   0.010757

C          x =  8.149070  y = -4.931980  z =  0.271520 angstrom
           Maximum rank =  2   Radius =  0.650 angstrom
                   Q00  =  -0.033496
|Q1| =   0.076802  Q10  =   0.016198  Q11c =  -0.075057  Q11s =  -0.001632
|Q2| =   1.411580  Q20  =   0.307756  Q21c =  -0.218879  Q21s =   0.793729
                   Q22c =   0.987094  Q22s =   0.495558

H          x =  9.208290  y = -4.751090  z =  0.122200 angstrom
           Maximum rank =  1   Radius =  0.350 angstrom
                   Q00  =   0.046582
|Q1| =   0.116910  Q10  =   0.017501  Q11c =  -0.113974  Q11s =  -0.019276

C          x =  6.619000  y = -4.759890  z = -7.109370 angstrom
           Maximum rank =  2   Radius =  0.650 angstrom
                   Q00  =   0.023213
|Q1| =   0.023311  Q10  =   0.016897  Q11c =  -0.010366  Q11s =  -0.012265
|Q2| =   0.103482  Q20  =   0.089426  Q21c =  -0.030004  Q21s =  -0.038776
                   Q22c =  -0.017244  Q22s =   0.003220

H          x =  6.028400  y = -3.886320  z = -7.392710 angstrom
           Maximum rank =  1   Radius =  0.350 angstrom
                   Q00  =   0.028152
|Q1| =   0.123978  Q10  =   0.071643  Q11c =   0.041518  Q11s =  -0.092273

H          x =  6.436350  y = -5.544060  z = -7.845070 angstrom
           Maximum rank =  1   Radius =  0.350 angstrom
                   Q00  =   0.023803
|Q1| =   0.125280  Q10  =   0.112078  Q11c =   0.005416  Q11s =   0.055716

C          x = -1.285000  y =  4.173080  z = -2.896820 angstrom
           Maximum rank =  2   Radius =  0.650 angstrom
                   Q00  =  -0.298484
|Q1| =   0.615333  Q10  =   0.084457  Q11c =   0.169120  Q11s =  -0.585576
|Q2| =   1.094106  Q20  =  -0.873445  Q21c =  -0.215048  Q21s =  -0.197253
                   Q22c =   0.520353  Q22s =   0.279714

C          x = -2.269480  y =  3.220250  z = -2.657760 angstrom
           Maximum rank =  2   Radius =  0.650 angstrom
                   Q00  =  -0.007631
|Q1| =   0.090248  Q10  =   0.005960  Q11c =   0.061891  Q11s =  -0.065412
|Q2| =   1.375549  Q20  =  -1.297602  Q21c =  -0.200362  Q21s =  -0.352200
                   Q22c =   0.208772  Q22s =  -0.024255

H          x = -3.296980  y =  3.546170  z = -2.629420 angstrom
           Maximum rank =  1   Radius =  0.350 angstrom
                   Q00  =   0.097391
|Q1| =   0.079365  Q10  =   0.006368  Q11c =   0.049531  Q11s =  -0.061684

C          x = -4.038980  y =  0.625030  z = -2.079240 angstrom
           Maximum rank =  2   Radius =  0.650 angstrom
                   Q00  =  -0.020957
|Q1| =   0.023589  Q10  =   0.001927  Q11c =  -0.023509  Q11s =   0.000231
|Q2| =   1.310392  Q20  =  -1.241316  Q21c =  -0.189369  Q21s =  -0.349432
                   Q22c =   0.134516  Q22s =  -0.014232

N          x = -5.562920  y =  2.689160  z = -2.301470 angstrom
           Maximum rank =  2   Radius =  0.650 angstrom
                   Q00  =  -0.222950
|Q1| =   0.562324  Q10  =   0.052053  Q11c =   0.314782  Q11s =  -0.463046
|Q2| =   0.622564  Q20  =  -0.334772  Q21c =   0.044431  Q21s =  -0.069906
                   Q22c =  -0.077469  Q22s =  -0.512496

C          x = -4.868380  y =  1.778430  z = -2.205240 angstrom
           Maximum rank =  2   Radius =  0.650 angstrom
                   Q00  =   0.057656
|Q1| =   0.106030  Q10  =   0.014613  Q11c =   0.028702  Q11s =  -0.101019
|Q2| =   1.211528  Q20  =  -0.699190  Q21c =   0.078003  Q21s =  -0.177125
                   Q22c =  -0.273252  Q22s =  -0.931027

S          x =  9.059100  y =-11.359430  z = -1.166140 angstrom
           Maximum rank =  2   Radius =  0.650 angstrom
                   Q00  =   0.784582
|Q1| =   1.010075  Q10  =   0.184604  Q11c =  -0.691074  Q11s =  -0.713155
|Q2| =   2.412570  Q20  =  -2.122038  Q21c =  -0.190626  Q21s =  -0.504643
                   Q22c =   0.363387  Q22s =  -0.945726

Cl         x =  9.206950  y =-23.768850  z =  0.902260 angstrom
           Maximum rank =  2   Radius =  0.650 angstrom
                   Q00  =   0.287608
|Q1| =   0.817671  Q10  =  -0.140613  Q11c =   0.578310  Q11s =   0.560688
|Q2| =   2.199817  Q20  =  -1.018638  Q21c =  -0.462300  Q21s =  -0.457001
                   Q22c =   0.035602  Q22s =   1.837861

N          x = 15.890720  y =-17.243500  z = -0.733180 angstrom
           Maximum rank =  2   Radius =  0.650 angstrom
                   Q00  =  -0.230234
|Q1| =   0.571214  Q10  =   0.104748  Q11c =  -0.270238  Q11s =  -0.492224
|Q2| =   0.620032  Q20  =  -0.302423  Q21c =  -0.117226  Q21s =  -0.155181
                   Q22c =  -0.127635  Q22s =   0.488739

S          x =  9.993050  y =-15.624350  z = -0.524260 angstrom
           Maximum rank =  2   Radius =  0.650 angstrom
                   Q00  =   0.806352
|Q1| =   0.917312  Q10  =  -0.138945  Q11c =   0.781076  Q11s =   0.460518
|Q2| =   2.449391  Q20  =  -2.163108  Q21c =  -0.154998  Q21s =  -0.692935
                   Q22c =  -0.601822  Q22s =  -0.673876

Cl         x = 12.284950  y =-24.575840  z =  0.789010 angstrom
           Maximum rank =  2   Radius =  0.650 angstrom
                   Q00  =   0.293576
|Q1| =   0.812983  Q10  =  -0.112620  Q11c =  -0.214677  Q11s =   0.775998
|Q2| =   2.186476  Q20  =  -1.069943  Q21c =   0.135853  Q21s =  -0.500280
                   Q22c =  -1.540613  Q22s =  -0.996833

C          x =  7.652790  y =-13.488530  z = -0.679590 angstrom
           Maximum rank =  2   Radius =  0.650 angstrom
                   Q00  =  -0.046537
|Q1| =   0.102221  Q10  =   0.012680  Q11c =   0.008747  Q11s =   0.101054
|Q2| =   1.482254  Q20  =  -1.385341  Q21c =  -0.237392  Q21s =  -0.464168
                   Q22c =  -0.040594  Q22s =  -0.066720

H          x =  7.377810  y =-14.513380  z = -0.471210 angstrom
           Maximum rank =  1   Radius =  0.350 angstrom
                   Q00  =   0.087542
|Q1| =   0.093610  Q10  =  -0.014077  Q11c =   0.015491  Q11s =   0.091240

C          x =  6.523830  y = -8.796400  z = -1.394370 angstrom
           Maximum rank =  2   Radius =  0.650 angstrom
                   Q00  =  -0.017940
|Q1| =   0.106620  Q10  =   0.046424  Q11c =  -0.089463  Q11s =  -0.034770
|Q2| =   1.453230  Q20  =  -1.380948  Q21c =  -0.196146  Q21s =  -0.406769
                   Q22c =  -0.006203  Q22s =  -0.029764

H          x =  7.501770  y = -8.360510  z = -1.559220 angstrom
           Maximum rank =  1   Radius =  0.350 angstrom
                   Q00  =   0.083165
|Q1| =   0.103031  Q10  =   0.017900  Q11c =  -0.099197  Q11s =  -0.021329

C          x =  4.656460  y =-14.030160  z =  1.047500 angstrom
           Maximum rank =  2   Radius =  0.650 angstrom
                   Q00  =  -0.049144
|Q1| =   0.102166  Q10  =   0.014619  Q11c =   0.003358  Q11s =   0.101059
|Q2| =   1.476344  Q20  =   0.751780  Q21c =  -0.434724  Q21s =   0.092300
                   Q22c =  -1.168009  Q22s =   0.229497

H          x =  4.747280  y =-14.766220  z =  0.257560 angstrom
           Maximum rank =  1   Radius =  0.350 angstrom
                   Q00  =   0.074284
|Q1| =   0.105786  Q10  =   0.037305  Q11c =  -0.009699  Q11s =   0.098514

O          x = 11.753900  y =-12.256290  z = -1.232450 angstrom
           Maximum rank =  2   Radius =  0.650 angstrom
                   Q00  =  -0.392226
|Q1| =   0.519047  Q10  =   0.047219  Q11c =   0.303005  Q11s =  -0.418770
|Q2| =   1.135384  Q20  =  -0.651050  Q21c =  -0.228100  Q21s =  -0.282635
                   Q22c =  -0.071219  Q22s =   0.853374

C          x =  4.691820  y =-11.765230  z =  1.793280 angstrom
           Maximum rank =  2   Radius =  0.650 angstrom
                   Q00  =  -0.034762
|Q1| =   0.097366  Q10  =  -0.045086  Q11c =   0.023169  Q11s =  -0.083130
|Q2| =   1.472065  Q20  =   0.596675  Q21c =  -0.496183  Q21s =  -0.092629
                   Q22c =  -1.226912  Q22s =   0.225532

H          x =  4.826370  y =-10.707780  z =  1.607100 angstrom
           Maximum rank =  1   Radius =  0.350 angstrom
                   Q00  =   0.077067
|Q1| =   0.098346  Q10  =  -0.042862  Q11c =  -0.006129  Q11s =  -0.088302

C          x =  5.237800  y =-12.251690  z = -0.662620 angstrom
           Maximum rank =  2   Radius =  0.650 angstrom
                   Q00  =  -0.009584
|Q1| =   0.059997  Q10  =  -0.011245  Q11c =   0.046878  Q11s =   0.035716
|Q2| =   0.189172  Q20  =   0.019056  Q21c =   0.035404  Q21s =  -0.077049
                   Q22c =   0.025218  Q22s =   0.166123

O          x =  9.814200  y =-18.284030  z = -0.066600 angstrom
           Maximum rank =  2   Radius =  0.650 angstrom
                   Q00  =  -0.415950
|Q1| =   0.557232  Q10  =   0.022656  Q11c =   0.437239  Q11s =  -0.344698
|Q2| =   0.974914  Q20  =  -0.168461  Q21c =   0.041644  Q21s =   0.121298
                   Q22c =   0.657526  Q22s =  -0.687961

C          x =  5.045070  y =-13.350410  z = -2.958060 angstrom
           Maximum rank =  2   Radius =  0.650 angstrom
                   Q00  =  -0.033505
|Q1| =   0.097217  Q10  =   0.067398  Q11c =  -0.065855  Q11s =   0.023911
|Q2| =   1.455304  Q20  =   0.322895  Q21c =  -0.111648  Q21s =   0.843266
                   Q22c =   1.014409  Q22s =   0.510940

H          x =  6.100110  y =-13.164070  z = -3.114480 angstrom
           Maximum rank =  1   Radius =  0.350 angstrom
                   Q00  =   0.077216
|Q1| =   0.100395  Q10  =   0.065273  Q11c =  -0.076209  Q11s =   0.003301

C          x =  6.381020  y =-10.156810  z = -1.135700 angstrom
           Maximum rank =  2   Radius =  0.650 angstrom
                   Q00  =  -0.025131
|Q1| =   0.118843  Q10  =   0.017198  Q11c =  -0.100298  Q11s =  -0.061385
|Q2| =   1.283691  Q20  =  -1.171695  Q21c =  -0.151822  Q21s =  -0.407912
                   Q22c =  -0.276396  Q22s =  -0.095694

C          x = 12.342050  y =-14.618070  z = -0.883160 angstrom
           Maximum rank =  2   Radius =  0.650 angstrom
                   Q00  =  -0.063913
|Q1| =   0.096016  Q10  =   0.009388  Q11c =  -0.095256  Q11s =  -0.007563
|Q2| =   1.525565  Q20  =  -1.447206  Q21c =  -0.196191  Q21s =  -0.404272
                   Q22c =   0.112803  Q22s =  -0.135258

H          x = 13.415250  y =-14.540270  z = -0.982730 angstrom
           Maximum rank =  1   Radius =  0.350 angstrom
                   Q00  =   0.074598
|Q1| =   0.098235  Q10  =   0.010631  Q11c =  -0.096272  Q11s =  -0.016398

C          x =  5.381470  y = -8.023370  z = -1.433290 angstrom
           Maximum rank =  2   Radius =  0.650 angstrom
                   Q00  =  -0.040850
|Q1| =   0.086963  Q10  =   0.047662  Q11c =  -0.071190  Q11s =   0.014926
|Q2| =   1.246357  Q20  =  -1.173377  Q21c =  -0.147211  Q21s =  -0.349407
                   Q22c =  -0.042358  Q22s =  -0.176188

C          x = 10.126800  y =-13.928380  z = -0.818680 angstrom
           Maximum rank =  2   Radius =  0.650 angstrom
                   Q00  =  -0.334632
|Q1| =   0.492512  Q10  =  -0.086198  Q11c =   0.136926  Q11s =   0.465176
|Q2| =   1.456768  Q20  =  -1.208031  Q21c =  -0.167019  Q21s =  -0.217477
                   Q22c =   0.658794  Q22s =  -0.391962

C          x =  6.745030  y =-12.424030  z = -0.790690 angstrom
           Maximum rank =  2   Radius =  0.650 angstrom
                   Q00  =  -0.071745
|Q1| =   0.109689  Q10  =   0.038451  Q11c =  -0.025751  Q11s =   0.099449
|Q2| =   1.251039  Q20  =  -1.160623  Q21c =  -0.190849  Q21s =  -0.327984
                   Q22c =   0.169794  Q22s =  -0.212664

C          x =  4.822150  y =-12.676110  z =  0.752750 angstrom
           Maximum rank =  2   Radius =  0.650 angstrom
                   Q00  =  -0.060860
|Q1| =   0.078585  Q10  =  -0.003752  Q11c =   0.077975  Q11s =  -0.009030
|Q2| =   1.289283  Q20  =   0.641765  Q21c =  -0.550439  Q21s =  -0.018910
                   Q22c =  -0.945169  Q22s =   0.231736

C          x =  7.355510  y =-11.226590  z = -1.046190 angstrom
           Maximum rank =  2   Radius =  0.650 angstrom
                   Q00  =  -0.338251
|Q1| =   0.610718  Q10  =   0.086755  Q11c =  -0.594130  Q11s =  -0.111619
|Q2| =   1.361515  Q20  =  -1.180298  Q21c =  -0.093782  Q21s =  -0.398964
                   Q22c =  -0.385820  Q22s =  -0.379206

C          x =  4.450200  y =-12.988100  z = -1.754370 angstrom
           Maximum rank =  2   Radius =  0.650 angstrom
                   Q00  =  -0.059555
|Q1| =   0.067892  Q10  =  -0.012399  Q11c =  -0.003544  Q11s =   0.066656
|Q2| =   1.281161  Q20  =   0.344750  Q21c =  -0.083697  Q21s =   0.834180
                   Q22c =   0.742269  Q22s =   0.518361

C          x = 11.454850  y =-13.549390  z = -0.990450 angstrom
           Maximum rank =  2   Radius =  0.650 angstrom
                   Q00  =   0.077765
|Q1| =   0.126091  Q10  =  -0.017730  Q11c =  -0.027581  Q11s =   0.121753
|Q2| =   1.137921  Q20  =  -1.063074  Q21c =  -0.145933  Q21s =  -0.347314
                   Q22c =  -0.150692  Q22s =   0.010397

C          x =  8.960190  y =-13.088830  z = -0.862380 angstrom
           Maximum rank =  2   Radius =  0.650 angstrom
                   Q00  =  -0.304703
|Q1| =   0.416125  Q10  =   0.082358  Q11c =  -0.086101  Q11s =  -0.398702
|Q2| =   1.489021  Q20  =  -1.185964  Q21c =  -0.174810  Q21s =  -0.197285
                   Q22c =   0.742725  Q22s =  -0.435376

C          x = 11.721760  y =-15.838080  z = -0.628450 angstrom
           Maximum rank =  2   Radius =  0.650 angstrom
                   Q00  =  -0.313122
|Q1| =   0.436016  Q10  =  -0.038007  Q11c =   0.433848  Q11s =   0.021011
|Q2| =   1.415819  Q20  =  -1.147636  Q21c =  -0.073270  Q21s =  -0.435280
                   Q22c =  -0.655255  Q22s =  -0.251556

C          x = 11.038870  y =-20.330520  z =  0.178380 angstrom
           Maximum rank =  2   Radius =  0.650 angstrom
                   Q00  =  -0.038498
|Q1| =   0.071165  Q10  =  -0.007950  Q11c =   0.069293  Q11s =   0.014134
|Q2| =   1.222137  Q20  =  -1.144755  Q21c =  -0.183519  Q21s =  -0.362803
                   Q22c =  -0.045843  Q22s =   0.125498

C          x = 12.505510  y =-17.009750  z = -0.495740 angstrom
           Maximum rank =  2   Radius =  0.650 angstrom
                   Q00  =   0.023867
|Q1| =   0.020972  Q10  =   0.001487  Q11c =   0.015106  Q11s =  -0.014472
|Q2| =   1.363461  Q20  =  -1.281669  Q21c =  -0.162410  Q21s =  -0.403843
                   Q22c =  -0.149076  Q22s =  -0.068266

H          x = 13.552530  y =-16.769590  z = -0.620330 angstrom
           Maximum rank =  1   Radius =  0.350 angstrom
                   Q00  =   0.092774
|Q1| =   0.071255  Q10  =   0.011798  Q11c =  -0.054289  Q11s =  -0.044619

C          x =  4.364240  y =-14.450770  z =  2.332650 angstrom
           Maximum rank =  2   Radius =  0.650 angstrom
                   Q00  =  -0.032662
|Q1| =   0.075468  Q10  =  -0.004329  Q11c =   0.004114  Q11s =   0.075231
|Q2| =   1.412913  Q20  =   0.528456  Q21c =  -0.470980  Q21s =  -0.011082
                   Q22c =  -1.203436  Q22s =   0.216454

H          x =  4.242340  y =-15.510650  z =  2.529840 angstrom
           Maximum rank =  1   Radius =  0.350 angstrom
                   Q00  =   0.048626
|Q1| =   0.115361  Q10  =  -0.019130  Q11c =   0.014129  Q11s =   0.112883

C          x = 10.869160  y =-18.878570  z = -0.051440 angstrom
           Maximum rank =  2   Radius =  0.650 angstrom
                   Q00  =   0.192472
|Q1| =   0.029268  Q10  =  -0.000212  Q11c =  -0.025624  Q11s =   0.014140
|Q2| =   0.763745  Q20  =  -0.692818  Q21c =  -0.067199  Q21s =  -0.169440
                   Q22c =   0.106308  Q22s =  -0.242453

C          x = 13.121160  y =-11.916940  z = -1.393470 angstrom
           Maximum rank =  2   Radius =  0.650 angstrom
                   Q00  =   0.170500
|Q1| =   0.143077  Q10  =   0.008800  Q11c =  -0.142201  Q11s =   0.013129
|Q2| =   0.145414  Q20  =  -0.080003  Q21c =  -0.032847  Q21s =  -0.026713
                   Q22c =   0.036301  Q22s =   0.107863

H          x = 13.691780  y =-12.146450  z = -0.489100 angstrom
           Maximum rank =  1   Radius =  0.350 angstrom
                   Q00  =   0.047914
|Q1| =   0.112887  Q10  =  -0.071727  Q11c =  -0.086646  Q11s =  -0.009542

H          x = 13.557770  y =-12.440710  z = -2.248620 angstrom
           Maximum rank =  1   Radius =  0.350 angstrom
                   Q00  =   0.047515
|Q1| =   0.113082  Q10  =   0.083262  Q11c =  -0.074754  Q11s =   0.016332

C          x = 15.278000  y =-18.193660  z = -0.523700 angstrom
           Maximum rank =  2   Radius =  0.650 angstrom
                   Q00  =   0.061186
|Q1| =   0.101239  Q10  =   0.017858  Q11c =  -0.015907  Q11s =  -0.098374
|Q2| =   1.200859  Q20  =  -0.658288  Q21c =  -0.203210  Q21s =  -0.340680
                   Q22c =  -0.416309  Q22s =   0.823437

C          x =  2.946320  y =-14.198400  z = -3.817520 angstrom
           Maximum rank =  2   Radius =  0.650 angstrom
                   Q00  =  -0.078317
|Q1| =   0.121921  Q10  =   0.089071  Q11c =   0.064945  Q11s =   0.052088
|Q2| =   1.148989  Q20  =   0.333570  Q21c =  -0.087580  Q21s =   0.712216
                   Q22c =   0.728173  Q22s =   0.404660

C          x = 12.219270  y =-18.325190  z = -0.252780 angstrom
           Maximum rank =  2   Radius =  0.650 angstrom
                   Q00  =  -0.066388
|Q1| =   0.063836  Q10  =   0.011774  Q11c =  -0.029578  Q11s =  -0.055331
|Q2| =   1.339070  Q20  =  -1.249643  Q21c =  -0.168625  Q21s =  -0.408503
                   Q22c =  -0.189582  Q22s =   0.015840

C          x =  4.396330  y =-12.192080  z =  3.082250 angstrom
           Maximum rank =  2   Radius =  0.650 angstrom
                   Q00  =  -0.033152
|Q1| =   0.074914  Q10  =  -0.049859  Q11c =   0.007384  Q11s =  -0.055423
|Q2| =   1.405092  Q20  =   0.613612  Q21c =  -0.469250  Q21s =   0.152740
                   Q22c =  -1.150563  Q22s =   0.174480

H          x =  4.301040  y =-11.456170  z =  3.873310 angstrom
           Maximum rank =  1   Radius =  0.350 angstrom
                   Q00  =   0.045008
|Q1| =   0.117410  Q10  =  -0.086990  Q11c =   0.010807  Q11s =  -0.078110

C          x = 10.433120  y =-22.583490  z =  0.604720 angstrom
           Maximum rank =  2   Radius =  0.650 angstrom
                   Q00  =  -0.303831
|Q1| =   0.625648  Q10  =  -0.107674  Q11c =   0.441314  Q11s =   0.430214
|Q2| =   1.074825  Q20  =  -0.881325  Q21c =  -0.030241  Q21s =  -0.215122
                   Q22c =   0.003567  Q22s =  -0.575596

C          x = 10.055080  y =-21.262760  z =  0.413940 angstrom
           Maximum rank =  2   Radius =  0.650 angstrom
                   Q00  =   0.008345
|Q1| =   0.100677  Q10  =  -0.014482  Q11c =   0.089997  Q11s =   0.042741
|Q2| =   1.313775  Q20  =  -1.241190  Q21c =  -0.151705  Q21s =  -0.343567
                   Q22c =   0.072975  Q22s =  -0.197672

H          x =  9.014110  y =-20.969720  z =  0.448750 angstrom
           Maximum rank =  1   Radius =  0.350 angstrom
                   Q00  =   0.087583
|Q1| =   0.095744  Q10  =  -0.008835  Q11c =   0.095057  Q11s =   0.007291

C          x =  3.087490  y =-13.236920  z = -1.600730 angstrom
           Maximum rank =  2   Radius =  0.650 angstrom
                   Q00  =  -0.051564
|Q1| =   0.103951  Q10  =  -0.043090  Q11c =   0.094052  Q11s =  -0.010160
|Q2| =   1.488048  Q20  =   0.565163  Q21c =  -0.191617  Q21s =   0.836598
                   Q22c =   0.954241  Q22s =   0.497682

H          x =  2.595000  y =-12.976980  z = -0.671620 angstrom
           Maximum rank =  1   Radius =  0.350 angstrom
                   Q00  =   0.074057
|Q1| =   0.106441  Q10  =  -0.058670  Q11c =   0.087256  Q11s =  -0.016555

C          x =  4.224380  y =-13.537820  z =  3.376700 angstrom
           Maximum rank =  2   Radius =  0.650 angstrom
                   Q00  =  -0.078087
|Q1| =   0.121360  Q10  =  -0.112004  Q11c =   0.028759  Q11s =   0.036827
|Q2| =   1.148195  Q20  =   0.559083  Q21c =  -0.413299  Q21s =  -0.018913
                   Q22c =  -0.899269  Q22s =   0.160990

C          x =  4.304550  y =-13.945320  z = -3.969620 angstrom
           Maximum rank =  2   Radius =  0.650 angstrom
                   Q00  =  -0.032416
|Q1| =   0.075052  Q10  =   0.062474  Q11c =  -0.039656  Q11s =   0.012539
|Q2| =   1.402484  Q20  =   0.444356  Q21c =  -0.282684  Q21s =   0.848132
                   Q22c =   0.893615  Q22s =   0.414394

H          x =  4.797630  y =-14.217280  z = -4.896730 angstrom
           Maximum rank =  1   Radius =  0.350 angstrom
                   Q00  =   0.046546
|Q1| =   0.116500  Q10  =   0.099836  Q11c =  -0.052526  Q11s =   0.029086

C          x = 12.391480  y =-20.659620  z =  0.124360 angstrom
           Maximum rank =  2   Radius =  0.650 angstrom
                   Q00  =  -0.019762
|Q1| =   0.080344  Q10  =  -0.002732  Q11c =  -0.064712  Q11s =   0.047539
|Q2| =   1.232389  Q20  =  -1.155245  Q21c =  -0.150369  Q21s =  -0.370857
                   Q22c =  -0.152168  Q22s =  -0.029870

C          x = 13.178560  y =-19.426220  z = -0.146040 angstrom
           Maximum rank =  2   Radius =  0.650 angstrom
                   Q00  =   0.032833
|Q1| =   0.044351  Q10  =   0.006429  Q11c =  -0.039500  Q11s =  -0.019118
|Q2| =   1.160541  Q20  =  -1.073949  Q21c =  -0.177896  Q21s =  -0.270890
                   Q22c =   0.297173  Q22s =  -0.012229

C          x =  2.151180  y =-14.873780  z = -4.901940 angstrom
           Maximum rank =  2   Radius =  0.650 angstrom
                   Q00  =   0.023059
|Q1| =   0.022586  Q10  =   0.012179  Q11c =   0.012110  Q11s =   0.014667
|Q2| =   0.104584  Q20  =   0.040405  Q21c =   0.065892  Q21s =   0.056304
                   Q22c =   0.026047  Q22s =   0.033389

H          x =  2.594090  y =-14.702550  z = -5.884140 angstrom
           Maximum rank =  1   Radius =  0.350 angstrom
                   Q00  =   0.025206
|Q1| =   0.124991  Q10  =   0.124113  Q11c =  -0.013361  Q11s =   0.006335

H          x =  1.122700  y =-14.509470  z = -4.925780 angstrom
           Maximum rank =  1   Radius =  0.350 angstrom
                   Q00  =   0.025374
|Q1| =   0.125372  Q10  =   0.038210  Q11c =   0.118917  Q11s =  -0.010821

C          x =  2.351480  y =-13.828860  z = -2.614120 angstrom
           Maximum rank =  2   Radius =  0.650 angstrom
                   Q00  =  -0.033824
|Q1| =   0.076961  Q10  =  -0.016217  Q11c =   0.075213  Q11s =   0.001720
|Q2| =   1.412826  Q20  =   0.308034  Q21c =  -0.219076  Q21s =   0.794500
                   Q22c =   0.987943  Q22s =   0.495918

H          x =  1.292250  y =-14.009730  z = -2.464810 angstrom
           Maximum rank =  1   Radius =  0.350 angstrom
                   Q00  =   0.046153
|Q1| =   0.117289  Q10  =  -0.017542  Q11c =   0.114344  Q11s =   0.019352

C          x =  3.881590  y =-14.001010  z =  4.766760 angstrom
           Maximum rank =  2   Radius =  0.650 angstrom
                   Q00  =   0.023204
|Q1| =   0.023456  Q10  =  -0.016905  Q11c =   0.010585  Q11s =   0.012342
|Q2| =   0.103156  Q20  =   0.089261  Q21c =  -0.029727  Q21s =  -0.038675
                   Q22c =  -0.016821  Q22s =   0.003353

H          x =  4.472770  y =-14.874110  z =  5.050360 angstrom
           Maximum rank =  1   Radius =  0.350 angstrom
                   Q00  =   0.028218
|Q1| =   0.123945  Q10  =  -0.071663  Q11c =  -0.041429  Q11s =   0.092251

H          x =  4.063510  y =-13.216600  z =  5.502370 angstrom
           Maximum rank =  1   Radius =  0.350 angstrom
                   Q00  =   0.023847
|Q1| =   0.125259  Q10  =  -0.112069  Q11c =  -0.005220  Q11s =  -0.055705

C          x = 11.785680  y =-22.933940  z =  0.554260 angstrom
           Maximum rank =  2   Radius =  0.650 angstrom
                   Q00  =  -0.298054
|Q1| =   0.615485  Q10  =  -0.084429  Q11c =  -0.169223  Q11s =   0.585711
|Q2| =   1.092872  Q20  =  -0.871577  Q21c =  -0.214874  Q21s =  -0.196639
                   Q22c =   0.521062  Q22s =   0.279963

C          x = 12.770140  y =-21.981100  z =  0.315180 angstrom
           Maximum rank =  2   Radius =  0.650 angstrom
                   Q00  =  -0.006520
|Q1| =   0.089963  Q10  =  -0.005904  Q11c =  -0.061633  Q11s =   0.065267
|Q2| =   1.371659  Q20  =  -1.293911  Q21c =  -0.199704  Q21s =  -0.351188
                   Q22c =   0.208371  Q22s =  -0.024701

H          x = 13.797650  y =-22.307000  z =  0.286840 angstrom
           Maximum rank =  1   Radius =  0.350 angstrom
                   Q00  =   0.097908
|Q1| =   0.078994  Q10  =  -0.006334  Q11c =  -0.049286  Q11s =   0.061406

C          x = 14.539590  y =-19.385880  z = -0.263430 angstrom
           Maximum rank =  2   Radius =  0.650 angstrom
                   Q00  =  -0.018594
|Q1| =   0.025002  Q10  =  -0.001989  Q11c =   0.024921  Q11s =  -0.000228
|Q2| =   1.303217  Q20  =  -1.234443  Q21c =  -0.188474  Q21s =  -0.347423
                   Q22c =   0.134555  Q22s =  -0.013930

N          x = 16.063490  y =-21.450030  z = -0.041190 angstrom
           Maximum rank =  2   Radius =  0.650 angstrom
                   Q00  =  -0.219270
|Q1| =   0.560295  Q10  =  -0.051937  Q11c =  -0.312961  Q11s =   0.461831
|Q2| =   0.620488  Q20  =  -0.332353  Q21c =   0.044622  Q21s =  -0.069178
                   Q22c =  -0.076919  Q22s =  -0.511716

C          x = 15.368980  y =-20.539290  z = -0.137420 angstrom
           Maximum rank =  2   Radius =  0.650 angstrom
                   Q00  =   0.058049
|Q1| =   0.106765  Q10  =  -0.014726  Q11c =  -0.028387  Q11s =   0.101863
|Q2| =   1.210258  Q20  =  -0.697465  Q21c =   0.078202  Q21s =  -0.176660
                   Q22c =  -0.273361  Q22s =  -0.930707

H          x = -2.645970  y = -7.915310  z = -0.767880 angstrom
           Maximum rank =  1   Radius =  0.350 angstrom
                   Q00  =   0.049860
|Q1| =   0.103730  Q10  =  -0.018870  Q11c =   0.046306  Q11s =   0.090882

H          x =  8.387590  y = -2.805500  z =  2.400720 angstrom
           Maximum rank =  1   Radius =  0.350 angstrom
                   Q00  =   0.031894
|Q1| =   0.123328  Q10  =  -0.021152  Q11c =  -0.029331  Q11s =  -0.117907

H          x =  2.112050  y =-15.955240  z = -4.742740 angstrom
           Maximum rank =  1   Radius =  0.350 angstrom
                   Q00  =   0.031670
|Q1| =   0.123536  Q10  =   0.021122  Q11c =   0.029570  Q11s =   0.118071

H          x = 13.146550  y =-10.845530  z = -1.574580 angstrom
           Maximum rank =  1   Radius =  0.350 angstrom
                   Q00  =   0.050302
|Q1| =   0.103348  Q10  =   0.018807  Q11c =  -0.046124  Q11s =  -0.090552

H          x =  7.673160  y = -4.477620  z = -7.180300 angstrom
           Maximum rank =  1   Radius =  0.350 angstrom
                   Q00  =   0.030640
|Q1| =   0.124078  Q10  =   0.051681  Q11c =  -0.105637  Q11s =  -0.039562

H          x =  2.827620  y =-14.284050  z =  4.837510 angstrom
           Maximum rank =  1   Radius =  0.350 angstrom
                   Q00  =   0.030231
|Q1| =   0.124423  Q10  =  -0.051740  Q11c =   0.105952  Q11s =   0.039726

Total multipoles referred to origin at
           x =   0.000000,  y =    0.000000,  z =    0.000000 angstrom
                   Q00  =  -0.000033
|Q1| =   0.624627  Q10  =   0.041432  Q11c =   0.445929  Q11s =  -0.435419
|Q2| = 312.641059  Q20  = 147.583093  Q21c = -33.546401  Q21s =  33.344584
                   Q22c =  41.466356  Q22s = 268.341166

CPU time used:     85m29.204s          Total:     85m29.204s

Finished at 2:52:8 on 27 Jun 2021   
