                                     G D M A

                                 by Anthony Stone

                         version 2.2.11, 04 February 2015

               Distributed Multipoles from Gaussian wavefunctions


Starting at 1:27:6 on 27 Jun 2021   

s1S0



Using CI density matrix from file sN_mz.fchk


                         Distributed Multipole Analysis

Standard DMA for products of primitives with exponent greater than 4.00000
Using 80-point Euler-MacLaurin radial quadrature
Using 590-point Lebedev quadrature
Becke smoothing parameter = 3

Positions and radii in angstrom
Multipole moments in atomic units, ea_0^k for rank k

S          x =  1.441470  y = -7.401430  z = -1.176460 angstrom
           Maximum rank =  2   Radius =  0.650 angstrom
                   Q00  =   0.783949
|Q1| =   1.010700  Q10  =  -0.184185  Q11c =   0.691436  Q11s =   0.713797
|Q2| =   2.414774  Q20  =  -2.123816  Q21c =  -0.191031  Q21s =  -0.505427
                   Q22c =   0.363684  Q22s =  -0.946744

Cl         x =  1.293740  y =  5.007950  z = -3.244790 angstrom
           Maximum rank =  2   Radius =  0.650 angstrom
                   Q00  =   0.287159
|Q1| =   0.818204  Q10  =   0.141175  Q11c =  -0.578449  Q11s =  -0.561180
|Q2| =   2.200023  Q20  =  -1.019059  Q21c =  -0.462171  Q21s =  -0.456896
                   Q22c =   0.035848  Q22s =   1.837928

N          x = -5.390100  y = -1.517360  z = -1.609450 angstrom
           Maximum rank =  2   Radius =  0.650 angstrom
                   Q00  =  -0.232032
|Q1| =   0.572202  Q10  =  -0.104580  Q11c =   0.271246  Q11s =   0.492852
|Q2| =   0.621019  Q20  =  -0.303574  Q21c =  -0.117565  Q21s =  -0.155871
                   Q22c =  -0.127971  Q22s =   0.488890

S          x =  0.507520  y = -3.136520  z = -1.818350 angstrom
           Maximum rank =  2   Radius =  0.650 angstrom
                   Q00  =   0.805320
|Q1| =   0.918090  Q10  =   0.139632  Q11c =  -0.781681  Q11s =  -0.460833
|Q2| =   2.454004  Q20  =  -2.167538  Q21c =  -0.155209  Q21s =  -0.694117
                   Q22c =  -0.602605  Q22s =  -0.674458

Cl         x = -1.784240  y =  5.814990  z = -3.131540 angstrom
           Maximum rank =  2   Radius =  0.650 angstrom
                   Q00  =   0.292655
|Q1| =   0.814321  Q10  =   0.113226  Q11c =   0.215352  Q11s =  -0.777124
|Q2| =   2.186423  Q20  =  -1.070178  Q21c =   0.135671  Q21s =  -0.500106
                   Q22c =  -1.540655  Q22s =  -0.996510

C          x =  2.847770  y = -5.272330  z = -1.663020 angstrom
           Maximum rank =  2   Radius =  0.650 angstrom
                   Q00  =  -0.046590
|Q1| =   0.102096  Q10  =  -0.012278  Q11c =  -0.009235  Q11s =  -0.100933
|Q2| =   1.482626  Q20  =  -1.385765  Q21c =  -0.237505  Q21s =  -0.464071
                   Q22c =  -0.040267  Q22s =  -0.066670

H          x =  3.122760  y = -4.247480  z = -1.871390 angstrom
           Maximum rank =  1   Radius =  0.350 angstrom
                   Q00  =   0.087619
|Q1| =   0.093567  Q10  =   0.014121  Q11c =  -0.015458  Q11s =  -0.091195

C          x =  3.976740  y = -9.964460  z = -0.948240 angstrom
           Maximum rank =  2   Radius =  0.650 angstrom
                   Q00  =  -0.017869
|Q1| =   0.106609  Q10  =  -0.046108  Q11c =   0.089547  Q11s =   0.034940
|Q2| =   1.453139  Q20  =  -1.380838  Q21c =  -0.196288  Q21s =  -0.406758
                   Q22c =  -0.006314  Q22s =  -0.029628

H          x =  2.998790  y =-10.400360  z = -0.783380 angstrom
           Maximum rank =  1   Radius =  0.350 angstrom
                   Q00  =   0.083067
|Q1| =   0.103109  Q10  =  -0.017861  Q11c =   0.099282  Q11s =   0.021345

C          x =  5.844110  y = -4.730710  z = -3.390120 angstrom
           Maximum rank =  2   Radius =  0.650 angstrom
                   Q00  =  -0.048954
|Q1| =   0.102110  Q10  =  -0.014514  Q11c =  -0.003136  Q11s =  -0.101024
|Q2| =   1.475796  Q20  =   0.751468  Q21c =  -0.434601  Q21s =   0.092247
                   Q22c =  -1.167561  Q22s =   0.229527

H          x =  5.753280  y = -3.994650  z = -2.600180 angstrom
           Maximum rank =  1   Radius =  0.350 angstrom
                   Q00  =   0.074474
|Q1| =   0.105658  Q10  =  -0.037206  Q11c =   0.009716  Q11s =  -0.098412

O          x = -1.253330  y = -6.504560  z = -1.110140 angstrom
           Maximum rank =  2   Radius =  0.650 angstrom
                   Q00  =  -0.392060
|Q1| =   0.519109  Q10  =  -0.046988  Q11c =  -0.302934  Q11s =   0.418925
|Q2| =   1.135314  Q20  =  -0.650809  Q21c =  -0.228143  Q21s =  -0.282649
                   Q22c =  -0.070882  Q22s =   0.853476

C          x =  5.808730  y = -6.995640  z = -4.135890 angstrom
           Maximum rank =  2   Radius =  0.650 angstrom
                   Q00  =  -0.034803
|Q1| =   0.097379  Q10  =   0.045215  Q11c =  -0.022882  Q11s =   0.083154
|Q2| =   1.472169  Q20  =   0.596764  Q21c =  -0.496251  Q21s =  -0.092872
                   Q22c =  -1.226963  Q22s =   0.225447

H          x =  5.674170  y = -8.053100  z = -3.949700 angstrom
           Maximum rank =  1   Radius =  0.350 angstrom
                   Q00  =   0.077031
|Q1| =   0.098412  Q10  =   0.042921  Q11c =   0.006168  Q11s =   0.088344

C          x =  5.262760  y = -6.509170  z = -1.679990 angstrom
           Maximum rank =  2   Radius =  0.650 angstrom
                   Q00  =  -0.009572
|Q1| =   0.059969  Q10  =   0.011247  Q11c =  -0.046857  Q11s =  -0.035696
|Q2| =   0.189070  Q20  =   0.019026  Q21c =   0.035179  Q21s =  -0.077217
                   Q22c =   0.025371  Q22s =   0.165957

O          x =  0.686390  y = -0.476870  z = -2.276020 angstrom
           Maximum rank =  2   Radius =  0.650 angstrom
                   Q00  =  -0.416093
|Q1| =   0.557343  Q10  =  -0.022385  Q11c =  -0.437361  Q11s =   0.344740
|Q2| =   0.974997  Q20  =  -0.168687  Q21c =   0.041658  Q21s =   0.121134
                   Q22c =   0.657605  Q22s =  -0.687975

C          x =  5.455500  y = -5.410490  z =  0.615470 angstrom
           Maximum rank =  2   Radius =  0.650 angstrom
                   Q00  =  -0.033586
|Q1| =   0.097196  Q10  =  -0.067297  Q11c =   0.065935  Q11s =  -0.023889
|Q2| =   1.455617  Q20  =   0.323036  Q21c =  -0.111901  Q21s =   0.843384
                   Q22c =   1.014648  Q22s =   0.511018

H          x =  4.400460  y = -5.596850  z =  0.771900 angstrom
           Maximum rank =  1   Radius =  0.350 angstrom
                   Q00  =   0.077122
|Q1| =   0.100413  Q10  =  -0.065231  Q11c =   0.076268  Q11s =  -0.003268

C          x =  4.119540  y = -8.604060  z = -1.206900 angstrom
           Maximum rank =  2   Radius =  0.650 angstrom
                   Q00  =  -0.025478
|Q1| =   0.118921  Q10  =  -0.016890  Q11c =   0.100556  Q11s =   0.061201
|Q2| =   1.284521  Q20  =  -1.172475  Q21c =  -0.151974  Q21s =  -0.408170
                   Q22c =  -0.276420  Q22s =  -0.095858

C          x = -1.841480  y = -4.142790  z = -1.459430 angstrom
           Maximum rank =  2   Radius =  0.650 angstrom
                   Q00  =  -0.065169
|Q1| =   0.096358  Q10  =  -0.009159  Q11c =   0.095560  Q11s =   0.008327
|Q2| =   1.529853  Q20  =  -1.451225  Q21c =  -0.196924  Q21s =  -0.405542
                   Q22c =   0.112608  Q22s =  -0.135906

H          x = -2.914680  y = -4.220590  z = -1.359850 angstrom
           Maximum rank =  1   Radius =  0.350 angstrom
                   Q00  =   0.074209
|Q1| =   0.098516  Q10  =  -0.010604  Q11c =   0.096543  Q11s =   0.016505

C          x =  5.119090  y =-10.737490  z = -0.909310 angstrom
           Maximum rank =  2   Radius =  0.650 angstrom
                   Q00  =  -0.041101
|Q1| =   0.086901  Q10  =  -0.047370  Q11c =   0.071300  Q11s =  -0.014972
|Q2| =   1.246996  Q20  =  -1.173980  Q21c =  -0.147271  Q21s =  -0.349546
                   Q22c =  -0.042321  Q22s =  -0.176368

C          x =  0.373760  y = -4.832480  z = -1.523930 angstrom
           Maximum rank =  2   Radius =  0.650 angstrom
                   Q00  =  -0.335369
|Q1| =   0.492164  Q10  =   0.086500  Q11c =  -0.137508  Q11s =  -0.464581
|Q2| =   1.458372  Q20  =  -1.209688  Q21c =  -0.167264  Q21s =  -0.217820
                   Q22c =   0.659124  Q22s =  -0.391966

C          x =  3.755530  y = -6.336830  z = -1.551910 angstrom
           Maximum rank =  2   Radius =  0.650 angstrom
                   Q00  =  -0.071470
|Q1| =   0.109895  Q10  =  -0.038103  Q11c =   0.025862  Q11s =  -0.099780
|Q2| =   1.250475  Q20  =  -1.160111  Q21c =  -0.190851  Q21s =  -0.327880
                   Q22c =   0.169648  Q22s =  -0.212420

C          x =  5.678410  y = -6.084760  z = -3.095360 angstrom
           Maximum rank =  2   Radius =  0.650 angstrom
                   Q00  =  -0.060700
|Q1| =   0.078328  Q10  =   0.003841  Q11c =  -0.077710  Q11s =   0.009040
|Q2| =   1.288936  Q20  =   0.641561  Q21c =  -0.550307  Q21s =  -0.018810
                   Q22c =  -0.944942  Q22s =   0.231621

C          x =  3.145050  y = -7.534270  z = -1.296410 angstrom
           Maximum rank =  2   Radius =  0.650 angstrom
                   Q00  =  -0.337777
|Q1| =   0.610740  Q10  =  -0.086455  Q11c =   0.594124  Q11s =   0.112004
|Q2| =   1.360318  Q20  =  -1.179085  Q21c =  -0.093802  Q21s =  -0.398668
                   Q22c =  -0.385825  Q22s =  -0.378982

C          x =  6.050370  y = -5.772760  z = -0.588240 angstrom
           Maximum rank =  2   Radius =  0.650 angstrom
                   Q00  =  -0.059840
|Q1| =   0.067979  Q10  =   0.012450  Q11c =   0.003585  Q11s =  -0.066733
|Q2| =   1.281877  Q20  =   0.345005  Q21c =  -0.083569  Q21s =   0.834659
                   Q22c =   0.742583  Q22s =   0.518760

C          x = -0.954290  y = -5.211470  z = -1.352140 angstrom
           Maximum rank =  2   Radius =  0.650 angstrom
                   Q00  =   0.077973
|Q1| =   0.126248  Q10  =   0.017995  Q11c =   0.028125  Q11s =  -0.121753
|Q2| =   1.137898  Q20  =  -1.062938  Q21c =  -0.146036  Q21s =  -0.347400
                   Q22c =  -0.151136  Q22s =   0.010915

C          x =  1.540380  y = -5.672030  z = -1.480230 angstrom
           Maximum rank =  2   Radius =  0.650 angstrom
                   Q00  =  -0.304189
|Q1| =   0.416048  Q10  =  -0.082038  Q11c =   0.086826  Q11s =   0.398531
|Q2| =   1.487550  Q20  =  -1.184587  Q21c =  -0.174688  Q21s =  -0.197041
                   Q22c =   0.742401  Q22s =  -0.434808

C          x = -1.221190  y = -2.922780  z = -1.714150 angstrom
           Maximum rank =  2   Radius =  0.650 angstrom
                   Q00  =  -0.312500
|Q1| =   0.435925  Q10  =   0.038438  Q11c =  -0.433699  Q11s =  -0.021403
|Q2| =   1.414641  Q20  =  -1.146594  Q21c =  -0.073176  Q21s =  -0.434953
                   Q22c =  -0.654997  Q22s =  -0.250939

C          x = -0.538250  y =  1.569640  z = -2.520980 angstrom
           Maximum rank =  2   Radius =  0.650 angstrom
                   Q00  =  -0.038515
|Q1| =   0.071351  Q10  =   0.008279  Q11c =  -0.069421  Q11s =  -0.014255
|Q2| =   1.222257  Q20  =  -1.144887  Q21c =  -0.183477  Q21s =  -0.362806
                   Q22c =  -0.045794  Q22s =   0.125529

C          x = -2.004940  y = -1.751110  z = -1.846860 angstrom
           Maximum rank =  2   Radius =  0.650 angstrom
                   Q00  =   0.021918
|Q1| =   0.021364  Q10  =  -0.001280  Q11c =  -0.014883  Q11s =   0.015273
|Q2| =   1.369348  Q20  =  -1.287204  Q21c =  -0.163224  Q21s =  -0.405628
                   Q22c =  -0.149417  Q22s =  -0.068688

H          x = -3.051960  y = -1.991250  z = -1.722260 angstrom
           Maximum rank =  1   Radius =  0.350 angstrom
                   Q00  =   0.092386
|Q1| =   0.071435  Q10  =  -0.011777  Q11c =   0.054433  Q11s =   0.044737

C          x =  6.136320  y = -4.310110  z = -4.675270 angstrom
           Maximum rank =  2   Radius =  0.650 angstrom
                   Q00  =  -0.032640
|Q1| =   0.075463  Q10  =   0.004476  Q11c =  -0.003859  Q11s =  -0.075231
|Q2| =   1.412849  Q20  =   0.528348  Q21c =  -0.470988  Q21s =  -0.010808
                   Q22c =  -1.203390  Q22s =   0.216560

H          x =  6.258210  y = -3.250230  z = -4.872470 angstrom
           Maximum rank =  1   Radius =  0.350 angstrom
                   Q00  =   0.048641
|Q1| =   0.115346  Q10  =   0.019206  Q11c =  -0.014087  Q11s =  -0.112860

C          x = -0.368560  y =  0.117680  z = -2.291170 angstrom
           Maximum rank =  2   Radius =  0.650 angstrom
                   Q00  =   0.192338
|Q1| =   0.029384  Q10  =   0.000470  Q11c =   0.025803  Q11s =  -0.014051
|Q2| =   0.764180  Q20  =  -0.693282  Q21c =  -0.067228  Q21s =  -0.169613
                   Q22c =   0.106079  Q22s =  -0.242464

C          x = -2.620590  y = -6.843900  z = -0.949030 angstrom
           Maximum rank =  2   Radius =  0.650 angstrom
                   Q00  =   0.170497
|Q1| =   0.143183  Q10  =  -0.008738  Q11c =   0.142327  Q11s =  -0.012955
|Q2| =   0.145025  Q20  =  -0.079832  Q21c =  -0.032699  Q21s =  -0.027031
                   Q22c =   0.035929  Q22s =   0.107556

H          x = -3.191260  y = -6.614410  z = -1.853360 angstrom
           Maximum rank =  1   Radius =  0.350 angstrom
                   Q00  =   0.047658
|Q1| =   0.113158  Q10  =   0.071925  Q11c =   0.086828  Q11s =   0.009608

H          x = -3.057140  y = -6.320100  z = -0.093870 angstrom
           Maximum rank =  1   Radius =  0.350 angstrom
                   Q00  =   0.047600
|Q1| =   0.113074  Q10  =  -0.083209  Q11c =   0.074814  Q11s =  -0.016274

C          x = -4.777400  y = -0.567200  z = -1.819010 angstrom
           Maximum rank =  2   Radius =  0.650 angstrom
                   Q00  =   0.060899
|Q1| =   0.100778  Q10  =  -0.017427  Q11c =   0.016256  Q11s =   0.097920
|Q2| =   1.201745  Q20  =  -0.659278  Q21c =  -0.203418  Q21s =  -0.341112
                   Q22c =  -0.416395  Q22s =   0.823664

C          x =  7.554240  y = -4.562470  z =  1.474920 angstrom
           Maximum rank =  2   Radius =  0.650 angstrom
                   Q00  =  -0.078001
|Q1| =   0.121925  Q10  =  -0.089032  Q11c =  -0.064914  Q11s =  -0.052202
|Q2| =   1.147980  Q20  =   0.333279  Q21c =  -0.087714  Q21s =   0.711466
                   Q22c =   0.727659  Q22s =   0.404250

C          x = -1.718680  y = -0.435680  z = -2.089850 angstrom
           Maximum rank =  2   Radius =  0.650 angstrom
                   Q00  =  -0.066300
|Q1| =   0.063114  Q10  =  -0.011325  Q11c =   0.029687  Q11s =   0.054532
|Q2| =   1.339404  Q20  =  -1.250005  Q21c =  -0.168761  Q21s =  -0.408621
                   Q22c =  -0.189164  Q22s =   0.016048

C          x =  6.104210  y = -6.568800  z = -5.424860 angstrom
           Maximum rank =  2   Radius =  0.650 angstrom
                   Q00  =  -0.033325
|Q1| =   0.074996  Q10  =   0.050005  Q11c =  -0.007109  Q11s =   0.055438
|Q2| =   1.405755  Q20  =   0.613797  Q21c =  -0.469589  Q21s =   0.152794
                   Q22c =  -1.151127  Q22s =   0.174489

H          x =  6.199480  y = -7.304710  z = -6.215920 angstrom
           Maximum rank =  1   Radius =  0.350 angstrom
                   Q00  =   0.044793
|Q1| =   0.117600  Q10  =   0.087156  Q11c =  -0.010768  Q11s =   0.078216

C          x =  0.067550  y =  3.822600  z = -2.947280 angstrom
           Maximum rank =  2   Radius =  0.650 angstrom
                   Q00  =  -0.304232
|Q1| =   0.625690  Q10  =   0.108035  Q11c =  -0.441168  Q11s =  -0.430334
|Q2| =   1.075830  Q20  =  -0.882605  Q21c =  -0.030327  Q21s =  -0.215364
                   Q22c =   0.003666  Q22s =  -0.575416

C          x =  0.445560  y =  2.501870  z = -2.756520 angstrom
           Maximum rank =  2   Radius =  0.650 angstrom
                   Q00  =   0.008137
|Q1| =   0.100622  Q10  =   0.014809  Q11c =  -0.089974  Q11s =  -0.042544
|Q2| =   1.314563  Q20  =  -1.241972  Q21c =  -0.151594  Q21s =  -0.343778
                   Q22c =   0.072906  Q22s =  -0.197738

H          x =  1.486530  y =  2.208800  z = -2.791320 angstrom
           Maximum rank =  1   Radius =  0.350 angstrom
                   Q00  =   0.087535
|Q1| =   0.095788  Q10  =   0.008905  Q11c =  -0.095094  Q11s =  -0.007294

C          x =  7.413070  y = -5.523920  z = -0.741890 angstrom
           Maximum rank =  2   Radius =  0.650 angstrom
                   Q00  =  -0.051658
|Q1| =   0.103924  Q10  =   0.043189  Q11c =  -0.093979  Q11s =   0.010140
|Q2| =   1.488278  Q20  =   0.565212  Q21c =  -0.191797  Q21s =   0.836608
                   Q22c =   0.954518  Q22s =   0.497699

H          x =  7.905550  y = -5.783840  z = -1.671000 angstrom
           Maximum rank =  1   Radius =  0.350 angstrom
                   Q00  =   0.073955
|Q1| =   0.106473  Q10  =   0.058746  Q11c =  -0.087238  Q11s =   0.016581

C          x =  6.276170  y = -5.223060  z = -5.719310 angstrom
           Maximum rank =  2   Radius =  0.650 angstrom
                   Q00  =  -0.078243
|Q1| =   0.121364  Q10  =   0.112090  Q11c =  -0.028487  Q11s =  -0.036791
|Q2| =   1.148692  Q20  =   0.559323  Q21c =  -0.413610  Q21s =  -0.019048
                   Q22c =  -0.899584  Q22s =   0.161127

C          x =  6.196020  y = -4.815580  z =  1.627020 angstrom
           Maximum rank =  2   Radius =  0.650 angstrom
                   Q00  =  -0.032272
|Q1| =   0.074988  Q10  =  -0.062344  Q11c =   0.039735  Q11s =  -0.012551
|Q2| =   1.401919  Q20  =   0.444364  Q21c =  -0.282404  Q21s =   0.847828
                   Q22c =   0.893143  Q22s =   0.414306

H          x =  5.702940  y = -4.543640  z =  2.554150 angstrom
           Maximum rank =  1   Radius =  0.350 angstrom
                   Q00  =   0.046731
|Q1| =   0.116345  Q10  =  -0.099673  Q11c =   0.052524  Q11s =  -0.029030

C          x = -1.890850  y =  1.898760  z = -2.466970 angstrom
           Maximum rank =  2   Radius =  0.650 angstrom
                   Q00  =  -0.019682
|Q1| =   0.080406  Q10  =   0.003006  Q11c =   0.064839  Q11s =  -0.047455
|Q2| =   1.232377  Q20  =  -1.155279  Q21c =  -0.150387  Q21s =  -0.370755
                   Q22c =  -0.152011  Q22s =  -0.030040

C          x = -2.677950  y =  0.665370  z = -2.196590 angstrom
           Maximum rank =  2   Radius =  0.650 angstrom
                   Q00  =   0.031848
|Q1| =   0.043699  Q10  =  -0.006123  Q11c =   0.038679  Q11s =   0.019392
|Q2| =   1.163449  Q20  =  -1.076843  Q21c =  -0.178314  Q21s =  -0.271794
                   Q22c =   0.297005  Q22s =  -0.011992

C          x =  8.349350  y = -3.887070  z =  2.559360 angstrom
           Maximum rank =  2   Radius =  0.650 angstrom
                   Q00  =   0.023080
|Q1| =   0.022402  Q10  =  -0.012042  Q11c =  -0.011964  Q11s =  -0.014619
|Q2| =   0.105306  Q20  =   0.040580  Q21c =   0.066444  Q21s =   0.056653
                   Q22c =   0.026029  Q22s =   0.033774

H          x =  7.906990  y = -4.059160  z =  3.541660 angstrom
           Maximum rank =  1   Radius =  0.350 angstrom
                   Q00  =   0.025447
|Q1| =   0.124747  Q10  =  -0.123875  Q11c =   0.013346  Q11s =  -0.006233

H          x =  9.378110  y = -4.250630  z =  2.582550 angstrom
           Maximum rank =  1   Radius =  0.350 angstrom
                   Q00  =   0.025641
|Q1| =   0.125100  Q10  =  -0.038024  Q11c =  -0.118695  Q11s =   0.010752

C          x =  8.149070  y = -4.931980  z =  0.271520 angstrom
           Maximum rank =  2   Radius =  0.650 angstrom
                   Q00  =  -0.033667
|Q1| =   0.076884  Q10  =   0.016336  Q11c =  -0.075108  Q11s =  -0.001753
|Q2| =   1.412194  Q20  =   0.307849  Q21c =  -0.218774  Q21s =   0.794122
                   Q22c =   0.987536  Q22s =   0.495783

H          x =  9.208290  y = -4.751090  z =  0.122200 angstrom
           Maximum rank =  1   Radius =  0.350 angstrom
                   Q00  =   0.046349
|Q1| =   0.117118  Q10  =   0.017588  Q11c =  -0.114167  Q11s =  -0.019316

C          x =  6.619000  y = -4.759890  z = -7.109370 angstrom
           Maximum rank =  2   Radius =  0.650 angstrom
                   Q00  =   0.023194
|Q1| =   0.023507  Q10  =   0.017064  Q11c =  -0.010490  Q11s =  -0.012304
|Q2| =   0.102728  Q20  =   0.088862  Q21c =  -0.029619  Q21s =  -0.038415
                   Q22c =  -0.017118  Q22s =   0.003241

H          x =  6.028400  y = -3.886320  z = -7.392710 angstrom
           Maximum rank =  1   Radius =  0.350 angstrom
                   Q00  =   0.028022
|Q1| =   0.124126  Q10  =   0.071785  Q11c =   0.041484  Q11s =  -0.092376

H          x =  6.436350  y = -5.544060  z = -7.845070 angstrom
           Maximum rank =  1   Radius =  0.350 angstrom
                   Q00  =   0.023596
|Q1| =   0.125503  Q10  =   0.112301  Q11c =   0.005356  Q11s =   0.055775

C          x = -1.285000  y =  4.173080  z = -2.896820 angstrom
           Maximum rank =  2   Radius =  0.650 angstrom
                   Q00  =  -0.298323
|Q1| =   0.615392  Q10  =   0.084766  Q11c =   0.169161  Q11s =  -0.585582
|Q2| =   1.093644  Q20  =  -0.872780  Q21c =  -0.215044  Q21s =  -0.196868
                   Q22c =   0.520624  Q22s =   0.279755

C          x = -2.269480  y =  3.220250  z = -2.657760 angstrom
           Maximum rank =  2   Radius =  0.650 angstrom
                   Q00  =  -0.007141
|Q1| =   0.090122  Q10  =   0.006262  Q11c =   0.061790  Q11s =  -0.065305
|Q2| =   1.373834  Q20  =  -1.295986  Q21c =  -0.200215  Q21s =  -0.351655
                   Q22c =   0.208560  Q22s =  -0.024438

H          x = -3.296980  y =  3.546170  z = -2.629420 angstrom
           Maximum rank =  1   Radius =  0.350 angstrom
                   Q00  =   0.097630
|Q1| =   0.079203  Q10  =   0.006408  Q11c =   0.049423  Q11s =  -0.061557

C          x = -4.038980  y =  0.625030  z = -2.079240 angstrom
           Maximum rank =  2   Radius =  0.650 angstrom
                   Q00  =  -0.019864
|Q1| =   0.024232  Q10  =   0.002244  Q11c =  -0.024126  Q11s =   0.000259
|Q2| =   1.307093  Q20  =  -1.238162  Q21c =  -0.188947  Q21s =  -0.348485
                   Q22c =   0.134551  Q22s =  -0.014126

N          x = -5.562920  y =  2.689160  z = -2.301470 angstrom
           Maximum rank =  2   Radius =  0.650 angstrom
                   Q00  =  -0.221296
|Q1| =   0.561419  Q10  =   0.052363  Q11c =   0.313936  Q11s =  -0.462486
|Q2| =   0.621629  Q20  =  -0.333709  Q21c =   0.044392  Q21s =  -0.069394
                   Q22c =  -0.077194  Q22s =  -0.512167

C          x = -4.868380  y =  1.778430  z = -2.205240 angstrom
           Maximum rank =  2   Radius =  0.650 angstrom
                   Q00  =   0.057837
|Q1| =   0.106385  Q10  =   0.015006  Q11c =   0.028532  Q11s =  -0.101383
|Q2| =   1.210941  Q20  =  -0.698433  Q21c =   0.078087  Q21s =  -0.176878
                   Q22c =  -0.273273  Q22s =  -0.930864

S          x =  9.059100  y =-11.359430  z = -1.166140 angstrom
           Maximum rank =  2   Radius =  0.650 angstrom
                   Q00  =   0.783846
|Q1| =   1.010903  Q10  =   0.185208  Q11c =  -0.691509  Q11s =  -0.713749
|Q2| =   2.414818  Q20  =  -2.124035  Q21c =  -0.190542  Q21s =  -0.504844
                   Q22c =   0.363714  Q22s =  -0.946763

Cl         x =  9.206950  y =-23.768850  z =  0.902260 angstrom
           Maximum rank =  2   Radius =  0.650 angstrom
                   Q00  =   0.287635
|Q1| =   0.817534  Q10  =  -0.140210  Q11c =   0.578057  Q11s =   0.560850
|Q2| =   2.200012  Q20  =  -1.018771  Q21c =  -0.462493  Q21s =  -0.457138
                   Q22c =   0.035797  Q22s =   1.837934

N          x = 15.890720  y =-17.243500  z = -0.733180 angstrom
           Maximum rank =  2   Radius =  0.650 angstrom
                   Q00  =  -0.231955
|Q1| =   0.572187  Q10  =   0.105237  Q11c =  -0.271149  Q11s =  -0.492749
|Q2| =   0.620915  Q20  =  -0.303566  Q21c =  -0.117294  Q21s =  -0.155424
                   Q22c =  -0.127986  Q22s =   0.488966

S          x =  9.993050  y =-15.624350  z = -0.524260 angstrom
           Maximum rank =  2   Radius =  0.650 angstrom
                   Q00  =   0.805731
|Q1| =   0.917686  Q10  =  -0.138537  Q11c =   0.781414  Q11s =   0.460812
|Q2| =   2.452499  Q20  =  -2.166008  Q21c =  -0.155597  Q21s =  -0.694023
                   Q22c =  -0.602201  Q22s =  -0.674267

Cl         x = 12.284950  y =-24.575840  z =  0.789010 angstrom
           Maximum rank =  2   Radius =  0.650 angstrom
                   Q00  =   0.293028
|Q1| =   0.813765  Q10  =  -0.112277  Q11c =  -0.215259  Q11s =   0.776705
|Q2| =   2.186457  Q20  =  -1.070002  Q21c =   0.135863  Q21s =  -0.500504
                   Q22c =  -1.540659  Q22s =  -0.996541

C          x =  7.652790  y =-13.488530  z = -0.679590 angstrom
           Maximum rank =  2   Radius =  0.650 angstrom
                   Q00  =  -0.046491
|Q1| =   0.102268  Q10  =   0.012942  Q11c =   0.009103  Q11s =   0.101037
|Q2| =   1.482293  Q20  =  -1.385360  Q21c =  -0.237391  Q21s =  -0.464270
                   Q22c =  -0.040267  Q22s =  -0.066690

H          x =  7.377810  y =-14.513380  z = -0.471210 angstrom
           Maximum rank =  1   Radius =  0.350 angstrom
                   Q00  =   0.087674
|Q1| =   0.093535  Q10  =  -0.014022  Q11c =   0.015449  Q11s =   0.091179

C          x =  6.523830  y = -8.796400  z = -1.394370 angstrom
           Maximum rank =  2   Radius =  0.650 angstrom
                   Q00  =  -0.017952
|Q1| =   0.106802  Q10  =   0.046723  Q11c =  -0.089504  Q11s =  -0.034823
|Q2| =   1.453360  Q20  =  -1.381098  Q21c =  -0.196006  Q21s =  -0.406803
                   Q22c =  -0.006241  Q22s =  -0.029629

H          x =  7.501770  y = -8.360510  z = -1.559220 angstrom
           Maximum rank =  1   Radius =  0.350 angstrom
                   Q00  =   0.083011
|Q1| =   0.103163  Q10  =   0.017970  Q11c =  -0.099315  Q11s =  -0.021361

C          x =  4.656460  y =-14.030160  z =  1.047500 angstrom
           Maximum rank =  2   Radius =  0.650 angstrom
                   Q00  =  -0.049246
|Q1| =   0.102168  Q10  =   0.014686  Q11c =   0.003177  Q11s =   0.101057
|Q2| =   1.476581  Q20  =   0.751765  Q21c =  -0.434708  Q21s =   0.092378
                   Q22c =  -1.168299  Q22s =   0.229591

H          x =  4.747280  y =-14.766220  z =  0.257560 angstrom
           Maximum rank =  1   Radius =  0.350 angstrom
                   Q00  =   0.074181
|Q1| =   0.105833  Q10  =   0.037383  Q11c =  -0.009739  Q11s =   0.098530

O          x = 11.753900  y =-12.256290  z = -1.232450 angstrom
           Maximum rank =  2   Radius =  0.650 angstrom
                   Q00  =  -0.392170
|Q1| =   0.519168  Q10  =   0.047453  Q11c =   0.302977  Q11s =  -0.418914
|Q2| =   1.135476  Q20  =  -0.651017  Q21c =  -0.228192  Q21s =  -0.282488
                   Q22c =  -0.070833  Q22s =   0.853577

C          x =  4.691820  y =-11.765230  z =  1.793280 angstrom
           Maximum rank =  2   Radius =  0.650 angstrom
                   Q00  =  -0.034822
|Q1| =   0.097292  Q10  =  -0.045003  Q11c =   0.022970  Q11s =  -0.083143
|Q2| =   1.472283  Q20  =   0.596665  Q21c =  -0.496222  Q21s =  -0.092455
                   Q22c =  -1.227197  Q22s =   0.225415

H          x =  4.826370  y =-10.707780  z =  1.607100 angstrom
           Maximum rank =  1   Radius =  0.350 angstrom
                   Q00  =   0.076984
|Q1| =   0.098356  Q10  =  -0.042807  Q11c =  -0.006176  Q11s =  -0.088336

C          x =  5.237800  y =-12.251690  z = -0.662620 angstrom
           Maximum rank =  2   Radius =  0.650 angstrom
                   Q00  =  -0.009565
|Q1| =   0.059969  Q10  =  -0.011229  Q11c =   0.046870  Q11s =   0.035686
|Q2| =   0.189035  Q20  =   0.018807  Q21c =   0.035509  Q21s =  -0.076943
                   Q22c =   0.025233  Q22s =   0.166021

O          x =  9.814200  y =-18.284030  z = -0.066600 angstrom
           Maximum rank =  2   Radius =  0.650 angstrom
                   Q00  =  -0.415943
|Q1| =   0.557240  Q10  =   0.022879  Q11c =   0.437249  Q11s =  -0.344684
|Q2| =   0.974945  Q20  =  -0.168625  Q21c =   0.041551  Q21s =   0.121346
                   Q22c =   0.657563  Q22s =  -0.687926

C          x =  5.045070  y =-13.350410  z = -2.958060 angstrom
           Maximum rank =  2   Radius =  0.650 angstrom
                   Q00  =  -0.033672
|Q1| =   0.097326  Q10  =   0.067557  Q11c =  -0.065901  Q11s =   0.023779
|Q2| =   1.455910  Q20  =   0.322895  Q21c =  -0.111450  Q21s =   0.843627
                   Q22c =   1.014870  Q22s =   0.511198

H          x =  6.100110  y =-13.164070  z = -3.114480 angstrom
           Maximum rank =  1   Radius =  0.350 angstrom
                   Q00  =   0.077037
|Q1| =   0.100555  Q10  =   0.065379  Q11c =  -0.076328  Q11s =   0.003284

C          x =  6.381020  y =-10.156810  z = -1.135700 angstrom
           Maximum rank =  2   Radius =  0.650 angstrom
                   Q00  =  -0.025405
|Q1| =   0.118923  Q10  =   0.017421  Q11c =  -0.100477  Q11s =  -0.061184
|Q2| =   1.284382  Q20  =  -1.172361  Q21c =  -0.151861  Q21s =  -0.408086
                   Q22c =  -0.276459  Q22s =  -0.095819

C          x = 12.342050  y =-14.618070  z = -0.883160 angstrom
           Maximum rank =  2   Radius =  0.650 angstrom
                   Q00  =  -0.064967
|Q1| =   0.096321  Q10  =   0.009824  Q11c =  -0.095476  Q11s =  -0.008095
|Q2| =   1.529234  Q20  =  -1.450738  Q21c =  -0.196388  Q21s =  -0.405243
                   Q22c =   0.112698  Q22s =  -0.135739

H          x = 13.415250  y =-14.540270  z = -0.982730 angstrom
           Maximum rank =  1   Radius =  0.350 angstrom
                   Q00  =   0.074209
|Q1| =   0.098520  Q10  =   0.010726  Q11c =  -0.096538  Q11s =  -0.016482

C          x =  5.381470  y = -8.023370  z = -1.433290 angstrom
           Maximum rank =  2   Radius =  0.650 angstrom
                   Q00  =  -0.041113
|Q1| =   0.087142  Q10  =   0.047867  Q11c =  -0.071251  Q11s =   0.015022
|Q2| =   1.246872  Q20  =  -1.173840  Q21c =  -0.147263  Q21s =  -0.349580
                   Q22c =  -0.042388  Q22s =  -0.176350

C          x = 10.126800  y =-13.928380  z = -0.818680 angstrom
           Maximum rank =  2   Radius =  0.650 angstrom
                   Q00  =  -0.335197
|Q1| =   0.492227  Q10  =  -0.085879  Q11c =   0.137385  Q11s =   0.464799
|Q2| =   1.458007  Q20  =  -1.209251  Q21c =  -0.167265  Q21s =  -0.217875
                   Q22c =   0.659105  Q22s =  -0.391955

C          x =  6.745030  y =-12.424030  z = -0.790690 angstrom
           Maximum rank =  2   Radius =  0.650 angstrom
                   Q00  =  -0.071442
|Q1| =   0.110009  Q10  =   0.038634  Q11c =  -0.025781  Q11s =   0.099724
|Q2| =   1.250324  Q20  =  -1.159993  Q21c =  -0.190718  Q21s =  -0.327828
                   Q22c =   0.169575  Q22s =  -0.212427

C          x =  4.822150  y =-12.676110  z =  0.752750 angstrom
           Maximum rank =  2   Radius =  0.650 angstrom
                   Q00  =  -0.061137
|Q1| =   0.078501  Q10  =  -0.003756  Q11c =   0.077887  Q11s =  -0.009048
|Q2| =   1.289978  Q20  =   0.642241  Q21c =  -0.550824  Q21s =  -0.019037
                   Q22c =  -0.945533  Q22s =   0.231880

C          x =  7.355510  y =-11.226590  z = -1.046190 angstrom
           Maximum rank =  2   Radius =  0.650 angstrom
                   Q00  =  -0.337918
|Q1| =   0.610783  Q10  =   0.087076  Q11c =  -0.594106  Q11s =  -0.111856
|Q2| =   1.360738  Q20  =  -1.179571  Q21c =  -0.093553  Q21s =  -0.398698
                   Q22c =  -0.385766  Q22s =  -0.379069

C          x =  4.450200  y =-12.988100  z = -1.754370 angstrom
           Maximum rank =  2   Radius =  0.650 angstrom
                   Q00  =  -0.059502
|Q1| =   0.067738  Q10  =  -0.012281  Q11c =  -0.003569  Q11s =   0.066520
|Q2| =   1.281083  Q20  =   0.344783  Q21c =  -0.083743  Q21s =   0.834179
                   Q22c =   0.742174  Q22s =   0.518275

C          x = 11.454850  y =-13.549390  z = -0.990450 angstrom
           Maximum rank =  2   Radius =  0.650 angstrom
                   Q00  =   0.077830
|Q1| =   0.126251  Q10  =  -0.017449  Q11c =  -0.027985  Q11s =   0.121867
|Q2| =   1.138227  Q20  =  -1.063278  Q21c =  -0.145956  Q21s =  -0.347490
                   Q22c =  -0.151100  Q22s =   0.010821

C          x =  8.960190  y =-13.088830  z = -0.862380 angstrom
           Maximum rank =  2   Radius =  0.650 angstrom
                   Q00  =  -0.304338
|Q1| =   0.416092  Q10  =   0.082650  Q11c =  -0.086610  Q11s =  -0.398497
|Q2| =   1.488015  Q20  =  -1.185090  Q21c =  -0.174686  Q21s =  -0.197039
                   Q22c =   0.742423  Q22s =  -0.434991

C          x = 11.721760  y =-15.838080  z = -0.628450 angstrom
           Maximum rank =  2   Radius =  0.650 angstrom
                   Q00  =  -0.312680
|Q1| =   0.435937  Q10  =  -0.037750  Q11c =   0.433772  Q11s =   0.021397
|Q2| =   1.414989  Q20  =  -1.146875  Q21c =  -0.073310  Q21s =  -0.435092
                   Q22c =  -0.655098  Q22s =  -0.251078

C          x = 11.038870  y =-20.330520  z =  0.178380 angstrom
           Maximum rank =  2   Radius =  0.650 angstrom
                   Q00  =  -0.038519
|Q1| =   0.071286  Q10  =  -0.007732  Q11c =   0.069409  Q11s =   0.014292
|Q2| =   1.222265  Q20  =  -1.144877  Q21c =  -0.183574  Q21s =  -0.362835
                   Q22c =  -0.045829  Q22s =   0.125453

C          x = 12.505510  y =-17.009750  z = -0.495740 angstrom
           Maximum rank =  2   Radius =  0.650 angstrom
                   Q00  =   0.022344
|Q1| =   0.021250  Q10  =   0.001889  Q11c =   0.014955  Q11s =  -0.014978
|Q2| =   1.368110  Q20  =  -1.286102  Q21c =  -0.162904  Q21s =  -0.405131
                   Q22c =  -0.149312  Q22s =  -0.068578

H          x = 13.552530  y =-16.769590  z = -0.620330 angstrom
           Maximum rank =  1   Radius =  0.350 angstrom
                   Q00  =   0.092428
|Q1| =   0.071425  Q10  =   0.011871  Q11c =  -0.054416  Q11s =  -0.044717

C          x =  4.364240  y =-14.450770  z =  2.332650 angstrom
           Maximum rank =  2   Radius =  0.650 angstrom
                   Q00  =  -0.032512
|Q1| =   0.075415  Q10  =  -0.004245  Q11c =   0.003934  Q11s =   0.075193
|Q2| =   1.412324  Q20  =   0.528284  Q21c =  -0.470834  Q21s =  -0.011292
                   Q22c =  -1.202867  Q22s =   0.216503

H          x =  4.242340  y =-15.510650  z =  2.529840 angstrom
           Maximum rank =  1   Radius =  0.350 angstrom
                   Q00  =   0.048786
|Q1| =   0.115227  Q10  =  -0.019043  Q11c =   0.014070  Q11s =   0.112768

C          x = 10.869160  y =-18.878570  z = -0.051440 angstrom
           Maximum rank =  2   Radius =  0.650 angstrom
                   Q00  =   0.192403
|Q1| =   0.029341  Q10  =   0.000036  Q11c =  -0.025702  Q11s =   0.014153
|Q2| =   0.763978  Q20  =  -0.693077  Q21c =  -0.067248  Q21s =  -0.169536
                   Q22c =   0.106188  Q22s =  -0.242416

C          x = 13.121160  y =-11.916940  z = -1.393470 angstrom
           Maximum rank =  2   Radius =  0.650 angstrom
                   Q00  =   0.170484
|Q1| =   0.143214  Q10  =   0.008931  Q11c =  -0.142343  Q11s =   0.012991
|Q2| =   0.144918  Q20  =  -0.079940  Q21c =  -0.032770  Q21s =  -0.026500
                   Q22c =   0.035691  Q22s =   0.107521

H          x = 13.691780  y =-12.146450  z = -0.489100 angstrom
           Maximum rank =  1   Radius =  0.350 angstrom
                   Q00  =   0.047936
|Q1| =   0.112935  Q10  =  -0.071680  Q11c =  -0.086743  Q11s =  -0.009588

H          x = 13.557770  y =-12.440710  z = -2.248620 angstrom
           Maximum rank =  1   Radius =  0.350 angstrom
                   Q00  =   0.047247
|Q1| =   0.113371  Q10  =   0.083501  Q11c =  -0.074925  Q11s =   0.016335

C          x = 15.278000  y =-18.193660  z = -0.523700 angstrom
           Maximum rank =  2   Radius =  0.650 angstrom
                   Q00  =   0.060991
|Q1| =   0.100846  Q10  =   0.018109  Q11c =  -0.016172  Q11s =  -0.097880
|Q2| =   1.201537  Q20  =  -0.659098  Q21c =  -0.203351  Q21s =  -0.340920
                   Q22c =  -0.416377  Q22s =   0.823610

C          x =  2.946320  y =-14.198400  z = -3.817520 angstrom
           Maximum rank =  2   Radius =  0.650 angstrom
                   Q00  =  -0.078363
|Q1| =   0.121926  Q10  =   0.089183  Q11c =   0.064887  Q11s =   0.051981
|Q2| =   1.149136  Q20  =   0.333475  Q21c =  -0.087517  Q21s =   0.712286
                   Q22c =   0.728309  Q22s =   0.404800

C          x = 12.219270  y =-18.325190  z = -0.252780 angstrom
           Maximum rank =  2   Radius =  0.650 angstrom
                   Q00  =  -0.066301
|Q1| =   0.063341  Q10  =   0.011937  Q11c =  -0.029664  Q11s =  -0.054677
|Q2| =   1.339236  Q20  =  -1.249853  Q21c =  -0.168684  Q21s =  -0.408497
                   Q22c =  -0.189317  Q22s =   0.015989

C          x =  4.396330  y =-12.192080  z =  3.082250 angstrom
           Maximum rank =  2   Radius =  0.650 angstrom
                   Q00  =  -0.032996
|Q1| =   0.074835  Q10  =  -0.049766  Q11c =   0.007194  Q11s =  -0.055424
|Q2| =   1.404470  Q20  =   0.613518  Q21c =  -0.469162  Q21s =   0.152663
                   Q22c =  -1.149926  Q22s =   0.174311

H          x =  4.301040  y =-11.456170  z =  3.873310 angstrom
           Maximum rank =  1   Radius =  0.350 angstrom
                   Q00  =   0.045215
|Q1| =   0.117229  Q10  =  -0.086818  Q11c =   0.010744  Q11s =  -0.078037

C          x = 10.433120  y =-22.583490  z =  0.604720 angstrom
           Maximum rank =  2   Radius =  0.650 angstrom
                   Q00  =  -0.304034
|Q1| =   0.625710  Q10  =  -0.107398  Q11c =   0.441263  Q11s =   0.430426
|Q2| =   1.075299  Q20  =  -0.881818  Q21c =  -0.030438  Q21s =  -0.215342
                   Q22c =   0.003686  Q22s =  -0.575632

C          x = 10.055080  y =-21.262760  z =  0.413940 angstrom
           Maximum rank =  2   Radius =  0.650 angstrom
                   Q00  =   0.008268
|Q1| =   0.100583  Q10  =  -0.014161  Q11c =   0.089980  Q11s =   0.042661
|Q2| =   1.314075  Q20  =  -1.241463  Q21c =  -0.151910  Q21s =  -0.343645
                   Q22c =   0.072965  Q22s =  -0.197661

H          x =  9.014110  y =-20.969720  z =  0.448750 angstrom
           Maximum rank =  1   Radius =  0.350 angstrom
                   Q00  =   0.087621
|Q1| =   0.095709  Q10  =  -0.008778  Q11c =   0.095025  Q11s =   0.007299

C          x =  3.087490  y =-13.236920  z = -1.600730 angstrom
           Maximum rank =  2   Radius =  0.650 angstrom
                   Q00  =  -0.051345
|Q1| =   0.103846  Q10  =  -0.042971  Q11c =   0.093977  Q11s =  -0.010293
|Q2| =   1.487324  Q20  =   0.564725  Q21c =  -0.191645  Q21s =   0.836091
                   Q22c =   0.953896  Q22s =   0.497518

H          x =  2.595000  y =-12.976980  z = -0.671620 angstrom
           Maximum rank =  1   Radius =  0.350 angstrom
                   Q00  =   0.074295
|Q1| =   0.106247  Q10  =  -0.058532  Q11c =   0.087113  Q11s =  -0.016551

C          x =  4.224380  y =-13.537820  z =  3.376700 angstrom
           Maximum rank =  2   Radius =  0.650 angstrom
                   Q00  =  -0.077768
|Q1| =   0.121355  Q10  =  -0.112024  Q11c =   0.028627  Q11s =   0.036853
|Q2| =   1.147174  Q20  =   0.558428  Q21c =  -0.412930  Q21s =  -0.018712
                   Q22c =  -0.898574  Q22s =   0.160838

C          x =  4.304550  y =-13.945320  z = -3.969620 angstrom
           Maximum rank =  2   Radius =  0.650 angstrom
                   Q00  =  -0.032639
|Q1| =   0.075178  Q10  =   0.062613  Q11c =  -0.039709  Q11s =   0.012429
|Q2| =   1.403293  Q20  =   0.444595  Q21c =  -0.282769  Q21s =   0.848703
                   Q22c =   0.894097  Q22s =   0.414609

H          x =  4.797630  y =-14.217280  z = -4.896730 angstrom
           Maximum rank =  1   Radius =  0.350 angstrom
                   Q00  =   0.046256
|Q1| =   0.116757  Q10  =   0.100059  Q11c =  -0.052653  Q11s =   0.029120

C          x = 12.391480  y =-20.659620  z =  0.124360 angstrom
           Maximum rank =  2   Radius =  0.650 angstrom
                   Q00  =  -0.019782
|Q1| =   0.080404  Q10  =  -0.002474  Q11c =  -0.064798  Q11s =   0.047538
|Q2| =   1.232599  Q20  =  -1.155465  Q21c =  -0.150365  Q21s =  -0.370916
                   Q22c =  -0.152042  Q22s =  -0.029926

C          x = 13.178560  y =-19.426220  z = -0.146040 angstrom
           Maximum rank =  2   Radius =  0.650 angstrom
                   Q00  =   0.032157
|Q1| =   0.043841  Q10  =   0.006641  Q11c =  -0.038822  Q11s =  -0.019256
|Q2| =   1.162570  Q20  =  -1.075959  Q21c =  -0.178190  Q21s =  -0.271511
                   Q22c =   0.297091  Q22s =  -0.012114

C          x =  2.151180  y =-14.873780  z = -4.901940 angstrom
           Maximum rank =  2   Radius =  0.650 angstrom
                   Q00  =   0.023056
|Q1| =   0.022589  Q10  =   0.012312  Q11c =   0.012011  Q11s =   0.014643
|Q2| =   0.104453  Q20  =   0.040475  Q21c =   0.065646  Q21s =   0.056096
                   Q22c =   0.026165  Q22s =   0.033639

H          x =  2.594090  y =-14.702550  z = -5.884140 angstrom
           Maximum rank =  1   Radius =  0.350 angstrom
                   Q00  =   0.024942
|Q1| =   0.125220  Q10  =   0.124335  Q11c =  -0.013449  Q11s =   0.006322

H          x =  1.122700  y =-14.509470  z = -4.925780 angstrom
           Maximum rank =  1   Radius =  0.350 angstrom
                   Q00  =   0.025483
|Q1| =   0.125290  Q10  =   0.038276  Q11c =   0.118808  Q11s =  -0.010825

C          x =  2.351480  y =-13.828860  z = -2.614120 angstrom
           Maximum rank =  2   Radius =  0.650 angstrom
                   Q00  =  -0.033655
|Q1| =   0.076880  Q10  =  -0.016079  Q11c =   0.075163  Q11s =   0.001602
|Q2| =   1.412219  Q20  =   0.307942  Q21c =  -0.219183  Q21s =   0.794112
                   Q22c =   0.987506  Q22s =   0.495695

H          x =  1.292250  y =-14.009730  z = -2.464810 angstrom
           Maximum rank =  1   Radius =  0.350 angstrom
                   Q00  =   0.046385
|Q1| =   0.117082  Q10  =  -0.017455  Q11c =   0.114151  Q11s =   0.019312

C          x =  3.881590  y =-14.001010  z =  4.766760 angstrom
           Maximum rank =  2   Radius =  0.650 angstrom
                   Q00  =   0.023223
|Q1| =   0.023260  Q10  =  -0.016739  Q11c =   0.010461  Q11s =   0.012303
|Q2| =   0.103906  Q20  =   0.089821  Q21c =  -0.030111  Q21s =  -0.039034
                   Q22c =  -0.016946  Q22s =   0.003332

H          x =  4.472770  y =-14.874110  z =  5.050360 angstrom
           Maximum rank =  1   Radius =  0.350 angstrom
                   Q00  =   0.028345
|Q1| =   0.123799  Q10  =  -0.071522  Q11c =  -0.041464  Q11s =   0.092149

H          x =  4.063510  y =-13.216600  z =  5.502370 angstrom
           Maximum rank =  1   Radius =  0.350 angstrom
                   Q00  =   0.024053
|Q1| =   0.125037  Q10  =  -0.111848  Q11c =  -0.005280  Q11s =  -0.055645

C          x = 11.785680  y =-22.933940  z =  0.554260 angstrom
           Maximum rank =  2   Radius =  0.650 angstrom
                   Q00  =  -0.298217
|Q1| =   0.615428  Q10  =  -0.084121  Q11c =  -0.169181  Q11s =   0.585707
|Q2| =   1.093338  Q20  =  -0.872246  Q21c =  -0.214879  Q21s =  -0.197026
                   Q22c =   0.520793  Q22s =   0.279924

C          x = 12.770140  y =-21.981100  z =  0.315180 angstrom
           Maximum rank =  2   Radius =  0.650 angstrom
                   Q00  =  -0.007003
|Q1| =   0.090086  Q10  =  -0.005602  Q11c =  -0.061733  Q11s =   0.065369
|Q2| =   1.373352  Q20  =  -1.295506  Q21c =  -0.199848  Q21s =  -0.351727
                   Q22c =   0.208584  Q22s =  -0.024521

H          x = 13.797650  y =-22.307000  z =  0.286840 angstrom
           Maximum rank =  1   Radius =  0.350 angstrom
                   Q00  =   0.097670
|Q1| =   0.079156  Q10  =  -0.006294  Q11c =  -0.049394  Q11s =   0.061533

C          x = 14.539590  y =-19.385880  z = -0.263430 angstrom
           Maximum rank =  2   Radius =  0.650 angstrom
                   Q00  =  -0.019685
|Q1| =   0.024369  Q10  =  -0.001673  Q11c =   0.024311  Q11s =  -0.000199
|Q2| =   1.306503  Q20  =  -1.237585  Q21c =  -0.188895  Q21s =  -0.348366
                   Q22c =   0.134523  Q22s =  -0.014037

N          x = 16.063490  y =-21.450030  z = -0.041190 angstrom
           Maximum rank =  2   Radius =  0.650 angstrom
                   Q00  =  -0.220916
|Q1| =   0.561194  Q10  =  -0.051627  Q11c =  -0.313804  Q11s =   0.462386
|Q2| =   0.621417  Q20  =  -0.333409  Q21c =   0.044662  Q21s =  -0.069688
                   Q22c =  -0.077193  Q22s =  -0.512042

C          x = 15.368980  y =-20.539290  z = -0.137420 angstrom
           Maximum rank =  2   Radius =  0.650 angstrom
                   Q00  =   0.057871
|Q1| =   0.106414  Q10  =  -0.014334  Q11c =  -0.028557  Q11s =   0.101504
|Q2| =   1.210836  Q20  =  -0.698210  Q21c =   0.078120  Q21s =  -0.176904
                   Q22c =  -0.273342  Q22s =  -0.930867

H          x = -2.645970  y = -7.915310  z = -0.767880 angstrom
           Maximum rank =  1   Radius =  0.350 angstrom
                   Q00  =   0.050111
|Q1| =   0.103512  Q10  =  -0.018766  Q11c =   0.046208  Q11s =   0.090705

H          x =  8.387590  y = -2.805500  z =  2.400720 angstrom
           Maximum rank =  1   Radius =  0.350 angstrom
                   Q00  =   0.031852
|Q1| =   0.123354  Q10  =  -0.021071  Q11c =  -0.029395  Q11s =  -0.117932

H          x =  2.112050  y =-15.955240  z = -4.742740 angstrom
           Maximum rank =  1   Radius =  0.350 angstrom
                   Q00  =   0.031710
|Q1| =   0.123512  Q10  =   0.021203  Q11c =   0.029507  Q11s =   0.118047

H          x = 13.146550  y =-10.845530  z = -1.574580 angstrom
           Maximum rank =  1   Radius =  0.350 angstrom
                   Q00  =   0.050054
|Q1| =   0.103565  Q10  =   0.018910  Q11c =  -0.046222  Q11s =  -0.090728

H          x =  7.673160  y = -4.477620  z = -7.180300 angstrom
           Maximum rank =  1   Radius =  0.350 angstrom
                   Q00  =   0.030294
|Q1| =   0.124395  Q10  =   0.051843  Q11c =  -0.105898  Q11s =  -0.039648

H          x =  2.827620  y =-14.284050  z =  4.837510 angstrom
           Maximum rank =  1   Radius =  0.350 angstrom
                   Q00  =   0.030576
|Q1| =   0.124108  Q10  =  -0.051579  Q11c =   0.105693  Q11s =   0.039640

Total multipoles referred to origin at
           x =   0.000000,  y =    0.000000,  z =    0.000000 angstrom
                   Q00  =  -0.000033
|Q1| =   0.109898  Q10  =   0.074729  Q11c =   0.040753  Q11s =  -0.069515
|Q2| = 333.703011  Q20  = 157.916778  Q21c = -31.417561  Q21s =  30.914995
                   Q22c =  45.733897  Q22s = 287.028921

CPU time used:     86m11.340s          Total:     86m11.340s

Finished at 2:53:18 on 27 Jun 2021  
