                                     G D M A

                                 by Anthony Stone

                         version 2.2.11, 04 February 2015

               Distributed Multipoles from Gaussian wavefunctions


Starting at 1:24:4 on 27 Jun 2021   

s1S0



Using CI density matrix from file sN_x.fchk


                         Distributed Multipole Analysis

Standard DMA for products of primitives with exponent greater than 4.00000
Using 80-point Euler-MacLaurin radial quadrature
Using 590-point Lebedev quadrature
Becke smoothing parameter = 3

Positions and radii in angstrom
Multipole moments in atomic units, ea_0^k for rank k

S          x =  1.441470  y = -7.401430  z = -1.176460 angstrom
           Maximum rank =  2   Radius =  0.650 angstrom
                   Q00  =   0.784584
|Q1| =   1.010080  Q10  =  -0.184608  Q11c =   0.691084  Q11s =   0.713151
|Q2| =   2.412567  Q20  =  -2.122025  Q21c =  -0.190628  Q21s =  -0.504658
                   Q22c =   0.363393  Q22s =  -0.945735

Cl         x =  1.293740  y =  5.007950  z = -3.244790 angstrom
           Maximum rank =  2   Radius =  0.650 angstrom
                   Q00  =   0.287606
|Q1| =   0.817670  Q10  =   0.140598  Q11c =  -0.578319  Q11s =  -0.560680
|Q2| =   2.199819  Q20  =  -1.018660  Q21c =  -0.462260  Q21s =  -0.456951
                   Q22c =   0.035646  Q22s =   1.837872

N          x = -5.390100  y = -1.517360  z = -1.609450 angstrom
           Maximum rank =  2   Radius =  0.650 angstrom
                   Q00  =  -0.230234
|Q1| =   0.571209  Q10  =  -0.104776  Q11c =   0.270227  Q11s =   0.492219
|Q2| =   0.620028  Q20  =  -0.302403  Q21c =  -0.117263  Q21s =  -0.155232
                   Q22c =  -0.127636  Q22s =   0.488721

S          x =  0.507520  y = -3.136520  z = -1.818350 angstrom
           Maximum rank =  2   Radius =  0.650 angstrom
                   Q00  =   0.806361
|Q1| =   0.917306  Q10  =   0.138947  Q11c =  -0.781071  Q11s =  -0.460512
|Q2| =   2.449381  Q20  =  -2.163093  Q21c =  -0.155019  Q21s =  -0.692937
                   Q22c =  -0.601845  Q22s =  -0.673862

Cl         x = -1.784240  y =  5.814990  z = -3.131540 angstrom
           Maximum rank =  2   Radius =  0.650 angstrom
                   Q00  =   0.293579
|Q1| =   0.812984  Q10  =   0.112606  Q11c =   0.214665  Q11s =  -0.776004
|Q2| =   2.186478  Q20  =  -1.069956  Q21c =   0.135827  Q21s =  -0.500221
                   Q22c =  -1.540660  Q22s =  -0.996782

C          x =  2.847770  y = -5.272330  z = -1.663020 angstrom
           Maximum rank =  2   Radius =  0.650 angstrom
                   Q00  =  -0.046537
|Q1| =   0.102221  Q10  =  -0.012673  Q11c =  -0.008747  Q11s =  -0.101055
|Q2| =   1.482248  Q20  =  -1.385340  Q21c =  -0.237386  Q21s =  -0.464157
                   Q22c =  -0.040588  Q22s =  -0.066701

H          x =  3.122760  y = -4.247480  z = -1.871390 angstrom
           Maximum rank =  1   Radius =  0.350 angstrom
                   Q00  =   0.087542
|Q1| =   0.093610  Q10  =   0.014077  Q11c =  -0.015491  Q11s =  -0.091240

C          x =  3.976740  y = -9.964460  z = -0.948240 angstrom
           Maximum rank =  2   Radius =  0.650 angstrom
                   Q00  =  -0.017945
|Q1| =   0.106635  Q10  =  -0.046422  Q11c =   0.089479  Q11s =   0.034777
|Q2| =   1.453222  Q20  =  -1.380940  Q21c =  -0.196138  Q21s =  -0.406770
                   Q22c =  -0.006232  Q22s =  -0.029781

H          x =  2.998790  y =-10.400360  z = -0.783380 angstrom
           Maximum rank =  1   Radius =  0.350 angstrom
                   Q00  =   0.083169
|Q1| =   0.103030  Q10  =  -0.017900  Q11c =   0.099196  Q11s =   0.021328

C          x =  5.844110  y = -4.730710  z = -3.390120 angstrom
           Maximum rank =  2   Radius =  0.650 angstrom
                   Q00  =  -0.049144
|Q1| =   0.102164  Q10  =  -0.014625  Q11c =  -0.003365  Q11s =  -0.101056
|Q2| =   1.476343  Q20  =   0.751792  Q21c =  -0.434729  Q21s =   0.092298
                   Q22c =  -1.167999  Q22s =   0.229490

H          x =  5.753280  y = -3.994650  z = -2.600180 angstrom
           Maximum rank =  1   Radius =  0.350 angstrom
                   Q00  =   0.074284
|Q1| =   0.105787  Q10  =  -0.037304  Q11c =   0.009699  Q11s =  -0.098515

O          x = -1.253330  y = -6.504560  z = -1.110140 angstrom
           Maximum rank =  2   Radius =  0.650 angstrom
                   Q00  =  -0.392224
|Q1| =   0.519051  Q10  =  -0.047207  Q11c =  -0.302997  Q11s =   0.418782
|Q2| =   1.135378  Q20  =  -0.651031  Q21c =  -0.228174  Q21s =  -0.282652
                   Q22c =  -0.071233  Q22s =   0.853354

C          x =  5.808730  y = -6.995640  z = -4.135890 angstrom
           Maximum rank =  2   Radius =  0.650 angstrom
                   Q00  =  -0.034765
|Q1| =   0.097376  Q10  =   0.045085  Q11c =  -0.023167  Q11s =   0.083143
|Q2| =   1.472054  Q20  =   0.596697  Q21c =  -0.496168  Q21s =  -0.092632
                   Q22c =  -1.226892  Q22s =   0.225541

H          x =  5.674170  y = -8.053100  z = -3.949700 angstrom
           Maximum rank =  1   Radius =  0.350 angstrom
                   Q00  =   0.077072
|Q1| =   0.098345  Q10  =   0.042863  Q11c =   0.006130  Q11s =   0.088301

C          x =  5.262760  y = -6.509170  z = -1.679990 angstrom
           Maximum rank =  2   Radius =  0.650 angstrom
                   Q00  =  -0.009584
|Q1| =   0.059997  Q10  =   0.011243  Q11c =  -0.046877  Q11s =  -0.035718
|Q2| =   0.189173  Q20  =   0.019063  Q21c =   0.035396  Q21s =  -0.077054
                   Q22c =   0.025225  Q22s =   0.166122

O          x =  0.686390  y = -0.476870  z = -2.276020 angstrom
           Maximum rank =  2   Radius =  0.650 angstrom
                   Q00  =  -0.415951
|Q1| =   0.557237  Q10  =  -0.022656  Q11c =  -0.437239  Q11s =   0.344705
|Q2| =   0.974912  Q20  =  -0.168459  Q21c =   0.041630  Q21s =   0.121296
                   Q22c =   0.657509  Q22s =  -0.687977

C          x =  5.455500  y = -5.410490  z =  0.615470 angstrom
           Maximum rank =  2   Radius =  0.650 angstrom
                   Q00  =  -0.033507
|Q1| =   0.097220  Q10  =  -0.067401  Q11c =   0.065860  Q11s =  -0.023903
|Q2| =   1.455300  Q20  =   0.322920  Q21c =  -0.111652  Q21s =   0.843229
                   Q22c =   1.014399  Q22s =   0.510994

H          x =  4.400460  y = -5.596850  z =  0.771900 angstrom
           Maximum rank =  1   Radius =  0.350 angstrom
                   Q00  =   0.077218
|Q1| =   0.100394  Q10  =  -0.065273  Q11c =   0.076207  Q11s =  -0.003299

C          x =  4.119540  y = -8.604060  z = -1.206900 angstrom
           Maximum rank =  2   Radius =  0.650 angstrom
                   Q00  =  -0.025130
|Q1| =   0.118838  Q10  =  -0.017198  Q11c =   0.100298  Q11s =   0.061376
|Q2| =   1.283696  Q20  =  -1.171697  Q21c =  -0.151818  Q21s =  -0.407910
                   Q22c =  -0.276417  Q22s =  -0.095691

C          x = -1.841480  y = -4.142790  z = -1.459430 angstrom
           Maximum rank =  2   Radius =  0.650 angstrom
                   Q00  =  -0.063913
|Q1| =   0.096017  Q10  =  -0.009392  Q11c =   0.095257  Q11s =   0.007557
|Q2| =   1.525563  Q20  =  -1.447199  Q21c =  -0.196204  Q21s =  -0.404281
                   Q22c =   0.112797  Q22s =  -0.135262

H          x = -2.914680  y = -4.220590  z = -1.359850 angstrom
           Maximum rank =  1   Radius =  0.350 angstrom
                   Q00  =   0.074598
|Q1| =   0.098235  Q10  =  -0.010632  Q11c =   0.096272  Q11s =   0.016397

C          x =  5.119090  y =-10.737490  z = -0.909310 angstrom
           Maximum rank =  2   Radius =  0.650 angstrom
                   Q00  =  -0.040849
|Q1| =   0.086963  Q10  =  -0.047667  Q11c =   0.071188  Q11s =  -0.014923
|Q2| =   1.246356  Q20  =  -1.173376  Q21c =  -0.147203  Q21s =  -0.349406
                   Q22c =  -0.042355  Q22s =  -0.176198

C          x =  0.373760  y = -4.832480  z = -1.523930 angstrom
           Maximum rank =  2   Radius =  0.650 angstrom
                   Q00  =  -0.334634
|Q1| =   0.492508  Q10  =   0.086202  Q11c =  -0.136927  Q11s =  -0.465172
|Q2| =   1.456763  Q20  =  -1.208029  Q21c =  -0.167041  Q21s =  -0.217484
                   Q22c =   0.658783  Q22s =  -0.391953

C          x =  3.755530  y = -6.336830  z = -1.551910 angstrom
           Maximum rank =  2   Radius =  0.650 angstrom
                   Q00  =  -0.071747
|Q1| =   0.109689  Q10  =  -0.038455  Q11c =   0.025749  Q11s =  -0.099448
|Q2| =   1.251043  Q20  =  -1.160625  Q21c =  -0.190847  Q21s =  -0.327990
                   Q22c =   0.169796  Q22s =  -0.212665

C          x =  5.678410  y = -6.084760  z = -3.095360 angstrom
           Maximum rank =  2   Radius =  0.650 angstrom
                   Q00  =  -0.060860
|Q1| =   0.078585  Q10  =   0.003751  Q11c =  -0.077975  Q11s =   0.009025
|Q2| =   1.289282  Q20  =   0.641775  Q21c =  -0.550433  Q21s =  -0.018909
                   Q22c =  -0.945163  Q22s =   0.231747

C          x =  3.145050  y = -7.534270  z = -1.296410 angstrom
           Maximum rank =  2   Radius =  0.650 angstrom
                   Q00  =  -0.338256
|Q1| =   0.610713  Q10  =  -0.086757  Q11c =   0.594125  Q11s =   0.111620
|Q2| =   1.361522  Q20  =  -1.180307  Q21c =  -0.093786  Q21s =  -0.398967
                   Q22c =  -0.385812  Q22s =  -0.379203

C          x =  6.050370  y = -5.772760  z = -0.588240 angstrom
           Maximum rank =  2   Radius =  0.650 angstrom
                   Q00  =  -0.059555
|Q1| =   0.067895  Q10  =   0.012403  Q11c =   0.003543  Q11s =  -0.066659
|Q2| =   1.281159  Q20  =   0.344768  Q21c =  -0.083704  Q21s =   0.834139
                   Q22c =   0.742273  Q22s =   0.518401

C          x = -0.954290  y = -5.211470  z = -1.352140 angstrom
           Maximum rank =  2   Radius =  0.650 angstrom
                   Q00  =   0.077764
|Q1| =   0.126092  Q10  =   0.017724  Q11c =   0.027577  Q11s =  -0.121756
|Q2| =   1.137924  Q20  =  -1.063069  Q21c =  -0.145945  Q21s =  -0.347325
                   Q22c =  -0.150705  Q22s =   0.010391

C          x =  1.540380  y = -5.672030  z = -1.480230 angstrom
           Maximum rank =  2   Radius =  0.650 angstrom
                   Q00  =  -0.304705
|Q1| =   0.416125  Q10  =  -0.082360  Q11c =   0.086109  Q11s =   0.398701
|Q2| =   1.489026  Q20  =  -1.185968  Q21c =  -0.174815  Q21s =  -0.197292
                   Q22c =   0.742731  Q22s =  -0.435370

C          x = -1.221190  y = -2.922780  z = -1.714150 angstrom
           Maximum rank =  2   Radius =  0.650 angstrom
                   Q00  =  -0.313123
|Q1| =   0.436015  Q10  =   0.038008  Q11c =  -0.433847  Q11s =  -0.021009
|Q2| =   1.415827  Q20  =  -1.147639  Q21c =  -0.073278  Q21s =  -0.435294
                   Q22c =  -0.655254  Q22s =  -0.251558

C          x = -0.538250  y =  1.569640  z = -2.520980 angstrom
           Maximum rank =  2   Radius =  0.650 angstrom
                   Q00  =  -0.038498
|Q1| =   0.071168  Q10  =   0.007949  Q11c =  -0.069297  Q11s =  -0.014129
|Q2| =   1.222134  Q20  =  -1.144763  Q21c =  -0.183503  Q21s =  -0.362775
                   Q22c =  -0.045835  Q22s =   0.125499

C          x = -2.004940  y = -1.751110  z = -1.846860 angstrom
           Maximum rank =  2   Radius =  0.650 angstrom
                   Q00  =   0.023871
|Q1| =   0.020974  Q10  =  -0.001489  Q11c =  -0.015107  Q11s =   0.014473
|Q2| =   1.363450  Q20  =  -1.281649  Q21c =  -0.162427  Q21s =  -0.403870
                   Q22c =  -0.149049  Q22s =  -0.068273

H          x = -3.051960  y = -1.991250  z = -1.722260 angstrom
           Maximum rank =  1   Radius =  0.350 angstrom
                   Q00  =   0.092775
|Q1| =   0.071254  Q10  =  -0.011801  Q11c =   0.054286  Q11s =   0.044619

C          x =  6.136320  y = -4.310110  z = -4.675270 angstrom
           Maximum rank =  2   Radius =  0.650 angstrom
                   Q00  =  -0.032663
|Q1| =   0.075474  Q10  =   0.004333  Q11c =  -0.004111  Q11s =  -0.075237
|Q2| =   1.412899  Q20  =   0.528447  Q21c =  -0.470986  Q21s =  -0.011074
                   Q22c =  -1.203422  Q22s =   0.216452

H          x =  6.258210  y = -3.250230  z = -4.872470 angstrom
           Maximum rank =  1   Radius =  0.350 angstrom
                   Q00  =   0.048624
|Q1| =   0.115363  Q10  =   0.019134  Q11c =  -0.014128  Q11s =  -0.112885

C          x = -0.368560  y =  0.117680  z = -2.291170 angstrom
           Maximum rank =  2   Radius =  0.650 angstrom
                   Q00  =   0.192472
|Q1| =   0.029271  Q10  =   0.000212  Q11c =   0.025627  Q11s =  -0.014143
|Q2| =   0.763746  Q20  =  -0.692820  Q21c =  -0.067200  Q21s =  -0.169427
                   Q22c =   0.106310  Q22s =  -0.242457

C          x = -2.620590  y = -6.843900  z = -0.949030 angstrom
           Maximum rank =  2   Radius =  0.650 angstrom
                   Q00  =   0.170504
|Q1| =   0.143069  Q10  =  -0.008814  Q11c =   0.142193  Q11s =  -0.013120
|Q2| =   0.145397  Q20  =  -0.079992  Q21c =  -0.032838  Q21s =  -0.026725
                   Q22c =   0.036309  Q22s =   0.107846

H          x = -3.191260  y = -6.614410  z = -1.853360 angstrom
           Maximum rank =  1   Radius =  0.350 angstrom
                   Q00  =   0.047911
|Q1| =   0.112886  Q10  =   0.071723  Q11c =   0.086649  Q11s =   0.009544

H          x = -3.057140  y = -6.320100  z = -0.093870 angstrom
           Maximum rank =  1   Radius =  0.350 angstrom
                   Q00  =   0.047515
|Q1| =   0.113082  Q10  =  -0.083266  Q11c =   0.074749  Q11s =  -0.016334

C          x = -4.777400  y = -0.567200  z = -1.819010 angstrom
           Maximum rank =  2   Radius =  0.650 angstrom
                   Q00  =   0.061188
|Q1| =   0.101237  Q10  =  -0.017844  Q11c =   0.015912  Q11s =   0.098374
|Q2| =   1.200850  Q20  =  -0.658269  Q21c =  -0.203232  Q21s =  -0.340736
                   Q22c =  -0.416318  Q22s =   0.823406

C          x =  7.554240  y = -4.562470  z =  1.474920 angstrom
           Maximum rank =  2   Radius =  0.650 angstrom
                   Q00  =  -0.078319
|Q1| =   0.121932  Q10  =  -0.089083  Q11c =  -0.064945  Q11s =  -0.052093
|Q2| =   1.148988  Q20  =   0.333578  Q21c =  -0.087595  Q21s =   0.712191
                   Q22c =   0.728169  Q22s =   0.404697

C          x = -1.718680  y = -0.435680  z = -2.089850 angstrom
           Maximum rank =  2   Radius =  0.650 angstrom
                   Q00  =  -0.066390
|Q1| =   0.063836  Q10  =  -0.011765  Q11c =   0.029581  Q11s =   0.055332
|Q2| =   1.339075  Q20  =  -1.249643  Q21c =  -0.168620  Q21s =  -0.408522
                   Q22c =  -0.189576  Q22s =   0.015848

C          x =  6.104210  y = -6.568800  z = -5.424860 angstrom
           Maximum rank =  2   Radius =  0.650 angstrom
                   Q00  =  -0.033151
|Q1| =   0.074911  Q10  =   0.049856  Q11c =  -0.007377  Q11s =   0.055422
|Q2| =   1.405101  Q20  =   0.613626  Q21c =  -0.469258  Q21s =   0.152751
                   Q22c =  -1.150557  Q22s =   0.174512

H          x =  6.199480  y = -7.304710  z = -6.215920 angstrom
           Maximum rank =  1   Radius =  0.350 angstrom
                   Q00  =   0.045010
|Q1| =   0.117409  Q10  =   0.086988  Q11c =  -0.010803  Q11s =   0.078111

C          x =  0.067550  y =  3.822600  z = -2.947280 angstrom
           Maximum rank =  2   Radius =  0.650 angstrom
                   Q00  =  -0.303829
|Q1| =   0.625651  Q10  =   0.107665  Q11c =  -0.441322  Q11s =  -0.430212
|Q2| =   1.074830  Q20  =  -0.881330  Q21c =  -0.030244  Q21s =  -0.215099
                   Q22c =   0.003533  Q22s =  -0.575607

C          x =  0.445560  y =  2.501870  z = -2.756520 angstrom
           Maximum rank =  2   Radius =  0.650 angstrom
                   Q00  =   0.008342
|Q1| =   0.100682  Q10  =   0.014481  Q11c =  -0.090005  Q11s =  -0.042733
|Q2| =   1.313772  Q20  =  -1.241197  Q21c =  -0.151688  Q21s =  -0.343537
                   Q22c =   0.072940  Q22s =  -0.197681

H          x =  1.486530  y =  2.208800  z = -2.791320 angstrom
           Maximum rank =  1   Radius =  0.350 angstrom
                   Q00  =   0.087587
|Q1| =   0.095743  Q10  =   0.008834  Q11c =  -0.095056  Q11s =  -0.007291

C          x =  7.413070  y = -5.523920  z = -0.741890 angstrom
           Maximum rank =  2   Radius =  0.650 angstrom
                   Q00  =  -0.051562
|Q1| =   0.103945  Q10  =   0.043084  Q11c =  -0.094049  Q11s =   0.010153
|Q2| =   1.488056  Q20  =   0.565203  Q21c =  -0.191641  Q21s =   0.836572
                   Q22c =   0.954235  Q22s =   0.497708

H          x =  7.905550  y = -5.783840  z = -1.671000 angstrom
           Maximum rank =  1   Radius =  0.350 angstrom
                   Q00  =   0.074055
|Q1| =   0.106442  Q10  =   0.058670  Q11c =  -0.087257  Q11s =   0.016552

C          x =  6.276170  y = -5.223060  z = -5.719310 angstrom
           Maximum rank =  2   Radius =  0.650 angstrom
                   Q00  =  -0.078087
|Q1| =   0.121364  Q10  =   0.112011  Q11c =  -0.028760  Q11s =  -0.036819
|Q2| =   1.148195  Q20  =   0.559075  Q21c =  -0.413302  Q21s =  -0.018906
                   Q22c =  -0.899271  Q22s =   0.161004

C          x =  6.196020  y = -4.815580  z =  1.627020 angstrom
           Maximum rank =  2   Radius =  0.650 angstrom
                   Q00  =  -0.032419
|Q1| =   0.075061  Q10  =  -0.062477  Q11c =   0.039669  Q11s =  -0.012535
|Q2| =   1.402494  Q20  =   0.444374  Q21c =  -0.282666  Q21s =   0.848121
                   Q22c =   0.893607  Q22s =   0.414465

H          x =  5.702940  y = -4.543640  z =  2.554150 angstrom
           Maximum rank =  1   Radius =  0.350 angstrom
                   Q00  =   0.046553
|Q1| =   0.116497  Q10  =  -0.099834  Q11c =   0.052528  Q11s =  -0.029079

C          x = -1.890850  y =  1.898760  z = -2.466970 angstrom
           Maximum rank =  2   Radius =  0.650 angstrom
                   Q00  =  -0.019762
|Q1| =   0.080346  Q10  =   0.002734  Q11c =   0.064714  Q11s =  -0.047540
|Q2| =   1.232387  Q20  =  -1.155256  Q21c =  -0.150359  Q21s =  -0.370815
                   Q22c =  -0.152177  Q22s =  -0.029856

C          x = -2.677950  y =  0.665370  z = -2.196590 angstrom
           Maximum rank =  2   Radius =  0.650 angstrom
                   Q00  =   0.032834
|Q1| =   0.044350  Q10  =  -0.006431  Q11c =   0.039499  Q11s =   0.019115
|Q2| =   1.160537  Q20  =  -1.073956  Q21c =  -0.177856  Q21s =  -0.270871
                   Q22c =   0.297173  Q22s =  -0.012215

C          x =  8.349350  y = -3.887070  z =  2.559360 angstrom
           Maximum rank =  2   Radius =  0.650 angstrom
                   Q00  =   0.023061
|Q1| =   0.022584  Q10  =  -0.012196  Q11c =  -0.012087  Q11s =  -0.014669
|Q2| =   0.104557  Q20  =   0.040379  Q21c =   0.065882  Q21s =   0.056265
                   Q22c =   0.026061  Q22s =   0.033410

H          x =  7.906990  y = -4.059160  z =  3.541660 angstrom
           Maximum rank =  1   Radius =  0.350 angstrom
                   Q00  =   0.025213
|Q1| =   0.124990  Q10  =  -0.124122  Q11c =   0.013309  Q11s =  -0.006260

H          x =  9.378110  y = -4.250630  z =  2.582550 angstrom
           Maximum rank =  1   Radius =  0.350 angstrom
                   Q00  =   0.025367
|Q1| =   0.125374  Q10  =  -0.038151  Q11c =  -0.118943  Q11s =   0.010753

C          x =  8.149070  y = -4.931980  z =  0.271520 angstrom
           Maximum rank =  2   Radius =  0.650 angstrom
                   Q00  =  -0.033822
|Q1| =   0.076962  Q10  =   0.016213  Q11c =  -0.075215  Q11s =  -0.001719
|Q2| =   1.412808  Q20  =   0.308056  Q21c =  -0.219125  Q21s =   0.794457
                   Q22c =   0.987919  Q22s =   0.495948

H          x =  9.208290  y = -4.751090  z =  0.122200 angstrom
           Maximum rank =  1   Radius =  0.350 angstrom
                   Q00  =   0.046145
|Q1| =   0.117294  Q10  =   0.017538  Q11c =  -0.114348  Q11s =  -0.019358

C          x =  6.619000  y = -4.759890  z = -7.109370 angstrom
           Maximum rank =  2   Radius =  0.650 angstrom
                   Q00  =   0.023204
|Q1| =   0.023450  Q10  =   0.016911  Q11c =  -0.010591  Q11s =  -0.012318
|Q2| =   0.103152  Q20  =   0.089246  Q21c =  -0.029694  Q21s =  -0.038721
                   Q22c =  -0.016827  Q22s =   0.003355

H          x =  6.028400  y = -3.886320  z = -7.392710 angstrom
           Maximum rank =  1   Radius =  0.350 angstrom
                   Q00  =   0.028210
|Q1| =   0.123946  Q10  =   0.071639  Q11c =   0.041378  Q11s =  -0.092295

H          x =  6.436350  y = -5.544060  z = -7.845070 angstrom
           Maximum rank =  1   Radius =  0.350 angstrom
                   Q00  =   0.023854
|Q1| =   0.125257  Q10  =   0.112076  Q11c =   0.005284  Q11s =   0.055681

C          x = -1.285000  y =  4.173080  z = -2.896820 angstrom
           Maximum rank =  2   Radius =  0.650 angstrom
                   Q00  =  -0.298055
|Q1| =   0.615486  Q10  =   0.084418  Q11c =   0.169217  Q11s =  -0.585715
|Q2| =   1.092866  Q20  =  -0.871584  Q21c =  -0.214862  Q21s =  -0.196616
                   Q22c =   0.521064  Q22s =   0.279939

C          x = -2.269480  y =  3.220250  z = -2.657760 angstrom
           Maximum rank =  2   Radius =  0.650 angstrom
                   Q00  =  -0.006517
|Q1| =   0.089961  Q10  =   0.005902  Q11c =   0.061628  Q11s =  -0.065270
|Q2| =   1.371658  Q20  =  -1.293925  Q21c =  -0.199695  Q21s =  -0.351142
                   Q22c =   0.208356  Q22s =  -0.024715

H          x = -3.296980  y =  3.546170  z = -2.629420 angstrom
           Maximum rank =  1   Radius =  0.350 angstrom
                   Q00  =   0.097904
|Q1| =   0.078996  Q10  =   0.006331  Q11c =   0.049290  Q11s =  -0.061406

C          x = -4.038980  y =  0.625030  z = -2.079240 angstrom
           Maximum rank =  2   Radius =  0.650 angstrom
                   Q00  =  -0.018593
|Q1| =   0.025000  Q10  =   0.001993  Q11c =  -0.024920  Q11s =   0.000228
|Q2| =   1.303213  Q20  =  -1.234457  Q21c =  -0.188420  Q21s =  -0.347383
                   Q22c =   0.134568  Q22s =  -0.013932

N          x = -5.562920  y =  2.689160  z = -2.301470 angstrom
           Maximum rank =  2   Radius =  0.650 angstrom
                   Q00  =  -0.219267
|Q1| =   0.560283  Q10  =   0.051935  Q11c =   0.312965  Q11s =  -0.461815
|Q2| =   0.620490  Q20  =  -0.332348  Q21c =   0.044629  Q21s =  -0.069176
                   Q22c =  -0.076903  Q22s =  -0.511724

C          x = -4.868380  y =  1.778430  z = -2.205240 angstrom
           Maximum rank =  2   Radius =  0.650 angstrom
                   Q00  =   0.058048
|Q1| =   0.106777  Q10  =   0.014725  Q11c =   0.028389  Q11s =  -0.101875
|Q2| =   1.210261  Q20  =  -0.697461  Q21c =   0.078210  Q21s =  -0.176649
                   Q22c =  -0.273324  Q22s =  -0.930727

S          x =  9.059100  y =-11.359430  z = -1.166140 angstrom
           Maximum rank =  2   Radius =  0.650 angstrom
                   Q00  =   0.783220
|Q1| =   1.011510  Q10  =   0.184783  Q11c =  -0.691855  Q11s =  -0.714383
|Q2| =   2.417005  Q20  =  -2.125806  Q21c =  -0.190944  Q21s =  -0.505607
                   Q22c =   0.364013  Q22s =  -0.947765

Cl         x =  9.206950  y =-23.768850  z =  0.902260 angstrom
           Maximum rank =  2   Radius =  0.650 angstrom
                   Q00  =   0.287180
|Q1| =   0.818075  Q10  =  -0.140788  Q11c =   0.578193  Q11s =   0.561354
|Q2| =   2.200220  Q20  =  -1.019177  Q21c =  -0.462405  Q21s =  -0.457085
                   Q22c =   0.035998  Q22s =   1.837989

N          x = 15.890720  y =-17.243500  z = -0.733180 angstrom
           Maximum rank =  2   Radius =  0.650 angstrom
                   Q00  =  -0.233764
|Q1| =   0.573187  Q10  =   0.105043  Q11c =  -0.272172  Q11s =  -0.493389
|Q2| =   0.621915  Q20  =  -0.304746  Q21c =  -0.117598  Q21s =  -0.156066
                   Q22c =  -0.128320  Q22s =   0.489138

S          x =  9.993050  y =-15.624350  z = -0.524260 angstrom
           Maximum rank =  2   Radius =  0.650 angstrom
                   Q00  =   0.804694
|Q1| =   0.918476  Q10  =  -0.139224  Q11c =   0.782020  Q11s =   0.461149
|Q2| =   2.457094  Q20  =  -2.170427  Q21c =  -0.155784  Q21s =  -0.695196
                   Q22c =  -0.602959  Q22s =  -0.674857

Cl         x = 12.284950  y =-24.575840  z =  0.789010 angstrom
           Maximum rank =  2   Radius =  0.650 angstrom
                   Q00  =   0.292103
|Q1| =   0.815105  Q10  =  -0.112898  Q11c =  -0.215946  Q11s =   0.777829
|Q2| =   2.186400  Q20  =  -1.070221  Q21c =   0.135708  Q21s =  -0.500388
                   Q22c =  -1.540654  Q22s =  -0.996269

C          x =  7.652790  y =-13.488530  z = -0.679590 angstrom
           Maximum rank =  2   Radius =  0.650 angstrom
                   Q00  =  -0.046574
|Q1| =   0.102147  Q10  =   0.012547  Q11c =   0.009581  Q11s =   0.100920
|Q2| =   1.482751  Q20  =  -1.385860  Q21c =  -0.237521  Q21s =  -0.464206
                   Q22c =  -0.039934  Q22s =  -0.066673

H          x =  7.377810  y =-14.513380  z = -0.471210 angstrom
           Maximum rank =  1   Radius =  0.350 angstrom
                   Q00  =   0.087750
|Q1| =   0.093493  Q10  =  -0.014066  Q11c =   0.015416  Q11s =   0.091134

C          x =  6.523830  y = -8.796400  z = -1.394370 angstrom
           Maximum rank =  2   Radius =  0.650 angstrom
                   Q00  =  -0.017870
|Q1| =   0.106769  Q10  =   0.046408  Q11c =  -0.089565  Q11s =  -0.034987
|Q2| =   1.453247  Q20  =  -1.380967  Q21c =  -0.196152  Q21s =  -0.406783
                   Q22c =  -0.006328  Q22s =  -0.029478

H          x =  7.501770  y = -8.360510  z = -1.559220 angstrom
           Maximum rank =  1   Radius =  0.350 angstrom
                   Q00  =   0.082914
|Q1| =   0.103238  Q10  =   0.017930  Q11c =  -0.099397  Q11s =  -0.021376

C          x =  4.656460  y =-14.030160  z =  1.047500 angstrom
           Maximum rank =  2   Radius =  0.650 angstrom
                   Q00  =  -0.049054
|Q1| =   0.102113  Q10  =   0.014575  Q11c =   0.002950  Q11s =   0.101025
|Q2| =   1.476027  Q20  =   0.751435  Q21c =  -0.434577  Q21s =   0.092328
                   Q22c =  -1.167857  Q22s =   0.229627

H          x =  4.747280  y =-14.766220  z =  0.257560 angstrom
           Maximum rank =  1   Radius =  0.350 angstrom
                   Q00  =   0.074373
|Q1| =   0.105702  Q10  =   0.037284  Q11c =  -0.009756  Q11s =   0.098426

O          x = 11.753900  y =-12.256290  z = -1.232450 angstrom
           Maximum rank =  2   Radius =  0.650 angstrom
                   Q00  =  -0.392013
|Q1| =   0.519231  Q10  =   0.047234  Q11c =   0.302914  Q11s =  -0.419061
|Q2| =   1.135415  Q20  =  -0.650801  Q21c =  -0.228162  Q21s =  -0.282487
                   Q22c =  -0.070479  Q22s =   0.853698

C          x =  4.691820  y =-11.765230  z =  1.793280 angstrom
           Maximum rank =  2   Radius =  0.650 angstrom
                   Q00  =  -0.034861
|Q1| =   0.097295  Q10  =  -0.045132  Q11c =   0.022684  Q11s =  -0.083155
|Q2| =   1.472400  Q20  =   0.596732  Q21c =  -0.496303  Q21s =  -0.092693
                   Q22c =  -1.227272  Q22s =   0.225319

H          x =  4.826370  y =-10.707780  z =  1.607100 angstrom
           Maximum rank =  1   Radius =  0.350 angstrom
                   Q00  =   0.076941
|Q1| =   0.098423  Q10  =  -0.042864  Q11c =  -0.006215  Q11s =  -0.088381

C          x =  5.237800  y =-12.251690  z = -0.662620 angstrom
           Maximum rank =  2   Radius =  0.650 angstrom
                   Q00  =  -0.009552
|Q1| =   0.059940  Q10  =  -0.011233  Q11c =   0.046849  Q11s =   0.035663
|Q2| =   0.188927  Q20  =   0.018766  Q21c =   0.035292  Q21s =  -0.077106
                   Q22c =   0.025374  Q22s =   0.165851

O          x =  9.814200  y =-18.284030  z = -0.066600 angstrom
           Maximum rank =  2   Radius =  0.650 angstrom
                   Q00  =  -0.416077
|Q1| =   0.557347  Q10  =   0.022608  Q11c =   0.437368  Q11s =  -0.344722
|Q2| =   0.975027  Q20  =  -0.168842  Q21c =   0.041580  Q21s =   0.121189
                   Q22c =   0.657665  Q22s =  -0.687919

C          x =  5.045070  y =-13.350410  z = -2.958060 angstrom
           Maximum rank =  2   Radius =  0.650 angstrom
                   Q00  =  -0.033751
|Q1| =   0.097300  Q10  =   0.067454  Q11c =  -0.065976  Q11s =   0.023760
|Q2| =   1.456223  Q20  =   0.323011  Q21c =  -0.111701  Q21s =   0.843780
                   Q22c =   1.015119  Q22s =   0.511217

H          x =  6.100110  y =-13.164070  z = -3.114480 angstrom
           Maximum rank =  1   Radius =  0.350 angstrom
                   Q00  =   0.076942
|Q1| =   0.100572  Q10  =   0.065337  Q11c =  -0.076389  Q11s =   0.003252

C          x =  6.381020  y =-10.156810  z = -1.135700 angstrom
           Maximum rank =  2   Radius =  0.650 angstrom
                   Q00  =  -0.025720
|Q1| =   0.119008  Q10  =   0.017113  Q11c =  -0.100739  Q11s =  -0.061006
|Q2| =   1.285117  Q20  =  -1.173053  Q21c =  -0.152005  Q21s =  -0.408320
                   Q22c =  -0.276461  Q22s =  -0.095969

C          x = 12.342050  y =-14.618070  z = -0.883160 angstrom
           Maximum rank =  2   Radius =  0.650 angstrom
                   Q00  =  -0.066235
|Q1| =   0.096669  Q10  =   0.009588  Q11c =  -0.095785  Q11s =  -0.008846
|Q2| =   1.533560  Q20  =  -1.454799  Q21c =  -0.197112  Q21s =  -0.406514
                   Q22c =   0.112505  Q22s =  -0.136389

H          x = 13.415250  y =-14.540270  z = -0.982730 angstrom
           Maximum rank =  1   Radius =  0.350 angstrom
                   Q00  =   0.073817
|Q1| =   0.098802  Q10  =   0.010698  Q11c =  -0.096810  Q11s =  -0.016590

C          x =  5.381470  y = -8.023370  z = -1.433290 angstrom
           Maximum rank =  2   Radius =  0.650 angstrom
                   Q00  =  -0.041353
|Q1| =   0.087085  Q10  =   0.047572  Q11c =  -0.071369  Q11s =   0.015071
|Q2| =   1.247478  Q20  =  -1.174415  Q21c =  -0.147328  Q21s =  -0.349709
                   Q22c =  -0.042345  Q22s =  -0.176513

C          x = 10.126800  y =-13.928380  z = -0.818680 angstrom
           Maximum rank =  2   Radius =  0.650 angstrom
                   Q00  =  -0.335988
|Q1| =   0.491877  Q10  =  -0.086174  Q11c =   0.137935  Q11s =   0.464209
|Q2| =   1.459745  Q20  =  -1.211046  Q21c =  -0.167503  Q21s =  -0.218247
                   Q22c =   0.659447  Q22s =  -0.391999

C          x =  6.745030  y =-12.424030  z = -0.790690 angstrom
           Maximum rank =  2   Radius =  0.650 angstrom
                   Q00  =  -0.071142
|Q1| =   0.110203  Q10  =   0.038284  Q11c =  -0.025889  Q11s =   0.100045
|Q2| =   1.249705  Q20  =  -1.159430  Q21c =  -0.190717  Q21s =  -0.327702
                   Q22c =   0.169430  Q22s =  -0.212171

C          x =  4.822150  y =-12.676110  z =  0.752750 angstrom
           Maximum rank =  2   Radius =  0.650 angstrom
                   Q00  =  -0.060979
|Q1| =   0.078245  Q10  =  -0.003846  Q11c =   0.077623  Q11s =  -0.009064
|Q2| =   1.289635  Q20  =   0.642030  Q21c =  -0.550702  Q21s =  -0.018938
                   Q22c =  -0.945313  Q22s =   0.231753

C          x =  7.355510  y =-11.226590  z = -1.046190 angstrom
           Maximum rank =  2   Radius =  0.650 angstrom
                   Q00  =  -0.337457
|Q1| =   0.610801  Q10  =   0.086774  Q11c =  -0.594095  Q11s =  -0.112244
|Q2| =   1.359571  Q20  =  -1.178383  Q21c =  -0.093572  Q21s =  -0.398409
                   Q22c =  -0.385785  Q22s =  -0.378856

C          x =  4.450200  y =-12.988100  z = -1.754370 angstrom
           Maximum rank =  2   Radius =  0.650 angstrom
                   Q00  =  -0.059790
|Q1| =   0.067817  Q10  =  -0.012326  Q11c =  -0.003610  Q11s =   0.066589
|Q2| =   1.281806  Q20  =   0.345022  Q21c =  -0.083605  Q21s =   0.834703
                   Q22c =   0.742486  Q22s =   0.518635

C          x = 11.454850  y =-13.549390  z = -0.990450 angstrom
           Maximum rank =  2   Radius =  0.650 angstrom
                   Q00  =   0.078043
|Q1| =   0.126395  Q10  =  -0.017721  Q11c =  -0.028503  Q11s =   0.121858
|Q2| =   1.138194  Q20  =  -1.063138  Q21c =  -0.146045  Q21s =  -0.347564
                   Q22c =  -0.151545  Q22s =   0.011341

C          x =  8.960190  y =-13.088830  z = -0.862380 angstrom
           Maximum rank =  2   Radius =  0.650 angstrom
                   Q00  =  -0.303774
|Q1| =   0.416022  Q10  =   0.082327  Q11c =  -0.087301  Q11s =  -0.398341
|Q2| =   1.486439  Q20  =  -1.183601  Q21c =  -0.174543  Q21s =  -0.196757
                   Q22c =   0.742087  Q22s =  -0.434419

C          x = 11.721760  y =-15.838080  z = -0.628450 angstrom
           Maximum rank =  2   Radius =  0.650 angstrom
                   Q00  =  -0.312050
|Q1| =   0.435862  Q10  =  -0.038178  Q11c =   0.433641  Q11s =   0.021770
|Q2| =   1.413806  Q20  =  -1.145828  Q21c =  -0.073204  Q21s =  -0.434749
                   Q22c =  -0.654844  Q22s =  -0.250478

C          x = 11.038870  y =-20.330520  z =  0.178380 angstrom
           Maximum rank =  2   Radius =  0.650 angstrom
                   Q00  =  -0.038544
|Q1| =   0.071472  Q10  =  -0.008062  Q11c =   0.069537  Q11s =   0.014417
|Q2| =   1.222408  Q20  =  -1.145020  Q21c =  -0.183551  Q21s =  -0.362873
                   Q22c =  -0.045791  Q22s =   0.125484

C          x = 12.505510  y =-17.009750  z = -0.495740 angstrom
           Maximum rank =  2   Radius =  0.650 angstrom
                   Q00  =   0.020384
|Q1| =   0.021628  Q10  =   0.001676  Q11c =   0.014727  Q11s =  -0.015751
|Q2| =   1.374021  Q20  =  -1.291668  Q21c =  -0.163700  Q21s =  -0.406893
                   Q22c =  -0.149688  Q22s =  -0.069000

H          x = 13.552530  y =-16.769590  z = -0.620330 angstrom
           Maximum rank =  1   Radius =  0.350 angstrom
                   Q00  =   0.092040
|Q1| =   0.071607  Q10  =   0.011846  Q11c =  -0.054562  Q11s =  -0.044834

C          x =  4.364240  y =-14.450770  z =  2.332650 angstrom
           Maximum rank =  2   Radius =  0.650 angstrom
                   Q00  =  -0.032487
|Q1| =   0.075403  Q10  =  -0.004387  Q11c =   0.003684  Q11s =   0.075185
|Q2| =   1.412264  Q20  =   0.528181  Q21c =  -0.470833  Q21s =  -0.011026
                   Q22c =  -1.202826  Q22s =   0.216609

H          x =  4.242340  y =-15.510650  z =  2.529840 angstrom
           Maximum rank =  1   Radius =  0.350 angstrom
                   Q00  =   0.048806
|Q1| =   0.115208  Q10  =  -0.019114  Q11c =   0.014029  Q11s =   0.112742

C          x = 10.869160  y =-18.878570  z = -0.051440 angstrom
           Maximum rank =  2   Radius =  0.650 angstrom
                   Q00  =   0.192280
|Q1| =   0.029446  Q10  =  -0.000224  Q11c =  -0.025869  Q11s =   0.014064
|Q2| =   0.764379  Q20  =  -0.693505  Q21c =  -0.067272  Q21s =  -0.169710
                   Q22c =   0.105966  Q22s =  -0.242423

C          x = 13.121160  y =-11.916940  z = -1.393470 angstrom
           Maximum rank =  2   Radius =  0.650 angstrom
                   Q00  =   0.170477
|Q1| =   0.143327  Q10  =   0.008856  Q11c =  -0.142477  Q11s =   0.012825
|Q2| =   0.144545  Q20  =  -0.079781  Q21c =  -0.032630  Q21s =  -0.026807
                   Q22c =   0.035308  Q22s =   0.107230

H          x = 13.691780  y =-12.146450  z = -0.489100 angstrom
           Maximum rank =  1   Radius =  0.350 angstrom
                   Q00  =   0.047682
|Q1| =   0.113207  Q10  =  -0.071884  Q11c =  -0.086922  Q11s =  -0.009653

H          x = 13.557770  y =-12.440710  z = -2.248620 angstrom
           Maximum rank =  1   Radius =  0.350 angstrom
                   Q00  =   0.047330
|Q1| =   0.113363  Q10  =   0.083444  Q11c =  -0.074990  Q11s =   0.016274

C          x = 15.278000  y =-18.193660  z = -0.523700 angstrom
           Maximum rank =  2   Radius =  0.650 angstrom
                   Q00  =   0.060697
|Q1| =   0.100384  Q10  =   0.017692  Q11c =  -0.016514  Q11s =  -0.097423
|Q2| =   1.202446  Q20  =  -0.660123  Q21c =  -0.203540  Q21s =  -0.341301
                   Q22c =  -0.416453  Q22s =   0.823872

C          x =  2.946320  y =-14.198400  z = -3.817520 angstrom
           Maximum rank =  2   Radius =  0.650 angstrom
                   Q00  =  -0.078042
|Q1| =   0.121919  Q10  =   0.089132  Q11c =   0.064856  Q11s =   0.052090
|Q2| =   1.148118  Q20  =   0.333172  Q21c =  -0.087637  Q21s =   0.711554
                   Q22c =   0.727793  Q22s =   0.404350

C          x = 12.219270  y =-18.325190  z = -0.252780 angstrom
           Maximum rank =  2   Radius =  0.650 angstrom
                   Q00  =  -0.066192
|Q1| =   0.062642  Q10  =   0.011502  Q11c =  -0.029777  Q11s =  -0.053898
|Q2| =   1.339509  Q20  =  -1.250162  Q21c =  -0.168819  Q21s =  -0.408580
                   Q22c =  -0.188897  Q22s =   0.016197

C          x =  4.396330  y =-12.192080  z =  3.082250 angstrom
           Maximum rank =  2   Radius =  0.650 angstrom
                   Q00  =  -0.033169
|Q1| =   0.074921  Q10  =  -0.049915  Q11c =   0.006926  Q11s =  -0.055441
|Q2| =   1.405119  Q20  =   0.613689  Q21c =  -0.469491  Q21s =   0.152706
                   Q22c =  -1.150490  Q22s =   0.174288

H          x =  4.301040  y =-11.456170  z =  3.873310 angstrom
           Maximum rank =  1   Radius =  0.350 angstrom
                   Q00  =   0.045000
|Q1| =   0.117418  Q10  =  -0.086984  Q11c =   0.010710  Q11s =  -0.078142

C          x = 10.433120  y =-22.583490  z =  0.604720 angstrom
           Maximum rank =  2   Radius =  0.650 angstrom
                   Q00  =  -0.304444
|Q1| =   0.625750  Q10  =  -0.107768  Q11c =   0.441109  Q11s =   0.430548
|Q2| =   1.076316  Q20  =  -0.883112  Q21c =  -0.030524  Q21s =  -0.215613
                   Q22c =   0.003819  Q22s =  -0.575442

C          x = 10.055080  y =-21.262760  z =  0.413940 angstrom
           Maximum rank =  2   Radius =  0.650 angstrom
                   Q00  =   0.008062
|Q1| =   0.100521  Q10  =  -0.014488  Q11c =   0.089949  Q11s =   0.042470
|Q2| =   1.314869  Q20  =  -1.242241  Q21c =  -0.151816  Q21s =  -0.343887
                   Q22c =   0.072934  Q22s =  -0.197719

H          x =  9.014110  y =-20.969720  z =  0.448750 angstrom
           Maximum rank =  1   Radius =  0.350 angstrom
                   Q00  =   0.087567
|Q1| =   0.095755  Q10  =  -0.008848  Q11c =   0.095065  Q11s =   0.007302

C          x =  3.087490  y =-13.236920  z = -1.600730 angstrom
           Maximum rank =  2   Radius =  0.650 angstrom
                   Q00  =  -0.051441
|Q1| =   0.103825  Q10  =  -0.043075  Q11c =   0.093907  Q11s =  -0.010283
|Q2| =   1.487543  Q20  =   0.564732  Q21c =  -0.191803  Q21s =   0.836124
                   Q22c =   0.954178  Q22s =   0.497508

H          x =  2.595000  y =-12.976980  z = -0.671620 angstrom
           Maximum rank =  1   Radius =  0.350 angstrom
                   Q00  =   0.074195
|Q1| =   0.106278  Q10  =  -0.058608  Q11c =   0.087093  Q11s =  -0.016580

C          x =  4.224380  y =-13.537820  z =  3.376700 angstrom
           Maximum rank =  2   Radius =  0.650 angstrom
                   Q00  =  -0.077921
|Q1| =   0.121355  Q10  =  -0.112102  Q11c =   0.028355  Q11s =   0.036824
|Q2| =   1.147660  Q20  =   0.558670  Q21c =  -0.413234  Q21s =  -0.018853
                   Q22c =  -0.898880  Q22s =   0.160959

C          x =  4.304550  y =-13.945320  z = -3.969620 angstrom
           Maximum rank =  2   Radius =  0.650 angstrom
                   Q00  =  -0.032491
|Q1| =   0.075104  Q10  =   0.062480  Q11c =  -0.039775  Q11s =   0.012444
|Q2| =   1.402710  Q20  =   0.444583  Q21c =  -0.282505  Q21s =   0.848407
                   Q22c =   0.893628  Q22s =   0.414447

H          x =  4.797630  y =-14.217280  z = -4.896730 angstrom
           Maximum rank =  1   Radius =  0.350 angstrom
                   Q00  =   0.046437
|Q1| =   0.116602  Q10  =   0.099896  Q11c =  -0.052648  Q11s =   0.029070

C          x = 12.391480  y =-20.659620  z =  0.124360 angstrom
           Maximum rank =  2   Radius =  0.650 angstrom
                   Q00  =  -0.019700
|Q1| =   0.080459  Q10  =  -0.002744  Q11c =  -0.064925  Q11s =   0.047444
|Q2| =   1.232587  Q20  =  -1.155486  Q21c =  -0.150392  Q21s =  -0.370854
                   Q22c =  -0.151871  Q22s =  -0.030117

C          x = 13.178560  y =-19.426220  z = -0.146040 angstrom
           Maximum rank =  2   Radius =  0.650 angstrom
                   Q00  =   0.031144
|Q1| =   0.043187  Q10  =   0.006331  Q11c =  -0.037999  Q11s =  -0.019522
|Q2| =   1.165551  Q20  =  -1.078914  Q21c =  -0.178656  Q21s =  -0.272454
                   Q22c =   0.296924  Q22s =  -0.011903

C          x =  2.151180  y =-14.873780  z = -4.901940 angstrom
           Maximum rank =  2   Radius =  0.650 angstrom
                   Q00  =   0.023076
|Q1| =   0.022406  Q10  =   0.012157  Q11c =   0.011888  Q11s =   0.014592
|Q2| =   0.105206  Q20  =   0.040677  Q21c =   0.066210  Q21s =   0.056486
                   Q22c =   0.026133  Q22s =   0.034005

H          x =  2.594090  y =-14.702550  z = -5.884140 angstrom
           Maximum rank =  1   Radius =  0.350 angstrom
                   Q00  =   0.025177
|Q1| =   0.124976  Q10  =   0.124086  Q11c =  -0.013486  Q11s =   0.006295

H          x =  1.122700  y =-14.509470  z = -4.925780 angstrom
           Maximum rank =  1   Radius =  0.350 angstrom
                   Q00  =   0.025758
|Q1| =   0.125014  Q10  =   0.038148  Q11c =   0.118558  Q11s =  -0.010825

C          x =  2.351480  y =-13.828860  z = -2.614120 angstrom
           Maximum rank =  2   Radius =  0.650 angstrom
                   Q00  =  -0.033498
|Q1| =   0.076801  Q10  =  -0.016201  Q11c =   0.075055  Q11s =   0.001633
|Q2| =   1.411599  Q20  =   0.307734  Q21c =  -0.218830  Q21s =   0.793772
                   Q22c =   0.987118  Q22s =   0.495528

H          x =  1.292250  y =-14.009730  z = -2.464810 angstrom
           Maximum rank =  1   Radius =  0.350 angstrom
                   Q00  =   0.046590
|Q1| =   0.116905  Q10  =  -0.017506  Q11c =   0.113969  Q11s =   0.019270

C          x =  3.881590  y =-14.001010  z =  4.766760 angstrom
           Maximum rank =  2   Radius =  0.650 angstrom
                   Q00  =   0.023214
|Q1| =   0.023317  Q10  =  -0.016891  Q11c =   0.010360  Q11s =   0.012289
|Q2| =   0.103486  Q20  =   0.089441  Q21c =  -0.030037  Q21s =  -0.038730
                   Q22c =  -0.017237  Q22s =   0.003217

H          x =  4.472770  y =-14.874110  z =  5.050360 angstrom
           Maximum rank =  1   Radius =  0.350 angstrom
                   Q00  =   0.028160
|Q1| =   0.123977  Q10  =  -0.071667  Q11c =  -0.041569  Q11s =   0.092229

H          x =  4.063510  y =-13.216600  z =  5.502370 angstrom
           Maximum rank =  1   Radius =  0.350 angstrom
                   Q00  =   0.023797
|Q1| =   0.125281  Q10  =  -0.112071  Q11c =  -0.005352  Q11s =  -0.055740

C          x = 11.785680  y =-22.933940  z =  0.554260 angstrom
           Maximum rank =  2   Radius =  0.650 angstrom
                   Q00  =  -0.298482
|Q1| =   0.615332  Q10  =  -0.084468  Q11c =  -0.169127  Q11s =   0.585572
|Q2| =   1.094112  Q20  =  -0.873438  Q21c =  -0.215061  Q21s =  -0.197276
                   Q22c =   0.520351  Q22s =   0.279738

C          x = 12.770140  y =-21.981100  z =  0.315180 angstrom
           Maximum rank =  2   Radius =  0.650 angstrom
                   Q00  =  -0.007633
|Q1| =   0.090250  Q10  =  -0.005962  Q11c =  -0.061896  Q11s =   0.065410
|Q2| =   1.375550  Q20  =  -1.297587  Q21c =  -0.200372  Q21s =  -0.352247
                   Q22c =   0.208787  Q22s =  -0.024241

H          x = 13.797650  y =-22.307000  z =  0.286840 angstrom
           Maximum rank =  1   Radius =  0.350 angstrom
                   Q00  =   0.097395
|Q1| =   0.079363  Q10  =  -0.006371  Q11c =  -0.049528  Q11s =   0.061684

C          x = 14.539590  y =-19.385880  z = -0.263430 angstrom
           Maximum rank =  2   Radius =  0.650 angstrom
                   Q00  =  -0.020958
|Q1| =   0.023590  Q10  =  -0.001923  Q11c =   0.023511  Q11s =  -0.000231
|Q2| =   1.310395  Q20  =  -1.241302  Q21c =  -0.189424  Q21s =  -0.349472
                   Q22c =   0.134503  Q22s =  -0.014231

N          x = 16.063490  y =-21.450030  z = -0.041190 angstrom
           Maximum rank =  2   Radius =  0.650 angstrom
                   Q00  =  -0.222953
|Q1| =   0.562336  Q10  =  -0.052056  Q11c =  -0.314779  Q11s =   0.463062
|Q2| =   0.622562  Q20  =  -0.334777  Q21c =   0.044424  Q21s =  -0.069908
                   Q22c =  -0.077485  Q22s =  -0.512488

C          x = 15.368980  y =-20.539290  z = -0.137420 angstrom
           Maximum rank =  2   Radius =  0.650 angstrom
                   Q00  =   0.057657
|Q1| =   0.106017  Q10  =  -0.014613  Q11c =  -0.028699  Q11s =   0.101007
|Q2| =   1.211526  Q20  =  -0.699194  Q21c =   0.077995  Q21s =  -0.177136
                   Q22c =  -0.273289  Q22s =  -0.931007

H          x = -2.645970  y = -7.915310  z = -0.767880 angstrom
           Maximum rank =  1   Radius =  0.350 angstrom
                   Q00  =   0.050306
|Q1| =   0.103347  Q10  =  -0.018811  Q11c =   0.046123  Q11s =   0.090550

H          x =  8.387590  y = -2.805500  z =  2.400720 angstrom
           Maximum rank =  1   Radius =  0.350 angstrom
                   Q00  =   0.031671
|Q1| =   0.123536  Q10  =  -0.021171  Q11c =  -0.029492  Q11s =  -0.118081

H          x =  2.112050  y =-15.955240  z = -4.742740 angstrom
           Maximum rank =  1   Radius =  0.350 angstrom
                   Q00  =   0.031893
|Q1| =   0.123328  Q10  =   0.021102  Q11c =   0.029409  Q11s =   0.117897

H          x = 13.146550  y =-10.845530  z = -1.574580 angstrom
           Maximum rank =  1   Radius =  0.350 angstrom
                   Q00  =   0.049857
|Q1| =   0.103731  Q10  =   0.018866  Q11c =  -0.046307  Q11s =  -0.090884

H          x =  7.673160  y = -4.477620  z = -7.180300 angstrom
           Maximum rank =  1   Radius =  0.350 angstrom
                   Q00  =   0.030232
|Q1| =   0.124423  Q10  =   0.051755  Q11c =  -0.105970  Q11s =  -0.039658

H          x =  2.827620  y =-14.284050  z =  4.837510 angstrom
           Maximum rank =  1   Radius =  0.350 angstrom
                   Q00  =   0.030639
|Q1| =   0.124078  Q10  =  -0.051666  Q11c =   0.105620  Q11s =   0.039630

Total multipoles referred to origin at
           x =   0.000000,  y =    0.000000,  z =    0.000000 angstrom
                   Q00  =  -0.000033
|Q1| =   0.626657  Q10  =  -0.041178  Q11c =  -0.447149  Q11s =   0.437105
|Q2| = 362.078698  Q20  = 172.276373  Q21c = -31.542157  Q21s =  32.535924
                   Q22c =  52.908235  Q22s = 310.755627

CPU time used:     85m23.084s          Total:     85m23.084s

Finished at 2:49:28 on 27 Jun 2021  
