                                     G D M A

                                 by Anthony Stone

                         version 2.2.11, 04 February 2015

               Distributed Multipoles from Gaussian wavefunctions


Starting at 1:26:39 on 27 Jun 2021  

s1S0



Using CI density matrix from file sN_z.fchk


                         Distributed Multipole Analysis

Standard DMA for products of primitives with exponent greater than 4.00000
Using 80-point Euler-MacLaurin radial quadrature
Using 590-point Lebedev quadrature
Becke smoothing parameter = 3

Positions and radii in angstrom
Multipole moments in atomic units, ea_0^k for rank k

S          x =  1.441470  y = -7.401430  z = -1.176460 angstrom
           Maximum rank =  2   Radius =  0.650 angstrom
                   Q00  =   0.783848
|Q1| =   1.010908  Q10  =  -0.185212  Q11c =   0.691519  Q11s =   0.713745
|Q2| =   2.414815  Q20  =  -2.124023  Q21c =  -0.190544  Q21s =  -0.504859
                   Q22c =   0.363719  Q22s =  -0.946771

Cl         x =  1.293740  y =  5.007950  z = -3.244790 angstrom
           Maximum rank =  2   Radius =  0.650 angstrom
                   Q00  =   0.287633
|Q1| =   0.817533  Q10  =   0.140196  Q11c =  -0.578066  Q11s =  -0.560843
|Q2| =   2.200013  Q20  =  -1.018793  Q21c =  -0.462453  Q21s =  -0.457088
                   Q22c =   0.035842  Q22s =   1.837945

N          x = -5.390100  y = -1.517360  z = -1.609450 angstrom
           Maximum rank =  2   Radius =  0.650 angstrom
                   Q00  =  -0.231955
|Q1| =   0.572183  Q10  =  -0.105265  Q11c =   0.271138  Q11s =   0.492744
|Q2| =   0.620911  Q20  =  -0.303546  Q21c =  -0.117331  Q21s =  -0.155475
                   Q22c =  -0.127987  Q22s =   0.488948

S          x =  0.507520  y = -3.136520  z = -1.818350 angstrom
           Maximum rank =  2   Radius =  0.650 angstrom
                   Q00  =   0.805740
|Q1| =   0.917679  Q10  =   0.138539  Q11c =  -0.781409  Q11s =  -0.460805
|Q2| =   2.452489  Q20  =  -2.165993  Q21c =  -0.155618  Q21s =  -0.694025
                   Q22c =  -0.602224  Q22s =  -0.674252

Cl         x = -1.784240  y =  5.814990  z = -3.131540 angstrom
           Maximum rank =  2   Radius =  0.650 angstrom
                   Q00  =   0.293032
|Q1| =   0.813766  Q10  =   0.112263  Q11c =   0.215247  Q11s =  -0.776711
|Q2| =   2.186458  Q20  =  -1.070015  Q21c =   0.135837  Q21s =  -0.500445
                   Q22c =  -1.540707  Q22s =  -0.996490

C          x =  2.847770  y = -5.272330  z = -1.663020 angstrom
           Maximum rank =  2   Radius =  0.650 angstrom
                   Q00  =  -0.046491
|Q1| =   0.102268  Q10  =  -0.012935  Q11c =  -0.009103  Q11s =  -0.101038
|Q2| =   1.482287  Q20  =  -1.385360  Q21c =  -0.237385  Q21s =  -0.464259
                   Q22c =  -0.040261  Q22s =  -0.066671

H          x =  3.122760  y = -4.247480  z = -1.871390 angstrom
           Maximum rank =  1   Radius =  0.350 angstrom
                   Q00  =   0.087675
|Q1| =   0.093535  Q10  =   0.014022  Q11c =  -0.015449  Q11s =  -0.091179

C          x =  3.976740  y = -9.964460  z = -0.948240 angstrom
           Maximum rank =  2   Radius =  0.650 angstrom
                   Q00  =  -0.017956
|Q1| =   0.106817  Q10  =  -0.046721  Q11c =   0.089521  Q11s =   0.034829
|Q2| =   1.453352  Q20  =  -1.381090  Q21c =  -0.195999  Q21s =  -0.406804
                   Q22c =  -0.006270  Q22s =  -0.029646

H          x =  2.998790  y =-10.400360  z = -0.783380 angstrom
           Maximum rank =  1   Radius =  0.350 angstrom
                   Q00  =   0.083015
|Q1| =   0.103162  Q10  =  -0.017970  Q11c =   0.099314  Q11s =   0.021360

C          x =  5.844110  y = -4.730710  z = -3.390120 angstrom
           Maximum rank =  2   Radius =  0.650 angstrom
                   Q00  =  -0.049246
|Q1| =   0.102166  Q10  =  -0.014692  Q11c =  -0.003183  Q11s =  -0.101054
|Q2| =   1.476580  Q20  =   0.751777  Q21c =  -0.434713  Q21s =   0.092376
                   Q22c =  -1.168290  Q22s =   0.229584

H          x =  5.753280  y = -3.994650  z = -2.600180 angstrom
           Maximum rank =  1   Radius =  0.350 angstrom
                   Q00  =   0.074181
|Q1| =   0.105833  Q10  =  -0.037382  Q11c =   0.009739  Q11s =  -0.098531

O          x = -1.253330  y = -6.504560  z = -1.110140 angstrom
           Maximum rank =  2   Radius =  0.650 angstrom
                   Q00  =  -0.392168
|Q1| =   0.519172  Q10  =  -0.047441  Q11c =  -0.302969  Q11s =   0.418926
|Q2| =   1.135470  Q20  =  -0.650998  Q21c =  -0.228266  Q21s =  -0.282504
                   Q22c =  -0.070847  Q22s =   0.853558

C          x =  5.808730  y = -6.995640  z = -4.135890 angstrom
           Maximum rank =  2   Radius =  0.650 angstrom
                   Q00  =  -0.034826
|Q1| =   0.097302  Q10  =   0.045002  Q11c =  -0.022968  Q11s =   0.083156
|Q2| =   1.472272  Q20  =   0.596687  Q21c =  -0.496208  Q21s =  -0.092457
                   Q22c =  -1.227178  Q22s =   0.225423

H          x =  5.674170  y = -8.053100  z = -3.949700 angstrom
           Maximum rank =  1   Radius =  0.350 angstrom
                   Q00  =   0.076988
|Q1| =   0.098355  Q10  =   0.042808  Q11c =   0.006177  Q11s =   0.088335

C          x =  5.262760  y = -6.509170  z = -1.679990 angstrom
           Maximum rank =  2   Radius =  0.650 angstrom
                   Q00  =  -0.009566
|Q1| =   0.059969  Q10  =   0.011227  Q11c =  -0.046869  Q11s =  -0.035687
|Q2| =   0.189037  Q20  =   0.018814  Q21c =   0.035501  Q21s =  -0.076948
                   Q22c =   0.025241  Q22s =   0.166020

O          x =  0.686390  y = -0.476870  z = -2.276020 angstrom
           Maximum rank =  2   Radius =  0.650 angstrom
                   Q00  =  -0.415944
|Q1| =   0.557245  Q10  =  -0.022879  Q11c =  -0.437249  Q11s =   0.344691
|Q2| =   0.974943  Q20  =  -0.168623  Q21c =   0.041537  Q21s =   0.121344
                   Q22c =   0.657547  Q22s =  -0.687942

C          x =  5.455500  y = -5.410490  z =  0.615470 angstrom
           Maximum rank =  2   Radius =  0.650 angstrom
                   Q00  =  -0.033674
|Q1| =   0.097330  Q10  =  -0.067560  Q11c =   0.065906  Q11s =  -0.023772
|Q2| =   1.455906  Q20  =   0.322921  Q21c =  -0.111455  Q21s =   0.843589
                   Q22c =   1.014859  Q22s =   0.511251

H          x =  4.400460  y = -5.596850  z =  0.771900 angstrom
           Maximum rank =  1   Radius =  0.350 angstrom
                   Q00  =   0.077040
|Q1| =   0.100553  Q10  =  -0.065379  Q11c =   0.076327  Q11s =  -0.003282

C          x =  4.119540  y = -8.604060  z = -1.206900 angstrom
           Maximum rank =  2   Radius =  0.650 angstrom
                   Q00  =  -0.025405
|Q1| =   0.118918  Q10  =  -0.017420  Q11c =   0.100477  Q11s =   0.061176
|Q2| =   1.284387  Q20  =  -1.172363  Q21c =  -0.151858  Q21s =  -0.408083
                   Q22c =  -0.276481  Q22s =  -0.095816

C          x = -1.841480  y = -4.142790  z = -1.459430 angstrom
           Maximum rank =  2   Radius =  0.650 angstrom
                   Q00  =  -0.064966
|Q1| =   0.096322  Q10  =  -0.009828  Q11c =   0.095477  Q11s =   0.008089
|Q2| =   1.529231  Q20  =  -1.450731  Q21c =  -0.196402  Q21s =  -0.405252
                   Q22c =   0.112692  Q22s =  -0.135742

H          x = -2.914680  y = -4.220590  z = -1.359850 angstrom
           Maximum rank =  1   Radius =  0.350 angstrom
                   Q00  =   0.074209
|Q1| =   0.098520  Q10  =  -0.010726  Q11c =   0.096538  Q11s =   0.016481

C          x =  5.119090  y =-10.737490  z = -0.909310 angstrom
           Maximum rank =  2   Radius =  0.650 angstrom
                   Q00  =  -0.041112
|Q1| =   0.087142  Q10  =  -0.047871  Q11c =   0.071249  Q11s =  -0.015020
|Q2| =   1.246871  Q20  =  -1.173839  Q21c =  -0.147255  Q21s =  -0.349579
                   Q22c =  -0.042386  Q22s =  -0.176360

C          x =  0.373760  y = -4.832480  z = -1.523930 angstrom
           Maximum rank =  2   Radius =  0.650 angstrom
                   Q00  =  -0.335199
|Q1| =   0.492224  Q10  =   0.085882  Q11c =  -0.137386  Q11s =  -0.464795
|Q2| =   1.458002  Q20  =  -1.209250  Q21c =  -0.167288  Q21s =  -0.217882
                   Q22c =   0.659094  Q22s =  -0.391947

C          x =  3.755530  y = -6.336830  z = -1.551910 angstrom
           Maximum rank =  2   Radius =  0.650 angstrom
                   Q00  =  -0.071443
|Q1| =   0.110009  Q10  =  -0.038638  Q11c =   0.025779  Q11s =  -0.099723
|Q2| =   1.250327  Q20  =  -1.159995  Q21c =  -0.190716  Q21s =  -0.327834
                   Q22c =   0.169577  Q22s =  -0.212428

C          x =  5.678410  y = -6.084760  z = -3.095360 angstrom
           Maximum rank =  2   Radius =  0.650 angstrom
                   Q00  =  -0.061138
|Q1| =   0.078501  Q10  =   0.003755  Q11c =  -0.077888  Q11s =   0.009044
|Q2| =   1.289978  Q20  =   0.642250  Q21c =  -0.550818  Q21s =  -0.019036
                   Q22c =  -0.945527  Q22s =   0.231891

C          x =  3.145050  y = -7.534270  z = -1.296410 angstrom
           Maximum rank =  2   Radius =  0.650 angstrom
                   Q00  =  -0.337923
|Q1| =   0.610778  Q10  =  -0.087077  Q11c =   0.594101  Q11s =   0.111857
|Q2| =   1.360745  Q20  =  -1.179581  Q21c =  -0.093557  Q21s =  -0.398700
                   Q22c =  -0.385758  Q22s =  -0.379066

C          x =  6.050370  y = -5.772760  z = -0.588240 angstrom
           Maximum rank =  2   Radius =  0.650 angstrom
                   Q00  =  -0.059502
|Q1| =   0.067741  Q10  =   0.012285  Q11c =   0.003568  Q11s =  -0.066522
|Q2| =   1.281080  Q20  =   0.344801  Q21c =  -0.083751  Q21s =   0.834138
                   Q22c =   0.742178  Q22s =   0.518315

C          x = -0.954290  y = -5.211470  z = -1.352140 angstrom
           Maximum rank =  2   Radius =  0.650 angstrom
                   Q00  =   0.077828
|Q1| =   0.126252  Q10  =   0.017443  Q11c =   0.027982  Q11s =  -0.121870
|Q2| =   1.138229  Q20  =  -1.063274  Q21c =  -0.145968  Q21s =  -0.347501
                   Q22c =  -0.151113  Q22s =   0.010815

C          x =  1.540380  y = -5.672030  z = -1.480230 angstrom
           Maximum rank =  2   Radius =  0.650 angstrom
                   Q00  =  -0.304340
|Q1| =   0.416092  Q10  =  -0.082651  Q11c =   0.086618  Q11s =   0.398496
|Q2| =   1.488020  Q20  =  -1.185094  Q21c =  -0.174691  Q21s =  -0.197046
                   Q22c =   0.742429  Q22s =  -0.434985

C          x = -1.221190  y = -2.922780  z = -1.714150 angstrom
           Maximum rank =  2   Radius =  0.650 angstrom
                   Q00  =  -0.312680
|Q1| =   0.435936  Q10  =   0.037752  Q11c =  -0.433771  Q11s =  -0.021395
|Q2| =   1.414997  Q20  =  -1.146879  Q21c =  -0.073319  Q21s =  -0.435105
                   Q22c =  -0.655097  Q22s =  -0.251080

C          x = -0.538250  y =  1.569640  z = -2.520980 angstrom
           Maximum rank =  2   Radius =  0.650 angstrom
                   Q00  =  -0.038519
|Q1| =   0.071289  Q10  =   0.007732  Q11c =  -0.069413  Q11s =  -0.014288
|Q2| =   1.222262  Q20  =  -1.144886  Q21c =  -0.183559  Q21s =  -0.362807
                   Q22c =  -0.045822  Q22s =   0.125455

C          x = -2.004940  y = -1.751110  z = -1.846860 angstrom
           Maximum rank =  2   Radius =  0.650 angstrom
                   Q00  =   0.022347
|Q1| =   0.021251  Q10  =  -0.001891  Q11c =  -0.014956  Q11s =   0.014979
|Q2| =   1.368099  Q20  =  -1.286083  Q21c =  -0.162921  Q21s =  -0.405157
                   Q22c =  -0.149285  Q22s =  -0.068585

H          x = -3.051960  y = -1.991250  z = -1.722260 angstrom
           Maximum rank =  1   Radius =  0.350 angstrom
                   Q00  =   0.092429
|Q1| =   0.071424  Q10  =  -0.011874  Q11c =   0.054413  Q11s =   0.044717

C          x =  6.136320  y = -4.310110  z = -4.675270 angstrom
           Maximum rank =  2   Radius =  0.650 angstrom
                   Q00  =  -0.032513
|Q1| =   0.075421  Q10  =   0.004250  Q11c =  -0.003931  Q11s =  -0.075199
|Q2| =   1.412310  Q20  =   0.528276  Q21c =  -0.470839  Q21s =  -0.011284
                   Q22c =  -1.202853  Q22s =   0.216500

H          x =  6.258210  y = -3.250230  z = -4.872470 angstrom
           Maximum rank =  1   Radius =  0.350 angstrom
                   Q00  =   0.048784
|Q1| =   0.115229  Q10  =   0.019048  Q11c =  -0.014070  Q11s =  -0.112769

C          x = -0.368560  y =  0.117680  z = -2.291170 angstrom
           Maximum rank =  2   Radius =  0.650 angstrom
                   Q00  =   0.192403
|Q1| =   0.029345  Q10  =  -0.000036  Q11c =   0.025704  Q11s =  -0.014157
|Q2| =   0.763978  Q20  =  -0.693079  Q21c =  -0.067249  Q21s =  -0.169522
                   Q22c =   0.106190  Q22s =  -0.242419

C          x = -2.620590  y = -6.843900  z = -0.949030 angstrom
           Maximum rank =  2   Radius =  0.650 angstrom
                   Q00  =   0.170488
|Q1| =   0.143205  Q10  =  -0.008945  Q11c =   0.142335  Q11s =  -0.012981
|Q2| =   0.144900  Q20  =  -0.079929  Q21c =  -0.032760  Q21s =  -0.026512
                   Q22c =   0.035699  Q22s =   0.107503

H          x = -3.191260  y = -6.614410  z = -1.853360 angstrom
           Maximum rank =  1   Radius =  0.350 angstrom
                   Q00  =   0.047933
|Q1| =   0.112935  Q10  =   0.071676  Q11c =   0.086746  Q11s =   0.009590

H          x = -3.057140  y = -6.320100  z = -0.093870 angstrom
           Maximum rank =  1   Radius =  0.350 angstrom
                   Q00  =   0.047247
|Q1| =   0.113371  Q10  =  -0.083505  Q11c =   0.074920  Q11s =  -0.016337

C          x = -4.777400  y = -0.567200  z = -1.819010 angstrom
           Maximum rank =  2   Radius =  0.650 angstrom
                   Q00  =   0.060993
|Q1| =   0.100845  Q10  =  -0.018095  Q11c =   0.016177  Q11s =   0.097881
|Q2| =   1.201528  Q20  =  -0.659080  Q21c =  -0.203373  Q21s =  -0.340975
                   Q22c =  -0.416386  Q22s =   0.823579

C          x =  7.554240  y = -4.562470  z =  1.474920 angstrom
           Maximum rank =  2   Radius =  0.650 angstrom
                   Q00  =  -0.078365
|Q1| =   0.121936  Q10  =  -0.089194  Q11c =  -0.064887  Q11s =  -0.051986
|Q2| =   1.149135  Q20  =   0.333483  Q21c =  -0.087532  Q21s =   0.712261
                   Q22c =   0.728306  Q22s =   0.404837

C          x = -1.718680  y = -0.435680  z = -2.089850 angstrom
           Maximum rank =  2   Radius =  0.650 angstrom
                   Q00  =  -0.066303
|Q1| =   0.063341  Q10  =  -0.011929  Q11c =   0.029666  Q11s =   0.054678
|Q2| =   1.339241  Q20  =  -1.249853  Q21c =  -0.168680  Q21s =  -0.408516
                   Q22c =  -0.189312  Q22s =   0.015997

C          x =  6.104210  y = -6.568800  z = -5.424860 angstrom
           Maximum rank =  2   Radius =  0.650 angstrom
                   Q00  =  -0.032995
|Q1| =   0.074832  Q10  =   0.049763  Q11c =  -0.007187  Q11s =   0.055424
|Q2| =   1.404480  Q20  =   0.613531  Q21c =  -0.469170  Q21s =   0.152673
                   Q22c =  -1.149920  Q22s =   0.174343

H          x =  6.199480  y = -7.304710  z = -6.215920 angstrom
           Maximum rank =  1   Radius =  0.350 angstrom
                   Q00  =   0.045217
|Q1| =   0.117228  Q10  =   0.086816  Q11c =  -0.010741  Q11s =   0.078038

C          x =  0.067550  y =  3.822600  z = -2.947280 angstrom
           Maximum rank =  2   Radius =  0.650 angstrom
                   Q00  =  -0.304032
|Q1| =   0.625713  Q10  =   0.107389  Q11c =  -0.441271  Q11s =  -0.430424
|Q2| =   1.075304  Q20  =  -0.881823  Q21c =  -0.030442  Q21s =  -0.215319
                   Q22c =   0.003651  Q22s =  -0.575643

C          x =  0.445560  y =  2.501870  z = -2.756520 angstrom
           Maximum rank =  2   Radius =  0.650 angstrom
                   Q00  =   0.008264
|Q1| =   0.100587  Q10  =   0.014160  Q11c =  -0.089989  Q11s =  -0.042653
|Q2| =   1.314072  Q20  =  -1.241471  Q21c =  -0.151893  Q21s =  -0.343616
                   Q22c =   0.072930  Q22s =  -0.197670

H          x =  1.486530  y =  2.208800  z = -2.791320 angstrom
           Maximum rank =  1   Radius =  0.350 angstrom
                   Q00  =   0.087625
|Q1| =   0.095708  Q10  =   0.008777  Q11c =  -0.095024  Q11s =  -0.007298

C          x =  7.413070  y = -5.523920  z = -0.741890 angstrom
           Maximum rank =  2   Radius =  0.650 angstrom
                   Q00  =  -0.051343
|Q1| =   0.103841  Q10  =   0.042965  Q11c =  -0.093974  Q11s =   0.010287
|Q2| =   1.487332  Q20  =   0.564765  Q21c =  -0.191669  Q21s =   0.836064
                   Q22c =   0.953889  Q22s =   0.497544

H          x =  7.905550  y = -5.783840  z = -1.671000 angstrom
           Maximum rank =  1   Radius =  0.350 angstrom
                   Q00  =   0.074293
|Q1| =   0.106248  Q10  =   0.058532  Q11c =  -0.087114  Q11s =   0.016549

C          x =  6.276170  y = -5.223060  z = -5.719310 angstrom
           Maximum rank =  2   Radius =  0.650 angstrom
                   Q00  =  -0.077768
|Q1| =   0.121359  Q10  =   0.112030  Q11c =  -0.028628  Q11s =  -0.036846
|Q2| =   1.147174  Q20  =   0.558419  Q21c =  -0.412933  Q21s =  -0.018705
                   Q22c =  -0.898576  Q22s =   0.160852

C          x =  6.196020  y = -4.815580  z =  1.627020 angstrom
           Maximum rank =  2   Radius =  0.650 angstrom
                   Q00  =  -0.032642
|Q1| =   0.075186  Q10  =  -0.062616  Q11c =   0.039722  Q11s =  -0.012425
|Q2| =   1.403303  Q20  =   0.444612  Q21c =  -0.282751  Q21s =   0.848691
                   Q22c =   0.894089  Q22s =   0.414680

H          x =  5.702940  y = -4.543640  z =  2.554150 angstrom
           Maximum rank =  1   Radius =  0.350 angstrom
                   Q00  =   0.046263
|Q1| =   0.116754  Q10  =  -0.100056  Q11c =   0.052656  Q11s =  -0.029113

C          x = -1.890850  y =  1.898760  z = -2.466970 angstrom
           Maximum rank =  2   Radius =  0.650 angstrom
                   Q00  =  -0.019782
|Q1| =   0.080406  Q10  =   0.002476  Q11c =   0.064799  Q11s =  -0.047540
|Q2| =   1.232597  Q20  =  -1.155477  Q21c =  -0.150356  Q21s =  -0.370874
                   Q22c =  -0.152052  Q22s =  -0.029911

C          x = -2.677950  y =  0.665370  z = -2.196590 angstrom
           Maximum rank =  2   Radius =  0.650 angstrom
                   Q00  =   0.032158
|Q1| =   0.043840  Q10  =  -0.006643  Q11c =   0.038821  Q11s =   0.019254
|Q2| =   1.162565  Q20  =  -1.075966  Q21c =  -0.178150  Q21s =  -0.271492
                   Q22c =   0.297091  Q22s =  -0.012100

C          x =  8.349350  y = -3.887070  z =  2.559360 angstrom
           Maximum rank =  2   Radius =  0.650 angstrom
                   Q00  =   0.023058
|Q1| =   0.022587  Q10  =  -0.012329  Q11c =  -0.011988  Q11s =  -0.014644
|Q2| =   0.104426  Q20  =   0.040449  Q21c =   0.065637  Q21s =   0.056056
                   Q22c =   0.026178  Q22s =   0.033661

H          x =  7.906990  y = -4.059160  z =  3.541660 angstrom
           Maximum rank =  1   Radius =  0.350 angstrom
                   Q00  =   0.024949
|Q1| =   0.125218  Q10  =  -0.124343  Q11c =   0.013398  Q11s =  -0.006246

H          x =  9.378110  y = -4.250630  z =  2.582550 angstrom
           Maximum rank =  1   Radius =  0.350 angstrom
                   Q00  =   0.025476
|Q1| =   0.125291  Q10  =  -0.038217  Q11c =  -0.118835  Q11s =   0.010757

C          x =  8.149070  y = -4.931980  z =  0.271520 angstrom
           Maximum rank =  2   Radius =  0.650 angstrom
                   Q00  =  -0.033653
|Q1| =   0.076880  Q10  =   0.016075  Q11c =  -0.075164  Q11s =  -0.001601
|Q2| =   1.412201  Q20  =   0.307964  Q21c =  -0.219232  Q21s =   0.794069
                   Q22c =   0.987482  Q22s =   0.495724

H          x =  9.208290  y = -4.751090  z =  0.122200 angstrom
           Maximum rank =  1   Radius =  0.350 angstrom
                   Q00  =   0.046377
|Q1| =   0.117087  Q10  =   0.017451  Q11c =  -0.114156  Q11s =  -0.019318

C          x =  6.619000  y = -4.759890  z = -7.109370 angstrom
           Maximum rank =  2   Radius =  0.650 angstrom
                   Q00  =   0.023223
|Q1| =   0.023254  Q10  =   0.016745  Q11c =  -0.010468  Q11s =  -0.012279
|Q2| =   0.103902  Q20  =   0.089806  Q21c =  -0.030078  Q21s =  -0.039080
                   Q22c =  -0.016953  Q22s =   0.003334

H          x =  6.028400  y = -3.886320  z = -7.392710 angstrom
           Maximum rank =  1   Radius =  0.350 angstrom
                   Q00  =   0.028337
|Q1| =   0.123800  Q10  =   0.071498  Q11c =   0.041413  Q11s =  -0.092193

H          x =  6.436350  y = -5.544060  z = -7.845070 angstrom
           Maximum rank =  1   Radius =  0.350 angstrom
                   Q00  =   0.024060
|Q1| =   0.125036  Q10  =   0.111856  Q11c =   0.005344  Q11s =   0.055622

C          x = -1.285000  y =  4.173080  z = -2.896820 angstrom
           Maximum rank =  2   Radius =  0.650 angstrom
                   Q00  =  -0.298219
|Q1| =   0.615428  Q10  =   0.084110  Q11c =   0.169175  Q11s =  -0.585711
|Q2| =   1.093332  Q20  =  -0.872253  Q21c =  -0.214867  Q21s =  -0.197002
                   Q22c =   0.520794  Q22s =   0.279900

C          x = -2.269480  y =  3.220250  z = -2.657760 angstrom
           Maximum rank =  2   Radius =  0.650 angstrom
                   Q00  =  -0.007000
|Q1| =   0.090084  Q10  =   0.005600  Q11c =   0.061728  Q11s =  -0.065372
|Q2| =   1.373351  Q20  =  -1.295521  Q21c =  -0.199839  Q21s =  -0.351680
                   Q22c =   0.208569  Q22s =  -0.024536

H          x = -3.296980  y =  3.546170  z = -2.629420 angstrom
           Maximum rank =  1   Radius =  0.350 angstrom
                   Q00  =   0.097666
|Q1| =   0.079158  Q10  =   0.006291  Q11c =   0.049397  Q11s =  -0.061533

C          x = -4.038980  y =  0.625030  z = -2.079240 angstrom
           Maximum rank =  2   Radius =  0.650 angstrom
                   Q00  =  -0.019684
|Q1| =   0.024368  Q10  =   0.001677  Q11c =  -0.024309  Q11s =   0.000199
|Q2| =   1.306499  Q20  =  -1.237599  Q21c =  -0.188841  Q21s =  -0.348326
                   Q22c =   0.134536  Q22s =  -0.014039

N          x = -5.562920  y =  2.689160  z = -2.301470 angstrom
           Maximum rank =  2   Radius =  0.650 angstrom
                   Q00  =  -0.220913
|Q1| =   0.561182  Q10  =   0.051624  Q11c =   0.313807  Q11s =  -0.462369
|Q2| =   0.621419  Q20  =  -0.333404  Q21c =   0.044669  Q21s =  -0.069685
                   Q22c =  -0.077178  Q22s =  -0.512050

C          x = -4.868380  y =  1.778430  z = -2.205240 angstrom
           Maximum rank =  2   Radius =  0.650 angstrom
                   Q00  =   0.057870
|Q1| =   0.106426  Q10  =   0.014334  Q11c =   0.028560  Q11s =  -0.101516
|Q2| =   1.210839  Q20  =  -0.698206  Q21c =   0.078127  Q21s =  -0.176893
                   Q22c =  -0.273305  Q22s =  -0.930887

S          x =  9.059100  y =-11.359430  z = -1.166140 angstrom
           Maximum rank =  2   Radius =  0.650 angstrom
                   Q00  =   0.783947
|Q1| =   1.010694  Q10  =   0.184181  Q11c =  -0.691426  Q11s =  -0.713800
|Q2| =   2.414778  Q20  =  -2.123829  Q21c =  -0.191029  Q21s =  -0.505412
                   Q22c =   0.363678  Q22s =  -0.946735

Cl         x =  9.206950  y =-23.768850  z =  0.902260 angstrom
           Maximum rank =  2   Radius =  0.650 angstrom
                   Q00  =   0.287160
|Q1| =   0.818205  Q10  =  -0.141189  Q11c =   0.578440  Q11s =   0.561188
|Q2| =   2.200021  Q20  =  -1.019036  Q21c =  -0.462211  Q21s =  -0.456946
                   Q22c =   0.035803  Q22s =   1.837917

N          x = 15.890720  y =-17.243500  z = -0.733180 angstrom
           Maximum rank =  2   Radius =  0.650 angstrom
                   Q00  =  -0.232033
|Q1| =   0.572206  Q10  =   0.104553  Q11c =  -0.271257  Q11s =  -0.492857
|Q2| =   0.621023  Q20  =  -0.303593  Q21c =  -0.117528  Q21s =  -0.155820
                   Q22c =  -0.127969  Q22s =   0.488909

S          x =  9.993050  y =-15.624350  z = -0.524260 angstrom
           Maximum rank =  2   Radius =  0.650 angstrom
                   Q00  =   0.805311
|Q1| =   0.918097  Q10  =  -0.139629  Q11c =   0.781685  Q11s =   0.460840
|Q2| =   2.454014  Q20  =  -2.167553  Q21c =  -0.155187  Q21s =  -0.694115
                   Q22c =  -0.602582  Q22s =  -0.674472

Cl         x = 12.284950  y =-24.575840  z =  0.789010 angstrom
           Maximum rank =  2   Radius =  0.650 angstrom
                   Q00  =   0.292652
|Q1| =   0.814321  Q10  =  -0.113241  Q11c =  -0.215364  Q11s =   0.777118
|Q2| =   2.186421  Q20  =  -1.070165  Q21c =   0.135697  Q21s =  -0.500165
                   Q22c =  -1.540607  Q22s =  -0.996561

C          x =  7.652790  y =-13.488530  z = -0.679590 angstrom
           Maximum rank =  2   Radius =  0.650 angstrom
                   Q00  =  -0.046591
|Q1| =   0.102095  Q10  =   0.012285  Q11c =   0.009235  Q11s =   0.100932
|Q2| =   1.482632  Q20  =  -1.385765  Q21c =  -0.237511  Q21s =  -0.464082
                   Q22c =  -0.040273  Q22s =  -0.066689

H          x =  7.377810  y =-14.513380  z = -0.471210 angstrom
           Maximum rank =  1   Radius =  0.350 angstrom
                   Q00  =   0.087618
|Q1| =   0.093567  Q10  =  -0.014121  Q11c =   0.015457  Q11s =   0.091195

C          x =  6.523830  y = -8.796400  z = -1.394370 angstrom
           Maximum rank =  2   Radius =  0.650 angstrom
                   Q00  =  -0.017864
|Q1| =   0.106593  Q10  =   0.046110  Q11c =  -0.089530  Q11s =  -0.034933
|Q2| =   1.453146  Q20  =  -1.380846  Q21c =  -0.196296  Q21s =  -0.406757
                   Q22c =  -0.006285  Q22s =  -0.029611

H          x =  7.501770  y = -8.360510  z = -1.559220 angstrom
           Maximum rank =  1   Radius =  0.350 angstrom
                   Q00  =   0.083063
|Q1| =   0.103110  Q10  =   0.017861  Q11c =  -0.099282  Q11s =  -0.021346

C          x =  4.656460  y =-14.030160  z =  1.047500 angstrom
           Maximum rank =  2   Radius =  0.650 angstrom
                   Q00  =  -0.048954
|Q1| =   0.102112  Q10  =   0.014508  Q11c =   0.003130  Q11s =   0.101027
|Q2| =   1.475797  Q20  =   0.751456  Q21c =  -0.434596  Q21s =   0.092249
                   Q22c =  -1.167570  Q22s =   0.229534

H          x =  4.747280  y =-14.766220  z =  0.257560 angstrom
           Maximum rank =  1   Radius =  0.350 angstrom
                   Q00  =   0.074474
|Q1| =   0.105657  Q10  =   0.037206  Q11c =  -0.009716  Q11s =   0.098411

O          x = 11.753900  y =-12.256290  z = -1.232450 angstrom
           Maximum rank =  2   Radius =  0.650 angstrom
                   Q00  =  -0.392062
|Q1| =   0.519106  Q10  =   0.046999  Q11c =   0.302942  Q11s =  -0.418913
|Q2| =   1.135320  Q20  =  -0.650827  Q21c =  -0.228069  Q21s =  -0.282633
                   Q22c =  -0.070868  Q22s =   0.853496

C          x =  4.691820  y =-11.765230  z =  1.793280 angstrom
           Maximum rank =  2   Radius =  0.650 angstrom
                   Q00  =  -0.034800
|Q1| =   0.097369  Q10  =  -0.045216  Q11c =   0.022884  Q11s =  -0.083141
|Q2| =   1.472180  Q20  =   0.596742  Q21c =  -0.496265  Q21s =  -0.092869
                   Q22c =  -1.226983  Q22s =   0.225438

H          x =  4.826370  y =-10.707780  z =  1.607100 angstrom
           Maximum rank =  1   Radius =  0.350 angstrom
                   Q00  =   0.077026
|Q1| =   0.098413  Q10  =  -0.042921  Q11c =  -0.006167  Q11s =  -0.088345

C          x =  5.237800  y =-12.251690  z = -0.662620 angstrom
           Maximum rank =  2   Radius =  0.650 angstrom
                   Q00  =  -0.009571
|Q1| =   0.059969  Q10  =  -0.011249  Q11c =   0.046858  Q11s =   0.035694
|Q2| =   0.189069  Q20  =   0.019020  Q21c =   0.035187  Q21s =  -0.077211
                   Q22c =   0.025364  Q22s =   0.165958

O          x =  9.814200  y =-18.284030  z = -0.066600 angstrom
           Maximum rank =  2   Radius =  0.650 angstrom
                   Q00  =  -0.416092
|Q1| =   0.557339  Q10  =   0.022385  Q11c =   0.437361  Q11s =  -0.344733
|Q2| =   0.974998  Q20  =  -0.168689  Q21c =   0.041672  Q21s =   0.121137
                   Q22c =   0.657622  Q22s =  -0.687960

C          x =  5.045070  y =-13.350410  z = -2.958060 angstrom
           Maximum rank =  2   Radius =  0.650 angstrom
                   Q00  =  -0.033584
|Q1| =   0.097193  Q10  =   0.067295  Q11c =  -0.065930  Q11s =   0.023896
|Q2| =   1.455621  Q20  =   0.323010  Q21c =  -0.111896  Q21s =   0.843422
                   Q22c =   1.014658  Q22s =   0.510964

H          x =  6.100110  y =-13.164070  z = -3.114480 angstrom
           Maximum rank =  1   Radius =  0.350 angstrom
                   Q00  =   0.077120
|Q1| =   0.100414  Q10  =   0.065231  Q11c =  -0.076270  Q11s =   0.003270

C          x =  6.381020  y =-10.156810  z = -1.135700 angstrom
           Maximum rank =  2   Radius =  0.650 angstrom
                   Q00  =  -0.025478
|Q1| =   0.118926  Q10  =   0.016890  Q11c =  -0.100556  Q11s =  -0.061209
|Q2| =   1.284516  Q20  =  -1.172473  Q21c =  -0.151977  Q21s =  -0.408172
                   Q22c =  -0.276398  Q22s =  -0.095861

C          x = 12.342050  y =-14.618070  z = -0.883160 angstrom
           Maximum rank =  2   Radius =  0.650 angstrom
                   Q00  =  -0.065170
|Q1| =   0.096358  Q10  =   0.009155  Q11c =  -0.095559  Q11s =  -0.008333
|Q2| =   1.529856  Q20  =  -1.451233  Q21c =  -0.196911  Q21s =  -0.405533
                   Q22c =   0.112614  Q22s =  -0.135902

H          x = 13.415250  y =-14.540270  z = -0.982730 angstrom
           Maximum rank =  1   Radius =  0.350 angstrom
                   Q00  =   0.074209
|Q1| =   0.098516  Q10  =   0.010603  Q11c =  -0.096542  Q11s =  -0.016506

C          x =  5.381470  y = -8.023370  z = -1.433290 angstrom
           Maximum rank =  2   Radius =  0.650 angstrom
                   Q00  =  -0.041102
|Q1| =   0.086901  Q10  =   0.047366  Q11c =  -0.071302  Q11s =   0.014975
|Q2| =   1.246996  Q20  =  -1.173981  Q21c =  -0.147279  Q21s =  -0.349548
                   Q22c =  -0.042324  Q22s =  -0.176358

C          x = 10.126800  y =-13.928380  z = -0.818680 angstrom
           Maximum rank =  2   Radius =  0.650 angstrom
                   Q00  =  -0.335367
|Q1| =   0.492168  Q10  =  -0.086496  Q11c =   0.137507  Q11s =   0.464585
|Q2| =   1.458378  Q20  =  -1.209690  Q21c =  -0.167242  Q21s =  -0.217812
                   Q22c =   0.659136  Q22s =  -0.391974

C          x =  6.745030  y =-12.424030  z = -0.790690 angstrom
           Maximum rank =  2   Radius =  0.650 angstrom
                   Q00  =  -0.071468
|Q1| =   0.109894  Q10  =   0.038099  Q11c =  -0.025864  Q11s =   0.099781
|Q2| =   1.250472  Q20  =  -1.160109  Q21c =  -0.190853  Q21s =  -0.327874
                   Q22c =   0.169646  Q22s =  -0.212419

C          x =  4.822150  y =-12.676110  z =  0.752750 angstrom
           Maximum rank =  2   Radius =  0.650 angstrom
                   Q00  =  -0.060700
|Q1| =   0.078328  Q10  =  -0.003842  Q11c =   0.077709  Q11s =  -0.009044
|Q2| =   1.288936  Q20  =   0.641551  Q21c =  -0.550313  Q21s =  -0.018811
                   Q22c =  -0.944948  Q22s =   0.231610

C          x =  7.355510  y =-11.226590  z = -1.046190 angstrom
           Maximum rank =  2   Radius =  0.650 angstrom
                   Q00  =  -0.337772
|Q1| =   0.610744  Q10  =   0.086454  Q11c =  -0.594129  Q11s =  -0.112004
|Q2| =   1.360311  Q20  =  -1.179075  Q21c =  -0.093798  Q21s =  -0.398665
                   Q22c =  -0.385833  Q22s =  -0.378985

C          x =  4.450200  y =-12.988100  z = -1.754370 angstrom
           Maximum rank =  2   Radius =  0.650 angstrom
                   Q00  =  -0.059841
|Q1| =   0.067976  Q10  =  -0.012446  Q11c =  -0.003586  Q11s =   0.066731
|Q2| =   1.281880  Q20  =   0.344986  Q21c =  -0.083561  Q21s =   0.834700
                   Q22c =   0.742579  Q22s =   0.518720

C          x = 11.454850  y =-13.549390  z = -0.990450 angstrom
           Maximum rank =  2   Radius =  0.650 angstrom
                   Q00  =   0.077975
|Q1| =   0.126247  Q10  =  -0.018001  Q11c =  -0.028128  Q11s =   0.121750
|Q2| =   1.137895  Q20  =  -1.062942  Q21c =  -0.146024  Q21s =  -0.347389
                   Q22c =  -0.151123  Q22s =   0.010922

C          x =  8.960190  y =-13.088830  z = -0.862380 angstrom
           Maximum rank =  2   Radius =  0.650 angstrom
                   Q00  =  -0.304187
|Q1| =   0.416048  Q10  =   0.082036  Q11c =  -0.086818  Q11s =  -0.398533
|Q2| =   1.487544  Q20  =  -1.184583  Q21c =  -0.174683  Q21s =  -0.197034
                   Q22c =   0.742395  Q22s =  -0.434814

C          x = 11.721760  y =-15.838080  z = -0.628450 angstrom
           Maximum rank =  2   Radius =  0.650 angstrom
                   Q00  =  -0.312499
|Q1| =   0.435927  Q10  =  -0.038437  Q11c =   0.433701  Q11s =   0.021405
|Q2| =   1.414633  Q20  =  -1.146591  Q21c =  -0.073167  Q21s =  -0.434940
                   Q22c =  -0.654997  Q22s =  -0.250936

C          x = 11.038870  y =-20.330520  z =  0.178380 angstrom
           Maximum rank =  2   Radius =  0.650 angstrom
                   Q00  =  -0.038515
|Q1| =   0.071349  Q10  =  -0.008279  Q11c =   0.069418  Q11s =   0.014259
|Q2| =   1.222260  Q20  =  -1.144878  Q21c =  -0.183492  Q21s =  -0.362835
                   Q22c =  -0.045801  Q22s =   0.125528

C          x = 12.505510  y =-17.009750  z = -0.495740 angstrom
           Maximum rank =  2   Radius =  0.650 angstrom
                   Q00  =   0.021914
|Q1| =   0.021362  Q10  =   0.001279  Q11c =   0.014882  Q11s =  -0.015272
|Q2| =   1.369359  Q20  =  -1.287224  Q21c =  -0.163206  Q21s =  -0.405602
                   Q22c =  -0.149444  Q22s =  -0.068681

H          x = 13.552530  y =-16.769590  z = -0.620330 angstrom
           Maximum rank =  1   Radius =  0.350 angstrom
                   Q00  =   0.092385
|Q1| =   0.071437  Q10  =   0.011773  Q11c =  -0.054435  Q11s =  -0.044737

C          x =  4.364240  y =-14.450770  z =  2.332650 angstrom
           Maximum rank =  2   Radius =  0.650 angstrom
                   Q00  =  -0.032640
|Q1| =   0.075457  Q10  =  -0.004471  Q11c =   0.003862  Q11s =   0.075225
|Q2| =   1.412863  Q20  =   0.528356  Q21c =  -0.470983  Q21s =  -0.010817
                   Q22c =  -1.203404  Q22s =   0.216563

H          x =  4.242340  y =-15.510650  z =  2.529840 angstrom
           Maximum rank =  1   Radius =  0.350 angstrom
                   Q00  =   0.048644
|Q1| =   0.115344  Q10  =  -0.019201  Q11c =   0.014088  Q11s =   0.112859

C          x = 10.869160  y =-18.878570  z = -0.051440 angstrom
           Maximum rank =  2   Radius =  0.650 angstrom
                   Q00  =   0.192338
|Q1| =   0.029381  Q10  =  -0.000471  Q11c =  -0.025801  Q11s =   0.014048
|Q2| =   0.764179  Q20  =  -0.693280  Q21c =  -0.067227  Q21s =  -0.169627
                   Q22c =   0.106077  Q22s =  -0.242461

C          x = 13.121160  y =-11.916940  z = -1.393470 angstrom
           Maximum rank =  2   Radius =  0.650 angstrom
                   Q00  =   0.170494
|Q1| =   0.143191  Q10  =   0.008724  Q11c =  -0.142336  Q11s =   0.012964
|Q2| =   0.145042  Q20  =  -0.079843  Q21c =  -0.032708  Q21s =  -0.027020
                   Q22c =   0.035921  Q22s =   0.107574

H          x = 13.691780  y =-12.146450  z = -0.489100 angstrom
           Maximum rank =  1   Radius =  0.350 angstrom
                   Q00  =   0.047661
|Q1| =   0.113158  Q10  =  -0.071930  Q11c =  -0.086825  Q11s =  -0.009606

H          x = 13.557770  y =-12.440710  z = -2.248620 angstrom
           Maximum rank =  1   Radius =  0.350 angstrom
                   Q00  =   0.047599
|Q1| =   0.113073  Q10  =   0.083205  Q11c =  -0.074818  Q11s =   0.016272

C          x = 15.278000  y =-18.193660  z = -0.523700 angstrom
           Maximum rank =  2   Radius =  0.650 angstrom
                   Q00  =   0.060897
|Q1| =   0.100780  Q10  =   0.017442  Q11c =  -0.016251  Q11s =  -0.097919
|Q2| =   1.201754  Q20  =  -0.659296  Q21c =  -0.203396  Q21s =  -0.341056
                   Q22c =  -0.416386  Q22s =   0.823695

C          x =  2.946320  y =-14.198400  z = -3.817520 angstrom
           Maximum rank =  2   Radius =  0.650 angstrom
                   Q00  =  -0.077999
|Q1| =   0.121914  Q10  =   0.089021  Q11c =   0.064914  Q11s =   0.052198
|Q2| =   1.147981  Q20  =   0.333270  Q21c =  -0.087699  Q21s =   0.711491
                   Q22c =   0.727662  Q22s =   0.404214

C          x = 12.219270  y =-18.325190  z = -0.252780 angstrom
           Maximum rank =  2   Radius =  0.650 angstrom
                   Q00  =  -0.066298
|Q1| =   0.063113  Q10  =   0.011334  Q11c =  -0.029685  Q11s =  -0.054531
|Q2| =   1.339399  Q20  =  -1.250004  Q21c =  -0.168765  Q21s =  -0.408602
                   Q22c =  -0.189169  Q22s =   0.016040

C          x =  4.396330  y =-12.192080  z =  3.082250 angstrom
           Maximum rank =  2   Radius =  0.650 angstrom
                   Q00  =  -0.033326
|Q1| =   0.074999  Q10  =  -0.050008  Q11c =   0.007116  Q11s =  -0.055439
|Q2| =   1.405745  Q20  =   0.613783  Q21c =  -0.469581  Q21s =   0.152784
                   Q22c =  -1.151132  Q22s =   0.174457

H          x =  4.301040  y =-11.456170  z =  3.873310 angstrom
           Maximum rank =  1   Radius =  0.350 angstrom
                   Q00  =   0.044790
|Q1| =   0.117601  Q10  =  -0.087157  Q11c =   0.010772  Q11s =  -0.078215

C          x = 10.433120  y =-22.583490  z =  0.604720 angstrom
           Maximum rank =  2   Radius =  0.650 angstrom
                   Q00  =  -0.304234
|Q1| =   0.625687  Q10  =  -0.108044  Q11c =   0.441159  Q11s =   0.430336
|Q2| =   1.075826  Q20  =  -0.882601  Q21c =  -0.030323  Q21s =  -0.215387
                   Q22c =   0.003700  Q22s =  -0.575406

C          x = 10.055080  y =-21.262760  z =  0.413940 angstrom
           Maximum rank =  2   Radius =  0.650 angstrom
                   Q00  =   0.008140
|Q1| =   0.100617  Q10  =  -0.014810  Q11c =   0.089966  Q11s =   0.042552
|Q2| =   1.314566  Q20  =  -1.241965  Q21c =  -0.151611  Q21s =  -0.343808
                   Q22c =   0.072941  Q22s =  -0.197729

H          x =  9.014110  y =-20.969720  z =  0.448750 angstrom
           Maximum rank =  1   Radius =  0.350 angstrom
                   Q00  =   0.087531
|Q1| =   0.095789  Q10  =  -0.008905  Q11c =   0.095095  Q11s =   0.007295

C          x =  3.087490  y =-13.236920  z = -1.600730 angstrom
           Maximum rank =  2   Radius =  0.650 angstrom
                   Q00  =  -0.051660
|Q1| =   0.103929  Q10  =  -0.043195  Q11c =   0.093982  Q11s =  -0.010146
|Q2| =   1.488270  Q20  =   0.565171  Q21c =  -0.191773  Q21s =   0.836635
                   Q22c =   0.954524  Q22s =   0.497673

H          x =  2.595000  y =-12.976980  z = -0.671620 angstrom
           Maximum rank =  1   Radius =  0.350 angstrom
                   Q00  =   0.073956
|Q1| =   0.106473  Q10  =  -0.058746  Q11c =   0.087237  Q11s =  -0.016583

C          x =  4.224380  y =-13.537820  z =  3.376700 angstrom
           Maximum rank =  2   Radius =  0.650 angstrom
                   Q00  =  -0.078243
|Q1| =   0.121360  Q10  =  -0.112083  Q11c =   0.028486  Q11s =   0.036798
|Q2| =   1.148691  Q20  =   0.559331  Q21c =  -0.413608  Q21s =  -0.019055
                   Q22c =  -0.899582  Q22s =   0.161112

C          x =  4.304550  y =-13.945320  z = -3.969620 angstrom
           Maximum rank =  2   Radius =  0.650 angstrom
                   Q00  =  -0.032269
|Q1| =   0.074979  Q10  =   0.062341  Q11c =  -0.039723  Q11s =   0.012555
|Q2| =   1.401908  Q20  =   0.444347  Q21c =  -0.282422  Q21s =   0.847840
                   Q22c =   0.893150  Q22s =   0.414235

H          x =  4.797630  y =-14.217280  z = -4.896730 angstrom
           Maximum rank =  1   Radius =  0.350 angstrom
                   Q00  =   0.046724
|Q1| =   0.116348  Q10  =   0.099675  Q11c =  -0.052522  Q11s =   0.029037

C          x = 12.391480  y =-20.659620  z =  0.124360 angstrom
           Maximum rank =  2   Radius =  0.650 angstrom
                   Q00  =  -0.019683
|Q1| =   0.080404  Q10  =  -0.003003  Q11c =  -0.064837  Q11s =   0.047454
|Q2| =   1.232379  Q20  =  -1.155267  Q21c =  -0.150396  Q21s =  -0.370797
                   Q22c =  -0.152002  Q22s =  -0.030054

C          x = 13.178560  y =-19.426220  z = -0.146040 angstrom
           Maximum rank =  2   Radius =  0.650 angstrom
                   Q00  =   0.031847
|Q1| =   0.043700  Q10  =   0.006121  Q11c =  -0.038680  Q11s =  -0.019394
|Q2| =   1.163454  Q20  =  -1.076836  Q21c =  -0.178354  Q21s =  -0.271813
                   Q22c =   0.297005  Q22s =  -0.012007

C          x =  2.151180  y =-14.873780  z = -4.901940 angstrom
           Maximum rank =  2   Radius =  0.650 angstrom
                   Q00  =   0.023079
|Q1| =   0.022404  Q10  =   0.012025  Q11c =   0.011987  Q11s =   0.014617
|Q2| =   0.105333  Q20  =   0.040607  Q21c =   0.066454  Q21s =   0.056692
                   Q22c =   0.026015  Q22s =   0.033753

H          x =  2.594090  y =-14.702550  z = -5.884140 angstrom
           Maximum rank =  1   Radius =  0.350 angstrom
                   Q00  =   0.025439
|Q1| =   0.124749  Q10  =   0.123867  Q11c =  -0.013398  Q11s =   0.006309

H          x =  1.122700  y =-14.509470  z = -4.925780 angstrom
           Maximum rank =  1   Radius =  0.350 angstrom
                   Q00  =   0.025648
|Q1| =   0.125098  Q10  =   0.038083  Q11c =   0.118668  Q11s =  -0.010820

C          x =  2.351480  y =-13.828860  z = -2.614120 angstrom
           Maximum rank =  2   Radius =  0.650 angstrom
                   Q00  =  -0.033669
|Q1| =   0.076883  Q10  =  -0.016340  Q11c =   0.075107  Q11s =   0.001754
|Q2| =   1.412212  Q20  =   0.307827  Q21c =  -0.218725  Q21s =   0.794165
                   Q22c =   0.987560  Q22s =   0.495753

H          x =  1.292250  y =-14.009730  z = -2.464810 angstrom
           Maximum rank =  1   Radius =  0.350 angstrom
                   Q00  =   0.046356
|Q1| =   0.117113  Q10  =  -0.017593  Q11c =   0.114163  Q11s =   0.019310

C          x =  3.881590  y =-14.001010  z =  4.766760 angstrom
           Maximum rank =  2   Radius =  0.650 angstrom
                   Q00  =   0.023194
|Q1| =   0.023513  Q10  =  -0.017058  Q11c =   0.010483  Q11s =   0.012328
|Q2| =   0.102732  Q20  =   0.088877  Q21c =  -0.029652  Q21s =  -0.038369
                   Q22c =  -0.017111  Q22s =   0.003238

H          x =  4.472770  y =-14.874110  z =  5.050360 angstrom
           Maximum rank =  1   Radius =  0.350 angstrom
                   Q00  =   0.028031
|Q1| =   0.124124  Q10  =  -0.071809  Q11c =  -0.041535  Q11s =   0.092332

H          x =  4.063510  y =-13.216600  z =  5.502370 angstrom
           Maximum rank =  1   Radius =  0.350 angstrom
                   Q00  =   0.023590
|Q1| =   0.125504  Q10  =  -0.112293  Q11c =  -0.005291  Q11s =  -0.055799

C          x = 11.785680  y =-22.933940  z =  0.554260 angstrom
           Maximum rank =  2   Radius =  0.650 angstrom
                   Q00  =  -0.298321
|Q1| =   0.615391  Q10  =  -0.084777  Q11c =  -0.169167  Q11s =   0.585578
|Q2| =   1.093650  Q20  =  -0.872772  Q21c =  -0.215057  Q21s =  -0.196891
                   Q22c =   0.520622  Q22s =   0.279779

C          x = 12.770140  y =-21.981100  z =  0.315180 angstrom
           Maximum rank =  2   Radius =  0.650 angstrom
                   Q00  =  -0.007144
|Q1| =   0.090124  Q10  =  -0.006263  Q11c =  -0.061796  Q11s =   0.065302
|Q2| =   1.373836  Q20  =  -1.295972  Q21c =  -0.200225  Q21s =  -0.351702
                   Q22c =   0.208575  Q22s =  -0.024424

H          x = 13.797650  y =-22.307000  z =  0.286840 angstrom
           Maximum rank =  1   Radius =  0.350 angstrom
                   Q00  =   0.097634
|Q1| =   0.079200  Q10  =  -0.006411  Q11c =  -0.049420  Q11s =   0.061557

C          x = 14.539590  y =-19.385880  z = -0.263430 angstrom
           Maximum rank =  2   Radius =  0.650 angstrom
                   Q00  =  -0.019865
|Q1| =   0.024233  Q10  =  -0.002240  Q11c =   0.024128  Q11s =  -0.000259
|Q2| =   1.307097  Q20  =  -1.238148  Q21c =  -0.189001  Q21s =  -0.348525
                   Q22c =   0.134538  Q22s =  -0.014124

N          x = 16.063490  y =-21.450030  z = -0.041190 angstrom
           Maximum rank =  2   Radius =  0.650 angstrom
                   Q00  =  -0.221299
|Q1| =   0.561430  Q10  =  -0.052365  Q11c =  -0.313932  Q11s =   0.462502
|Q2| =   0.621627  Q20  =  -0.333714  Q21c =   0.044385  Q21s =  -0.069397
                   Q22c =  -0.077210  Q22s =  -0.512160

C          x = 15.368980  y =-20.539290  z = -0.137420 angstrom
           Maximum rank =  2   Radius =  0.650 angstrom
                   Q00  =   0.057839
|Q1| =   0.106373  Q10  =  -0.015006  Q11c =  -0.028529  Q11s =   0.101371
|Q2| =   1.210938  Q20  =  -0.698437  Q21c =   0.078079  Q21s =  -0.176889
                   Q22c =  -0.273310  Q22s =  -0.930844

H          x = -2.645970  y = -7.915310  z = -0.767880 angstrom
           Maximum rank =  1   Radius =  0.350 angstrom
                   Q00  =   0.050057
|Q1| =   0.103563  Q10  =  -0.018914  Q11c =   0.046222  Q11s =   0.090726

H          x =  8.387590  y = -2.805500  z =  2.400720 angstrom
           Maximum rank =  1   Radius =  0.350 angstrom
                   Q00  =   0.031710
|Q1| =   0.123512  Q10  =  -0.021252  Q11c =  -0.029429  Q11s =  -0.118057

H          x =  2.112050  y =-15.955240  z = -4.742740 angstrom
           Maximum rank =  1   Radius =  0.350 angstrom
                   Q00  =   0.031852
|Q1| =   0.123354  Q10  =   0.021022  Q11c =   0.029473  Q11s =   0.117922

H          x = 13.146550  y =-10.845530  z = -1.574580 angstrom
           Maximum rank =  1   Radius =  0.350 angstrom
                   Q00  =   0.050108
|Q1| =   0.103513  Q10  =   0.018762  Q11c =  -0.046208  Q11s =  -0.090707

H          x =  7.673160  y = -4.477620  z = -7.180300 angstrom
           Maximum rank =  1   Radius =  0.350 angstrom
                   Q00  =   0.030577
|Q1| =   0.124107  Q10  =   0.051594  Q11c =  -0.105710  Q11s =  -0.039572

H          x =  2.827620  y =-14.284050  z =  4.837510 angstrom
           Maximum rank =  1   Radius =  0.350 angstrom
                   Q00  =   0.030292
|Q1| =   0.124395  Q10  =  -0.051828  Q11c =   0.105880  Q11s =   0.039716

Total multipoles referred to origin at
           x =   0.000000,  y =    0.000000,  z =    0.000000 angstrom
                   Q00  =  -0.000033
|Q1| =   0.111260  Q10  =  -0.074475  Q11c =  -0.041976  Q11s =   0.071205
|Q2| = 340.860883  Q20  = 161.892567  Q21c = -33.664439  Q21s =  34.956568
                   Q22c =  48.632779  Q22s = 291.987217

CPU time used:     85m35.960s          Total:     85m35.960s

Finished at 2:52:15 on 27 Jun 2021  
