                                     G D M A

                                 by Anthony Stone

                         version 2.2.11, 04 February 2015

               Distributed Multipoles from Gaussian wavefunctions


Starting at 1:26:51 on 27 Jun 2021  

s1S0



Using CI density matrix from file sN_my.fchk


                         Distributed Multipole Analysis

Standard DMA for products of primitives with exponent greater than 4.00000
Using 80-point Euler-MacLaurin radial quadrature
Using 590-point Lebedev quadrature
Becke smoothing parameter = 3

Positions and radii in angstrom
Multipole moments in atomic units, ea_0^k for rank k

S          x =  1.441470  y = -7.401430  z = -1.176460 angstrom
           Maximum rank =  2   Radius =  0.650 angstrom
                   Q00  =   0.783954
|Q1| =   1.011043  Q10  =  -0.184645  Q11c =   0.691770  Q11s =   0.713841
|Q2| =   2.413789  Q20  =  -2.122839  Q21c =  -0.190709  Q21s =  -0.504815
                   Q22c =   0.363861  Q22s =  -0.946747

Cl         x =  1.293740  y =  5.007950  z = -3.244790 angstrom
           Maximum rank =  2   Radius =  0.650 angstrom
                   Q00  =   0.288921
|Q1| =   0.815763  Q10  =   0.140382  Q11c =  -0.576925  Q11s =  -0.559392
|Q2| =   2.199891  Q20  =  -1.018343  Q21c =  -0.462228  Q21s =  -0.456842
                   Q22c =   0.035682  Q22s =   1.838170

N          x = -5.390100  y = -1.517360  z = -1.609450 angstrom
           Maximum rank =  2   Radius =  0.650 angstrom
                   Q00  =  -0.230903
|Q1| =   0.571654  Q10  =  -0.104770  Q11c =   0.270567  Q11s =   0.492550
|Q2| =   0.620186  Q20  =  -0.302500  Q21c =  -0.117311  Q21s =  -0.155333
                   Q22c =  -0.127730  Q22s =   0.488792

S          x =  0.507520  y = -3.136520  z = -1.818350 angstrom
           Maximum rank =  2   Radius =  0.650 angstrom
                   Q00  =   0.807173
|Q1| =   0.916406  Q10  =   0.138950  Q11c =  -0.780280  Q11s =  -0.460060
|Q2| =   2.446842  Q20  =  -2.160912  Q21c =  -0.154787  Q21s =  -0.692166
                   Q22c =  -0.601104  Q22s =  -0.673141

Cl         x = -1.784240  y =  5.814990  z = -3.131540 angstrom
           Maximum rank =  2   Radius =  0.650 angstrom
                   Q00  =   0.294330
|Q1| =   0.811865  Q10  =   0.112496  Q11c =   0.214894  Q11s =  -0.774784
|Q2| =   2.186561  Q20  =  -1.069785  Q21c =   0.135827  Q21s =  -0.500207
                   Q22c =  -1.541041  Q22s =  -0.996566

C          x =  2.847770  y = -5.272330  z = -1.663020 angstrom
           Maximum rank =  2   Radius =  0.650 angstrom
                   Q00  =  -0.046292
|Q1| =   0.102099  Q10  =  -0.012625  Q11c =  -0.008423  Q11s =  -0.100964
|Q2| =   1.481447  Q20  =  -1.384616  Q21c =  -0.237281  Q21s =  -0.463838
                   Q22c =  -0.040617  Q22s =  -0.066539

H          x =  3.122760  y = -4.247480  z = -1.871390 angstrom
           Maximum rank =  1   Radius =  0.350 angstrom
                   Q00  =   0.087724
|Q1| =   0.093475  Q10  =   0.014072  Q11c =  -0.015411  Q11s =  -0.091115

C          x =  3.976740  y = -9.964460  z = -0.948240 angstrom
           Maximum rank =  2   Radius =  0.650 angstrom
                   Q00  =  -0.018199
|Q1| =   0.106720  Q10  =  -0.046365  Q11c =   0.089572  Q11s =   0.034876
|Q2| =   1.453967  Q20  =  -1.381652  Q21c =  -0.196247  Q21s =  -0.406962
                   Q22c =  -0.006161  Q22s =  -0.029811

H          x =  2.998790  y =-10.400360  z = -0.783380 angstrom
           Maximum rank =  1   Radius =  0.350 angstrom
                   Q00  =   0.082928
|Q1| =   0.103204  Q10  =  -0.017930  Q11c =   0.099353  Q11s =   0.021414

C          x =  5.844110  y = -4.730710  z = -3.390120 angstrom
           Maximum rank =  2   Radius =  0.650 angstrom
                   Q00  =  -0.049060
|Q1| =   0.102080  Q10  =  -0.014599  Q11c =  -0.003016  Q11s =  -0.100985
|Q2| =   1.475977  Q20  =   0.751368  Q21c =  -0.434554  Q21s =   0.092298
                   Q22c =  -1.167846  Q22s =   0.229638

H          x =  5.753280  y = -3.994650  z = -2.600180 angstrom
           Maximum rank =  1   Radius =  0.350 angstrom
                   Q00  =   0.074396
|Q1| =   0.105675  Q10  =  -0.037279  Q11c =   0.009760  Q11s =  -0.098398

O          x = -1.253330  y = -6.504560  z = -1.110140 angstrom
           Maximum rank =  2   Radius =  0.650 angstrom
                   Q00  =  -0.392496
|Q1| =   0.519291  Q10  =  -0.047205  Q11c =  -0.302974  Q11s =   0.419095
|Q2| =   1.135859  Q20  =  -0.651404  Q21c =  -0.228296  Q21s =  -0.282749
                   Q22c =  -0.070807  Q22s =   0.853680

C          x =  5.808730  y = -6.995640  z = -4.135890 angstrom
           Maximum rank =  2   Radius =  0.650 angstrom
                   Q00  =  -0.034959
|Q1| =   0.097397  Q10  =   0.045138  Q11c =  -0.022881  Q11s =   0.083218
|Q2| =   1.472737  Q20  =   0.596930  Q21c =  -0.496399  Q21s =  -0.092819
                   Q22c =  -1.227494  Q22s =   0.225520

H          x =  5.674170  y = -8.053100  z = -3.949700 angstrom
           Maximum rank =  1   Radius =  0.350 angstrom
                   Q00  =   0.076861
|Q1| =   0.098491  Q10  =   0.042888  Q11c =   0.006189  Q11s =   0.088447

C          x =  5.262760  y = -6.509170  z = -1.679990 angstrom
           Maximum rank =  2   Radius =  0.650 angstrom
                   Q00  =  -0.009560
|Q1| =   0.059980  Q10  =   0.011243  Q11c =  -0.046860  Q11s =  -0.035713
|Q2| =   0.189034  Q20  =   0.018843  Q21c =   0.035307  Q21s =  -0.077137
                   Q22c =   0.025226  Q22s =   0.165969

O          x =  0.686390  y = -0.476870  z = -2.276020 angstrom
           Maximum rank =  2   Radius =  0.650 angstrom
                   Q00  =  -0.415547
|Q1| =   0.556982  Q10  =  -0.022644  Q11c =  -0.436826  Q11s =   0.344817
|Q2| =   0.974778  Q20  =  -0.168251  Q21c =   0.041653  Q21s =   0.121317
                   Q22c =   0.657501  Q22s =  -0.687840

C          x =  5.455500  y = -5.410490  z =  0.615470 angstrom
           Maximum rank =  2   Radius =  0.650 angstrom
                   Q00  =  -0.033720
|Q1| =   0.097258  Q10  =  -0.067466  Q11c =   0.065927  Q11s =  -0.023687
|Q2| =   1.456048  Q20  =   0.323006  Q21c =  -0.111701  Q21s =   0.843663
                   Q22c =   1.015003  Q22s =   0.511143

H          x =  4.400460  y = -5.596850  z =  0.771900 angstrom
           Maximum rank =  1   Radius =  0.350 angstrom
                   Q00  =   0.077007
|Q1| =   0.100524  Q10  =  -0.065322  Q11c =   0.076339  Q11s =  -0.003245

C          x =  4.119540  y = -8.604060  z = -1.206900 angstrom
           Maximum rank =  2   Radius =  0.650 angstrom
                   Q00  =  -0.025085
|Q1| =   0.118919  Q10  =  -0.017149  Q11c =   0.100334  Q11s =   0.061487
|Q2| =   1.283658  Q20  =  -1.171606  Q21c =  -0.151772  Q21s =  -0.407929
                   Q22c =  -0.276617  Q22s =  -0.095704

C          x = -1.841480  y = -4.142790  z = -1.459430 angstrom
           Maximum rank =  2   Radius =  0.650 angstrom
                   Q00  =  -0.063902
|Q1| =   0.096065  Q10  =  -0.009301  Q11c =   0.095317  Q11s =   0.007522
|Q2| =   1.525756  Q20  =  -1.447364  Q21c =  -0.196286  Q21s =  -0.404321
                   Q22c =   0.112917  Q22s =  -0.135330

H          x = -2.914680  y = -4.220590  z = -1.359850 angstrom
           Maximum rank =  1   Radius =  0.350 angstrom
                   Q00  =   0.074398
|Q1| =   0.098393  Q10  =  -0.010636  Q11c =   0.096425  Q11s =   0.016440

C          x =  5.119090  y =-10.737490  z = -0.909310 angstrom
           Maximum rank =  2   Radius =  0.650 angstrom
                   Q00  =  -0.041015
|Q1| =   0.086988  Q10  =  -0.047604  Q11c =   0.071270  Q11s =  -0.014876
|Q2| =   1.246668  Q20  =  -1.173653  Q21c =  -0.147206  Q21s =  -0.349516
                   Q22c =  -0.042638  Q22s =  -0.176265

C          x =  0.373760  y = -4.832480  z = -1.523930 angstrom
           Maximum rank =  2   Radius =  0.650 angstrom
                   Q00  =  -0.334501
|Q1| =   0.492515  Q10  =   0.086278  Q11c =  -0.136654  Q11s =  -0.465245
|Q2| =   1.456472  Q20  =  -1.207736  Q21c =  -0.167000  Q21s =  -0.217379
                   Q22c =   0.658789  Q22s =  -0.391842

C          x =  3.755530  y = -6.336830  z = -1.551910 angstrom
           Maximum rank =  2   Radius =  0.650 angstrom
                   Q00  =  -0.071552
|Q1| =   0.109449  Q10  =  -0.038440  Q11c =   0.025728  Q11s =  -0.099195
|Q2| =   1.250745  Q20  =  -1.160365  Q21c =  -0.190776  Q21s =  -0.327947
                   Q22c =   0.169562  Q22s =  -0.212652

C          x =  5.678410  y = -6.084760  z = -3.095360 angstrom
           Maximum rank =  2   Radius =  0.650 angstrom
                   Q00  =  -0.060980
|Q1| =   0.078378  Q10  =   0.003819  Q11c =  -0.077757  Q11s =   0.009073
|Q2| =   1.289612  Q20  =   0.642030  Q21c =  -0.550663  Q21s =  -0.018911
                   Q22c =  -0.945296  Q22s =   0.231786

C          x =  3.145050  y = -7.534270  z = -1.296410 angstrom
           Maximum rank =  2   Radius =  0.650 angstrom
                   Q00  =  -0.338481
|Q1| =   0.610789  Q10  =  -0.086704  Q11c =   0.594203  Q11s =   0.111661
|Q2| =   1.362244  Q20  =  -1.181020  Q21c =  -0.093898  Q21s =  -0.399139
                   Q22c =  -0.385632  Q22s =  -0.379553

C          x =  6.050370  y = -5.772760  z = -0.588240 angstrom
           Maximum rank =  2   Radius =  0.650 angstrom
                   Q00  =  -0.059794
|Q1| =   0.067764  Q10  =   0.012323  Q11c =   0.003571  Q11s =  -0.066539
|Q2| =   1.281785  Q20  =   0.344993  Q21c =  -0.083619  Q21s =   0.834634
                   Q22c =   0.742496  Q22s =   0.518697

C          x = -0.954290  y = -5.211470  z = -1.352140 angstrom
           Maximum rank =  2   Radius =  0.650 angstrom
                   Q00  =   0.077398
|Q1| =   0.126170  Q10  =   0.017818  Q11c =   0.027514  Q11s =  -0.121838
|Q2| =   1.138999  Q20  =  -1.064073  Q21c =  -0.146070  Q21s =  -0.347647
                   Q22c =  -0.150888  Q22s =   0.010284

C          x =  1.540380  y = -5.672030  z = -1.480230 angstrom
           Maximum rank =  2   Radius =  0.650 angstrom
                   Q00  =  -0.304915
|Q1| =   0.416191  Q10  =  -0.082276  Q11c =   0.085953  Q11s =   0.398820
|Q2| =   1.489716  Q20  =  -1.186682  Q21c =  -0.174874  Q21s =  -0.197502
                   Q22c =   0.742709  Q22s =  -0.435698

C          x = -1.221190  y = -2.922780  z = -1.714150 angstrom
           Maximum rank =  2   Radius =  0.650 angstrom
                   Q00  =  -0.313386
|Q1| =   0.436005  Q10  =   0.038064  Q11c =  -0.433840  Q11s =  -0.020823
|Q2| =   1.416379  Q20  =  -1.148133  Q21c =  -0.073305  Q21s =  -0.435461
                   Q22c =  -0.655440  Q22s =  -0.251634

C          x = -0.538250  y =  1.569640  z = -2.520980 angstrom
           Maximum rank =  2   Radius =  0.650 angstrom
                   Q00  =  -0.038522
|Q1| =   0.071060  Q10  =   0.007993  Q11c =  -0.069202  Q11s =  -0.014023
|Q2| =   1.222224  Q20  =  -1.144873  Q21c =  -0.183471  Q21s =  -0.362801
                   Q22c =  -0.045887  Q22s =   0.125318

C          x = -2.004940  y = -1.751110  z = -1.846860 angstrom
           Maximum rank =  2   Radius =  0.650 angstrom
                   Q00  =   0.024260
|Q1| =   0.020776  Q10  =  -0.001370  Q11c =  -0.015065  Q11s =   0.014241
|Q2| =   1.362427  Q20  =  -1.280701  Q21c =  -0.162332  Q21s =  -0.403559
                   Q22c =  -0.148797  Q22s =  -0.068264

H          x = -3.051960  y = -1.991250  z = -1.722260 angstrom
           Maximum rank =  1   Radius =  0.350 angstrom
                   Q00  =   0.092715
|Q1| =   0.071311  Q10  =  -0.011799  Q11c =   0.054323  Q11s =   0.044665

C          x =  6.136320  y = -4.310110  z = -4.675270 angstrom
           Maximum rank =  2   Radius =  0.650 angstrom
                   Q00  =  -0.032447
|Q1| =   0.075376  Q10  =   0.004371  Q11c =  -0.003767  Q11s =  -0.075154
|Q2| =   1.412086  Q20  =   0.528115  Q21c =  -0.470732  Q21s =  -0.011050
                   Q22c =  -1.202699  Q22s =   0.216534

H          x =  6.258210  y = -3.250230  z = -4.872470 angstrom
           Maximum rank =  1   Radius =  0.350 angstrom
                   Q00  =   0.048899
|Q1| =   0.115122  Q10  =   0.019097  Q11c =  -0.014034  Q11s =  -0.112656

C          x = -0.368560  y =  0.117680  z = -2.291170 angstrom
           Maximum rank =  2   Radius =  0.650 angstrom
                   Q00  =   0.192618
|Q1| =   0.029195  Q10  =   0.000294  Q11c =   0.025522  Q11s =  -0.014174
|Q2| =   0.763296  Q20  =  -0.692380  Q21c =  -0.067179  Q21s =  -0.169265
                   Q22c =   0.106573  Q22s =  -0.242300

C          x = -2.620590  y = -6.843900  z = -0.949030 angstrom
           Maximum rank =  2   Radius =  0.650 angstrom
                   Q00  =   0.170469
|Q1| =   0.143202  Q10  =  -0.008817  Q11c =   0.142336  Q11s =  -0.013016
|Q2| =   0.144797  Q20  =  -0.079776  Q21c =  -0.032683  Q21s =  -0.026807
                   Q22c =   0.035659  Q22s =   0.107441

H          x = -3.191260  y = -6.614410  z = -1.853360 angstrom
           Maximum rank =  1   Radius =  0.350 angstrom
                   Q00  =   0.047704
|Q1| =   0.113106  Q10  =   0.071836  Q11c =   0.086836  Q11s =   0.009598

H          x = -3.057140  y = -6.320100  z = -0.093870 angstrom
           Maximum rank =  1   Radius =  0.350 angstrom
                   Q00  =   0.047383
|Q1| =   0.113239  Q10  =  -0.083352  Q11c =   0.074898  Q11s =  -0.016309

C          x = -4.777400  y = -0.567200  z = -1.819010 angstrom
           Maximum rank =  2   Radius =  0.650 angstrom
                   Q00  =   0.061345
|Q1| =   0.101219  Q10  =  -0.017763  Q11c =   0.015996  Q11s =   0.098356
|Q2| =   1.200607  Q20  =  -0.658090  Q21c =  -0.203180  Q21s =  -0.340672
                   Q22c =  -0.416295  Q22s =   0.823246

C          x =  7.554240  y = -4.562470  z =  1.474920 angstrom
           Maximum rank =  2   Radius =  0.650 angstrom
                   Q00  =  -0.078055
|Q1| =   0.121933  Q10  =  -0.089185  Q11c =  -0.064927  Q11s =  -0.051945
|Q2| =   1.148137  Q20  =   0.333202  Q21c =  -0.087715  Q21s =   0.711595
                   Q22c =   0.727732  Q22s =   0.404398

C          x = -1.718680  y = -0.435680  z = -2.089850 angstrom
           Maximum rank =  2   Radius =  0.650 angstrom
                   Q00  =  -0.066340
|Q1| =   0.064218  Q10  =  -0.011765  Q11c =   0.029709  Q11s =   0.055704
|Q2| =   1.338675  Q20  =  -1.249220  Q21c =  -0.168528  Q21s =  -0.408437
                   Q22c =  -0.189814  Q22s =   0.015750

C          x =  6.104210  y = -6.568800  z = -5.424860 angstrom
           Maximum rank =  2   Radius =  0.650 angstrom
                   Q00  =  -0.033234
|Q1| =   0.074951  Q10  =   0.049876  Q11c =  -0.007079  Q11s =   0.055496
|Q2| =   1.405365  Q20  =   0.613888  Q21c =  -0.469508  Q21s =   0.152735
                   Q22c =  -1.150653  Q22s =   0.174425

H          x =  6.199480  y = -7.304710  z = -6.215920 angstrom
           Maximum rank =  1   Radius =  0.350 angstrom
                   Q00  =   0.044909
|Q1| =   0.117500  Q10  =   0.087025  Q11c =  -0.010745  Q11s =   0.078213

C          x =  0.067550  y =  3.822600  z = -2.947280 angstrom
           Maximum rank =  2   Radius =  0.650 angstrom
                   Q00  =  -0.303388
|Q1| =   0.625749  Q10  =   0.107760  Q11c =  -0.441418  Q11s =  -0.430233
|Q2| =   1.073638  Q20  =  -0.879718  Q21c =  -0.029897  Q21s =  -0.214551
                   Q22c =   0.003523  Q22s =  -0.576070

C          x =  0.445560  y =  2.501870  z = -2.756520 angstrom
           Maximum rank =  2   Radius =  0.650 angstrom
                   Q00  =   0.008649
|Q1| =   0.100540  Q10  =   0.014542  Q11c =  -0.089876  Q11s =  -0.042650
|Q2| =   1.312590  Q20  =  -1.240101  Q21c =  -0.151559  Q21s =  -0.343214
                   Q22c =   0.073099  Q22s =  -0.197313

H          x =  1.486530  y =  2.208800  z = -2.791320 angstrom
           Maximum rank =  1   Radius =  0.350 angstrom
                   Q00  =   0.087852
|Q1| =   0.095505  Q10  =   0.008823  Q11c =  -0.094820  Q11s =  -0.007243

C          x =  7.413070  y = -5.523920  z = -0.741890 angstrom
           Maximum rank =  2   Radius =  0.650 angstrom
                   Q00  =  -0.051533
|Q1| =   0.103889  Q10  =   0.043027  Q11c =  -0.093984  Q11s =   0.010419
|Q2| =   1.487842  Q20  =   0.564966  Q21c =  -0.191835  Q21s =   0.836271
                   Q22c =   0.954259  Q22s =   0.497721

H          x =  7.905550  y = -5.783840  z = -1.671000 angstrom
           Maximum rank =  1   Radius =  0.350 angstrom
                   Q00  =   0.074112
|Q1| =   0.106354  Q10  =   0.058642  Q11c =  -0.087158  Q11s =   0.016608

C          x =  6.276170  y = -5.223060  z = -5.719310 angstrom
           Maximum rank =  2   Radius =  0.650 angstrom
                   Q00  =  -0.077936
|Q1| =   0.121363  Q10  =   0.112093  Q11c =  -0.028492  Q11s =  -0.036777
|Q2| =   1.147702  Q20  =   0.558664  Q21c =  -0.413172  Q21s =  -0.018897
                   Q22c =  -0.898960  Q22s =   0.160989

C          x =  6.196020  y = -4.815580  z =  1.627020 angstrom
           Maximum rank =  2   Radius =  0.650 angstrom
                   Q00  =  -0.032431
|Q1| =   0.075083  Q10  =  -0.062505  Q11c =   0.039737  Q11s =  -0.012311
|Q2| =   1.402481  Q20  =   0.444467  Q21c =  -0.282484  Q21s =   0.848311
                   Q22c =   0.893437  Q22s =   0.414423

H          x =  5.702940  y = -4.543640  z =  2.554150 angstrom
           Maximum rank =  1   Radius =  0.350 angstrom
                   Q00  =   0.046548
|Q1| =   0.116505  Q10  =  -0.099824  Q11c =   0.052598  Q11s =  -0.029017

C          x = -1.890850  y =  1.898760  z = -2.466970 angstrom
           Maximum rank =  2   Radius =  0.650 angstrom
                   Q00  =  -0.020045
|Q1| =   0.080374  Q10  =   0.002789  Q11c =   0.064783  Q11s =  -0.047490
|Q2| =   1.233099  Q20  =  -1.155919  Q21c =  -0.150508  Q21s =  -0.371048
                   Q22c =  -0.152259  Q22s =  -0.029563

C          x = -2.677950  y =  0.665370  z = -2.196590 angstrom
           Maximum rank =  2   Radius =  0.650 angstrom
                   Q00  =   0.033327
|Q1| =   0.044472  Q10  =  -0.006370  Q11c =   0.039670  Q11s =   0.019066
|Q2| =   1.159180  Q20  =  -1.072588  Q21c =  -0.177631  Q21s =  -0.270407
                   Q22c =   0.297363  Q22s =  -0.012475

C          x =  8.349350  y = -3.887070  z =  2.559360 angstrom
           Maximum rank =  2   Radius =  0.650 angstrom
                   Q00  =   0.023076
|Q1| =   0.022379  Q10  =  -0.012162  Q11c =  -0.011932  Q11s =  -0.014509
|Q2| =   0.105228  Q20  =   0.040622  Q21c =   0.066139  Q21s =   0.056646
                   Q22c =   0.026261  Q22s =   0.033909

H          x =  7.906990  y = -4.059160  z =  3.541660 angstrom
           Maximum rank =  1   Radius =  0.350 angstrom
                   Q00  =   0.025228
|Q1| =   0.124935  Q10  =  -0.124063  Q11c =   0.013387  Q11s =  -0.006169

H          x =  9.378110  y = -4.250630  z =  2.582550 angstrom
           Maximum rank =  1   Radius =  0.350 angstrom
                   Q00  =   0.025607
|Q1| =   0.125135  Q10  =  -0.038102  Q11c =  -0.118702  Q11s =   0.010820

C          x =  8.149070  y = -4.931980  z =  0.271520 angstrom
           Maximum rank =  2   Radius =  0.650 angstrom
                   Q00  =  -0.033567
|Q1| =   0.076859  Q10  =   0.016156  Q11c =  -0.075127  Q11s =  -0.001468
|Q2| =   1.411839  Q20  =   0.307815  Q21c =  -0.218916  Q21s =   0.793865
                   Q22c =   0.987219  Q22s =   0.495775

H          x =  9.208290  y = -4.751090  z =  0.122200 angstrom
           Maximum rank =  1   Radius =  0.350 angstrom
                   Q00  =   0.046475
|Q1| =   0.117006  Q10  =   0.017514  Q11c =  -0.114074  Q11s =  -0.019254

C          x =  6.619000  y = -4.759890  z = -7.109370 angstrom
           Maximum rank =  2   Radius =  0.650 angstrom
                   Q00  =   0.023212
|Q1| =   0.023288  Q10  =   0.016878  Q11c =  -0.010436  Q11s =  -0.012188
|Q2| =   0.103557  Q20  =   0.089512  Q21c =  -0.029929  Q21s =  -0.038821
                   Q22c =  -0.017228  Q22s =   0.003467

H          x =  6.028400  y = -3.886320  z = -7.392710 angstrom
           Maximum rank =  1   Radius =  0.350 angstrom
                   Q00  =   0.028309
|Q1| =   0.123842  Q10  =   0.071589  Q11c =   0.041444  Q11s =  -0.092164

H          x =  6.436350  y = -5.544060  z = -7.845070 angstrom
           Maximum rank =  1   Radius =  0.350 angstrom
                   Q00  =   0.023763
|Q1| =   0.125308  Q10  =   0.112085  Q11c =   0.005374  Q11s =   0.055769

C          x = -1.285000  y =  4.173080  z = -2.896820 angstrom
           Maximum rank =  2   Radius =  0.650 angstrom
                   Q00  =  -0.297850
|Q1| =   0.615557  Q10  =   0.084490  Q11c =   0.169398  Q11s =  -0.585727
|Q2| =   1.092246  Q20  =  -0.870678  Q21c =  -0.214823  Q21s =  -0.196313
                   Q22c =   0.521206  Q22s =   0.280315

C          x = -2.269480  y =  3.220250  z = -2.657760 angstrom
           Maximum rank =  2   Radius =  0.650 angstrom
                   Q00  =  -0.006384
|Q1| =   0.089923  Q10  =   0.005966  Q11c =   0.061673  Q11s =  -0.065169
|Q2| =   1.371217  Q20  =  -1.293513  Q21c =  -0.199622  Q21s =  -0.350977
                   Q22c =   0.208329  Q22s =  -0.024994

H          x = -3.296980  y =  3.546170  z = -2.629420 angstrom
           Maximum rank =  1   Radius =  0.350 angstrom
                   Q00  =   0.097880
|Q1| =   0.078957  Q10  =   0.006335  Q11c =   0.049302  Q11s =  -0.061347

C          x = -4.038980  y =  0.625030  z = -2.079240 angstrom
           Maximum rank =  2   Radius =  0.650 angstrom
                   Q00  =  -0.018661
|Q1| =   0.025049  Q10  =   0.002050  Q11c =  -0.024963  Q11s =   0.000348
|Q2| =   1.303273  Q20  =  -1.234512  Q21c =  -0.188456  Q21s =  -0.347426
                   Q22c =   0.134501  Q22s =  -0.013765

N          x = -5.562920  y =  2.689160  z = -2.301470 angstrom
           Maximum rank =  2   Radius =  0.650 angstrom
                   Q00  =  -0.219065
|Q1| =   0.560098  Q10  =   0.051937  Q11c =   0.313223  Q11s =  -0.461415
|Q2| =   0.620392  Q20  =  -0.332260  Q21c =   0.044619  Q21s =  -0.069171
                   Q22c =  -0.077244  Q22s =  -0.511613

C          x = -4.868380  y =  1.778430  z = -2.205240 angstrom
           Maximum rank =  2   Radius =  0.650 angstrom
                   Q00  =   0.058044
|Q1| =   0.106709  Q10  =   0.014757  Q11c =   0.028720  Q11s =  -0.101706
|Q2| =   1.210282  Q20  =  -0.697288  Q21c =   0.078266  Q21s =  -0.176595
                   Q22c =  -0.273438  Q22s =  -0.930855

S          x =  9.059100  y =-11.359430  z = -1.166140 angstrom
           Maximum rank =  2   Radius =  0.650 angstrom
                   Q00  =   0.783855
|Q1| =   1.010539  Q10  =   0.184745  Q11c =  -0.691168  Q11s =  -0.713685
|Q2| =   2.415769  Q20  =  -2.124980  Q21c =  -0.190863  Q21s =  -0.505446
                   Q22c =   0.363547  Q22s =  -0.946748

Cl         x =  9.206950  y =-23.768850  z =  0.902260 angstrom
           Maximum rank =  2   Radius =  0.650 angstrom
                   Q00  =   0.285863
|Q1| =   0.819989  Q10  =  -0.141006  Q11c =   0.579593  Q11s =   0.562647
|Q2| =   2.200142  Q20  =  -1.019492  Q21c =  -0.462437  Q21s =  -0.457193
                   Q22c =   0.035963  Q22s =   1.837688

N          x = 15.890720  y =-17.243500  z = -0.733180 angstrom
           Maximum rank =  2   Radius =  0.650 angstrom
                   Q00  =  -0.233100
|Q1| =   0.572744  Q10  =   0.105049  Q11c =  -0.271832  Q11s =  -0.493059
|Q2| =   0.621760  Q20  =  -0.304653  Q21c =  -0.117550  Q21s =  -0.155967
                   Q22c =  -0.128226  Q22s =   0.489067

S          x =  9.993050  y =-15.624350  z = -0.524260 angstrom
           Maximum rank =  2   Radius =  0.650 angstrom
                   Q00  =   0.803890
|Q1| =   0.919373  Q10  =  -0.139222  Q11c =   0.782804  Q11s =   0.461609
|Q2| =   2.459590  Q20  =  -2.172567  Q21c =  -0.156012  Q21s =  -0.695954
                   Q22c =  -0.603695  Q22s =  -0.675572

Cl         x = 12.284950  y =-24.575840  z =  0.789010 angstrom
           Maximum rank =  2   Radius =  0.650 angstrom
                   Q00  =   0.291352
|Q1| =   0.816228  Q10  =  -0.113009  Q11c =  -0.215716  Q11s =   0.779053
|Q2| =   2.186311  Q20  =  -1.070386  Q21c =   0.135708  Q21s =  -0.500401
                   Q22c =  -1.540269  Q22s =  -0.996485

C          x =  7.652790  y =-13.488530  z = -0.679590 angstrom
           Maximum rank =  2   Radius =  0.650 angstrom
                   Q00  =  -0.046834
|Q1| =   0.102277  Q10  =   0.012596  Q11c =   0.009894  Q11s =   0.101015
|Q2| =   1.483595  Q20  =  -1.386626  Q21c =  -0.237632  Q21s =  -0.464537
                   Q22c =  -0.039900  Q22s =  -0.066842

H          x =  7.377810  y =-14.513380  z = -0.471210 angstrom
           Maximum rank =  1   Radius =  0.350 angstrom
                   Q00  =   0.087567
|Q1| =   0.093629  Q10  =  -0.014071  Q11c =   0.015497  Q11s =   0.091259

C          x =  6.523830  y = -8.796400  z = -1.394370 angstrom
           Maximum rank =  2   Radius =  0.650 angstrom
                   Q00  =  -0.017610
|Q1| =   0.106680  Q10  =   0.046464  Q11c =  -0.089469  Q11s =  -0.034887
|Q2| =   1.452481  Q20  =  -1.380235  Q21c =  -0.196040  Q21s =  -0.406585
                   Q22c =  -0.006403  Q22s =  -0.029449

H          x =  7.501770  y = -8.360510  z = -1.559220 angstrom
           Maximum rank =  1   Radius =  0.350 angstrom
                   Q00  =   0.083159
|Q1| =   0.103062  Q10  =   0.017900  Q11c =  -0.099237  Q11s =  -0.021290

C          x =  4.656460  y =-14.030160  z =  1.047500 angstrom
           Maximum rank =  2   Radius =  0.650 angstrom
                   Q00  =  -0.049138
|Q1| =   0.102197  Q10  =   0.014602  Q11c =   0.003299  Q11s =   0.101094
|Q2| =   1.476389  Q20  =   0.751857  Q21c =  -0.434751  Q21s =   0.092327
                   Q22c =  -1.168009  Q22s =   0.229479

H          x =  4.747280  y =-14.766220  z =  0.257560 angstrom
           Maximum rank =  1   Radius =  0.350 angstrom
                   Q00  =   0.074261
|Q1| =   0.105813  Q10  =   0.037309  Q11c =  -0.009695  Q11s =   0.098542

O          x = 11.753900  y =-12.256290  z = -1.232450 angstrom
           Maximum rank =  2   Radius =  0.650 angstrom
                   Q00  =  -0.391741
|Q1| =   0.518992  Q10  =   0.047237  Q11c =   0.302937  Q11s =  -0.418749
|Q2| =   1.134931  Q20  =  -0.650426  Q21c =  -0.228039  Q21s =  -0.282388
                   Q22c =  -0.070904  Q22s =   0.853371

C          x =  4.691820  y =-11.765230  z =  1.793280 angstrom
           Maximum rank =  2   Radius =  0.650 angstrom
                   Q00  =  -0.034668
|Q1| =   0.097272  Q10  =  -0.045078  Q11c =   0.022970  Q11s =  -0.083079
|Q2| =   1.471719  Q20  =   0.596499  Q21c =  -0.496071  Q21s =  -0.092506
                   Q22c =  -1.226672  Q22s =   0.225339

H          x =  4.826370  y =-10.707780  z =  1.607100 angstrom
           Maximum rank =  1   Radius =  0.350 angstrom
                   Q00  =   0.077150
|Q1| =   0.098278  Q10  =  -0.042839  Q11c =  -0.006155  Q11s =  -0.088235

C          x =  5.237800  y =-12.251690  z = -0.662620 angstrom
           Maximum rank =  2   Radius =  0.650 angstrom
                   Q00  =  -0.009577
|Q1| =   0.059956  Q10  =  -0.011232  Q11c =   0.046866  Q11s =   0.035667
|Q2| =   0.189064  Q20  =   0.018984  Q21c =   0.035382  Q21s =  -0.077023
                   Q22c =   0.025371  Q22s =   0.166002

O          x =  9.814200  y =-18.284030  z = -0.066600 angstrom
           Maximum rank =  2   Radius =  0.650 angstrom
                   Q00  =  -0.416475
|Q1| =   0.557602  Q10  =   0.022621  Q11c =   0.437779  Q11s =  -0.344612
|Q2| =   0.975161  Q20  =  -0.169041  Q21c =   0.041557  Q21s =   0.121171
                   Q22c =   0.657676  Q22s =  -0.688054

C          x =  5.045070  y =-13.350410  z = -2.958060 angstrom
           Maximum rank =  2   Radius =  0.650 angstrom
                   Q00  =  -0.033537
|Q1| =   0.097262  Q10  =   0.067389  Q11c =  -0.065909  Q11s =   0.023974
|Q2| =   1.455476  Q20  =   0.322926  Q21c =  -0.111653  Q21s =   0.843345
                   Q22c =   1.014515  Q22s =   0.511066

H          x =  6.100110  y =-13.164070  z = -3.114480 angstrom
           Maximum rank =  1   Radius =  0.350 angstrom
                   Q00  =   0.077154
|Q1| =   0.100441  Q10  =   0.065287  Q11c =  -0.076257  Q11s =   0.003305

C          x =  6.381020  y =-10.156810  z = -1.135700 angstrom
           Maximum rank =  2   Radius =  0.650 angstrom
                   Q00  =  -0.025745
|Q1| =   0.118927  Q10  =   0.017162  Q11c =  -0.100702  Q11s =  -0.060895
|Q2| =   1.285101  Q20  =  -1.173091  Q21c =  -0.152044  Q21s =  -0.408285
                   Q22c =  -0.276261  Q22s =  -0.095948

C          x = 12.342050  y =-14.618070  z = -0.883160 angstrom
           Maximum rank =  2   Radius =  0.650 angstrom
                   Q00  =  -0.066257
|Q1| =   0.096624  Q10  =   0.009676  Q11c =  -0.095729  Q11s =  -0.008861
|Q2| =   1.533395  Q20  =  -1.454661  Q21c =  -0.197033  Q21s =  -0.406482
                   Q22c =   0.112383  Q22s =  -0.136324

H          x = 13.415250  y =-14.540270  z = -0.982730 angstrom
           Maximum rank =  1   Radius =  0.350 angstrom
                   Q00  =   0.074016
|Q1| =   0.098645  Q10  =   0.010694  Q11c =  -0.096658  Q11s =  -0.016547

C          x =  5.381470  y = -8.023370  z = -1.433290 angstrom
           Maximum rank =  2   Radius =  0.650 angstrom
                   Q00  =  -0.041184
|Q1| =   0.087061  Q10  =   0.047634  Q11c =  -0.071289  Q11s =   0.015118
|Q2| =   1.247155  Q20  =  -1.174127  Q21c =  -0.147325  Q21s =  -0.349594
                   Q22c =  -0.042055  Q22s =  -0.176443

C          x = 10.126800  y =-13.928380  z = -0.818680 angstrom
           Maximum rank =  2   Radius =  0.650 angstrom
                   Q00  =  -0.336153
|Q1| =   0.491866  Q10  =  -0.086097  Q11c =   0.138188  Q11s =   0.464138
|Q2| =   1.460112  Q20  =  -1.211420  Q21c =  -0.167552  Q21s =  -0.218376
                   Q22c =   0.659440  Q22s =  -0.392130

C          x =  6.745030  y =-12.424030  z = -0.790690 angstrom
           Maximum rank =  2   Radius =  0.650 angstrom
                   Q00  =  -0.071324
|Q1| =   0.110434  Q10  =   0.038301  Q11c =  -0.025906  Q11s =   0.100288
|Q2| =   1.249973  Q20  =  -1.159661  Q21c =  -0.190785  Q21s =  -0.327737
                   Q22c =   0.169666  Q22s =  -0.212182

C          x =  4.822150  y =-12.676110  z =  0.752750 angstrom
           Maximum rank =  2   Radius =  0.650 angstrom
                   Q00  =  -0.060861
|Q1| =   0.078453  Q10  =  -0.003778  Q11c =   0.077842  Q11s =  -0.009018
|Q2| =   1.289307  Q20  =   0.641778  Q21c =  -0.550473  Q21s =  -0.018936
                   Q22c =  -0.945180  Q22s =   0.231713

C          x =  7.355510  y =-11.226590  z = -1.046190 angstrom
           Maximum rank =  2   Radius =  0.650 angstrom
                   Q00  =  -0.337246
|Q1| =   0.610720  Q10  =   0.086827  Q11c =  -0.594012  Q11s =  -0.112202
|Q2| =   1.358880  Q20  =  -1.177700  Q21c =  -0.093462  Q21s =  -0.398246
                   Q22c =  -0.385967  Q22s =  -0.378513

C          x =  4.450200  y =-12.988100  z = -1.754370 angstrom
           Maximum rank =  2   Radius =  0.650 angstrom
                   Q00  =  -0.059553
|Q1| =   0.067946  Q10  =  -0.012406  Q11c =  -0.003582  Q11s =   0.066707
|Q2| =   1.281183  Q20  =   0.344798  Q21c =  -0.083690  Q21s =   0.834211
                   Q22c =   0.742265  Q22s =   0.518340

C          x = 11.454850  y =-13.549390  z = -0.990450 angstrom
           Maximum rank =  2   Radius =  0.650 angstrom
                   Q00  =   0.078411
|Q1| =   0.126307  Q10  =  -0.017629  Q11c =  -0.028545  Q11s =   0.121770
|Q2| =   1.137114  Q20  =  -1.062128  Q21c =  -0.145918  Q21s =  -0.347241
                   Q22c =  -0.151369  Q22s =   0.011444

C          x =  8.960190  y =-13.088830  z = -0.862380 angstrom
           Maximum rank =  2   Radius =  0.650 angstrom
                   Q00  =  -0.303538
|Q1| =   0.415961  Q10  =   0.082411  Q11c =  -0.087438  Q11s =  -0.398229
|Q2| =   1.485700  Q20  =  -1.182829  Q21c =  -0.174476  Q21s =  -0.196530
                   Q22c =   0.742107  Q22s =  -0.434088

C          x = 11.721760  y =-15.838080  z = -0.628450 angstrom
           Maximum rank =  2   Radius =  0.650 angstrom
                   Q00  =  -0.311778
|Q1| =   0.435884  Q10  =  -0.038120  Q11c =   0.433659  Q11s =   0.021934
|Q2| =   1.413243  Q20  =  -1.145320  Q21c =  -0.073172  Q21s =  -0.434577
                   Q22c =  -0.654659  Q22s =  -0.250419

C          x = 11.038870  y =-20.330520  z =  0.178380 angstrom
           Maximum rank =  2   Radius =  0.650 angstrom
                   Q00  =  -0.038523
|Q1| =   0.071583  Q10  =  -0.008018  Q11c =   0.069634  Q11s =   0.014521
|Q2| =   1.222329  Q20  =  -1.144920  Q21c =  -0.183582  Q21s =  -0.362850
                   Q22c =  -0.045744  Q22s =   0.125660

C          x = 12.505510  y =-17.009750  z = -0.495740 angstrom
           Maximum rank =  2   Radius =  0.650 angstrom
                   Q00  =   0.019986
|Q1| =   0.021810  Q10  =   0.001791  Q11c =   0.014763  Q11s =  -0.015954
|Q2| =   1.375063  Q20  =  -1.292634  Q21c =  -0.163796  Q21s =  -0.407210
                   Q22c =  -0.149948  Q22s =  -0.069014

H          x = 13.552530  y =-16.769590  z = -0.620330 angstrom
           Maximum rank =  1   Radius =  0.350 angstrom
                   Q00  =   0.092101
|Q1| =   0.071549  Q10  =   0.011848  Q11c =  -0.054525  Q11s =  -0.044788

C          x =  4.364240  y =-14.450770  z =  2.332650 angstrom
           Maximum rank =  2   Radius =  0.650 angstrom
                   Q00  =  -0.032702
|Q1| =   0.075500  Q10  =  -0.004349  Q11c =   0.004028  Q11s =   0.075267
|Q2| =   1.413072  Q20  =   0.528511  Q21c =  -0.471086  Q21s =  -0.011050
                   Q22c =  -1.203545  Q22s =   0.216526

H          x =  4.242340  y =-15.510650  z =  2.529840 angstrom
           Maximum rank =  1   Radius =  0.350 angstrom
                   Q00  =   0.048532
|Q1| =   0.115448  Q10  =  -0.019151  Q11c =   0.014123  Q11s =   0.112969

C          x = 10.869160  y =-18.878570  z = -0.051440 angstrom
           Maximum rank =  2   Radius =  0.650 angstrom
                   Q00  =   0.192138
|Q1| =   0.029519  Q10  =  -0.000144  Q11c =  -0.025967  Q11s =   0.014038
|Q2| =   0.764812  Q20  =  -0.693929  Q21c =  -0.067292  Q21s =  -0.169866
                   Q22c =   0.105710  Q22s =  -0.242576

C          x = 13.121160  y =-11.916940  z = -1.393470 angstrom
           Maximum rank =  2   Radius =  0.650 angstrom
                   Q00  =   0.170511
|Q1| =   0.143194  Q10  =   0.008853  Q11c =  -0.142334  Q11s =   0.012929
|Q2| =   0.145143  Q20  =  -0.079997  Q21c =  -0.032785  Q21s =  -0.026725
                   Q22c =   0.035957  Q22s =   0.107634

H          x = 13.691780  y =-12.146450  z = -0.489100 angstrom
           Maximum rank =  1   Radius =  0.350 angstrom
                   Q00  =   0.047890
|Q1| =   0.112986  Q10  =  -0.071769  Q11c =  -0.086735  Q11s =  -0.009600

H          x = 13.557770  y =-12.440710  z = -2.248620 angstrom
           Maximum rank =  1   Radius =  0.350 angstrom
                   Q00  =   0.047463
|Q1| =   0.113205  Q10  =   0.083358  Q11c =  -0.074841  Q11s =   0.016299

C          x = 15.278000  y =-18.193660  z = -0.523700 angstrom
           Maximum rank =  2   Radius =  0.650 angstrom
                   Q00  =   0.060539
|Q1| =   0.100401  Q10  =   0.017773  Q11c =  -0.016429  Q11s =  -0.097441
|Q2| =   1.202691  Q20  =  -0.660306  Q21c =  -0.203592  Q21s =  -0.341366
                   Q22c =  -0.416476  Q22s =   0.824033

C          x =  2.946320  y =-14.198400  z = -3.817520 angstrom
           Maximum rank =  2   Radius =  0.650 angstrom
                   Q00  =  -0.078305
|Q1| =   0.121917  Q10  =   0.089030  Q11c =   0.064874  Q11s =   0.052237
|Q2| =   1.148965  Q20  =   0.333547  Q21c =  -0.087517  Q21s =   0.712147
                   Q22c =   0.728228  Q22s =   0.404647

C          x = 12.219270  y =-18.325190  z = -0.252780 angstrom
           Maximum rank =  2   Radius =  0.650 angstrom
                   Q00  =  -0.066218
|Q1| =   0.062281  Q10  =   0.011506  Q11c =  -0.029650  Q11s =  -0.053549
|Q2| =   1.339838  Q20  =  -1.250518  Q21c =  -0.168902  Q21s =  -0.408643
                   Q22c =  -0.188651  Q22s =   0.016295

C          x =  4.396330  y =-12.192080  z =  3.082250 angstrom
           Maximum rank =  2   Radius =  0.650 angstrom
                   Q00  =  -0.033085
|Q1| =   0.074880  Q10  =  -0.049894  Q11c =   0.007224  Q11s =  -0.055367
|Q2| =   1.404852  Q20  =   0.613426  Q21c =  -0.469241  Q21s =   0.152721
                   Q22c =  -1.150392  Q22s =   0.174375

H          x =  4.301040  y =-11.456170  z =  3.873310 angstrom
           Maximum rank =  1   Radius =  0.350 angstrom
                   Q00  =   0.045101
|Q1| =   0.117327  Q10  =  -0.086946  Q11c =   0.010767  Q11s =  -0.078039

C          x = 10.433120  y =-22.583490  z =  0.604720 angstrom
           Maximum rank =  2   Radius =  0.650 angstrom
                   Q00  =  -0.304891
|Q1| =   0.625654  Q10  =  -0.107673  Q11c =   0.441014  Q11s =   0.430530
|Q2| =   1.077526  Q20  =  -0.884742  Q21c =  -0.030873  Q21s =  -0.216166
                   Q22c =   0.003830  Q22s =  -0.574977

C          x = 10.055080  y =-21.262760  z =  0.413940 angstrom
           Maximum rank =  2   Radius =  0.650 angstrom
                   Q00  =   0.007749
|Q1| =   0.100663  Q10  =  -0.014427  Q11c =   0.090081  Q11s =   0.042549
|Q2| =   1.316074  Q20  =  -1.243360  Q21c =  -0.151950  Q21s =  -0.344217
                   Q22c =   0.072777  Q22s =  -0.198086

H          x =  9.014110  y =-20.969720  z =  0.448750 angstrom
           Maximum rank =  1   Radius =  0.350 angstrom
                   Q00  =   0.087300
|Q1| =   0.095994  Q10  =  -0.008859  Q11c =   0.095302  Q11s =   0.007349

C          x =  3.087490  y =-13.236920  z = -1.600730 angstrom
           Maximum rank =  2   Radius =  0.650 angstrom
                   Q00  =  -0.051470
|Q1| =   0.103882  Q10  =  -0.043132  Q11c =   0.093972  Q11s =  -0.010019
|Q2| =   1.487756  Q20  =   0.564967  Q21c =  -0.191609  Q21s =   0.836424
                   Q22c =   0.954154  Q22s =   0.497495

H          x =  2.595000  y =-12.976980  z = -0.671620 angstrom
           Maximum rank =  1   Radius =  0.350 angstrom
                   Q00  =   0.074138
|Q1| =   0.106365  Q10  =  -0.058636  Q11c =   0.087191  Q11s =  -0.016524

C          x =  4.224380  y =-13.537820  z =  3.376700 angstrom
           Maximum rank =  2   Radius =  0.650 angstrom
                   Q00  =  -0.078070
|Q1| =   0.121355  Q10  =  -0.112021  Q11c =   0.028624  Q11s =   0.036867
|Q2| =   1.148148  Q20  =   0.559077  Q21c =  -0.413363  Q21s =  -0.018862
                   Q22c =  -0.899188  Q22s =   0.160974

C          x =  4.304550  y =-13.945320  z = -3.969620 angstrom
           Maximum rank =  2   Radius =  0.650 angstrom
                   Q00  =  -0.032478
|Q1| =   0.075082  Q10  =   0.062452  Q11c =  -0.039706  Q11s =   0.012666
|Q2| =   1.402720  Q20  =   0.444489  Q21c =  -0.282686  Q21s =   0.848215
                   Q22c =   0.893796  Q22s =   0.414488

H          x =  4.797630  y =-14.217280  z = -4.896730 angstrom
           Maximum rank =  1   Radius =  0.350 angstrom
                   Q00  =   0.046442
|Q1| =   0.116594  Q10  =   0.099905  Q11c =  -0.052578  Q11s =   0.029132

C          x = 12.391480  y =-20.659620  z =  0.124360 angstrom
           Maximum rank =  2   Radius =  0.650 angstrom
                   Q00  =  -0.019417
|Q1| =   0.080427  Q10  =  -0.002687  Q11c =  -0.064859  Q11s =   0.047482
|Q2| =   1.231881  Q20  =  -1.154831  Q21c =  -0.150244  Q21s =  -0.370621
                   Q22c =  -0.151781  Q22s =  -0.030413

C          x = 13.178560  y =-19.426220  z = -0.146040 angstrom
           Maximum rank =  2   Radius =  0.650 angstrom
                   Q00  =   0.030640
|Q1| =   0.043060  Q10  =   0.006389  Q11c =  -0.037827  Q11s =  -0.019556
|Q2| =   1.166937  Q20  =  -1.080310  Q21c =  -0.178883  Q21s =  -0.272926
                   Q22c =   0.296730  Q22s =  -0.011657

C          x =  2.151180  y =-14.873780  z = -4.901940 angstrom
           Maximum rank =  2   Radius =  0.650 angstrom
                   Q00  =   0.023061
|Q1| =   0.022611  Q10  =   0.012190  Q11c =   0.012043  Q11s =   0.014752
|Q2| =   0.104537  Q20  =   0.040435  Q21c =   0.065954  Q21s =   0.056105
                   Q22c =   0.025933  Q22s =   0.033506

H          x =  2.594090  y =-14.702550  z = -5.884140 angstrom
           Maximum rank =  1   Radius =  0.350 angstrom
                   Q00  =   0.025162
|Q1| =   0.125030  Q10  =   0.124144  Q11c =  -0.013409  Q11s =   0.006386

H          x =  1.122700  y =-14.509470  z = -4.925780 angstrom
           Maximum rank =  1   Radius =  0.350 angstrom
                   Q00  =   0.025520
|Q1| =   0.125252  Q10  =   0.038197  Q11c =   0.118799  Q11s =  -0.010757

C          x =  2.351480  y =-13.828860  z = -2.614120 angstrom
           Maximum rank =  2   Radius =  0.650 angstrom
                   Q00  =  -0.033752
|Q1| =   0.076904  Q10  =  -0.016258  Q11c =   0.075143  Q11s =   0.001884
|Q2| =   1.412564  Q20  =   0.307974  Q21c =  -0.219038  Q21s =   0.794362
                   Q22c =   0.987816  Q22s =   0.495700

H          x =  1.292250  y =-14.009730  z = -2.464810 angstrom
           Maximum rank =  1   Radius =  0.350 angstrom
                   Q00  =   0.046261
|Q1| =   0.117192  Q10  =  -0.017530  Q11c =   0.114242  Q11s =   0.019373

C          x =  3.881590  y =-14.001010  z =  4.766760 angstrom
           Maximum rank =  2   Radius =  0.650 angstrom
                   Q00  =   0.023205
|Q1| =   0.023478  Q10  =  -0.016924  Q11c =   0.010515  Q11s =   0.012418
|Q2| =   0.103083  Q20  =   0.089177  Q21c =  -0.029803  Q21s =  -0.038631
                   Q22c =  -0.016836  Q22s =   0.003107

H          x =  4.472770  y =-14.874110  z =  5.050360 angstrom
           Maximum rank =  1   Radius =  0.350 angstrom
                   Q00  =   0.028061
|Q1| =   0.124080  Q10  =  -0.071716  Q11c =  -0.041502  Q11s =   0.092359

H          x =  4.063510  y =-13.216600  z =  5.502370 angstrom
           Maximum rank =  1   Radius =  0.350 angstrom
                   Q00  =   0.023888
|Q1| =   0.125230  Q10  =  -0.112062  Q11c =  -0.005262  Q11s =  -0.055651

C          x = 11.785680  y =-22.933940  z =  0.554260 angstrom
           Maximum rank =  2   Radius =  0.650 angstrom
                   Q00  =  -0.298685
|Q1| =   0.615260  Q10  =  -0.084396  Q11c =  -0.168946  Q11s =   0.585560
|Q2| =   1.094732  Q20  =  -0.874345  Q21c =  -0.215099  Q21s =  -0.197580
                   Q22c =   0.520206  Q22s =   0.279358

C          x = 12.770140  y =-21.981100  z =  0.315180 angstrom
           Maximum rank =  2   Radius =  0.650 angstrom
                   Q00  =  -0.007776
|Q1| =   0.090294  Q10  =  -0.005899  Q11c =  -0.061854  Q11s =   0.065516
|Q2| =   1.376024  Q20  =  -1.298031  Q21c =  -0.200449  Q21s =  -0.352422
                   Q22c =   0.208813  Q22s =  -0.023960

H          x = 13.797650  y =-22.307000  z =  0.286840 angstrom
           Maximum rank =  1   Radius =  0.350 angstrom
                   Q00  =   0.097418
|Q1| =   0.079403  Q10  =  -0.006367  Q11c =  -0.049517  Q11s =   0.061744

C          x = 14.539590  y =-19.385880  z = -0.263430 angstrom
           Maximum rank =  2   Radius =  0.650 angstrom
                   Q00  =  -0.020893
|Q1| =   0.023540  Q10  =  -0.001865  Q11c =   0.023466  Q11s =  -0.000113
|Q2| =   1.310348  Q20  =  -1.241259  Q21c =  -0.189390  Q21s =  -0.349433
                   Q22c =   0.134570  Q22s =  -0.014395

N          x = 16.063490  y =-21.450030  z = -0.041190 angstrom
           Maximum rank =  2   Radius =  0.650 angstrom
                   Q00  =  -0.223160
|Q1| =   0.562523  Q10  =  -0.052053  Q11c =  -0.314522  Q11s =   0.463464
|Q2| =   0.622663  Q20  =  -0.334869  Q21c =   0.044434  Q21s =  -0.069914
                   Q22c =  -0.077144  Q22s =  -0.512600

C          x = 15.368980  y =-20.539290  z = -0.137420 angstrom
           Maximum rank =  2   Radius =  0.650 angstrom
                   Q00  =   0.057659
|Q1| =   0.106084  Q10  =  -0.014582  Q11c =  -0.028369  Q11s =   0.101175
|Q2| =   1.211510  Q20  =  -0.699374  Q21c =   0.077938  Q21s =  -0.177191
                   Q22c =  -0.273174  Q22s =  -0.930880

H          x = -2.645970  y = -7.915310  z = -0.767880 angstrom
           Maximum rank =  1   Radius =  0.350 angstrom
                   Q00  =   0.050026
|Q1| =   0.103601  Q10  =  -0.018840  Q11c =   0.046246  Q11s =   0.090772

H          x =  8.387590  y = -2.805500  z =  2.400720 angstrom
           Maximum rank =  1   Radius =  0.350 angstrom
                   Q00  =   0.032017
|Q1| =   0.123225  Q10  =  -0.021140  Q11c =  -0.029364  Q11s =  -0.117794

H          x =  2.112050  y =-15.955240  z = -4.742740 angstrom
           Maximum rank =  1   Radius =  0.350 angstrom
                   Q00  =   0.031548
|Q1| =   0.123638  Q10  =   0.021134  Q11c =   0.029537  Q11s =   0.118184

H          x = 13.146550  y =-10.845530  z = -1.574580 angstrom
           Maximum rank =  1   Radius =  0.350 angstrom
                   Q00  =   0.050136
|Q1| =   0.103477  Q10  =   0.018836  Q11c =  -0.046184  Q11s =  -0.090663

H          x =  7.673160  y = -4.477620  z = -7.180300 angstrom
           Maximum rank =  1   Radius =  0.350 angstrom
                   Q00  =   0.030569
|Q1| =   0.124132  Q10  =   0.051684  Q11c =  -0.105714  Q11s =  -0.039523

H          x =  2.827620  y =-14.284050  z =  4.837510 angstrom
           Maximum rank =  1   Radius =  0.350 angstrom
                   Q00  =   0.030303
|Q1| =   0.124368  Q10  =  -0.051737  Q11c =   0.105875  Q11s =   0.039764

Total multipoles referred to origin at
           x =   0.000000,  y =    0.000000,  z =    0.000000 angstrom
                   Q00  =  -0.000033
|Q1| =   0.829887  Q10  =  -0.070106  Q11c =  -0.436544  Q11s =   0.702302
|Q2| = 369.317973  Q20  = 177.015037  Q21c = -32.082045  Q21s =  32.410899
                   Q22c =  61.239966  Q22s = 315.010134

CPU time used:     85m21.276s          Total:     85m21.276s

Finished at 2:52:12 on 27 Jun 2021  
