                                     G D M A

                                 by Anthony Stone

                         version 2.2.11, 04 February 2015

               Distributed Multipoles from Gaussian wavefunctions


Starting at 1:25:6 on 27 Jun 2021   

s1S0



Using CI density matrix from file sN_y.fchk


                         Distributed Multipole Analysis

Standard DMA for products of primitives with exponent greater than 4.00000
Using 80-point Euler-MacLaurin radial quadrature
Using 590-point Lebedev quadrature
Becke smoothing parameter = 3

Positions and radii in angstrom
Multipole moments in atomic units, ea_0^k for rank k

S          x =  1.441470  y = -7.401430  z = -1.176460 angstrom
           Maximum rank =  2   Radius =  0.650 angstrom
                   Q00  =   0.783857
|Q1| =   1.010544  Q10  =  -0.184748  Q11c =   0.691178  Q11s =   0.713682
|Q2| =   2.415765  Q20  =  -2.124967  Q21c =  -0.190864  Q21s =  -0.505461
                   Q22c =   0.363552  Q22s =  -0.946756

Cl         x =  1.293740  y =  5.007950  z = -3.244790 angstrom
           Maximum rank =  2   Radius =  0.650 angstrom
                   Q00  =   0.285861
|Q1| =   0.819988  Q10  =   0.140991  Q11c =  -0.579602  Q11s =  -0.562640
|Q2| =   2.200144  Q20  =  -1.019514  Q21c =  -0.462397  Q21s =  -0.457143
                   Q22c =   0.036007  Q22s =   1.837699

N          x = -5.390100  y = -1.517360  z = -1.609450 angstrom
           Maximum rank =  2   Radius =  0.650 angstrom
                   Q00  =  -0.233099
|Q1| =   0.572740  Q10  =  -0.105077  Q11c =   0.271821  Q11s =   0.493055
|Q2| =   0.621756  Q20  =  -0.304634  Q21c =  -0.117587  Q21s =  -0.156018
                   Q22c =  -0.128227  Q22s =   0.489048

S          x =  0.507520  y = -3.136520  z = -1.818350 angstrom
           Maximum rank =  2   Radius =  0.650 angstrom
                   Q00  =   0.803899
|Q1| =   0.919367  Q10  =   0.139225  Q11c =  -0.782799  Q11s =  -0.461602
|Q2| =   2.459581  Q20  =  -2.172552  Q21c =  -0.156034  Q21s =  -0.695956
                   Q22c =  -0.603718  Q22s =  -0.675557

Cl         x = -1.784240  y =  5.814990  z = -3.131540 angstrom
           Maximum rank =  2   Radius =  0.650 angstrom
                   Q00  =   0.291355
|Q1| =   0.816228  Q10  =   0.112995  Q11c =   0.215703  Q11s =  -0.779059
|Q2| =   2.186313  Q20  =  -1.070399  Q21c =   0.135682  Q21s =  -0.500342
                   Q22c =  -1.540317  Q22s =  -0.996434

C          x =  2.847770  y = -5.272330  z = -1.663020 angstrom
           Maximum rank =  2   Radius =  0.650 angstrom
                   Q00  =  -0.046834
|Q1| =   0.102277  Q10  =  -0.012589  Q11c =  -0.009894  Q11s =  -0.101016
|Q2| =   1.483588  Q20  =  -1.386625  Q21c =  -0.237625  Q21s =  -0.464526
                   Q22c =  -0.039893  Q22s =  -0.066823

H          x =  3.122760  y = -4.247480  z = -1.871390 angstrom
           Maximum rank =  1   Radius =  0.350 angstrom
                   Q00  =   0.087568
|Q1| =   0.093629  Q10  =   0.014071  Q11c =  -0.015497  Q11s =  -0.091259

C          x =  3.976740  y = -9.964460  z = -0.948240 angstrom
           Maximum rank =  2   Radius =  0.650 angstrom
                   Q00  =  -0.017615
|Q1| =   0.106696  Q10  =  -0.046462  Q11c =   0.089485  Q11s =   0.034894
|Q2| =   1.452473  Q20  =  -1.380227  Q21c =  -0.196033  Q21s =  -0.406586
                   Q22c =  -0.006432  Q22s =  -0.029466

H          x =  2.998790  y =-10.400360  z = -0.783380 angstrom
           Maximum rank =  1   Radius =  0.350 angstrom
                   Q00  =   0.083163
|Q1| =   0.103061  Q10  =  -0.017900  Q11c =   0.099237  Q11s =   0.021289

C          x =  5.844110  y = -4.730710  z = -3.390120 angstrom
           Maximum rank =  2   Radius =  0.650 angstrom
                   Q00  =  -0.049138
|Q1| =   0.102195  Q10  =  -0.014608  Q11c =  -0.003305  Q11s =  -0.101091
|Q2| =   1.476388  Q20  =   0.751869  Q21c =  -0.434755  Q21s =   0.092325
                   Q22c =  -1.167999  Q22s =   0.229472

H          x =  5.753280  y = -3.994650  z = -2.600180 angstrom
           Maximum rank =  1   Radius =  0.350 angstrom
                   Q00  =   0.074261
|Q1| =   0.105814  Q10  =  -0.037308  Q11c =   0.009695  Q11s =  -0.098543

O          x = -1.253330  y = -6.504560  z = -1.110140 angstrom
           Maximum rank =  2   Radius =  0.650 angstrom
                   Q00  =  -0.391739
|Q1| =   0.518996  Q10  =  -0.047225  Q11c =  -0.302929  Q11s =   0.418761
|Q2| =   1.134925  Q20  =  -0.650407  Q21c =  -0.228113  Q21s =  -0.282405
                   Q22c =  -0.070919  Q22s =   0.853351

C          x =  5.808730  y = -6.995640  z = -4.135890 angstrom
           Maximum rank =  2   Radius =  0.650 angstrom
                   Q00  =  -0.034672
|Q1| =   0.097282  Q10  =   0.045077  Q11c =  -0.022968  Q11s =   0.083092
|Q2| =   1.471708  Q20  =   0.596521  Q21c =  -0.496056  Q21s =  -0.092508
                   Q22c =  -1.226653  Q22s =   0.225348

H          x =  5.674170  y = -8.053100  z = -3.949700 angstrom
           Maximum rank =  1   Radius =  0.350 angstrom
                   Q00  =   0.077154
|Q1| =   0.098277  Q10  =   0.042840  Q11c =   0.006156  Q11s =   0.088234

C          x =  5.262760  y = -6.509170  z = -1.679990 angstrom
           Maximum rank =  2   Radius =  0.650 angstrom
                   Q00  =  -0.009578
|Q1| =   0.059956  Q10  =   0.011230  Q11c =  -0.046865  Q11s =  -0.035669
|Q2| =   0.189065  Q20  =   0.018990  Q21c =   0.035373  Q21s =  -0.077029
                   Q22c =   0.025378  Q22s =   0.166001

O          x =  0.686390  y = -0.476870  z = -2.276020 angstrom
           Maximum rank =  2   Radius =  0.650 angstrom
                   Q00  =  -0.416476
|Q1| =   0.557606  Q10  =  -0.022621  Q11c =  -0.437779  Q11s =   0.344619
|Q2| =   0.975160  Q20  =  -0.169040  Q21c =   0.041543  Q21s =   0.121168
                   Q22c =   0.657659  Q22s =  -0.688069

C          x =  5.455500  y = -5.410490  z =  0.615470 angstrom
           Maximum rank =  2   Radius =  0.650 angstrom
                   Q00  =  -0.033538
|Q1| =   0.097266  Q10  =  -0.067392  Q11c =   0.065914  Q11s =  -0.023966
|Q2| =   1.455471  Q20  =   0.322952  Q21c =  -0.111658  Q21s =   0.843308
                   Q22c =   1.014505  Q22s =   0.511120

H          x =  4.400460  y = -5.596850  z =  0.771900 angstrom
           Maximum rank =  1   Radius =  0.350 angstrom
                   Q00  =   0.077156
|Q1| =   0.100440  Q10  =  -0.065288  Q11c =   0.076255  Q11s =  -0.003303

C          x =  4.119540  y = -8.604060  z = -1.206900 angstrom
           Maximum rank =  2   Radius =  0.650 angstrom
                   Q00  =  -0.025745
|Q1| =   0.118922  Q10  =  -0.017161  Q11c =   0.100702  Q11s =   0.060886
|Q2| =   1.285106  Q20  =  -1.173094  Q21c =  -0.152041  Q21s =  -0.408283
                   Q22c =  -0.276282  Q22s =  -0.095945

C          x = -1.841480  y = -4.142790  z = -1.459430 angstrom
           Maximum rank =  2   Radius =  0.650 angstrom
                   Q00  =  -0.066256
|Q1| =   0.096625  Q10  =  -0.009680  Q11c =   0.095730  Q11s =   0.008856
|Q2| =   1.533392  Q20  =  -1.454653  Q21c =  -0.197047  Q21s =  -0.406491
                   Q22c =   0.112377  Q22s =  -0.136328

H          x = -2.914680  y = -4.220590  z = -1.359850 angstrom
           Maximum rank =  1   Radius =  0.350 angstrom
                   Q00  =   0.074016
|Q1| =   0.098645  Q10  =  -0.010695  Q11c =   0.096658  Q11s =   0.016546

C          x =  5.119090  y =-10.737490  z = -0.909310 angstrom
           Maximum rank =  2   Radius =  0.650 angstrom
                   Q00  =  -0.041183
|Q1| =   0.087062  Q10  =  -0.047638  Q11c =   0.071287  Q11s =  -0.015115
|Q2| =   1.247154  Q20  =  -1.174126  Q21c =  -0.147317  Q21s =  -0.349592
                   Q22c =  -0.042052  Q22s =  -0.176453

C          x =  0.373760  y = -4.832480  z = -1.523930 angstrom
           Maximum rank =  2   Radius =  0.650 angstrom
                   Q00  =  -0.336155
|Q1| =   0.491863  Q10  =   0.086100  Q11c =  -0.138190  Q11s =  -0.464133
|Q2| =   1.460106  Q20  =  -1.211417  Q21c =  -0.167575  Q21s =  -0.218383
                   Q22c =   0.659429  Q22s =  -0.392121

C          x =  3.755530  y = -6.336830  z = -1.551910 angstrom
           Maximum rank =  2   Radius =  0.650 angstrom
                   Q00  =  -0.071325
|Q1| =   0.110435  Q10  =  -0.038306  Q11c =   0.025904  Q11s =  -0.100287
|Q2| =   1.249976  Q20  =  -1.159663  Q21c =  -0.190783  Q21s =  -0.327743
                   Q22c =   0.169668  Q22s =  -0.212183

C          x =  5.678410  y = -6.084760  z = -3.095360 angstrom
           Maximum rank =  2   Radius =  0.650 angstrom
                   Q00  =  -0.060861
|Q1| =   0.078453  Q10  =   0.003777  Q11c =  -0.077842  Q11s =   0.009014
|Q2| =   1.289307  Q20  =   0.641787  Q21c =  -0.550467  Q21s =  -0.018935
                   Q22c =  -0.945173  Q22s =   0.231724

C          x =  3.145050  y = -7.534270  z = -1.296410 angstrom
           Maximum rank =  2   Radius =  0.650 angstrom
                   Q00  =  -0.337251
|Q1| =   0.610715  Q10  =  -0.086828  Q11c =   0.594007  Q11s =   0.112202
|Q2| =   1.358886  Q20  =  -1.177710  Q21c =  -0.093467  Q21s =  -0.398248
                   Q22c =  -0.385959  Q22s =  -0.378510

C          x =  6.050370  y = -5.772760  z = -0.588240 angstrom
           Maximum rank =  2   Radius =  0.650 angstrom
                   Q00  =  -0.059552
|Q1| =   0.067948  Q10  =   0.012410  Q11c =   0.003581  Q11s =  -0.066709
|Q2| =   1.281181  Q20  =   0.344816  Q21c =  -0.083698  Q21s =   0.834170
                   Q22c =   0.742269  Q22s =   0.518380

C          x = -0.954290  y = -5.211470  z = -1.352140 angstrom
           Maximum rank =  2   Radius =  0.650 angstrom
                   Q00  =   0.078410
|Q1| =   0.126308  Q10  =   0.017623  Q11c =   0.028541  Q11s =  -0.121773
|Q2| =   1.137117  Q20  =  -1.062124  Q21c =  -0.145930  Q21s =  -0.347252
                   Q22c =  -0.151382  Q22s =   0.011437

C          x =  1.540380  y = -5.672030  z = -1.480230 angstrom
           Maximum rank =  2   Radius =  0.650 angstrom
                   Q00  =  -0.303539
|Q1| =   0.415961  Q10  =  -0.082412  Q11c =   0.087446  Q11s =   0.398227
|Q2| =   1.485706  Q20  =  -1.182832  Q21c =  -0.174481  Q21s =  -0.196538
                   Q22c =   0.742113  Q22s =  -0.434082

C          x = -1.221190  y = -2.922780  z = -1.714150 angstrom
           Maximum rank =  2   Radius =  0.650 angstrom
                   Q00  =  -0.311779
|Q1| =   0.435882  Q10  =   0.038121  Q11c =  -0.433658  Q11s =  -0.021932
|Q2| =   1.413251  Q20  =  -1.145323  Q21c =  -0.073181  Q21s =  -0.434590
                   Q22c =  -0.654658  Q22s =  -0.250421

C          x = -0.538250  y =  1.569640  z = -2.520980 angstrom
           Maximum rank =  2   Radius =  0.650 angstrom
                   Q00  =  -0.038523
|Q1| =   0.071585  Q10  =   0.008017  Q11c =  -0.069638  Q11s =  -0.014517
|Q2| =   1.222326  Q20  =  -1.144928  Q21c =  -0.183567  Q21s =  -0.362821
                   Q22c =  -0.045736  Q22s =   0.125662

C          x = -2.004940  y = -1.751110  z = -1.846860 angstrom
           Maximum rank =  2   Radius =  0.650 angstrom
                   Q00  =   0.019989
|Q1| =   0.021811  Q10  =  -0.001793  Q11c =  -0.014763  Q11s =   0.015955
|Q2| =   1.375052  Q20  =  -1.292614  Q21c =  -0.163814  Q21s =  -0.407237
                   Q22c =  -0.149921  Q22s =  -0.069021

H          x = -3.051960  y = -1.991250  z = -1.722260 angstrom
           Maximum rank =  1   Radius =  0.350 angstrom
                   Q00  =   0.092102
|Q1| =   0.071548  Q10  =  -0.011852  Q11c =   0.054522  Q11s =   0.044788

C          x =  6.136320  y = -4.310110  z = -4.675270 angstrom
           Maximum rank =  2   Radius =  0.650 angstrom
                   Q00  =  -0.032702
|Q1| =   0.075506  Q10  =   0.004353  Q11c =  -0.004025  Q11s =  -0.075273
|Q2| =   1.413058  Q20  =   0.528503  Q21c =  -0.471091  Q21s =  -0.011042
                   Q22c =  -1.203531  Q22s =   0.216523

H          x =  6.258210  y = -3.250230  z = -4.872470 angstrom
           Maximum rank =  1   Radius =  0.350 angstrom
                   Q00  =   0.048529
|Q1| =   0.115451  Q10  =   0.019156  Q11c =  -0.014123  Q11s =  -0.112971

C          x = -0.368560  y =  0.117680  z = -2.291170 angstrom
           Maximum rank =  2   Radius =  0.650 angstrom
                   Q00  =   0.192138
|Q1| =   0.029523  Q10  =   0.000143  Q11c =   0.025970  Q11s =  -0.014041
|Q2| =   0.764812  Q20  =  -0.693931  Q21c =  -0.067293  Q21s =  -0.169852
                   Q22c =   0.105711  Q22s =  -0.242580

C          x = -2.620590  y = -6.843900  z = -0.949030 angstrom
           Maximum rank =  2   Radius =  0.650 angstrom
                   Q00  =   0.170515
|Q1| =   0.143185  Q10  =  -0.008867  Q11c =   0.142325  Q11s =  -0.012919
|Q2| =   0.145126  Q20  =  -0.079986  Q21c =  -0.032775  Q21s =  -0.026737
                   Q22c =   0.035964  Q22s =   0.107616

H          x = -3.191260  y = -6.614410  z = -1.853360 angstrom
           Maximum rank =  1   Radius =  0.350 angstrom
                   Q00  =   0.047887
|Q1| =   0.112986  Q10  =   0.071765  Q11c =   0.086738  Q11s =   0.009601

H          x = -3.057140  y = -6.320100  z = -0.093870 angstrom
           Maximum rank =  1   Radius =  0.350 angstrom
                   Q00  =   0.047463
|Q1| =   0.113205  Q10  =  -0.083362  Q11c =   0.074836  Q11s =  -0.016301

C          x = -4.777400  y = -0.567200  z = -1.819010 angstrom
           Maximum rank =  2   Radius =  0.650 angstrom
                   Q00  =   0.060540
|Q1| =   0.100400  Q10  =  -0.017759  Q11c =   0.016434  Q11s =   0.097441
|Q2| =   1.202682  Q20  =  -0.660288  Q21c =  -0.203614  Q21s =  -0.341421
                   Q22c =  -0.416485  Q22s =   0.824002

C          x =  7.554240  y = -4.562470  z =  1.474920 angstrom
           Maximum rank =  2   Radius =  0.650 angstrom
                   Q00  =  -0.078306
|Q1| =   0.121928  Q10  =  -0.089042  Q11c =  -0.064875  Q11s =  -0.052242
|Q2| =   1.148964  Q20  =   0.333556  Q21c =  -0.087533  Q21s =   0.712122
                   Q22c =   0.728224  Q22s =   0.404683

C          x = -1.718680  y = -0.435680  z = -2.089850 angstrom
           Maximum rank =  2   Radius =  0.650 angstrom
                   Q00  =  -0.066219
|Q1| =   0.062282  Q10  =  -0.011497  Q11c =   0.029652  Q11s =   0.053550
|Q2| =   1.339843  Q20  =  -1.250518  Q21c =  -0.168898  Q21s =  -0.408662
                   Q22c =  -0.188646  Q22s =   0.016303

C          x =  6.104210  y = -6.568800  z = -5.424860 angstrom
           Maximum rank =  2   Radius =  0.650 angstrom
                   Q00  =  -0.033084
|Q1| =   0.074877  Q10  =   0.049890  Q11c =  -0.007217  Q11s =   0.055366
|Q2| =   1.404862  Q20  =   0.613440  Q21c =  -0.469249  Q21s =   0.152732
                   Q22c =  -1.150387  Q22s =   0.174407

H          x =  6.199480  y = -7.304710  z = -6.215920 angstrom
           Maximum rank =  1   Radius =  0.350 angstrom
                   Q00  =   0.045103
|Q1| =   0.117326  Q10  =   0.086944  Q11c =  -0.010763  Q11s =   0.078040

C          x =  0.067550  y =  3.822600  z = -2.947280 angstrom
           Maximum rank =  2   Radius =  0.650 angstrom
                   Q00  =  -0.304889
|Q1| =   0.625657  Q10  =   0.107664  Q11c =  -0.441022  Q11s =  -0.430528
|Q2| =   1.077531  Q20  =  -0.884747  Q21c =  -0.030877  Q21s =  -0.216143
                   Q22c =   0.003796  Q22s =  -0.574987

C          x =  0.445560  y =  2.501870  z = -2.756520 angstrom
           Maximum rank =  2   Radius =  0.650 angstrom
                   Q00  =   0.007745
|Q1| =   0.100668  Q10  =   0.014427  Q11c =  -0.090089  Q11s =  -0.042541
|Q2| =   1.316071  Q20  =  -1.243367  Q21c =  -0.151933  Q21s =  -0.344187
                   Q22c =   0.072742  Q22s =  -0.198095

H          x =  1.486530  y =  2.208800  z = -2.791320 angstrom
           Maximum rank =  1   Radius =  0.350 angstrom
                   Q00  =   0.087304
|Q1| =   0.095993  Q10  =   0.008858  Q11c =  -0.095301  Q11s =  -0.007349

C          x =  7.413070  y = -5.523920  z = -0.741890 angstrom
           Maximum rank =  2   Radius =  0.650 angstrom
                   Q00  =  -0.051468
|Q1| =   0.103876  Q10  =   0.043126  Q11c =  -0.093969  Q11s =   0.010012
|Q2| =   1.487764  Q20  =   0.565008  Q21c =  -0.191633  Q21s =   0.836397
                   Q22c =   0.954147  Q22s =   0.497521

H          x =  7.905550  y = -5.783840  z = -1.671000 angstrom
           Maximum rank =  1   Radius =  0.350 angstrom
                   Q00  =   0.074136
|Q1| =   0.106366  Q10  =   0.058636  Q11c =  -0.087193  Q11s =   0.016522

C          x =  6.276170  y = -5.223060  z = -5.719310 angstrom
           Maximum rank =  2   Radius =  0.650 angstrom
                   Q00  =  -0.078070
|Q1| =   0.121360  Q10  =   0.112027  Q11c =  -0.028625  Q11s =  -0.036860
|Q2| =   1.148149  Q20  =   0.559069  Q21c =  -0.413366  Q21s =  -0.018855
                   Q22c =  -0.899191  Q22s =   0.160988

C          x =  6.196020  y = -4.815580  z =  1.627020 angstrom
           Maximum rank =  2   Radius =  0.650 angstrom
                   Q00  =  -0.032481
|Q1| =   0.075090  Q10  =  -0.062455  Q11c =   0.039719  Q11s =  -0.012662
|Q2| =   1.402730  Q20  =   0.444506  Q21c =  -0.282668  Q21s =   0.848203
                   Q22c =   0.893788  Q22s =   0.414559

H          x =  5.702940  y = -4.543640  z =  2.554150 angstrom
           Maximum rank =  1   Radius =  0.350 angstrom
                   Q00  =   0.046449
|Q1| =   0.116592  Q10  =  -0.099903  Q11c =   0.052581  Q11s =  -0.029125

C          x = -1.890850  y =  1.898760  z = -2.466970 angstrom
           Maximum rank =  2   Radius =  0.650 angstrom
                   Q00  =  -0.019417
|Q1| =   0.080429  Q10  =   0.002689  Q11c =   0.064861  Q11s =  -0.047483
|Q2| =   1.231879  Q20  =  -1.154843  Q21c =  -0.150235  Q21s =  -0.370579
                   Q22c =  -0.151791  Q22s =  -0.030398

C          x = -2.677950  y =  0.665370  z = -2.196590 angstrom
           Maximum rank =  2   Radius =  0.650 angstrom
                   Q00  =   0.030642
|Q1| =   0.043058  Q10  =  -0.006391  Q11c =   0.037826  Q11s =   0.019553
|Q2| =   1.166932  Q20  =  -1.080316  Q21c =  -0.178843  Q21s =  -0.272907
                   Q22c =   0.296730  Q22s =  -0.011643

C          x =  8.349350  y = -3.887070  z =  2.559360 angstrom
           Maximum rank =  2   Radius =  0.650 angstrom
                   Q00  =   0.023062
|Q1| =   0.022609  Q10  =  -0.012208  Q11c =  -0.012020  Q11s =  -0.014753
|Q2| =   0.104510  Q20  =   0.040408  Q21c =   0.065945  Q21s =   0.056066
                   Q22c =   0.025947  Q22s =   0.033527

H          x =  7.906990  y = -4.059160  z =  3.541660 angstrom
           Maximum rank =  1   Radius =  0.350 angstrom
                   Q00  =   0.025170
|Q1| =   0.125028  Q10  =  -0.124152  Q11c =   0.013357  Q11s =  -0.006310

H          x =  9.378110  y = -4.250630  z =  2.582550 angstrom
           Maximum rank =  1   Radius =  0.350 angstrom
                   Q00  =   0.025513
|Q1| =   0.125253  Q10  =  -0.038139  Q11c =  -0.118826  Q11s =   0.010689

C          x =  8.149070  y = -4.931980  z =  0.271520 angstrom
           Maximum rank =  2   Radius =  0.650 angstrom
                   Q00  =  -0.033750
|Q1| =   0.076905  Q10  =   0.016255  Q11c =  -0.075144  Q11s =  -0.001883
|Q2| =   1.412545  Q20  =   0.307996  Q21c =  -0.219087  Q21s =   0.794319
                   Q22c =   0.987792  Q22s =   0.495730

H          x =  9.208290  y = -4.751090  z =  0.122200 angstrom
           Maximum rank =  1   Radius =  0.350 angstrom
                   Q00  =   0.046254
|Q1| =   0.117197  Q10  =   0.017525  Q11c =  -0.114247  Q11s =  -0.019379

C          x =  6.619000  y = -4.759890  z = -7.109370 angstrom
           Maximum rank =  2   Radius =  0.650 angstrom
                   Q00  =   0.023205
|Q1| =   0.023471  Q10  =   0.016930  Q11c =  -0.010521  Q11s =  -0.012394
|Q2| =   0.103079  Q20  =   0.089162  Q21c =  -0.029770  Q21s =  -0.038677
                   Q22c =  -0.016843  Q22s =   0.003109

H          x =  6.028400  y = -3.886320  z = -7.392710 angstrom
           Maximum rank =  1   Radius =  0.350 angstrom
                   Q00  =   0.028053
|Q1| =   0.124081  Q10  =   0.071692  Q11c =   0.041451  Q11s =  -0.092403

H          x =  6.436350  y = -5.544060  z = -7.845070 angstrom
           Maximum rank =  1   Radius =  0.350 angstrom
                   Q00  =   0.023894
|Q1| =   0.125229  Q10  =   0.112069  Q11c =   0.005327  Q11s =   0.055627

C          x = -1.285000  y =  4.173080  z = -2.896820 angstrom
           Maximum rank =  2   Radius =  0.650 angstrom
                   Q00  =  -0.298687
|Q1| =   0.615261  Q10  =   0.084385  Q11c =   0.168939  Q11s =  -0.585564
|Q2| =   1.094726  Q20  =  -0.874352  Q21c =  -0.215086  Q21s =  -0.197556
                   Q22c =   0.520208  Q22s =   0.279334

C          x = -2.269480  y =  3.220250  z = -2.657760 angstrom
           Maximum rank =  2   Radius =  0.650 angstrom
                   Q00  =  -0.007774
|Q1| =   0.090292  Q10  =   0.005897  Q11c =   0.061848  Q11s =  -0.065518
|Q2| =   1.376022  Q20  =  -1.298045  Q21c =  -0.200440  Q21s =  -0.352375
                   Q22c =   0.208798  Q22s =  -0.023974

H          x = -3.296980  y =  3.546170  z = -2.629420 angstrom
           Maximum rank =  1   Radius =  0.350 angstrom
                   Q00  =   0.097414
|Q1| =   0.079405  Q10  =   0.006364  Q11c =   0.049520  Q11s =  -0.061745

C          x = -4.038980  y =  0.625030  z = -2.079240 angstrom
           Maximum rank =  2   Radius =  0.650 angstrom
                   Q00  =  -0.020893
|Q1| =   0.023539  Q10  =   0.001869  Q11c =  -0.023464  Q11s =   0.000113
|Q2| =   1.310345  Q20  =  -1.241273  Q21c =  -0.189336  Q21s =  -0.349394
                   Q22c =   0.134583  Q22s =  -0.014397

N          x = -5.562920  y =  2.689160  z = -2.301470 angstrom
           Maximum rank =  2   Radius =  0.650 angstrom
                   Q00  =  -0.223157
|Q1| =   0.562512  Q10  =   0.052050  Q11c =   0.314526  Q11s =  -0.463448
|Q2| =   0.622665  Q20  =  -0.334864  Q21c =   0.044441  Q21s =  -0.069912
                   Q22c =  -0.077128  Q22s =  -0.512608

C          x = -4.868380  y =  1.778430  z = -2.205240 angstrom
           Maximum rank =  2   Radius =  0.650 angstrom
                   Q00  =   0.057658
|Q1| =   0.106096  Q10  =   0.014582  Q11c =   0.028372  Q11s =  -0.101187
|Q2| =   1.211513  Q20  =  -0.699369  Q21c =   0.077946  Q21s =  -0.177180
                   Q22c =  -0.273136  Q22s =  -0.930899

S          x =  9.059100  y =-11.359430  z = -1.166140 angstrom
           Maximum rank =  2   Radius =  0.650 angstrom
                   Q00  =   0.783952
|Q1| =   1.011038  Q10  =   0.184641  Q11c =  -0.691760  Q11s =  -0.713845
|Q2| =   2.413793  Q20  =  -2.122852  Q21c =  -0.190708  Q21s =  -0.504800
                   Q22c =   0.363856  Q22s =  -0.946738

Cl         x =  9.206950  y =-23.768850  z =  0.902260 angstrom
           Maximum rank =  2   Radius =  0.650 angstrom
                   Q00  =   0.288922
|Q1| =   0.815764  Q10  =  -0.140396  Q11c =   0.576916  Q11s =   0.559399
|Q2| =   2.199890  Q20  =  -1.018321  Q21c =  -0.462267  Q21s =  -0.456892
                   Q22c =   0.035637  Q22s =   1.838159

N          x = 15.890720  y =-17.243500  z = -0.733180 angstrom
           Maximum rank =  2   Radius =  0.650 angstrom
                   Q00  =  -0.230904
|Q1| =   0.571659  Q10  =   0.104742  Q11c =  -0.270578  Q11s =  -0.492555
|Q2| =   0.620190  Q20  =  -0.302520  Q21c =  -0.117275  Q21s =  -0.155282
                   Q22c =  -0.127728  Q22s =   0.488811

S          x =  9.993050  y =-15.624350  z = -0.524260 angstrom
           Maximum rank =  2   Radius =  0.650 angstrom
                   Q00  =   0.807165
|Q1| =   0.916413  Q10  =  -0.138947  Q11c =   0.780285  Q11s =   0.460067
|Q2| =   2.446852  Q20  =  -2.160927  Q21c =  -0.154765  Q21s =  -0.692164
                   Q22c =  -0.601081  Q22s =  -0.673155

Cl         x = 12.284950  y =-24.575840  z =  0.789010 angstrom
           Maximum rank =  2   Radius =  0.650 angstrom
                   Q00  =   0.294327
|Q1| =   0.811865  Q10  =  -0.112510  Q11c =  -0.214907  Q11s =   0.774778
|Q2| =   2.186559  Q20  =  -1.069772  Q21c =   0.135853  Q21s =  -0.500266
                   Q22c =  -1.540994  Q22s =  -0.996617

C          x =  7.652790  y =-13.488530  z = -0.679590 angstrom
           Maximum rank =  2   Radius =  0.650 angstrom
                   Q00  =  -0.046292
|Q1| =   0.102098  Q10  =   0.012632  Q11c =   0.008423  Q11s =   0.100963
|Q2| =   1.481453  Q20  =  -1.384616  Q21c =  -0.237288  Q21s =  -0.463848
                   Q22c =  -0.040623  Q22s =  -0.066558

H          x =  7.377810  y =-14.513380  z = -0.471210 angstrom
           Maximum rank =  1   Radius =  0.350 angstrom
                   Q00  =   0.087723
|Q1| =   0.093475  Q10  =  -0.014072  Q11c =   0.015411  Q11s =   0.091115

C          x =  6.523830  y = -8.796400  z = -1.394370 angstrom
           Maximum rank =  2   Radius =  0.650 angstrom
                   Q00  =  -0.018194
|Q1| =   0.106705  Q10  =   0.046367  Q11c =  -0.089555  Q11s =  -0.034869
|Q2| =   1.453975  Q20  =  -1.381660  Q21c =  -0.196255  Q21s =  -0.406962
                   Q22c =  -0.006132  Q22s =  -0.029793

H          x =  7.501770  y = -8.360510  z = -1.559220 angstrom
           Maximum rank =  1   Radius =  0.350 angstrom
                   Q00  =   0.082924
|Q1| =   0.103205  Q10  =   0.017930  Q11c =  -0.099354  Q11s =  -0.021414

C          x =  4.656460  y =-14.030160  z =  1.047500 angstrom
           Maximum rank =  2   Radius =  0.650 angstrom
                   Q00  =  -0.049059
|Q1| =   0.102082  Q10  =   0.014593  Q11c =   0.003009  Q11s =   0.100989
|Q2| =   1.475978  Q20  =   0.751356  Q21c =  -0.434549  Q21s =   0.092301
                   Q22c =  -1.167856  Q22s =   0.229645

H          x =  4.747280  y =-14.766220  z =  0.257560 angstrom
           Maximum rank =  1   Radius =  0.350 angstrom
                   Q00  =   0.074396
|Q1| =   0.105674  Q10  =   0.037279  Q11c =  -0.009760  Q11s =   0.098397

O          x = 11.753900  y =-12.256290  z = -1.232450 angstrom
           Maximum rank =  2   Radius =  0.650 angstrom
                   Q00  =  -0.392499
|Q1| =   0.519287  Q10  =   0.047216  Q11c =   0.302982  Q11s =  -0.419083
|Q2| =   1.135865  Q20  =  -0.651422  Q21c =  -0.228222  Q21s =  -0.282733
                   Q22c =  -0.070793  Q22s =   0.853700

C          x =  4.691820  y =-11.765230  z =  1.793280 angstrom
           Maximum rank =  2   Radius =  0.650 angstrom
                   Q00  =  -0.034955
|Q1| =   0.097387  Q10  =  -0.045139  Q11c =   0.022883  Q11s =  -0.083205
|Q2| =   1.472747  Q20  =   0.596908  Q21c =  -0.496414  Q21s =  -0.092817
                   Q22c =  -1.227513  Q22s =   0.225512

H          x =  4.826370  y =-10.707780  z =  1.607100 angstrom
           Maximum rank =  1   Radius =  0.350 angstrom
                   Q00  =   0.076857
|Q1| =   0.098492  Q10  =  -0.042887  Q11c =  -0.006188  Q11s =  -0.088448

C          x =  5.237800  y =-12.251690  z = -0.662620 angstrom
           Maximum rank =  2   Radius =  0.650 angstrom
                   Q00  =  -0.009559
|Q1| =   0.059981  Q10  =  -0.011246  Q11c =   0.046861  Q11s =   0.035711
|Q2| =   0.189033  Q20  =   0.018837  Q21c =   0.035315  Q21s =  -0.077132
                   Q22c =   0.025218  Q22s =   0.165970

O          x =  9.814200  y =-18.284030  z = -0.066600 angstrom
           Maximum rank =  2   Radius =  0.650 angstrom
                   Q00  =  -0.415547
|Q1| =   0.556977  Q10  =   0.022644  Q11c =   0.436826  Q11s =  -0.344810
|Q2| =   0.974780  Q20  =  -0.168253  Q21c =   0.041667  Q21s =   0.121319
                   Q22c =   0.657517  Q22s =  -0.687825

C          x =  5.045070  y =-13.350410  z = -2.958060 angstrom
           Maximum rank =  2   Radius =  0.650 angstrom
                   Q00  =  -0.033719
|Q1| =   0.097254  Q10  =   0.067463  Q11c =  -0.065922  Q11s =   0.023695
|Q2| =   1.456052  Q20  =   0.322980  Q21c =  -0.111697  Q21s =   0.843700
                   Q22c =   1.015014  Q22s =   0.511089

H          x =  6.100110  y =-13.164070  z = -3.114480 angstrom
           Maximum rank =  1   Radius =  0.350 angstrom
                   Q00  =   0.077004
|Q1| =   0.100525  Q10  =   0.065322  Q11c =  -0.076340  Q11s =   0.003247

C          x =  6.381020  y =-10.156810  z = -1.135700 angstrom
           Maximum rank =  2   Radius =  0.650 angstrom
                   Q00  =  -0.025085
|Q1| =   0.118924  Q10  =   0.017150  Q11c =  -0.100334  Q11s =  -0.061496
|Q2| =   1.283653  Q20  =  -1.171604  Q21c =  -0.151775  Q21s =  -0.407931
                   Q22c =  -0.276596  Q22s =  -0.095707

C          x = 12.342050  y =-14.618070  z = -0.883160 angstrom
           Maximum rank =  2   Radius =  0.650 angstrom
                   Q00  =  -0.063903
|Q1| =   0.096064  Q10  =   0.009298  Q11c =  -0.095316  Q11s =  -0.007528
|Q2| =   1.525758  Q20  =  -1.447371  Q21c =  -0.196273  Q21s =  -0.404312
                   Q22c =   0.112923  Q22s =  -0.135326

H          x = 13.415250  y =-14.540270  z = -0.982730 angstrom
           Maximum rank =  1   Radius =  0.350 angstrom
                   Q00  =   0.074398
|Q1| =   0.098393  Q10  =   0.010635  Q11c =  -0.096425  Q11s =  -0.016441

C          x =  5.381470  y = -8.023370  z = -1.433290 angstrom
           Maximum rank =  2   Radius =  0.650 angstrom
                   Q00  =  -0.041016
|Q1| =   0.086988  Q10  =   0.047600  Q11c =  -0.071272  Q11s =   0.014879
|Q2| =   1.246669  Q20  =  -1.173654  Q21c =  -0.147214  Q21s =  -0.349518
                   Q22c =  -0.042641  Q22s =  -0.176255

C          x = 10.126800  y =-13.928380  z = -0.818680 angstrom
           Maximum rank =  2   Radius =  0.650 angstrom
                   Q00  =  -0.334499
|Q1| =   0.492518  Q10  =  -0.086274  Q11c =   0.136653  Q11s =   0.465249
|Q2| =   1.456478  Q20  =  -1.207738  Q21c =  -0.166978  Q21s =  -0.217371
                   Q22c =   0.658800  Q22s =  -0.391851

C          x =  6.745030  y =-12.424030  z = -0.790690 angstrom
           Maximum rank =  2   Radius =  0.650 angstrom
                   Q00  =  -0.071551
|Q1| =   0.109449  Q10  =   0.038435  Q11c =  -0.025730  Q11s =   0.099196
|Q2| =   1.250742  Q20  =  -1.160364  Q21c =  -0.190777  Q21s =  -0.327941
                   Q22c =   0.169560  Q22s =  -0.212650

C          x =  4.822150  y =-12.676110  z =  0.752750 angstrom
           Maximum rank =  2   Radius =  0.650 angstrom
                   Q00  =  -0.060979
|Q1| =   0.078378  Q10  =  -0.003820  Q11c =   0.077756  Q11s =  -0.009077
|Q2| =   1.289613  Q20  =   0.642020  Q21c =  -0.550670  Q21s =  -0.018911
                   Q22c =  -0.945303  Q22s =   0.231775

C          x =  7.355510  y =-11.226590  z = -1.046190 angstrom
           Maximum rank =  2   Radius =  0.650 angstrom
                   Q00  =  -0.338476
|Q1| =   0.610794  Q10  =   0.086703  Q11c =  -0.594209  Q11s =  -0.111660
|Q2| =   1.362238  Q20  =  -1.181010  Q21c =  -0.093894  Q21s =  -0.399136
                   Q22c =  -0.385641  Q22s =  -0.379556

C          x =  4.450200  y =-12.988100  z = -1.754370 angstrom
           Maximum rank =  2   Radius =  0.650 angstrom
                   Q00  =  -0.059794
|Q1| =   0.067762  Q10  =  -0.012319  Q11c =  -0.003571  Q11s =   0.066537
|Q2| =   1.281787  Q20  =   0.344974  Q21c =  -0.083611  Q21s =   0.834675
                   Q22c =   0.742492  Q22s =   0.518656

C          x = 11.454850  y =-13.549390  z = -0.990450 angstrom
           Maximum rank =  2   Radius =  0.650 angstrom
                   Q00  =   0.077399
|Q1| =   0.126169  Q10  =  -0.017824  Q11c =  -0.027518  Q11s =   0.121835
|Q2| =   1.138997  Q20  =  -1.064077  Q21c =  -0.146058  Q21s =  -0.347637
                   Q22c =  -0.150875  Q22s =   0.010291

C          x =  8.960190  y =-13.088830  z = -0.862380 angstrom
           Maximum rank =  2   Radius =  0.650 angstrom
                   Q00  =  -0.304914
|Q1| =   0.416191  Q10  =   0.082274  Q11c =  -0.085946  Q11s =  -0.398822
|Q2| =   1.489710  Q20  =  -1.186679  Q21c =  -0.174869  Q21s =  -0.197495
                   Q22c =   0.742703  Q22s =  -0.435704

C          x = 11.721760  y =-15.838080  z = -0.628450 angstrom
           Maximum rank =  2   Radius =  0.650 angstrom
                   Q00  =  -0.313385
|Q1| =   0.436006  Q10  =  -0.038063  Q11c =   0.433842  Q11s =   0.020825
|Q2| =   1.416372  Q20  =  -1.148130  Q21c =  -0.073297  Q21s =  -0.435448
                   Q22c =  -0.655441  Q22s =  -0.251632

C          x = 11.038870  y =-20.330520  z =  0.178380 angstrom
           Maximum rank =  2   Radius =  0.650 angstrom
                   Q00  =  -0.038522
|Q1| =   0.071057  Q10  =  -0.007994  Q11c =   0.069199  Q11s =   0.014028
|Q2| =   1.222227  Q20  =  -1.144864  Q21c =  -0.183487  Q21s =  -0.362830
                   Q22c =  -0.045894  Q22s =   0.125316

C          x = 12.505510  y =-17.009750  z = -0.495740 angstrom
           Maximum rank =  2   Radius =  0.650 angstrom
                   Q00  =   0.024256
|Q1| =   0.020775  Q10  =   0.001368  Q11c =   0.015065  Q11s =  -0.014240
|Q2| =   1.362438  Q20  =  -1.280721  Q21c =  -0.162315  Q21s =  -0.403532
                   Q22c =  -0.148824  Q22s =  -0.068257

H          x = 13.552530  y =-16.769590  z = -0.620330 angstrom
           Maximum rank =  1   Radius =  0.350 angstrom
                   Q00  =   0.092713
|Q1| =   0.071312  Q10  =   0.011796  Q11c =  -0.054326  Q11s =  -0.044665

C          x =  4.364240  y =-14.450770  z =  2.332650 angstrom
           Maximum rank =  2   Radius =  0.650 angstrom
                   Q00  =  -0.032447
|Q1| =   0.075370  Q10  =  -0.004367  Q11c =   0.003770  Q11s =   0.075148
|Q2| =   1.412100  Q20  =   0.528124  Q21c =  -0.470727  Q21s =  -0.011058
                   Q22c =  -1.202713  Q22s =   0.216536

H          x =  4.242340  y =-15.510650  z =  2.529840 angstrom
           Maximum rank =  1   Radius =  0.350 angstrom
                   Q00  =   0.048902
|Q1| =   0.115120  Q10  =  -0.019092  Q11c =   0.014035  Q11s =   0.112655

C          x = 10.869160  y =-18.878570  z = -0.051440 angstrom
           Maximum rank =  2   Radius =  0.650 angstrom
                   Q00  =   0.192618
|Q1| =   0.029192  Q10  =  -0.000294  Q11c =  -0.025520  Q11s =   0.014171
|Q2| =   0.763296  Q20  =  -0.692378  Q21c =  -0.067178  Q21s =  -0.169279
                   Q22c =   0.106572  Q22s =  -0.242297

C          x = 13.121160  y =-11.916940  z = -1.393470 angstrom
           Maximum rank =  2   Radius =  0.650 angstrom
                   Q00  =   0.170466
|Q1| =   0.143210  Q10  =   0.008803  Q11c =  -0.142344  Q11s =   0.013025
|Q2| =   0.144814  Q20  =  -0.079787  Q21c =  -0.032693  Q21s =  -0.026795
                   Q22c =   0.035651  Q22s =   0.107459

H          x = 13.691780  y =-12.146450  z = -0.489100 angstrom
           Maximum rank =  1   Radius =  0.350 angstrom
                   Q00  =   0.047706
|Q1| =   0.113107  Q10  =  -0.071840  Q11c =  -0.086833  Q11s =  -0.009596

H          x = 13.557770  y =-12.440710  z = -2.248620 angstrom
           Maximum rank =  1   Radius =  0.350 angstrom
                   Q00  =   0.047383
|Q1| =   0.113239  Q10  =   0.083348  Q11c =  -0.074902  Q11s =   0.016306

C          x = 15.278000  y =-18.193660  z = -0.523700 angstrom
           Maximum rank =  2   Radius =  0.650 angstrom
                   Q00  =   0.061343
|Q1| =   0.101220  Q10  =   0.017777  Q11c =  -0.015991  Q11s =  -0.098356
|Q2| =   1.200616  Q20  =  -0.658108  Q21c =  -0.203159  Q21s =  -0.340617
                   Q22c =  -0.416286  Q22s =   0.823277

C          x =  2.946320  y =-14.198400  z = -3.817520 angstrom
           Maximum rank =  2   Radius =  0.650 angstrom
                   Q00  =  -0.078054
|Q1| =   0.121923  Q10  =   0.089173  Q11c =   0.064927  Q11s =   0.051940
|Q2| =   1.148138  Q20  =   0.333194  Q21c =  -0.087700  Q21s =   0.711620
                   Q22c =   0.727736  Q22s =   0.404361

C          x = 12.219270  y =-18.325190  z = -0.252780 angstrom
           Maximum rank =  2   Radius =  0.650 angstrom
                   Q00  =  -0.066338
|Q1| =   0.064218  Q10  =   0.011773  Q11c =  -0.029707  Q11s =  -0.055703
|Q2| =   1.338670  Q20  =  -1.249220  Q21c =  -0.168532  Q21s =  -0.408418
                   Q22c =  -0.189819  Q22s =   0.015742

C          x =  4.396330  y =-12.192080  z =  3.082250 angstrom
           Maximum rank =  2   Radius =  0.650 angstrom
                   Q00  =  -0.033236
|Q1| =   0.074954  Q10  =  -0.049880  Q11c =   0.007087  Q11s =  -0.055497
|Q2| =   1.405356  Q20  =   0.613874  Q21c =  -0.469500  Q21s =   0.152725
                   Q22c =  -1.150658  Q22s =   0.174393

H          x =  4.301040  y =-11.456170  z =  3.873310 angstrom
           Maximum rank =  1   Radius =  0.350 angstrom
                   Q00  =   0.044907
|Q1| =   0.117501  Q10  =  -0.087027  Q11c =   0.010749  Q11s =  -0.078212

C          x = 10.433120  y =-22.583490  z =  0.604720 angstrom
           Maximum rank =  2   Radius =  0.650 angstrom
                   Q00  =  -0.303390
|Q1| =   0.625746  Q10  =  -0.107769  Q11c =   0.441409  Q11s =   0.430235
|Q2| =   1.073634  Q20  =  -0.879713  Q21c =  -0.029894  Q21s =  -0.214574
                   Q22c =   0.003557  Q22s =  -0.576060

C          x = 10.055080  y =-21.262760  z =  0.413940 angstrom
           Maximum rank =  2   Radius =  0.650 angstrom
                   Q00  =   0.008653
|Q1| =   0.100535  Q10  =  -0.014542  Q11c =   0.089867  Q11s =   0.042659
|Q2| =   1.312594  Q20  =  -1.240094  Q21c =  -0.151576  Q21s =  -0.343244
                   Q22c =   0.073134  Q22s =  -0.197304

H          x =  9.014110  y =-20.969720  z =  0.448750 angstrom
           Maximum rank =  1   Radius =  0.350 angstrom
                   Q00  =   0.087848
|Q1| =   0.095506  Q10  =  -0.008824  Q11c =   0.094822  Q11s =   0.007244

C          x =  3.087490  y =-13.236920  z = -1.600730 angstrom
           Maximum rank =  2   Radius =  0.650 angstrom
                   Q00  =  -0.051535
|Q1| =   0.103894  Q10  =  -0.043033  Q11c =   0.093987  Q11s =  -0.010426
|Q2| =   1.487834  Q20  =   0.564926  Q21c =  -0.191812  Q21s =   0.836298
                   Q22c =   0.954266  Q22s =   0.497695

H          x =  2.595000  y =-12.976980  z = -0.671620 angstrom
           Maximum rank =  1   Radius =  0.350 angstrom
                   Q00  =   0.074113
|Q1| =   0.106354  Q10  =  -0.058642  Q11c =   0.087157  Q11s =  -0.016611

C          x =  4.224380  y =-13.537820  z =  3.376700 angstrom
           Maximum rank =  2   Radius =  0.650 angstrom
                   Q00  =  -0.077936
|Q1| =   0.121359  Q10  =  -0.112086  Q11c =   0.028491  Q11s =   0.036784
|Q2| =   1.147701  Q20  =   0.558672  Q21c =  -0.413169  Q21s =  -0.018904
                   Q22c =  -0.898958  Q22s =   0.160974

C          x =  4.304550  y =-13.945320  z = -3.969620 angstrom
           Maximum rank =  2   Radius =  0.650 angstrom
                   Q00  =  -0.032428
|Q1| =   0.075075  Q10  =   0.062502  Q11c =  -0.039725  Q11s =   0.012316
|Q2| =   1.402471  Q20  =   0.444450  Q21c =  -0.282502  Q21s =   0.848322
                   Q22c =   0.893445  Q22s =   0.414352

H          x =  4.797630  y =-14.217280  z = -4.896730 angstrom
           Maximum rank =  1   Radius =  0.350 angstrom
                   Q00  =   0.046541
|Q1| =   0.116507  Q10  =   0.099826  Q11c =  -0.052595  Q11s =   0.029024

C          x = 12.391480  y =-20.659620  z =  0.124360 angstrom
           Maximum rank =  2   Radius =  0.650 angstrom
                   Q00  =  -0.020045
|Q1| =   0.080372  Q10  =  -0.002786  Q11c =  -0.064782  Q11s =   0.047489
|Q2| =   1.233101  Q20  =  -1.155907  Q21c =  -0.150518  Q21s =  -0.371090
                   Q22c =  -0.152250  Q22s =  -0.029577

C          x = 13.178560  y =-19.426220  z = -0.146040 angstrom
           Maximum rank =  2   Radius =  0.650 angstrom
                   Q00  =   0.033325
|Q1| =   0.044474  Q10  =   0.006368  Q11c =  -0.039671  Q11s =  -0.019068
|Q2| =   1.159184  Q20  =  -1.072581  Q21c =  -0.177671  Q21s =  -0.270425
                   Q22c =   0.297363  Q22s =  -0.012489

C          x =  2.151180  y =-14.873780  z = -4.901940 angstrom
           Maximum rank =  2   Radius =  0.650 angstrom
                   Q00  =   0.023074
|Q1| =   0.022380  Q10  =   0.012145  Q11c =   0.011955  Q11s =   0.014507
|Q2| =   0.105255  Q20  =   0.040648  Q21c =   0.066149  Q21s =   0.056686
                   Q22c =   0.026247  Q22s =   0.033888

H          x =  2.594090  y =-14.702550  z = -5.884140 angstrom
           Maximum rank =  1   Radius =  0.350 angstrom
                   Q00  =   0.025221
|Q1| =   0.124937  Q10  =   0.124055  Q11c =  -0.013438  Q11s =   0.006245

H          x =  1.122700  y =-14.509470  z = -4.925780 angstrom
           Maximum rank =  1   Radius =  0.350 angstrom
                   Q00  =   0.025613
|Q1| =   0.125134  Q10  =   0.038160  Q11c =   0.118675  Q11s =  -0.010888

C          x =  2.351480  y =-13.828860  z = -2.614120 angstrom
           Maximum rank =  2   Radius =  0.650 angstrom
                   Q00  =  -0.033569
|Q1| =   0.076858  Q10  =  -0.016160  Q11c =   0.075126  Q11s =   0.001469
|Q2| =   1.411857  Q20  =   0.307793  Q21c =  -0.218866  Q21s =   0.793908
                   Q22c =   0.987243  Q22s =   0.495746

H          x =  1.292250  y =-14.009730  z = -2.464810 angstrom
           Maximum rank =  1   Radius =  0.350 angstrom
                   Q00  =   0.046482
|Q1| =   0.117001  Q10  =  -0.017518  Q11c =   0.114069  Q11s =   0.019248

C          x =  3.881590  y =-14.001010  z =  4.766760 angstrom
           Maximum rank =  2   Radius =  0.650 angstrom
                   Q00  =   0.023213
|Q1| =   0.023294  Q10  =  -0.016872  Q11c =   0.010430  Q11s =   0.012213
|Q2| =   0.103561  Q20  =   0.089527  Q21c =  -0.029963  Q21s =  -0.038775
                   Q22c =  -0.017222  Q22s =   0.003464

H          x =  4.472770  y =-14.874110  z =  5.050360 angstrom
           Maximum rank =  1   Radius =  0.350 angstrom
                   Q00  =   0.028317
|Q1| =   0.123841  Q10  =  -0.071613  Q11c =  -0.041496  Q11s =   0.092121

H          x =  4.063510  y =-13.216600  z =  5.502370 angstrom
           Maximum rank =  1   Radius =  0.350 angstrom
                   Q00  =   0.023757
|Q1| =   0.125310  Q10  =  -0.112078  Q11c =  -0.005309  Q11s =  -0.055793

C          x = 11.785680  y =-22.933940  z =  0.554260 angstrom
           Maximum rank =  2   Radius =  0.650 angstrom
                   Q00  =  -0.297849
|Q1| =   0.615556  Q10  =  -0.084500  Q11c =  -0.169405  Q11s =   0.585723
|Q2| =   1.092252  Q20  =  -0.870671  Q21c =  -0.214835  Q21s =  -0.196336
                   Q22c =   0.521204  Q22s =   0.280339

C          x = 12.770140  y =-21.981100  z =  0.315180 angstrom
           Maximum rank =  2   Radius =  0.650 angstrom
                   Q00  =  -0.006386
|Q1| =   0.089925  Q10  =  -0.005968  Q11c =  -0.061678  Q11s =   0.065167
|Q2| =   1.371219  Q20  =  -1.293499  Q21c =  -0.199632  Q21s =  -0.351024
                   Q22c =   0.208343  Q22s =  -0.024980

H          x = 13.797650  y =-22.307000  z =  0.286840 angstrom
           Maximum rank =  1   Radius =  0.350 angstrom
                   Q00  =   0.097884
|Q1| =   0.078955  Q10  =  -0.006338  Q11c =  -0.049298  Q11s =   0.061346

C          x = 14.539590  y =-19.385880  z = -0.263430 angstrom
           Maximum rank =  2   Radius =  0.650 angstrom
                   Q00  =  -0.018661
|Q1| =   0.025051  Q10  =  -0.002046  Q11c =   0.024964  Q11s =  -0.000348
|Q2| =   1.303277  Q20  =  -1.234498  Q21c =  -0.188510  Q21s =  -0.347466
                   Q22c =   0.134487  Q22s =  -0.013764

N          x = 16.063490  y =-21.450030  z = -0.041190 angstrom
           Maximum rank =  2   Radius =  0.650 angstrom
                   Q00  =  -0.219068
|Q1| =   0.560110  Q10  =  -0.051940  Q11c =  -0.313220  Q11s =   0.461431
|Q2| =   0.620390  Q20  =  -0.332265  Q21c =   0.044612  Q21s =  -0.069173
                   Q22c =  -0.077260  Q22s =  -0.511605

C          x = 15.368980  y =-20.539290  z = -0.137420 angstrom
           Maximum rank =  2   Radius =  0.650 angstrom
                   Q00  =   0.058046
|Q1| =   0.106697  Q10  =  -0.014757  Q11c =  -0.028717  Q11s =   0.101694
|Q2| =   1.210279  Q20  =  -0.697292  Q21c =   0.078258  Q21s =  -0.176606
                   Q22c =  -0.273475  Q22s =  -0.930836

H          x = -2.645970  y = -7.915310  z = -0.767880 angstrom
           Maximum rank =  1   Radius =  0.350 angstrom
                   Q00  =   0.050139
|Q1| =   0.103476  Q10  =  -0.018840  Q11c =   0.046184  Q11s =   0.090661

H          x =  8.387590  y = -2.805500  z =  2.400720 angstrom
           Maximum rank =  1   Radius =  0.350 angstrom
                   Q00  =   0.031548
|Q1| =   0.123638  Q10  =  -0.021183  Q11c =  -0.029459  Q11s =  -0.118194

H          x =  2.112050  y =-15.955240  z = -4.742740 angstrom
           Maximum rank =  1   Radius =  0.350 angstrom
                   Q00  =   0.032017
|Q1| =   0.123226  Q10  =   0.021090  Q11c =   0.029442  Q11s =   0.117784

H          x = 13.146550  y =-10.845530  z = -1.574580 angstrom
           Maximum rank =  1   Radius =  0.350 angstrom
                   Q00  =   0.050023
|Q1| =   0.103602  Q10  =   0.018836  Q11c =  -0.046246  Q11s =  -0.090774

H          x =  7.673160  y = -4.477620  z = -7.180300 angstrom
           Maximum rank =  1   Radius =  0.350 angstrom
                   Q00  =   0.030305
|Q1| =   0.124368  Q10  =   0.051752  Q11c =  -0.105893  Q11s =  -0.039696

H          x =  2.827620  y =-14.284050  z =  4.837510 angstrom
           Maximum rank =  1   Radius =  0.350 angstrom
                   Q00  =   0.030568
|Q1| =   0.124132  Q10  =  -0.051669  Q11c =   0.105696  Q11s =   0.039591

Total multipoles referred to origin at
           x =   0.000000,  y =    0.000000,  z =    0.000000 angstrom
                   Q00  =  -0.000033
|Q1| =   0.827842  Q10  =   0.070361  Q11c =   0.435325  Q11s =  -0.700617
|Q2| = 305.758116  Q20  = 142.874054  Q21c = -33.010720  Q21s =  33.476589
                   Q22c =  33.148866  Q22s = 264.132151

CPU time used:     86m 4.980s          Total:     86m 4.980s

Finished at 2:51:11 on 27 Jun 2021  
