                                     G D M A

                                 by Anthony Stone

                         version 2.2.11, 04 February 2015

               Distributed Multipoles from Gaussian wavefunctions


Starting at 16:38:37 on 22 Jun 2021 

s1S0



Using CI density matrix from file sN_mx.fchk


                         Distributed Multipole Analysis

Standard DMA for products of primitives with exponent greater than 4.00000
Using 80-point Euler-MacLaurin radial quadrature
Using 590-point Lebedev quadrature
Becke smoothing parameter = 3

Positions and radii in angstrom
Multipole moments in atomic units, ea_0^k for rank k

S          x =  1.744190  y = -6.079920  z = 18.173660 angstrom
           Maximum rank =  2   Radius =  0.650 angstrom
                   Q00  =   0.982362
|Q1| =   1.084585  Q10  =   0.355527  Q11c =  -0.018802  Q11s =   1.024486
|Q2| =   1.995717  Q20  =   1.436437  Q21c =   0.571197  Q21s =  -0.524538
                   Q22c =  -1.123161  Q22s =  -0.237984

S          x =  1.314410  y = -1.808560  z = 15.093960 angstrom
           Maximum rank =  2   Radius =  0.650 angstrom
                   Q00  =   0.724001
|Q1| =   1.104191  Q10  =   0.707609  Q11c =   0.108835  Q11s =   0.840644
|Q2| =   2.363298  Q20  =   1.217409  Q21c =   0.197867  Q21s =  -0.844653
                   Q22c =  -1.820491  Q22s =   0.190564

S          x =  1.628270  y =  2.345870  z = 15.767000 angstrom
           Maximum rank =  2   Radius =  0.650 angstrom
                   Q00  =   0.789504
|Q1| =   0.934355  Q10  =  -0.663639  Q11c =  -0.094136  Q11s =  -0.650954
|Q2| =   2.496793  Q20  =   0.804962  Q21c =   0.156490  Q21s =  -0.833671
                   Q22c =  -2.197428  Q22s =   0.194489

S          x =  2.067230  y = -4.622010  z = 23.241800 angstrom
           Maximum rank =  2   Radius =  0.650 angstrom
                   Q00  =   0.724179
|Q1| =   1.103925  Q10  =  -0.036147  Q11c =  -0.144642  Q11s =   1.093811
|Q2| =   2.362907  Q20  =   1.832905  Q21c =  -0.015545  Q21s =   0.053067
                   Q22c =  -1.442939  Q22s =  -0.372368

S          x =  1.605680  y = -0.956890  z = 25.282610 angstrom
           Maximum rank =  2   Radius =  0.650 angstrom
                   Q00  =   0.789422
|Q1| =   0.934604  Q10  =   0.118975  Q11c =   0.125311  Q11s =  -0.918492
|Q2| =   2.496877  Q20  =   1.773620  Q21c =  -0.068797  Q21s =   0.579968
                   Q22c =  -1.615907  Q22s =  -0.369342

N          x =  1.922300  y = -5.471850  z = 19.685370 angstrom
           Maximum rank =  2   Radius =  0.650 angstrom
                   Q00  =  -0.560980
|Q1| =   0.679779  Q10  =  -0.079971  Q11c =  -0.053499  Q11s =   0.672935
|Q2| =   0.795982  Q20  =  -0.130754  Q21c =   0.075067  Q21s =   0.233604
                   Q22c =  -0.740989  Q22s =  -0.084975

N          x =  1.527860  y = -4.672730  z = 17.361410 angstrom
           Maximum rank =  2   Radius =  0.650 angstrom
                   Q00  =  -0.561091
|Q1| =   0.679854  Q10  =   0.480196  Q11c =   0.032312  Q11s =   0.480177
|Q2| =   0.796071  Q20  =  -0.003910  Q21c =   0.089393  Q21s =   0.419611
                   Q22c =  -0.669870  Q22s =  -0.030387

O          x =  1.729140  y =  4.995030  z = 15.311610 angstrom
           Maximum rank =  2   Radius =  0.650 angstrom
                   Q00  =  -0.422087
|Q1| =   0.568106  Q10  =  -0.514326  Q11c =  -0.013324  Q11s =   0.240905
|Q2| =   0.972404  Q20  =   0.869573  Q21c =   0.045564  Q21s =  -0.269558
                   Q22c =   0.336211  Q22s =  -0.040451

N          x =  1.675300  y = -0.093630  z = 18.521450 angstrom
           Maximum rank =  2   Radius =  0.650 angstrom
                   Q00  =  -0.182334
|Q1| =   0.217071  Q10  =  -0.120555  Q11c =   0.084163  Q11s =  -0.159697
|Q2| =   1.307816  Q20  =   0.517666  Q21c =   0.367992  Q21s =  -0.015697
                   Q22c =  -1.047360  Q22s =   0.458013

C          x =  1.818540  y = -4.164000  z = 19.590040 angstrom
           Maximum rank =  2   Radius =  0.650 angstrom
                   Q00  =   0.027868
|Q1| =   0.029773  Q10  =   0.014301  Q11c =  -0.010649  Q11s =   0.023844
|Q2| =   1.078263  Q20  =   0.462730  Q21c =   0.198244  Q21s =   0.125863
                   Q22c =  -0.934651  Q22s =  -0.140774

N          x =  1.606380  y = -1.166520  z = 21.608950 angstrom
           Maximum rank =  2   Radius =  0.650 angstrom
                   Q00  =  -0.182341
|Q1| =   0.217002  Q10  =  -0.005263  Q11c =  -0.077013  Q11s =  -0.202808
|Q2| =   1.307838  Q20  =   0.580934  Q21c =  -0.019887  Q21s =   0.069498
                   Q22c =  -0.967820  Q22s =  -0.656549

O          x =  1.416350  y =  0.835130  z = 27.280110 angstrom
           Maximum rank =  2   Radius =  0.650 angstrom
                   Q00  =  -0.422105
|Q1| =   0.568118  Q10  =   0.553112  Q11c =   0.012977  Q11s =  -0.129060
|Q2| =   0.972356  Q20  =   0.485535  Q21c =   0.084587  Q21s =  -0.830415
                   Q22c =   0.111993  Q22s =   0.021108

C          x =  1.588370  y = -3.702380  z = 18.247460 angstrom
           Maximum rank =  2   Radius =  0.650 angstrom
                   Q00  =   0.027837
|Q1| =   0.029983  Q10  =   0.003594  Q11c =   0.010265  Q11s =   0.027941
|Q2| =   1.078326  Q20  =   0.405746  Q21c =   0.221724  Q21s =   0.042860
                   Q22c =  -0.970045  Q22s =  -0.078561

C          x =  1.852060  y = -3.215810  z = 20.659700 angstrom
           Maximum rank =  2   Radius =  0.650 angstrom
                   Q00  =  -0.036151
|Q1| =   0.082024  Q10  =  -0.022379  Q11c =  -0.028475  Q11s =   0.073595
|Q2| =   1.336077  Q20  =   0.737455  Q21c =   0.108235  Q21s =   0.281813
                   Q22c =  -1.060208  Q22s =  -0.161516

C          x =  1.441470  y = -1.546910  z = 16.805740 angstrom
           Maximum rank =  2   Radius =  0.650 angstrom
                   Q00  =  -0.320120
|Q1| =   0.613133  Q10  =   0.561350  Q11c =   0.061881  Q11s =   0.238724
|Q2| =   1.353450  Q20  =   0.403466  Q21c =   0.121834  Q21s =  -0.501365
                   Q22c =  -1.181741  Q22s =   0.079494

F          x =  1.086180  y =  4.309790  z = 31.291300 angstrom
           Maximum rank =  2   Radius =  0.650 angstrom
                   Q00  =  -0.204340
|Q1| =   0.222817  Q10  =  -0.002069  Q11c =   0.021439  Q11s =  -0.221773
|Q2| =   0.699454  Q20  =  -0.370885  Q21c =  -0.016752  Q21s =   0.173115
                   Q22c =  -0.556656  Q22s =  -0.107539

C          x =  1.546560  y =  0.651310  z = 16.035800 angstrom
           Maximum rank =  2   Radius =  0.650 angstrom
                   Q00  =  -0.358471
|Q1| =   0.581017  Q10  =  -0.045305  Q11c =  -0.050595  Q11s =  -0.577034
|Q2| =   1.404399  Q20  =   1.066928  Q21c =   0.126584  Q21s =  -0.364817
                   Q22c =  -0.824351  Q22s =   0.073022

F          x =  1.884490  y = 10.216410  z = 14.319510 angstrom
           Maximum rank =  2   Radius =  0.650 angstrom
                   Q00  =  -0.204279
|Q1| =   0.222776  Q10  =  -0.136029  Q11c =  -0.012568  Q11s =  -0.175975
|Q2| =   0.699432  Q20  =  -0.116983  Q21c =   0.030303  Q21s =   0.545601
                   Q22c =  -0.416882  Q22s =   0.055953

C          x =  1.510250  y = -2.297280  z = 17.994580 angstrom
           Maximum rank =  2   Radius =  0.650 angstrom
                   Q00  =  -0.036214
|Q1| =   0.082210  Q10  =   0.063446  Q11c =   0.026869  Q11s =   0.044847
|Q2| =   1.336220  Q20  =   0.431712  Q21c =   0.166500  Q21s =  -0.164884
                   Q22c =  -1.242461  Q22s =  -0.022131

C          x =  1.463830  y =  0.364010  z = 28.395060 angstrom
           Maximum rank =  2   Radius =  0.650 angstrom
                   Q00  =   0.193096
|Q1| =   0.029419  Q10  =  -0.026349  Q11c =  -0.000399  Q11s =   0.013080
|Q2| =   0.762580  Q20  =   0.528788  Q21c =   0.014618  Q21s =  -0.149866
                   Q22c =  -0.517689  Q22s =  -0.105997

C          x =  1.422520  y = -0.069580  z = 14.850930 angstrom
           Maximum rank =  2   Radius =  0.650 angstrom
                   Q00  =  -0.343193
|Q1| =   0.553656  Q10  =   0.069800  Q11c =   0.040630  Q11s =   0.547733
|Q2| =   1.396328  Q20  =   1.113194  Q21c =   0.158267  Q21s =  -0.339488
                   Q22c =  -0.751207  Q22s =   0.076933

C          x =  1.690960  y = -1.841610  z = 20.403670 angstrom
           Maximum rank =  2   Radius =  0.650 angstrom
                   Q00  =   0.042719
|Q1| =   0.094779  Q10  =   0.092026  Q11c =   0.004731  Q11s =  -0.022178
|Q2| =   1.291696  Q20  =   0.839950  Q21c =   0.025869  Q21s =  -0.036428
                   Q22c =  -0.956771  Q22s =  -0.213435

C          x =  1.627420  y = -1.372470  z = 19.048580 angstrom
           Maximum rank =  2   Radius =  0.650 angstrom
                   Q00  =   0.042729
|Q1| =   0.094758  Q10  =  -0.086073  Q11c =  -0.004256  Q11s =   0.039400
|Q2| =   1.291737  Q20  =   0.708043  Q21c =   0.133499  Q21s =  -0.227481
                   Q22c =  -1.044329  Q22s =   0.084067

C          x =  1.740840  y = -2.117040  z = 24.023140 angstrom
           Maximum rank =  2   Radius =  0.650 angstrom
                   Q00  =  -0.358484
|Q1| =   0.581032  Q10  =  -0.321184  Q11c =   0.071239  Q11s =  -0.478919
|Q2| =   1.404525  Q20  =   1.035050  Q21c =   0.039824  Q21s =  -0.413069
                   Q22c =  -0.832833  Q22s =  -0.188519

F          x =  1.764970  y = 10.237940  z = 11.665980 angstrom
           Maximum rank =  2   Radius =  0.650 angstrom
                   Q00  =  -0.202362
|Q1| =   0.222336  Q10  =   0.130148  Q11c =  -0.000542  Q11s =  -0.180262
|Q2| =   0.695845  Q20  =  -0.134110  Q21c =  -0.010437  Q21s =  -0.525773
                   Q22c =  -0.435433  Q22s =   0.008207

C          x =  1.910060  y = -3.361090  z = 22.058520 angstrom
           Maximum rank =  2   Radius =  0.650 angstrom
                   Q00  =  -0.320063
|Q1| =   0.613120  Q10  =  -0.293586  Q11c =  -0.076071  Q11s =   0.532857
|Q2| =   1.353275  Q20  =   0.986626  Q21c =   0.006085  Q21s =   0.350487
                   Q22c =  -0.833833  Q22s =  -0.199416

C          x =  1.593240  y =  4.430530  z = 12.967300 angstrom
           Maximum rank =  2   Radius =  0.650 angstrom
                   Q00  =  -0.061601
|Q1| =   0.061574  Q10  =   0.013760  Q11c =   0.002497  Q11s =   0.059964
|Q2| =   1.328183  Q20  =   0.457313  Q21c =   0.079618  Q21s =  -0.055288
                   Q22c =  -1.235874  Q22s =   0.134745

C          x =  1.511240  y =  3.065030  z = 12.995820 angstrom
           Maximum rank =  2   Radius =  0.650 angstrom
                   Q00  =   0.013341
|Q1| =   0.023204  Q10  =  -0.019819  Q11c =  -0.001250  Q11s =   0.012003
|Q2| =   1.423078  Q20  =   0.541060  Q21c =   0.100586  Q21s =  -0.136515
                   Q22c =  -1.295900  Q22s =   0.155873

H          x =  1.428200  y =  2.591860  z = 12.028240 angstrom
           Maximum rank =  1   Radius =  0.350 angstrom
                   Q00  =   0.093159
|Q1| =   0.062160  Q10  =   0.044708  Q11c =   0.007642  Q11s =   0.042506

C          x =  1.548780  y = -0.210830  z = 17.153680 angstrom
           Maximum rank =  2   Radius =  0.650 angstrom
                   Q00  =   0.015519
|Q1| =   0.126114  Q10  =   0.093935  Q11c =  -0.001765  Q11s =  -0.084129
|Q2| =   1.239556  Q20  =   0.810144  Q21c =   0.154646  Q21s =  -0.187657
                   Q22c =  -0.901355  Q22s =   0.092708

C          x =  1.753510  y = -2.101210  z = 22.611580 angstrom
           Maximum rank =  2   Radius =  0.650 angstrom
                   Q00  =   0.015527
|Q1| =   0.126152  Q10  =  -0.125849  Q11c =   0.004176  Q11s =  -0.007672
|Q2| =   1.239599  Q20  =   0.802491  Q21c =   0.045550  Q21s =  -0.200744
                   Q22c =  -0.893533  Q22s =  -0.227683

C          x =  1.687930  y =  5.314340  z = 14.143850 angstrom
           Maximum rank =  2   Radius =  0.650 angstrom
                   Q00  =   0.193108
|Q1| =   0.029400  Q10  =   0.028761  Q11c =   0.000672  Q11s =  -0.006057
|Q2| =   0.762543  Q20  =   0.524499  Q21c =   0.060961  Q21s =  -0.155449
                   Q22c =  -0.526283  Q22s =   0.038954

C          x =  1.904070  y = -3.412010  z = 24.508340 angstrom
           Maximum rank =  2   Radius =  0.650 angstrom
                   Q00  =  -0.343142
|Q1| =   0.553685  Q10  =   0.283954  Q11c =  -0.059185  Q11s =   0.471629
|Q2| =   1.396086  Q20  =   1.009302  Q21c =   0.065958  Q21s =  -0.492806
                   Q22c =  -0.799928  Q22s =  -0.208024

N          x =  1.447150  y =  2.464440  z =  9.639650 angstrom
           Maximum rank =  2   Radius =  0.650 angstrom
                   Q00  =  -0.250643
|Q1| =   0.602315  Q10  =   0.114525  Q11c =   0.023904  Q11s =   0.590844
|Q2| =   0.664267  Q20  =  -0.118712  Q21c =   0.027986  Q21s =   0.486922
                   Q22c =  -0.434204  Q22s =   0.027361

F          x =  1.246390  y =  2.688020  z = 33.389000 angstrom
           Maximum rank =  2   Radius =  0.650 angstrom
                   Q00  =  -0.202393
|Q1| =   0.222349  Q10  =  -0.213824  Q11c =   0.005415  Q11s =  -0.060738
|Q2| =   0.695845  Q20  =   0.530276  Q21c =  -0.040444  Q21s =   0.445759
                   Q22c =  -0.050966  Q22s =  -0.008610

C          x =  1.397660  y =  0.725550  z = 13.701990 angstrom
           Maximum rank =  2   Radius =  0.650 angstrom
                   Q00  =  -0.066512
|Q1| =   0.111340  Q10  =   0.099351  Q11c =   0.011656  Q11s =   0.048888
|Q2| =   1.147333  Q20  =   0.619663  Q21c =   0.132189  Q21s =  -0.008838
                   Q22c =  -0.948434  Q22s =   0.123740

C          x =  1.505190  y =  2.087870  z = 14.019800 angstrom
           Maximum rank =  2   Radius =  0.650 angstrom
                   Q00  =  -0.302656
|Q1| =   0.459529  Q10  =  -0.434873  Q11c =  -0.033541  Q11s =  -0.144665
|Q2| =   1.434519  Q20  =   0.171531  Q21c =   0.065597  Q21s =  -0.485681
                   Q22c =  -1.329580  Q22s =   0.143003

C          x =  1.608100  y = -1.054170  z = 28.772290 angstrom
           Maximum rank =  2   Radius =  0.650 angstrom
                   Q00  =  -0.061597
|Q1| =   0.061558  Q10  =   0.026291  Q11c =  -0.004366  Q11s =   0.055490
|Q2| =   1.328200  Q20  =   0.650846  Q21c =  -0.049150  Q21s =   0.225619
                   Q22c =  -1.108868  Q22s =  -0.240015

C          x =  1.587650  y =  5.279420  z = 11.772700 angstrom
           Maximum rank =  2   Radius =  0.650 angstrom
                   Q00  =   0.031653
|Q1| =   0.043124  Q10  =   0.031109  Q11c =   0.004305  Q11s =   0.029553
|Q2| =   1.163776  Q20  =   0.770566  Q21c =   0.069813  Q21s =   0.137953
                   Q22c =  -0.855491  Q22s =   0.069515

C          x =  1.488930  y =  3.549080  z = 10.019700 angstrom
           Maximum rank =  2   Radius =  0.650 angstrom
                   Q00  =   0.062405
|Q1| =   0.096728  Q10  =  -0.007862  Q11c =   0.004586  Q11s =   0.096299
|Q2| =   1.200769  Q20  =  -0.310278  Q21c =   0.028181  Q21s =   0.549281
                   Q22c =  -1.018275  Q22s =   0.078662

C          x =  1.603100  y = -1.127780  z = 30.235940 angstrom
           Maximum rank =  2   Radius =  0.650 angstrom
                   Q00  =   0.031636
|Q1| =   0.043101  Q10  =  -0.006157  Q11c =  -0.005148  Q11s =   0.042347
|Q2| =   1.163863  Q20  =   0.495316  Q21c =   0.005464  Q21s =  -0.265940
                   Q22c =  -1.003910  Q22s =  -0.175070

C          x =  1.735840  y = -2.104650  z = 27.904930 angstrom
           Maximum rank =  2   Radius =  0.650 angstrom
                   Q00  =   0.013312
|Q1| =   0.023223  Q10  =   0.023003  Q11c =   0.001651  Q11s =  -0.002726
|Q2| =   1.423483  Q20  =   0.775005  Q21c =  -0.047654  Q21s =   0.203095
                   Q22c =  -1.144440  Q22s =  -0.269093

C          x =  1.687540  y = -2.233250  z = 31.035380 angstrom
           Maximum rank =  2   Radius =  0.650 angstrom
                   Q00  =  -0.018720
|Q1| =   0.024101  Q10  =   0.015454  Q11c =   0.000133  Q11s =  -0.018494
|Q2| =   1.305689  Q20  =   0.609616  Q21c =  -0.009626  Q21s =  -0.105040
                   Q22c =  -1.134680  Q22s =  -0.185924

C          x =  1.760270  y = -2.236830  z = 26.495930 angstrom
           Maximum rank =  2   Radius =  0.650 angstrom
                   Q00  =  -0.302684
|Q1| =   0.459590  Q10  =   0.252226  Q11c =   0.044878  Q11s =  -0.381564
|Q2| =   1.434458  Q20  =   0.922613  Q21c =  -0.083195  Q21s =   0.610950
                   Q22c =  -0.881820  Q22s =  -0.220605

C          x =  1.720620  y =  6.700180  z = 13.632010 angstrom
           Maximum rank =  2   Radius =  0.650 angstrom
                   Q00  =  -0.041830
|Q1| =   0.066779  Q10  =  -0.060823  Q11c =  -0.003699  Q11s =  -0.027317
|Q2| =   1.240946  Q20  =   0.492302  Q21c =   0.090222  Q21s =   0.096964
                   Q22c =  -1.127546  Q22s =   0.093182

C          x =  1.658710  y =  6.688500  z = 12.240570 angstrom
           Maximum rank =  2   Radius =  0.650 angstrom
                   Q00  =  -0.021489
|Q1| =   0.075657  Q10  =   0.070645  Q11c =   0.003153  Q11s =  -0.026895
|Q2| =   1.247492  Q20  =   0.477350  Q21c =   0.080709  Q21s =  -0.084579
                   Q22c =  -1.143758  Q22s =   0.080754

C          x =  1.673250  y =  7.897430  z = 11.548720 angstrom
           Maximum rank =  2   Radius =  0.650 angstrom
                   Q00  =   0.007750
|Q1| =   0.071903  Q10  =   0.069286  Q11c =   0.003979  Q11s =   0.018806
|Q2| =   1.431336  Q20  =   0.759149  Q21c =   0.109024  Q21s =  -0.019153
                   Q22c =  -1.205266  Q22s =   0.086586

H          x =  1.628190  y =  7.981980  z = 10.473840 angstrom
           Maximum rank =  1   Radius =  0.350 angstrom
                   Q00  =   0.112284
|Q1| =   0.062373  Q10  =   0.055868  Q11c =   0.002708  Q11s =  -0.027602

C          x =  1.749480  y =  9.060130  z = 12.287220 angstrom
           Maximum rank =  2   Radius =  0.650 angstrom
                   Q00  =   0.179153
|Q1| =   0.158708  Q10  =  -0.033170  Q11c =   0.004730  Q11s =   0.155131
|Q2| =   1.047270  Q20  =   0.455019  Q21c =   0.075657  Q21s =  -0.046661
                   Q22c =  -0.936649  Q22s =   0.067216

C          x =  1.811950  y =  9.051530  z = 13.679070 angstrom
           Maximum rank =  2   Radius =  0.650 angstrom
                   Q00  =   0.175643
|Q1| =   0.153961  Q10  =   0.027353  Q11c =   0.007109  Q11s =   0.151345
|Q2| =   1.053536  Q20  =   0.437262  Q21c =   0.079326  Q21s =   0.060926
                   Q22c =  -0.950349  Q22s =   0.074646

C          x =  1.798140  y =  7.862920  z = 14.373610 angstrom
           Maximum rank =  2   Radius =  0.650 angstrom
                   Q00  =   0.023716
|Q1| =   0.066899  Q10  =  -0.066779  Q11c =  -0.002624  Q11s =   0.003006
|Q2| =   1.375531  Q20  =   0.716319  Q21c =   0.107864  Q21s =  -0.010165
                   Q22c =  -1.165916  Q22s =   0.088729

H          x =  1.845740  y =  7.845130  z = 15.454690 angstrom
           Maximum rank =  1   Radius =  0.350 angstrom
                   Q00  =   0.098634
|Q1| =   0.085259  Q10  =  -0.084166  Q11c =  -0.004259  Q11s =  -0.012922

C          x =  1.917420  y = -3.498690  z = 25.903050 angstrom
           Maximum rank =  2   Radius =  0.650 angstrom
                   Q00  =  -0.066485
|Q1| =   0.111342  Q10  =  -0.047899  Q11c =  -0.013816  Q11s =   0.099558
|Q2| =   1.147176  Q20  =   0.585916  Q21c =   0.008926  Q21s =  -0.060266
                   Q22c =  -0.953593  Q22s =  -0.244262

C          x =  1.472990  y =  0.264280  z = 30.740590 angstrom
           Maximum rank =  2   Radius =  0.650 angstrom
                   Q00  =  -0.021473
|Q1| =   0.075640  Q10  =  -0.072143  Q11c =  -0.002606  Q11s =   0.022582
|Q2| =   1.247436  Q20  =   0.653925  Q21c =  -0.015266  Q21s =   0.172142
                   Q22c =  -1.029819  Q22s =  -0.195152

C          x =  1.388840  y =  1.132710  z = 29.654860 angstrom
           Maximum rank =  2   Radius =  0.650 angstrom
                   Q00  =  -0.041834
|Q1| =   0.066796  Q10  =   0.030877  Q11c =   0.006232  Q11s =  -0.058902
|Q2| =   1.240970  Q20  =   0.501970  Q21c =  -0.011352  Q21s =   0.109422
                   Q22c =  -1.108809  Q22s =  -0.215575

C          x =  1.257450  y =  2.500860  z = 29.792050 angstrom
           Maximum rank =  2   Radius =  0.650 angstrom
                   Q00  =   0.023677
|Q1| =   0.066901  Q10  =   0.054301  Q11c =   0.004256  Q11s =  -0.038845
|Q2| =   1.375675  Q20  =   0.700428  Q21c =   0.006149  Q21s =  -0.035181
                   Q22c =  -1.161816  Q22s =  -0.225366

C          x =  1.211200  y =  3.002420  z = 31.073340 angstrom
           Maximum rank =  2   Radius =  0.650 angstrom
                   Q00  =   0.175597
|Q1| =   0.153964  Q10  =   0.072195  Q11c =  -0.012440  Q11s =   0.135418
|Q2| =   1.053667  Q20  =   0.450213  Q21c =  -0.004758  Q21s =   0.078430
                   Q22c =  -0.932082  Q22s =  -0.180475

C          x =  1.295100  y =  2.149650  z = 32.171950 angstrom
           Maximum rank =  2   Radius =  0.650 angstrom
                   Q00  =   0.179130
|Q1| =   0.158704  Q10  =   0.122079  Q11c =  -0.009220  Q11s =   0.100988
|Q2| =   1.047348  Q20  =   0.543882  Q21c =  -0.004157  Q21s =   0.081940
                   Q22c =  -0.875273  Q22s =  -0.168213

C          x =  1.425300  y =  0.783400  z = 32.032340 angstrom
           Maximum rank =  2   Radius =  0.650 angstrom
                   Q00  =   0.007747
|Q1| =   0.071875  Q10  =  -0.042776  Q11c =  -0.005047  Q11s =   0.057539
|Q2| =   1.431356  Q20  =   0.739146  Q21c =   0.008662  Q21s =  -0.049913
                   Q22c =  -1.203178  Q22s =  -0.228557

C          x =  1.543680  y =  5.838310  z =  9.381030 angstrom
           Maximum rank =  2   Radius =  0.650 angstrom
                   Q00  =   0.058507
|Q1| =   0.106422  Q10  =   0.052407  Q11c =  -0.000890  Q11s =  -0.092619
|Q2| =   1.208558  Q20  =   0.507373  Q21c =   0.007056  Q21s =  -0.955890
                   Q22c =  -0.537869  Q22s =   0.010362

N          x =  1.886750  y = -4.650480  z = 30.169080 angstrom
           Maximum rank =  2   Radius =  0.650 angstrom
                   Q00  =  -0.250640
|Q1| =   0.602474  Q10  =   0.276041  Q11c =  -0.046935  Q11s =   0.533454
|Q2| =   0.664902  Q20  =  -0.317525  Q21c =  -0.004624  Q21s =   0.196738
                   Q22c =  -0.543332  Q22s =  -0.085648

C          x =  1.797750  y = -3.566130  z = 30.541770 angstrom
           Maximum rank =  2   Radius =  0.650 angstrom
                   Q00  =   0.062356
|Q1| =   0.096744  Q10  =   0.065804  Q11c =  -0.007238  Q11s =   0.070546
|Q2| =   1.200887  Q20  =  -0.256782  Q21c =  -0.056630  Q21s =   0.625810
                   Q22c =  -0.976936  Q22s =  -0.164143

N          x =  1.543750  y =  6.567140  z =  8.492400 angstrom
           Maximum rank =  2   Radius =  0.650 angstrom
                   Q00  =  -0.219210
|Q1| =   0.559751  Q10  =   0.413105  Q11c =  -0.000711  Q11s =  -0.377710
|Q2| =   0.618102  Q20  =   0.305146  Q21c =   0.004161  Q21s =  -0.489240
                   Q22c =  -0.222616  Q22s =   0.002118

C          x =  1.668770  y = -2.168210  z = 32.460240 angstrom
           Maximum rank =  2   Radius =  0.650 angstrom
                   Q00  =   0.058503
|Q1| =   0.106441  Q10  =  -0.098487  Q11c =   0.004096  Q11s =  -0.040165
|Q2| =   1.208544  Q20  =   1.198989  Q21c =  -0.023731  Q21s =   0.055852
                   Q22c =  -0.136915  Q22s =  -0.023994

C          x =  2.087690  y = -4.788830  z = 26.646470 angstrom
           Maximum rank =  2   Radius =  0.650 angstrom
                   Q00  =   0.015014
|Q1| =   0.041965  Q10  =  -0.040503  Q11c =  -0.005715  Q11s =   0.009375
|Q2| =   0.232363  Q20  =   0.169506  Q21c =   0.000914  Q21s =  -0.055238
                   Q22c =  -0.147393  Q22s =  -0.021995

C          x =  1.540410  y =  4.904300  z = 10.459190 angstrom
           Maximum rank =  2   Radius =  0.650 angstrom
                   Q00  =  -0.018748
|Q1| =   0.024121  Q10  =  -0.023572  Q11c =   0.001268  Q11s =  -0.004958
|Q2| =   1.305771  Q20  =   0.726948  Q21c =   0.063791  Q21s =   0.067879
                   Q22c =  -1.078392  Q22s =   0.070558

H          x =  1.848460  y = -3.072090  z = 28.372220 angstrom
           Maximum rank =  1   Radius =  0.350 angstrom
                   Q00  =   0.093209
|Q1| =   0.062088  Q10  =  -0.008869  Q11c =  -0.009308  Q11s =   0.060742

H          x =  1.193660  y =  3.154560  z = 28.931860 angstrom
           Maximum rank =  1   Radius =  0.350 angstrom
                   Q00  =   0.098597
|Q1| =   0.085288  Q10  =   0.058132  Q11c =   0.006168  Q11s =  -0.062102

H          x =  1.484170  y =  0.185810  z = 32.928980 angstrom
           Maximum rank =  1   Radius =  0.350 angstrom
                   Q00  =   0.112299
|Q1| =   0.062361  Q10  =  -0.060978  Q11c =  -0.002338  Q11s =   0.012847

C          x =  2.195330  y =  1.115230  z = 19.144070 angstrom
           Maximum rank =  2   Radius =  0.650 angstrom
                   Q00  =   0.099069
|Q1| =   0.131992  Q10  =  -0.084112  Q11c =   0.010843  Q11s =  -0.101141
|Q2| =   0.185210  Q20  =   0.067054  Q21c =   0.066283  Q21s =   0.005323
                   Q22c =  -0.146253  Q22s =   0.063205

C          x =  1.037520  y =  0.149310  z = 21.862870 angstrom
           Maximum rank =  2   Radius =  0.650 angstrom
                   Q00  =   0.099042
|Q1| =   0.132006  Q10  =   0.003269  Q11c =  -0.006136  Q11s =  -0.131823
|Q2| =   0.185641  Q20  =   0.073457  Q21c =   0.009469  Q21s =   0.012581
                   Q22c =  -0.136838  Q22s =  -0.100470

N          x =  1.656960  y = -2.146820  z = 33.609270 angstrom
           Maximum rank =  2   Radius =  0.650 angstrom
                   Q00  =  -0.219196
|Q1| =   0.559748  Q10  =  -0.558225  Q11c =   0.008344  Q11s =  -0.040399
|Q2| =   0.618077  Q20  =   0.615497  Q21c =  -0.006655  Q21s =  -0.035204
                   Q22c =  -0.042950  Q22s =  -0.007309

C          x =  1.262540  y =  0.167620  z = 12.317580 angstrom
           Maximum rank =  2   Radius =  0.650 angstrom
                   Q00  =   0.015012
|Q1| =   0.042119  Q10  =   0.037660  Q11c =   0.006927  Q11s =  -0.017542
|Q2| =   0.231730  Q20  =   0.167857  Q21c =   0.008364  Q21s =  -0.056972
                   Q22c =  -0.148919  Q22s =   0.005506

H          x =  2.111430  y = -5.628720  z = 25.952940 angstrom
           Maximum rank =  1   Radius =  0.350 angstrom
                   Q00  =   0.039535
|Q1| =   0.112548  Q10  =   0.029612  Q11c =  -0.007019  Q11s =   0.108355

H          x =  1.276730  y = -4.965690  z = 27.354430 angstrom
           Maximum rank =  1   Radius =  0.350 angstrom
                   Q00  =   0.066808
|Q1| =   0.098316  Q10  =  -0.034159  Q11c =   0.070390  Q11s =   0.059536

H          x =  3.019050  y = -4.802590  z = 27.216470 angstrom
           Maximum rank =  1   Radius =  0.350 angstrom
                   Q00  =   0.062700
|Q1| =   0.106550  Q10  =  -0.034155  Q11c =  -0.091193  Q11s =   0.043246

H          x =  1.399420  y =  1.786350  z = 19.469010 angstrom
           Maximum rank =  1   Radius =  0.350 angstrom
                   Q00  =   0.056724
|Q1| =   0.109631  Q10  =  -0.036071  Q11c =   0.051102  Q11s =  -0.090036

H          x =  2.818760  y =  1.640100  z = 18.421140 angstrom
           Maximum rank =  1   Radius =  0.350 angstrom
                   Q00  =   0.066614
|Q1| =   0.100574  Q10  =   0.014558  Q11c =  -0.068730  Q11s =  -0.071967

H          x =  2.821860  y =  0.852590  z = 19.992910 angstrom
           Maximum rank =  1   Radius =  0.350 angstrom
                   Q00  =   0.066454
|Q1| =   0.102932  Q10  =  -0.057082  Q11c =  -0.078439  Q11s =  -0.034409

H          x =  0.405220  y =  0.091680  z = 22.748130 angstrom
           Maximum rank =  1   Radius =  0.350 angstrom
                   Q00  =   0.066385
|Q1| =   0.100792  Q10  =  -0.055274  Q11c =   0.071218  Q11s =  -0.045075

H          x =  0.410130  y =  0.447380  z = 21.026470 angstrom
           Maximum rank =  1   Radius =  0.350 angstrom
                   Q00  =   0.066217
|Q1| =   0.103161  Q10  =   0.024489  Q11c =   0.080489  Q11s =  -0.059699

H          x =  1.805840  y =  0.904450  z = 22.032850 angstrom
           Maximum rank =  1   Radius =  0.350 angstrom
                   Q00  =   0.056938
|Q1| =   0.109476  Q10  =  -0.028016  Q11c =  -0.047335  Q11s =  -0.094654

H          x =  1.289380  y = -0.921290  z = 12.340750 angstrom
           Maximum rank =  1   Radius =  0.350 angstrom
                   Q00  =   0.039554
|Q1| =   0.112592  Q10  =   0.044023  Q11c =   0.001947  Q11s =   0.103611

H          x =  2.062300  y =  0.505360  z = 11.657090 angstrom
           Maximum rank =  1   Radius =  0.350 angstrom
                   Q00  =   0.067313
|Q1| =   0.097341  Q10  =   0.062616  Q11c =  -0.070944  Q11s =   0.022837

H          x =  0.318640  y =  0.466590  z = 11.856750 angstrom
           Maximum rank =  1   Radius =  0.350 angstrom
                   Q00  =   0.061970
|Q1| =   0.107433  Q10  =   0.055039  Q11c =   0.090831  Q11s =   0.016195

Total multipoles referred to origin at
           x =   0.000000,  y =    0.000000,  z =    0.000000 angstrom
                   Q00  =   0.000058
|Q1| =   0.666126  Q10  =  -0.216032  Q11c =   0.022473  Q11s =  -0.629721
|Q2| = 192.224887  Q20  =-180.538379  Q21c =  -1.209811  Q21s =  56.631956
                   Q22c =  33.811394  Q22s =  -2.109159

CPU time used:     24m59.260s          Total:     24m59.260s

Finished at 17:3:36 on 22 Jun 2021  
