                                     G D M A

                                 by Anthony Stone

                         version 2.2.11, 04 February 2015

               Distributed Multipoles from Gaussian wavefunctions


Starting at 16:38:51 on 22 Jun 2021 

s1S0



Using CI density matrix from file sN_my.fchk


                         Distributed Multipole Analysis

Standard DMA for products of primitives with exponent greater than 4.00000
Using 80-point Euler-MacLaurin radial quadrature
Using 590-point Lebedev quadrature
Becke smoothing parameter = 3

Positions and radii in angstrom
Multipole moments in atomic units, ea_0^k for rank k

S          x =  1.744190  y = -6.079920  z = 18.173660 angstrom
           Maximum rank =  2   Radius =  0.650 angstrom
                   Q00  =   0.981147
|Q1| =   1.086049  Q10  =   0.355967  Q11c =  -0.019432  Q11s =   1.025872
|Q2| =   1.998255  Q20  =   1.438497  Q21c =   0.572086  Q21s =  -0.525196
                   Q22c =  -1.124308  Q22s =  -0.237837

S          x =  1.314410  y = -1.808560  z = 15.093960 angstrom
           Maximum rank =  2   Radius =  0.650 angstrom
                   Q00  =   0.723648
|Q1| =   1.104737  Q10  =   0.707914  Q11c =   0.108270  Q11s =   0.841178
|Q2| =   2.363827  Q20  =   1.217805  Q21c =   0.198215  Q21s =  -0.845196
                   Q22c =  -1.820588  Q22s =   0.190901

S          x =  1.628270  y =  2.345870  z = 15.767000 angstrom
           Maximum rank =  2   Radius =  0.650 angstrom
                   Q00  =   0.790068
|Q1| =   0.933780  Q10  =  -0.663273  Q11c =  -0.094695  Q11s =  -0.650421
|Q2| =   2.495057  Q20  =   0.804296  Q21c =   0.155986  Q21s =  -0.833033
                   Q22c =  -2.196014  Q22s =   0.194070

S          x =  2.067230  y = -4.622010  z = 23.241800 angstrom
           Maximum rank =  2   Radius =  0.650 angstrom
                   Q00  =   0.723300
|Q1| =   1.105220  Q10  =  -0.036081  Q11c =  -0.145333  Q11s =   1.095028
|Q2| =   2.364683  Q20  =   1.834779  Q21c =  -0.015517  Q21s =   0.053033
                   Q22c =  -1.443543  Q22s =  -0.372080

S          x =  1.605680  y = -0.956890  z = 25.282610 angstrom
           Maximum rank =  2   Radius =  0.650 angstrom
                   Q00  =   0.789588
|Q1| =   0.934271  Q10  =   0.118921  Q11c =   0.124763  Q11s =  -0.918234
|Q2| =   2.496840  Q20  =   1.773441  Q21c =  -0.068704  Q21s =   0.579780
                   Q22c =  -1.616023  Q22s =  -0.369760

N          x =  1.922300  y = -5.471850  z = 19.685370 angstrom
           Maximum rank =  2   Radius =  0.650 angstrom
                   Q00  =  -0.561468
|Q1| =   0.680257  Q10  =  -0.080148  Q11c =  -0.053896  Q11s =   0.673366
|Q2| =   0.796333  Q20  =  -0.130216  Q21c =   0.075209  Q21s =   0.233967
                   Q22c =  -0.741352  Q22s =  -0.084789

N          x =  1.527860  y = -4.672730  z = 17.361410 angstrom
           Maximum rank =  2   Radius =  0.650 angstrom
                   Q00  =  -0.561392
|Q1| =   0.680175  Q10  =   0.480482  Q11c =   0.031997  Q11s =   0.480367
|Q2| =   0.796326  Q20  =  -0.003758  Q21c =   0.089715  Q21s =   0.419200
                   Q22c =  -0.670388  Q22s =  -0.030395

O          x =  1.729140  y =  4.995030  z = 15.311610 angstrom
           Maximum rank =  2   Radius =  0.650 angstrom
                   Q00  =  -0.421887
|Q1| =   0.567983  Q10  =  -0.514100  Q11c =  -0.013575  Q11s =   0.241083
|Q2| =   0.972292  Q20  =   0.869453  Q21c =   0.045450  Q21s =  -0.269524
                   Q22c =   0.336253  Q22s =  -0.040357

N          x =  1.675300  y = -0.093630  z = 18.521450 angstrom
           Maximum rank =  2   Radius =  0.650 angstrom
                   Q00  =  -0.182209
|Q1| =   0.216860  Q10  =  -0.120497  Q11c =   0.083872  Q11s =  -0.159606
|Q2| =   1.307567  Q20  =   0.517555  Q21c =   0.367871  Q21s =  -0.015682
                   Q22c =  -1.047221  Q22s =   0.457846

C          x =  1.818540  y = -4.164000  z = 19.590040 angstrom
           Maximum rank =  2   Radius =  0.650 angstrom
                   Q00  =   0.027948
|Q1| =   0.029888  Q10  =   0.014248  Q11c =  -0.010939  Q11s =   0.023887
|Q2| =   1.078111  Q20  =   0.462608  Q21c =   0.198181  Q21s =   0.125760
                   Q22c =  -0.934575  Q22s =  -0.140696

N          x =  1.606380  y = -1.166520  z = 21.608950 angstrom
           Maximum rank =  2   Radius =  0.650 angstrom
                   Q00  =  -0.182316
|Q1| =   0.217080  Q10  =  -0.005241  Q11c =  -0.077184  Q11s =  -0.202827
|Q2| =   1.307783  Q20  =   0.580993  Q21c =  -0.019855  Q21s =   0.069477
                   Q22c =  -0.967750  Q22s =  -0.656493

O          x =  1.416350  y =  0.835130  z = 27.280110 angstrom
           Maximum rank =  2   Radius =  0.650 angstrom
                   Q00  =  -0.421944
|Q1| =   0.568029  Q10  =   0.553067  Q11c =   0.012727  Q11s =  -0.128885
|Q2| =   0.972308  Q20  =   0.485474  Q21c =   0.084706  Q21s =  -0.830387
                   Q22c =   0.111961  Q22s =   0.021116

C          x =  1.588370  y = -3.702380  z = 18.247460 angstrom
           Maximum rank =  2   Radius =  0.650 angstrom
                   Q00  =   0.027942
|Q1| =   0.029875  Q10  =   0.003708  Q11c =   0.010006  Q11s =   0.027904
|Q2| =   1.078143  Q20  =   0.405772  Q21c =   0.221742  Q21s =   0.042917
                   Q22c =  -0.969830  Q22s =  -0.078487

C          x =  1.852060  y = -3.215810  z = 20.659700 angstrom
           Maximum rank =  2   Radius =  0.650 angstrom
                   Q00  =  -0.036406
|Q1| =   0.082206  Q10  =  -0.022426  Q11c =  -0.028773  Q11s =   0.073669
|Q2| =   1.336781  Q20  =   0.737844  Q21c =   0.108265  Q21s =   0.282000
                   Q22c =  -1.060766  Q22s =  -0.161554

C          x =  1.441470  y = -1.546910  z = 16.805740 angstrom
           Maximum rank =  2   Radius =  0.650 angstrom
                   Q00  =  -0.320171
|Q1| =   0.613187  Q10  =   0.561428  Q11c =   0.061541  Q11s =   0.238766
|Q2| =   1.353662  Q20  =   0.403692  Q21c =   0.122024  Q21s =  -0.501510
                   Q22c =  -1.181820  Q22s =   0.079577

F          x =  1.086180  y =  4.309790  z = 31.291300 angstrom
           Maximum rank =  2   Radius =  0.650 angstrom
                   Q00  =  -0.204008
|Q1| =   0.222615  Q10  =  -0.002084  Q11c =   0.021273  Q11s =  -0.221586
|Q2| =   0.699377  Q20  =  -0.370840  Q21c =  -0.016729  Q21s =   0.173106
                   Q22c =  -0.556601  Q22s =  -0.107498

C          x =  1.546560  y =  0.651310  z = 16.035800 angstrom
           Maximum rank =  2   Radius =  0.650 angstrom
                   Q00  =  -0.358324
|Q1| =   0.581060  Q10  =  -0.045157  Q11c =  -0.050948  Q11s =  -0.577058
|Q2| =   1.404034  Q20  =   1.066780  Q21c =   0.126493  Q21s =  -0.364726
                   Q22c =  -0.823994  Q22s =   0.072798

F          x =  1.884490  y = 10.216410  z = 14.319510 angstrom
           Maximum rank =  2   Radius =  0.650 angstrom
                   Q00  =  -0.203719
|Q1| =   0.222487  Q10  =  -0.135886  Q11c =  -0.012721  Q11s =  -0.175708
|Q2| =   0.699280  Q20  =  -0.117027  Q21c =   0.030290  Q21s =   0.545514
                   Q22c =  -0.416726  Q22s =   0.055980

C          x =  1.510250  y = -2.297280  z = 17.994580 angstrom
           Maximum rank =  2   Radius =  0.650 angstrom
                   Q00  =  -0.036437
|Q1| =   0.082165  Q10  =   0.063448  Q11c =   0.026619  Q11s =   0.044909
|Q2| =   1.336849  Q20  =   0.431903  Q21c =   0.166629  Q21s =  -0.164968
                   Q22c =  -1.243043  Q22s =  -0.022153

C          x =  1.463830  y =  0.364010  z = 28.395060 angstrom
           Maximum rank =  2   Radius =  0.650 angstrom
                   Q00  =   0.193131
|Q1| =   0.029416  Q10  =  -0.026357  Q11c =  -0.000644  Q11s =   0.013044
|Q2| =   0.762482  Q20  =   0.528641  Q21c =   0.014643  Q21s =  -0.149934
                   Q22c =  -0.517674  Q22s =  -0.106002

C          x =  1.422520  y = -0.069580  z = 14.850930 angstrom
           Maximum rank =  2   Radius =  0.650 angstrom
                   Q00  =  -0.343332
|Q1| =   0.553693  Q10  =   0.069816  Q11c =   0.040273  Q11s =   0.547795
|Q2| =   1.396751  Q20  =   1.113403  Q21c =   0.158351  Q21s =  -0.339655
                   Q22c =  -0.751567  Q22s =   0.077144

C          x =  1.690960  y = -1.841610  z = 20.403670 angstrom
           Maximum rank =  2   Radius =  0.650 angstrom
                   Q00  =   0.042684
|Q1| =   0.094792  Q10  =   0.092046  Q11c =   0.004470  Q11s =  -0.022206
|Q2| =   1.291826  Q20  =   0.839967  Q21c =   0.025888  Q21s =  -0.036495
                   Q22c =  -0.956909  Q22s =  -0.213526

C          x =  1.627420  y = -1.372470  z = 19.048580 angstrom
           Maximum rank =  2   Radius =  0.650 angstrom
                   Q00  =   0.042667
|Q1| =   0.094780  Q10  =  -0.086056  Q11c =  -0.004566  Q11s =   0.039455
|Q2| =   1.291923  Q20  =   0.708179  Q21c =   0.133478  Q21s =  -0.227454
                   Q22c =  -1.044479  Q22s =   0.084021

C          x =  1.740840  y = -2.117040  z = 24.023140 angstrom
           Maximum rank =  2   Radius =  0.650 angstrom
                   Q00  =  -0.358657
|Q1| =   0.580941  Q10  =  -0.321103  Q11c =   0.070938  Q11s =  -0.478908
|Q2| =   1.404909  Q20  =   1.035194  Q21c =   0.039778  Q21s =  -0.413181
                   Q22c =  -0.833195  Q22s =  -0.188748

F          x =  1.764970  y = 10.237940  z = 11.665980 angstrom
           Maximum rank =  2   Radius =  0.650 angstrom
                   Q00  =  -0.201838
|Q1| =   0.222050  Q10  =   0.130034  Q11c =  -0.000708  Q11s =  -0.179992
|Q2| =   0.695717  Q20  =  -0.134132  Q21c =  -0.010439  Q21s =  -0.525701
                   Q22c =  -0.435307  Q22s =   0.008244

C          x =  1.910060  y = -3.361090  z = 22.058520 angstrom
           Maximum rank =  2   Radius =  0.650 angstrom
                   Q00  =  -0.320234
|Q1| =   0.613201  Q10  =  -0.293452  Q11c =  -0.076414  Q11s =   0.532974
|Q2| =   1.353857  Q20  =   0.987133  Q21c =   0.006075  Q21s =   0.350303
                   Q22c =  -0.834271  Q22s =  -0.199346

C          x =  1.593240  y =  4.430530  z = 12.967300 angstrom
           Maximum rank =  2   Radius =  0.650 angstrom
                   Q00  =  -0.061387
|Q1| =   0.061952  Q10  =   0.013711  Q11c =   0.002204  Q11s =   0.060375
|Q2| =   1.327349  Q20  =   0.456758  Q21c =   0.079556  Q21s =  -0.055429
                   Q22c =  -1.235183  Q22s =   0.134723

C          x =  1.511240  y =  3.065030  z = 12.995820 angstrom
           Maximum rank =  2   Radius =  0.650 angstrom
                   Q00  =   0.013785
|Q1| =   0.023036  Q10  =  -0.019749  Q11c =  -0.001633  Q11s =   0.011746
|Q2| =   1.421654  Q20  =   0.540508  Q21c =   0.100570  Q21s =  -0.136427
                   Q22c =  -1.294584  Q22s =   0.155807

H          x =  1.428200  y =  2.591860  z = 12.028240 angstrom
           Maximum rank =  1   Radius =  0.350 angstrom
                   Q00  =   0.093210
|Q1| =   0.062148  Q10  =   0.044690  Q11c =   0.007582  Q11s =   0.042516

C          x =  1.548780  y = -0.210830  z = 17.153680 angstrom
           Maximum rank =  2   Radius =  0.650 angstrom
                   Q00  =   0.015466
|Q1| =   0.126019  Q10  =   0.093933  Q11c =  -0.002062  Q11s =  -0.083983
|Q2| =   1.239703  Q20  =   0.810168  Q21c =   0.154664  Q21s =  -0.187691
                   Q22c =  -0.901531  Q22s =   0.092656

C          x =  1.753510  y = -2.101210  z = 22.611580 angstrom
           Maximum rank =  2   Radius =  0.650 angstrom
                   Q00  =   0.015565
|Q1| =   0.126202  Q10  =  -0.125907  Q11c =   0.003923  Q11s =  -0.007679
|Q2| =   1.239540  Q20  =   0.802388  Q21c =   0.045513  Q21s =  -0.200669
                   Q22c =  -0.893559  Q22s =  -0.227695

C          x =  1.687930  y =  5.314340  z = 14.143850 angstrom
           Maximum rank =  2   Radius =  0.650 angstrom
                   Q00  =   0.193214
|Q1| =   0.029346  Q10  =   0.028697  Q11c =   0.000381  Q11s =  -0.006124
|Q2| =   0.762215  Q20  =   0.524487  Q21c =   0.060930  Q21s =  -0.155210
                   Q22c =  -0.525896  Q22s =   0.038934

C          x =  1.904070  y = -3.412010  z = 24.508340 angstrom
           Maximum rank =  2   Radius =  0.650 angstrom
                   Q00  =  -0.343217
|Q1| =   0.553715  Q10  =   0.283803  Q11c =  -0.059495  Q11s =   0.471716
|Q2| =   1.396459  Q20  =   1.009642  Q21c =   0.065987  Q21s =  -0.492552
                   Q22c =  -0.800312  Q22s =  -0.207991

N          x =  1.447150  y =  2.464440  z =  9.639650 angstrom
           Maximum rank =  2   Radius =  0.650 angstrom
                   Q00  =  -0.250651
|Q1| =   0.602412  Q10  =   0.114407  Q11c =   0.023517  Q11s =   0.590981
|Q2| =   0.664113  Q20  =  -0.118755  Q21c =   0.027959  Q21s =   0.486949
                   Q22c =  -0.433909  Q22s =   0.027665

F          x =  1.246390  y =  2.688020  z = 33.389000 angstrom
           Maximum rank =  2   Radius =  0.650 angstrom
                   Q00  =  -0.202249
|Q1| =   0.222278  Q10  =  -0.213785  Q11c =   0.005256  Q11s =  -0.060631
|Q2| =   0.695846  Q20  =   0.530254  Q21c =  -0.040426  Q21s =   0.445792
                   Q22c =  -0.050932  Q22s =  -0.008572

C          x =  1.397660  y =  0.725550  z = 13.701990 angstrom
           Maximum rank =  2   Radius =  0.650 angstrom
                   Q00  =  -0.066373
|Q1| =   0.111303  Q10  =   0.099388  Q11c =   0.011330  Q11s =   0.048807
|Q2| =   1.147008  Q20  =   0.619590  Q21c =   0.132239  Q21s =  -0.008836
                   Q22c =  -0.948084  Q22s =   0.123725

C          x =  1.505190  y =  2.087870  z = 14.019800 angstrom
           Maximum rank =  2   Radius =  0.650 angstrom
                   Q00  =  -0.302719
|Q1| =   0.459517  Q10  =  -0.434910  Q11c =  -0.033896  Q11s =  -0.144431
|Q2| =   1.434520  Q20  =   0.171483  Q21c =   0.065502  Q21s =  -0.485717
                   Q22c =  -1.329586  Q22s =   0.142936

C          x =  1.608100  y = -1.054170  z = 28.772290 angstrom
           Maximum rank =  2   Radius =  0.650 angstrom
                   Q00  =  -0.061441
|Q1| =   0.061477  Q10  =   0.026134  Q11c =  -0.004628  Q11s =   0.055453
|Q2| =   1.327846  Q20  =   0.650618  Q21c =  -0.049121  Q21s =   0.225614
                   Q22c =  -1.108601  Q22s =  -0.239915

C          x =  1.587650  y =  5.279420  z = 11.772700 angstrom
           Maximum rank =  2   Radius =  0.650 angstrom
                   Q00  =   0.032100
|Q1| =   0.043300  Q10  =   0.031394  Q11c =   0.004032  Q11s =   0.029547
|Q2| =   1.162474  Q20  =   0.770116  Q21c =   0.069754  Q21s =   0.137737
                   Q22c =  -0.854173  Q22s =   0.069414

C          x =  1.488930  y =  3.549080  z = 10.019700 angstrom
           Maximum rank =  2   Radius =  0.650 angstrom
                   Q00  =   0.062598
|Q1| =   0.096844  Q10  =  -0.007993  Q11c =   0.004237  Q11s =   0.096420
|Q2| =   1.200355  Q20  =  -0.310318  Q21c =   0.028140  Q21s =   0.549124
                   Q22c =  -1.017859  Q22s =   0.078669

C          x =  1.603100  y = -1.127780  z = 30.235940 angstrom
           Maximum rank =  2   Radius =  0.650 angstrom
                   Q00  =   0.031508
|Q1| =   0.042940  Q10  =  -0.005975  Q11c =  -0.005381  Q11s =   0.042180
|Q2| =   1.164262  Q20  =   0.495586  Q21c =   0.005459  Q21s =  -0.265990
                   Q22c =  -1.004219  Q22s =  -0.175113

C          x =  1.735840  y = -2.104650  z = 27.904930 angstrom
           Maximum rank =  2   Radius =  0.650 angstrom
                   Q00  =   0.012714
|Q1| =   0.023230  Q10  =   0.023052  Q11c =   0.001317  Q11s =  -0.002554
|Q2| =   1.425457  Q20  =   0.776123  Q21c =  -0.047710  Q21s =   0.203158
                   Q22c =  -1.146063  Q22s =  -0.269354

C          x =  1.687540  y = -2.233250  z = 31.035380 angstrom
           Maximum rank =  2   Radius =  0.650 angstrom
                   Q00  =  -0.019167
|Q1| =   0.023863  Q10  =   0.015352  Q11c =  -0.000162  Q11s =  -0.018268
|Q2| =   1.307002  Q20  =   0.610222  Q21c =  -0.009661  Q21s =  -0.104955
                   Q22c =  -1.135845  Q22s =  -0.186098

C          x =  1.760270  y = -2.236830  z = 26.495930 angstrom
           Maximum rank =  2   Radius =  0.650 angstrom
                   Q00  =  -0.302495
|Q1| =   0.459566  Q10  =   0.252146  Q11c =   0.044580  Q11s =  -0.381622
|Q2| =   1.434071  Q20  =   0.922216  Q21c =  -0.083174  Q21s =   0.610980
                   Q22c =  -0.881580  Q22s =  -0.220636

C          x =  1.720620  y =  6.700180  z = 13.632010 angstrom
           Maximum rank =  2   Radius =  0.650 angstrom
                   Q00  =  -0.041832
|Q1| =   0.066672  Q10  =  -0.060758  Q11c =  -0.003986  Q11s =  -0.027162
|Q2| =   1.240968  Q20  =   0.492348  Q21c =   0.090164  Q21s =   0.096810
                   Q22c =  -1.127570  Q22s =   0.093167

C          x =  1.658710  y =  6.688500  z = 12.240570 angstrom
           Maximum rank =  2   Radius =  0.650 angstrom
                   Q00  =  -0.021608
|Q1| =   0.075624  Q10  =   0.070641  Q11c =   0.002864  Q11s =  -0.026844
|Q2| =   1.247748  Q20  =   0.477367  Q21c =   0.080778  Q21s =  -0.084390
                   Q22c =  -1.144039  Q22s =   0.080771

C          x =  1.673250  y =  7.897430  z = 11.548720 angstrom
           Maximum rank =  2   Radius =  0.650 angstrom
                   Q00  =   0.008025
|Q1| =   0.071893  Q10  =   0.069262  Q11c =   0.003617  Q11s =   0.018926
|Q2| =   1.430392  Q20  =   0.758669  Q21c =   0.109114  Q21s =  -0.019478
                   Q22c =  -1.204442  Q22s =   0.086477

H          x =  1.628190  y =  7.981980  z = 10.473840 angstrom
           Maximum rank =  1   Radius =  0.350 angstrom
                   Q00  =   0.112415
|Q1| =   0.062250  Q10  =   0.055782  Q11c =   0.002647  Q11s =  -0.027502

C          x =  1.749480  y =  9.060130  z = 12.287220 angstrom
           Maximum rank =  2   Radius =  0.650 angstrom
                   Q00  =   0.179536
|Q1| =   0.158720  Q10  =  -0.033081  Q11c =   0.004412  Q11s =   0.155171
|Q2| =   1.046075  Q20  =   0.454582  Q21c =   0.075621  Q21s =  -0.046396
                   Q22c =  -0.935547  Q22s =   0.067158

C          x =  1.811950  y =  9.051530  z = 13.679070 angstrom
           Maximum rank =  2   Radius =  0.650 angstrom
                   Q00  =   0.176133
|Q1| =   0.153999  Q10  =   0.027301  Q11c =   0.006786  Q11s =   0.151407
|Q2| =   1.052094  Q20  =   0.436712  Q21c =   0.079176  Q21s =   0.060670
                   Q22c =  -0.949040  Q22s =   0.074544

C          x =  1.798140  y =  7.862920  z = 14.373610 angstrom
           Maximum rank =  2   Radius =  0.650 angstrom
                   Q00  =   0.023941
|Q1| =   0.066852  Q10  =  -0.066714  Q11c =  -0.002982  Q11s =   0.003077
|Q2| =   1.374716  Q20  =   0.715930  Q21c =   0.107622  Q21s =  -0.009893
                   Q22c =  -1.165223  Q22s =   0.088669

H          x =  1.845740  y =  7.845130  z = 15.454690 angstrom
           Maximum rank =  1   Radius =  0.350 angstrom
                   Q00  =   0.098804
|Q1| =   0.085113  Q10  =  -0.084028  Q11c =  -0.004315  Q11s =  -0.012846

C          x =  1.917420  y = -3.498690  z = 25.903050 angstrom
           Maximum rank =  2   Radius =  0.650 angstrom
                   Q00  =  -0.066961
|Q1| =   0.111351  Q10  =  -0.047688  Q11c =  -0.014087  Q11s =   0.099631
|Q2| =   1.148545  Q20  =   0.586647  Q21c =   0.008918  Q21s =  -0.060429
                   Q22c =  -0.954722  Q22s =  -0.244493

C          x =  1.472990  y =  0.264280  z = 30.740590 angstrom
           Maximum rank =  2   Radius =  0.650 angstrom
                   Q00  =  -0.021575
|Q1| =   0.075673  Q10  =  -0.072151  Q11c =  -0.002866  Q11s =   0.022635
|Q2| =   1.247761  Q20  =   0.653989  Q21c =  -0.015304  Q21s =   0.172136
                   Q22c =  -1.030164  Q22s =  -0.195200

C          x =  1.388840  y =  1.132710  z = 29.654860 angstrom
           Maximum rank =  2   Radius =  0.650 angstrom
                   Q00  =  -0.041863
|Q1| =   0.066795  Q10  =   0.030878  Q11c =   0.005975  Q11s =  -0.058927
|Q2| =   1.241097  Q20  =   0.502131  Q21c =  -0.011322  Q21s =   0.109419
                   Q22c =  -1.108869  Q22s =  -0.215626

C          x =  1.257450  y =  2.500860  z = 29.792050 angstrom
           Maximum rank =  2   Radius =  0.650 angstrom
                   Q00  =   0.023811
|Q1| =   0.066854  Q10  =   0.054332  Q11c =   0.003930  Q11s =  -0.038756
|Q2| =   1.375204  Q20  =   0.700036  Q21c =   0.006271  Q21s =  -0.035217
                   Q22c =  -1.161483  Q22s =  -0.225419

C          x =  1.211200  y =  3.002420  z = 31.073340 angstrom
           Maximum rank =  2   Radius =  0.650 angstrom
                   Q00  =   0.175784
|Q1| =   0.153950  Q10  =   0.072158  Q11c =  -0.012720  Q11s =   0.135396
|Q2| =   1.053091  Q20  =   0.450086  Q21c =  -0.004719  Q21s =   0.078343
                   Q22c =  -0.931518  Q22s =  -0.180381

C          x =  1.295100  y =  2.149650  z = 32.171950 angstrom
           Maximum rank =  2   Radius =  0.650 angstrom
                   Q00  =   0.179235
|Q1| =   0.158710  Q10  =   0.122058  Q11c =  -0.009503  Q11s =   0.100998
|Q2| =   1.047048  Q20  =   0.543662  Q21c =  -0.004177  Q21s =   0.081932
                   Q22c =  -0.875065  Q22s =  -0.168144

C          x =  1.425300  y =  0.783400  z = 32.032340 angstrom
           Maximum rank =  2   Radius =  0.650 angstrom
                   Q00  =   0.007623
|Q1| =   0.071944  Q10  =  -0.042781  Q11c =  -0.005370  Q11s =   0.057592
|Q2| =   1.431817  Q20  =   0.739444  Q21c =   0.008527  Q21s =  -0.049940
                   Q22c =  -1.203544  Q22s =  -0.228553

C          x =  1.543680  y =  5.838310  z =  9.381030 angstrom
           Maximum rank =  2   Radius =  0.650 angstrom
                   Q00  =   0.058517
|Q1| =   0.106479  Q10  =   0.052578  Q11c =  -0.001247  Q11s =  -0.092584
|Q2| =   1.208445  Q20  =   0.507171  Q21c =   0.007044  Q21s =  -0.956017
                   Q22c =  -0.537580  Q22s =   0.010299

N          x =  1.886750  y = -4.650480  z = 30.169080 angstrom
           Maximum rank =  2   Radius =  0.650 angstrom
                   Q00  =  -0.251686
|Q1| =   0.603095  Q10  =   0.276045  Q11c =  -0.047332  Q11s =   0.534119
|Q2| =   0.665280  Q20  =  -0.317257  Q21c =  -0.004467  Q21s =   0.196908
                   Q22c =  -0.543910  Q22s =  -0.085526

C          x =  1.797750  y = -3.566130  z = 30.541770 angstrom
           Maximum rank =  2   Radius =  0.650 angstrom
                   Q00  =   0.062346
|Q1| =   0.096575  Q10  =   0.065574  Q11c =  -0.007544  Q11s =   0.070497
|Q2| =   1.201079  Q20  =  -0.256624  Q21c =  -0.056600  Q21s =   0.625828
                   Q22c =  -0.977199  Q22s =  -0.164174

N          x =  1.543750  y =  6.567140  z =  8.492400 angstrom
           Maximum rank =  2   Radius =  0.650 angstrom
                   Q00  =  -0.218309
|Q1| =   0.559183  Q10  =   0.412808  Q11c =  -0.001083  Q11s =  -0.377192
|Q2| =   0.617655  Q20  =   0.304696  Q21c =   0.004312  Q21s =  -0.489099
                   Q22c =  -0.222299  Q22s =   0.001947

C          x =  1.668770  y = -2.168210  z = 32.460240 angstrom
           Maximum rank =  2   Radius =  0.650 angstrom
                   Q00  =   0.058409
|Q1| =   0.106263  Q10  =  -0.098434  Q11c =   0.003749  Q11s =  -0.039857
|Q2| =   1.208819  Q20  =   1.199248  Q21c =  -0.023767  Q21s =   0.055866
                   Q22c =  -0.137055  Q22s =  -0.024041

C          x =  2.087690  y = -4.788830  z = 26.646470 angstrom
           Maximum rank =  2   Radius =  0.650 angstrom
                   Q00  =   0.014995
|Q1| =   0.042010  Q10  =  -0.040486  Q11c =  -0.005859  Q11s =   0.009561
|Q2| =   0.232421  Q20  =   0.169968  Q21c =   0.001142  Q21s =  -0.054675
                   Q22c =  -0.147196  Q22s =  -0.021750

C          x =  1.540410  y =  4.904300  z = 10.459190 angstrom
           Maximum rank =  2   Radius =  0.650 angstrom
                   Q00  =  -0.018399
|Q1| =   0.024308  Q10  =  -0.023790  Q11c =   0.000952  Q11s =  -0.004899
|Q2| =   1.304664  Q20  =   0.726310  Q21c =   0.063763  Q21s =   0.068031
                   Q22c =  -1.077477  Q22s =   0.070512

H          x =  1.848460  y = -3.072090  z = 28.372220 angstrom
           Maximum rank =  1   Radius =  0.350 angstrom
                   Q00  =   0.093033
|Q1| =   0.062168  Q10  =  -0.008868  Q11c =  -0.009370  Q11s =   0.060815

H          x =  1.193660  y =  3.154560  z = 28.931860 angstrom
           Maximum rank =  1   Radius =  0.350 angstrom
                   Q00  =   0.098744
|Q1| =   0.085163  Q10  =   0.058073  Q11c =   0.006100  Q11s =  -0.061992

H          x =  1.484170  y =  0.185810  z = 32.928980 angstrom
           Maximum rank =  1   Radius =  0.350 angstrom
                   Q00  =   0.112218
|Q1| =   0.062390  Q10  =  -0.061001  Q11c =  -0.002393  Q11s =   0.012871

C          x =  2.195330  y =  1.115230  z = 19.144070 angstrom
           Maximum rank =  2   Radius =  0.650 angstrom
                   Q00  =   0.099080
|Q1| =   0.131908  Q10  =  -0.084088  Q11c =   0.010741  Q11s =  -0.101062
|Q2| =   0.185572  Q20  =   0.067154  Q21c =   0.066431  Q21s =   0.005296
                   Q22c =  -0.146544  Q22s =   0.063333

C          x =  1.037520  y =  0.149310  z = 21.862870 angstrom
           Maximum rank =  2   Radius =  0.650 angstrom
                   Q00  =   0.099054
|Q1| =   0.131915  Q10  =   0.003292  Q11c =  -0.006263  Q11s =  -0.131725
|Q2| =   0.185757  Q20  =   0.072995  Q21c =   0.009424  Q21s =   0.012792
                   Q22c =  -0.137034  Q22s =  -0.100731

N          x =  1.656960  y = -2.146820  z = 33.609270 angstrom
           Maximum rank =  2   Radius =  0.650 angstrom
                   Q00  =  -0.219681
|Q1| =   0.559970  Q10  =  -0.558478  Q11c =   0.007981  Q11s =  -0.040064
|Q2| =   0.618387  Q20  =   0.615801  Q21c =  -0.006890  Q21s =  -0.034946
                   Q22c =  -0.043222  Q22s =  -0.007366

C          x =  1.262540  y =  0.167620  z = 12.317580 angstrom
           Maximum rank =  2   Radius =  0.650 angstrom
                   Q00  =   0.015004
|Q1| =   0.042094  Q10  =   0.037686  Q11c =   0.006785  Q11s =  -0.017483
|Q2| =   0.231839  Q20  =   0.167880  Q21c =   0.008251  Q21s =  -0.057115
                   Q22c =  -0.149003  Q22s =   0.005802

H          x =  2.111430  y = -5.628720  z = 25.952940 angstrom
           Maximum rank =  1   Radius =  0.350 angstrom
                   Q00  =   0.039245
|Q1| =   0.112821  Q10  =   0.029663  Q11c =  -0.007108  Q11s =   0.108619

H          x =  1.276730  y = -4.965690  z = 27.354430 angstrom
           Maximum rank =  1   Radius =  0.350 angstrom
                   Q00  =   0.066792
|Q1| =   0.098369  Q10  =  -0.034182  Q11c =   0.070357  Q11s =   0.059649

H          x =  3.019050  y = -4.802590  z = 27.216470 angstrom
           Maximum rank =  1   Radius =  0.350 angstrom
                   Q00  =   0.062383
|Q1| =   0.106847  Q10  =  -0.034225  Q11c =  -0.091446  Q11s =   0.043388

H          x =  1.399420  y =  1.786350  z = 19.469010 angstrom
           Maximum rank =  1   Radius =  0.350 angstrom
                   Q00  =   0.056971
|Q1| =   0.109428  Q10  =  -0.036022  Q11c =   0.050961  Q11s =  -0.089888

H          x =  2.818760  y =  1.640100  z = 18.421140 angstrom
           Maximum rank =  1   Radius =  0.350 angstrom
                   Q00  =   0.066562
|Q1| =   0.100601  Q10  =   0.014584  Q11c =  -0.068807  Q11s =  -0.071928

H          x =  2.821860  y =  0.852590  z = 19.992910 angstrom
           Maximum rank =  1   Radius =  0.350 angstrom
                   Q00  =   0.066381
|Q1| =   0.102986  Q10  =  -0.057083  Q11c =  -0.078527  Q11s =  -0.034367

H          x =  0.405220  y =  0.091680  z = 22.748130 angstrom
           Maximum rank =  1   Radius =  0.350 angstrom
                   Q00  =   0.066547
|Q1| =   0.100634  Q10  =  -0.055206  Q11c =   0.071089  Q11s =  -0.045009

H          x =  0.410130  y =  0.447380  z = 21.026470 angstrom
           Maximum rank =  1   Radius =  0.350 angstrom
                   Q00  =   0.066357
|Q1| =   0.103012  Q10  =   0.024470  Q11c =   0.080364  Q11s =  -0.059618

H          x =  1.805840  y =  0.904450  z = 22.032850 angstrom
           Maximum rank =  1   Radius =  0.350 angstrom
                   Q00  =   0.056959
|Q1| =   0.109434  Q10  =  -0.027998  Q11c =  -0.047387  Q11s =  -0.094585

H          x =  1.289380  y = -0.921290  z = 12.340750 angstrom
           Maximum rank =  1   Radius =  0.350 angstrom
                   Q00  =   0.039436
|Q1| =   0.112694  Q10  =   0.044051  Q11c =   0.001870  Q11s =   0.103710

H          x =  2.062300  y =  0.505360  z = 11.657090 angstrom
           Maximum rank =  1   Radius =  0.350 angstrom
                   Q00  =   0.067209
|Q1| =   0.097444  Q10  =   0.062643  Q11c =  -0.071047  Q11s =   0.022879

H          x =  0.318640  y =  0.466590  z = 11.856750 angstrom
           Maximum rank =  1   Radius =  0.350 angstrom
                   Q00  =   0.062176
|Q1| =   0.107272  Q10  =   0.054995  Q11c =   0.090660  Q11s =   0.016233

Total multipoles referred to origin at
           x =   0.000000,  y =    0.000000,  z =    0.000000 angstrom
                   Q00  =   0.000058
|Q1| =   0.588418  Q10  =  -0.347834  Q11c =  -0.005271  Q11s =  -0.474574
|Q2| = 204.182274  Q20  =-190.384302  Q21c =  -3.834849  Q21s =  65.802204
                   Q22c =  33.136125  Q22s =  -1.256739

CPU time used:     25m 1.484s          Total:     25m 1.484s

Finished at 17:3:52 on 22 Jun 2021  
