                                     G D M A

                                 by Anthony Stone

                         version 2.2.11, 04 February 2015

               Distributed Multipoles from Gaussian wavefunctions


Starting at 16:38:35 on 22 Jun 2021 

s1S0



Using CI density matrix from file sN_z.fchk


                         Distributed Multipole Analysis

Standard DMA for products of primitives with exponent greater than 4.00000
Using 80-point Euler-MacLaurin radial quadrature
Using 590-point Lebedev quadrature
Becke smoothing parameter = 3

Positions and radii in angstrom
Multipole moments in atomic units, ea_0^k for rank k

S          x =  1.744190  y = -6.079920  z = 18.173660 angstrom
           Maximum rank =  2   Radius =  0.650 angstrom
                   Q00  =   0.982765
|Q1| =   1.084101  Q10  =   0.355182  Q11c =  -0.019397  Q11s =   1.024082
|Q2| =   1.994867  Q20  =   1.436092  Q21c =   0.571105  Q21s =  -0.523820
                   Q22c =  -1.122598  Q22s =  -0.237407

S          x =  1.314410  y = -1.808560  z = 15.093960 angstrom
           Maximum rank =  2   Radius =  0.650 angstrom
                   Q00  =   0.724800
|Q1| =   1.103050  Q10  =   0.706934  Q11c =   0.108168  Q11s =   0.839800
|Q2| =   2.361441  Q20  =   1.216508  Q21c =   0.198023  Q21s =  -0.843435
                   Q22c =  -1.819202  Q22s =   0.190834

S          x =  1.628270  y =  2.345870  z = 15.767000 angstrom
           Maximum rank =  2   Radius =  0.650 angstrom
                   Q00  =   0.790032
|Q1| =   0.934034  Q10  =  -0.663484  Q11c =  -0.094663  Q11s =  -0.650574
|Q2| =   2.494452  Q20  =   0.803837  Q21c =   0.155863  Q21s =  -0.833232
                   Q22c =  -2.195434  Q22s =   0.194010

S          x =  2.067230  y = -4.622010  z = 23.241800 angstrom
           Maximum rank =  2   Radius =  0.650 angstrom
                   Q00  =   0.723779
|Q1| =   1.104468  Q10  =  -0.036211  Q11c =  -0.145296  Q11s =   1.094270
|Q2| =   2.364008  Q20  =   1.833915  Q21c =  -0.015573  Q21s =   0.053273
                   Q22c =  -1.443534  Q22s =  -0.372050

S          x =  1.605680  y = -0.956890  z = 25.282610 angstrom
           Maximum rank =  2   Radius =  0.650 angstrom
                   Q00  =   0.788676
|Q1| =   0.935214  Q10  =   0.118850  Q11c =   0.124803  Q11s =  -0.919197
|Q2| =   2.499709  Q20  =   1.775556  Q21c =  -0.068662  Q21s =   0.580242
                   Q22c =  -1.617846  Q22s =  -0.370308

N          x =  1.922300  y = -5.471850  z = 19.685370 angstrom
           Maximum rank =  2   Radius =  0.650 angstrom
                   Q00  =  -0.561020
|Q1| =   0.679807  Q10  =  -0.080043  Q11c =  -0.053839  Q11s =   0.672929
|Q2| =   0.795954  Q20  =  -0.131007  Q21c =   0.074945  Q21s =   0.233680
                   Q22c =  -0.740926  Q22s =  -0.084766

N          x =  1.527860  y = -4.672730  z = 17.361410 angstrom
           Maximum rank =  2   Radius =  0.650 angstrom
                   Q00  =  -0.560780
|Q1| =   0.679561  Q10  =   0.479906  Q11c =   0.031947  Q11s =   0.480075
|Q2| =   0.795883  Q20  =  -0.003781  Q21c =   0.089509  Q21s =   0.419706
                   Q22c =  -0.669581  Q22s =  -0.030209

O          x =  1.729140  y =  4.995030  z = 15.311610 angstrom
           Maximum rank =  2   Radius =  0.650 angstrom
                   Q00  =  -0.422045
|Q1| =   0.568065  Q10  =  -0.514256  Q11c =  -0.013565  Q11s =   0.240944
|Q2| =   0.972332  Q20  =   0.869459  Q21c =   0.045454  Q21s =  -0.269602
                   Q22c =   0.336290  Q22s =  -0.040364

N          x =  1.675300  y = -0.093630  z = 18.521450 angstrom
           Maximum rank =  2   Radius =  0.650 angstrom
                   Q00  =  -0.182243
|Q1| =   0.216930  Q10  =  -0.120498  Q11c =   0.083933  Q11s =  -0.159669
|Q2| =   1.307647  Q20  =   0.517538  Q21c =   0.367919  Q21s =  -0.015609
                   Q22c =  -1.047268  Q22s =   0.457951

C          x =  1.818540  y = -4.164000  z = 19.590040 angstrom
           Maximum rank =  2   Radius =  0.650 angstrom
                   Q00  =   0.027828
|Q1| =   0.029906  Q10  =   0.014362  Q11c =  -0.010916  Q11s =   0.023852
|Q2| =   1.078305  Q20  =   0.462733  Q21c =   0.198229  Q21s =   0.125962
                   Q22c =  -0.934698  Q22s =  -0.140703

N          x =  1.606380  y = -1.166520  z = 21.608950 angstrom
           Maximum rank =  2   Radius =  0.650 angstrom
                   Q00  =  -0.182472
|Q1| =   0.217181  Q10  =  -0.005251  Q11c =  -0.077276  Q11s =  -0.202900
|Q2| =   1.308084  Q20  =   0.581102  Q21c =  -0.019885  Q21s =   0.069456
                   Q22c =  -0.967935  Q22s =  -0.656724

O          x =  1.416350  y =  0.835130  z = 27.280110 angstrom
           Maximum rank =  2   Radius =  0.650 angstrom
                   Q00  =  -0.422254
|Q1| =   0.568225  Q10  =   0.553175  Q11c =   0.012742  Q11s =  -0.129286
|Q2| =   0.972475  Q20  =   0.485614  Q21c =   0.084736  Q21s =  -0.830510
                   Q22c =   0.111870  Q22s =   0.021099

C          x =  1.588370  y = -3.702380  z = 18.247460 angstrom
           Maximum rank =  2   Radius =  0.650 angstrom
                   Q00  =   0.027816
|Q1| =   0.029845  Q10  =   0.003571  Q11c =   0.009989  Q11s =   0.027896
|Q2| =   1.078392  Q20  =   0.405801  Q21c =   0.221805  Q21s =   0.042817
                   Q22c =  -0.970081  Q22s =  -0.078528

C          x =  1.852060  y = -3.215810  z = 20.659700 angstrom
           Maximum rank =  2   Radius =  0.650 angstrom
                   Q00  =  -0.036062
|Q1| =   0.082175  Q10  =  -0.022526  Q11c =  -0.028739  Q11s =   0.073617
|Q2| =   1.335817  Q20  =   0.737300  Q21c =   0.108149  Q21s =   0.281813
                   Q22c =  -1.060007  Q22s =  -0.161455

C          x =  1.441470  y = -1.546910  z = 16.805740 angstrom
           Maximum rank =  2   Radius =  0.650 angstrom
                   Q00  =  -0.319969
|Q1| =   0.613088  Q10  =   0.561448  Q11c =   0.061523  Q11s =   0.238471
|Q2| =   1.352957  Q20  =   0.403097  Q21c =   0.121914  Q21s =  -0.501276
                   Q22c =  -1.181327  Q22s =   0.079565

F          x =  1.086180  y =  4.309790  z = 31.291300 angstrom
           Maximum rank =  2   Radius =  0.650 angstrom
                   Q00  =  -0.204870
|Q1| =   0.223054  Q10  =  -0.002172  Q11c =   0.021299  Q11s =  -0.222024
|Q2| =   0.699616  Q20  =  -0.370837  Q21c =  -0.016729  Q21s =   0.173134
                   Q22c =  -0.556885  Q22s =  -0.107551

C          x =  1.546560  y =  0.651310  z = 16.035800 angstrom
           Maximum rank =  2   Radius =  0.650 angstrom
                   Q00  =  -0.358010
|Q1| =   0.581196  Q10  =  -0.045042  Q11c =  -0.050907  Q11s =  -0.577208
|Q2| =   1.403303  Q20  =   1.066287  Q21c =   0.126402  Q21s =  -0.364841
                   Q22c =  -0.823356  Q22s =   0.072725

F          x =  1.884490  y = 10.216410  z = 14.319510 angstrom
           Maximum rank =  2   Radius =  0.650 angstrom
                   Q00  =  -0.204037
|Q1| =   0.222697  Q10  =  -0.136044  Q11c =  -0.012721  Q11s =  -0.175852
|Q2| =   0.699344  Q20  =  -0.117050  Q21c =   0.030291  Q21s =   0.545582
                   Q22c =  -0.416737  Q22s =   0.055980

C          x =  1.510250  y = -2.297280  z = 17.994580 angstrom
           Maximum rank =  2   Radius =  0.650 angstrom
                   Q00  =  -0.036128
|Q1| =   0.082009  Q10  =   0.063282  Q11c =   0.026584  Q11s =   0.044878
|Q2| =   1.335992  Q20  =   0.431693  Q21c =   0.166537  Q21s =  -0.164847
                   Q22c =  -1.242222  Q22s =  -0.022133

C          x =  1.463830  y =  0.364010  z = 28.395060 angstrom
           Maximum rank =  2   Radius =  0.650 angstrom
                   Q00  =   0.192968
|Q1| =   0.029511  Q10  =  -0.026379  Q11c =  -0.000688  Q11s =   0.013212
|Q2| =   0.762988  Q20  =   0.529154  Q21c =   0.014609  Q21s =  -0.149578
                   Q22c =  -0.517986  Q22s =  -0.106067

C          x =  1.422520  y = -0.069580  z = 14.850930 angstrom
           Maximum rank =  2   Radius =  0.650 angstrom
                   Q00  =  -0.343270
|Q1| =   0.553667  Q10  =   0.069509  Q11c =   0.040290  Q11s =   0.547807
|Q2| =   1.396363  Q20  =   1.113411  Q21c =   0.158312  Q21s =  -0.339473
                   Q22c =  -0.750934  Q22s =   0.077059

C          x =  1.690960  y = -1.841610  z = 20.403670 angstrom
           Maximum rank =  2   Radius =  0.650 angstrom
                   Q00  =   0.042780
|Q1| =   0.094775  Q10  =   0.092018  Q11c =   0.004433  Q11s =  -0.022255
|Q2| =   1.291531  Q20  =   0.839832  Q21c =   0.025872  Q21s =  -0.036416
                   Q22c =  -0.956641  Q22s =  -0.213490

C          x =  1.627420  y = -1.372470  z = 19.048580 angstrom
           Maximum rank =  2   Radius =  0.650 angstrom
                   Q00  =   0.042708
|Q1| =   0.094748  Q10  =  -0.086029  Q11c =  -0.004542  Q11s =   0.039442
|Q2| =   1.291762  Q20  =   0.708052  Q21c =   0.133442  Q21s =  -0.227545
                   Q22c =  -1.044351  Q22s =   0.084014

C          x =  1.740840  y = -2.117040  z = 24.023140 angstrom
           Maximum rank =  2   Radius =  0.650 angstrom
                   Q00  =  -0.358966
|Q1| =   0.580867  Q10  =  -0.320872  Q11c =   0.070911  Q11s =  -0.478977
|Q2| =   1.405688  Q20  =   1.035726  Q21c =   0.039751  Q21s =  -0.413076
                   Q22c =  -0.833854  Q22s =  -0.188953

F          x =  1.764970  y = 10.237940  z = 11.665980 angstrom
           Maximum rank =  2   Radius =  0.650 angstrom
                   Q00  =  -0.201898
|Q1| =   0.222072  Q10  =   0.129934  Q11c =  -0.000703  Q11s =  -0.180091
|Q2| =   0.695678  Q20  =  -0.134067  Q21c =  -0.010433  Q21s =  -0.525667
                   Q22c =  -0.435306  Q22s =   0.008243

C          x =  1.910060  y = -3.361090  z = 22.058520 angstrom
           Maximum rank =  2   Radius =  0.650 angstrom
                   Q00  =  -0.320164
|Q1| =   0.613120  Q10  =  -0.293389  Q11c =  -0.076436  Q11s =   0.532914
|Q2| =   1.353563  Q20  =   0.986788  Q21c =   0.006029  Q21s =   0.350506
                   Q22c =  -0.834127  Q22s =  -0.199311

C          x =  1.593240  y =  4.430530  z = 12.967300 angstrom
           Maximum rank =  2   Radius =  0.650 angstrom
                   Q00  =  -0.061561
|Q1| =   0.062200  Q10  =   0.013518  Q11c =   0.002241  Q11s =   0.060672
|Q2| =   1.327629  Q20  =   0.456860  Q21c =   0.079563  Q21s =  -0.055566
                   Q22c =  -1.235436  Q22s =   0.134757

C          x =  1.511240  y =  3.065030  z = 12.995820 angstrom
           Maximum rank =  2   Radius =  0.650 angstrom
                   Q00  =   0.014842
|Q1| =   0.022932  Q10  =  -0.019863  Q11c =  -0.001645  Q11s =   0.011343
|Q2| =   1.418209  Q20  =   0.538889  Q21c =   0.100298  Q21s =  -0.136134
                   Q22c =  -1.291572  Q22s =   0.155448

H          x =  1.428200  y =  2.591860  z = 12.028240 angstrom
           Maximum rank =  1   Radius =  0.350 angstrom
                   Q00  =   0.093486
|Q1| =   0.062031  Q10  =   0.044617  Q11c =   0.007566  Q11s =   0.042426

C          x =  1.548780  y = -0.210830  z = 17.153680 angstrom
           Maximum rank =  2   Radius =  0.650 angstrom
                   Q00  =   0.015391
|Q1| =   0.125874  Q10  =   0.093806  Q11c =  -0.002021  Q11s =  -0.083909
|Q2| =   1.239806  Q20  =   0.810305  Q21c =   0.154691  Q21s =  -0.187849
                   Q22c =  -0.901509  Q22s =   0.092685

C          x =  1.753510  y = -2.101210  z = 22.611580 angstrom
           Maximum rank =  2   Radius =  0.650 angstrom
                   Q00  =   0.015691
|Q1| =   0.126385  Q10  =  -0.126083  Q11c =   0.003914  Q11s =  -0.007811
|Q2| =   1.239243  Q20  =   0.802167  Q21c =   0.045508  Q21s =  -0.200786
                   Q22c =  -0.893331  Q22s =  -0.227651

C          x =  1.687930  y =  5.314340  z = 14.143850 angstrom
           Maximum rank =  2   Radius =  0.650 angstrom
                   Q00  =   0.193203
|Q1| =   0.029317  Q10  =   0.028666  Q11c =   0.000402  Q11s =  -0.006131
|Q2| =   0.762234  Q20  =   0.524484  Q21c =   0.060926  Q21s =  -0.155332
                   Q22c =  -0.525892  Q22s =   0.038931

C          x =  1.904070  y = -3.412010  z = 24.508340 angstrom
           Maximum rank =  2   Radius =  0.650 angstrom
                   Q00  =  -0.342985
|Q1| =   0.553651  Q10  =   0.283739  Q11c =  -0.059538  Q11s =   0.471674
|Q2| =   1.395773  Q20  =   1.009080  Q21c =   0.066002  Q21s =  -0.492574
                   Q22c =  -0.799848  Q22s =  -0.207840

N          x =  1.447150  y =  2.464440  z =  9.639650 angstrom
           Maximum rank =  2   Radius =  0.650 angstrom
                   Q00  =  -0.249063
|Q1| =   0.601496  Q10  =   0.113726  Q11c =   0.023507  Q11s =   0.590178
|Q2| =   0.663513  Q20  =  -0.119016  Q21c =   0.027939  Q21s =   0.486941
                   Q22c =  -0.432934  Q22s =   0.027576

F          x =  1.246390  y =  2.688020  z = 33.389000 angstrom
           Maximum rank =  2   Radius =  0.650 angstrom
                   Q00  =  -0.203072
|Q1| =   0.222727  Q10  =  -0.214196  Q11c =   0.005259  Q11s =  -0.060827
|Q2| =   0.696054  Q20  =   0.530432  Q21c =  -0.040433  Q21s =   0.445892
                   Q22c =  -0.051038  Q22s =  -0.008588

C          x =  1.397660  y =  0.725550  z = 13.701990 angstrom
           Maximum rank =  2   Radius =  0.650 angstrom
                   Q00  =  -0.065626
|Q1| =   0.111280  Q10  =   0.099541  Q11c =   0.011370  Q11s =   0.048431
|Q2| =   1.144892  Q20  =   0.618379  Q21c =   0.131967  Q21s =  -0.008781
                   Q22c =  -0.946383  Q22s =   0.123495

C          x =  1.505190  y =  2.087870  z = 14.019800 angstrom
           Maximum rank =  2   Radius =  0.650 angstrom
                   Q00  =  -0.303046
|Q1| =   0.459552  Q10  =  -0.435011  Q11c =  -0.033851  Q11s =  -0.144251
|Q2| =   1.435178  Q20  =   0.171895  Q21c =   0.065576  Q21s =  -0.486083
                   Q22c =  -1.330100  Q22s =   0.142990

C          x =  1.608100  y = -1.054170  z = 28.772290 angstrom
           Maximum rank =  2   Radius =  0.650 angstrom
                   Q00  =  -0.061728
|Q1| =   0.060866  Q10  =   0.025634  Q11c =  -0.004609  Q11s =   0.055012
|Q2| =   1.329055  Q20  =   0.651087  Q21c =  -0.049097  Q21s =   0.225325
                   Q22c =  -1.109785  Q22s =  -0.240144

C          x =  1.587650  y =  5.279420  z = 11.772700 angstrom
           Maximum rank =  2   Radius =  0.650 angstrom
                   Q00  =   0.032433
|Q1| =   0.043623  Q10  =   0.031843  Q11c =   0.004065  Q11s =   0.029537
|Q2| =   1.161464  Q20  =   0.769586  Q21c =   0.069703  Q21s =   0.137768
                   Q22c =  -0.853282  Q22s =   0.069338

C          x =  1.488930  y =  3.549080  z = 10.019700 angstrom
           Maximum rank =  2   Radius =  0.650 angstrom
                   Q00  =   0.062673
|Q1| =   0.097144  Q10  =  -0.008280  Q11c =   0.004259  Q11s =   0.096697
|Q2| =   1.199936  Q20  =  -0.310540  Q21c =   0.028100  Q21s =   0.549085
                   Q22c =  -1.017323  Q22s =   0.078637

C          x =  1.603100  y = -1.127780  z = 30.235940 angstrom
           Maximum rank =  2   Radius =  0.650 angstrom
                   Q00  =   0.030723
|Q1| =   0.042588  Q10  =  -0.005568  Q11c =  -0.005385  Q11s =   0.041878
|Q2| =   1.166544  Q20  =   0.496418  Q21c =   0.005385  Q21s =  -0.265656
                   Q22c =  -1.006472  Q22s =  -0.175520

C          x =  1.735840  y = -2.104650  z = 27.904930 angstrom
           Maximum rank =  2   Radius =  0.650 angstrom
                   Q00  =   0.011845
|Q1| =   0.023534  Q10  =   0.023397  Q11c =   0.001221  Q11s =  -0.002221
|Q2| =   1.428213  Q20  =   0.777590  Q21c =  -0.047786  Q21s =   0.203503
                   Q22c =  -1.148312  Q22s =  -0.269867

C          x =  1.687540  y = -2.233250  z = 31.035380 angstrom
           Maximum rank =  2   Radius =  0.650 angstrom
                   Q00  =  -0.019829
|Q1| =   0.023460  Q10  =   0.014988  Q11c =  -0.000210  Q11s =  -0.018047
|Q2| =   1.309087  Q20  =   0.611496  Q21c =  -0.009688  Q21s =  -0.105029
                   Q22c =  -1.137509  Q22s =  -0.186361

C          x =  1.760270  y = -2.236830  z = 26.495930 angstrom
           Maximum rank =  2   Radius =  0.650 angstrom
                   Q00  =  -0.302324
|Q1| =   0.459590  Q10  =   0.251858  Q11c =   0.044565  Q11s =  -0.381844
|Q2| =   1.433912  Q20  =   0.922080  Q21c =  -0.083161  Q21s =   0.610872
                   Q22c =  -0.881541  Q22s =  -0.220628

C          x =  1.720620  y =  6.700180  z = 13.632010 angstrom
           Maximum rank =  2   Radius =  0.650 angstrom
                   Q00  =  -0.041784
|Q1| =   0.066635  Q10  =  -0.060738  Q11c =  -0.003960  Q11s =  -0.027118
|Q2| =   1.240774  Q20  =   0.492213  Q21c =   0.090153  Q21s =   0.096916
                   Q22c =  -1.127407  Q22s =   0.093160

C          x =  1.658710  y =  6.688500  z = 12.240570 angstrom
           Maximum rank =  2   Radius =  0.650 angstrom
                   Q00  =  -0.021495
|Q1| =   0.075570  Q10  =   0.070556  Q11c =   0.002880  Q11s =  -0.026912
|Q2| =   1.247347  Q20  =   0.477157  Q21c =   0.080742  Q21s =  -0.084507
                   Q22c =  -1.143685  Q22s =   0.080740

C          x =  1.673250  y =  7.897430  z = 11.548720 angstrom
           Maximum rank =  2   Radius =  0.650 angstrom
                   Q00  =   0.008294
|Q1| =   0.071785  Q10  =   0.069167  Q11c =   0.003636  Q11s =   0.018863
|Q2| =   1.429421  Q20  =   0.758149  Q21c =   0.109031  Q21s =  -0.019465
                   Q22c =  -1.203627  Q22s =   0.086423

H          x =  1.628190  y =  7.981980  z = 10.473840 angstrom
           Maximum rank =  1   Radius =  0.350 angstrom
                   Q00  =   0.112572
|Q1| =   0.062173  Q10  =   0.055704  Q11c =   0.002647  Q11s =  -0.027486

C          x =  1.749480  y =  9.060130  z = 12.287220 angstrom
           Maximum rank =  2   Radius =  0.650 angstrom
                   Q00  =   0.179494
|Q1| =   0.158715  Q10  =  -0.033116  Q11c =   0.004434  Q11s =   0.155159
|Q2| =   1.046160  Q20  =   0.454687  Q21c =   0.075627  Q21s =  -0.046438
                   Q22c =  -0.935588  Q22s =   0.067159

C          x =  1.811950  y =  9.051530  z = 13.679070 angstrom
           Maximum rank =  2   Radius =  0.650 angstrom
                   Q00  =   0.176009
|Q1| =   0.154031  Q10  =   0.027230  Q11c =   0.006810  Q11s =   0.151452
|Q2| =   1.052494  Q20  =   0.436787  Q21c =   0.079208  Q21s =   0.060810
                   Q22c =  -0.949435  Q22s =   0.074579

C          x =  1.798140  y =  7.862920  z = 14.373610 angstrom
           Maximum rank =  2   Radius =  0.650 angstrom
                   Q00  =   0.023821
|Q1| =   0.066901  Q10  =  -0.066772  Q11c =  -0.002963  Q11s =   0.002922
|Q2| =   1.375131  Q20  =   0.716131  Q21c =   0.107661  Q21s =  -0.010093
                   Q22c =  -1.165583  Q22s =   0.088689

H          x =  1.845740  y =  7.845130  z = 15.454690 angstrom
           Maximum rank =  1   Radius =  0.350 angstrom
                   Q00  =   0.098645
|Q1| =   0.085249  Q10  =  -0.084156  Q11c =  -0.004318  Q11s =  -0.012903

C          x =  1.917420  y = -3.498690  z = 25.903050 angstrom
           Maximum rank =  2   Radius =  0.650 angstrom
                   Q00  =  -0.067288
|Q1| =   0.111408  Q10  =  -0.047536  Q11c =  -0.014135  Q11s =   0.099761
|Q2| =   1.149344  Q20  =   0.587049  Q21c =   0.008892  Q21s =  -0.060251
                   Q22c =  -0.955404  Q22s =  -0.244666

C          x =  1.472990  y =  0.264280  z = 30.740590 angstrom
           Maximum rank =  2   Radius =  0.650 angstrom
                   Q00  =  -0.021392
|Q1| =   0.075722  Q10  =  -0.072207  Q11c =  -0.002890  Q11s =   0.022618
|Q2| =   1.247389  Q20  =   0.654093  Q21c =  -0.015297  Q21s =   0.171997
                   Q22c =  -1.029688  Q22s =  -0.195106

C          x =  1.388840  y =  1.132710  z = 29.654860 angstrom
           Maximum rank =  2   Radius =  0.650 angstrom
                   Q00  =  -0.041878
|Q1| =   0.066977  Q10  =   0.030807  Q11c =   0.005972  Q11s =  -0.059171
|Q2| =   1.241118  Q20  =   0.501924  Q21c =  -0.011312  Q21s =   0.109408
                   Q22c =  -1.108982  Q22s =  -0.215652

C          x =  1.257450  y =  2.500860  z = 29.792050 angstrom
           Maximum rank =  2   Radius =  0.650 angstrom
                   Q00  =   0.023456
|Q1| =   0.066926  Q10  =   0.054349  Q11c =   0.003907  Q11s =  -0.038859
|Q2| =   1.376493  Q20  =   0.701010  Q21c =   0.006278  Q21s =  -0.035126
                   Q22c =  -1.162388  Q22s =  -0.225607

C          x =  1.211200  y =  3.002420  z = 31.073340 angstrom
           Maximum rank =  2   Radius =  0.650 angstrom
                   Q00  =   0.175007
|Q1| =   0.153885  Q10  =   0.072014  Q11c =  -0.012749  Q11s =   0.135395
|Q2| =   1.055375  Q20  =   0.450816  Q21c =  -0.004727  Q21s =   0.078511
                   Q22c =  -0.933653  Q22s =  -0.180795

C          x =  1.295100  y =  2.149650  z = 32.171950 angstrom
           Maximum rank =  2   Radius =  0.650 angstrom
                   Q00  =   0.178635
|Q1| =   0.158691  Q10  =   0.122121  Q11c =  -0.009522  Q11s =   0.100889
|Q2| =   1.048932  Q20  =   0.544882  Q21c =  -0.004207  Q21s =   0.082303
                   Q22c =  -0.876475  Q22s =  -0.168411

C          x =  1.425300  y =  0.783400  z = 32.032340 angstrom
           Maximum rank =  2   Radius =  0.650 angstrom
                   Q00  =   0.007144
|Q1| =   0.071973  Q10  =  -0.042943  Q11c =  -0.005397  Q11s =   0.057506
|Q2| =   1.433458  Q20  =   0.739831  Q21c =   0.008526  Q21s =  -0.050052
                   Q22c =  -1.205196  Q22s =  -0.228859

C          x =  1.543680  y =  5.838310  z =  9.381030 angstrom
           Maximum rank =  2   Radius =  0.650 angstrom
                   Q00  =   0.058664
|Q1| =   0.106768  Q10  =   0.052381  Q11c =  -0.001246  Q11s =  -0.093028
|Q2| =   1.207992  Q20  =   0.506890  Q21c =   0.007025  Q21s =  -0.955826
                   Q22c =  -0.537168  Q22s =   0.010280

N          x =  1.886750  y = -4.650480  z = 30.169080 angstrom
           Maximum rank =  2   Radius =  0.650 angstrom
                   Q00  =  -0.251901
|Q1| =   0.603073  Q10  =   0.275766  Q11c =  -0.047367  Q11s =   0.534235
|Q2| =   0.665593  Q20  =  -0.316991  Q21c =  -0.004472  Q21s =   0.197096
                   Q22c =  -0.544371  Q22s =  -0.085580

C          x =  1.797750  y = -3.566130  z = 30.541770 angstrom
           Maximum rank =  2   Radius =  0.650 angstrom
                   Q00  =   0.062023
|Q1| =   0.096339  Q10  =   0.065239  Q11c =  -0.007568  Q11s =   0.070483
|Q2| =   1.201807  Q20  =  -0.256559  Q21c =  -0.056608  Q21s =   0.626047
                   Q22c =  -0.977948  Q22s =  -0.164301

N          x =  1.543750  y =  6.567140  z =  8.492400 angstrom
           Maximum rank =  2   Radius =  0.650 angstrom
                   Q00  =  -0.217302
|Q1| =   0.558675  Q10  =   0.412078  Q11c =  -0.001081  Q11s =  -0.377238
|Q2| =   0.617050  Q20  =   0.304576  Q21c =   0.004286  Q21s =  -0.488774
                   Q22c =  -0.221499  Q22s =   0.001915

C          x =  1.668770  y = -2.168210  z = 32.460240 angstrom
           Maximum rank =  2   Radius =  0.650 angstrom
                   Q00  =   0.058367
|Q1| =   0.106126  Q10  =  -0.098235  Q11c =   0.003725  Q11s =  -0.039984
|Q2| =   1.209072  Q20  =   1.199433  Q21c =  -0.023769  Q21s =   0.055770
                   Q22c =  -0.137684  Q22s =  -0.024148

C          x =  2.087690  y = -4.788830  z = 26.646470 angstrom
           Maximum rank =  2   Radius =  0.650 angstrom
                   Q00  =   0.015001
|Q1| =   0.042015  Q10  =  -0.040504  Q11c =  -0.005865  Q11s =   0.009503
|Q2| =   0.232405  Q20  =   0.169922  Q21c =   0.001125  Q21s =  -0.054675
                   Q22c =  -0.147223  Q22s =  -0.021752

C          x =  1.540410  y =  4.904300  z = 10.459190 angstrom
           Maximum rank =  2   Radius =  0.650 angstrom
                   Q00  =  -0.017613
|Q1| =   0.024762  Q10  =  -0.024215  Q11c =   0.000945  Q11s =  -0.005088
|Q2| =   1.302332  Q20  =   0.725242  Q21c =   0.063665  Q21s =   0.068015
                   Q22c =  -1.075387  Q22s =   0.070388

H          x =  1.848460  y = -3.072090  z = 28.372220 angstrom
           Maximum rank =  1   Radius =  0.350 angstrom
                   Q00  =   0.092923
|Q1| =   0.062193  Q10  =  -0.008898  Q11c =  -0.009385  Q11s =   0.060834

H          x =  1.193660  y =  3.154560  z = 28.931860 angstrom
           Maximum rank =  1   Radius =  0.350 angstrom
                   Q00  =   0.098482
|Q1| =   0.085385  Q10  =   0.058168  Q11c =   0.006116  Q11s =  -0.062207

H          x =  1.484170  y =  0.185810  z = 32.928980 angstrom
           Maximum rank =  1   Radius =  0.350 angstrom
                   Q00  =   0.111994
|Q1| =   0.062592  Q10  =  -0.061214  Q11c =  -0.002397  Q11s =   0.012839

C          x =  2.195330  y =  1.115230  z = 19.144070 angstrom
           Maximum rank =  2   Radius =  0.650 angstrom
                   Q00  =   0.099067
|Q1| =   0.132021  Q10  =  -0.084129  Q11c =   0.010735  Q11s =  -0.101175
|Q2| =   0.185247  Q20  =   0.067248  Q21c =   0.066256  Q21s =   0.005036
                   Q22c =  -0.146273  Q22s =   0.063112

C          x =  1.037520  y =  0.149310  z = 21.862870 angstrom
           Maximum rank =  2   Radius =  0.650 angstrom
                   Q00  =   0.099037
|Q1| =   0.132033  Q10  =   0.003259  Q11c =  -0.006236  Q11s =  -0.131845
|Q2| =   0.185454  Q20  =   0.073213  Q21c =   0.009443  Q21s =   0.012583
                   Q22c =  -0.136754  Q22s =  -0.100418

N          x =  1.656960  y = -2.146820  z = 33.609270 angstrom
           Maximum rank =  2   Radius =  0.650 angstrom
                   Q00  =  -0.221252
|Q1| =   0.560944  Q10  =  -0.559436  Q11c =   0.007977  Q11s =  -0.040330
|Q2| =   0.619183  Q20  =   0.616542  Q21c =  -0.006907  Q21s =  -0.035190
                   Q22c =  -0.043831  Q22s =  -0.007467

C          x =  1.262540  y =  0.167620  z = 12.317580 angstrom
           Maximum rank =  2   Radius =  0.650 angstrom
                   Q00  =   0.015033
|Q1| =   0.042056  Q10  =   0.037534  Q11c =   0.006784  Q11s =  -0.017716
|Q2| =   0.231665  Q20  =   0.168319  Q21c =   0.008353  Q21s =  -0.056174
                   Q22c =  -0.148586  Q22s =   0.005854

H          x =  2.111430  y = -5.628720  z = 25.952940 angstrom
           Maximum rank =  1   Radius =  0.350 angstrom
                   Q00  =   0.039364
|Q1| =   0.112719  Q10  =   0.029614  Q11c =  -0.007109  Q11s =   0.108526

H          x =  1.276730  y = -4.965690  z = 27.354430 angstrom
           Maximum rank =  1   Radius =  0.350 angstrom
                   Q00  =   0.066727
|Q1| =   0.098406  Q10  =  -0.034228  Q11c =   0.070391  Q11s =   0.059642

H          x =  3.019050  y = -4.802590  z = 27.216470 angstrom
           Maximum rank =  1   Radius =  0.350 angstrom
                   Q00  =   0.062283
|Q1| =   0.106920  Q10  =  -0.034286  Q11c =  -0.091515  Q11s =   0.043374

H          x =  1.399420  y =  1.786350  z = 19.469010 angstrom
           Maximum rank =  1   Radius =  0.350 angstrom
                   Q00  =   0.056810
|Q1| =   0.109575  Q10  =  -0.036070  Q11c =   0.051015  Q11s =  -0.090018

H          x =  2.818760  y =  1.640100  z = 18.421140 angstrom
           Maximum rank =  1   Radius =  0.350 angstrom
                   Q00  =   0.066502
|Q1| =   0.100670  Q10  =   0.014573  Q11c =  -0.068825  Q11s =  -0.072009

H          x =  2.821860  y =  0.852590  z = 19.992910 angstrom
           Maximum rank =  1   Radius =  0.350 angstrom
                   Q00  =   0.066341
|Q1| =   0.103045  Q10  =  -0.057127  Q11c =  -0.078545  Q11s =  -0.034430

H          x =  0.405220  y =  0.091680  z = 22.748130 angstrom
           Maximum rank =  1   Radius =  0.350 angstrom
                   Q00  =   0.066465
|Q1| =   0.100734  Q10  =  -0.055259  Q11c =   0.071138  Q11s =  -0.045091

H          x =  0.410130  y =  0.447380  z = 21.026470 angstrom
           Maximum rank =  1   Radius =  0.350 angstrom
                   Q00  =   0.066310
|Q1| =   0.103076  Q10  =   0.024463  Q11c =   0.080392  Q11s =  -0.059694

H          x =  1.805840  y =  0.904450  z = 22.032850 angstrom
           Maximum rank =  1   Radius =  0.350 angstrom
                   Q00  =   0.056768
|Q1| =   0.109608  Q10  =  -0.028051  Q11c =  -0.047447  Q11s =  -0.094741

H          x =  1.289380  y = -0.921290  z = 12.340750 angstrom
           Maximum rank =  1   Radius =  0.350 angstrom
                   Q00  =   0.039851
|Q1| =   0.112306  Q10  =   0.043868  Q11c =   0.001864  Q11s =   0.103367

H          x =  2.062300  y =  0.505360  z = 11.657090 angstrom
           Maximum rank =  1   Radius =  0.350 angstrom
                   Q00  =   0.067429
|Q1| =   0.097205  Q10  =   0.062461  Q11c =  -0.070919  Q11s =   0.022759

H          x =  0.318640  y =  0.466590  z = 11.856750 angstrom
           Maximum rank =  1   Radius =  0.350 angstrom
                   Q00  =   0.062427
|Q1| =   0.107016  Q10  =   0.054819  Q11c =   0.090483  Q11s =   0.016129

Total multipoles referred to origin at
           x =   0.000000,  y =    0.000000,  z =    0.000000 angstrom
                   Q00  =   0.000058
|Q1| =   0.859961  Q10  =  -0.701213  Q11c =  -0.005067  Q11s =  -0.497803
|Q2| = 230.823056  Q20  =-219.484358  Q21c =  -5.536122  Q21s =  63.214044
                   Q22c =  32.823122  Q22s =  -1.370558

CPU time used:     25m21.528s          Total:     25m21.528s

Finished at 17:3:57 on 22 Jun 2021  
