                                     G D M A
                                 by Anthony Stone

               Distributed Multipoles from Gaussian wavefunctions

                             version 2.3.3 (e2d289a)
              Compiled with gfortran on 19 March 2021 at 09:53:28

Starting at 00:31:29 on 06 Sep 2021 

s1S0



Using CI density matrix from file sN_mx.fchk


                         Distributed Multipole Analysis

Standard DMA for products of primitives with exponent greater than 4.00000
Using 80-point Euler-MacLaurin radial quadrature
Using 590-point Lebedev quadrature
Becke smoothing parameter = 3

Positions and radii in angstrom
Multipole moments in atomic units, ea_0^k for rank k

S          x =  9.669900  y = 15.237920  z =  6.988090 angstrom
           Maximum rank =  2   Radius =  0.650 angstrom
                   Q00  =   0.804858
|Q1| =   0.919448  Q10  =  -0.072399  Q11c =   0.807819  Q11s =  -0.433095
|Q2| =   2.456152  Q20  =  -2.200495  Q21c =   0.035889  Q21s =   0.647186
                   Q22c =  -0.658485  Q22s =   0.580316

S          x =  8.933700  y = 10.929730  z =  6.368710 angstrom
           Maximum rank =  2   Radius =  0.650 angstrom
                   Q00  =   0.781575
|Q1| =   1.013009  Q10  =   0.123302  Q11c =  -0.729241  Q11s =   0.692236
|Q2| =   2.420037  Q20  =  -2.151720  Q21c =   0.059694  Q21s =   0.511766
                   Q22c =   0.291524  Q22s =   0.936070

O          x = 11.595350  y = 11.923360  z =  6.481030 angstrom
           Maximum rank =  2   Radius =  0.650 angstrom
                   Q00  =  -0.392767
|Q1| =   0.519206  Q10  =   0.060349  Q11c =   0.283496  Q11s =   0.430771
|Q2| =   1.136371  Q20  =  -0.683596  Q21c =  -0.137808  Q21s =   0.188264
                   Q22c =   0.003979  Q22s =  -0.877260

O          x =  9.368740  y = 17.894770  z =  7.373630 angstrom
           Maximum rank =  2   Radius =  0.650 angstrom
                   Q00  =  -0.421088
|Q1| =   0.559452  Q10  =   0.046746  Q11c =   0.424514  Q11s =   0.361371
|Q2| =   0.981964  Q20  =  -0.152883  Q21c =   0.099422  Q21s =  -0.060352
                   Q22c =   0.597666  Q22s =   0.755082

C          x =  8.751980  y = 12.658920  z =  6.632700 angstrom
           Maximum rank =  2   Radius =  0.650 angstrom
                   Q00  =  -0.305100
|Q1| =   0.415857  Q10  =   0.068794  Q11c =  -0.106613  Q11s =   0.396028
|Q2| =   1.491170  Q20  =  -1.204703  Q21c =   0.006216  Q21s =   0.202610
                   Q22c =   0.713222  Q22s =   0.471705

C          x =  9.883850  y = 13.541380  z =  6.741070 angstrom
           Maximum rank =  2   Radius =  0.650 angstrom
                   Q00  =  -0.336726
|Q1| =   0.492468  Q10  =  -0.065793  Q11c =   0.160419  Q11s =  -0.460935
|Q2| =   1.463591  Q20  =  -1.231246  Q21c =   0.014611  Q21s =   0.214876
                   Q22c =   0.633700  Q22s =   0.422104

C          x =  4.527040  y = 12.120090  z =  7.961390 angstrom
           Maximum rank =  2   Radius =  0.650 angstrom
                   Q00  =  -0.060233
|Q1| =   0.078566  Q10  =   0.001491  Q11c =   0.077665  Q11s =   0.011768
|Q2| =   1.287141  Q20  =   0.564550  Q21c =  -0.683913  Q21s =  -0.020149
                   Q22c =  -0.880606  Q22s =  -0.307254

C          x =  4.354280  y = 11.222860  z =  9.007480 angstrom
           Maximum rank =  2   Radius =  0.650 angstrom
                   Q00  =  -0.034571
|Q1| =   0.097519  Q10  =  -0.045088  Q11c =   0.023827  Q11s =   0.083122
|Q2| =   1.471687  Q20  =   0.523436  Q21c =  -0.648929  Q21s =   0.048840
                   Q22c =  -1.167027  Q22s =  -0.326241

H          x =  4.538470  y = 10.168010  z =  8.851590 angstrom
           Maximum rank =  1   Radius =  0.350 angstrom
                   Q00  =   0.077304
|Q1| =   0.098319  Q10  =  -0.045042  Q11c =  -0.006076  Q11s =   0.087183

C          x = 11.231410  y = 13.209120  z =  6.673150 angstrom
           Maximum rank =  2   Radius =  0.650 angstrom
                   Q00  =   0.076962
|Q1| =   0.126051  Q10  =  -0.017063  Q11c =  -0.022461  Q11s =  -0.122854
|Q2| =   1.140735  Q20  =  -1.088608  Q21c =  -0.034406  Q21s =   0.301542
                   Q22c =  -0.147072  Q22s =  -0.049674

C          x = 11.392010  y = 15.512170  z =  7.003580 angstrom
           Maximum rank =  2   Radius =  0.650 angstrom
                   Q00  =  -0.313342
|Q1| =   0.435811  Q10  =  -0.006470  Q11c =   0.435710  Q11s =  -0.006810
|Q2| =   1.415401  Q20  =  -1.167755  Q21c =   0.003683  Q21s =   0.395030
                   Q22c =  -0.674350  Q22s =   0.169993

C          x =  7.422290  y = 13.012690  z =  6.716480 angstrom
           Maximum rank =  2   Radius =  0.650 angstrom
                   Q00  =  -0.048458
|Q1| =   0.102897  Q10  =   0.015862  Q11c =   0.012638  Q11s =  -0.100878
|Q2| =   1.488395  Q20  =  -1.423755  Q21c =  -0.087553  Q21s =   0.421939
                   Q22c =  -0.039948  Q22s =   0.030789

H          x =  7.097220  y = 14.029940  z =  6.886350 angstrom
           Maximum rank =  1   Radius =  0.350 angstrom
                   Q00  =   0.086945
|Q1| =   0.094076  Q10  =  -0.011420  Q11c =   0.019968  Q11s =  -0.091220

C          x = 10.395150  y = 18.533520  z =  7.453220 angstrom
           Maximum rank =  2   Radius =  0.650 angstrom
                   Q00  =   0.191603
|Q1| =   0.030426  Q10  =  -0.002335  Q11c =  -0.023820  Q11s =  -0.018786
|Q2| =   0.761533  Q20  =  -0.698314  Q21c =   0.017368  Q21s =   0.163847
                   Q22c =   0.084872  Q22s =   0.240708

C          x =  7.231070  y = 10.735290  z =  6.371860 angstrom
           Maximum rank =  2   Radius =  0.650 angstrom
                   Q00  =  -0.339299
|Q1| =   0.611048  Q10  =   0.042968  Q11c =  -0.602621  Q11s =   0.091550
|Q2| =   1.365032  Q20  =  -1.200723  Q21c =   0.002477  Q21s =   0.379903
                   Q22c =  -0.416086  Q22s =   0.322669

C          x =  6.562620  y = 11.912910  z =  6.561960 angstrom
           Maximum rank =  2   Radius =  0.650 angstrom
                   Q00  =  -0.072941
|Q1| =   0.110412  Q10  =   0.038043  Q11c =  -0.025120  Q11s =  -0.100561
|Q2| =   1.253553  Q20  =  -1.187258  Q21c =  -0.051778  Q21s =   0.306547
                   Q22c =   0.158642  Q22s =   0.199984

C          x = 12.124720  y = 16.716940  z =  7.167300 angstrom
           Maximum rank =  2   Radius =  0.650 angstrom
                   Q00  =   0.022117
|Q1| =   0.020921  Q10  =   0.002282  Q11c =   0.014255  Q11s =   0.015141
|Q2| =   1.368905  Q20  =  -1.312098  Q21c =  -0.026653  Q21s =   0.356925
                   Q22c =  -0.153548  Q22s =   0.024827

H          x = 13.185370  y = 16.510930  z =  7.123140 angstrom
           Maximum rank =  1   Radius =  0.350 angstrom
                   Q00  =   0.091997
|Q1| =   0.071786  Q10  =   0.006918  Q11c =  -0.056737  Q11s =   0.043431

C          x =  4.988520  y = 12.753180  z =  4.269580 angstrom
           Maximum rank =  2   Radius =  0.650 angstrom
                   Q00  =  -0.033370
|Q1| =   0.096959  Q10  =   0.062862  Q11c =  -0.069340  Q11s =  -0.025324
|Q2| =   1.455873  Q20  =   0.327270  Q21c =  -0.033966  Q21s =  -0.864043
                   Q22c =   1.067712  Q22s =  -0.353167

H          x =  6.059900  y = 12.616100  z =  4.195190 angstrom
           Maximum rank =  1   Radius =  0.350 angstrom
                   Q00  =   0.077623
|Q1| =   0.100201  Q10  =   0.059727  Q11c =  -0.080201  Q11s =  -0.006377

C          x =  5.057100  y = 11.687410  z =  6.587450 angstrom
           Maximum rank =  2   Radius =  0.650 angstrom
                   Q00  =  -0.009638
|Q1| =   0.059789  Q10  =  -0.007347  Q11c =   0.048611  Q11s =  -0.034025
|Q2| =   0.189640  Q20  =   0.021291  Q21c =   0.035105  Q21s =   0.067741
                   Q22c =   0.033784  Q22s =  -0.168960

C          x = 11.776520  y = 18.022560  z =  7.360460 angstrom
           Maximum rank =  2   Radius =  0.650 angstrom
                   Q00  =  -0.065734
|Q1| =   0.064150  Q10  =   0.008510  Q11c =  -0.032531  Q11s =   0.054630
|Q2| =   1.335119  Q20  =  -1.270595  Q21c =  -0.037130  Q21s =   0.354336
                   Q22c =  -0.193551  Q22s =  -0.061130

C          x = 12.071330  y = 14.313170  z =  6.820720 angstrom
           Maximum rank =  2   Radius =  0.650 angstrom
                   Q00  =  -0.066000
|Q1| =   0.096442  Q10  =   0.002447  Q11c =  -0.096271  Q11s =   0.005193
|Q2| =   1.532471  Q20  =  -1.481143  Q21c =  -0.022506  Q21s =   0.361629
                   Q22c =   0.104033  Q22s =   0.112161

H          x = 13.150990  y = 14.272960  z =  6.800040 angstrom
           Maximum rank =  1   Radius =  0.350 angstrom
                   Q00  =   0.073731
|Q1| =   0.098852  Q10  =   0.003382  Q11c =  -0.097899  Q11s =   0.013264

C          x =  4.322640  y = 12.375960  z =  5.429520 angstrom
           Maximum rank =  2   Radius =  0.650 angstrom
                   Q00  =  -0.059018
|Q1| =   0.065998  Q10  =  -0.010428  Q11c =  -0.000085  Q11s =  -0.065169
|Q2| =   1.279158  Q20  =   0.354837  Q21c =  -0.031529  Q21s =  -0.853855
                   Q22c =   0.792208  Q22s =  -0.390745

C          x =  4.293210  y = 13.472070  z =  8.217320 angstrom
           Maximum rank =  2   Radius =  0.650 angstrom
                   Q00  =  -0.048869
|Q1| =   0.102186  Q10  =   0.016497  Q11c =   0.006470  Q11s =  -0.100638
|Q2| =   1.476240  Q20  =   0.692016  Q21c =  -0.597441  Q21s =  -0.127910
                   Q22c =  -1.108996  Q22s =  -0.311817

H          x =  4.415000  y = 14.197390  z =  7.421610 angstrom
           Maximum rank =  1   Radius =  0.350 angstrom
                   Q00  =   0.074249
|Q1| =   0.105914  Q10  =   0.038371  Q11c =  -0.008680  Q11s =  -0.098336

C          x =  3.952460  y = 11.660460  z = 10.263770 angstrom
           Maximum rank =  2   Radius =  0.650 angstrom
                   Q00  =  -0.033427
|Q1| =   0.075184  Q10  =  -0.050601  Q11c =   0.009386  Q11s =   0.054809
|Q2| =   1.405815  Q20  =   0.551832  Q21c =  -0.611050  Q21s =  -0.189327
                   Q22c =  -1.095041  Q22s =  -0.251902

H          x =  3.826320  y = 10.934950  z = 11.060130 angstrom
           Maximum rank =  1   Radius =  0.350 angstrom
                   Q00  =   0.044613
|Q1| =   0.117729  Q10  =  -0.087836  Q11c =   0.014417  Q11s =   0.077053

C          x =  5.009330  y = 10.165850  z =  6.361900 angstrom
           Maximum rank =  2   Radius =  0.650 angstrom
                   Q00  =  -0.042105
|Q1| =   0.087627  Q10  =  -0.042934  Q11c =   0.074457  Q11s =   0.017067
|Q2| =   1.249492  Q20  =  -1.196916  Q21c =  -0.022220  Q21s =   0.320909
                   Q22c =  -0.054532  Q22s =   0.148900

C          x =  6.512340  y =  8.270410  z =  6.012840 angstrom
           Maximum rank =  2   Radius =  0.650 angstrom
                   Q00  =  -0.018971
|Q1| =   0.106862  Q10  =   0.039473  Q11c =  -0.093774  Q11s =   0.032679
|Q2| =   1.456644  Q20  =  -1.410559  Q21c =  -0.042049  Q21s =   0.361024
                   Q22c =  -0.005394  Q22s =   0.001059

C          x = 12.685020  y = 19.162860  z =  7.513010 angstrom
           Maximum rank =  2   Radius =  0.650 angstrom
                   Q00  =   0.033407
|Q1| =   0.042313  Q10  =   0.002756  Q11c =  -0.039358  Q11s =   0.015288
|Q2| =   1.154221  Q20  =  -1.088511  Q21c =  -0.030896  Q21s =   0.235171
                   Q22c =   0.301516  Q22s =   0.014062

C          x = 10.494850  y = 19.992930  z =  7.664450 angstrom
           Maximum rank =  2   Radius =  0.650 angstrom
                   Q00  =  -0.043891
|Q1| =   0.076762  Q10  =  -0.003393  Q11c =   0.074886  Q11s =  -0.016526
|Q2| =   1.230620  Q20  =  -1.179284  Q21c =  -0.049836  Q21s =   0.312321
                   Q22c =  -0.041686  Q22s =  -0.148154

C          x =  6.303900  y =  9.628780  z =  6.234970 angstrom
           Maximum rank =  2   Radius =  0.650 angstrom
                   Q00  =  -0.026034
|Q1| =   0.119121  Q10  =   0.008749  Q11c =  -0.103722  Q11s =   0.057922
|Q2| =   1.285778  Q20  =  -1.197601  Q21c =  -0.043218  Q21s =   0.368061
                   Q22c =  -0.281881  Q22s =   0.046737

C          x = 14.051890  y = 19.166690  z =  7.492960 angstrom
           Maximum rank =  2   Radius =  0.650 angstrom
                   Q00  =  -0.021708
|Q1| =   0.025744  Q10  =  -0.000337  Q11c =   0.025725  Q11s =   0.000930
|Q2| =   1.311486  Q20  =  -1.266990  Q21c =  -0.036248  Q21s =   0.306172
                   Q22c =   0.140261  Q22s =  -0.001512

C          x = 14.847160  y = 17.996630  z =  7.310060 angstrom
           Maximum rank =  2   Radius =  0.650 angstrom
                   Q00  =   0.060466
|Q1| =   0.100411  Q10  =   0.014447  Q11c =  -0.020790  Q11s =   0.097167
|Q2| =   1.202054  Q20  =  -0.691843  Q21c =  -0.141248  Q21s =   0.244593
                   Q22c =  -0.348837  Q22s =  -0.874541

C          x = 11.837730  y = 20.370590  z =  7.701030 angstrom
           Maximum rank =  2   Radius =  0.650 angstrom
                   Q00  =  -0.025895
|Q1| =   0.085345  Q10  =  -0.007351  Q11c =  -0.063711  Q11s =  -0.056309
|Q2| =   1.241250  Q20  =  -1.187012  Q21c =  -0.029719  Q21s =   0.328943
                   Q22c =  -0.149413  Q22s =  -0.017072

C          x =  4.299670  y = 13.307490  z =  3.198660 angstrom
           Maximum rank =  2   Radius =  0.650 angstrom
                   Q00  =  -0.032816
|Q1| =   0.076131  Q10  =   0.058724  Q11c =  -0.043925  Q11s =  -0.020448
|Q2| =   1.399768  Q20  =   0.436560  Q21c =  -0.222503  Q21s =  -0.849475
                   Q22c =   0.965202  Q22s =  -0.256971

H          x =  4.849000  y = 13.597840  z =  2.309650 angstrom
           Maximum rank =  1   Radius =  0.350 angstrom
                   Q00  =   0.045337
|Q1| =   0.117224  Q10  =   0.096431  Q11c =  -0.058271  Q11s =  -0.032356

C          x =  2.259370  y = 13.120890  z =  4.409970 angstrom
           Maximum rank =  2   Radius =  0.650 angstrom
                   Q00  =  -0.034193
|Q1| =   0.075967  Q10  =  -0.013902  Q11c =   0.074569  Q11s =  -0.004151
|Q2| =   1.418728  Q20  =   0.320153  Q21c =  -0.134585  Q21s =  -0.801334
                   Q22c =   1.061490  Q22s =  -0.351115

H          x =  1.186300  y = 13.264570  z =  4.482050 angstrom
           Maximum rank =  1   Radius =  0.350 angstrom
                   Q00  =   0.046778
|Q1| =   0.117048  Q10  =  -0.010841  Q11c =   0.115380  Q11s =  -0.016440

C          x = 11.120840  y = 22.625830  z =  8.039800 angstrom
           Maximum rank =  2   Radius =  0.650 angstrom
                   Q00  =  -0.011704
|Q1| =   0.055102  Q10  =  -0.007976  Q11c =   0.001604  Q11s =  -0.054498
|Q2| =   1.339303  Q20  =  -1.276360  Q21c =  -0.014121  Q21s =   0.353684
                   Q22c =  -0.171328  Q22s =   0.099971

H          x = 11.362840  y = 23.670990  z =  8.188960 angstrom
           Maximum rank =  1   Radius =  0.350 angstrom
                   Q00  =   0.048855
|Q1| =   0.104651  Q10  =  -0.014698  Q11c =  -0.016540  Q11s =  -0.102285

C          x = 12.981890  y = 11.634200  z =  6.427790 angstrom
           Maximum rank =  2   Radius =  0.650 angstrom
                   Q00  =   0.170153
|Q1| =   0.143277  Q10  =  -0.001295  Q11c =  -0.142128  Q11s =  -0.018061
|Q2| =   0.144909  Q20  =  -0.084863  Q21c =  -0.017923  Q21s =   0.016278
                   Q22c =   0.044826  Q22s =  -0.105836

H          x = 13.461320  y = 12.157930  z =  5.595770 angstrom
           Maximum rank =  1   Radius =  0.350 angstrom
                   Q00  =   0.047045
|Q1| =   0.113589  Q10  =   0.078329  Q11c =  -0.080373  Q11s =  -0.017526

H          x = 13.060500  y = 10.561240  z =  6.272360 angstrom
           Maximum rank =  1   Radius =  0.350 angstrom
                   Q00  =   0.049526
|Q1| =   0.103996  Q10  =   0.013495  Q11c =  -0.050959  Q11s =   0.089645

C          x =  2.942400  y = 12.570250  z =  5.480710 angstrom
           Maximum rank =  2   Radius =  0.650 angstrom
                   Q00  =  -0.051448
|Q1| =   0.104477  Q10  =  -0.035445  Q11c =   0.097188  Q11s =   0.014618
|Q2| =   1.487305  Q20  =   0.564535  Q21c =  -0.150451  Q21s =  -0.847711
                   Q22c =   1.010471  Q22s =  -0.362043

H          x =  2.395500  y = 12.304150  z =  6.377060 angstrom
           Maximum rank =  1   Radius =  0.350 angstrom
                   Q00  =   0.073817
|Q1| =   0.106663  Q10  =  -0.052826  Q11c =   0.090669  Q11s =   0.019121

C          x =  2.925120  y = 13.500270  z =  3.246190 angstrom
           Maximum rank =  2   Radius =  0.650 angstrom
                   Q00  =  -0.078902
|Q1| =   0.121924  Q10  =   0.093678  Q11c =   0.061745  Q11s =  -0.047724
|Q2| =   1.151587  Q20  =   0.351043  Q21c =  -0.035774  Q21s =  -0.716581
                   Q22c =   0.779868  Q22s =  -0.282770

C          x = 12.157560  y = 21.711660  z =  7.892220 angstrom
           Maximum rank =  2   Radius =  0.650 angstrom
                   Q00  =  -0.006418
|Q1| =   0.083028  Q10  =  -0.009490  Q11c =  -0.044458  Q11s =  -0.069477
|Q2| =   1.394598  Q20  =  -1.341567  Q21c =  -0.025149  Q21s =   0.315795
                   Q22c =   0.199037  Q22s =   0.071594

H          x = 13.177420  y = 22.060620  z =  7.929110 angstrom
           Maximum rank =  1   Radius =  0.350 angstrom
                   Q00  =   0.086499
|Q1| =   0.077220  Q10  =  -0.008672  Q11c =  -0.043886  Q11s =  -0.062943

C          x =  9.786870  y = 22.231250  z =  8.000490 angstrom
           Maximum rank =  2   Radius =  0.650 angstrom
                   Q00  =  -0.014839
|Q1| =   0.061575  Q10  =  -0.007456  Q11c =   0.038686  Q11s =  -0.047321
|Q2| =   1.350177  Q20  =  -1.282140  Q21c =  -0.068302  Q21s =   0.331295
                   Q22c =   0.021109  Q22s =  -0.253434

H          x =  9.004480  y = 22.970770  z =  8.119020 angstrom
           Maximum rank =  1   Radius =  0.350 angstrom
                   Q00  =   0.045268
|Q1| =   0.105799  Q10  =  -0.011714  Q11c =   0.075313  Q11s =  -0.073377

N          x = 15.500480  y = 21.277130  z =  7.778530 angstrom
           Maximum rank =  2   Radius =  0.650 angstrom
                   Q00  =  -0.227211
|Q1| =   0.564231  Q10  =  -0.064604  Q11c =  -0.298500  Q11s =  -0.474426
|Q2| =   0.628516  Q20  =  -0.327260  Q21c =   0.067452  Q21s =   0.093857
                   Q22c =  -0.117942  Q22s =   0.510552

C          x = 14.835610  y = 20.347920  z =  7.653210 angstrom
           Maximum rank =  2   Radius =  0.650 angstrom
                   Q00  =   0.057617
|Q1| =   0.108616  Q10  =  -0.014988  Q11c =  -0.022685  Q11s =  -0.105158
|Q2| =   1.215545  Q20  =  -0.688311  Q21c =   0.119637  Q21s =   0.212708
                   Q22c =  -0.333194  Q22s =   0.912799

C          x =  9.461630  y = 20.895900  z =  7.810200 angstrom
           Maximum rank =  2   Radius =  0.650 angstrom
                   Q00  =   0.008021
|Q1| =   0.096049  Q10  =  -0.008461  Q11c =   0.081701  Q11s =  -0.049788
|Q2| =   1.338290  Q20  =  -1.288304  Q21c =  -0.011281  Q21s =   0.314237
                   Q22c =   0.107030  Q22s =   0.144799

H          x =  8.435550  y = 20.551460  z =  7.773950 angstrom
           Maximum rank =  1   Radius =  0.350 angstrom
                   Q00  =   0.072169
|Q1| =   0.099420  Q10  =  -0.002007  Q11c =   0.099281  Q11s =  -0.004857

N          x = 15.507310  y = 17.066440  z =  7.164070 angstrom
           Maximum rank =  2   Radius =  0.650 angstrom
                   Q00  =  -0.235003
|Q1| =   0.573611  Q10  =   0.075383  Q11c =  -0.296602  Q11s =   0.485154
|Q2| =   0.622915  Q20  =  -0.321829  Q21c =  -0.081790  Q21s =   0.104508
                   Q22c =  -0.087127  Q22s =  -0.509163

C          x =  3.713130  y = 13.003760  z = 10.519100 angstrom
           Maximum rank =  2   Radius =  0.650 angstrom
                   Q00  =  -0.078720
|Q1| =   0.121447  Q10  =  -0.108934  Q11c =   0.038104  Q11s =  -0.037829
|Q2| =   1.149965  Q20  =   0.501497  Q21c =  -0.538349  Q21s =  -0.011055
                   Q22c =  -0.852608  Q22s =  -0.232462

C          x =  3.895200  y = 13.903460  z =  9.469990 angstrom
           Maximum rank =  2   Radius =  0.650 angstrom
                   Q00  =  -0.033043
|Q1| =   0.075555  Q10  =  -0.002466  Q11c =   0.007785  Q11s =  -0.075112
|Q2| =   1.414894  Q20  =   0.463036  Q21c =  -0.611061  Q21s =  -0.032545
                   Q22c =  -1.147866  Q22s =  -0.308986

H          x =  3.722630  y = 14.961450  z =  9.637450 angstrom
           Maximum rank =  1   Radius =  0.350 angstrom
                   Q00  =   0.048146
|Q1| =   0.115804  Q10  =  -0.015893  Q11c =   0.019569  Q11s =  -0.113027

H          x = 13.475820  y = 11.902610  z =  7.366030 angstrom
           Maximum rank =  1   Radius =  0.350 angstrom
                   Q00  =   0.047427
|Q1| =   0.113435  Q10  =  -0.078445  Q11c =  -0.081783  Q11s =   0.005042

C          x =  2.172360  y = 14.086070  z =  2.082150 angstrom
           Maximum rank =  2   Radius =  0.650 angstrom
                   Q00  =   0.023102
|Q1| =   0.023864  Q10  =   0.014194  Q11c =   0.018605  Q11s =  -0.004679
|Q2| =   0.103198  Q20  =   0.041015  Q21c =   0.051635  Q21s =  -0.069575
                   Q22c =   0.001612  Q22s =  -0.038186

C          x =  3.257390  y = 13.478230  z = 11.872510 angstrom
           Maximum rank =  2   Radius =  0.650 angstrom
                   Q00  =   0.023136
|Q1| =   0.023868  Q10  =  -0.015978  Q11c =   0.012071  Q11s =  -0.012987
|Q2| =   0.101915  Q20  =   0.082651  Q21c =  -0.043043  Q21s =   0.038314
                   Q22c =  -0.013205  Q22s =  -0.007776

H          x =  1.575460  y = 13.321770  z =  1.576930 angstrom
           Maximum rank =  1   Radius =  0.350 angstrom
                   Q00  =   0.030353
|Q1| =   0.124441  Q10  =   0.084029  Q11c =   0.078032  Q11s =   0.048329

H          x =  2.852420  y = 14.515670  z =  1.345700 angstrom
           Maximum rank =  1   Radius =  0.350 angstrom
                   Q00  =   0.023571
|Q1| =   0.125396  Q10  =   0.104470  Q11c =  -0.036815  Q11s =  -0.058777

H          x =  1.487190  y = 14.871840  z =  2.407450 angstrom
           Maximum rank =  1   Radius =  0.350 angstrom
                   Q00  =   0.027043
|Q1| =   0.125143  Q10  =   0.008947  Q11c =   0.085751  Q11s =  -0.090706

H          x =  3.392190  y = 12.705020  z = 12.629810 angstrom
           Maximum rank =  1   Radius =  0.350 angstrom
                   Q00  =   0.023426
|Q1| =   0.125632  Q10  =  -0.113203  Q11c =   0.002830  Q11s =   0.054410

H          x =  2.197600  y = 13.747620  z = 11.858210 angstrom
           Maximum rank =  1   Radius =  0.350 angstrom
                   Q00  =   0.029608
|Q1| =   0.124904  Q10  =  -0.043111  Q11c =   0.110533  Q11s =  -0.039049

H          x =  3.813730  y = 14.362620  z = 12.190010 angstrom
           Maximum rank =  1   Radius =  0.350 angstrom
                   Q00  =   0.027979
|Q1| =   0.124352  Q10  =  -0.073758  Q11c =  -0.034557  Q11s =  -0.093962

H          x =  7.514460  y =  7.868480  z =  5.924390 angstrom
           Maximum rank =  1   Radius =  0.350 angstrom
                   Q00  =   0.082490
|Q1| =   0.103483  Q10  =   0.010648  Q11c =  -0.101317  Q11s =   0.018170

S          x =  0.743120  y =  2.383100  z =  5.282960 angstrom
           Maximum rank =  2   Radius =  0.650 angstrom
                   Q00  =   0.803301
|Q1| =   0.920519  Q10  =   0.072706  Q11c =  -0.808768  Q11s =   0.433547
|Q2| =   2.463584  Q20  =  -2.207474  Q21c =   0.035388  Q21s =   0.649909
                   Q22c =  -0.659579  Q22s =   0.581057

S          x =  1.479330  y =  6.691230  z =  5.902730 angstrom
           Maximum rank =  2   Radius =  0.650 angstrom
                   Q00  =   0.780226
|Q1| =   1.014472  Q10  =  -0.123467  Q11c =   0.730090  Q11s =  -0.693453
|Q2| =   2.424416  Q20  =  -2.155462  Q21c =   0.059626  Q21s =   0.512722
                   Q22c =   0.291988  Q22s =   0.938127

O          x = -1.182320  y =  5.697540  z =  5.790880 angstrom
           Maximum rank =  2   Radius =  0.650 angstrom
                   Q00  =  -0.392555
|Q1| =   0.519389  Q10  =  -0.060390  Q11c =  -0.283395  Q11s =  -0.431051
|Q2| =   1.136410  Q20  =  -0.683256  Q21c =  -0.138159  Q21s =   0.188462
                   Q22c =   0.004783  Q22s =  -0.877473

O          x =  1.044260  y = -0.273680  z =  4.896880 angstrom
           Maximum rank =  2   Radius =  0.650 angstrom
                   Q00  =  -0.421232
|Q1| =   0.559576  Q10  =  -0.046739  Q11c =  -0.424641  Q11s =  -0.361414
|Q2| =   0.982063  Q20  =  -0.153344  Q21c =   0.099390  Q21s =  -0.060439
                   Q22c =   0.597764  Q22s =   0.755036

C          x =  1.661040  y =  4.962050  z =  5.638720 angstrom
           Maximum rank =  2   Radius =  0.650 angstrom
                   Q00  =  -0.304253
|Q1| =   0.415759  Q10  =  -0.068719  Q11c =   0.107836  Q11s =  -0.395606
|Q2| =   1.488745  Q20  =  -1.202480  Q21c =   0.006141  Q21s =   0.202149
                   Q22c =   0.712656  Q22s =   0.470767

C          x =  0.529170  y =  4.079600  z =  5.530330 angstrom
           Maximum rank =  2   Radius =  0.650 angstrom
                   Q00  =  -0.337910
|Q1| =   0.491881  Q10  =   0.065799  Q11c =  -0.161447  Q11s =   0.459949
|Q2| =   1.466178  Q20  =  -1.233812  Q21c =   0.014252  Q21s =   0.215663
                   Q22c =   0.634413  Q22s =   0.422126

C          x =  5.885980  y =  5.500890  z =  4.310010 angstrom
           Maximum rank =  2   Radius =  0.650 angstrom
                   Q00  =  -0.060392
|Q1| =   0.078227  Q10  =  -0.001372  Q11c =  -0.077322  Q11s =  -0.011780
|Q2| =   1.287595  Q20  =   0.564848  Q21c =  -0.684281  Q21s =  -0.020112
                   Q22c =  -0.880781  Q22s =  -0.307292

C          x =  6.058750  y =  6.398120  z =  3.263930 angstrom
           Maximum rank =  2   Radius =  0.650 angstrom
                   Q00  =  -0.034682
|Q1| =   0.097439  Q10  =   0.045157  Q11c =  -0.023341  Q11s =  -0.083129
|Q2| =   1.472066  Q20  =   0.523466  Q21c =  -0.649118  Q21s =   0.048876
                   Q22c =  -1.167443  Q22s =  -0.326030

H          x =  5.874580  y =  7.452970  z =  3.419820 angstrom
           Maximum rank =  1   Radius =  0.350 angstrom
                   Q00  =   0.077164
|Q1| =   0.098397  Q10  =   0.045044  Q11c =   0.006167  Q11s =  -0.087264

C          x = -0.818390  y =  4.411820  z =  5.598490 angstrom
           Maximum rank =  2   Radius =  0.650 angstrom
                   Q00  =   0.077225
|Q1| =   0.126392  Q10  =   0.017101  Q11c =   0.023452  Q11s =   0.123014
|Q2| =   1.141028  Q20  =  -1.088620  Q21c =  -0.034796  Q21s =   0.302056
                   Q22c =  -0.147767  Q22s =  -0.050661

C          x = -0.978990  y =  2.108820  z =  5.267690 angstrom
           Maximum rank =  2   Radius =  0.650 angstrom
                   Q00  =  -0.312321
|Q1| =   0.435609  Q10  =   0.006664  Q11c =  -0.435491  Q11s =   0.007630
|Q2| =   1.413428  Q20  =  -1.165877  Q21c =   0.003409  Q21s =   0.394969
                   Q22c =  -0.673760  Q22s =   0.168951

C          x =  2.990730  y =  4.608280  z =  5.554940 angstrom
           Maximum rank =  2   Radius =  0.650 angstrom
                   Q00  =  -0.048398
|Q1| =   0.102821  Q10  =  -0.015827  Q11c =  -0.013485  Q11s =   0.100697
|Q2| =   1.488598  Q20  =  -1.424003  Q21c =  -0.087565  Q21s =   0.421877
                   Q22c =  -0.039311  Q22s =   0.030755

H          x =  3.315800  y =  3.591030  z =  5.385080 angstrom
           Maximum rank =  1   Radius =  0.350 angstrom
                   Q00  =   0.087183
|Q1| =   0.093936  Q10  =   0.011406  Q11c =  -0.019880  Q11s =   0.091097

C          x =  0.017850  y = -0.912430  z =  4.817350 angstrom
           Maximum rank =  2   Radius =  0.650 angstrom
                   Q00  =   0.191428
|Q1| =   0.030577  Q10  =   0.002329  Q11c =   0.024063  Q11s =   0.018722
|Q2| =   0.762150  Q20  =  -0.698939  Q21c =   0.017191  Q21s =   0.164218
                   Q22c =   0.084602  Q22s =   0.240701

C          x =  3.181950  y =  6.885680  z =  5.899540 angstrom
           Maximum rank =  2   Radius =  0.650 angstrom
                   Q00  =  -0.338481
|Q1| =   0.611153  Q10  =  -0.043021  Q11c =   0.602630  Q11s =  -0.092166
|Q2| =   1.363011  Q20  =  -1.198710  Q21c =   0.002477  Q21s =   0.379360
                   Q22c =  -0.416005  Q22s =   0.322357

C          x =  3.850400  y =  5.708070  z =  5.709440 angstrom
           Maximum rank =  2   Radius =  0.650 angstrom
                   Q00  =  -0.072334
|Q1| =   0.110950  Q10  =  -0.037904  Q11c =   0.025226  Q11s =   0.101177
|Q2| =   1.252188  Q20  =  -1.186028  Q21c =  -0.051805  Q21s =   0.306247
                   Q22c =   0.158276  Q22s =   0.199473

C          x = -1.711710  y =  0.904070  z =  5.103850 angstrom
           Maximum rank =  2   Radius =  0.650 angstrom
                   Q00  =   0.018785
|Q1| =   0.021667  Q10  =  -0.002466  Q11c =  -0.013861  Q11s =  -0.016470
|Q2| =   1.379076  Q20  =  -1.321802  Q21c =  -0.027158  Q21s =   0.359960
                   Q22c =  -0.154072  Q22s =   0.025340

H          x = -2.772350  y =  1.110060  z =  5.148220 angstrom
           Maximum rank =  1   Radius =  0.350 angstrom
                   Q00  =   0.091274
|Q1| =   0.072139  Q10  =  -0.006966  Q11c =   0.057017  Q11s =  -0.043641

C          x =  5.424500  y =  4.867800  z =  8.001820 angstrom
           Maximum rank =  2   Radius =  0.650 angstrom
                   Q00  =  -0.033629
|Q1| =   0.097048  Q10  =  -0.062929  Q11c =   0.069468  Q11s =   0.025149
|Q2| =   1.456837  Q20  =   0.327398  Q21c =  -0.033941  Q21s =  -0.864595
                   Q22c =   1.068486  Q22s =  -0.353333

H          x =  4.353120  y =  5.004870  z =  8.076210 angstrom
           Maximum rank =  1   Radius =  0.350 angstrom
                   Q00  =   0.077334
|Q1| =   0.100390  Q10  =  -0.059785  Q11c =   0.080398  Q11s =   0.006333

C          x =  5.355930  y =  5.933560  z =  5.683950 angstrom
           Maximum rank =  2   Radius =  0.650 angstrom
                   Q00  =  -0.009603
|Q1| =   0.059729  Q10  =   0.007335  Q11c =  -0.048576  Q11s =   0.033972
|Q2| =   0.189388  Q20  =   0.020982  Q21c =   0.035055  Q21s =   0.067783
                   Q22c =   0.033919  Q22s =  -0.168682

C          x = -1.363520  y = -0.401510  z =  4.910400 angstrom
           Maximum rank =  2   Radius =  0.650 angstrom
                   Q00  =  -0.065670
|Q1| =   0.062942  Q10  =  -0.008301  Q11c =   0.032671  Q11s =  -0.053155
|Q2| =   1.335908  Q20  =  -1.271344  Q21c =  -0.037532  Q21s =   0.354907
                   Q22c =  -0.192862  Q22s =  -0.061426

C          x = -1.658310  y =  3.307780  z =  5.450850 angstrom
           Maximum rank =  2   Radius =  0.650 angstrom
                   Q00  =  -0.068247
|Q1| =   0.097094  Q10  =  -0.002647  Q11c =   0.096839  Q11s =  -0.006506
|Q2| =   1.540254  Q20  =  -1.488557  Q21c =  -0.022931  Q21s =   0.363994
                   Q22c =   0.103725  Q22s =   0.113158

H          x = -2.737970  y =  3.347970  z =  5.471700 angstrom
           Maximum rank =  1   Radius =  0.350 angstrom
                   Q00  =   0.072972
|Q1| =   0.099407  Q10  =  -0.003432  Q11c =   0.098435  Q11s =  -0.013438

C          x =  6.090380  y =  5.245010  z =  6.841880 angstrom
           Maximum rank =  2   Radius =  0.650 angstrom
                   Q00  =  -0.059240
|Q1| =   0.065904  Q10  =   0.010344  Q11c =   0.000153  Q11s =   0.065087
|Q2| =   1.279774  Q20  =   0.355139  Q21c =  -0.031444  Q21s =  -0.854370
                   Q22c =   0.792414  Q22s =  -0.390951

C          x =  6.119800  y =  4.148900  z =  4.054070 angstrom
           Maximum rank =  2   Radius =  0.650 angstrom
                   Q00  =  -0.048797
|Q1| =   0.102128  Q10  =  -0.016438  Q11c =  -0.006052  Q11s =   0.100614
|Q2| =   1.475960  Q20  =   0.691700  Q21c =  -0.597256  Q21s =  -0.127956
                   Q22c =  -1.108888  Q22s =  -0.311911

H          x =  5.998000  y =  3.423580  z =  4.849780 angstrom
           Maximum rank =  1   Radius =  0.350 angstrom
                   Q00  =   0.074322
|Q1| =   0.105835  Q10  =  -0.038355  Q11c =   0.008743  Q11s =   0.098252

C          x =  6.460590  y =  5.960530  z =  2.007640 angstrom
           Maximum rank =  2   Radius =  0.650 angstrom
                   Q00  =  -0.033426
|Q1| =   0.075180  Q10  =   0.050673  Q11c =  -0.008939  Q11s =  -0.054812
|Q2| =   1.405763  Q20  =   0.551874  Q21c =  -0.611291  Q21s =  -0.189272
                   Q22c =  -1.094884  Q22s =  -0.251663

H          x =  6.586740  y =  6.686040  z =  1.211280 angstrom
           Maximum rank =  1   Radius =  0.350 angstrom
                   Q00  =   0.044631
|Q1| =   0.117714  Q10  =   0.087814  Q11c =  -0.014316  Q11s =  -0.077074

C          x =  5.403700  y =  7.455120  z =  5.909500 angstrom
           Maximum rank =  2   Radius =  0.650 angstrom
                   Q00  =  -0.041601
|Q1| =   0.087476  Q10  =   0.043000  Q11c =  -0.074277  Q11s =  -0.016913
|Q2| =   1.248379  Q20  =  -1.195869  Q21c =  -0.022214  Q21s =   0.320621
                   Q22c =  -0.054514  Q22s =   0.148604

C          x =  3.900680  y =  9.350560  z =  6.258560 angstrom
           Maximum rank =  2   Radius =  0.650 angstrom
                   Q00  =  -0.018910
|Q1| =   0.107021  Q10  =  -0.039486  Q11c =   0.093878  Q11s =  -0.032882
|Q2| =   1.456702  Q20  =  -1.410619  Q21c =  -0.042038  Q21s =   0.361022
                   Q22c =  -0.005481  Q22s =   0.000746

C          x = -2.272020  y = -1.541790  z =  4.757790 angstrom
           Maximum rank =  2   Radius =  0.650 angstrom
                   Q00  =   0.031774
|Q1| =   0.041175  Q10  =  -0.002811  Q11c =   0.037916  Q11s =  -0.015807
|Q2| =   1.159063  Q20  =  -1.093326  Q21c =  -0.031419  Q21s =   0.236727
                   Q22c =   0.301418  Q22s =   0.013635

C          x = -0.081870  y = -2.371810  z =  4.605880 angstrom
           Maximum rank =  2   Radius =  0.650 angstrom
                   Q00  =  -0.044036
|Q1| =   0.077064  Q10  =   0.003457  Q11c =  -0.075133  Q11s =   0.016793
|Q2| =   1.231151  Q20  =  -1.179697  Q21c =  -0.050188  Q21s =   0.312832
                   Q22c =  -0.041574  Q22s =  -0.148107

C          x =  4.109120  y =  7.992190  z =  6.036430 angstrom
           Maximum rank =  2   Radius =  0.650 angstrom
                   Q00  =  -0.026635
|Q1| =   0.119284  Q10  =  -0.008677  Q11c =   0.104131  Q11s =  -0.057534
|Q2| =   1.287244  Q20  =  -1.199023  Q21c =  -0.043250  Q21s =   0.368447
                   Q22c =  -0.281976  Q22s =   0.046996

C          x = -3.638890  y = -1.545650  z =  4.778040 angstrom
           Maximum rank =  2   Radius =  0.650 angstrom
                   Q00  =  -0.023972
|Q1| =   0.024358  Q10  =   0.000350  Q11c =  -0.024339  Q11s =  -0.000881
|Q2| =   1.318382  Q20  =  -1.273608  Q21c =  -0.036789  Q21s =   0.308273
                   Q22c =   0.140238  Q22s =  -0.001318

C          x = -4.434150  y = -0.375640  z =  4.961290 angstrom
           Maximum rank =  2   Radius =  0.650 angstrom
                   Q00  =   0.060005
|Q1| =   0.099567  Q10  =  -0.014325  Q11c =   0.021335  Q11s =  -0.096194
|Q2| =   1.203584  Q20  =  -0.693570  Q21c =  -0.141660  Q21s =   0.245505
                   Q22c =  -0.348866  Q22s =  -0.874943

C          x = -1.424740  y = -2.749480  z =  4.569440 angstrom
           Maximum rank =  2   Radius =  0.650 angstrom
                   Q00  =  -0.025873
|Q1| =   0.085492  Q10  =   0.007355  Q11c =   0.063912  Q11s =   0.056304
|Q2| =   1.241544  Q20  =  -1.187233  Q21c =  -0.029998  Q21s =   0.329367
                   Q22c =  -0.149141  Q22s =  -0.016815

C          x =  6.113340  y =  4.313480  z =  9.072750 angstrom
           Maximum rank =  2   Radius =  0.650 angstrom
                   Q00  =  -0.032914
|Q1| =   0.076178  Q10  =  -0.058738  Q11c =   0.044044  Q11s =   0.020324
|Q2| =   1.400089  Q20  =   0.436846  Q21c =  -0.222384  Q21s =  -0.849813
                   Q22c =   0.965254  Q22s =  -0.257030

H          x =  5.564020  y =  4.023140  z =  9.961760 angstrom
           Maximum rank =  1   Radius =  0.350 angstrom
                   Q00  =   0.045198
|Q1| =   0.117349  Q10  =  -0.096504  Q11c =   0.058409  Q11s =   0.032347

C          x =  8.153640  y =  4.500070  z =  7.861430 angstrom
           Maximum rank =  2   Radius =  0.650 angstrom
                   Q00  =  -0.033861
|Q1| =   0.075807  Q10  =   0.013874  Q11c =  -0.074417  Q11s =   0.004046
|Q2| =   1.417466  Q20  =   0.319863  Q21c =  -0.134441  Q21s =  -0.800602
                   Q22c =   1.060549  Q22s =  -0.350849

H          x =  9.226720  y =  4.356400  z =  7.789350 angstrom
           Maximum rank =  1   Radius =  0.350 angstrom
                   Q00  =   0.047227
|Q1| =   0.116655  Q10  =   0.010821  Q11c =  -0.114993  Q11s =   0.016365

C          x = -0.707870  y = -5.004650  z =  4.230170 angstrom
           Maximum rank =  2   Radius =  0.650 angstrom
                   Q00  =  -0.012301
|Q1| =   0.055320  Q10  =   0.008030  Q11c =  -0.001623  Q11s =   0.054710
|Q2| =   1.341554  Q20  =  -1.278389  Q21c =  -0.014467  Q21s =   0.354685
                   Q22c =  -0.171671  Q22s =   0.100025

H          x = -0.949880  y = -6.049790  z =  4.080870 angstrom
           Maximum rank =  1   Radius =  0.350 angstrom
                   Q00  =   0.048267
|Q1| =   0.105128  Q10  =   0.014779  Q11c =   0.016713  Q11s =   0.102734

C          x = -2.568860  y =  5.986670  z =  5.844410 angstrom
           Maximum rank =  2   Radius =  0.650 angstrom
                   Q00  =   0.170134
|Q1| =   0.143529  Q10  =   0.001233  Q11c =   0.142418  Q11s =   0.017780
|Q2| =   0.144057  Q20  =  -0.084646  Q21c =  -0.017889  Q21s =   0.016417
                   Q22c =   0.043758  Q22s =  -0.105276

H          x = -3.048140  y =  5.462780  z =  6.676420 angstrom
           Maximum rank =  1   Radius =  0.350 angstrom
                   Q00  =   0.046847
|Q1| =   0.113884  Q10  =  -0.078519  Q11c =   0.080613  Q11s =   0.017491

H          x = -2.647460  y =  7.059590  z =  6.000040 angstrom
           Maximum rank =  1   Radius =  0.350 angstrom
                   Q00  =   0.049072
|Q1| =   0.104386  Q10  =  -0.013569  Q11c =   0.051158  Q11s =  -0.089973

C          x =  7.470630  y =  5.050710  z =  6.790690 angstrom
           Maximum rank =  2   Radius =  0.650 angstrom
                   Q00  =  -0.051305
|Q1| =   0.104341  Q10  =   0.035425  Q11c =  -0.097027  Q11s =  -0.014761
|Q2| =   1.486748  Q20  =   0.564064  Q21c =  -0.150607  Q21s =  -0.847219
                   Q22c =   1.010348  Q22s =  -0.361920

H          x =  8.017520  y =  5.316810  z =  5.894340 angstrom
           Maximum rank =  1   Radius =  0.350 angstrom
                   Q00  =   0.073977
|Q1| =   0.106484  Q10  =   0.052763  Q11c =  -0.090491  Q11s =  -0.019142

C          x =  7.487900  y =  4.120700  z =  9.025210 angstrom
           Maximum rank =  2   Radius =  0.650 angstrom
                   Q00  =  -0.078641
|Q1| =   0.121921  Q10  =  -0.093770  Q11c =  -0.061655  Q11s =   0.047652
|Q2| =   1.150760  Q20  =   0.350609  Q21c =  -0.035868  Q21s =  -0.715992
                   Q22c =   0.779445  Q22s =  -0.282588

C          x = -1.744580  y = -4.090520  z =  4.378070 angstrom
           Maximum rank =  2   Radius =  0.650 angstrom
                   Q00  =  -0.007517
|Q1| =   0.083308  Q10  =   0.009529  Q11c =   0.044694  Q11s =   0.069656
|Q2| =   1.398356  Q20  =  -1.345099  Q21c =  -0.025708  Q21s =   0.316992
                   Q22c =   0.199743  Q22s =   0.071190

H          x = -2.764440  y = -4.439490  z =  4.341280 angstrom
           Maximum rank =  1   Radius =  0.350 angstrom
                   Q00  =   0.085956
|Q1| =   0.077618  Q10  =   0.008721  Q11c =   0.044122  Q11s =   0.063260

C          x =  0.626100  y = -4.610060  z =  4.269350 angstrom
           Maximum rank =  2   Radius =  0.650 angstrom
                   Q00  =  -0.015518
|Q1| =   0.061867  Q10  =   0.007542  Q11c =  -0.038591  Q11s =   0.047764
|Q2| =   1.352469  Q20  =  -1.284268  Q21c =  -0.068769  Q21s =   0.332219
                   Q22c =   0.021614  Q22s =  -0.253500

H          x =  1.408480  y = -5.349540  z =  4.150570 angstrom
           Maximum rank =  1   Radius =  0.350 angstrom
                   Q00  =   0.045045
|Q1| =   0.105958  Q10  =   0.011767  Q11c =  -0.075359  Q11s =   0.073551

N          x = -5.087490  y = -3.656070  z =  4.492370 angstrom
           Maximum rank =  2   Radius =  0.650 angstrom
                   Q00  =  -0.230808
|Q1| =   0.566240  Q10  =   0.064802  Q11c =   0.300239  Q11s =   0.475695
|Q2| =   0.630548  Q20  =  -0.329607  Q21c =   0.067504  Q21s =   0.094569
                   Q22c =  -0.118563  Q22s =   0.511266

C          x = -4.422620  y = -2.726870  z =  4.617730 angstrom
           Maximum rank =  2   Radius =  0.650 angstrom
                   Q00  =   0.057239
|Q1| =   0.107862  Q10  =   0.014886  Q11c =   0.023021  Q11s =   0.104320
|Q2| =   1.216785  Q20  =  -0.690004  Q21c =   0.119635  Q21s =   0.213238
                   Q22c =  -0.333108  Q22s =   0.913081

C          x =  0.951350  y = -3.274740  z =  4.459810 angstrom
           Maximum rank =  2   Radius =  0.650 angstrom
                   Q00  =   0.007814
|Q1| =   0.095872  Q10  =   0.008464  Q11c =  -0.081627  Q11s =   0.049567
|Q2| =   1.339089  Q20  =  -1.288982  Q21c =  -0.011618  Q21s =   0.314776
                   Q22c =   0.107079  Q22s =   0.144917

H          x =  1.977430  y = -2.930290  z =  4.495970 angstrom
           Maximum rank =  1   Radius =  0.350 angstrom
                   Q00  =   0.072158
|Q1| =   0.099428  Q10  =   0.002027  Q11c =  -0.099288  Q11s =   0.004865

N          x = -5.094290  y =  0.554510  z =  5.107550 angstrom
           Maximum rank =  2   Radius =  0.650 angstrom
                   Q00  =  -0.238494
|Q1| =   0.575589  Q10  =  -0.075698  Q11c =   0.298563  Q11s =  -0.486244
|Q2| =   0.624764  Q20  =  -0.324091  Q21c =  -0.082090  Q21s =   0.105411
                   Q22c =  -0.087742  Q22s =  -0.509653

C          x =  6.699900  y =  4.617220  z =  1.752300 angstrom
           Maximum rank =  2   Radius =  0.650 angstrom
                   Q00  =  -0.078512
|Q1| =   0.121439  Q10  =   0.109058  Q11c =  -0.037712  Q11s =   0.037835
|Q2| =   1.149299  Q20  =   0.501023  Q21c =  -0.538148  Q21s =  -0.011132
                   Q22c =  -0.852149  Q22s =  -0.232334

C          x =  6.517810  y =  3.717520  z =  2.801400 angstrom
           Maximum rank =  2   Radius =  0.650 angstrom
                   Q00  =  -0.032852
|Q1| =   0.075487  Q10  =   0.002542  Q11c =  -0.007352  Q11s =   0.075085
|Q2| =   1.414159  Q20  =   0.462771  Q21c =  -0.610818  Q21s =  -0.032574
                   Q22c =  -1.147176  Q22s =  -0.309056

H          x =  6.690380  y =  2.659520  z =  2.633940 angstrom
           Maximum rank =  1   Radius =  0.350 angstrom
                   Q00  =   0.048355
|Q1| =   0.115627  Q10  =   0.015875  Q11c =  -0.019457  Q11s =   0.112867

H          x = -3.062940  y =  5.718410  z =  4.906200 angstrom
           Maximum rank =  1   Radius =  0.350 angstrom
                   Q00  =   0.047223
|Q1| =   0.113734  Q10  =   0.078588  Q11c =   0.082054  Q11s =  -0.005152

C          x =  8.240660  y =  3.534880  z = 10.189240 angstrom
           Maximum rank =  2   Radius =  0.650 angstrom
                   Q00  =   0.023113
|Q1| =   0.023658  Q10  =  -0.014180  Q11c =  -0.018367  Q11s =   0.004610
|Q2| =   0.103798  Q20  =   0.041132  Q21c =   0.052013  Q21s =  -0.070080
                   Q22c =   0.001994  Q22s =  -0.038232

C          x =  7.155640  y =  4.142750  z =  0.398890 angstrom
           Maximum rank =  2   Radius =  0.650 angstrom
                   Q00  =   0.023146
|Q1| =   0.023708  Q10  =   0.015960  Q11c =  -0.011832  Q11s =   0.012937
|Q2| =   0.102343  Q20  =   0.082855  Q21c =  -0.043463  Q21s =   0.038431
                   Q22c =  -0.013573  Q22s =  -0.007687

H          x =  8.837680  y =  4.299150  z = 10.694380 angstrom
           Maximum rank =  1   Radius =  0.350 angstrom
                   Q00  =   0.030603
|Q1| =   0.124208  Q10  =  -0.083915  Q11c =  -0.077807  Q11s =  -0.048290

H          x =  7.560580  y =  3.105410  z = 10.925770 angstrom
           Maximum rank =  1   Radius =  0.350 angstrom
                   Q00  =   0.023505
|Q1| =   0.125415  Q10  =  -0.104469  Q11c =   0.036949  Q11s =   0.058735

H          x =  8.925710  y =  2.749010  z =  9.863960 angstrom
           Maximum rank =  1   Radius =  0.350 angstrom
                   Q00  =   0.027415
|Q1| =   0.124804  Q10  =  -0.008948  Q11c =  -0.085451  Q11s =   0.090522

H          x =  7.020930  y =  4.916000  z = -0.358390 angstrom
           Maximum rank =  1   Radius =  0.350 angstrom
                   Q00  =   0.023411
|Q1| =   0.125618  Q10  =   0.113178  Q11c =  -0.002704  Q11s =  -0.054436

H          x =  8.215400  y =  3.873260  z =  0.413210 angstrom
           Maximum rank =  1   Radius =  0.350 angstrom
                   Q00  =   0.030043
|Q1| =   0.124530  Q10  =   0.043043  Q11c =  -0.110170  Q11s =   0.038957

H          x =  6.599220  y =  3.258420  z =  0.081340 angstrom
           Maximum rank =  1   Radius =  0.350 angstrom
                   Q00  =   0.027952
|Q1| =   0.124354  Q10  =   0.073753  Q11c =   0.034699  Q11s =   0.093917

H          x =  2.898570  y =  9.752490  z =  6.347010 angstrom
           Maximum rank =  1   Radius =  0.350 angstrom
                   Q00  =   0.082225
|Q1| =   0.103701  Q10  =  -0.010672  Q11c =   0.101529  Q11s =  -0.018214

Total multipoles referred to origin at
           x =   0.000000,  y =    0.000000,  z =    0.000000 angstrom
                   Q00  =  -0.000034
|Q1| =   0.585163  Q10  =   0.054070  Q11c =   0.408926  Q11s =   0.415055
|Q2| = 269.403956  Q20  =  94.525358  Q21c = -27.972151  Q21s =  -6.736896
                   Q22c = -54.313853  Q22s =-244.674532

CPU time used:     75m44.651s          Total:     75m44.651s

Finished at 01:47:14 on 06 Sep 2021 
