                                     G D M A
                                 by Anthony Stone

               Distributed Multipoles from Gaussian wavefunctions

                             version 2.3.3 (e2d289a)
              Compiled with gfortran on 19 March 2021 at 09:53:28

Starting at 00:31:16 on 06 Sep 2021 

s1S0



Using CI density matrix from file sN_z.fchk


                         Distributed Multipole Analysis

Standard DMA for products of primitives with exponent greater than 4.00000
Using 80-point Euler-MacLaurin radial quadrature
Using 590-point Lebedev quadrature
Becke smoothing parameter = 3

Positions and radii in angstrom
Multipole moments in atomic units, ea_0^k for rank k

S          x =  9.669900  y = 15.237920  z =  6.988090 angstrom
           Maximum rank =  2   Radius =  0.650 angstrom
                   Q00  =   0.803851
|Q1| =   0.920197  Q10  =  -0.072992  Q11c =   0.808482  Q11s =  -0.433348
|Q2| =   2.460768  Q20  =  -2.204967  Q21c =   0.036128  Q21s =   0.648241
                   Q22c =  -0.659325  Q22s =   0.580749

S          x =  8.933700  y = 10.929730  z =  6.368710 angstrom
           Maximum rank =  2   Radius =  0.650 angstrom
                   Q00  =   0.780899
|Q1| =   1.013691  Q10  =   0.122880  Q11c =  -0.729622  Q11s =   0.692908
|Q2| =   2.422345  Q20  =  -2.153651  Q21c =   0.059507  Q21s =   0.512551
                   Q22c =   0.291769  Q22s =   0.937105

O          x = 11.595350  y = 11.923360  z =  6.481030 angstrom
           Maximum rank =  2   Radius =  0.650 angstrom
                   Q00  =  -0.392602
|Q1| =   0.519274  Q10  =   0.060137  Q11c =   0.283442  Q11s =   0.430917
|Q2| =   1.136319  Q20  =  -0.683373  Q21c =  -0.137782  Q21s =   0.188262
                   Q22c =   0.004364  Q22s =  -0.877370

O          x =  9.368740  y = 17.894770  z =  7.373630 angstrom
           Maximum rank =  2   Radius =  0.650 angstrom
                   Q00  =  -0.421239
|Q1| =   0.559563  Q10  =   0.046498  Q11c =   0.424648  Q11s =   0.361418
|Q2| =   0.982043  Q20  =  -0.153131  Q21c =   0.099477  Q21s =  -0.060195
                   Q22c =   0.597742  Q22s =   0.755079

C          x =  8.751980  y = 12.658920  z =  6.632700 angstrom
           Maximum rank =  2   Radius =  0.650 angstrom
                   Q00  =  -0.304612
|Q1| =   0.415783  Q10  =   0.068442  Q11c =  -0.107352  Q11s =   0.395812
|Q2| =   1.489735  Q20  =  -1.203370  Q21c =   0.006172  Q21s =   0.202368
                   Q22c =   0.712921  Q22s =   0.471131

C          x =  9.883850  y = 13.541380  z =  6.741070 angstrom
           Maximum rank =  2   Radius =  0.650 angstrom
                   Q00  =  -0.337396
|Q1| =   0.492135  Q10  =  -0.066044  Q11c =   0.161054  Q11s =  -0.460323
|Q2| =   1.465044  Q20  =  -1.232749  Q21c =   0.014607  Q21s =   0.215112
                   Q22c =   0.634067  Q22s =   0.422084

C          x =  4.527040  y = 12.120090  z =  7.961390 angstrom
           Maximum rank =  2   Radius =  0.650 angstrom
                   Q00  =  -0.060099
|Q1| =   0.078296  Q10  =   0.001378  Q11c =   0.077394  Q11s =   0.011772
|Q2| =   1.286862  Q20  =   0.564398  Q21c =  -0.683789  Q21s =  -0.020227
                   Q22c =  -0.880436  Q22s =  -0.307121

C          x =  4.354280  y = 11.222860  z =  9.007480 angstrom
           Maximum rank =  2   Radius =  0.650 angstrom
                   Q00  =  -0.034622
|Q1| =   0.097517  Q10  =  -0.045235  Q11c =   0.023532  Q11s =   0.083124
|Q2| =   1.471845  Q20  =   0.523492  Q21c =  -0.649049  Q21s =   0.049075
                   Q22c =  -1.167144  Q22s =  -0.326168

H          x =  4.538470  y = 10.168010  z =  8.851590 angstrom
           Maximum rank =  1   Radius =  0.350 angstrom
                   Q00  =   0.077250
|Q1| =   0.098391  Q10  =  -0.045101  Q11c =  -0.006117  Q11s =   0.087231

C          x = 11.231410  y = 13.209120  z =  6.673150 angstrom
           Maximum rank =  2   Radius =  0.650 angstrom
                   Q00  =   0.077162
|Q1| =   0.126237  Q10  =  -0.017356  Q11c =  -0.023053  Q11s =  -0.122894
|Q2| =   1.140750  Q20  =  -1.088529  Q21c =  -0.034537  Q21s =   0.301581
                   Q22c =  -0.147460  Q22s =  -0.050267

C          x = 11.392010  y = 15.512170  z =  7.003580 angstrom
           Maximum rank =  2   Radius =  0.650 angstrom
                   Q00  =  -0.312730
|Q1| =   0.435688  Q10  =  -0.006888  Q11c =   0.435573  Q11s =  -0.007268
|Q2| =   1.414208  Q20  =  -1.166703  Q21c =   0.003687  Q21s =   0.394692
                   Q22c =  -0.674025  Q22s =   0.169355

C          x =  7.422290  y = 13.012690  z =  6.716480 angstrom
           Maximum rank =  2   Radius =  0.650 angstrom
                   Q00  =  -0.048455
|Q1| =   0.102766  Q10  =   0.015518  Q11c =   0.013168  Q11s =  -0.100731
|Q2| =   1.488609  Q20  =  -1.424027  Q21c =  -0.087586  Q21s =   0.421803
                   Q22c =  -0.039614  Q22s =   0.030769

H          x =  7.097220  y = 14.029940  z =  6.886350 angstrom
           Maximum rank =  1   Radius =  0.350 angstrom
                   Q00  =   0.087047
|Q1| =   0.094016  Q10  =  -0.011463  Q11c =   0.019928  Q11s =  -0.091162

C          x = 10.395150  y = 18.533520  z =  7.453220 angstrom
           Maximum rank =  2   Radius =  0.650 angstrom
                   Q00  =   0.191478
|Q1| =   0.030522  Q10  =  -0.002592  Q11c =  -0.023980  Q11s =  -0.018704
|Q2| =   0.761962  Q20  =  -0.698772  Q21c =   0.017378  Q21s =   0.164003
                   Q22c =   0.084660  Q22s =   0.240703

C          x =  7.231070  y = 10.735290  z =  6.371860 angstrom
           Maximum rank =  2   Radius =  0.650 angstrom
                   Q00  =  -0.338789
|Q1| =   0.611090  Q10  =   0.042680  Q11c =  -0.602625  Q11s =   0.091939
|Q2| =   1.363751  Q20  =  -1.199428  Q21c =   0.002338  Q21s =   0.379600
                   Q22c =  -0.416060  Q22s =   0.322463

C          x =  6.562620  y = 11.912910  z =  6.561960 angstrom
           Maximum rank =  2   Radius =  0.650 angstrom
                   Q00  =  -0.072644
|Q1| =   0.110640  Q10  =   0.037701  Q11c =  -0.025202  Q11s =  -0.100919
|Q2| =   1.252935  Q20  =  -1.186699  Q21c =  -0.051841  Q21s =   0.306423
                   Q22c =   0.158488  Q22s =   0.199726

C          x = 12.124720  y = 16.716940  z =  7.167300 angstrom
           Maximum rank =  2   Radius =  0.650 angstrom
                   Q00  =   0.020170
|Q1| =   0.021374  Q10  =   0.002069  Q11c =   0.014030  Q11s =   0.015992
|Q2| =   1.374825  Q20  =  -1.317800  Q21c =  -0.026835  Q21s =   0.358484
                   Q22c =  -0.153908  Q22s =   0.025099

H          x = 13.185370  y = 16.510930  z =  7.123140 angstrom
           Maximum rank =  1   Radius =  0.350 angstrom
                   Q00  =   0.091596
|Q1| =   0.071978  Q10  =   0.006885  Q11c =  -0.056891  Q11s =   0.043553

C          x =  4.988520  y = 12.753180  z =  4.269580 angstrom
           Maximum rank =  2   Radius =  0.650 angstrom
                   Q00  =  -0.033464
|Q1| =   0.096941  Q10  =   0.062764  Q11c =  -0.069414  Q11s =  -0.025297
|Q2| =   1.456240  Q20  =   0.327361  Q21c =  -0.034186  Q21s =  -0.864233
                   Q22c =   1.068025  Q22s =  -0.353166

H          x =  6.059900  y = 12.616100  z =  4.195190 angstrom
           Maximum rank =  1   Radius =  0.350 angstrom
                   Q00  =   0.077508
|Q1| =   0.100233  Q10  =   0.059687  Q11c =  -0.080273  Q11s =  -0.006346

C          x =  5.057100  y = 11.687410  z =  6.587450 angstrom
           Maximum rank =  2   Radius =  0.650 angstrom
                   Q00  =  -0.009622
|Q1| =   0.059759  Q10  =  -0.007352  Q11c =   0.048590  Q11s =  -0.034001
|Q2| =   0.189524  Q20  =   0.021199  Q21c =   0.034905  Q21s =   0.067902
                   Q22c =   0.033935  Q22s =  -0.168787

C          x = 11.776520  y = 18.022560  z =  7.360460 angstrom
           Maximum rank =  2   Radius =  0.650 angstrom
                   Q00  =  -0.065719
|Q1| =   0.063398  Q10  =   0.008091  Q11c =  -0.032595  Q11s =   0.053772
|Q2| =   1.335667  Q20  =  -1.271181  Q21c =  -0.037203  Q21s =   0.354472
                   Q22c =  -0.193156  Q22s =  -0.061342

C          x = 12.071330  y = 14.313170  z =  6.820720 angstrom
           Maximum rank =  2   Radius =  0.650 angstrom
                   Q00  =  -0.067272
|Q1| =   0.096799  Q10  =   0.002206  Q11c =  -0.096588  Q11s =   0.006009
|Q2| =   1.536850  Q20  =  -1.485360  Q21c =  -0.022771  Q21s =   0.362783
                   Q22c =   0.103816  Q22s =   0.112718

H          x = 13.150990  y = 14.272960  z =  6.800040 angstrom
           Maximum rank =  1   Radius =  0.350 angstrom
                   Q00  =   0.073330
|Q1| =   0.099144  Q10  =   0.003338  Q11c =  -0.098182  Q11s =   0.013368

C          x =  4.322640  y = 12.375960  z =  5.429520 angstrom
           Maximum rank =  2   Radius =  0.650 angstrom
                   Q00  =  -0.059308
|Q1| =   0.066067  Q10  =  -0.010465  Q11c =  -0.000123  Q11s =  -0.065233
|Q2| =   1.279890  Q20  =   0.355115  Q21c =  -0.031376  Q21s =  -0.854399
                   Q22c =   0.792541  Q22s =  -0.391036

C          x =  4.293210  y = 13.472070  z =  8.217320 angstrom
           Maximum rank =  2   Radius =  0.650 angstrom
                   Q00  =  -0.048684
|Q1| =   0.102127  Q10  =   0.016372  Q11c =   0.006226  Q11s =  -0.100614
|Q2| =   1.475699  Q20  =   0.691696  Q21c =  -0.597235  Q21s =  -0.127865
                   Q22c =  -1.108587  Q22s =  -0.311835

H          x =  4.415000  y = 14.197390  z =  7.421610 angstrom
           Maximum rank =  1   Radius =  0.350 angstrom
                   Q00  =   0.074435
|Q1| =   0.105783  Q10  =   0.038274  Q11c =  -0.008699  Q11s =  -0.098232

C          x =  3.952460  y = 11.660460  z = 10.263770 angstrom
           Maximum rank =  2   Radius =  0.650 angstrom
                   Q00  =  -0.033593
|Q1| =   0.075265  Q10  =  -0.050764  Q11c =   0.009110  Q11s =   0.054815
|Q2| =   1.406433  Q20  =   0.551965  Q21c =  -0.611433  Q21s =  -0.189380
                   Q22c =  -1.095544  Q22s =  -0.251906

H          x =  3.826320  y = 10.934950  z = 11.060130 angstrom
           Maximum rank =  1   Radius =  0.350 angstrom
                   Q00  =   0.044407
|Q1| =   0.117911  Q10  =  -0.087997  Q11c =   0.014385  Q11s =   0.077153

C          x =  5.009330  y = 10.165850  z =  6.361900 angstrom
           Maximum rank =  2   Radius =  0.650 angstrom
                   Q00  =  -0.041849
|Q1| =   0.087668  Q10  =  -0.043223  Q11c =   0.074352  Q11s =   0.017006
|Q2| =   1.248858  Q20  =  -1.196309  Q21c =  -0.022221  Q21s =   0.320779
                   Q22c =  -0.054552  Q22s =   0.148732

C          x =  6.512340  y =  8.270410  z =  6.012840 angstrom
           Maximum rank =  2   Radius =  0.650 angstrom
                   Q00  =  -0.018906
|Q1| =   0.106851  Q10  =   0.039171  Q11c =  -0.093832  Q11s =   0.032838
|Q2| =   1.456593  Q20  =  -1.410506  Q21c =  -0.042202  Q21s =   0.361005
                   Q22c =  -0.005451  Q22s =   0.000891

C          x = 12.685020  y = 19.162860  z =  7.513010 angstrom
           Maximum rank =  2   Radius =  0.650 angstrom
                   Q00  =   0.032419
|Q1| =   0.041649  Q10  =   0.002524  Q11c =  -0.038518  Q11s =   0.015639
|Q2| =   1.157141  Q20  =  -1.091464  Q21c =  -0.031030  Q21s =   0.235954
                   Q22c =   0.301422  Q22s =   0.013739

C          x = 10.494850  y = 19.992930  z =  7.664450 angstrom
           Maximum rank =  2   Radius =  0.650 angstrom
                   Q00  =  -0.043974
|Q1| =   0.076947  Q10  =  -0.003699  Q11c =   0.075032  Q11s =  -0.016654
|Q2| =   1.230924  Q20  =  -1.179580  Q21c =  -0.049798  Q21s =   0.312390
                   Q22c =  -0.041651  Q22s =  -0.148198

C          x =  6.303900  y =  9.628780  z =  6.234970 angstrom
           Maximum rank =  2   Radius =  0.650 angstrom
                   Q00  =  -0.026402
|Q1| =   0.119210  Q10  =   0.008441  Q11c =  -0.103958  Q11s =   0.057729
|Q2| =   1.286660  Q20  =  -1.198455  Q21c =  -0.043286  Q21s =   0.368317
                   Q22c =  -0.281903  Q22s =   0.046897

C          x = 14.051890  y = 19.166690  z =  7.492960 angstrom
           Maximum rank =  2   Radius =  0.650 angstrom
                   Q00  =  -0.022988
|Q1| =   0.024954  Q10  =  -0.000628  Q11c =   0.024928  Q11s =   0.000928
|Q2| =   1.315401  Q20  =  -1.270805  Q21c =  -0.036354  Q21s =   0.307158
                   Q22c =   0.140229  Q22s =  -0.001408

C          x = 14.847160  y = 17.996630  z =  7.310060 angstrom
           Maximum rank =  2   Radius =  0.650 angstrom
                   Q00  =   0.060183
|Q1| =   0.099937  Q10  =   0.014032  Q11c =  -0.021097  Q11s =   0.096672
|Q2| =   1.202953  Q20  =  -0.692904  Q21c =  -0.141317  Q21s =   0.244912
                   Q22c =  -0.348880  Q22s =  -0.874821

C          x = 11.837730  y = 20.370590  z =  7.701030 angstrom
           Maximum rank =  2   Radius =  0.650 angstrom
                   Q00  =  -0.025851
|Q1| =   0.085427  Q10  =  -0.007628  Q11c =  -0.063815  Q11s =  -0.056278
|Q2| =   1.241339  Q20  =  -1.187129  Q21c =  -0.029740  Q21s =   0.328923
                   Q22c =  -0.149290  Q22s =  -0.016913

C          x =  4.299670  y = 13.307490  z =  3.198660 angstrom
           Maximum rank =  2   Radius =  0.650 angstrom
                   Q00  =  -0.032688
|Q1| =   0.076070  Q10  =   0.058599  Q11c =  -0.043986  Q11s =  -0.020445
|Q2| =   1.399256  Q20  =   0.436581  Q21c =  -0.222303  Q21s =  -0.849232
                   Q22c =   0.964729  Q22s =  -0.256904

H          x =  4.849000  y = 13.597840  z =  2.309650 angstrom
           Maximum rank =  1   Radius =  0.350 angstrom
                   Q00  =   0.045496
|Q1| =   0.117087  Q10  =   0.096284  Q11c =  -0.058267  Q11s =  -0.032308

C          x =  2.259370  y = 13.120890  z =  4.409970 angstrom
           Maximum rank =  2   Radius =  0.650 angstrom
                   Q00  =  -0.034018
|Q1| =   0.075889  Q10  =  -0.014015  Q11c =   0.074468  Q11s =  -0.004167
|Q2| =   1.418040  Q20  =   0.319945  Q21c =  -0.134269  Q21s =  -0.800955
                   Q22c =   1.060998  Q22s =  -0.350995

H          x =  1.186300  y = 13.264570  z =  4.482050 angstrom
           Maximum rank =  1   Radius =  0.350 angstrom
                   Q00  =   0.047004
|Q1| =   0.116854  Q10  =  -0.010899  Q11c =   0.115183  Q11s =  -0.016399

C          x = 11.120840  y = 22.625830  z =  8.039800 angstrom
           Maximum rank =  2   Radius =  0.650 angstrom
                   Q00  =  -0.012102
|Q1| =   0.055254  Q10  =  -0.008365  Q11c =   0.001635  Q11s =  -0.054593
|Q2| =   1.340793  Q20  =  -1.277820  Q21c =  -0.014182  Q21s =   0.353911
                   Q22c =  -0.171586  Q22s =   0.100038

H          x = 11.362840  y = 23.670990  z =  8.188960 angstrom
           Maximum rank =  1   Radius =  0.350 angstrom
                   Q00  =   0.048465
|Q1| =   0.104969  Q10  =  -0.014812  Q11c =  -0.016635  Q11s =  -0.102578

C          x = 12.981890  y = 11.634200  z =  6.427790 angstrom
           Maximum rank =  2   Radius =  0.650 angstrom
                   Q00  =   0.170146
|Q1| =   0.143399  Q10  =  -0.001376  Q11c =  -0.142272  Q11s =  -0.017893
|Q2| =   0.144510  Q20  =  -0.084701  Q21c =  -0.017850  Q21s =   0.016593
                   Q22c =   0.044373  Q22s =  -0.105575

H          x = 13.461320  y = 12.157930  z =  5.595770 angstrom
           Maximum rank =  1   Radius =  0.350 angstrom
                   Q00  =   0.047115
|Q1| =   0.113598  Q10  =   0.078280  Q11c =  -0.080446  Q11s =  -0.017469

H          x = 13.060500  y = 10.561240  z =  6.272360 angstrom
           Maximum rank =  1   Radius =  0.350 angstrom
                   Q00  =   0.049312
|Q1| =   0.104178  Q10  =   0.013448  Q11c =  -0.051053  Q11s =   0.089810

C          x =  2.942400  y = 12.570250  z =  5.480710 angstrom
           Maximum rank =  2   Radius =  0.650 angstrom
                   Q00  =  -0.051533
|Q1| =   0.104447  Q10  =  -0.035546  Q11c =   0.097118  Q11s =   0.014619
|Q2| =   1.487483  Q20  =   0.564496  Q21c =  -0.150590  Q21s =  -0.847711
                   Q22c =   1.010747  Q22s =  -0.362006

H          x =  2.395500  y = 12.304150  z =  6.377060 angstrom
           Maximum rank =  1   Radius =  0.350 angstrom
                   Q00  =   0.073734
|Q1| =   0.106681  Q10  =  -0.052896  Q11c =   0.090643  Q11s =   0.019149

C          x =  2.925120  y = 13.500270  z =  3.246190 angstrom
           Maximum rank =  2   Radius =  0.650 angstrom
                   Q00  =  -0.078581
|Q1| =   0.121920  Q10  =   0.093658  Q11c =   0.061735  Q11s =  -0.047766
|Q2| =   1.150561  Q20  =   0.350663  Q21c =  -0.035957  Q21s =  -0.715876
                   Q22c =   0.779280  Q22s =  -0.282449

C          x = 12.157560  y = 21.711660  z =  7.892220 angstrom
           Maximum rank =  2   Radius =  0.650 angstrom
                   Q00  =  -0.007066
|Q1| =   0.083198  Q10  =  -0.009861  Q11c =  -0.044592  Q11s =  -0.069543
|Q2| =   1.396803  Q20  =  -1.343727  Q21c =  -0.025387  Q21s =   0.316164
                   Q22c =   0.199419  Q22s =   0.071302

H          x = 13.177420  y = 22.060620  z =  7.929110 angstrom
           Maximum rank =  1   Radius =  0.350 angstrom
                   Q00  =   0.086188
|Q1| =   0.077458  Q10  =  -0.008759  Q11c =  -0.044021  Q11s =  -0.063128

C          x =  9.786870  y = 22.231250  z =  8.000490 angstrom
           Maximum rank =  2   Radius =  0.650 angstrom
                   Q00  =  -0.015323
|Q1| =   0.061783  Q10  =  -0.007863  Q11c =   0.038651  Q11s =  -0.047555
|Q2| =   1.351810  Q20  =  -1.283769  Q21c =  -0.068228  Q21s =   0.331544
                   Q22c =   0.021358  Q22s =  -0.253564

H          x =  9.004480  y = 22.970770  z =  8.119020 angstrom
           Maximum rank =  1   Radius =  0.350 angstrom
                   Q00  =   0.045058
|Q1| =   0.105958  Q10  =  -0.011809  Q11c =   0.075388  Q11s =  -0.073515

N          x = 15.500480  y = 21.277130  z =  7.778530 angstrom
           Maximum rank =  2   Radius =  0.650 angstrom
                   Q00  =  -0.229289
|Q1| =   0.565401  Q10  =  -0.065067  Q11c =  -0.299453  Q11s =  -0.475155
|Q2| =   0.629687  Q20  =  -0.328655  Q21c =   0.067359  Q21s =   0.094063
                   Q22c =  -0.118277  Q22s =   0.510996

C          x = 14.835610  y = 20.347920  z =  7.653210 angstrom
           Maximum rank =  2   Radius =  0.650 angstrom
                   Q00  =   0.057405
|Q1| =   0.108202  Q10  =  -0.015266  Q11c =  -0.022835  Q11s =  -0.104658
|Q2| =   1.216244  Q20  =  -0.689322  Q21c =   0.119633  Q21s =   0.212916
                   Q22c =  -0.333144  Q22s =   0.912937

C          x =  9.461630  y = 20.895900  z =  7.810200 angstrom
           Maximum rank =  2   Radius =  0.650 angstrom
                   Q00  =   0.007847
|Q1| =   0.095982  Q10  =  -0.008795  Q11c =   0.081680  Q11s =  -0.049634
|Q2| =   1.338940  Q20  =  -1.288938  Q21c =  -0.011089  Q21s =   0.314383
                   Q22c =   0.107006  Q22s =   0.144879

H          x =  8.435550  y = 20.551460  z =  7.773950 angstrom
           Maximum rank =  1   Radius =  0.350 angstrom
                   Q00  =   0.072115
|Q1| =   0.099468  Q10  =  -0.002074  Q11c =   0.099327  Q11s =  -0.004861

N          x = 15.507310  y = 17.066440  z =  7.164070 angstrom
           Maximum rank =  2   Radius =  0.650 angstrom
                   Q00  =  -0.236885
|Q1| =   0.574664  Q10  =   0.075129  Q11c =  -0.297670  Q11s =   0.485784
|Q2| =   0.623941  Q20  =  -0.323080  Q21c =  -0.081981  Q21s =   0.105076
                   Q22c =  -0.087453  Q22s =  -0.509423

C          x =  3.713130  y = 13.003760  z = 10.519100 angstrom
           Maximum rank =  2   Radius =  0.650 angstrom
                   Q00  =  -0.078847
|Q1| =   0.121446  Q10  =  -0.109036  Q11c =   0.037825  Q11s =  -0.037811
|Q2| =   1.150372  Q20  =   0.501645  Q21c =  -0.538663  Q21s =  -0.010944
                   Q22c =  -0.852835  Q22s =  -0.232603

C          x =  3.895200  y = 13.903460  z =  9.469990 angstrom
           Maximum rank =  2   Radius =  0.650 angstrom
                   Q00  =  -0.033003
|Q1| =   0.075533  Q10  =  -0.002621  Q11c =   0.007524  Q11s =  -0.075112
|Q2| =   1.414774  Q20  =   0.462926  Q21c =  -0.611009  Q21s =  -0.032803
                   Q22c =  -1.147759  Q22s =  -0.309072

H          x =  3.722630  y = 14.961450  z =  9.637450 angstrom
           Maximum rank =  1   Radius =  0.350 angstrom
                   Q00  =   0.048186
|Q1| =   0.115768  Q10  =  -0.015961  Q11c =   0.019525  Q11s =  -0.112987

H          x = 13.475820  y = 11.902610  z =  7.366030 angstrom
           Maximum rank =  1   Radius =  0.350 angstrom
                   Q00  =   0.047177
|Q1| =   0.113709  Q10  =  -0.078659  Q11c =  -0.081954  Q11s =   0.005099

C          x =  2.172360  y = 14.086070  z =  2.082150 angstrom
           Maximum rank =  2   Radius =  0.650 angstrom
                   Q00  =   0.023122
|Q1| =   0.023659  Q10  =   0.014036  Q11c =   0.018473  Q11s =  -0.004636
|Q2| =   0.103973  Q20  =   0.041351  Q21c =   0.052138  Q21s =  -0.069989
                   Q22c =   0.001803  Q22s =  -0.038476

C          x =  3.257390  y = 13.478230  z = 11.872510 angstrom
           Maximum rank =  2   Radius =  0.650 angstrom
                   Q00  =   0.023128
|Q1| =   0.023907  Q10  =  -0.016125  Q11c =   0.011968  Q11s =  -0.012972
|Q2| =   0.101556  Q20  =   0.082329  Q21c =  -0.042980  Q21s =   0.038039
                   Q22c =  -0.013515  Q22s =  -0.007649

H          x =  1.575460  y = 13.321770  z =  1.576930 angstrom
           Maximum rank =  1   Radius =  0.350 angstrom
                   Q00  =   0.030661
|Q1| =   0.124153  Q10  =   0.083821  Q11c =   0.077837  Q11s =   0.048262

H          x =  2.852420  y = 14.515670  z =  1.345700 angstrom
           Maximum rank =  1   Radius =  0.350 angstrom
                   Q00  =   0.023746
|Q1| =   0.125198  Q10  =   0.104273  Q11c =  -0.036835  Q11s =  -0.058695

H          x =  1.487190  y = 14.871840  z =  2.407450 angstrom
           Maximum rank =  1   Radius =  0.350 angstrom
                   Q00  =   0.027264
|Q1| =   0.124920  Q10  =   0.008864  Q11c =   0.085569  Q11s =  -0.090578

H          x =  3.392190  y = 12.705020  z = 12.629810 angstrom
           Maximum rank =  1   Radius =  0.350 angstrom
                   Q00  =   0.023184
|Q1| =   0.125860  Q10  =  -0.113416  Q11c =   0.002767  Q11s =   0.054497

H          x =  2.197600  y = 13.747620  z = 11.858210 angstrom
           Maximum rank =  1   Radius =  0.350 angstrom
                   Q00  =   0.029703
|Q1| =   0.124846  Q10  =  -0.043192  Q11c =   0.110442  Q11s =  -0.039033

H          x =  3.813730  y = 14.362620  z = 12.190010 angstrom
           Maximum rank =  1   Radius =  0.350 angstrom
                   Q00  =   0.027804
|Q1| =   0.124518  Q10  =  -0.073899  Q11c =  -0.034654  Q11s =  -0.094036

H          x =  7.514460  y =  7.868480  z =  5.924390 angstrom
           Maximum rank =  1   Radius =  0.350 angstrom
                   Q00  =   0.082371
|Q1| =   0.103576  Q10  =   0.010607  Q11c =  -0.101413  Q11s =   0.018187

S          x =  0.743120  y =  2.383100  z =  5.282960 angstrom
           Maximum rank =  2   Radius =  0.650 angstrom
                   Q00  =   0.804307
|Q1| =   0.919763  Q10  =   0.072110  Q11c =  -0.808105  Q11s =   0.433280
|Q2| =   2.458983  Q20  =  -2.203016  Q21c =   0.035150  Q21s =   0.648856
                   Q22c =  -0.658739  Q22s =   0.580628

S          x =  1.479330  y =  6.691230  z =  5.902730 angstrom
           Maximum rank =  2   Radius =  0.650 angstrom
                   Q00  =   0.780891
|Q1| =   1.013804  Q10  =  -0.123891  Q11c =   0.729718  Q11s =  -0.692792
|Q2| =   2.422133  Q20  =  -2.153555  Q21c =   0.059814  Q21s =   0.511945
                   Q22c =   0.291735  Q22s =   0.937099

O          x = -1.182320  y =  5.697540  z =  5.790880 angstrom
           Maximum rank =  2   Radius =  0.650 angstrom
                   Q00  =  -0.392713
|Q1| =   0.519317  Q10  =  -0.060601  Q11c =  -0.283448  Q11s =  -0.430901
|Q2| =   1.136459  Q20  =  -0.683473  Q21c =  -0.138186  Q21s =   0.188464
                   Q22c =   0.004396  Q22s =  -0.877366

O          x =  1.044260  y = -0.273680  z =  4.896880 angstrom
           Maximum rank =  2   Radius =  0.650 angstrom
                   Q00  =  -0.421086
|Q1| =   0.559464  Q10  =  -0.046986  Q11c =  -0.424509  Q11s =  -0.361364
|Q2| =   0.981985  Q20  =  -0.153105  Q21c =   0.099336  Q21s =  -0.060593
                   Q22c =   0.597683  Q22s =   0.755043

C          x =  1.661040  y =  4.962050  z =  5.638720 angstrom
           Maximum rank =  2   Radius =  0.650 angstrom
                   Q00  =  -0.304788
|Q1| =   0.415827  Q10  =  -0.069070  Q11c =   0.107118  Q11s =  -0.395812
|Q2| =   1.490279  Q20  =  -1.203923  Q21c =   0.006182  Q21s =   0.202418
                   Q22c =   0.712963  Q22s =   0.471351

C          x =  0.529170  y =  4.079600  z =  5.530330 angstrom
           Maximum rank =  2   Radius =  0.650 angstrom
                   Q00  =  -0.337187
|Q1| =   0.492221  Q10  =   0.065549  Q11c =  -0.160838  Q11s =   0.460560
|Q2| =   1.464603  Q20  =  -1.232179  Q21c =   0.014256  Q21s =   0.215394
                   Q22c =   0.634047  Q22s =   0.422120

C          x =  5.885980  y =  5.500890  z =  4.310010 angstrom
           Maximum rank =  2   Radius =  0.650 angstrom
                   Q00  =  -0.060524
|Q1| =   0.078495  Q10  =  -0.001485  Q11c =  -0.077593  Q11s =  -0.011773
|Q2| =   1.287870  Q20  =   0.564996  Q21c =  -0.684401  Q21s =  -0.020034
                   Q22c =  -0.880950  Q22s =  -0.307425

C          x =  6.058750  y =  6.398120  z =  3.263930 angstrom
           Maximum rank =  2   Radius =  0.650 angstrom
                   Q00  =  -0.034631
|Q1| =   0.097440  Q10  =   0.045012  Q11c =  -0.023637  Q11s =  -0.083126
|Q2| =   1.471906  Q20  =   0.523410  Q21c =  -0.648999  Q21s =   0.048641
                   Q22c =  -1.167322  Q22s =  -0.326104

H          x =  5.874580  y =  7.452970  z =  3.419820 angstrom
           Maximum rank =  1   Radius =  0.350 angstrom
                   Q00  =   0.077220
|Q1| =   0.098325  Q10  =   0.044986  Q11c =   0.006126  Q11s =  -0.087215

C          x = -0.818390  y =  4.411820  z =  5.598490 angstrom
           Maximum rank =  2   Radius =  0.650 angstrom
                   Q00  =   0.077020
|Q1| =   0.126216  Q10  =   0.016808  Q11c =   0.022887  Q11s =   0.122981
|Q2| =   1.141021  Q20  =  -1.088710  Q21c =  -0.034665  Q21s =   0.302017
                   Q22c =  -0.147366  Q22s =  -0.050071

C          x = -0.978990  y =  2.108820  z =  5.267690 angstrom
           Maximum rank =  2   Radius =  0.650 angstrom
                   Q00  =  -0.312942
|Q1| =   0.435719  Q10  =   0.006248  Q11c =  -0.435615  Q11s =   0.007191
|Q2| =   1.414625  Q20  =  -1.166937  Q21c =   0.003403  Q21s =   0.395309
                   Q22c =  -0.674081  Q22s =   0.169573

C          x =  2.990730  y =  4.608280  z =  5.554940 angstrom
           Maximum rank =  2   Radius =  0.650 angstrom
                   Q00  =  -0.048377
|Q1| =   0.102948  Q10  =  -0.016170  Q11c =  -0.012963  Q11s =   0.100840
|Q2| =   1.488317  Q20  =  -1.423666  Q21c =  -0.087531  Q21s =   0.421996
                   Q22c =  -0.039656  Q22s =   0.030763

H          x =  3.315800  y =  3.591030  z =  5.385080 angstrom
           Maximum rank =  1   Radius =  0.350 angstrom
                   Q00  =   0.087082
|Q1| =   0.093996  Q10  =   0.011363  Q11c =  -0.019920  Q11s =   0.091156

C          x =  0.017850  y = -0.912430  z =  4.817350 angstrom
           Maximum rank =  2   Radius =  0.650 angstrom
                   Q00  =   0.191544
|Q1| =   0.030488  Q10  =   0.002071  Q11c =   0.023912  Q11s =   0.018801
|Q2| =   0.761749  Q20  =  -0.698510  Q21c =   0.017180  Q21s =   0.164069
                   Q22c =   0.084806  Q22s =   0.240705

C          x =  3.181950  y =  6.885680  z =  5.899540 angstrom
           Maximum rank =  2   Radius =  0.650 angstrom
                   Q00  =  -0.338976
|Q1| =   0.611118  Q10  =  -0.043309  Q11c =   0.602633  Q11s =  -0.091773
|Q2| =   1.364264  Q20  =  -1.199980  Q21c =   0.002616  Q21s =   0.379656
                   Q22c =  -0.416024  Q22s =   0.322557

C          x =  3.850400  y =  5.708070  z =  5.709440 angstrom
           Maximum rank =  2   Radius =  0.650 angstrom
                   Q00  =  -0.072653
|Q1| =   0.110731  Q10  =  -0.038243  Q11c =   0.025149  Q11s =   0.100829
|Q2| =   1.252855  Q20  =  -1.186634  Q21c =  -0.051742  Q21s =   0.306385
                   Q22c =   0.158428  Q22s =   0.199741

C          x = -1.711710  y =  0.904070  z =  5.103850 angstrom
           Maximum rank =  2   Radius =  0.650 angstrom
                   Q00  =   0.020742
|Q1| =   0.021223  Q10  =  -0.002682  Q11c =  -0.014090  Q11s =  -0.015642
|Q2| =   1.373133  Q20  =  -1.316081  Q21c =  -0.026976  Q21s =   0.358393
                   Q22c =  -0.153703  Q22s =   0.025062

H          x = -2.772350  y =  1.110060  z =  5.148220 angstrom
           Maximum rank =  1   Radius =  0.350 angstrom
                   Q00  =   0.091675
|Q1| =   0.071946  Q10  =  -0.006999  Q11c =   0.056863  Q11s =  -0.043519

C          x =  5.424500  y =  4.867800  z =  8.001820 angstrom
           Maximum rank =  2   Radius =  0.650 angstrom
                   Q00  =  -0.033536
|Q1| =   0.097068  Q10  =  -0.063027  Q11c =   0.069395  Q11s =   0.025180
|Q2| =   1.456472  Q20  =   0.327307  Q21c =  -0.033720  Q21s =  -0.864408
                   Q22c =   1.068173  Q22s =  -0.353338

H          x =  4.353120  y =  5.004870  z =  8.076210 angstrom
           Maximum rank =  1   Radius =  0.350 angstrom
                   Q00  =   0.077448
|Q1| =   0.100359  Q10  =  -0.059825  Q11c =   0.080327  Q11s =   0.006365

C          x =  5.355930  y =  5.933560  z =  5.683950 angstrom
           Maximum rank =  2   Radius =  0.650 angstrom
                   Q00  =  -0.009619
|Q1| =   0.059760  Q10  =   0.007330  Q11c =  -0.048598  Q11s =   0.033996
|Q2| =   0.189509  Q20  =   0.021078  Q21c =   0.035255  Q21s =   0.067621
                   Q22c =   0.033774  Q22s =  -0.168859

C          x = -1.363520  y = -0.401510  z =  4.910400 angstrom
           Maximum rank =  2   Radius =  0.650 angstrom
                   Q00  =  -0.065703
|Q1| =   0.063674  Q10  =  -0.008717  Q11c =   0.032600  Q11s =  -0.053997
|Q2| =   1.335411  Q20  =  -1.270807  Q21c =  -0.037460  Q21s =   0.354785
                   Q22c =  -0.193264  Q22s =  -0.061207

C          x = -1.658310  y =  3.307780  z =  5.450850 angstrom
           Maximum rank =  2   Radius =  0.650 angstrom
                   Q00  =  -0.066963
|Q1| =   0.096729  Q10  =  -0.002890  Q11c =   0.096517  Q11s =  -0.005706
|Q2| =   1.535838  Q20  =  -1.484303  Q21c =  -0.022665  Q21s =   0.362829
                   Q22c =   0.103945  Q22s =   0.112595

H          x = -2.737970  y =  3.347970  z =  5.471700 angstrom
           Maximum rank =  1   Radius =  0.350 angstrom
                   Q00  =   0.073376
|Q1| =   0.099114  Q10  =  -0.003476  Q11c =   0.098151  Q11s =  -0.013333

C          x =  6.090380  y =  5.245010  z =  6.841880 angstrom
           Maximum rank =  2   Radius =  0.650 angstrom
                   Q00  =  -0.058947
|Q1| =   0.065839  Q10  =   0.010309  Q11c =   0.000116  Q11s =   0.065027
|Q2| =   1.279037  Q20  =   0.354858  Q21c =  -0.031599  Q21s =  -0.853821
                   Q22c =   0.792079  Q22s =  -0.390660

C          x =  6.119800  y =  4.148900  z =  4.054070 angstrom
           Maximum rank =  2   Radius =  0.650 angstrom
                   Q00  =  -0.048983
|Q1| =   0.102187  Q10  =  -0.016561  Q11c =  -0.006296  Q11s =   0.100639
|Q2| =   1.476507  Q20  =   0.692026  Q21c =  -0.597465  Q21s =  -0.128002
                   Q22c =  -1.109300  Q22s =  -0.311895

H          x =  5.998000  y =  3.423580  z =  4.849780 angstrom
           Maximum rank =  1   Radius =  0.350 angstrom
                   Q00  =   0.074134
|Q1| =   0.105966  Q10  =  -0.038452  Q11c =   0.008724  Q11s =   0.098358

C          x =  6.460590  y =  5.960530  z =  2.007640 angstrom
           Maximum rank =  2   Radius =  0.650 angstrom
                   Q00  =  -0.033261
|Q1| =   0.075099  Q10  =   0.050511  Q11c =  -0.009214  Q11s =  -0.054805
|Q2| =   1.405150  Q20  =   0.551742  Q21c =  -0.610910  Q21s =  -0.189219
                   Q22c =  -1.094386  Q22s =  -0.251660

H          x =  6.586740  y =  6.686040  z =  1.211280 angstrom
           Maximum rank =  1   Radius =  0.350 angstrom
                   Q00  =   0.044836
|Q1| =   0.117534  Q10  =   0.087654  Q11c =  -0.014349  Q11s =  -0.076975

C          x =  5.403700  y =  7.455120  z =  5.909500 angstrom
           Maximum rank =  2   Radius =  0.650 angstrom
                   Q00  =  -0.041869
|Q1| =   0.087431  Q10  =   0.042710  Q11c =  -0.074376  Q11s =  -0.016974
|Q2| =   1.249044  Q20  =  -1.196505  Q21c =  -0.022213  Q21s =   0.320761
                   Q22c =  -0.054504  Q22s =   0.148777

C          x =  3.900680  y =  9.350560  z =  6.258560 angstrom
           Maximum rank =  2   Radius =  0.650 angstrom
                   Q00  =  -0.018983
|Q1| =   0.107038  Q10  =  -0.039788  Q11c =   0.093826  Q11s =  -0.032722
|Q2| =   1.456783  Q20  =  -1.410701  Q21c =  -0.041886  Q21s =   0.361048
                   Q22c =  -0.005419  Q22s =   0.000913

C          x = -2.272020  y = -1.541790  z =  4.757790 angstrom
           Maximum rank =  2   Radius =  0.650 angstrom
                   Q00  =   0.032788
|Q1| =   0.041841  Q10  =  -0.003044  Q11c =   0.038760  Q11s =  -0.015464
|Q2| =   1.156076  Q20  =  -1.090306  Q21c =  -0.031283  Q21s =   0.235925
                   Q22c =   0.301512  Q22s =   0.013950

C          x = -0.081870  y = -2.371810  z =  4.605880 angstrom
           Maximum rank =  2   Radius =  0.650 angstrom
                   Q00  =  -0.043946
|Q1| =   0.076877  Q10  =   0.003151  Q11c =  -0.074983  Q11s =   0.016665
|Q2| =   1.230827  Q20  =  -1.179382  Q21c =  -0.050226  Q21s =   0.312758
                   Q22c =  -0.041607  Q22s =  -0.148060

C          x =  4.109120  y =  7.992190  z =  6.036430 angstrom
           Maximum rank =  2   Radius =  0.650 angstrom
                   Q00  =  -0.026297
|Q1| =   0.119193  Q10  =  -0.008985  Q11c =   0.103891  Q11s =  -0.057731
|Q2| =   1.286445  Q20  =  -1.198249  Q21c =  -0.043184  Q21s =   0.368212
                   Q22c =  -0.281956  Q22s =   0.046849

C          x = -3.638890  y = -1.545650  z =  4.778040 angstrom
           Maximum rank =  2   Radius =  0.650 angstrom
                   Q00  =  -0.022690
|Q1| =   0.025158  Q10  =   0.000059  Q11c =  -0.025143  Q11s =  -0.000882
|Q2| =   1.314453  Q20  =  -1.269780  Q21c =  -0.036681  Q21s =   0.307281
                   Q22c =   0.140273  Q22s =  -0.001422

C          x = -4.434150  y = -0.375640  z =  4.961290 angstrom
           Maximum rank =  2   Radius =  0.650 angstrom
                   Q00  =   0.060293
|Q1| =   0.100045  Q10  =  -0.014740  Q11c =   0.021029  Q11s =  -0.096693
|Q2| =   1.202671  Q20  =  -0.692494  Q21c =  -0.141589  Q21s =   0.245182
                   Q22c =  -0.348824  Q22s =  -0.874660

C          x = -1.424740  y = -2.749480  z =  4.569440 angstrom
           Maximum rank =  2   Radius =  0.650 angstrom
                   Q00  =  -0.025921
|Q1| =   0.085414  Q10  =   0.007079  Q11c =   0.063806  Q11s =   0.056341
|Q2| =   1.241460  Q20  =  -1.187121  Q21c =  -0.029979  Q21s =   0.329389
                   Q22c =  -0.149269  Q22s =  -0.016981

C          x =  6.113340  y =  4.313480  z =  9.072750 angstrom
           Maximum rank =  2   Radius =  0.650 angstrom
                   Q00  =  -0.033043
|Q1| =   0.076240  Q10  =  -0.058862  Q11c =   0.043983  Q11s =   0.020329
|Q2| =   1.400608  Q20  =   0.436827  Q21c =  -0.222586  Q21s =  -0.850060
                   Q22c =   0.965732  Q22s =  -0.257099

H          x =  5.564020  y =  4.023140  z =  9.961760 angstrom
           Maximum rank =  1   Radius =  0.350 angstrom
                   Q00  =   0.045036
|Q1| =   0.117488  Q10  =  -0.096652  Q11c =   0.058414  Q11s =   0.032397

C          x =  8.153640  y =  4.500070  z =  7.861430 angstrom
           Maximum rank =  2   Radius =  0.650 angstrom
                   Q00  =  -0.034038
|Q1| =   0.075885  Q10  =   0.013760  Q11c =  -0.074518  Q11s =   0.004032
|Q2| =   1.418162  Q20  =   0.320073  Q21c =  -0.134757  Q21s =  -0.800985
                   Q22c =   1.061046  Q22s =  -0.350970

H          x =  9.226720  y =  4.356400  z =  7.789350 angstrom
           Maximum rank =  1   Radius =  0.350 angstrom
                   Q00  =   0.046999
|Q1| =   0.116851  Q10  =   0.010763  Q11c =  -0.115192  Q11s =   0.016407

C          x = -0.707870  y = -5.004650  z =  4.230170 angstrom
           Maximum rank =  2   Radius =  0.650 angstrom
                   Q00  =  -0.011905
|Q1| =   0.055172  Q10  =   0.007642  Q11c =  -0.001593  Q11s =   0.054617
|Q2| =   1.340067  Q20  =  -1.276933  Q21c =  -0.014405  Q21s =   0.354458
                   Q22c =  -0.171412  Q22s =   0.099956

H          x = -0.949880  y = -6.049790  z =  4.080870 angstrom
           Maximum rank =  1   Radius =  0.350 angstrom
                   Q00  =   0.048658
|Q1| =   0.104810  Q10  =   0.014665  Q11c =   0.016618  Q11s =   0.102440

C          x = -2.568860  y =  5.986670  z =  5.844410 angstrom
           Maximum rank =  2   Radius =  0.650 angstrom
                   Q00  =   0.170141
|Q1| =   0.143407  Q10  =   0.001153  Q11c =   0.142274  Q11s =   0.017949
|Q2| =   0.144455  Q20  =  -0.084807  Q21c =  -0.017963  Q21s =   0.016100
                   Q22c =   0.044213  Q22s =  -0.105538

H          x = -3.048140  y =  5.462780  z =  6.676420 angstrom
           Maximum rank =  1   Radius =  0.350 angstrom
                   Q00  =   0.046778
|Q1| =   0.113875  Q10  =  -0.078568  Q11c =   0.080540  Q11s =   0.017549

H          x = -2.647460  y =  7.059590  z =  6.000040 angstrom
           Maximum rank =  1   Radius =  0.350 angstrom
                   Q00  =   0.049288
|Q1| =   0.104201  Q10  =  -0.013616  Q11c =   0.051063  Q11s =  -0.089806

C          x =  7.470630  y =  5.050710  z =  6.790690 angstrom
           Maximum rank =  2   Radius =  0.650 angstrom
                   Q00  =  -0.051221
|Q1| =   0.104372  Q10  =   0.035324  Q11c =  -0.097097  Q11s =  -0.014757
|Q2| =   1.486572  Q20  =   0.564105  Q21c =  -0.150467  Q21s =  -0.847221
                   Q22c =   1.010072  Q22s =  -0.361958

H          x =  8.017520  y =  5.316810  z =  5.894340 angstrom
           Maximum rank =  1   Radius =  0.350 angstrom
                   Q00  =   0.074061
|Q1| =   0.106468  Q10  =   0.052693  Q11c =  -0.090518  Q11s =  -0.019113

C          x =  7.487900  y =  4.120700  z =  9.025210 angstrom
           Maximum rank =  2   Radius =  0.650 angstrom
                   Q00  =  -0.078965
|Q1| =   0.121926  Q10  =  -0.093789  Q11c =  -0.061665  Q11s =   0.047612
|Q2| =   1.151796  Q20  =   0.350993  Q21c =  -0.035683  Q21s =  -0.716703
                   Q22c =   0.780039  Q22s =  -0.282913

C          x = -1.744580  y = -4.090520  z =  4.378070 angstrom
           Maximum rank =  2   Radius =  0.650 angstrom
                   Q00  =  -0.006863
|Q1| =   0.083137  Q10  =   0.009158  Q11c =   0.044560  Q11s =   0.069586
|Q2| =   1.396133  Q20  =  -1.342921  Q21c =  -0.025469  Q21s =   0.316617
                   Q22c =   0.199360  Q22s =   0.071486

H          x = -2.764440  y = -4.439490  z =  4.341280 angstrom
           Maximum rank =  1   Radius =  0.350 angstrom
                   Q00  =   0.086268
|Q1| =   0.077380  Q10  =   0.008634  Q11c =   0.043987  Q11s =   0.063074

C          x =  0.626100  y = -4.610060  z =  4.269350 angstrom
           Maximum rank =  2   Radius =  0.650 angstrom
                   Q00  =  -0.015026
|Q1| =   0.061657  Q10  =   0.007135  Q11c =  -0.038623  Q11s =   0.047529
|Q2| =   1.350811  Q20  =  -1.282614  Q21c =  -0.068842  Q21s =   0.331964
                   Q22c =   0.021366  Q22s =  -0.253370

H          x =  1.408480  y = -5.349540  z =  4.150570 angstrom
           Maximum rank =  1   Radius =  0.350 angstrom
                   Q00  =   0.045258
|Q1| =   0.105798  Q10  =   0.011672  Q11c =  -0.075283  Q11s =   0.073412

N          x = -5.087490  y = -3.656070  z =  4.492370 angstrom
           Maximum rank =  2   Radius =  0.650 angstrom
                   Q00  =  -0.228720
|Q1| =   0.565063  Q10  =   0.064338  Q11c =   0.299282  Q11s =   0.474961
|Q2| =   0.629370  Q20  =  -0.328205  Q21c =   0.067598  Q21s =   0.094361
                   Q22c =  -0.118228  Q22s =   0.510820

C          x = -4.422620  y = -2.726870  z =  4.617730 angstrom
           Maximum rank =  2   Radius =  0.650 angstrom
                   Q00  =   0.057456
|Q1| =   0.108280  Q10  =   0.014609  Q11c =   0.022871  Q11s =   0.104824
|Q2| =   1.216077  Q20  =  -0.688980  Q21c =   0.119639  Q21s =   0.213026
                   Q22c =  -0.333160  Q22s =   0.912940

C          x =  0.951350  y = -3.274740  z =  4.459810 angstrom
           Maximum rank =  2   Radius =  0.650 angstrom
                   Q00  =   0.007988
|Q1| =   0.095941  Q10  =   0.008129  Q11c =  -0.081647  Q11s =   0.049722
|Q2| =   1.338434  Q20  =  -1.288343  Q21c =  -0.011811  Q21s =   0.314630
                   Q22c =   0.107099  Q22s =   0.144835

H          x =  1.977430  y = -2.930290  z =  4.495970 angstrom
           Maximum rank =  1   Radius =  0.350 angstrom
                   Q00  =   0.072213
|Q1| =   0.099379  Q10  =   0.001960  Q11c =  -0.099241  Q11s =   0.004861

N          x = -5.094290  y =  0.554510  z =  5.107550 angstrom
           Maximum rank =  2   Radius =  0.650 angstrom
                   Q00  =  -0.236599
|Q1| =   0.574529  Q10  =  -0.075950  Q11c =   0.297490  Q11s =  -0.485607
|Q2| =   0.623729  Q20  =  -0.322831  Q21c =  -0.081898  Q21s =   0.104840
                   Q22c =  -0.087417  Q22s =  -0.509390

C          x =  6.699900  y =  4.617220  z =  1.752300 angstrom
           Maximum rank =  2   Radius =  0.650 angstrom
                   Q00  =  -0.078388
|Q1| =   0.121440  Q10  =   0.108957  Q11c =  -0.037990  Q11s =   0.037853
|Q2| =   1.148902  Q20  =   0.500881  Q21c =  -0.537840  Q21s =  -0.011242
                   Q22c =  -0.851928  Q22s =  -0.232195

C          x =  6.517810  y =  3.717520  z =  2.801400 angstrom
           Maximum rank =  2   Radius =  0.650 angstrom
                   Q00  =  -0.032895
|Q1| =   0.075510  Q10  =   0.002387  Q11c =  -0.007612  Q11s =   0.075087
|Q2| =   1.414290  Q20  =   0.462885  Q21c =  -0.610874  Q21s =  -0.032317
                   Q22c =  -1.147291  Q22s =  -0.308974

H          x =  6.690380  y =  2.659520  z =  2.633940 angstrom
           Maximum rank =  1   Radius =  0.350 angstrom
                   Q00  =   0.048313
|Q1| =   0.115665  Q10  =   0.015807  Q11c =  -0.019502  Q11s =   0.112908

H          x = -3.062940  y =  5.718410  z =  4.906200 angstrom
           Maximum rank =  1   Radius =  0.350 angstrom
                   Q00  =   0.047473
|Q1| =   0.113460  Q10  =   0.078374  Q11c =   0.081883  Q11s =  -0.005095

C          x =  8.240660  y =  3.534880  z = 10.189240 angstrom
           Maximum rank =  2   Radius =  0.650 angstrom
                   Q00  =   0.023094
|Q1| =   0.023864  Q10  =  -0.014339  Q11c =  -0.018499  Q11s =   0.004655
|Q2| =   0.103019  Q20  =   0.040794  Q21c =   0.051508  Q21s =  -0.069664
                   Q22c =   0.001802  Q22s =  -0.037941

C          x =  7.155640  y =  4.142750  z =  0.398890 angstrom
           Maximum rank =  2   Radius =  0.650 angstrom
                   Q00  =   0.023154
|Q1| =   0.023671  Q10  =   0.015814  Q11c =  -0.011935  Q11s =   0.012952
|Q2| =   0.102699  Q20  =   0.083173  Q21c =  -0.043524  Q21s =   0.038703
                   Q22c =  -0.013264  Q22s =  -0.007813

H          x =  8.837680  y =  4.299150  z = 10.694380 angstrom
           Maximum rank =  1   Radius =  0.350 angstrom
                   Q00  =   0.030293
|Q1| =   0.124498  Q10  =  -0.084124  Q11c =  -0.078003  Q11s =  -0.048358

H          x =  7.560580  y =  3.105410  z = 10.925770 angstrom
           Maximum rank =  1   Radius =  0.350 angstrom
                   Q00  =   0.023328
|Q1| =   0.125614  Q10  =  -0.104668  Q11c =   0.036930  Q11s =   0.058819

H          x =  8.925710  y =  2.749010  z =  9.863960 angstrom
           Maximum rank =  1   Radius =  0.350 angstrom
                   Q00  =   0.027193
|Q1| =   0.125029  Q10  =  -0.009032  Q11c =  -0.085633  Q11s =   0.090651

H          x =  7.020930  y =  4.916000  z = -0.358390 angstrom
           Maximum rank =  1   Radius =  0.350 angstrom
                   Q00  =   0.023651
|Q1| =   0.125392  Q10  =   0.112967  Q11c =  -0.002766  Q11s =  -0.054349

H          x =  8.215400  y =  3.873260  z =  0.413210 angstrom
           Maximum rank =  1   Radius =  0.350 angstrom
                   Q00  =   0.029947
|Q1| =   0.124590  Q10  =   0.042963  Q11c =  -0.110263  Q11s =   0.038973

H          x =  6.599220  y =  3.258420  z =  0.081340 angstrom
           Maximum rank =  1   Radius =  0.350 angstrom
                   Q00  =   0.028126
|Q1| =   0.124190  Q10  =   0.073613  Q11c =   0.034602  Q11s =   0.093845

H          x =  2.898570  y =  9.752490  z =  6.347010 angstrom
           Maximum rank =  1   Radius =  0.350 angstrom
                   Q00  =   0.082338
|Q1| =   0.103612  Q10  =  -0.010712  Q11c =   0.101438  Q11s =  -0.018198

Total multipoles referred to origin at
           x =   0.000000,  y =    0.000000,  z =    0.000000 angstrom
                   Q00  =  -0.000034
|Q1| =   0.126110  Q10  =  -0.076503  Q11c =  -0.054596  Q11s =  -0.084085
|Q2| = 293.566253  Q20  = 104.342969  Q21c = -39.500562  Q21s = -20.519417
                   Q22c = -47.825615  Q22s =-266.505271

CPU time used:     75m 3.834s          Total:     75m 3.834s

Finished at 01:46:19 on 06 Sep 2021 
