                                     G D M A

                                 by Anthony Stone

                         version 2.2.11, 04 February 2015

               Distributed Multipoles from Gaussian wavefunctions


Starting at 14:51:9 on 28 Jun 2021  

s1S0



Using CI density matrix from file sN_my.fchk


                         Distributed Multipole Analysis

Standard DMA for products of primitives with exponent greater than 4.00000
Using 80-point Euler-MacLaurin radial quadrature
Using 590-point Lebedev quadrature
Becke smoothing parameter = 3

Positions and radii in angstrom
Multipole moments in atomic units, ea_0^k for rank k

C          x = -8.625280  y =  0.193040  z = -0.015150 angstrom
           Maximum rank =  2   Radius =  0.650 angstrom
                   Q00  =   0.012717
|Q1| =   0.044668  Q10  =   0.000697  Q11c =  -0.038040  Q11s =  -0.023404
|Q2| =   1.363415  Q20  =  -1.358165  Q21c =   0.002451  Q21s =   0.007789
                   Q22c =   0.119020  Q22s =  -0.007453

H          x = -8.803600  y =  1.260170  z =  0.007490 angstrom
           Maximum rank =  1   Radius =  0.350 angstrom
                   Q00  =   0.090490
|Q1| =   0.070353  Q10  =  -0.011873  Q11c =  -0.025882  Q11s =  -0.064332

C          x = -9.748470  y = -0.582520  z = -0.019920 angstrom
           Maximum rank =  2   Radius =  0.650 angstrom
                   Q00  =  -0.055408
|Q1| =   0.058486  Q10  =   0.007076  Q11c =  -0.040690  Q11s =  -0.041411
|Q2| =   1.313819  Q20  =  -1.291315  Q21c =  -0.022961  Q21s =  -0.040327
                   Q22c =   0.123050  Q22s =   0.203297

C          x =-11.132630  y = -0.079660  z = -0.003190 angstrom
           Maximum rank =  2   Radius =  0.650 angstrom
                   Q00  =   0.030882
|Q1| =   0.041746  Q10  =  -0.002241  Q11c =  -0.007568  Q11s =  -0.040993
|Q2| =   1.154998  Q20  =  -1.105680  Q21c =  -0.048708  Q21s =  -0.174807
                   Q22c =  -0.214741  Q22s =  -0.180133

C          x = -9.817920  y = -2.065060  z =  0.016930 angstrom
           Maximum rank =  2   Radius =  0.650 angstrom
                   Q00  =   0.195101
|Q1| =   0.032741  Q10  =   0.000133  Q11c =   0.024138  Q11s =  -0.022120
|Q2| =   0.754140  Q20  =  -0.708131  Q21c =  -0.068554  Q21s =  -0.013341
                   Q22c =   0.063566  Q22s =  -0.241577

O          x = -8.912030  y = -2.868630  z = -0.019000 angstrom
           Maximum rank =  2   Radius =  0.650 angstrom
                   Q00  =  -0.392279
|Q1| =   0.491414  Q10  =   0.012537  Q11c =  -0.371665  Q11s =   0.321242
|Q2| =   0.939351  Q20  =  -0.201919  Q21c =  -0.003317  Q21s =   0.056781
                   Q22c =   0.131667  Q22s =  -0.906111

C          x =-12.027070  y = -1.258880  z =  0.121240 angstrom
           Maximum rank =  2   Radius =  0.650 angstrom
                   Q00  =  -0.025882
|Q1| =   0.085889  Q10  =  -0.005836  Q11c =   0.074074  Q11s =  -0.043080
|Q2| =   1.240552  Q20  =  -1.214030  Q21c =  -0.159033  Q21s =  -0.111434
                   Q22c =   0.122196  Q22s =   0.111624

C          x =-11.249890  y = -2.415880  z =  0.120280 angstrom
           Maximum rank =  2   Radius =  0.650 angstrom
                   Q00  =  -0.044768
|Q1| =   0.074293  Q10  =  -0.002318  Q11c =  -0.007655  Q11s =   0.073861
|Q2| =   1.231117  Q20  =  -1.209993  Q21c =  -0.135614  Q21s =  -0.102904
                   Q22c =  -0.039676  Q22s =   0.144954

C          x =-13.411060  y = -1.374800  z =  0.224850 angstrom
           Maximum rank =  2   Radius =  0.650 angstrom
                   Q00  =  -0.006704
|Q1| =   0.082827  Q10  =  -0.004562  Q11c =   0.080071  Q11s =  -0.020691
|Q2| =   1.395796  Q20  =  -1.368223  Q21c =  -0.158228  Q21s =  -0.111287
                   Q22c =  -0.105378  Q22s =  -0.166393

H          x =-14.062140  y = -0.515260  z =  0.235240 angstrom
           Maximum rank =  1   Radius =  0.350 angstrom
                   Q00  =   0.086689
|Q1| =   0.077203  Q10  =  -0.008839  Q11c =   0.073499  Q11s =  -0.021910

C          x =-13.964070  y = -2.645870  z =  0.320460 angstrom
           Maximum rank =  2   Radius =  0.650 angstrom
                   Q00  =  -0.011143
|Q1| =   0.055035  Q10  =  -0.005297  Q11c =   0.051457  Q11s =   0.018786
|Q2| =   1.337579  Q20  =  -1.304515  Q21c =  -0.181664  Q21s =  -0.094507
                   Q22c =   0.210795  Q22s =   0.031440

H          x =-15.039680  y = -2.742880  z =  0.403020 angstrom
           Maximum rank =  1   Radius =  0.350 angstrom
                   Q00  =   0.049124
|Q1| =   0.104473  Q10  =  -0.008495  Q11c =   0.102847  Q11s =   0.016275

C          x =-11.793520  y = -3.681550  z =  0.211140 angstrom
           Maximum rank =  2   Radius =  0.650 angstrom
                   Q00  =   0.008198
|Q1| =   0.096063  Q10  =  -0.005638  Q11c =   0.022420  Q11s =   0.093239
|Q2| =   1.337314  Q20  =  -1.315310  Q21c =  -0.151651  Q21s =  -0.084012
                   Q22c =   0.013477  Q22s =  -0.167717

H          x =-11.144030  y = -4.548020  z =  0.203250 angstrom
           Maximum rank =  1   Radius =  0.350 angstrom
                   Q00  =   0.072936
|Q1| =   0.099532  Q10  =  -0.002116  Q11c =  -0.026076  Q11s =   0.096032

C          x =-13.172290  y = -3.790890  z =  0.312280 angstrom
           Maximum rank =  2   Radius =  0.650 angstrom
                   Q00  =  -0.014343
|Q1| =   0.061503  Q10  =  -0.004546  Q11c =   0.033519  Q11s =   0.051366
|Q2| =   1.348867  Q20  =  -1.309332  Q21c =  -0.158139  Q21s =  -0.117649
                   Q22c =  -0.154952  Q22s =   0.205502

H          x =-13.637570  y = -4.766090  z =  0.386630 angstrom
           Maximum rank =  1   Radius =  0.350 angstrom
                   Q00  =   0.045572
|Q1| =   0.105537  Q10  =  -0.007347  Q11c =   0.046580  Q11s =   0.094416

C          x =-11.567050  y =  1.210430  z = -0.113040 angstrom
           Maximum rank =  2   Radius =  0.650 angstrom
                   Q00  =  -0.018613
|Q1| =   0.027961  Q10  =  -0.007251  Q11c =  -0.012641  Q11s =   0.023863
|Q2| =   1.303225  Q20  =  -1.271329  Q21c =  -0.099603  Q21s =  -0.237148
                   Q22c =  -0.100530  Q22s =  -0.076494

C          x =-12.946630  y =  1.575990  z = -0.086280 angstrom
           Maximum rank =  2   Radius =  0.650 angstrom
                   Q00  =   0.058128
|Q1| =   0.108973  Q10  =  -0.008283  Q11c =   0.107954  Q11s =   0.012345
|Q2| =   1.213082  Q20  =  -0.711335  Q21c =  -0.046254  Q21s =  -0.012908
                   Q22c =   0.827713  Q22s =  -0.527405

N          x =-14.045460  y =  1.912200  z = -0.067350 angstrom
           Maximum rank =  2   Radius =  0.650 angstrom
                   Q00  =  -0.224820
|Q1| =   0.563793  Q10  =  -0.014112  Q11c =   0.547850  Q11s =  -0.132375
|Q2| =   0.625961  Q20  =  -0.335552  Q21c =  -0.012057  Q21s =   0.000954
                   Q22c =   0.406028  Q22s =  -0.337975

C          x =-10.709870  y =  2.338940  z = -0.281530 angstrom
           Maximum rank =  2   Radius =  0.650 angstrom
                   Q00  =   0.057271
|Q1| =   0.100333  Q10  =   0.003831  Q11c =  -0.087123  Q11s =  -0.049615
|Q2| =   1.203499  Q20  =  -0.701088  Q21c =  -0.141822  Q21s =  -0.208157
                   Q22c =  -0.257272  Q22s =   0.909534

N          x =-10.050300  y =  3.270620  z = -0.418740 angstrom
           Maximum rank =  2   Radius =  0.650 angstrom
                   Q00  =  -0.226062
|Q1| =   0.567398  Q10  =   0.062910  Q11c =  -0.354770  Q11s =  -0.438316
|Q2| =   0.622143  Q20  =  -0.324384  Q21c =  -0.072423  Q21s =  -0.115503
                   Q22c =  -0.237691  Q22s =   0.454702

C          x = -7.232090  y = -0.103940  z = -0.022310 angstrom
           Maximum rank =  2   Radius =  0.650 angstrom
                   Q00  =  -0.300095
|Q1| =   0.458258  Q10  =  -0.026651  Q11c =  -0.206566  Q11s =  -0.408192
|Q2| =   1.427700  Q20  =  -1.177758  Q21c =  -0.033505  Q21s =   0.058104
                   Q22c =   0.524377  Q22s =  -0.609709

S          x = -6.160890  y =  1.304520  z =  0.041650 angstrom
           Maximum rank =  2   Radius =  0.650 angstrom
                   Q00  =   0.714490
|Q1| =   1.084356  Q10  =  -0.065511  Q11c =   0.224154  Q11s =  -1.058910
|Q2| =   2.318481  Q20  =  -2.116960  Q21c =  -0.031432  Q21s =   0.071195
                   Q22c =   0.903030  Q22s =   0.268913

C          x = -6.510100  y = -1.282400  z = -0.086720 angstrom
           Maximum rank =  2   Radius =  0.650 angstrom
                   Q00  =  -0.017408
|Q1| =   0.080334  Q10  =   0.003661  Q11c =  -0.013485  Q11s =   0.079110
|Q2| =   1.388082  Q20  =  -1.346305  Q21c =  -0.002274  Q21s =   0.111730
                   Q22c =   0.024592  Q22s =   0.318027

H          x = -6.993050  y = -2.244830  z = -0.135790 angstrom
           Maximum rank =  1   Radius =  0.350 angstrom
                   Q00  =   0.122253
|Q1| =   0.071159  Q10  =   0.008267  Q11c =  -0.034616  Q11s =   0.061619

C          x = -5.132950  y = -1.045480  z = -0.077250 angstrom
           Maximum rank =  2   Radius =  0.650 angstrom
                   Q00  =  -0.338438
|Q1| =   0.541984  Q10  =   0.018541  Q11c =  -0.306079  Q11s =   0.446898
|Q2| =   1.342184  Q20  =  -1.170919  Q21c =   0.024367  Q21s =   0.082332
                   Q22c =   0.350739  Q22s =   0.547736

C          x = -4.771620  y =  0.302160  z = -0.009860 angstrom
           Maximum rank =  2   Radius =  0.650 angstrom
                   Q00  =  -0.346029
|Q1| =   0.546663  Q10  =  -0.047166  Q11c =   0.372438  Q11s =  -0.397374
|Q2| =   1.420648  Q20  =  -1.271817  Q21c =   0.033467  Q21s =   0.067361
                   Q22c =   0.307500  Q22s =   0.548185

S          x = -3.736650  y = -2.095060  z = -0.130570 angstrom
           Maximum rank =  2   Radius =  0.650 angstrom
                   Q00  =   0.726823
|Q1| =   1.129346  Q10  =   0.058882  Q11c =  -0.153922  Q11s =   1.117257
|Q2| =   2.291652  Q20  =  -2.106539  Q21c =   0.030617  Q21s =   0.150676
                   Q22c =   0.838351  Q22s =   0.296119

C          x = -3.371680  y =  0.489500  z =  0.013470 angstrom
           Maximum rank =  2   Radius =  0.650 angstrom
                   Q00  =  -0.065403
|Q1| =   0.098273  Q10  =  -0.052931  Q11c =   0.076937  Q11s =  -0.030605
|Q2| =   1.263016  Q20  =  -1.235928  Q21c =   0.018838  Q21s =   0.073939
                   Q22c =   0.122619  Q22s =   0.216409

C          x = -2.709580  y = -0.704220  z = -0.048630 angstrom
           Maximum rank =  2   Radius =  0.650 angstrom
                   Q00  =  -0.324793
|Q1| =   0.620134  Q10  =   0.019675  Q11c =   0.226628  Q11s =   0.576905
|Q2| =   1.365488  Q20  =  -1.233954  Q21c =  -0.000659  Q21s =   0.077149
                   Q22c =   0.507182  Q22s =  -0.280587

C          x = -1.274570  y = -0.498490  z = -0.034790 angstrom
           Maximum rank =  2   Radius =  0.650 angstrom
                   Q00  =  -0.025167
|Q1| =   0.121542  Q10  =   0.011993  Q11c =   0.009466  Q11s =   0.120578
|Q2| =   1.281229  Q20  =  -1.238208  Q21c =   0.002379  Q21s =   0.093684
                   Q22c =   0.172394  Q22s =  -0.264362

C          x = -1.064730  y =  0.891310  z =  0.023980 angstrom
           Maximum rank =  2   Radius =  0.650 angstrom
                   Q00  =  -0.036603
|Q1| =   0.089043  Q10  =   0.039659  Q11c =  -0.049747  Q11s =  -0.062299
|Q2| =   1.235556  Q20  =  -1.220248  Q21c =   0.011661  Q21s =   0.103947
                   Q22c =   0.163091  Q22s =  -0.007359

C          x = -2.398400  y =  1.656840  z =  0.056900 angstrom
           Maximum rank =  2   Radius =  0.650 angstrom
                   Q00  =  -0.006798
|Q1| =   0.063041  Q10  =  -0.001458  Q11c =   0.000715  Q11s =  -0.063020
|Q2| =   0.176811  Q20  =   0.004267  Q21c =   0.081448  Q21s =   0.024114
                   Q22c =  -0.145539  Q22s =  -0.053359

C          x =  0.216340  y =  1.401870  z =  0.062950 angstrom
           Maximum rank =  2   Radius =  0.650 angstrom
                   Q00  =  -0.014801
|Q1| =   0.105098  Q10  =   0.022130  Q11c =  -0.016583  Q11s =  -0.101394
|Q2| =   1.440878  Q20  =  -1.433232  Q21c =   0.005370  Q21s =   0.142877
                   Q22c =   0.007041  Q22s =  -0.038527

H          x =  0.394920  y =  2.468940  z =  0.113690 angstrom
           Maximum rank =  1   Radius =  0.350 angstrom
                   Q00  =   0.084173
|Q1| =   0.103334  Q10  =   0.000373  Q11c =  -0.038344  Q11s =  -0.095955

C          x =  1.274600  y =  0.498460  z =  0.034920 angstrom
           Maximum rank =  2   Radius =  0.650 angstrom
                   Q00  =  -0.025094
|Q1| =   0.121408  Q10  =  -0.012005  Q11c =  -0.009397  Q11s =  -0.120447
|Q2| =   1.280930  Q20  =  -1.237971  Q21c =   0.002363  Q21s =   0.093632
                   Q22c =   0.172235  Q22s =  -0.264145

C          x = -0.216320  y = -1.401900  z = -0.062820 angstrom
           Maximum rank =  2   Radius =  0.650 angstrom
                   Q00  =  -0.015108
|Q1| =   0.105284  Q10  =  -0.022160  Q11c =   0.016535  Q11s =   0.101589
|Q2| =   1.441838  Q20  =  -1.434176  Q21c =   0.005410  Q21s =   0.143072
                   Q22c =   0.006993  Q22s =  -0.038583

H          x = -0.394890  y = -2.468970  z = -0.113560 angstrom
           Maximum rank =  1   Radius =  0.350 angstrom
                   Q00  =   0.083822
|Q1| =   0.103602  Q10  =  -0.000385  Q11c =   0.038394  Q11s =   0.096224

C          x =  1.064760  y = -0.891350  z = -0.023840 angstrom
           Maximum rank =  2   Radius =  0.650 angstrom
                   Q00  =  -0.036879
|Q1| =   0.089149  Q10  =  -0.039658  Q11c =   0.049816  Q11s =   0.062395
|Q2| =   1.236048  Q20  =  -1.220706  Q21c =   0.011668  Q21s =   0.103969
                   Q22c =   0.163367  Q22s =  -0.007623

C          x =  2.398430  y = -1.656870  z = -0.056750 angstrom
           Maximum rank =  2   Radius =  0.650 angstrom
                   Q00  =  -0.006831
|Q1| =   0.063081  Q10  =   0.001460  Q11c =  -0.000710  Q11s =   0.063060
|Q2| =   0.176981  Q20  =   0.004614  Q21c =   0.081488  Q21s =   0.024085
                   Q22c =  -0.145679  Q22s =  -0.053462

C          x =  2.709610  y =  0.704190  z =  0.048750 angstrom
           Maximum rank =  2   Radius =  0.650 angstrom
                   Q00  =  -0.324668
|Q1| =   0.620045  Q10  =  -0.019697  Q11c =  -0.226756  Q11s =  -0.576758
|Q2| =   1.364914  Q20  =  -1.233339  Q21c =  -0.000716  Q21s =   0.077070
                   Q22c =   0.506971  Q22s =  -0.280897

C          x =  3.371700  y = -0.489540  z = -0.013350 angstrom
           Maximum rank =  2   Radius =  0.650 angstrom
                   Q00  =  -0.065792
|Q1| =   0.098361  Q10  =   0.052906  Q11c =  -0.077044  Q11s =   0.030659
|Q2| =   1.263708  Q20  =  -1.236582  Q21c =   0.018805  Q21s =   0.073948
                   Q22c =   0.122582  Q22s =   0.216736

S          x =  3.736680  y =  2.095020  z =  0.130650 angstrom
           Maximum rank =  2   Radius =  0.650 angstrom
                   Q00  =   0.728119
|Q1| =   1.127388  Q10  =  -0.058804  Q11c =   0.153794  Q11s =  -1.115300
|Q2| =   2.289319  Q20  =  -2.104853  Q21c =   0.030512  Q21s =   0.150603
                   Q22c =   0.836316  Q22s =   0.295871

C          x =  4.771650  y = -0.302200  z =  0.009950 angstrom
           Maximum rank =  2   Radius =  0.650 angstrom
                   Q00  =  -0.346171
|Q1| =   0.546778  Q10  =   0.047150  Q11c =  -0.372397  Q11s =   0.397572
|Q2| =   1.420885  Q20  =  -1.272073  Q21c =   0.033424  Q21s =   0.067328
                   Q22c =   0.307788  Q22s =   0.548052

S          x =  6.160910  y = -1.304570  z = -0.041580 angstrom
           Maximum rank =  2   Radius =  0.650 angstrom
                   Q00  =   0.713552
|Q1| =   1.085653  Q10  =   0.065603  Q11c =  -0.224241  Q11s =   1.060214
|Q2| =   2.320145  Q20  =  -2.118192  Q21c =  -0.031623  Q21s =   0.070944
                   Q22c =   0.904309  Q22s =   0.269312

C          x =  5.132970  y =  1.045440  z =  0.077310 angstrom
           Maximum rank =  2   Radius =  0.650 angstrom
                   Q00  =  -0.338287
|Q1| =   0.541838  Q10  =  -0.018537  Q11c =   0.306200  Q11s =  -0.446638
|Q2| =   1.341655  Q20  =  -1.170392  Q21c =   0.024333  Q21s =   0.082269
                   Q22c =   0.350212  Q22s =   0.547916

C          x =  6.510130  y =  1.282360  z =  0.086760 angstrom
           Maximum rank =  2   Radius =  0.650 angstrom
                   Q00  =  -0.017020
|Q1| =   0.080056  Q10  =  -0.003664  Q11c =   0.013366  Q11s =  -0.078848
|Q2| =   1.386791  Q20  =  -1.345095  Q21c =  -0.002310  Q21s =   0.111621
                   Q22c =   0.024331  Q22s =   0.317572

H          x =  6.993080  y =  2.244780  z =  0.135810 angstrom
           Maximum rank =  1   Radius =  0.350 angstrom
                   Q00  =   0.122536
|Q1| =   0.070958  Q10  =  -0.008248  Q11c =   0.034562  Q11s =  -0.061420

C          x =  7.232110  y =  0.103890  z =  0.022340 angstrom
           Maximum rank =  2   Radius =  0.650 angstrom
                   Q00  =  -0.300147
|Q1| =   0.458291  Q10  =   0.026636  Q11c =   0.206580  Q11s =   0.408223
|Q2| =   1.427974  Q20  =  -1.178150  Q21c =  -0.033547  Q21s =   0.058143
                   Q22c =   0.524487  Q22s =  -0.609491

C          x =  8.625300  y = -0.193080  z =  0.015150 angstrom
           Maximum rank =  2   Radius =  0.650 angstrom
                   Q00  =   0.012710
|Q1| =   0.044635  Q10  =  -0.000690  Q11c =   0.037948  Q11s =   0.023491
|Q2| =   1.363666  Q20  =  -1.358425  Q21c =   0.002408  Q21s =   0.007799
                   Q22c =   0.118912  Q22s =  -0.007611

H          x =  8.803630  y = -1.260220  z = -0.007510 angstrom
           Maximum rank =  1   Radius =  0.350 angstrom
                   Q00  =   0.090329
|Q1| =   0.070451  Q10  =   0.011883  Q11c =   0.025914  Q11s =   0.064425

C          x =  9.748490  y =  0.582480  z =  0.019910 angstrom
           Maximum rank =  2   Radius =  0.650 angstrom
                   Q00  =  -0.055266
|Q1| =   0.058686  Q10  =  -0.007055  Q11c =   0.040742  Q11s =   0.041646
|Q2| =   1.313274  Q20  =  -1.290746  Q21c =  -0.022970  Q21s =  -0.040224
                   Q22c =   0.123222  Q22s =   0.203312

C          x = 11.132660  y =  0.079640  z =  0.003150 angstrom
           Maximum rank =  2   Radius =  0.650 angstrom
                   Q00  =   0.031174
|Q1| =   0.041665  Q10  =   0.002291  Q11c =   0.007580  Q11s =   0.040905
|Q2| =   1.154264  Q20  =  -1.104912  Q21c =  -0.048652  Q21s =  -0.174482
                   Q22c =  -0.214775  Q22s =  -0.180428

C          x =  9.817910  y =  2.065020  z = -0.016870 angstrom
           Maximum rank =  2   Radius =  0.650 angstrom
                   Q00  =   0.195259
|Q1| =   0.032651  Q10  =  -0.000112  Q11c =  -0.024114  Q11s =   0.022013
|Q2| =   0.753632  Q20  =  -0.707642  Q21c =  -0.068479  Q21s =  -0.013289
                   Q22c =   0.063281  Q22s =  -0.241522

O          x =  8.912000  y =  2.868560  z =  0.019060 angstrom
           Maximum rank =  2   Radius =  0.650 angstrom
                   Q00  =  -0.391525
|Q1| =   0.490898  Q10  =  -0.012533  Q11c =   0.371546  Q11s =  -0.320589
|Q2| =   0.939044  Q20  =  -0.201651  Q21c =  -0.003312  Q21s =   0.056732
                   Q22c =   0.131445  Q22s =  -0.905888

C          x = 12.027080  y =  1.258890  z = -0.121180 angstrom
           Maximum rank =  2   Radius =  0.650 angstrom
                   Q00  =  -0.026146
|Q1| =   0.085944  Q10  =   0.005858  Q11c =  -0.074052  Q11s =   0.043224
|Q2| =   1.241252  Q20  =  -1.214732  Q21c =  -0.159049  Q21s =  -0.111407
                   Q22c =   0.122063  Q22s =   0.111909

C          x = 11.249880  y =  2.415880  z = -0.120180 angstrom
           Maximum rank =  2   Radius =  0.650 angstrom
                   Q00  =  -0.044674
|Q1| =   0.074174  Q10  =   0.002341  Q11c =   0.007649  Q11s =  -0.073742
|Q2| =   1.230875  Q20  =  -1.209794  Q21c =  -0.135524  Q21s =  -0.102749
                   Q22c =  -0.039594  Q22s =   0.144783

C          x = 13.411070  y =  1.374840  z = -0.224750 angstrom
           Maximum rank =  2   Radius =  0.650 angstrom
                   Q00  =  -0.006796
|Q1| =   0.082843  Q10  =   0.004591  Q11c =  -0.080059  Q11s =   0.020795
|Q2| =   1.396242  Q20  =  -1.368669  Q21c =  -0.158207  Q21s =  -0.111200
                   Q22c =  -0.105302  Q22s =  -0.166589

H          x = 14.062160  y =  0.515320  z = -0.235170 angstrom
           Maximum rank =  1   Radius =  0.350 angstrom
                   Q00  =   0.086520
|Q1| =   0.077257  Q10  =   0.008847  Q11c =  -0.073533  Q11s =   0.021981

C          x = 13.964060  y =  2.645920  z = -0.320280 angstrom
           Maximum rank =  2   Radius =  0.650 angstrom
                   Q00  =  -0.010916
|Q1| =   0.054898  Q10  =   0.005316  Q11c =  -0.051395  Q11s =  -0.018550
|Q2| =   1.336769  Q20  =  -1.303745  Q21c =  -0.181481  Q21s =  -0.094377
                   Q22c =   0.210570  Q22s =   0.031944

H          x = 15.039670  y =  2.742960  z = -0.402800 angstrom
           Maximum rank =  1   Radius =  0.350 angstrom
                   Q00  =   0.049307
|Q1| =   0.104315  Q10  =   0.008482  Q11c =  -0.102712  Q11s =  -0.016126

C          x = 11.793480  y =  3.681560  z = -0.210950 angstrom
           Maximum rank =  2   Radius =  0.650 angstrom
                   Q00  =   0.008689
|Q1| =   0.095773  Q10  =   0.005647  Q11c =  -0.022339  Q11s =  -0.092960
|Q2| =   1.335570  Q20  =  -1.313636  Q21c =  -0.151381  Q21s =  -0.083797
                   Q22c =   0.012975  Q22s =  -0.167339

H          x = 11.143970  y =  4.548020  z = -0.203030 angstrom
           Maximum rank =  1   Radius =  0.350 angstrom
                   Q00  =   0.073427
|Q1| =   0.099104  Q10  =   0.002107  Q11c =   0.025970  Q11s =  -0.095618

C          x = 13.172250  y =  3.790930  z = -0.312050 angstrom
           Maximum rank =  2   Radius =  0.650 angstrom
                   Q00  =  -0.013686
|Q1| =   0.061265  Q10  =   0.004562  Q11c =  -0.033479  Q11s =  -0.051106
|Q2| =   1.346628  Q20  =  -1.307156  Q21c =  -0.157789  Q21s =  -0.117299
                   Q22c =  -0.154912  Q22s =   0.205174

H          x = 13.637520  y =  4.766140  z = -0.386330 angstrom
           Maximum rank =  1   Radius =  0.350 angstrom
                   Q00  =   0.046190
|Q1| =   0.105031  Q10  =   0.007314  Q11c =  -0.046407  Q11s =  -0.093939

C          x = 11.567110  y = -1.210440  z =  0.112870 angstrom
           Maximum rank =  2   Radius =  0.650 angstrom
                   Q00  =  -0.019167
|Q1| =   0.027764  Q10  =   0.007283  Q11c =   0.012656  Q11s =  -0.023614
|Q2| =   1.304721  Q20  =  -1.272850  Q21c =  -0.099728  Q21s =  -0.237209
                   Q22c =  -0.100543  Q22s =  -0.076348

C          x = 12.946700  y = -1.575970  z =  0.086080 angstrom
           Maximum rank =  2   Radius =  0.650 angstrom
                   Q00  =   0.058112
|Q1| =   0.108729  Q10  =   0.008289  Q11c =  -0.107765  Q11s =  -0.011831
|Q2| =   1.213266  Q20  =  -0.711442  Q21c =  -0.046295  Q21s =  -0.012873
                   Q22c =   0.827902  Q22s =  -0.527384

N          x = 14.045530  y = -1.912140  z =  0.067130 angstrom
           Maximum rank =  2   Radius =  0.650 angstrom
                   Q00  =  -0.225582
|Q1| =   0.564183  Q10  =   0.014126  Q11c =  -0.548077  Q11s =   0.133092
|Q2| =   0.626321  Q20  =  -0.335997  Q21c =  -0.012131  Q21s =   0.000898
                   Q22c =   0.406484  Q22s =  -0.337649

C          x = 10.709970  y = -2.339000  z =  0.281230 angstrom
           Maximum rank =  2   Radius =  0.650 angstrom
                   Q00  =   0.057321
|Q1| =   0.100132  Q10  =  -0.003757  Q11c =   0.086794  Q11s =   0.049790
|Q2| =   1.203581  Q20  =  -0.701272  Q21c =  -0.141755  Q21s =  -0.208017
                   Q22c =  -0.257311  Q22s =   0.909533

N          x = 10.050440  y = -3.270730  z =  0.418340 angstrom
           Maximum rank =  2   Radius =  0.650 angstrom
                   Q00  =  -0.227371
|Q1| =   0.568164  Q10  =  -0.062898  Q11c =   0.354863  Q11s =   0.439234
|Q2| =   0.622671  Q20  =  -0.325007  Q21c =  -0.072493  Q21s =  -0.115561
                   Q22c =  -0.237574  Q22s =   0.455016

C          x =  2.628460  y = -2.526850  z =  1.188410 angstrom
           Maximum rank =  2   Radius =  0.650 angstrom
                   Q00  =  -0.062272
|Q1| =   0.079237  Q10  =   0.004243  Q11c =   0.053255  Q11s =   0.058519
|Q2| =   1.298150  Q20  =   0.517543  Q21c =  -0.409481  Q21s =  -0.558165
                   Q22c =  -0.109995  Q22s =  -0.962300

C          x =  3.619370  y = -3.507720  z =  1.182070 angstrom
           Maximum rank =  2   Radius =  0.650 angstrom
                   Q00  =  -0.053455
|Q1| =   0.103105  Q10  =   0.034422  Q11c =  -0.082399  Q11s =   0.051538
|Q2| =   1.484063  Q20  =   0.691298  Q21c =  -0.471251  Q21s =  -0.441938
                   Q22c =  -0.023268  Q22s =  -1.143075

H          x =  4.171340  y = -3.711520  z =  0.272630 angstrom
           Maximum rank =  1   Radius =  0.350 angstrom
                   Q00  =   0.078799
|Q1| =   0.100464  Q10  =   0.053298  Q11c =  -0.071795  Q11s =   0.045802

C          x =  3.903760  y = -4.242200  z =  2.320990 angstrom
           Maximum rank =  2   Radius =  0.650 angstrom
                   Q00  =  -0.030951
|Q1| =   0.076649  Q10  =   0.008338  Q11c =  -0.059708  Q11s =   0.047335
|Q2| =   1.416525  Q20  =   0.452303  Q21c =  -0.448261  Q21s =  -0.440863
                   Q22c =  -0.014940  Q22s =  -1.185936

H          x =  4.683440  y = -4.995320  z =  2.284590 angstrom
           Maximum rank =  1   Radius =  0.350 angstrom
                   Q00  =   0.052161
|Q1| =   0.113127  Q10  =   0.003996  Q11c =  -0.078286  Q11s =   0.081566

C          x =  3.210060  y = -4.028130  z =  3.509320 angstrom
           Maximum rank =  2   Radius =  0.650 angstrom
                   Q00  =  -0.075608
|Q1| =   0.121577  Q10  =  -0.099169  Q11c =  -0.021082  Q11s =   0.067098
|Q2| =   1.141713  Q20  =   0.467914  Q21c =  -0.330421  Q21s =  -0.433029
                   Q22c =  -0.024377  Q22s =  -0.887287

C          x =  2.228050  y = -3.044890  z =  3.514710 angstrom
           Maximum rank =  2   Radius =  0.650 angstrom
                   Q00  =  -0.032019
|Q1| =   0.074868  Q10  =  -0.058823  Q11c =   0.042861  Q11s =  -0.017552
|Q2| =   1.402975  Q20  =   0.580439  Q21c =  -0.536474  Q21s =  -0.393836
                   Q22c =   0.018123  Q22s =  -1.090041

H          x =  1.674590  y = -2.848190  z =  4.426500 angstrom
           Maximum rank =  1   Radius =  0.350 angstrom
                   Q00  =   0.045953
|Q1| =   0.116814  Q10  =  -0.098930  Q11c =   0.058779  Q11s =  -0.020079

C          x =  1.941120  y = -2.304260  z =  2.376410 angstrom
           Maximum rank =  2   Radius =  0.650 angstrom
                   Q00  =  -0.034286
|Q1| =   0.097449  Q10  =  -0.060188  Q11c =   0.072887  Q11s =  -0.023689
|Q2| =   1.464705  Q20  =   0.479111  Q21c =  -0.381913  Q21s =  -0.517132
                   Q22c =  -0.015538  Q22s =  -1.225678

H          x =  1.174010  y = -1.542190  z =  2.424210 angstrom
           Maximum rank =  1   Radius =  0.350 angstrom
                   Q00  =   0.076483
|Q1| =   0.099043  Q10  =  -0.059688  Q11c =   0.061854  Q11s =  -0.049204

C          x =  2.474400  y = -2.454510  z = -1.365090 angstrom
           Maximum rank =  2   Radius =  0.650 angstrom
                   Q00  =  -0.061745
|Q1| =   0.065682  Q10  =   0.000605  Q11c =  -0.054803  Q11s =   0.036198
|Q2| =   1.280858  Q20  =   0.559212  Q21c =  -0.508312  Q21s =   0.364403
                   Q22c =  -0.670288  Q22s =   0.698157

C          x =  3.050600  y = -1.918120  z = -2.510390 angstrom
           Maximum rank =  2   Radius =  0.650 angstrom
                   Q00  =  -0.036867
|Q1| =   0.101117  Q10  =   0.057198  Q11c =  -0.064382  Q11s =  -0.052991
|Q2| =   1.481058  Q20  =   0.547517  Q21c =  -0.472920  Q21s =   0.358167
                   Q22c =  -0.785154  Q22s =   0.961954

H          x =  3.508390  y = -0.937430  z = -2.476520 angstrom
           Maximum rank =  1   Radius =  0.350 angstrom
                   Q00  =   0.078367
|Q1| =   0.099985  Q10  =   0.053917  Q11c =  -0.040515  Q11s =  -0.073814

C          x =  3.045020  y = -2.620560  z = -3.708010 angstrom
           Maximum rank =  2   Radius =  0.650 angstrom
                   Q00  =  -0.031133
|Q1| =   0.076001  Q10  =   0.059046  Q11c =  -0.029675  Q11s =  -0.037538
|Q2| =   1.399646  Q20  =   0.597233  Q21c =  -0.582700  Q21s =   0.166402
                   Q22c =  -0.672660  Q22s =   0.884659

H          x =  3.504950  y = -2.176210  z = -4.583920 angstrom
           Maximum rank =  1   Radius =  0.350 angstrom
                   Q00  =   0.047636
|Q1| =   0.115946  Q10  =   0.094793  Q11c =  -0.047405  Q11s =  -0.047018

C          x =  2.464520  y = -3.878800  z = -3.804090 angstrom
           Maximum rank =  2   Radius =  0.650 angstrom
                   Q00  =  -0.076252
|Q1| =   0.122116  Q10  =   0.105448  Q11c =   0.002066  Q11s =   0.061553
|Q2| =   1.143101  Q20  =   0.502995  Q21c =  -0.414113  Q21s =   0.275718
                   Q22c =  -0.574934  Q22s =   0.689650

C          x =  1.883190  y = -4.412100  z = -2.655650 angstrom
           Maximum rank =  2   Radius =  0.650 angstrom
                   Q00  =  -0.031943
|Q1| =   0.076177  Q10  =  -0.004798  Q11c =   0.041227  Q11s =   0.063877
|Q2| =   1.408947  Q20  =   0.475363  Q21c =  -0.498744  Q21s =   0.258395
                   Q22c =  -0.762767  Q22s =   0.928350

H          x =  1.420120  y = -5.392220  z = -2.697790 angstrom
           Maximum rank =  1   Radius =  0.350 angstrom
                   Q00  =   0.047981
|Q1| =   0.115921  Q10  =   0.002619  Q11c =   0.050092  Q11s =   0.104507

C          x =  1.889100  y = -3.716720  z = -1.458750 angstrom
           Maximum rank =  2   Radius =  0.650 angstrom
                   Q00  =  -0.051571
|Q1| =   0.105088  Q10  =  -0.030745  Q11c =   0.060962  Q11s =   0.079887
|Q2| =   1.477451  Q20  =   0.723337  Q21c =  -0.500518  Q21s =   0.199690
                   Q22c =  -0.754531  Q22s =   0.894389

H          x =  1.444610  y = -4.170340  z = -0.581250 angstrom
           Maximum rank =  1   Radius =  0.350 angstrom
                   Q00  =   0.074075
|Q1| =   0.106391  Q10  =  -0.048349  Q11c =   0.061179  Q11s =   0.072377

C          x = -2.474390  y =  2.454450  z =  1.365240 angstrom
           Maximum rank =  2   Radius =  0.650 angstrom
                   Q00  =  -0.062001
|Q1| =   0.065474  Q10  =  -0.000708  Q11c =   0.054673  Q11s =  -0.036016
|Q2| =   1.281565  Q20  =   0.559698  Q21c =  -0.508697  Q21s =   0.364687
                   Q22c =  -0.670646  Q22s =   0.698292

C          x = -1.889150  y =  3.716720  z =  1.458870 angstrom
           Maximum rank =  2   Radius =  0.650 angstrom
                   Q00  =  -0.051452
|Q1| =   0.104970  Q10  =   0.030718  Q11c =  -0.061162  Q11s =  -0.079589
|Q2| =   1.476924  Q20  =   0.722736  Q21c =  -0.500273  Q21s =   0.199371
                   Q22c =  -0.754620  Q22s =   0.894138

H          x = -1.444700  y =  4.170340  z =  0.581350 angstrom
           Maximum rank =  1   Radius =  0.350 angstrom
                   Q00  =   0.074252
|Q1| =   0.106199  Q10  =   0.048289  Q11c =  -0.061130  Q11s =  -0.072177

C          x = -1.883260  y =  4.412110  z =  2.655740 angstrom
           Maximum rank =  2   Radius =  0.650 angstrom
                   Q00  =  -0.031564
|Q1| =   0.075983  Q10  =   0.004783  Q11c =  -0.041380  Q11s =  -0.063547
|Q2| =   1.407642  Q20  =   0.474966  Q21c =  -0.498131  Q21s =   0.258178
                   Q22c =  -0.762313  Q22s =   0.927335

H          x = -1.420270  y =  5.392260  z =  2.697860 angstrom
           Maximum rank =  1   Radius =  0.350 angstrom
                   Q00  =   0.048490
|Q1| =   0.115481  Q10  =  -0.002571  Q11c =  -0.049959  Q11s =  -0.104084

C          x = -2.464570  y =  3.878790  z =  3.804220 angstrom
           Maximum rank =  2   Radius =  0.650 angstrom
                   Q00  =  -0.075965
|Q1| =   0.122122  Q10  =  -0.105545  Q11c =  -0.002229  Q11s =  -0.061394
|Q2| =   1.142168  Q20  =   0.502356  Q21c =  -0.413778  Q21s =   0.275361
                   Q22c =  -0.574613  Q22s =   0.689181

C          x = -3.045030  y =  2.620550  z =  3.708160 angstrom
           Maximum rank =  2   Radius =  0.650 angstrom
                   Q00  =  -0.031255
|Q1| =   0.076092  Q10  =  -0.059086  Q11c =   0.029523  Q11s =   0.037778
|Q2| =   1.399924  Q20  =   0.597559  Q21c =  -0.582864  Q21s =   0.166588
                   Q22c =  -0.672633  Q22s =   0.884755

H          x = -3.504970  y =  2.176220  z =  4.584060 angstrom
           Maximum rank =  1   Radius =  0.350 angstrom
                   Q00  =   0.047480
|Q1| =   0.116079  Q10  =  -0.094862  Q11c =   0.047449  Q11s =   0.047161

C          x = -3.050580  y =  1.918080  z =  2.510530 angstrom
           Maximum rank =  2   Radius =  0.650 angstrom
                   Q00  =  -0.037188
|Q1| =   0.101178  Q10  =  -0.057265  Q11c =   0.064191  Q11s =   0.053265
|Q2| =   1.482098  Q20  =   0.547747  Q21c =  -0.473255  Q21s =   0.358525
                   Q22c =  -0.785619  Q22s =   0.962746

H          x = -3.508350  y =  0.937380  z =  2.476680 angstrom
           Maximum rank =  1   Radius =  0.350 angstrom
                   Q00  =   0.078047
|Q1| =   0.100205  Q10  =  -0.053975  Q11c =   0.040571  Q11s =   0.074039

C          x = -2.628440  y =  2.526850  z = -1.188240 angstrom
           Maximum rank =  2   Radius =  0.650 angstrom
                   Q00  =  -0.062513
|Q1| =   0.078922  Q10  =  -0.004122  Q11c =  -0.053102  Q11s =  -0.058240
|Q2| =   1.298784  Q20  =   0.517941  Q21c =  -0.409659  Q21s =  -0.558478
                   Q22c =  -0.110458  Q22s =  -0.962631

C          x = -3.619200  y =  3.507860  z = -1.181790 angstrom
           Maximum rank =  2   Radius =  0.650 angstrom
                   Q00  =  -0.053404
|Q1| =   0.103058  Q10  =  -0.034361  Q11c =   0.082619  Q11s =  -0.051130
|Q2| =   1.483691  Q20  =   0.690964  Q21c =  -0.471137  Q21s =  -0.441351
                   Q22c =  -0.023736  Q22s =  -1.143059

H          x = -4.171050  y =  3.711730  z = -0.272290 angstrom
           Maximum rank =  1   Radius =  0.350 angstrom
                   Q00  =   0.078889
|Q1| =   0.100344  Q10  =  -0.053257  Q11c =   0.071748  Q11s =  -0.045660

C          x = -3.903590  y =  4.242400  z = -2.320670 angstrom
           Maximum rank =  2   Radius =  0.650 angstrom
                   Q00  =  -0.030644
|Q1| =   0.076539  Q10  =  -0.008273  Q11c =   0.059915  Q11s =  -0.046904
|Q2| =   1.415328  Q20  =   0.451968  Q21c =  -0.447821  Q21s =  -0.440335
                   Q22c =  -0.015603  Q22s =  -1.184988

H          x = -4.683170  y =  4.995630  z = -2.284180 angstrom
           Maximum rank =  1   Radius =  0.350 angstrom
                   Q00  =   0.052548
|Q1| =   0.112792  Q10  =  -0.004011  Q11c =   0.078110  Q11s =  -0.081270

C          x = -3.210030  y =  4.028250  z = -3.509070 angstrom
           Maximum rank =  2   Radius =  0.650 angstrom
                   Q00  =  -0.075295
|Q1| =   0.121579  Q10  =   0.099315  Q11c =   0.021294  Q11s =  -0.066817
|Q2| =   1.140695  Q20  =   0.467330  Q21c =  -0.330279  Q21s =  -0.432403
                   Q22c =  -0.024655  Q22s =  -0.886637

C          x = -2.228160  y =  3.044880  z = -3.514560 angstrom
           Maximum rank =  2   Radius =  0.650 angstrom
                   Q00  =  -0.032041
|Q1| =   0.074893  Q10  =   0.058880  Q11c =  -0.042664  Q11s =   0.017941
|Q2| =   1.402962  Q20  =   0.580656  Q21c =  -0.536466  Q21s =  -0.394003
                   Q22c =   0.017836  Q22s =  -1.089858

H          x = -1.674810  y =  2.848120  z = -4.426410 angstrom
           Maximum rank =  1   Radius =  0.350 angstrom
                   Q00  =   0.045926
|Q1| =   0.116841  Q10  =   0.098935  Q11c =  -0.058780  Q11s =   0.020213

C          x = -1.941230  y =  2.304190  z = -2.376300 angstrom
           Maximum rank =  2   Radius =  0.650 angstrom
                   Q00  =  -0.034520
|Q1| =   0.097451  Q10  =   0.060285  Q11c =  -0.072684  Q11s =   0.024073
|Q2| =   1.465510  Q20  =   0.479308  Q21c =  -0.382117  Q21s =  -0.517314
                   Q22c =  -0.015691  Q22s =  -1.226422

H          x = -1.174230  y =  1.542020  z = -2.424180 angstrom
           Maximum rank =  1   Radius =  0.350 angstrom
                   Q00  =   0.076214
|Q1| =   0.099215  Q10  =   0.059739  Q11c =  -0.061931  Q11s =   0.049389

C          x =  3.503080  y = -4.849550  z =  4.735340 angstrom
           Maximum rank =  2   Radius =  0.650 angstrom
                   Q00  =   0.023454
|Q1| =   0.023464  Q10  =  -0.014593  Q11c =  -0.001964  Q11s =   0.018268
|Q2| =   0.103497  Q20  =   0.064136  Q21c =   0.023400  Q21s =  -0.071164
                   Q22c =  -0.008193  Q22s =  -0.030319

H          x =  3.002230  y = -5.820520  z =  4.684620 angstrom
           Maximum rank =  1   Radius =  0.350 angstrom
                   Q00  =   0.031121
|Q1| =   0.123959  Q10  =  -0.035511  Q11c =   0.036034  Q11s =   0.113165

H          x =  3.158920  y = -4.347950  z =  5.640740 angstrom
           Maximum rank =  1   Radius =  0.350 angstrom
                   Q00  =   0.024608
|Q1| =   0.124992  Q10  =  -0.121749  Q11c =   0.021587  Q11s =  -0.018283

H          x =  4.572940  y = -5.039300  z =  4.838380 angstrom
           Maximum rank =  1   Radius =  0.350 angstrom
                   Q00  =   0.029069
|Q1| =   0.122864  Q10  =  -0.050613  Q11c =  -0.103148  Q11s =   0.043525

C          x =  2.484770  y = -4.654810  z = -5.092940 angstrom
           Maximum rank =  2   Radius =  0.650 angstrom
                   Q00  =   0.023281
|Q1| =   0.022897  Q10  =   0.015484  Q11c =  -0.002042  Q11s =   0.016744
|Q2| =   0.105295  Q20  =   0.074050  Q21c =   0.001962  Q21s =   0.070006
                   Q22c =  -0.019365  Q22s =   0.017997

H          x =  3.288150  y = -5.396840  z = -5.089490 angstrom
           Maximum rank =  1   Radius =  0.350 angstrom
                   Q00  =   0.032657
|Q1| =   0.122832  Q10  =   0.041878  Q11c =  -0.071300  Q11s =   0.090831

H          x =  2.646150  y = -3.998460  z = -5.949000 angstrom
           Maximum rank =  1   Radius =  0.350 angstrom
                   Q00  =   0.025041
|Q1| =   0.124686  Q10  =   0.119180  Q11c =  -0.014358  Q11s =  -0.033714

H          x =  1.546400  y = -5.190370  z = -5.248400 angstrom
           Maximum rank =  1   Radius =  0.350 angstrom
                   Q00  =   0.026784
|Q1| =   0.124634  Q10  =   0.056616  Q11c =   0.083639  Q11s =   0.073025

C          x = -2.484610  y =  4.654840  z =  5.093060 angstrom
           Maximum rank =  2   Radius =  0.650 angstrom
                   Q00  =   0.023302
|Q1| =   0.022662  Q10  =  -0.015386  Q11c =   0.001924  Q11s =  -0.016527
|Q2| =   0.105952  Q20  =   0.074530  Q21c =   0.001649  Q21s =   0.070344
                   Q22c =  -0.019854  Q22s =   0.018051

H          x = -3.284810  y =  5.400270  z =  5.087750 angstrom
           Maximum rank =  1   Radius =  0.350 angstrom
                   Q00  =   0.033073
|Q1| =   0.122456  Q10  =  -0.041637  Q11c =   0.070860  Q11s =  -0.090778

H          x = -1.544340  y =  5.186430  z =  5.250740 angstrom
           Maximum rank =  1   Radius =  0.350 angstrom
                   Q00  =   0.027133
|Q1| =   0.124330  Q10  =  -0.056727  Q11c =  -0.083669  Q11s =  -0.072384

H          x = -2.650720  y =  3.999130  z =  5.948690 angstrom
           Maximum rank =  1   Radius =  0.350 angstrom
                   Q00  =   0.024920
|Q1| =   0.124723  Q10  =  -0.119134  Q11c =   0.014774  Q11s =   0.033832

C          x = -3.503080  y =  4.849710  z = -4.735060 angstrom
           Maximum rank =  2   Radius =  0.650 angstrom
                   Q00  =   0.023473
|Q1| =   0.023199  Q10  =   0.014534  Q11c =   0.001990  Q11s =  -0.017972
|Q2| =   0.104282  Q20  =   0.064561  Q21c =   0.023286  Q21s =  -0.071682
                   Q22c =  -0.008427  Q22s =  -0.030905

H          x = -3.158420  y =  4.348420  z = -5.640430 angstrom
           Maximum rank =  1   Radius =  0.350 angstrom
                   Q00  =   0.024568
|Q1| =   0.124973  Q10  =   0.121701  Q11c =  -0.021624  Q11s =   0.018422

H          x = -3.002720  y =  5.820920  z = -4.684030 angstrom
           Maximum rank =  1   Radius =  0.350 angstrom
                   Q00  =   0.031653
|Q1| =   0.123496  Q10  =   0.035409  Q11c =  -0.035888  Q11s =  -0.112736

H          x = -4.573010  y =  5.038970  z = -4.838370 angstrom
           Maximum rank =  1   Radius =  0.350 angstrom
                   Q00  =   0.029273
|Q1| =   0.122658  Q10  =   0.050573  Q11c =   0.103033  Q11s =  -0.043261

Total multipoles referred to origin at
           x =   0.000000,  y =    0.000000,  z =    0.000000 angstrom
                   Q00  =  -0.000002
|Q1| =   0.098717  Q10  =  -0.001868  Q11c =   0.011401  Q11s =   0.098038
|Q2| = 200.890085  Q20  =  74.802178  Q21c = -24.613378  Q21s =   1.844044
                   Q22c =-118.469002  Q22s = 141.835599

CPU time used:     67m18.416s          Total:     67m18.416s

Finished at 15:58:27 on 28 Jun 2021 
