                                     G D M A

                                 by Anthony Stone

                         version 2.2.11, 04 February 2015

               Distributed Multipoles from Gaussian wavefunctions


Starting at 14:50:50 on 28 Jun 2021 

s1S0



Using CI density matrix from file sN_z.fchk


                         Distributed Multipole Analysis

Standard DMA for products of primitives with exponent greater than 4.00000
Using 80-point Euler-MacLaurin radial quadrature
Using 590-point Lebedev quadrature
Becke smoothing parameter = 3

Positions and radii in angstrom
Multipole moments in atomic units, ea_0^k for rank k

C          x = -8.625280  y =  0.193040  z = -0.015150 angstrom
           Maximum rank =  2   Radius =  0.650 angstrom
                   Q00  =   0.012714
|Q1| =   0.044645  Q10  =   0.000376  Q11c =  -0.037996  Q11s =  -0.023439
|Q2| =   1.363562  Q20  =  -1.358318  Q21c =   0.002444  Q21s =   0.007643
                   Q22c =   0.118961  Q22s =  -0.007531

H          x = -8.803600  y =  1.260170  z =  0.007490 angstrom
           Maximum rank =  1   Radius =  0.350 angstrom
                   Q00  =   0.090402
|Q1| =   0.070417  Q10  =  -0.011934  Q11c =  -0.025897  Q11s =  -0.064385

C          x = -9.748470  y = -0.582520  z = -0.019920 angstrom
           Maximum rank =  2   Radius =  0.650 angstrom
                   Q00  =  -0.055328
|Q1| =   0.058554  Q10  =   0.006783  Q11c =  -0.040719  Q11s =  -0.041527
|Q2| =   1.313529  Q20  =  -1.291010  Q21c =  -0.022969  Q21s =  -0.040342
                   Q22c =   0.123133  Q22s =   0.203309

C          x =-11.132630  y = -0.079660  z = -0.003190 angstrom
           Maximum rank =  2   Radius =  0.650 angstrom
                   Q00  =   0.031010
|Q1| =   0.041750  Q10  =  -0.002530  Q11c =  -0.007578  Q11s =  -0.040978
|Q2| =   1.154672  Q20  =  -1.105327  Q21c =  -0.048684  Q21s =  -0.174758
                   Q22c =  -0.214749  Q22s =  -0.180257

C          x = -9.817920  y = -2.065060  z =  0.016930 angstrom
           Maximum rank =  2   Radius =  0.650 angstrom
                   Q00  =   0.195180
|Q1| =   0.032685  Q10  =  -0.000147  Q11c =   0.024104  Q11s =  -0.022074
|Q2| =   0.753885  Q20  =  -0.707886  Q21c =  -0.068537  Q21s =  -0.013316
                   Q22c =   0.063423  Q22s =  -0.241545

O          x = -8.912030  y = -2.868630  z = -0.019000 angstrom
           Maximum rank =  2   Radius =  0.650 angstrom
                   Q00  =  -0.391889
|Q1| =   0.491147  Q10  =   0.012289  Q11c =  -0.371603  Q11s =   0.320914
|Q2| =   0.939204  Q20  =  -0.201770  Q21c =  -0.003362  Q21s =   0.056818
                   Q22c =   0.131524  Q22s =  -0.906011

C          x =-12.027070  y = -1.258880  z =  0.121240 angstrom
           Maximum rank =  2   Radius =  0.650 angstrom
                   Q00  =  -0.026007
|Q1| =   0.085929  Q10  =  -0.006126  Q11c =   0.074048  Q11s =  -0.043165
|Q2| =   1.240880  Q20  =  -1.214351  Q21c =  -0.159033  Q21s =  -0.111504
                   Q22c =   0.122150  Q22s =   0.111753

C          x =-11.249890  y = -2.415880  z =  0.120280 angstrom
           Maximum rank =  2   Radius =  0.650 angstrom
                   Q00  =  -0.044715
|Q1| =   0.074236  Q10  =  -0.002612  Q11c =  -0.007662  Q11s =   0.073793
|Q2| =   1.230978  Q20  =  -1.209870  Q21c =  -0.135609  Q21s =  -0.102834
                   Q22c =  -0.039637  Q22s =   0.144865

C          x =-13.411060  y = -1.374800  z =  0.224850 angstrom
           Maximum rank =  2   Radius =  0.650 angstrom
                   Q00  =  -0.006764
|Q1| =   0.082847  Q10  =  -0.004932  Q11c =   0.080052  Q11s =  -0.020760
|Q2| =   1.396060  Q20  =  -1.368491  Q21c =  -0.158083  Q21s =  -0.111404
                   Q22c =  -0.105348  Q22s =  -0.166487

H          x =-14.062140  y = -0.515260  z =  0.235240 angstrom
           Maximum rank =  1   Radius =  0.350 angstrom
                   Q00  =   0.086597
|Q1| =   0.077243  Q10  =  -0.008906  Q11c =   0.073521  Q11s =  -0.021951

C          x =-13.964070  y = -2.645870  z =  0.320460 angstrom
           Maximum rank =  2   Radius =  0.650 angstrom
                   Q00  =  -0.011054
|Q1| =   0.054983  Q10  =  -0.005674  Q11c =   0.051409  Q11s =   0.018654
|Q2| =   1.337260  Q20  =  -1.304229  Q21c =  -0.181440  Q21s =  -0.094486
                   Q22c =   0.210708  Q22s =   0.031676

H          x =-15.039680  y = -2.742880  z =  0.403020 angstrom
           Maximum rank =  1   Radius =  0.350 angstrom
                   Q00  =   0.049190
|Q1| =   0.104416  Q10  =  -0.008563  Q11c =   0.102795  Q11s =   0.016201

C          x =-11.793520  y = -3.681550  z =  0.211140 angstrom
           Maximum rank =  2   Radius =  0.650 angstrom
                   Q00  =   0.008438
|Q1| =   0.095924  Q10  =  -0.005999  Q11c =   0.022363  Q11s =   0.093088
|Q2| =   1.336464  Q20  =  -1.314494  Q21c =  -0.151589  Q21s =  -0.083775
                   Q22c =   0.013233  Q22s =  -0.167536

H          x =-11.144030  y = -4.548020  z =  0.203250 angstrom
           Maximum rank =  1   Radius =  0.350 angstrom
                   Q00  =   0.073177
|Q1| =   0.099323  Q10  =  -0.002180  Q11c =  -0.026024  Q11s =   0.095829

C          x =-13.172290  y = -3.790890  z =  0.312280 angstrom
           Maximum rank =  2   Radius =  0.650 angstrom
                   Q00  =  -0.014041
|Q1| =   0.061396  Q10  =  -0.004923  Q11c =   0.033482  Q11s =   0.051228
|Q2| =   1.347837  Q20  =  -1.308345  Q21c =  -0.157926  Q21s =  -0.117388
                   Q22c =  -0.154950  Q22s =   0.205345

H          x =-13.637570  y = -4.766090  z =  0.386630 angstrom
           Maximum rank =  1   Radius =  0.350 angstrom
                   Q00  =   0.045858
|Q1| =   0.105304  Q10  =  -0.007407  Q11c =   0.046501  Q11s =   0.094189

C          x =-11.567050  y =  1.210430  z = -0.113040 angstrom
           Maximum rank =  2   Radius =  0.650 angstrom
                   Q00  =  -0.018865
|Q1| =   0.027930  Q10  =  -0.007561  Q11c =  -0.012658  Q11s =   0.023721
|Q2| =   1.303908  Q20  =  -1.272002  Q21c =  -0.099662  Q21s =  -0.237296
                   Q22c =  -0.100512  Q22s =  -0.076432

C          x =-12.946630  y =  1.575990  z = -0.086280 angstrom
           Maximum rank =  2   Radius =  0.650 angstrom
                   Q00  =   0.058127
|Q1| =   0.108874  Q10  =  -0.008630  Q11c =   0.107857  Q11s =   0.012080
|Q2| =   1.213159  Q20  =  -0.711388  Q21c =  -0.046219  Q21s =  -0.012891
                   Q22c =   0.827778  Q22s =  -0.527411

N          x =-14.045460  y =  1.912200  z = -0.067350 angstrom
           Maximum rank =  2   Radius =  0.650 angstrom
                   Q00  =  -0.225193
|Q1| =   0.563985  Q10  =  -0.014479  Q11c =   0.547950  Q11s =  -0.132741
|Q2| =   0.626136  Q20  =  -0.335765  Q21c =  -0.011863  Q21s =   0.000867
                   Q22c =   0.406246  Q22s =  -0.337834

C          x =-10.709870  y =  2.338940  z = -0.281530 angstrom
           Maximum rank =  2   Radius =  0.650 angstrom
                   Q00  =   0.057289
|Q1| =   0.100254  Q10  =   0.003467  Q11c =  -0.086979  Q11s =  -0.049735
|Q2| =   1.203542  Q20  =  -0.701164  Q21c =  -0.141868  Q21s =  -0.208174
                   Q22c =  -0.257240  Q22s =   0.909531

N          x =-10.050300  y =  3.270620  z = -0.418740 angstrom
           Maximum rank =  2   Radius =  0.650 angstrom
                   Q00  =  -0.226624
|Q1| =   0.567731  Q10  =   0.062579  Q11c =  -0.354822  Q11s =  -0.438752
|Q2| =   0.622380  Q20  =  -0.324607  Q21c =  -0.072611  Q21s =  -0.115728
                   Q22c =  -0.237604  Q22s =   0.454826

C          x = -7.232090  y = -0.103940  z = -0.022310 angstrom
           Maximum rank =  2   Radius =  0.650 angstrom
                   Q00  =  -0.300120
|Q1| =   0.458288  Q10  =  -0.026976  Q11c =  -0.206575  Q11s =  -0.408199
|Q2| =   1.427839  Q20  =  -1.177958  Q21c =  -0.033531  Q21s =   0.058017
                   Q22c =   0.524433  Q22s =  -0.609606

S          x = -6.160890  y =  1.304520  z =  0.041650 angstrom
           Maximum rank =  2   Radius =  0.650 angstrom
                   Q00  =   0.714007
|Q1| =   1.085044  Q10  =  -0.066108  Q11c =   0.224210  Q11s =  -1.059565
|Q2| =   2.319331  Q20  =  -2.117596  Q21c =  -0.031291  Q21s =   0.070745
                   Q22c =   0.903709  Q22s =   0.269090

C          x = -6.510100  y = -1.282400  z = -0.086720 angstrom
           Maximum rank =  2   Radius =  0.650 angstrom
                   Q00  =  -0.017205
|Q1| =   0.080196  Q10  =   0.003334  Q11c =  -0.013422  Q11s =   0.078995
|Q2| =   1.387392  Q20  =  -1.345648  Q21c =  -0.002250  Q21s =   0.111823
                   Q22c =   0.024468  Q22s =   0.317775

H          x = -6.993050  y = -2.244830  z = -0.135790 angstrom
           Maximum rank =  1   Radius =  0.350 angstrom
                   Q00  =   0.122405
|Q1| =   0.071048  Q10  =   0.008208  Q11c =  -0.034588  Q11s =   0.061515

C          x = -5.132950  y = -1.045480  z = -0.077250 angstrom
           Maximum rank =  2   Radius =  0.650 angstrom
                   Q00  =  -0.338353
|Q1| =   0.541909  Q10  =   0.018217  Q11c =  -0.306147  Q11s =   0.446775
|Q2| =   1.341899  Q20  =  -1.170616  Q21c =   0.024320  Q21s =   0.082466
                   Q22c =   0.350471  Q22s =   0.547841

C          x = -4.771620  y =  0.302160  z = -0.009860 angstrom
           Maximum rank =  2   Radius =  0.650 angstrom
                   Q00  =  -0.346097
|Q1| =   0.546738  Q10  =  -0.047466  Q11c =   0.372424  Q11s =  -0.397454
|Q2| =   1.420768  Q20  =  -1.271942  Q21c =   0.033579  Q21s =   0.067309
                   Q22c =   0.307652  Q22s =   0.548122

S          x = -3.736650  y = -2.095060  z = -0.130570 angstrom
           Maximum rank =  2   Radius =  0.650 angstrom
                   Q00  =   0.727508
|Q1| =   1.128299  Q10  =   0.058298  Q11c =  -0.153854  Q11s =   1.116239
|Q2| =   2.290413  Q20  =  -2.105604  Q21c =   0.030568  Q21s =   0.151115
                   Q22c =   0.837287  Q22s =   0.295981

C          x = -3.371680  y =  0.489500  z =  0.013470 angstrom
           Maximum rank =  2   Radius =  0.650 angstrom
                   Q00  =  -0.065598
|Q1| =   0.098444  Q10  =  -0.053171  Q11c =   0.076981  Q11s =  -0.030629
|Q2| =   1.263298  Q20  =  -1.236188  Q21c =   0.018842  Q21s =   0.073999
                   Q22c =   0.122606  Q22s =   0.216559

C          x = -2.709580  y = -0.704220  z = -0.048630 angstrom
           Maximum rank =  2   Radius =  0.650 angstrom
                   Q00  =  -0.324723
|Q1| =   0.620097  Q10  =   0.019373  Q11c =   0.226697  Q11s =   0.576848
|Q2| =   1.365190  Q20  =  -1.233615  Q21c =  -0.000619  Q21s =   0.077284
                   Q22c =   0.507084  Q22s =  -0.280770

C          x = -1.274570  y = -0.498490  z = -0.034790 angstrom
           Maximum rank =  2   Radius =  0.650 angstrom
                   Q00  =  -0.025125
|Q1| =   0.121456  Q10  =   0.011732  Q11c =   0.009434  Q11s =   0.120520
|Q2| =   1.281074  Q20  =  -1.238082  Q21c =   0.002373  Q21s =   0.093720
                   Q22c =   0.172304  Q22s =  -0.264246

C          x = -1.064730  y =  0.891310  z =  0.023980 angstrom
           Maximum rank =  2   Radius =  0.650 angstrom
                   Q00  =  -0.036749
|Q1| =   0.088983  Q10  =   0.039402  Q11c =  -0.049788  Q11s =  -0.062342
|Q2| =   1.235895  Q20  =  -1.220567  Q21c =   0.011634  Q21s =   0.103989
                   Q22c =   0.163237  Q22s =  -0.007502

C          x = -2.398400  y =  1.656840  z =  0.056900 angstrom
           Maximum rank =  2   Radius =  0.650 angstrom
                   Q00  =  -0.006816
|Q1| =   0.063057  Q10  =  -0.001463  Q11c =   0.000700  Q11s =  -0.063036
|Q2| =   0.176916  Q20  =   0.004464  Q21c =   0.081422  Q21s =   0.024344
                   Q22c =  -0.145594  Q22s =  -0.053473

C          x =  0.216340  y =  1.401870  z =  0.062950 angstrom
           Maximum rank =  2   Radius =  0.650 angstrom
                   Q00  =  -0.014965
|Q1| =   0.105113  Q10  =   0.021826  Q11c =  -0.016549  Q11s =  -0.101482
|Q2| =   1.441404  Q20  =  -1.433764  Q21c =   0.005303  Q21s =   0.142840
                   Q22c =   0.006990  Q22s =  -0.038538

H          x =  0.394920  y =  2.468940  z =  0.113690 angstrom
           Maximum rank =  1   Radius =  0.350 angstrom
                   Q00  =   0.083984
|Q1| =   0.103469  Q10  =   0.000329  Q11c =  -0.038371  Q11s =  -0.096090

C          x =  1.274600  y =  0.498460  z =  0.034920 angstrom
           Maximum rank =  2   Radius =  0.650 angstrom
                   Q00  =  -0.025136
|Q1| =   0.121495  Q10  =  -0.012266  Q11c =  -0.009430  Q11s =  -0.120506
|Q2| =   1.281085  Q20  =  -1.238097  Q21c =   0.002370  Q21s =   0.093596
                   Q22c =   0.172324  Q22s =  -0.264261

C          x = -0.216320  y = -1.401900  z = -0.062820 angstrom
           Maximum rank =  2   Radius =  0.650 angstrom
                   Q00  =  -0.014945
|Q1| =   0.105269  Q10  =  -0.022464  Q11c =   0.016569  Q11s =   0.101501
|Q2| =   1.441312  Q20  =  -1.433643  Q21c =   0.005476  Q21s =   0.143109
                   Q22c =   0.007045  Q22s =  -0.038572

H          x = -0.394890  y = -2.468970  z = -0.113560 angstrom
           Maximum rank =  1   Radius =  0.350 angstrom
                   Q00  =   0.084011
|Q1| =   0.103467  Q10  =  -0.000429  Q11c =   0.038367  Q11s =   0.096089

C          x =  1.064760  y = -0.891350  z = -0.023840 angstrom
           Maximum rank =  2   Radius =  0.650 angstrom
                   Q00  =  -0.036732
|Q1| =   0.089210  Q10  =  -0.039915  Q11c =   0.049775  Q11s =   0.062352
|Q2| =   1.235710  Q20  =  -1.220387  Q21c =   0.011695  Q21s =   0.103926
                   Q22c =   0.163220  Q22s =  -0.007480

C          x =  2.398430  y = -1.656870  z = -0.056750 angstrom
           Maximum rank =  2   Radius =  0.650 angstrom
                   Q00  =  -0.006814
|Q1| =   0.063065  Q10  =   0.001455  Q11c =  -0.000724  Q11s =   0.063044
|Q2| =   0.176876  Q20  =   0.004416  Q21c =   0.081514  Q21s =   0.023855
                   Q22c =  -0.145623  Q22s =  -0.053348

C          x =  2.709610  y =  0.704190  z =  0.048750 angstrom
           Maximum rank =  2   Radius =  0.650 angstrom
                   Q00  =  -0.324738
|Q1| =   0.620082  Q10  =  -0.019999  Q11c =  -0.226687  Q11s =  -0.576815
|Q2| =   1.365211  Q20  =  -1.233678  Q21c =  -0.000756  Q21s =   0.076936
                   Q22c =   0.507070  Q22s =  -0.280714

C          x =  3.371700  y = -0.489540  z = -0.013350 angstrom
           Maximum rank =  2   Radius =  0.650 angstrom
                   Q00  =  -0.065597
|Q1| =   0.098190  Q10  =   0.052666  Q11c =  -0.077000  Q11s =   0.030635
|Q2| =   1.263426  Q20  =  -1.236322  Q21c =   0.018802  Q21s =   0.073889
                   Q22c =   0.122594  Q22s =   0.216587

S          x =  3.736680  y =  2.095020  z =  0.130650 angstrom
           Maximum rank =  2   Radius =  0.650 angstrom
                   Q00  =   0.727434
|Q1| =   1.128434  Q10  =  -0.059388  Q11c =   0.153862  Q11s =  -1.116317
|Q2| =   2.290558  Q20  =  -2.105789  Q21c =   0.030561  Q21s =   0.150163
                   Q22c =   0.837379  Q22s =   0.296009

C          x =  4.771650  y = -0.302200  z =  0.009950 angstrom
           Maximum rank =  2   Radius =  0.650 angstrom
                   Q00  =  -0.346104
|Q1| =   0.546703  Q10  =   0.046849  Q11c =  -0.372411  Q11s =   0.397492
|Q2| =   1.420764  Q20  =  -1.271948  Q21c =   0.033311  Q21s =   0.067380
                   Q22c =   0.307636  Q22s =   0.548115

S          x =  6.160910  y = -1.304570  z = -0.041580 angstrom
           Maximum rank =  2   Radius =  0.650 angstrom
                   Q00  =   0.714034
|Q1| =   1.084965  Q10  =   0.065006  Q11c =  -0.224185  Q11s =   1.059559
|Q2| =   2.319295  Q20  =  -2.117556  Q21c =  -0.031763  Q21s =   0.071394
                   Q22c =   0.903630  Q22s =   0.269135

C          x =  5.132970  y =  1.045440  z =  0.077310 angstrom
           Maximum rank =  2   Radius =  0.650 angstrom
                   Q00  =  -0.338373
|Q1| =   0.541913  Q10  =  -0.018860  Q11c =   0.306133  Q11s =  -0.446762
|Q2| =   1.341939  Q20  =  -1.170695  Q21c =   0.024379  Q21s =   0.082135
                   Q22c =   0.350481  Q22s =   0.547812

C          x =  6.510130  y =  1.282360  z =  0.086760 angstrom
           Maximum rank =  2   Radius =  0.650 angstrom
                   Q00  =  -0.017223
|Q1| =   0.080196  Q10  =  -0.003990  Q11c =   0.013429  Q11s =  -0.078963
|Q2| =   1.387481  Q20  =  -1.345753  Q21c =  -0.002334  Q21s =   0.111528
                   Q22c =   0.024455  Q22s =   0.317824

H          x =  6.993080  y =  2.244780  z =  0.135810 angstrom
           Maximum rank =  1   Radius =  0.350 angstrom
                   Q00  =   0.122384
|Q1| =   0.071069  Q10  =  -0.008306  Q11c =   0.034590  Q11s =  -0.061524

C          x =  7.232110  y =  0.103890  z =  0.022340 angstrom
           Maximum rank =  2   Radius =  0.650 angstrom
                   Q00  =  -0.300122
|Q1| =   0.458262  Q10  =   0.026311  Q11c =   0.206571  Q11s =   0.408216
|Q2| =   1.427836  Q20  =  -1.177951  Q21c =  -0.033522  Q21s =   0.058230
                   Q22c =   0.524431  Q22s =  -0.609594

C          x =  8.625300  y = -0.193080  z =  0.015150 angstrom
           Maximum rank =  2   Radius =  0.650 angstrom
                   Q00  =   0.012714
|Q1| =   0.044660  Q10  =  -0.001012  Q11c =   0.037992  Q11s =   0.023455
|Q2| =   1.363519  Q20  =  -1.358272  Q21c =   0.002416  Q21s =   0.007946
                   Q22c =   0.118971  Q22s =  -0.007534

H          x =  8.803630  y = -1.260220  z = -0.007510 angstrom
           Maximum rank =  1   Radius =  0.350 angstrom
                   Q00  =   0.090417
|Q1| =   0.070387  Q10  =   0.011823  Q11c =   0.025899  Q11s =   0.064373

C          x =  9.748490  y =  0.582480  z =  0.019910 angstrom
           Maximum rank =  2   Radius =  0.650 angstrom
                   Q00  =  -0.055347
|Q1| =   0.058619  Q10  =  -0.007347  Q11c =   0.040713  Q11s =   0.041530
|Q2| =   1.313564  Q20  =  -1.291051  Q21c =  -0.022963  Q21s =  -0.040208
                   Q22c =   0.123139  Q22s =   0.203300

C          x = 11.132660  y =  0.079640  z =  0.003150 angstrom
           Maximum rank =  2   Radius =  0.650 angstrom
                   Q00  =   0.031046
|Q1| =   0.041663  Q10  =   0.002003  Q11c =   0.007570  Q11s =   0.040920
|Q2| =   1.154590  Q20  =  -1.105266  Q21c =  -0.048677  Q21s =  -0.174531
                   Q22c =  -0.214767  Q22s =  -0.180303

C          x =  9.817910  y =  2.065020  z = -0.016870 angstrom
           Maximum rank =  2   Radius =  0.650 angstrom
                   Q00  =   0.195181
|Q1| =   0.032709  Q10  =  -0.000393  Q11c =  -0.024149  Q11s =   0.022059
|Q2| =   0.753885  Q20  =  -0.707886  Q21c =  -0.068495  Q21s =  -0.013314
                   Q22c =   0.063423  Q22s =  -0.241555

O          x =  8.912000  y =  2.868560  z =  0.019060 angstrom
           Maximum rank =  2   Radius =  0.650 angstrom
                   Q00  =  -0.391913
|Q1| =   0.491164  Q10  =  -0.012781  Q11c =   0.371607  Q11s =  -0.320916
|Q2| =   0.939190  Q20  =  -0.201799  Q21c =  -0.003267  Q21s =   0.056694
                   Q22c =   0.131587  Q22s =  -0.905988

C          x = 12.027080  y =  1.258890  z = -0.121180 angstrom
           Maximum rank =  2   Radius =  0.650 angstrom
                   Q00  =  -0.026022
|Q1| =   0.085904  Q10  =   0.005569  Q11c =  -0.074078  Q11s =   0.043139
|Q2| =   1.240924  Q20  =  -1.214411  Q21c =  -0.159049  Q21s =  -0.111337
                   Q22c =   0.122108  Q22s =   0.111780

C          x = 11.249880  y =  2.415880  z = -0.120180 angstrom
           Maximum rank =  2   Radius =  0.650 angstrom
                   Q00  =  -0.044727
|Q1| =   0.074233  Q10  =   0.002047  Q11c =   0.007642  Q11s =  -0.073810
|Q2| =   1.231016  Q20  =  -1.209918  Q21c =  -0.135529  Q21s =  -0.102818
                   Q22c =  -0.039633  Q22s =   0.144872

C          x = 13.411070  y =  1.374840  z = -0.224750 angstrom
           Maximum rank =  2   Radius =  0.650 angstrom
                   Q00  =  -0.006736
|Q1| =   0.082824  Q10  =   0.004221  Q11c =  -0.080078  Q11s =   0.020725
|Q2| =   1.395978  Q20  =  -1.368402  Q21c =  -0.158352  Q21s =  -0.111084
                   Q22c =  -0.105333  Q22s =  -0.166495

H          x = 14.062160  y =  0.515320  z = -0.235170 angstrom
           Maximum rank =  1   Radius =  0.350 angstrom
                   Q00  =   0.086612
|Q1| =   0.077216  Q10  =   0.008779  Q11c =  -0.073511  Q11s =   0.021939

C          x = 13.964060  y =  2.645920  z = -0.320280 angstrom
           Maximum rank =  2   Radius =  0.650 angstrom
                   Q00  =  -0.011005
|Q1| =   0.054952  Q10  =   0.004939  Q11c =  -0.051443  Q11s =  -0.018682
|Q2| =   1.337088  Q20  =  -1.304031  Q21c =  -0.181705  Q21s =  -0.094398
                   Q22c =   0.210657  Q22s =   0.031708

H          x = 15.039670  y =  2.742960  z = -0.402800 angstrom
           Maximum rank =  1   Radius =  0.350 angstrom
                   Q00  =   0.049241
|Q1| =   0.104372  Q10  =   0.008414  Q11c =  -0.102764  Q11s =  -0.016200

C          x = 11.793480  y =  3.681560  z = -0.210950 angstrom
           Maximum rank =  2   Radius =  0.650 angstrom
                   Q00  =   0.008449
|Q1| =   0.095913  Q10  =   0.005285  Q11c =  -0.022396  Q11s =  -0.093112
|Q2| =   1.336419  Q20  =  -1.314451  Q21c =  -0.151443  Q21s =  -0.084034
                   Q22c =   0.013219  Q22s =  -0.167521

H          x = 11.143970  y =  4.548020  z = -0.203030 angstrom
           Maximum rank =  1   Radius =  0.350 angstrom
                   Q00  =   0.073186
|Q1| =   0.099313  Q10  =   0.002043  Q11c =   0.026021  Q11s =  -0.095821

C          x = 13.172250  y =  3.790930  z = -0.312050 angstrom
           Maximum rank =  2   Radius =  0.650 angstrom
                   Q00  =  -0.013989
|Q1| =   0.061374  Q10  =   0.004185  Q11c =  -0.033516  Q11s =  -0.051244
|Q2| =   1.347659  Q20  =  -1.308144  Q21c =  -0.158002  Q21s =  -0.117559
                   Q22c =  -0.154914  Q22s =   0.205331

H          x = 13.637520  y =  4.766140  z = -0.386330 angstrom
           Maximum rank =  1   Radius =  0.350 angstrom
                   Q00  =   0.045905
|Q1| =   0.105264  Q10  =   0.007253  Q11c =  -0.046486  Q11s =  -0.094165

C          x = 11.567110  y = -1.210440  z =  0.112870 angstrom
           Maximum rank =  2   Radius =  0.650 angstrom
                   Q00  =  -0.018915
|Q1| =   0.027797  Q10  =   0.006974  Q11c =   0.012639  Q11s =  -0.023755
|Q2| =   1.304039  Q20  =  -1.272177  Q21c =  -0.099669  Q21s =  -0.237062
                   Q22c =  -0.100560  Q22s =  -0.076410

C          x = 12.946700  y = -1.575970  z =  0.086080 angstrom
           Maximum rank =  2   Radius =  0.650 angstrom
                   Q00  =   0.058114
|Q1| =   0.108828  Q10  =   0.007942  Q11c =  -0.107862  Q11s =  -0.012096
|Q2| =   1.213189  Q20  =  -0.711388  Q21c =  -0.046330  Q21s =  -0.012890
                   Q22c =   0.827837  Q22s =  -0.527377

N          x = 14.045530  y = -1.912140  z =  0.067130 angstrom
           Maximum rank =  2   Radius =  0.650 angstrom
                   Q00  =  -0.225210
|Q1| =   0.563990  Q10  =   0.013759  Q11c =  -0.547978  Q11s =   0.132726
|Q2| =   0.626146  Q20  =  -0.335785  Q21c =  -0.012325  Q21s =   0.000985
                   Q22c =   0.406266  Q22s =  -0.337790

C          x = 10.709970  y = -2.339000  z =  0.281230 angstrom
           Maximum rank =  2   Radius =  0.650 angstrom
                   Q00  =   0.057302
|Q1| =   0.100211  Q10  =  -0.004121  Q11c =   0.086938  Q11s =   0.049670
|Q2| =   1.203538  Q20  =  -0.701196  Q21c =  -0.141709  Q21s =  -0.208000
                   Q22c =  -0.257343  Q22s =   0.909536

N          x = 10.050440  y = -3.270730  z =  0.418340 angstrom
           Maximum rank =  2   Radius =  0.650 angstrom
                   Q00  =  -0.226807
|Q1| =   0.567831  Q10  =  -0.063229  Q11c =   0.354810  Q11s =   0.438799
|Q2| =   0.622435  Q20  =  -0.324784  Q21c =  -0.072306  Q21s =  -0.115337
                   Q22c =  -0.237662  Q22s =   0.454892

C          x =  2.628460  y = -2.526850  z =  1.188410 angstrom
           Maximum rank =  2   Radius =  0.650 angstrom
                   Q00  =  -0.062201
|Q1| =   0.078983  Q10  =   0.004119  Q11c =   0.053114  Q11s =   0.058311
|Q2| =   1.298004  Q20  =   0.517512  Q21c =  -0.409520  Q21s =  -0.558111
                   Q22c =  -0.109957  Q22s =  -0.962139

C          x =  3.619370  y = -3.507720  z =  1.182070 angstrom
           Maximum rank =  2   Radius =  0.650 angstrom
                   Q00  =  -0.053271
|Q1| =   0.103045  Q10  =   0.034289  Q11c =  -0.082548  Q11s =   0.051268
|Q2| =   1.483454  Q20  =   0.690874  Q21c =  -0.471070  Q21s =  -0.441645
                   Q22c =  -0.023422  Q22s =  -1.142726

H          x =  4.171340  y = -3.711520  z =  0.272630 angstrom
           Maximum rank =  1   Radius =  0.350 angstrom
                   Q00  =   0.078997
|Q1| =   0.100308  Q10  =   0.053183  Q11c =  -0.071727  Q11s =   0.045700

C          x =  3.903760  y = -4.242200  z =  2.320990 angstrom
           Maximum rank =  2   Radius =  0.650 angstrom
                   Q00  =  -0.030818
|Q1| =   0.076600  Q10  =   0.008180  Q11c =  -0.059872  Q11s =   0.047074
|Q2| =   1.416034  Q20  =   0.452150  Q21c =  -0.448260  Q21s =  -0.440548
                   Q22c =  -0.015082  Q22s =  -1.185524

H          x =  4.683440  y = -4.995320  z =  2.284590 angstrom
           Maximum rank =  1   Radius =  0.350 angstrom
                   Q00  =   0.052332
|Q1| =   0.112975  Q10  =   0.003930  Q11c =  -0.078216  Q11s =   0.081426

C          x =  3.210060  y = -4.028130  z =  3.509320 angstrom
           Maximum rank =  2   Radius =  0.650 angstrom
                   Q00  =  -0.075663
|Q1| =   0.121576  Q10  =  -0.099299  Q11c =  -0.021222  Q11s =   0.066859
|Q2| =   1.141877  Q20  =   0.467854  Q21c =  -0.330446  Q21s =  -0.433182
                   Q22c =  -0.024472  Q22s =  -0.887443

C          x =  2.228050  y = -3.044890  z =  3.514710 angstrom
           Maximum rank =  2   Radius =  0.650 angstrom
                   Q00  =  -0.032212
|Q1| =   0.074965  Q10  =  -0.058974  Q11c =   0.042725  Q11s =  -0.017790
|Q2| =   1.403672  Q20  =   0.580687  Q21c =  -0.536790  Q21s =  -0.394185
                   Q22c =   0.018191  Q22s =  -1.090524

H          x =  1.674590  y = -2.848190  z =  4.426500 angstrom
           Maximum rank =  1   Radius =  0.350 angstrom
                   Q00  =   0.045708
|Q1| =   0.117029  Q10  =  -0.099121  Q11c =   0.058857  Q11s =  -0.020166

C          x =  1.941120  y = -2.304260  z =  2.376410 angstrom
           Maximum rank =  2   Radius =  0.650 angstrom
                   Q00  =  -0.034429
|Q1| =   0.097503  Q10  =  -0.060350  Q11c =   0.072750  Q11s =  -0.023918
|Q2| =   1.465196  Q20  =   0.479172  Q21c =  -0.381856  Q21s =  -0.517501
                   Q22c =  -0.015481  Q22s =  -1.226104

H          x =  1.174010  y = -1.542190  z =  2.424210 angstrom
           Maximum rank =  1   Radius =  0.350 angstrom
                   Q00  =   0.076332
|Q1| =   0.099183  Q10  =  -0.059779  Q11c =   0.061914  Q11s =  -0.049298

C          x =  2.474400  y = -2.454510  z = -1.365090 angstrom
           Maximum rank =  2   Radius =  0.650 angstrom
                   Q00  =  -0.062075
|Q1| =   0.065683  Q10  =   0.000591  Q11c =  -0.054828  Q11s =   0.036164
|Q2| =   1.281699  Q20  =   0.559702  Q21c =  -0.508626  Q21s =   0.364815
                   Q22c =  -0.670717  Q22s =   0.698452

C          x =  3.050600  y = -1.918120  z = -2.510390 angstrom
           Maximum rank =  2   Radius =  0.650 angstrom
                   Q00  =  -0.037019
|Q1| =   0.101103  Q10  =   0.057119  Q11c =  -0.064335  Q11s =  -0.053106
|Q2| =   1.481554  Q20  =   0.547630  Q21c =  -0.473158  Q21s =   0.358136
                   Q22c =  -0.785330  Q22s =   0.962404

H          x =  3.508390  y = -0.937430  z = -2.476520 angstrom
           Maximum rank =  1   Radius =  0.350 angstrom
                   Q00  =   0.078213
|Q1| =   0.100048  Q10  =   0.053883  Q11c =  -0.040533  Q11s =  -0.073914

C          x =  3.045020  y = -2.620560  z = -3.708010 angstrom
           Maximum rank =  2   Radius =  0.650 angstrom
                   Q00  =  -0.031018
|Q1| =   0.075946  Q10  =   0.058928  Q11c =  -0.029634  Q11s =  -0.037643
|Q2| =   1.399157  Q20  =   0.597267  Q21c =  -0.582522  Q21s =   0.166490
                   Q22c =  -0.672321  Q22s =   0.884221

H          x =  3.504950  y = -2.176210  z = -4.583920 angstrom
           Maximum rank =  1   Radius =  0.350 angstrom
                   Q00  =   0.047794
|Q1| =   0.115811  Q10  =   0.094636  Q11c =  -0.047362  Q11s =  -0.047042

C          x =  2.464520  y = -3.878800  z = -3.804090 angstrom
           Maximum rank =  2   Radius =  0.650 angstrom
                   Q00  =  -0.075888
|Q1| =   0.122114  Q10  =   0.105459  Q11c =   0.002073  Q11s =   0.061530
|Q2| =   1.141938  Q20  =   0.502334  Q21c =  -0.413743  Q21s =   0.275209
                   Q22c =  -0.574382  Q22s =   0.689089

C          x =  1.883190  y = -4.412100  z = -2.655650 angstrom
           Maximum rank =  2   Radius =  0.650 angstrom
                   Q00  =  -0.031716
|Q1| =   0.076081  Q10  =  -0.004894  Q11c =   0.041260  Q11s =   0.063734
|Q2| =   1.408065  Q20  =   0.475056  Q21c =  -0.498300  Q21s =   0.258450
                   Q22c =  -0.762378  Q22s =   0.927712

H          x =  1.420120  y = -5.392220  z = -2.697790 angstrom
           Maximum rank =  1   Radius =  0.350 angstrom
                   Q00  =   0.048267
|Q1| =   0.115675  Q10  =   0.002539  Q11c =   0.050016  Q11s =   0.104272

C          x =  1.889100  y = -3.716720  z = -1.458750 angstrom
           Maximum rank =  2   Radius =  0.650 angstrom
                   Q00  =  -0.051658
|Q1| =   0.105061  Q10  =  -0.030824  Q11c =   0.061033  Q11s =   0.079766
|Q2| =   1.477593  Q20  =   0.723207  Q21c =  -0.500537  Q21s =   0.199535
                   Q22c =  -0.754698  Q22s =   0.894612

H          x =  1.444610  y = -4.170340  z = -0.581250 angstrom
           Maximum rank =  1   Radius =  0.350 angstrom
                   Q00  =   0.074007
|Q1| =   0.106391  Q10  =  -0.048417  Q11c =   0.061193  Q11s =   0.072321

C          x = -2.474390  y =  2.454450  z =  1.365240 angstrom
           Maximum rank =  2   Radius =  0.650 angstrom
                   Q00  =  -0.061671
|Q1| =   0.065473  Q10  =  -0.000722  Q11c =   0.054649  Q11s =  -0.036051
|Q2| =   1.280725  Q20  =   0.559208  Q21c =  -0.508384  Q21s =   0.364275
                   Q22c =  -0.670217  Q22s =   0.697998

C          x = -1.889150  y =  3.716720  z =  1.458870 angstrom
           Maximum rank =  2   Radius =  0.650 angstrom
                   Q00  =  -0.051365
|Q1| =   0.104998  Q10  =   0.030639  Q11c =  -0.061092  Q11s =  -0.079710
|Q2| =   1.476782  Q20  =   0.722865  Q21c =  -0.500255  Q21s =   0.199526
                   Q22c =  -0.754453  Q22s =   0.893915

H          x = -1.444700  y =  4.170340  z =  0.581350 angstrom
           Maximum rank =  1   Radius =  0.350 angstrom
                   Q00  =   0.074320
|Q1| =   0.106198  Q10  =   0.048220  Q11c =  -0.061117  Q11s =  -0.072233

C          x = -1.883260  y =  4.412110  z =  2.655740 angstrom
           Maximum rank =  2   Radius =  0.650 angstrom
                   Q00  =  -0.031791
|Q1| =   0.076079  Q10  =   0.004687  Q11c =  -0.041347  Q11s =  -0.063690
|Q2| =   1.408524  Q20  =   0.475273  Q21c =  -0.498575  Q21s =   0.258123
                   Q22c =  -0.762703  Q22s =   0.927973

H          x = -1.420270  y =  5.392260  z =  2.697860 angstrom
           Maximum rank =  1   Radius =  0.350 angstrom
                   Q00  =   0.048204
|Q1| =   0.115727  Q10  =  -0.002651  Q11c =  -0.050035  Q11s =  -0.104318

C          x = -2.464570  y =  3.878790  z =  3.804220 angstrom
           Maximum rank =  2   Radius =  0.650 angstrom
                   Q00  =  -0.076329
|Q1| =   0.122124  Q10  =  -0.105534  Q11c =  -0.002222  Q11s =  -0.061417
|Q2| =   1.143332  Q20  =   0.503017  Q21c =  -0.414149  Q21s =   0.275871
                   Q22c =  -0.575165  Q22s =   0.689742

C          x = -3.045030  y =  2.620550  z =  3.708160 angstrom
           Maximum rank =  2   Radius =  0.650 angstrom
                   Q00  =  -0.031370
|Q1| =   0.076147  Q10  =  -0.059203  Q11c =   0.029564  Q11s =   0.037674
|Q2| =   1.400412  Q20  =   0.597525  Q21c =  -0.583042  Q21s =   0.166499
                   Q22c =  -0.672972  Q22s =   0.885193

H          x = -3.504970  y =  2.176220  z =  4.584060 angstrom
           Maximum rank =  1   Radius =  0.350 angstrom
                   Q00  =   0.047322
|Q1| =   0.116215  Q10  =  -0.095019  Q11c =   0.047492  Q11s =   0.047137

C          x = -3.050580  y =  1.918080  z =  2.510530 angstrom
           Maximum rank =  2   Radius =  0.650 angstrom
                   Q00  =  -0.037036
|Q1| =   0.101191  Q10  =  -0.057344  Q11c =   0.064238  Q11s =   0.053150
|Q2| =   1.481602  Q20  =   0.547635  Q21c =  -0.473017  Q21s =   0.358556
                   Q22c =  -0.785443  Q22s =   0.962295

H          x = -3.508350  y =  0.937380  z =  2.476680 angstrom
           Maximum rank =  1   Radius =  0.350 angstrom
                   Q00  =   0.078201
|Q1| =   0.100143  Q10  =  -0.054009  Q11c =   0.040553  Q11s =   0.073939

C          x = -2.628440  y =  2.526850  z = -1.188240 angstrom
           Maximum rank =  2   Radius =  0.650 angstrom
                   Q00  =  -0.062583
|Q1| =   0.079176  Q10  =  -0.004245  Q11c =  -0.053243  Q11s =  -0.058447
|Q2| =   1.298930  Q20  =   0.517972  Q21c =  -0.409619  Q21s =  -0.558532
                   Q22c =  -0.110496  Q22s =  -0.962792

C          x = -3.619200  y =  3.507860  z = -1.181790 angstrom
           Maximum rank =  2   Radius =  0.650 angstrom
                   Q00  =  -0.053588
|Q1| =   0.103117  Q10  =  -0.034495  Q11c =   0.082470  Q11s =  -0.051400
|Q2| =   1.484300  Q20  =   0.691389  Q21c =  -0.471318  Q21s =  -0.441643
                   Q22c =  -0.023582  Q22s =  -1.143409

H          x = -4.171050  y =  3.711730  z = -0.272290 angstrom
           Maximum rank =  1   Radius =  0.350 angstrom
                   Q00  =   0.078690
|Q1| =   0.100500  Q10  =  -0.053372  Q11c =   0.071816  Q11s =  -0.045762

C          x = -3.903590  y =  4.242400  z = -2.320670 angstrom
           Maximum rank =  2   Radius =  0.650 angstrom
                   Q00  =  -0.030777
|Q1| =   0.076588  Q10  =  -0.008430  Q11c =   0.059751  Q11s =  -0.047165
|Q2| =   1.415820  Q20  =   0.452121  Q21c =  -0.447822  Q21s =  -0.440650
                   Q22c =  -0.015461  Q22s =  -1.185401

H          x = -4.683170  y =  4.995630  z = -2.284180 angstrom
           Maximum rank =  1   Radius =  0.350 angstrom
                   Q00  =   0.052378
|Q1| =   0.112943  Q10  =  -0.004077  Q11c =   0.078179  Q11s =  -0.081410

C          x = -3.210030  y =  4.028250  z = -3.509070 angstrom
           Maximum rank =  2   Radius =  0.650 angstrom
                   Q00  =  -0.075240
|Q1| =   0.121580  Q10  =   0.099185  Q11c =   0.021154  Q11s =  -0.067056
|Q2| =   1.140531  Q20  =   0.467390  Q21c =  -0.330254  Q21s =  -0.432250
                   Q22c =  -0.024560  Q22s =  -0.886481

C          x = -2.228160  y =  3.044880  z = -3.514560 angstrom
           Maximum rank =  2   Radius =  0.650 angstrom
                   Q00  =  -0.031848
|Q1| =   0.074795  Q10  =   0.058729  Q11c =  -0.042800  Q11s =   0.017703
|Q2| =   1.402265  Q20  =   0.580407  Q21c =  -0.536149  Q21s =  -0.393654
                   Q22c =   0.017767  Q22s =  -1.089375

H          x = -1.674810  y =  2.848120  z = -4.426410 angstrom
           Maximum rank =  1   Radius =  0.350 angstrom
                   Q00  =   0.046170
|Q1| =   0.116626  Q10  =   0.098745  Q11c =  -0.058703  Q11s =   0.020126

C          x = -1.941230  y =  2.304190  z = -2.376300 angstrom
           Maximum rank =  2   Radius =  0.650 angstrom
                   Q00  =  -0.034377
|Q1| =   0.097397  Q10  =   0.060123  Q11c =  -0.072820  Q11s =   0.023844
|Q2| =   1.465019  Q20  =   0.479247  Q21c =  -0.382174  Q21s =  -0.516945
                   Q22c =  -0.015748  Q22s =  -1.225996

H          x = -1.174230  y =  1.542020  z = -2.424180 angstrom
           Maximum rank =  1   Radius =  0.350 angstrom
                   Q00  =   0.076365
|Q1| =   0.099075  Q10  =   0.059648  Q11c =  -0.061871  Q11s =   0.049294

C          x =  3.503080  y = -4.849550  z =  4.735340 angstrom
           Maximum rank =  2   Radius =  0.650 angstrom
                   Q00  =   0.023450
|Q1| =   0.023439  Q10  =  -0.014719  Q11c =  -0.001975  Q11s =   0.018133
|Q2| =   0.103387  Q20  =   0.064099  Q21c =   0.023174  Q21s =  -0.070958
                   Q22c =  -0.008230  Q22s =  -0.030665

H          x =  3.002230  y = -5.820520  z =  4.684620 angstrom
           Maximum rank =  1   Radius =  0.350 angstrom
                   Q00  =   0.031285
|Q1| =   0.123834  Q10  =  -0.035576  Q11c =   0.036003  Q11s =   0.113018

H          x =  3.158920  y = -4.347950  z =  5.640740 angstrom
           Maximum rank =  1   Radius =  0.350 angstrom
                   Q00  =   0.024344
|Q1| =   0.125223  Q10  =  -0.121964  Q11c =   0.021614  Q11s =  -0.018395

H          x =  4.572940  y = -5.039300  z =  4.838380 angstrom
           Maximum rank =  1   Radius =  0.350 angstrom
                   Q00  =   0.029050
|Q1| =   0.122888  Q10  =  -0.050693  Q11c =  -0.103168  Q11s =   0.043451

C          x =  2.484770  y = -4.654810  z = -5.092940 angstrom
           Maximum rank =  2   Radius =  0.650 angstrom
                   Q00  =   0.023303
|Q1| =   0.022654  Q10  =   0.015305  Q11c =  -0.002033  Q11s =   0.016577
|Q2| =   0.106190  Q20  =   0.074590  Q21c =   0.001891  Q21s =   0.070686
                   Q22c =  -0.019695  Q22s =   0.018018

H          x =  3.288150  y = -5.396840  z = -5.089490 angstrom
           Maximum rank =  1   Radius =  0.350 angstrom
                   Q00  =   0.032991
|Q1| =   0.122521  Q10  =   0.041727  Q11c =  -0.071167  Q11s =   0.090584

H          x =  2.646150  y = -3.998460  z = -5.949000 angstrom
           Maximum rank =  1   Radius =  0.350 angstrom
                   Q00  =   0.025237
|Q1| =   0.124464  Q10  =   0.118941  Q11c =  -0.014331  Q11s =  -0.033750

H          x =  1.546400  y = -5.190370  z = -5.248400 angstrom
           Maximum rank =  1   Radius =  0.350 angstrom
                   Q00  =   0.027069
|Q1| =   0.124346  Q10  =   0.056448  Q11c =   0.083504  Q11s =   0.072819

C          x = -2.484610  y =  4.654840  z =  5.093060 angstrom
           Maximum rank =  2   Radius =  0.650 angstrom
                   Q00  =   0.023280
|Q1| =   0.022906  Q10  =  -0.015564  Q11c =   0.001933  Q11s =  -0.016694
|Q2| =   0.105055  Q20  =   0.073990  Q21c =   0.001719  Q21s =   0.069663
                   Q22c =  -0.019524  Q22s =   0.018029

H          x = -3.284810  y =  5.400270  z =  5.087750 angstrom
           Maximum rank =  1   Radius =  0.350 angstrom
                   Q00  =   0.032740
|Q1| =   0.122768  Q10  =  -0.041788  Q11c =   0.070993  Q11s =  -0.091026

H          x = -1.544340  y =  5.186430  z =  5.250740 angstrom
           Maximum rank =  1   Radius =  0.350 angstrom
                   Q00  =   0.026848
|Q1| =   0.124617  Q10  =  -0.056895  Q11c =  -0.083804  Q11s =  -0.072590

H          x = -2.650720  y =  3.999130  z =  5.948690 angstrom
           Maximum rank =  1   Radius =  0.350 angstrom
                   Q00  =   0.024724
|Q1| =   0.124945  Q10  =  -0.119373  Q11c =   0.014801  Q11s =   0.033796

C          x = -3.503080  y =  4.849710  z = -4.735060 angstrom
           Maximum rank =  2   Radius =  0.650 angstrom
                   Q00  =   0.023477
|Q1| =   0.023224  Q10  =   0.014408  Q11c =   0.001979  Q11s =  -0.018107
|Q2| =   0.104393  Q20  =   0.064598  Q21c =   0.023512  Q21s =  -0.071888
                   Q22c =  -0.008391  Q22s =  -0.030560

H          x = -3.158420  y =  4.348420  z = -5.640430 angstrom
           Maximum rank =  1   Radius =  0.350 angstrom
                   Q00  =   0.024832
|Q1| =   0.124742  Q10  =   0.121487  Q11c =  -0.021597  Q11s =   0.018310

H          x = -3.002720  y =  5.820920  z = -4.684030 angstrom
           Maximum rank =  1   Radius =  0.350 angstrom
                   Q00  =   0.031489
|Q1| =   0.123620  Q10  =   0.035344  Q11c =  -0.035919  Q11s =  -0.112883

H          x = -4.573010  y =  5.038970  z = -4.838370 angstrom
           Maximum rank =  1   Radius =  0.350 angstrom
                   Q00  =   0.029292
|Q1| =   0.122634  Q10  =   0.050493  Q11c =   0.103012  Q11s =  -0.043336

Total multipoles referred to origin at
           x =   0.000000,  y =    0.000000,  z =    0.000000 angstrom
                   Q00  =  -0.000002
|Q1| =   0.061562  Q10  =  -0.061493  Q11c =   0.001754  Q11s =   0.002335
|Q2| = 200.890477  Q20  =  74.802259  Q21c = -24.613439  Q21s =   1.844040
                   Q22c =-118.469364  Q22s = 141.835798

CPU time used:     67m22.988s          Total:     67m22.988s

Finished at 15:58:13 on 28 Jun 2021 
