                                     G D M A

                                 by Anthony Stone

                         version 2.2.11, 04 February 2015

               Distributed Multipoles from Gaussian wavefunctions


Starting at 16:38:51 on 22 Jun 2021 

s1S0



Using CI density matrix from file sN_mz.fchk


                         Distributed Multipole Analysis

Standard DMA for products of primitives with exponent greater than 4.00000
Using 80-point Euler-MacLaurin radial quadrature
Using 590-point Lebedev quadrature
Becke smoothing parameter = 3

Positions and radii in angstrom
Multipole moments in atomic units, ea_0^k for rank k

S          x =  1.744190  y = -6.079920  z = 18.173660 angstrom
           Maximum rank =  2   Radius =  0.650 angstrom
                   Q00  =   0.981937
|Q1| =   1.085098  Q10  =   0.355961  Q11c =  -0.019452  Q11s =   1.024866
|Q2| =   1.996597  Q20  =   1.436856  Q21c =   0.571601  Q21s =  -0.525204
                   Q22c =  -1.123735  Q22s =  -0.237687

S          x =  1.314410  y = -1.808560  z = 15.093960 angstrom
           Maximum rank =  2   Radius =  0.650 angstrom
                   Q00  =   0.723358
|Q1| =   1.105102  Q10  =   0.708215  Q11c =   0.108302  Q11s =   0.841399
|Q2| =   2.364836  Q20  =   1.218088  Q21c =   0.198295  Q21s =  -0.845732
                   Q22c =  -1.821442  Q22s =   0.190993

S          x =  1.628270  y =  2.345870  z = 15.767000 angstrom
           Maximum rank =  2   Radius =  0.650 angstrom
                   Q00  =   0.788934
|Q1| =   0.934783  Q10  =  -0.663797  Q11c =  -0.094761  Q11s =  -0.651318
|Q2| =   2.499193  Q20  =   0.806091  Q21c =   0.156514  Q21s =  -0.834131
                   Q22c =  -2.199571  Q22s =   0.194421

S          x =  2.067230  y = -4.622010  z = 23.241800 angstrom
           Maximum rank =  2   Radius =  0.650 angstrom
                   Q00  =   0.724382
|Q1| =   1.103671  Q10  =  -0.036082  Q11c =  -0.145194  Q11s =   1.093484
|Q2| =   2.362185  Q20  =   1.832291  Q21c =  -0.015543  Q21s =   0.052848
                   Q22c =  -1.442691  Q22s =  -0.371800

S          x =  1.605680  y = -0.956890  z = 25.282610 angstrom
           Maximum rank =  2   Radius =  0.650 angstrom
                   Q00  =   0.790269
|Q1| =   0.933846  Q10  =   0.119062  Q11c =   0.124667  Q11s =  -0.917796
|Q2| =   2.493769  Q20  =   1.771466  Q21c =  -0.068803  Q21s =   0.579609
                   Q22c =  -1.613647  Q22s =  -0.369127

N          x =  1.922300  y = -5.471850  z = 19.685370 angstrom
           Maximum rank =  2   Radius =  0.650 angstrom
                   Q00  =  -0.561042
|Q1| =   0.679829  Q10  =  -0.079881  Q11c =  -0.053876  Q11s =   0.672966
|Q2| =   0.796065  Q20  =  -0.130496  Q21c =   0.075108  Q21s =   0.233555
                   Q22c =  -0.741157  Q22s =  -0.084775

N          x =  1.527860  y = -4.672730  z = 17.361410 angstrom
           Maximum rank =  2   Radius =  0.650 angstrom
                   Q00  =  -0.561296
|Q1| =   0.680084  Q10  =   0.480483  Q11c =   0.031961  Q11s =   0.480238
|Q2| =   0.796185  Q20  =  -0.004050  Q21c =   0.089597  Q21s =   0.419464
                   Q22c =  -0.670074  Q22s =  -0.030290

O          x =  1.729140  y =  4.995030  z = 15.311610 angstrom
           Maximum rank =  2   Radius =  0.650 angstrom
                   Q00  =  -0.422156
|Q1| =   0.568168  Q10  =  -0.514401  Q11c =  -0.013601  Q11s =   0.240876
|Q2| =   0.972473  Q20  =   0.869696  Q21c =   0.045480  Q21s =  -0.269518
                   Q22c =   0.336147  Q22s =  -0.040357

N          x =  1.675300  y = -0.093630  z = 18.521450 angstrom
           Maximum rank =  2   Radius =  0.650 angstrom
                   Q00  =  -0.182379
|Q1| =   0.216924  Q10  =  -0.120540  Q11c =   0.083931  Q11s =  -0.159630
|Q2| =   1.307881  Q20  =   0.517728  Q21c =   0.367974  Q21s =  -0.015725
                   Q22c =  -1.047423  Q22s =   0.457999

C          x =  1.818540  y = -4.164000  z = 19.590040 angstrom
           Maximum rank =  2   Radius =  0.650 angstrom
                   Q00  =   0.027882
|Q1| =   0.029840  Q10  =   0.014291  Q11c =  -0.010951  Q11s =   0.023796
|Q2| =   1.078279  Q20  =   0.462745  Q21c =   0.198226  Q21s =   0.125757
                   Q22c =  -0.934689  Q22s =  -0.140713

N          x =  1.606380  y = -1.166520  z = 21.608950 angstrom
           Maximum rank =  2   Radius =  0.650 angstrom
                   Q00  =  -0.182234
|Q1| =   0.217098  Q10  =  -0.005284  Q11c =  -0.077199  Q11s =  -0.202839
|Q2| =   1.307645  Q20  =   0.580840  Q21c =  -0.019865  Q21s =   0.069517
                   Q22c =  -0.967675  Q22s =  -0.656459

O          x =  1.416350  y =  0.835130  z = 27.280110 angstrom
           Maximum rank =  2   Radius =  0.650 angstrom
                   Q00  =  -0.421898
|Q1| =   0.567978  Q10  =   0.553028  Q11c =   0.012694  Q11s =  -0.128831
|Q2| =   0.972226  Q20  =   0.485431  Q21c =   0.084700  Q21s =  -0.830294
                   Q22c =   0.112120  Q22s =   0.021143

C          x =  1.588370  y = -3.702380  z = 18.247460 angstrom
           Maximum rank =  2   Radius =  0.650 angstrom
                   Q00  =   0.027889
|Q1| =   0.029917  Q10  =   0.003676  Q11c =   0.009972  Q11s =   0.027966
|Q2| =   1.078188  Q20  =   0.405650  Q21c =   0.221750  Q21s =   0.042881
                   Q22c =  -0.969930  Q22s =  -0.078502

C          x =  1.852060  y = -3.215810  z = 20.659700 angstrom
           Maximum rank =  2   Radius =  0.650 angstrom
                   Q00  =  -0.036280
|Q1| =   0.082035  Q10  =  -0.022203  Q11c =  -0.028767  Q11s =   0.073547
|Q2| =   1.336442  Q20  =   0.737674  Q21c =   0.108279  Q21s =   0.281828
                   Q22c =  -1.060508  Q22s =  -0.161513

C          x =  1.441470  y = -1.546910  z = 16.805740 angstrom
           Maximum rank =  2   Radius =  0.650 angstrom
                   Q00  =  -0.320239
|Q1| =   0.613161  Q10  =   0.561303  Q11c =   0.061565  Q11s =   0.238989
|Q2| =   1.353836  Q20  =   0.403688  Q21c =   0.122049  Q21s =  -0.501474
                   Q22c =  -1.182032  Q22s =   0.079602

F          x =  1.086180  y =  4.309790  z = 31.291300 angstrom
           Maximum rank =  2   Radius =  0.650 angstrom
                   Q00  =  -0.203735
|Q1| =   0.222535  Q10  =  -0.001970  Q11c =   0.021251  Q11s =  -0.221510
|Q2| =   0.699271  Q20  =  -0.370923  Q21c =  -0.016726  Q21s =   0.173096
                   Q22c =  -0.556423  Q22s =  -0.107461

C          x =  1.546560  y =  0.651310  z = 16.035800 angstrom
           Maximum rank =  2   Radius =  0.650 angstrom
                   Q00  =  -0.358965
|Q1| =   0.580860  Q10  =  -0.045532  Q11c =  -0.050966  Q11s =  -0.576825
|Q2| =   1.405602  Q20  =   1.067626  Q21c =   0.126680  Q21s =  -0.364822
                   Q22c =  -0.825481  Q22s =   0.073011

F          x =  1.884490  y = 10.216410  z = 14.319510 angstrom
           Maximum rank =  2   Radius =  0.650 angstrom
                   Q00  =  -0.204566
|Q1| =   0.222882  Q10  =  -0.136020  Q11c =  -0.012743  Q11s =  -0.176104
|Q2| =   0.699533  Q20  =  -0.116916  Q21c =   0.030317  Q21s =   0.545626
                   Q22c =  -0.417030  Q22s =   0.056008

C          x =  1.510250  y = -2.297280  z = 17.994580 angstrom
           Maximum rank =  2   Radius =  0.650 angstrom
                   Q00  =  -0.036237
|Q1| =   0.082244  Q10  =   0.063639  Q11c =   0.026591  Q11s =   0.044800
|Q2| =   1.336280  Q20  =   0.431642  Q21c =   0.166524  Q21s =  -0.164900
                   Q22c =  -1.242546  Q22s =  -0.022100

C          x =  1.463830  y =  0.364010  z = 28.395060 angstrom
           Maximum rank =  2   Radius =  0.650 angstrom
                   Q00  =   0.193249
|Q1| =   0.029301  Q10  =  -0.026314  Q11c =  -0.000653  Q11s =   0.012873
|Q2| =   0.762094  Q20  =   0.528354  Q21c =   0.014668  Q21s =  -0.150183
                   Q22c =  -0.517337  Q22s =  -0.105936

C          x =  1.422520  y = -0.069580  z = 14.850930 angstrom
           Maximum rank =  2   Radius =  0.650 angstrom
                   Q00  =  -0.343082
|Q1| =   0.553631  Q10  =   0.070088  Q11c =   0.040297  Q11s =   0.547696
|Q2| =   1.396174  Q20  =   1.112914  Q21c =   0.158288  Q21s =  -0.339480
                   Q22c =  -0.751318  Q22s =   0.077101

C          x =  1.690960  y = -1.841610  z = 20.403670 angstrom
           Maximum rank =  2   Radius =  0.650 angstrom
                   Q00  =   0.042661
|Q1| =   0.094765  Q10  =   0.092030  Q11c =   0.004451  Q11s =  -0.022160
|Q2| =   1.291853  Q20  =   0.840048  Q21c =   0.025872  Q21s =  -0.036478
                   Q22c =  -0.956879  Q22s =  -0.213508

C          x =  1.627420  y = -1.372470  z = 19.048580 angstrom
           Maximum rank =  2   Radius =  0.650 angstrom
                   Q00  =   0.042761
|Q1| =   0.094782  Q10  =  -0.086086  Q11c =  -0.004553  Q11s =   0.039396
|Q2| =   1.291659  Q20  =   0.707999  Q21c =   0.133468  Q21s =  -0.227426
                   Q22c =  -1.044282  Q22s =   0.084019

C          x =  1.740840  y = -2.117040  z = 24.023140 angstrom
           Maximum rank =  2   Radius =  0.650 angstrom
                   Q00  =  -0.358027
|Q1| =   0.581172  Q10  =  -0.321523  Q11c =   0.070891  Q11s =  -0.478913
|Q2| =   1.403394  Q20  =   1.034386  Q21c =   0.039776  Q21s =  -0.413094
                   Q22c =  -0.831769  Q22s =  -0.188394

F          x =  1.764970  y = 10.237940  z = 11.665980 angstrom
           Maximum rank =  2   Radius =  0.650 angstrom
                   Q00  =  -0.202839
|Q1| =   0.222605  Q10  =   0.130370  Q11c =  -0.000709  Q11s =  -0.180434
|Q2| =   0.696012  Q20  =  -0.134147  Q21c =  -0.010436  Q21s =  -0.525883
                   Q22c =  -0.435554  Q22s =   0.008254

C          x =  1.910060  y = -3.361090  z = 22.058520 angstrom
           Maximum rank =  2   Radius =  0.650 angstrom
                   Q00  =  -0.320043
|Q1| =   0.613139  Q10  =  -0.293753  Q11c =  -0.076383  Q11s =   0.532742
|Q2| =   1.353219  Q20  =   0.986644  Q21c =   0.006021  Q21s =   0.350407
                   Q22c =  -0.833799  Q22s =  -0.199230

C          x =  1.593240  y =  4.430530  z = 12.967300 angstrom
           Maximum rank =  2   Radius =  0.650 angstrom
                   Q00  =  -0.061624
|Q1| =   0.060977  Q10  =   0.014017  Q11c =   0.002160  Q11s =   0.059305
|Q2| =   1.328689  Q20  =   0.457754  Q21c =   0.079694  Q21s =  -0.054997
                   Q22c =  -1.236254  Q22s =   0.134817

C          x =  1.511240  y =  3.065030  z = 12.995820 angstrom
           Maximum rank =  2   Radius =  0.650 angstrom
                   Q00  =   0.011852
|Q1| =   0.023511  Q10  =  -0.019742  Q11c =  -0.001539  Q11s =   0.012675
|Q2| =   1.427855  Q20  =   0.543157  Q21c =   0.101043  Q21s =  -0.136923
                   Q22c =  -1.300121  Q22s =   0.156454

H          x =  1.428200  y =  2.591860  z = 12.028240 angstrom
           Maximum rank =  1   Radius =  0.350 angstrom
                   Q00  =   0.092856
|Q1| =   0.062271  Q10  =   0.044794  Q11c =   0.007610  Q11s =   0.042583

C          x =  1.548780  y = -0.210830  z = 17.153680 angstrom
           Maximum rank =  2   Radius =  0.650 angstrom
                   Q00  =   0.015687
|Q1| =   0.126366  Q10  =   0.094105  Q11c =  -0.002092  Q11s =  -0.084311
|Q2| =   1.239239  Q20  =   0.809965  Q21c =   0.154605  Q21s =  -0.187436
                   Q22c =  -0.901142  Q22s =   0.092615

C          x =  1.753510  y = -2.101210  z = 22.611580 angstrom
           Maximum rank =  2   Radius =  0.650 angstrom
                   Q00  =   0.015381
|Q1| =   0.125866  Q10  =  -0.125577  Q11c =   0.003860  Q11s =  -0.007605
|Q2| =   1.239879  Q20  =   0.802782  Q21c =   0.045520  Q21s =  -0.200696
                   Q22c =  -0.893650  Q22s =  -0.227771

C          x =  1.687930  y =  5.314340  z = 14.143850 angstrom
           Maximum rank =  2   Radius =  0.650 angstrom
                   Q00  =   0.193017
|Q1| =   0.029490  Q10  =   0.028877  Q11c =   0.000395  Q11s =  -0.005965
|Q2| =   0.762841  Q20  =   0.524516  Q21c =   0.060953  Q21s =  -0.155576
                   Q22c =  -0.526659  Q22s =   0.038981

C          x =  1.904070  y = -3.412010  z = 24.508340 angstrom
           Maximum rank =  2   Radius =  0.650 angstrom
                   Q00  =  -0.343319
|Q1| =   0.553732  Q10  =   0.284177  Q11c =  -0.059498  Q11s =   0.471511
|Q2| =   1.396504  Q20  =   1.009627  Q21c =   0.066037  Q21s =  -0.492984
                   Q22c =  -0.800151  Q22s =  -0.207943

N          x =  1.447150  y =  2.464440  z =  9.639650 angstrom
           Maximum rank =  2   Radius =  0.650 angstrom
                   Q00  =  -0.252174
|Q1| =   0.603106  Q10  =   0.115315  Q11c =   0.023543  Q11s =   0.591511
|Q2| =   0.664985  Q20  =  -0.118413  Q21c =   0.027996  Q21s =   0.486902
                   Q22c =  -0.435379  Q22s =   0.027761

F          x =  1.246390  y =  2.688020  z = 33.389000 angstrom
           Maximum rank =  2   Radius =  0.650 angstrom
                   Q00  =  -0.201675
|Q1| =   0.221952  Q10  =  -0.213438  Q11c =   0.005244  Q11s =  -0.060655
|Q2| =   0.695633  Q20  =   0.530111  Q21c =  -0.040410  Q21s =   0.445635
                   Q22c =  -0.050895  Q22s =  -0.008562

C          x =  1.397660  y =  0.725550  z = 13.701990 angstrom
           Maximum rank =  2   Radius =  0.650 angstrom
                   Q00  =  -0.067374
|Q1| =   0.111396  Q10  =   0.099220  Q11c =   0.011333  Q11s =   0.049356
|Q2| =   1.149682  Q20  =   0.620854  Q21c =   0.132549  Q21s =  -0.008935
                   Q22c =  -0.950408  Q22s =   0.124037

C          x =  1.505190  y =  2.087870  z = 14.019800 angstrom
           Maximum rank =  2   Radius =  0.650 angstrom
                   Q00  =  -0.302246
|Q1| =   0.459520  Q10  =  -0.434715  Q11c =  -0.033919  Q11s =  -0.145019
|Q2| =   1.433802  Q20  =   0.171186  Q21c =   0.065440  Q21s =  -0.485273
                   Q22c =  -1.329021  Q22s =   0.142881

C          x =  1.608100  y = -1.054170  z = 28.772290 angstrom
           Maximum rank =  2   Radius =  0.650 angstrom
                   Q00  =  -0.061415
|Q1| =   0.062288  Q10  =   0.026964  Q11c =  -0.004719  Q11s =   0.055951
|Q2| =   1.327192  Q20  =   0.650525  Q21c =  -0.049164  Q21s =   0.225922
                   Q22c =  -1.107838  Q22s =  -0.239778

C          x =  1.587650  y =  5.279420  z = 11.772700 angstrom
           Maximum rank =  2   Radius =  0.650 angstrom
                   Q00  =   0.030839
|Q1| =   0.042601  Q10  =   0.030397  Q11c =   0.004004  Q11s =   0.029578
|Q2| =   1.166173  Q20  =   0.771583  Q21c =   0.069945  Q21s =   0.138134
                   Q22c =  -0.857779  Q22s =   0.069723

C          x =  1.488930  y =  3.549080  z = 10.019700 angstrom
           Maximum rank =  2   Radius =  0.650 angstrom
                   Q00  =   0.062129
|Q1| =   0.096308  Q10  =  -0.007442  Q11c =   0.004233  Q11s =   0.095926
|Q2| =   1.201611  Q20  =  -0.310023  Q21c =   0.028232  Q21s =   0.549488
                   Q22c =  -1.019225  Q22s =   0.078753

C          x =  1.603100  y = -1.127780  z = 30.235940 angstrom
           Maximum rank =  2   Radius =  0.650 angstrom
                   Q00  =   0.032535
|Q1| =   0.043623  Q10  =  -0.006758  Q11c =  -0.005447  Q11s =   0.042751
|Q2| =   1.161217  Q20  =   0.494263  Q21c =   0.005544  Q21s =  -0.266243
                   Q22c =  -1.001364  Q22s =  -0.174593

C          x =  1.735840  y = -2.104650  z = 27.904930 angstrom
           Maximum rank =  2   Radius =  0.650 angstrom
                   Q00  =   0.014731
|Q1| =   0.022846  Q10  =   0.022560  Q11c =   0.001404  Q11s =  -0.003319
|Q2| =   1.418937  Q20  =   0.772527  Q21c =  -0.047561  Q21s =   0.202688
                   Q22c =  -1.140770  Q22s =  -0.268116

C          x =  1.687540  y = -2.233250  z = 31.035380 angstrom
           Maximum rank =  2   Radius =  0.650 angstrom
                   Q00  =  -0.017649
|Q1| =   0.024755  Q10  =   0.015912  Q11c =  -0.000120  Q11s =  -0.018962
|Q2| =   1.302409  Q20  =   0.607783  Q21c =  -0.009588  Q21s =  -0.105035
                   Q22c =  -1.131963  Q22s =  -0.185478

C          x =  1.760270  y = -2.236830  z = 26.495930 angstrom
           Maximum rank =  2   Radius =  0.650 angstrom
                   Q00  =  -0.303039
|Q1| =   0.459597  Q10  =   0.252629  Q11c =   0.044506  Q11s =  -0.381349
|Q2| =   1.435025  Q20  =   0.923158  Q21c =  -0.083169  Q21s =   0.611043
                   Q22c =  -0.882065  Q22s =  -0.220789

C          x =  1.720620  y =  6.700180  z = 13.632010 angstrom
           Maximum rank =  2   Radius =  0.650 angstrom
                   Q00  =  -0.041889
|Q1| =   0.066933  Q10  =  -0.060893  Q11c =  -0.004008  Q11s =  -0.027495
|Q2| =   1.241150  Q20  =   0.492403  Q21c =   0.090192  Q21s =   0.097027
                   Q22c =  -1.127724  Q22s =   0.093183

C          x =  1.658710  y =  6.688500  z = 12.240570 angstrom
           Maximum rank =  2   Radius =  0.650 angstrom
                   Q00  =  -0.021464
|Q1| =   0.075730  Q10  =   0.070751  Q11c =   0.002866  Q11s =  -0.026852
|Q2| =   1.247589  Q20  =   0.477532  Q21c =   0.080763  Q21s =  -0.084667
                   Q22c =  -1.143779  Q22s =   0.080741

C          x =  1.673250  y =  7.897430  z = 11.548720 angstrom
           Maximum rank =  2   Radius =  0.650 angstrom
                   Q00  =   0.007207
|Q1| =   0.072014  Q10  =   0.069432  Q11c =   0.003621  Q11s =   0.018765
|Q2| =   1.433235  Q20  =   0.760106  Q21c =   0.109349  Q21s =  -0.018838
                   Q22c =  -1.206887  Q22s =   0.086682

H          x =  1.628190  y =  7.981980  z = 10.473840 angstrom
           Maximum rank =  1   Radius =  0.350 angstrom
                   Q00  =   0.112007
|Q1| =   0.062567  Q10  =   0.056031  Q11c =   0.002653  Q11s =  -0.027714

C          x =  1.749480  y =  9.060130  z = 12.287220 angstrom
           Maximum rank =  2   Radius =  0.650 angstrom
                   Q00  =   0.178805
|Q1| =   0.158699  Q10  =  -0.033202  Q11c =   0.004404  Q11s =   0.155124
|Q2| =   1.048406  Q20  =   0.455360  Q21c =   0.075760  Q21s =  -0.046898
                   Q22c =  -0.937728  Q22s =   0.067296

C          x =  1.811950  y =  9.051530  z = 13.679070 angstrom
           Maximum rank =  2   Radius =  0.650 angstrom
                   Q00  =   0.175242
|Q1| =   0.153891  Q10  =   0.027501  Q11c =   0.006787  Q11s =   0.151261
|Q2| =   1.054683  Q20  =   0.437778  Q21c =   0.079378  Q21s =   0.061063
                   Q22c =  -0.951363  Q22s =   0.074737

C          x =  1.798140  y =  7.862920  z = 14.373610 angstrom
           Maximum rank =  2   Radius =  0.650 angstrom
                   Q00  =   0.023586
|Q1| =   0.066904  Q10  =  -0.066765  Q11c =  -0.002985  Q11s =   0.003109
|Q2| =   1.376021  Q20  =   0.716584  Q21c =   0.107709  Q21s =  -0.010240
                   Q22c =  -1.166345  Q22s =   0.088738

H          x =  1.845740  y =  7.845130  z = 15.454690 angstrom
           Maximum rank =  1   Radius =  0.350 angstrom
                   Q00  =   0.098596
|Q1| =   0.085290  Q10  =  -0.084191  Q11c =  -0.004327  Q11s =  -0.012941

C          x =  1.917420  y = -3.498690  z = 25.903050 angstrom
           Maximum rank =  2   Radius =  0.650 angstrom
                   Q00  =  -0.065767
|Q1| =   0.111273  Q10  =  -0.048266  Q11c =  -0.014100  Q11s =   0.099263
|Q2| =   1.145261  Q20  =   0.584922  Q21c =   0.008888  Q21s =  -0.060337
                   Q22c =  -0.952021  Q22s =  -0.243770

C          x =  1.472990  y =  0.264280  z = 30.740590 angstrom
           Maximum rank =  2   Radius =  0.650 angstrom
                   Q00  =  -0.021574
|Q1| =   0.075562  Q10  =  -0.072072  Q11c =  -0.002881  Q11s =   0.022517
|Q2| =   1.247544  Q20  =   0.653771  Q21c =  -0.015318  Q21s =   0.172281
                   Q22c =  -1.030020  Q22s =  -0.195173

C          x =  1.388840  y =  1.132710  z = 29.654860 angstrom
           Maximum rank =  2   Radius =  0.650 angstrom
                   Q00  =  -0.041795
|Q1| =   0.066606  Q10  =   0.030951  Q11c =   0.005924  Q11s =  -0.058680
|Q2| =   1.240843  Q20  =   0.502048  Q21c =  -0.011328  Q21s =   0.109442
                   Q22c =  -1.108629  Q22s =  -0.215582

C          x =  1.257450  y =  2.500860  z = 29.792050 angstrom
           Maximum rank =  2   Radius =  0.650 angstrom
                   Q00  =   0.023935
|Q1| =   0.066861  Q10  =   0.054257  Q11c =   0.003909  Q11s =  -0.038876
|Q2| =   1.374728  Q20  =   0.699747  Q21c =   0.006282  Q21s =  -0.035223
                   Q22c =  -1.161105  Q22s =  -0.225358

C          x =  1.211200  y =  3.002420  z = 31.073340 angstrom
           Maximum rank =  2   Radius =  0.650 angstrom
                   Q00  =   0.176235
|Q1| =   0.154042  Q10  =   0.072376  Q11c =  -0.012748  Q11s =   0.135381
|Q2| =   1.051812  Q20  =   0.449573  Q21c =  -0.004718  Q21s =   0.078334
                   Q22c =  -0.930364  Q22s =  -0.180160

C          x =  1.295100  y =  2.149650  z = 32.171950 angstrom
           Maximum rank =  2   Radius =  0.650 angstrom
                   Q00  =   0.179657
|Q1| =   0.158720  Q10  =   0.122032  Q11c =  -0.009535  Q11s =   0.101041
|Q2| =   1.045670  Q20  =   0.542820  Q21c =  -0.004148  Q21s =   0.081565
                   Q22c =  -0.874012  Q22s =  -0.167940

C          x =  1.425300  y =  0.783400  z = 32.032340 angstrom
           Maximum rank =  2   Radius =  0.650 angstrom
                   Q00  =   0.008336
|Q1| =   0.071785  Q10  =  -0.042611  Q11c =  -0.005392  Q11s =   0.057517
|Q2| =   1.429311  Q20  =   0.738509  Q21c =   0.008497  Q21s =  -0.049801
                   Q22c =  -1.201228  Q22s =  -0.228110

C          x =  1.543680  y =  5.838310  z =  9.381030 angstrom
           Maximum rank =  2   Radius =  0.650 angstrom
                   Q00  =   0.058349
|Q1| =   0.106078  Q10  =   0.052436  Q11c =  -0.001235  Q11s =  -0.092204
|Q2| =   1.209121  Q20  =   0.507862  Q21c =   0.007107  Q21s =  -0.955944
                   Q22c =  -0.538575  Q22s =   0.010366

N          x =  1.886750  y = -4.650480  z = 30.169080 angstrom
           Maximum rank =  2   Radius =  0.650 angstrom
                   Q00  =  -0.249504
|Q1| =   0.601951  Q10  =   0.276315  Q11c =  -0.047263  Q11s =   0.532693
|Q2| =   0.664275  Q20  =  -0.318005  Q21c =  -0.004370  Q21s =   0.196445
                   Q22c =  -0.542451  Q22s =  -0.085271

C          x =  1.797750  y = -3.566130  z = 30.541770 angstrom
           Maximum rank =  2   Radius =  0.650 angstrom
                   Q00  =   0.062693
|Q1| =   0.097141  Q10  =   0.066341  Q11c =  -0.007583  Q11s =   0.070553
|Q2| =   1.199979  Q20  =  -0.256978  Q21c =  -0.056588  Q21s =   0.625574
                   Q22c =  -0.975954  Q22s =  -0.163956

N          x =  1.543750  y =  6.567140  z =  8.492400 angstrom
           Maximum rank =  2   Radius =  0.650 angstrom
                   Q00  =  -0.221100
|Q1| =   0.560822  Q10  =   0.414129  Q11c =  -0.001078  Q11s =  -0.378176
|Q2| =   0.619143  Q20  =   0.305710  Q21c =   0.004376  Q21s =  -0.489697
                   Q22c =  -0.223723  Q22s =   0.002024

C          x =  1.668770  y = -2.168210  z = 32.460240 angstrom
           Maximum rank =  2   Radius =  0.650 angstrom
                   Q00  =   0.058626
|Q1| =   0.106736  Q10  =  -0.098741  Q11c =   0.003768  Q11s =  -0.040355
|Q2| =   1.208052  Q20  =   1.198578  Q21c =  -0.023758  Q21s =   0.055931
                   Q22c =  -0.136147  Q22s =  -0.023891

C          x =  2.087690  y = -4.788830  z = 26.646470 angstrom
           Maximum rank =  2   Radius =  0.650 angstrom
                   Q00  =   0.015027
|Q1| =   0.041957  Q10  =  -0.040504  Q11c =  -0.005849  Q11s =   0.009256
|Q2| =   0.232202  Q20  =   0.169058  Q21c =   0.001292  Q21s =  -0.055676
                   Q22c =  -0.147505  Q22s =  -0.021869

C          x =  1.540410  y =  4.904300  z = 10.459190 angstrom
           Maximum rank =  2   Radius =  0.650 angstrom
                   Q00  =  -0.019858
|Q1| =   0.023438  Q10  =  -0.022917  Q11c =   0.000993  Q11s =  -0.004814
|Q2| =   1.309147  Q20  =   0.728623  Q21c =   0.063947  Q21s =   0.067738
                   Q22c =  -1.081339  Q22s =   0.070733

H          x =  1.848460  y = -3.072090  z = 28.372220 angstrom
           Maximum rank =  1   Radius =  0.350 angstrom
                   Q00  =   0.093469
|Q1| =   0.062000  Q10  =  -0.008842  Q11c =  -0.009339  Q11s =   0.060652

H          x =  1.193660  y =  3.154560  z = 28.931860 angstrom
           Maximum rank =  1   Radius =  0.350 angstrom
                   Q00  =   0.098747
|Q1| =   0.085160  Q10  =   0.058082  Q11c =   0.006093  Q11s =  -0.061981

H          x =  1.484170  y =  0.185810  z = 32.928980 angstrom
           Maximum rank =  1   Radius =  0.350 angstrom
                   Q00  =   0.112593
|Q1| =   0.062134  Q10  =  -0.060744  Q11c =  -0.002393  Q11s =   0.012850

C          x =  2.195330  y =  1.115230  z = 19.144070 angstrom
           Maximum rank =  2   Radius =  0.650 angstrom
                   Q00  =   0.099069
|Q1| =   0.131969  Q10  =  -0.084118  Q11c =   0.010711  Q11s =  -0.101120
|Q2| =   0.185451  Q20  =   0.067311  Q21c =   0.066354  Q21s =   0.005133
                   Q22c =  -0.146413  Q22s =   0.063206

C          x =  1.037520  y =  0.149310  z = 21.862870 angstrom
           Maximum rank =  2   Radius =  0.650 angstrom
                   Q00  =   0.099051
|Q1| =   0.131966  Q10  =   0.003271  Q11c =  -0.006278  Q11s =  -0.131776
|Q2| =   0.185575  Q20  =   0.073017  Q21c =   0.009415  Q21s =   0.012778
                   Q22c =  -0.136879  Q22s =  -0.100592

N          x =  1.656960  y = -2.146820  z = 33.609270 angstrom
           Maximum rank =  2   Radius =  0.650 angstrom
                   Q00  =  -0.217169
|Q1| =   0.558561  Q10  =  -0.557035  Q11c =   0.007974  Q11s =  -0.040476
|Q2| =   0.616995  Q20  =   0.614470  Q21c =  -0.006855  Q21s =  -0.035216
                   Q22c =  -0.042082  Q22s =  -0.007177

C          x =  1.262540  y =  0.167620  z = 12.317580 angstrom
           Maximum rank =  2   Radius =  0.650 angstrom
                   Q00  =   0.014989
|Q1| =   0.042131  Q10  =   0.037778  Q11c =   0.006786  Q11s =  -0.017373
|Q2| =   0.231963  Q20  =   0.167524  Q21c =   0.008139  Q21s =  -0.057790
                   Q22c =  -0.149342  Q22s =   0.005805

H          x =  2.111430  y = -5.628720  z = 25.952940 angstrom
           Maximum rank =  1   Radius =  0.350 angstrom
                   Q00  =   0.039676
|Q1| =   0.112410  Q10  =   0.029615  Q11c =  -0.007082  Q11s =   0.108207

H          x =  1.276730  y = -4.965690  z = 27.354430 angstrom
           Maximum rank =  1   Radius =  0.350 angstrom
                   Q00  =   0.067136
|Q1| =   0.098027  Q10  =  -0.034057  Q11c =   0.070164  Q11s =   0.059384

H          x =  3.019050  y = -4.802590  z = 27.216470 angstrom
           Maximum rank =  1   Radius =  0.350 angstrom
                   Q00  =   0.062762
|Q1| =   0.106477  Q10  =  -0.034083  Q11c =  -0.091171  Q11s =   0.043168

H          x =  1.399420  y =  1.786350  z = 19.469010 angstrom
           Maximum rank =  1   Radius =  0.350 angstrom
                   Q00  =   0.056862
|Q1| =   0.109528  Q10  =  -0.036052  Q11c =   0.050997  Q11s =  -0.089978

H          x =  2.818760  y =  1.640100  z = 18.421140 angstrom
           Maximum rank =  1   Radius =  0.350 angstrom
                   Q00  =   0.066497
|Q1| =   0.100681  Q10  =   0.014583  Q11c =  -0.068857  Q11s =  -0.071991

H          x =  2.821860  y =  0.852590  z = 19.992910 angstrom
           Maximum rank =  1   Radius =  0.350 angstrom
                   Q00  =   0.066347
|Q1| =   0.103027  Q10  =  -0.057104  Q11c =  -0.078551  Q11s =  -0.034400

H          x =  0.405220  y =  0.091680  z = 22.748130 angstrom
           Maximum rank =  1   Radius =  0.350 angstrom
                   Q00  =   0.066545
|Q1| =   0.100635  Q10  =  -0.055213  Q11c =   0.071069  Q11s =  -0.045033

H          x =  0.410130  y =  0.447380  z = 21.026470 angstrom
           Maximum rank =  1   Radius =  0.350 angstrom
                   Q00  =   0.066350
|Q1| =   0.103030  Q10  =   0.024468  Q11c =   0.080361  Q11s =  -0.059653

H          x =  1.805840  y =  0.904450  z = 22.032850 angstrom
           Maximum rank =  1   Radius =  0.350 angstrom
                   Q00  =   0.056899
|Q1| =   0.109488  Q10  =  -0.028011  Q11c =  -0.047406  Q11s =  -0.094634

H          x =  1.289380  y = -0.921290  z = 12.340750 angstrom
           Maximum rank =  1   Radius =  0.350 angstrom
                   Q00  =   0.039262
|Q1| =   0.112868  Q10  =   0.044171  Q11c =   0.001878  Q11s =   0.103849

H          x =  2.062300  y =  0.505360  z = 11.657090 angstrom
           Maximum rank =  1   Radius =  0.350 angstrom
                   Q00  =   0.066946
|Q1| =   0.097683  Q10  =   0.062827  Q11c =  -0.071197  Q11s =   0.022929

H          x =  0.318640  y =  0.466590  z = 11.856750 angstrom
           Maximum rank =  1   Radius =  0.350 angstrom
                   Q00  =   0.061863
|Q1| =   0.107559  Q10  =   0.055183  Q11c =   0.090882  Q11s =   0.016255

Total multipoles referred to origin at
           x =   0.000000,  y =    0.000000,  z =    0.000000 angstrom
                   Q00  =   0.000058
|Q1| =   0.802367  Q10  =   0.263823  Q11c =  -0.000794  Q11s =  -0.757753
|Q2| = 154.441053  Q20  =-141.766780  Q21c =  -0.311928  Q21s =  50.492181
                   Q22c =  34.588817  Q22s =  -2.876664

CPU time used:     25m 6.708s          Total:     25m 6.708s

Finished at 17:3:57 on 22 Jun 2021  
