                                     G D M A

                                 by Anthony Stone

                         version 2.2.11, 04 February 2015

               Distributed Multipoles from Gaussian wavefunctions


Starting at 16:38:22 on 22 Jun 2021 

s1S0



Using CI density matrix from file sN_x.fchk


                         Distributed Multipole Analysis

Standard DMA for products of primitives with exponent greater than 4.00000
Using 80-point Euler-MacLaurin radial quadrature
Using 590-point Lebedev quadrature
Becke smoothing parameter = 3

Positions and radii in angstrom
Multipole moments in atomic units, ea_0^k for rank k

S          x =  1.744190  y = -6.079920  z = 18.173660 angstrom
           Maximum rank =  2   Radius =  0.650 angstrom
                   Q00  =   0.982317
|Q1| =   1.084639  Q10  =   0.355624  Q11c =  -0.020048  Q11s =   1.024486
|Q2| =   1.995809  Q20  =   1.436553  Q21c =   0.571527  Q21s =  -0.524497
                   Q22c =  -1.123212  Q22s =  -0.237118

S          x =  1.314410  y = -1.808560  z = 15.093960 angstrom
           Maximum rank =  2   Radius =  0.650 angstrom
                   Q00  =   0.724153
|Q1| =   1.103965  Q10  =   0.707545  Q11c =   0.107636  Q11s =   0.840556
|Q2| =   2.362992  Q20  =   1.217185  Q21c =   0.198450  Q21s =  -0.844522
                   Q22c =  -1.820167  Q22s =   0.191265

S          x =  1.628270  y =  2.345870  z = 15.767000 angstrom
           Maximum rank =  2   Radius =  0.650 angstrom
                   Q00  =   0.789447
|Q1| =   0.934467  Q10  =  -0.663648  Q11c =  -0.095288  Q11s =  -0.650937
|Q2| =   2.496923  Q20  =   0.805009  Q21c =   0.155898  Q21s =  -0.833702
                   Q22c =  -2.197637  Q22s =   0.193946

S          x =  2.067230  y = -4.622010  z = 23.241800 angstrom
           Maximum rank =  2   Radius =  0.650 angstrom
                   Q00  =   0.723981
|Q1| =   1.104218  Q10  =  -0.036151  Q11c =  -0.145849  Q11s =   1.093946
|Q2| =   2.363297  Q20  =   1.833310  Q21c =  -0.015573  Q21s =   0.053069
                   Q22c =  -1.443291  Q22s =  -0.371484

S          x =  1.605680  y = -0.956890  z = 25.282610 angstrom
           Maximum rank =  2   Radius =  0.650 angstrom
                   Q00  =   0.789507
|Q1| =   0.934459  Q10  =   0.118944  Q11c =   0.124159  Q11s =  -0.918505
|Q2| =   2.496681  Q20  =   1.773453  Q21c =  -0.068662  Q21s =   0.579876
                   Q22c =  -1.615651  Q22s =  -0.370109

N          x =  1.922300  y = -5.471850  z = 19.685370 angstrom
           Maximum rank =  2   Radius =  0.650 angstrom
                   Q00  =  -0.561098
|Q1| =   0.679865  Q10  =  -0.079960  Q11c =  -0.054218  Q11s =   0.672966
|Q2| =   0.796056  Q20  =  -0.130738  Q21c =   0.074992  Q21s =   0.233639
                   Q22c =  -0.741114  Q22s =  -0.084568

N          x =  1.527860  y = -4.672730  z = 17.361410 angstrom
           Maximum rank =  2   Radius =  0.650 angstrom
                   Q00  =  -0.561001
|Q1| =   0.679798  Q10  =   0.480203  Q11c =   0.031596  Q11s =   0.480138
|Q2| =   0.796018  Q20  =  -0.003915  Q21c =   0.089719  Q21s =   0.419557
                   Q22c =  -0.669810  Q22s =  -0.030116

O          x =  1.729140  y =  4.995030  z = 15.311610 angstrom
           Maximum rank =  2   Radius =  0.650 angstrom
                   Q00  =  -0.422122
|Q1| =   0.568128  Q10  =  -0.514334  Q11c =  -0.013842  Q11s =   0.240912
|Q2| =   0.972405  Q20  =   0.869589  Q21c =   0.045372  Q21s =  -0.269566
                   Q22c =   0.336216  Q22s =  -0.040269

N          x =  1.675300  y = -0.093630  z = 18.521450 angstrom
           Maximum rank =  2   Radius =  0.650 angstrom
                   Q00  =  -0.182296
|Q1| =   0.216787  Q10  =  -0.120486  Q11c =   0.083702  Q11s =  -0.159604
|Q2| =   1.307732  Q20  =   0.517610  Q21c =   0.367907  Q21s =  -0.015634
                   Q22c =  -1.047344  Q22s =   0.457944

C          x =  1.818540  y = -4.164000  z = 19.590040 angstrom
           Maximum rank =  2   Radius =  0.650 angstrom
                   Q00  =   0.027842
|Q1| =   0.029976  Q10  =   0.014350  Q11c =  -0.011219  Q11s =   0.023807
|Q2| =   1.078321  Q20  =   0.462746  Q21c =   0.198211  Q21s =   0.125855
                   Q22c =  -0.934738  Q22s =  -0.140641

N          x =  1.606380  y = -1.166520  z = 21.608950 angstrom
           Maximum rank =  2   Radius =  0.650 angstrom
                   Q00  =  -0.182373
|Q1| =   0.217281  Q10  =  -0.005270  Q11c =  -0.077465  Q11s =  -0.202935
|Q2| =   1.307911  Q20  =   0.581015  Q21c =  -0.019863  Q21s =   0.069472
                   Q22c =  -0.967806  Q22s =  -0.656646

O          x =  1.416350  y =  0.835130  z = 27.280110 angstrom
           Maximum rank =  2   Radius =  0.650 angstrom
                   Q00  =  -0.422053
|Q1| =   0.568086  Q10  =   0.553091  Q11c =   0.012459  Q11s =  -0.129061
|Q2| =   0.972348  Q20  =   0.485520  Q21c =   0.084849  Q21s =  -0.830388
                   Q22c =   0.111987  Q22s =   0.021132

C          x =  1.588370  y = -3.702380  z = 18.247460 angstrom
           Maximum rank =  2   Radius =  0.650 angstrom
                   Q00  =   0.027869
|Q1| =   0.029781  Q10  =   0.003656  Q11c =   0.009696  Q11s =   0.027920
|Q2| =   1.078256  Q20  =   0.405707  Q21c =   0.221832  Q21s =   0.042839
                   Q22c =  -0.969967  Q22s =  -0.078469

C          x =  1.852060  y = -3.215810  z = 20.659700 angstrom
           Maximum rank =  2   Radius =  0.650 angstrom
                   Q00  =  -0.036212
|Q1| =   0.082192  Q10  =  -0.022351  Q11c =  -0.029035  Q11s =   0.073572
|Q2| =   1.336237  Q20  =   0.737554  Q21c =   0.108199  Q21s =   0.281828
                   Q22c =  -1.060349  Q22s =  -0.161461

C          x =  1.441470  y = -1.546910  z = 16.805740 angstrom
           Maximum rank =  2   Radius =  0.650 angstrom
                   Q00  =  -0.320068
|Q1| =   0.613117  Q10  =   0.561401  Q11c =   0.061205  Q11s =   0.238737
|Q2| =   1.353299  Q20  =   0.403303  Q21c =   0.122125  Q21s =  -0.501372
                   Q22c =  -1.181579  Q22s =   0.079668

F          x =  1.086180  y =  4.309790  z = 31.291300 angstrom
           Maximum rank =  2   Radius =  0.650 angstrom
                   Q00  =  -0.204261
|Q1| =   0.222771  Q10  =  -0.002073  Q11c =   0.021111  Q11s =  -0.221759
|Q2| =   0.699432  Q20  =  -0.370876  Q21c =  -0.016704  Q21s =   0.173115
                   Q22c =  -0.556648  Q22s =  -0.107471

C          x =  1.546560  y =  0.651310  z = 16.035800 angstrom
           Maximum rank =  2   Radius =  0.650 angstrom
                   Q00  =  -0.358478
|Q1| =   0.581039  Q10  =  -0.045282  Q11c =  -0.051277  Q11s =  -0.576998
|Q2| =   1.404442  Q20  =   1.066951  Q21c =   0.126494  Q21s =  -0.364822
                   Q22c =  -0.824434  Q22s =   0.072708

F          x =  1.884490  y = 10.216410  z = 14.319510 angstrom
           Maximum rank =  2   Radius =  0.650 angstrom
                   Q00  =  -0.204322
|Q1| =   0.222801  Q10  =  -0.136034  Q11c =  -0.012896  Q11s =  -0.175980
|Q2| =   0.699444  Q20  =  -0.116985  Q21c =   0.030306  Q21s =   0.545607
                   Q22c =  -0.416883  Q22s =   0.056036

C          x =  1.510250  y = -2.297280  z = 17.994580 angstrom
           Maximum rank =  2   Radius =  0.650 angstrom
                   Q00  =  -0.036171
|Q1| =   0.082047  Q10  =   0.063478  Q11c =   0.026310  Q11s =   0.044833
|Q2| =   1.336107  Q20  =   0.431651  Q21c =   0.166571  Q21s =  -0.164870
                   Q22c =  -1.242354  Q22s =  -0.022101

C          x =  1.463830  y =  0.364010  z = 28.395060 angstrom
           Maximum rank =  2   Radius =  0.650 angstrom
                   Q00  =   0.193110
|Q1| =   0.029401  Q10  =  -0.026346  Q11c =  -0.000943  Q11s =   0.013017
|Q2| =   0.762538  Q20  =   0.528744  Q21c =   0.014657  Q21s =  -0.149882
                   Q22c =  -0.517665  Q22s =  -0.106013

C          x =  1.422520  y = -0.069580  z = 14.850930 angstrom
           Maximum rank =  2   Radius =  0.650 angstrom
                   Q00  =  -0.343170
|Q1| =   0.553643  Q10  =   0.069822  Q11c =   0.039959  Q11s =   0.547767
|Q2| =   1.396230  Q20  =   1.113145  Q21c =   0.158337  Q21s =  -0.339465
                   Q22c =  -0.751063  Q22s =   0.077230

C          x =  1.690960  y = -1.841610  z = 20.403670 angstrom
           Maximum rank =  2   Radius =  0.650 angstrom
                   Q00  =   0.042714
|Q1| =   0.094762  Q10  =   0.092021  Q11c =   0.004152  Q11s =  -0.022241
|Q2| =   1.291722  Q20  =   0.839948  Q21c =   0.025876  Q21s =  -0.036459
                   Q22c =  -0.956778  Q22s =  -0.213567

C          x =  1.627420  y = -1.372470  z = 19.048580 angstrom
           Maximum rank =  2   Radius =  0.650 angstrom
                   Q00  =   0.042731
|Q1| =   0.094774  Q10  =  -0.086044  Q11c =  -0.004839  Q11s =   0.039435
|Q2| =   1.291721  Q20  =   0.708022  Q21c =   0.133414  Q21s =  -0.227494
                   Q22c =  -1.044339  Q22s =   0.083967

C          x =  1.740840  y = -2.117040  z = 24.023140 angstrom
           Maximum rank =  2   Radius =  0.650 angstrom
                   Q00  =  -0.358477
|Q1| =   0.581007  Q10  =  -0.321198  Q11c =   0.070562  Q11s =  -0.478981
|Q2| =   1.404481  Q20  =   1.035001  Q21c =   0.039704  Q21s =  -0.413104
                   Q22c =  -0.832740  Q22s =  -0.188815

F          x =  1.764970  y = 10.237940  z = 11.665980 angstrom
           Maximum rank =  2   Radius =  0.650 angstrom
                   Q00  =  -0.202376
|Q1| =   0.222342  Q10  =   0.130156  Q11c =  -0.000870  Q11s =  -0.180262
|Q2| =   0.695845  Q20  =  -0.134104  Q21c =  -0.010431  Q21s =  -0.525775
                   Q22c =  -0.435429  Q22s =   0.008290

C          x =  1.910060  y = -3.361090  z = 22.058520 angstrom
           Maximum rank =  2   Radius =  0.650 angstrom
                   Q00  =  -0.320122
|Q1| =   0.613140  Q10  =  -0.293557  Q11c =  -0.076746  Q11s =   0.532800
|Q2| =   1.353454  Q20  =   0.986768  Q21c =   0.005965  Q21s =   0.350415
                   Q22c =  -0.834058  Q22s =  -0.199116

C          x =  1.593240  y =  4.430530  z = 12.967300 angstrom
           Maximum rank =  2   Radius =  0.650 angstrom
                   Q00  =  -0.061607
|Q1| =   0.061578  Q10  =   0.013775  Q11c =   0.001902  Q11s =   0.059987
|Q2| =   1.328202  Q20  =   0.457329  Q21c =   0.079642  Q21s =  -0.055286
                   Q22c =  -1.235877  Q22s =   0.134835

C          x =  1.511240  y =  3.065030  z = 12.995820 angstrom
           Maximum rank =  2   Radius =  0.650 angstrom
                   Q00  =   0.013364
|Q1| =   0.023252  Q10  =  -0.019795  Q11c =  -0.001933  Q11s =   0.012044
|Q2| =   1.422961  Q20  =   0.540981  Q21c =   0.100754  Q21s =  -0.136532
                   Q22c =  -1.295771  Q22s =   0.156028

H          x =  1.428200  y =  2.591860  z = 12.028240 angstrom
           Maximum rank =  1   Radius =  0.350 angstrom
                   Q00  =   0.093181
|Q1| =   0.062143  Q10  =   0.044703  Q11c =   0.007535  Q11s =   0.042504

C          x =  1.548780  y = -0.210830  z = 17.153680 angstrom
           Maximum rank =  2   Radius =  0.650 angstrom
                   Q00  =   0.015533
|Q1| =   0.126145  Q10  =   0.093989  Q11c =  -0.002347  Q11s =  -0.084101
|Q2| =   1.239557  Q20  =   0.810156  Q21c =   0.154657  Q21s =  -0.187634
                   Q22c =  -0.901360  Q22s =   0.092602

C          x =  1.753510  y = -2.101210  z = 22.611580 angstrom
           Maximum rank =  2   Radius =  0.650 angstrom
                   Q00  =   0.015514
|Q1| =   0.126118  Q10  =  -0.125829  Q11c =   0.003597  Q11s =  -0.007743
|Q2| =   1.239600  Q20  =   0.802502  Q21c =   0.045475  Q21s =  -0.200728
                   Q22c =  -0.893513  Q22s =  -0.227757

C          x =  1.687930  y =  5.314340  z = 14.143850 angstrom
           Maximum rank =  2   Radius =  0.650 angstrom
                   Q00  =   0.193100
|Q1| =   0.029416  Q10  =   0.028791  Q11c =   0.000125  Q11s =  -0.006032
|Q2| =   0.762566  Q20  =   0.524510  Q21c =   0.060920  Q21s =  -0.155465
                   Q22c =  -0.526305  Q22s =   0.038961

C          x =  1.904070  y = -3.412010  z = 24.508340 angstrom
           Maximum rank =  2   Radius =  0.650 angstrom
                   Q00  =  -0.343173
|Q1| =   0.553699  Q10  =   0.283939  Q11c =  -0.059853  Q11s =   0.471571
|Q2| =   1.396214  Q20  =   1.009418  Q21c =   0.066081  Q21s =  -0.492756
                   Q22c =  -0.800092  Q22s =  -0.207765

N          x =  1.447150  y =  2.464440  z =  9.639650 angstrom
           Maximum rank =  2   Radius =  0.650 angstrom
                   Q00  =  -0.250583
|Q1| =   0.602280  Q10  =   0.114515  Q11c =   0.023146  Q11s =   0.590839
|Q2| =   0.664223  Q20  =  -0.118722  Q21c =   0.027949  Q21s =   0.486920
                   Q22c =  -0.434100  Q22s =   0.027975

F          x =  1.246390  y =  2.688020  z = 33.389000 angstrom
           Maximum rank =  2   Radius =  0.650 angstrom
                   Q00  =  -0.202354
|Q1| =   0.222330  Q10  =  -0.213810  Q11c =   0.005088  Q11s =  -0.060744
|Q2| =   0.695841  Q20  =   0.530268  Q21c =  -0.040398  Q21s =   0.445767
                   Q22c =  -0.050969  Q22s =  -0.008541

C          x =  1.397660  y =  0.725550  z = 13.701990 angstrom
           Maximum rank =  2   Radius =  0.650 angstrom
                   Q00  =  -0.066467
|Q1| =   0.111338  Q10  =   0.099402  Q11c =   0.011047  Q11s =   0.048921
|Q2| =   1.147187  Q20  =   0.619543  Q21c =   0.132320  Q21s =  -0.008864
                   Q22c =  -0.948312  Q22s =   0.123788

C          x =  1.505190  y =  2.087870  z = 14.019800 angstrom
           Maximum rank =  2   Radius =  0.650 angstrom
                   Q00  =  -0.302644
|Q1| =   0.459533  Q10  =  -0.434835  Q11c =  -0.034229  Q11s =  -0.144628
|Q2| =   1.434469  Q20  =   0.171541  Q21c =   0.065418  Q21s =  -0.485664
                   Q22c =  -1.329554  Q22s =   0.142871

C          x =  1.608100  y = -1.054170  z = 28.772290 angstrom
           Maximum rank =  2   Radius =  0.650 angstrom
                   Q00  =  -0.061578
|Q1| =   0.061567  Q10  =   0.026288  Q11c =  -0.004959  Q11s =   0.055451
|Q2| =   1.328139  Q20  =   0.650821  Q21c =  -0.049114  Q21s =   0.225639
                   Q22c =  -1.108827  Q22s =  -0.239921

C          x =  1.587650  y =  5.279420  z = 11.772700 angstrom
           Maximum rank =  2   Radius =  0.650 angstrom
                   Q00  =   0.031647
|Q1| =   0.043103  Q10  =   0.031130  Q11c =   0.003765  Q11s =   0.029574
|Q2| =   1.163791  Q20  =   0.770563  Q21c =   0.069831  Q21s =   0.137959
                   Q22c =  -0.855509  Q22s =   0.069541

C          x =  1.488930  y =  3.549080  z = 10.019700 angstrom
           Maximum rank =  2   Radius =  0.650 angstrom
                   Q00  =   0.062401
|Q1| =   0.096727  Q10  =  -0.007859  Q11c =   0.003907  Q11s =   0.096328
|Q2| =   1.200766  Q20  =  -0.310291  Q21c =   0.028150  Q21s =   0.549288
                   Q22c =  -1.018258  Q22s =   0.078727

C          x =  1.603100  y = -1.127780  z = 30.235940 angstrom
           Maximum rank =  2   Radius =  0.650 angstrom
                   Q00  =   0.031656
|Q1| =   0.043118  Q10  =  -0.006160  Q11c =  -0.005685  Q11s =   0.042296
|Q2| =   1.163811  Q20  =   0.495307  Q21c =   0.005468  Q21s =  -0.265960
                   Q22c =  -1.003856  Q22s =  -0.175030

C          x =  1.735840  y = -2.104650  z = 27.904930 angstrom
           Maximum rank =  2   Radius =  0.650 angstrom
                   Q00  =   0.013283
|Q1| =   0.023175  Q10  =   0.022985  Q11c =   0.000972  Q11s =  -0.002795
|Q2| =   1.423618  Q20  =   0.775079  Q21c =  -0.047692  Q21s =   0.203082
                   Q22c =  -1.144608  Q22s =  -0.268882

C          x =  1.687540  y = -2.233250  z = 31.035380 angstrom
           Maximum rank =  2   Radius =  0.650 angstrom
                   Q00  =  -0.018755
|Q1| =   0.024125  Q10  =   0.015450  Q11c =  -0.000463  Q11s =  -0.018524
|Q2| =   1.305785  Q20  =   0.609653  Q21c =  -0.009650  Q21s =  -0.105029
                   Q22c =  -1.134773  Q22s =  -0.185911

C          x =  1.760270  y = -2.236830  z = 26.495930 angstrom
           Maximum rank =  2   Radius =  0.650 angstrom
                   Q00  =  -0.302691
|Q1| =   0.459585  Q10  =   0.252229  Q11c =   0.044195  Q11s =  -0.381636
|Q2| =   1.434494  Q20  =   0.922618  Q21c =  -0.083138  Q21s =   0.610978
                   Q22c =  -0.881806  Q22s =  -0.220817

C          x =  1.720620  y =  6.700180  z = 13.632010 angstrom
           Maximum rank =  2   Radius =  0.650 angstrom
                   Q00  =  -0.041835
|Q1| =   0.066787  Q10  =  -0.060804  Q11c =  -0.004269  Q11s =  -0.027297
|Q2| =   1.240955  Q20  =   0.492307  Q21c =   0.090121  Q21s =   0.096979
                   Q22c =  -1.127563  Q22s =   0.093159

C          x =  1.658710  y =  6.688500  z = 12.240570 angstrom
           Maximum rank =  2   Radius =  0.650 angstrom
                   Q00  =  -0.021473
|Q1| =   0.075647  Q10  =   0.070663  Q11c =   0.002592  Q11s =  -0.026879
|Q2| =   1.247449  Q20  =   0.477333  Q21c =   0.080795  Q21s =  -0.084592
                   Q22c =  -1.143714  Q22s =   0.080728

C          x =  1.673250  y =  7.897430  z = 11.548720 angstrom
           Maximum rank =  2   Radius =  0.650 angstrom
                   Q00  =   0.007758
|Q1| =   0.071897  Q10  =   0.069311  Q11c =   0.003279  Q11s =   0.018826
|Q2| =   1.431298  Q20  =   0.759099  Q21c =   0.109354  Q21s =  -0.019153
                   Q22c =  -1.205228  Q22s =   0.086517

H          x =  1.628190  y =  7.981980  z = 10.473840 angstrom
           Maximum rank =  1   Radius =  0.350 angstrom
                   Q00  =   0.112295
|Q1| =   0.062366  Q10  =   0.055867  Q11c =   0.002593  Q11s =  -0.027598

C          x =  1.749480  y =  9.060130  z = 12.287220 angstrom
           Maximum rank =  2   Radius =  0.650 angstrom
                   Q00  =   0.179142
|Q1| =   0.158706  Q10  =  -0.033149  Q11c =   0.004108  Q11s =   0.155151
|Q2| =   1.047302  Q20  =   0.455032  Q21c =   0.075730  Q21s =  -0.046674
                   Q22c =  -0.936672  Q22s =   0.067240

C          x =  1.811950  y =  9.051530  z = 13.679070 angstrom
           Maximum rank =  2   Radius =  0.650 angstrom
                   Q00  =   0.175613
|Q1| =   0.153962  Q10  =   0.027378  Q11c =   0.006488  Q11s =   0.151369
|Q2| =   1.053626  Q20  =   0.437295  Q21c =   0.079259  Q21s =   0.060947
                   Q22c =  -0.950436  Q22s =   0.074669

C          x =  1.798140  y =  7.862920  z = 14.373610 angstrom
           Maximum rank =  2   Radius =  0.650 angstrom
                   Q00  =   0.023692
|Q1| =   0.066908  Q10  =  -0.066757  Q11c =  -0.003323  Q11s =   0.003024
|Q2| =   1.375619  Q20  =   0.716392  Q21c =   0.107506  Q21s =  -0.010171
                   Q22c =  -1.166011  Q22s =   0.088697

H          x =  1.845740  y =  7.845130  z = 15.454690 angstrom
           Maximum rank =  1   Radius =  0.350 angstrom
                   Q00  =   0.098608
|Q1| =   0.085279  Q10  =  -0.084180  Q11c =  -0.004385  Q11s =  -0.012923

C          x =  1.917420  y = -3.498690  z = 25.903050 angstrom
           Maximum rank =  2   Radius =  0.650 angstrom
                   Q00  =  -0.066542
|Q1| =   0.111342  Q10  =  -0.047881  Q11c =  -0.014421  Q11s =   0.099481
|Q2| =   1.147359  Q20  =   0.586006  Q21c =   0.008853  Q21s =  -0.060324
                   Q22c =  -0.953781  Q22s =  -0.244161

C          x =  1.472990  y =  0.264280  z = 30.740590 angstrom
           Maximum rank =  2   Radius =  0.650 angstrom
                   Q00  =  -0.021498
|Q1| =   0.075650  Q10  =  -0.072144  Q11c =  -0.003164  Q11s =   0.022542
|Q2| =   1.247503  Q20  =   0.653936  Q21c =  -0.015350  Q21s =   0.172147
                   Q22c =  -1.029896  Q22s =  -0.195129

C          x =  1.388840  y =  1.132710  z = 29.654860 angstrom
           Maximum rank =  2   Radius =  0.650 angstrom
                   Q00  =  -0.041830
|Q1| =   0.066784  Q10  =   0.030876  Q11c =   0.005664  Q11s =  -0.058946
|Q2| =   1.240965  Q20  =   0.501987  Q21c =  -0.011287  Q21s =   0.109423
                   Q22c =  -1.108781  Q22s =  -0.215654

C          x =  1.257450  y =  2.500860  z = 29.792050 angstrom
           Maximum rank =  2   Radius =  0.650 angstrom
                   Q00  =   0.023716
|Q1| =   0.066887  Q10  =   0.054302  Q11c =   0.003560  Q11s =  -0.038891
|Q2| =   1.375533  Q20  =   0.700324  Q21c =   0.006411  Q21s =  -0.035164
                   Q22c =  -1.161665  Q22s =  -0.225597

C          x =  1.211200  y =  3.002420  z = 31.073340 angstrom
           Maximum rank =  2   Radius =  0.650 angstrom
                   Q00  =   0.175654
|Q1| =   0.153964  Q10  =   0.072195  Q11c =  -0.013058  Q11s =   0.135360
|Q2| =   1.053495  Q20  =   0.450165  Q21c =  -0.004688  Q21s =   0.078414
                   Q22c =  -0.931913  Q22s =  -0.180476

C          x =  1.295100  y =  2.149650  z = 32.171950 angstrom
           Maximum rank =  2   Radius =  0.650 angstrom
                   Q00  =   0.179159
|Q1| =   0.158707  Q10  =   0.122074  Q11c =  -0.009838  Q11s =   0.100941
|Q2| =   1.047257  Q20  =   0.543819  Q21c =  -0.004198  Q21s =   0.081927
                   Q22c =  -0.875219  Q22s =  -0.168139

C          x =  1.425300  y =  0.783400  z = 32.032340 angstrom
           Maximum rank =  2   Radius =  0.650 angstrom
                   Q00  =   0.007744
|Q1| =   0.071884  Q10  =  -0.042773  Q11c =  -0.005743  Q11s =   0.057487
|Q2| =   1.431378  Q20  =   0.739180  Q21c =   0.008361  Q21s =  -0.049944
                   Q22c =  -1.203213  Q22s =  -0.228406

C          x =  1.543680  y =  5.838310  z =  9.381030 angstrom
           Maximum rank =  2   Radius =  0.650 angstrom
                   Q00  =   0.058510
|Q1| =   0.106429  Q10  =   0.052411  Q11c =  -0.001591  Q11s =  -0.092616
|Q2| =   1.208545  Q20  =   0.507369  Q21c =   0.007075  Q21s =  -0.955878
                   Q22c =  -0.537865  Q22s =   0.010283

N          x =  1.886750  y = -4.650480  z = 30.169080 angstrom
           Maximum rank =  2   Radius =  0.650 angstrom
                   Q00  =  -0.250750
|Q1| =   0.602542  Q10  =   0.276036  Q11c =  -0.047694  Q11s =   0.533466
|Q2| =   0.664956  Q20  =  -0.317477  Q21c =  -0.004218  Q21s =   0.196803
                   Q22c =  -0.543476  Q22s =  -0.085201

C          x =  1.797750  y = -3.566130  z = 30.541770 angstrom
           Maximum rank =  2   Radius =  0.650 angstrom
                   Q00  =   0.062366
|Q1| =   0.096740  Q10  =   0.065778  Q11c =  -0.007914  Q11s =   0.070493
|Q2| =   1.200884  Q20  =  -0.256759  Q21c =  -0.056566  Q21s =   0.625809
                   Q22c =  -0.976948  Q22s =  -0.164111

N          x =  1.543750  y =  6.567140  z =  8.492400 angstrom
           Maximum rank =  2   Radius =  0.650 angstrom
                   Q00  =  -0.219184
|Q1| =   0.559740  Q10  =   0.413098  Q11c =  -0.001449  Q11s =  -0.377700
|Q2| =   0.618085  Q20  =   0.305137  Q21c =   0.004500  Q21s =  -0.489230
                   Q22c =  -0.222601  Q22s =   0.001820

C          x =  1.668770  y = -2.168210  z = 32.460240 angstrom
           Maximum rank =  2   Radius =  0.650 angstrom
                   Q00  =   0.058495
|Q1| =   0.106427  Q10  =  -0.098494  Q11c =   0.003396  Q11s =  -0.040177
|Q2| =   1.208566  Q20  =   1.199010  Q21c =  -0.023796  Q21s =   0.055853
                   Q22c =  -0.136902  Q22s =  -0.024043

C          x =  2.087690  y = -4.788830  z = 26.646470 angstrom
           Maximum rank =  2   Radius =  0.650 angstrom
                   Q00  =   0.015014
|Q1| =   0.042009  Q10  =  -0.040506  Q11c =  -0.005999  Q11s =   0.009383
|Q2| =   0.232235  Q20  =   0.169466  Q21c =   0.001503  Q21s =  -0.055117
                   Q22c =  -0.147331  Q22s =  -0.021626

C          x =  1.540410  y =  4.904300  z = 10.459190 angstrom
           Maximum rank =  2   Radius =  0.650 angstrom
                   Q00  =  -0.018721
|Q1| =   0.024088  Q10  =  -0.023565  Q11c =   0.000670  Q11s =  -0.004946
|Q2| =   1.305696  Q20  =   0.726915  Q21c =   0.063821  Q21s =   0.067875
                   Q22c =  -1.078322  Q22s =   0.070562

H          x =  1.848460  y = -3.072090  z = 28.372220 angstrom
           Maximum rank =  1   Radius =  0.350 angstrom
                   Q00  =   0.093182
|Q1| =   0.062106  Q10  =  -0.008871  Q11c =  -0.009416  Q11s =   0.060744

H          x =  1.193660  y =  3.154560  z = 28.931860 angstrom
           Maximum rank =  1   Radius =  0.350 angstrom
                   Q00  =   0.098636
|Q1| =   0.085256  Q10  =   0.058115  Q11c =   0.006041  Q11s =  -0.062086

H          x =  1.484170  y =  0.185810  z = 32.928980 angstrom
           Maximum rank =  1   Radius =  0.350 angstrom
                   Q00  =   0.112289
|Q1| =   0.062364  Q10  =  -0.060978  Q11c =  -0.002452  Q11s =   0.012842

C          x =  2.195330  y =  1.115230  z = 19.144070 angstrom
           Maximum rank =  2   Radius =  0.650 angstrom
                   Q00  =   0.099066
|Q1| =   0.131998  Q10  =  -0.084134  Q11c =   0.010603  Q11s =  -0.101156
|Q2| =   0.185485  Q20  =   0.067511  Q21c =   0.066323  Q21s =   0.004837
                   Q22c =  -0.146431  Q22s =   0.063111

C          x =  1.037520  y =  0.149310  z = 21.862870 angstrom
           Maximum rank =  2   Radius =  0.650 angstrom
                   Q00  =   0.099045
|Q1| =   0.131993  Q10  =   0.003259  Q11c =  -0.006378  Q11s =  -0.131799
|Q2| =   0.185385  Q20  =   0.072781  Q21c =   0.009387  Q21s =   0.012775
                   Q22c =  -0.136792  Q22s =  -0.100535

N          x =  1.656960  y = -2.146820  z = 33.609270 angstrom
           Maximum rank =  2   Radius =  0.650 angstrom
                   Q00  =  -0.219212
|Q1| =   0.559749  Q10  =  -0.558237  Q11c =   0.007607  Q11s =  -0.040407
|Q2| =   0.618092  Q20  =   0.615507  Q21c =  -0.007106  Q21s =  -0.035201
                   Q22c =  -0.042955  Q22s =  -0.007333

C          x =  1.262540  y =  0.167620  z = 12.317580 angstrom
           Maximum rank =  2   Radius =  0.650 angstrom
                   Q00  =   0.015011
|Q1| =   0.042069  Q10  =   0.037653  Q11c =   0.006643  Q11s =  -0.017549
|Q2| =   0.231888  Q20  =   0.167985  Q21c =   0.008128  Q21s =  -0.056988
                   Q22c =  -0.149003  Q22s =   0.006153

H          x =  2.111430  y = -5.628720  z = 25.952940 angstrom
           Maximum rank =  1   Radius =  0.350 angstrom
                   Q00  =   0.039508
|Q1| =   0.112578  Q10  =   0.029615  Q11c =  -0.007172  Q11s =   0.108376

H          x =  1.276730  y = -4.965690  z = 27.354430 angstrom
           Maximum rank =  1   Radius =  0.350 angstrom
                   Q00  =   0.067057
|Q1| =   0.098115  Q10  =  -0.034127  Q11c =   0.070164  Q11s =   0.059489

H          x =  3.019050  y = -4.802590  z = 27.216470 angstrom
           Maximum rank =  1   Radius =  0.350 angstrom
                   Q00  =   0.062348
|Q1| =   0.106845  Q10  =  -0.034214  Q11c =  -0.091492  Q11s =   0.043294

H          x =  1.399420  y =  1.786350  z = 19.469010 angstrom
           Maximum rank =  1   Radius =  0.350 angstrom
                   Q00  =   0.056946
|Q1| =   0.109475  Q10  =  -0.036051  Q11c =   0.050911  Q11s =  -0.089962

H          x =  2.818760  y =  1.640100  z = 18.421140 angstrom
           Maximum rank =  1   Radius =  0.350 angstrom
                   Q00  =   0.066382
|Q1| =   0.100780  Q10  =   0.014599  Q11c =  -0.068953  Q11s =  -0.072035

H          x =  2.821860  y =  0.852590  z = 19.992910 angstrom
           Maximum rank =  1   Radius =  0.350 angstrom
                   Q00  =   0.066232
|Q1| =   0.103142  Q10  =  -0.057150  Q11c =  -0.078659  Q11s =  -0.034422

H          x =  0.405220  y =  0.091680  z = 22.748130 angstrom
           Maximum rank =  1   Radius =  0.350 angstrom
                   Q00  =   0.066621
|Q1| =   0.100580  Q10  =  -0.055200  Q11c =   0.070991  Q11s =  -0.045050

H          x =  0.410130  y =  0.447380  z = 21.026470 angstrom
           Maximum rank =  1   Radius =  0.350 angstrom
                   Q00  =   0.066441
|Q1| =   0.102947  Q10  =   0.024442  Q11c =   0.080266  Q11s =  -0.059650

H          x =  1.805840  y =  0.904450  z = 22.032850 angstrom
           Maximum rank =  1   Radius =  0.350 angstrom
                   Q00  =   0.056726
|Q1| =   0.109623  Q10  =  -0.028046  Q11c =  -0.047520  Q11s =  -0.094723

H          x =  1.289380  y = -0.921290  z = 12.340750 angstrom
           Maximum rank =  1   Radius =  0.350 angstrom
                   Q00  =   0.039561
|Q1| =   0.112580  Q10  =   0.044016  Q11c =   0.001795  Q11s =   0.103603

H          x =  2.062300  y =  0.505360  z = 11.657090 angstrom
           Maximum rank =  1   Radius =  0.350 angstrom
                   Q00  =   0.067063
|Q1| =   0.097545  Q10  =   0.062671  Q11c =  -0.071171  Q11s =   0.022851

H          x =  0.318640  y =  0.466590  z = 11.856750 angstrom
           Maximum rank =  1   Radius =  0.350 angstrom
                   Q00  =   0.062322
|Q1| =   0.107140  Q10  =   0.054962  Q11c =   0.090533  Q11s =   0.016188

Total multipoles referred to origin at
           x =   0.000000,  y =    0.000000,  z =    0.000000 angstrom
                   Q00  =   0.000058
|Q1| =   0.663340  Q10  =  -0.220293  Q11c =  -0.028347  Q11s =  -0.625050
|Q2| = 192.412450  Q20  =-180.576142  Q21c =  -4.632438  Q21s =  57.096229
                   Q22c =  33.597826  Q22s =  -2.134319

CPU time used:     25m 2.952s          Total:     25m 2.952s

Finished at 17:3:25 on 22 Jun 2021  
