                                     G D M A

                                 by Anthony Stone

                         version 2.2.11, 04 February 2015

               Distributed Multipoles from Gaussian wavefunctions


Starting at 16:38:36 on 22 Jun 2021 

s1S0



Using CI density matrix from file sN_y.fchk


                         Distributed Multipole Analysis

Standard DMA for products of primitives with exponent greater than 4.00000
Using 80-point Euler-MacLaurin radial quadrature
Using 590-point Lebedev quadrature
Becke smoothing parameter = 3

Positions and radii in angstrom
Multipole moments in atomic units, ea_0^k for rank k

S          x =  1.744190  y = -6.079920  z = 18.173660 angstrom
           Maximum rank =  2   Radius =  0.650 angstrom
                   Q00  =   0.983533
|Q1| =   1.083176  Q10  =   0.355184  Q11c =  -0.019417  Q11s =   1.023102
|Q2| =   1.993272  Q20  =   1.434496  Q21c =   0.570638  Q21s =  -0.523839
                   Q22c =  -1.122064  Q22s =  -0.237265

S          x =  1.314410  y = -1.808560  z = 15.093960 angstrom
           Maximum rank =  2   Radius =  0.650 angstrom
                   Q00  =   0.724506
|Q1| =   1.103418  Q10  =   0.707240  Q11c =   0.108202  Q11s =   0.840022
|Q2| =   2.362461  Q20  =   1.216789  Q21c =   0.198103  Q21s =  -0.843979
                   Q22c =  -1.820068  Q22s =   0.190927

S          x =  1.628270  y =  2.345870  z = 15.767000 angstrom
           Maximum rank =  2   Radius =  0.650 angstrom
                   Q00  =   0.788886
|Q1| =   0.935041  Q10  =  -0.664013  Q11c =  -0.094729  Q11s =  -0.651472
|Q2| =   2.498644  Q20  =   0.805666  Q21c =   0.156399  Q21s =  -0.834339
                   Q22c =  -2.199038  Q22s =   0.194364

S          x =  2.067230  y = -4.622010  z = 23.241800 angstrom
           Maximum rank =  2   Radius =  0.650 angstrom
                   Q00  =   0.724861
|Q1| =   1.102922  Q10  =  -0.036217  Q11c =  -0.145158  Q11s =   1.092728
|Q2| =   2.361517  Q20  =   1.831434  Q21c =  -0.015600  Q21s =   0.053103
                   Q22c =  -1.442684  Q22s =  -0.371771

S          x =  1.605680  y = -0.956890  z = 25.282610 angstrom
           Maximum rank =  2   Radius =  0.650 angstrom
                   Q00  =   0.789343
|Q1| =   0.934791  Q10  =   0.118998  Q11c =   0.124707  Q11s =  -0.918762
|Q2| =   2.496711  Q20  =   1.773628  Q21c =  -0.068755  Q21s =   0.580063
                   Q22c =  -1.615530  Q22s =  -0.369691

N          x =  1.922300  y = -5.471850  z = 19.685370 angstrom
           Maximum rank =  2   Radius =  0.650 angstrom
                   Q00  =  -0.560609
|Q1| =   0.679386  Q10  =  -0.079783  Q11c =  -0.053820  Q11s =   0.672535
|Q2| =   0.795706  Q20  =  -0.131277  Q21c =   0.074850  Q21s =   0.233275
                   Q22c =  -0.740750  Q22s =  -0.084754

N          x =  1.527860  y = -4.672730  z = 17.361410 angstrom
           Maximum rank =  2   Radius =  0.650 angstrom
                   Q00  =  -0.560700
|Q1| =   0.679476  Q10  =   0.479916  Q11c =   0.031911  Q11s =   0.479948
|Q2| =   0.795763  Q20  =  -0.004066  Q21c =   0.089397  Q21s =   0.419968
                   Q22c =  -0.669292  Q22s =  -0.030109

O          x =  1.729140  y =  4.995030  z = 15.311610 angstrom
           Maximum rank =  2   Radius =  0.650 angstrom
                   Q00  =  -0.422322
|Q1| =   0.568252  Q10  =  -0.514560  Q11c =  -0.013591  Q11s =   0.240735
|Q2| =   0.972516  Q20  =   0.869708  Q21c =   0.045485  Q21s =  -0.269599
                   Q22c =   0.336176  Q22s =  -0.040364

N          x =  1.675300  y = -0.093630  z = 18.521450 angstrom
           Maximum rank =  2   Radius =  0.650 angstrom
                   Q00  =  -0.182420
|Q1| =   0.216998  Q10  =  -0.120543  Q11c =   0.083993  Q11s =  -0.159695
|Q2| =   1.307979  Q20  =   0.517720  Q21c =   0.368028  Q21s =  -0.015650
                   Q22c =  -1.047482  Q22s =   0.458111

C          x =  1.818540  y = -4.164000  z = 19.590040 angstrom
           Maximum rank =  2   Radius =  0.650 angstrom
                   Q00  =   0.027762
|Q1| =   0.029859  Q10  =   0.014402  Q11c =  -0.010928  Q11s =   0.023764
|Q2| =   1.078474  Q20  =   0.462868  Q21c =   0.198274  Q21s =   0.125959
                   Q22c =  -0.934815  Q22s =  -0.140719

N          x =  1.606380  y = -1.166520  z = 21.608950 angstrom
           Maximum rank =  2   Radius =  0.650 angstrom
                   Q00  =  -0.182398
|Q1| =   0.217202  Q10  =  -0.005293  Q11c =  -0.077293  Q11s =  -0.202915
|Q2| =   1.307965  Q20  =   0.580955  Q21c =  -0.019895  Q21s =   0.069493
                   Q22c =  -0.967875  Q22s =  -0.656701

O          x =  1.416350  y =  0.835130  z = 27.280110 angstrom
           Maximum rank =  2   Radius =  0.650 angstrom
                   Q00  =  -0.422214
|Q1| =   0.568174  Q10  =   0.553135  Q11c =   0.012710  Q11s =  -0.129235
|Q2| =   0.972396  Q20  =   0.485581  Q21c =   0.084731  Q21s =  -0.830417
                   Q22c =   0.112020  Q22s =   0.021124

C          x =  1.588370  y = -3.702380  z = 18.247460 angstrom
           Maximum rank =  2   Radius =  0.650 angstrom
                   Q00  =   0.027764
|Q1| =   0.029886  Q10  =   0.003542  Q11c =   0.009956  Q11s =   0.027956
|Q2| =   1.078441  Q20  =   0.405681  Q21c =   0.221814  Q21s =   0.042781
                   Q22c =  -0.970184  Q22s =  -0.078543

C          x =  1.852060  y = -3.215810  z = 20.659700 angstrom
           Maximum rank =  2   Radius =  0.650 angstrom
                   Q00  =  -0.035954
|Q1| =   0.082008  Q10  =  -0.022304  Q11c =  -0.028736  Q11s =   0.073499
|Q2| =   1.335526  Q20  =   0.737161  Q21c =   0.108168  Q21s =   0.281640
                   Q22c =  -1.059785  Q22s =  -0.161422

C          x =  1.441470  y = -1.546910  z = 16.805740 angstrom
           Maximum rank =  2   Radius =  0.650 angstrom
                   Q00  =  -0.320021
|Q1| =   0.613063  Q10  =   0.561323  Q11c =   0.061546  Q11s =   0.238694
|Q2| =   1.353096  Q20  =   0.403080  Q21c =   0.121936  Q21s =  -0.501229
                   Q22c =  -1.181508  Q22s =   0.079586

F          x =  1.086180  y =  4.309790  z = 31.291300 angstrom
           Maximum rank =  2   Radius =  0.650 angstrom
                   Q00  =  -0.204591
|Q1| =   0.222973  Q10  =  -0.002058  Q11c =   0.021277  Q11s =  -0.221946
|Q2| =   0.699508  Q20  =  -0.370921  Q21c =  -0.016726  Q21s =   0.173124
                   Q22c =  -0.556704  Q22s =  -0.107512

C          x =  1.546560  y =  0.651310  z = 16.035800 angstrom
           Maximum rank =  2   Radius =  0.650 angstrom
                   Q00  =  -0.358630
|Q1| =   0.580995  Q10  =  -0.045428  Q11c =  -0.050924  Q11s =  -0.576974
|Q2| =   1.404821  Q20  =   1.067106  Q21c =   0.126586  Q21s =  -0.364918
                   Q22c =  -0.824803  Q22s =   0.072933

F          x =  1.884490  y = 10.216410  z = 14.319510 angstrom
           Maximum rank =  2   Radius =  0.650 angstrom
                   Q00  =  -0.204882
|Q1| =   0.223091  Q10  =  -0.136177  Q11c =  -0.012743  Q11s =  -0.176247
|Q2| =   0.699597  Q20  =  -0.116940  Q21c =   0.030318  Q21s =   0.545694
                   Q22c =  -0.417040  Q22s =   0.056009

C          x =  1.510250  y = -2.297280  z = 17.994580 angstrom
           Maximum rank =  2   Radius =  0.650 angstrom
                   Q00  =  -0.035946
|Q1| =   0.082091  Q10  =   0.063475  Q11c =   0.026559  Q11s =   0.044771
|Q2| =   1.335472  Q20  =   0.431457  Q21c =   0.166441  Q21s =  -0.164785
                   Q22c =  -1.241767  Q22s =  -0.022080

C          x =  1.463830  y =  0.364010  z = 28.395060 angstrom
           Maximum rank =  2   Radius =  0.650 angstrom
                   Q00  =   0.193076
|Q1| =   0.029402  Q10  =  -0.026337  Q11c =  -0.000698  Q11s =   0.013052
|Q2| =   0.762634  Q20  =   0.528889  Q21c =   0.014632  Q21s =  -0.149815
                   Q22c =  -0.517678  Q22s =  -0.106007

C          x =  1.422520  y = -0.069580  z = 14.850930 angstrom
           Maximum rank =  2   Radius =  0.650 angstrom
                   Q00  =  -0.343030
|Q1| =   0.553606  Q10  =   0.069802  Q11c =   0.040316  Q11s =   0.547706
|Q2| =   1.395805  Q20  =   1.112934  Q21c =   0.158253  Q21s =  -0.339298
                   Q22c =  -0.750701  Q22s =   0.077018

C          x =  1.690960  y = -1.841610  z = 20.403670 angstrom
           Maximum rank =  2   Radius =  0.650 angstrom
                   Q00  =   0.042749
|Q1| =   0.094749  Q10  =   0.092002  Q11c =   0.004414  Q11s =  -0.022213
|Q2| =   1.291587  Q20  =   0.839928  Q21c =   0.025856  Q21s =  -0.036392
                   Q22c =  -0.956636  Q22s =  -0.213475

C          x =  1.627420  y = -1.372470  z = 19.048580 angstrom
           Maximum rank =  2   Radius =  0.650 angstrom
                   Q00  =   0.042793
|Q1| =   0.094752  Q10  =  -0.086062  Q11c =  -0.004529  Q11s =   0.039381
|Q2| =   1.291534  Q20  =   0.707886  Q21c =   0.133435  Q21s =  -0.227521
                   Q22c =  -1.044188  Q22s =   0.084014

C          x =  1.740840  y = -2.117040  z = 24.023140 angstrom
           Maximum rank =  2   Radius =  0.650 angstrom
                   Q00  =  -0.358305
|Q1| =   0.581098  Q10  =  -0.321281  Q11c =   0.070863  Q11s =  -0.478990
|Q2| =   1.404099  Q20  =   1.034859  Q21c =   0.039749  Q21s =  -0.412992
                   Q22c =  -0.832379  Q22s =  -0.188586

F          x =  1.764970  y = 10.237940  z = 11.665980 angstrom
           Maximum rank =  2   Radius =  0.650 angstrom
                   Q00  =  -0.202900
|Q1| =   0.222627  Q10  =   0.130270  Q11c =  -0.000704  Q11s =  -0.180533
|Q2| =   0.695973  Q20  =  -0.134082  Q21c =  -0.010430  Q21s =  -0.525847
                   Q22c =  -0.435555  Q22s =   0.008252

C          x =  1.910060  y = -3.361090  z = 22.058520 angstrom
           Maximum rank =  2   Radius =  0.650 angstrom
                   Q00  =  -0.319952
|Q1| =   0.613059  Q10  =  -0.293691  Q11c =  -0.076403  Q11s =   0.532682
|Q2| =   1.352874  Q20  =   0.986262  Q21c =   0.005975  Q21s =   0.350600
                   Q22c =  -0.833621  Q22s =  -0.199186

C          x =  1.593240  y =  4.430530  z = 12.967300 angstrom
           Maximum rank =  2   Radius =  0.650 angstrom
                   Q00  =  -0.061812
|Q1| =   0.061203  Q10  =   0.013823  Q11c =   0.002195  Q11s =   0.059581
|Q2| =   1.329012  Q20  =   0.457875  Q21c =   0.079704  Q21s =  -0.055142
                   Q22c =  -1.236545  Q22s =   0.134855

C          x =  1.511240  y =  3.065030  z = 12.995820 angstrom
           Maximum rank =  2   Radius =  0.650 angstrom
                   Q00  =   0.012914
|Q1| =   0.023411  Q10  =  -0.019862  Q11c =  -0.001550  Q11s =   0.012295
|Q2| =   1.424401  Q20  =   0.541537  Q21c =   0.100771  Q21s =  -0.136623
                   Q22c =  -1.297101  Q22s =   0.156095

H          x =  1.428200  y =  2.591860  z = 12.028240 angstrom
           Maximum rank =  1   Radius =  0.350 angstrom
                   Q00  =   0.093129
|Q1| =   0.062155  Q10  =   0.044721  Q11c =   0.007595  Q11s =   0.042493

C          x =  1.548780  y = -0.210830  z = 17.153680 angstrom
           Maximum rank =  2   Radius =  0.650 angstrom
                   Q00  =   0.015591
|Q1| =   0.126236  Q10  =   0.093990  Q11c =  -0.002050  Q11s =  -0.084245
|Q2| =   1.239397  Q20  =   0.810126  Q21c =   0.154637  Q21s =  -0.187599
                   Q22c =  -0.901172  Q22s =   0.092652

C          x =  1.753510  y = -2.101210  z = 22.611580 angstrom
           Maximum rank =  2   Radius =  0.650 angstrom
                   Q00  =   0.015478
|Q1| =   0.126066  Q10  =  -0.125769  Q11c =   0.003850  Q11s =  -0.007735
|Q2| =   1.239653  Q20  =   0.802602  Q21c =   0.045512  Q21s =  -0.200803
                   Q22c =  -0.893482  Q22s =  -0.227743

C          x =  1.687930  y =  5.314340  z = 14.143850 angstrom
           Maximum rank =  2   Radius =  0.650 angstrom
                   Q00  =   0.192996
|Q1| =   0.029466  Q10  =   0.028853  Q11c =   0.000417  Q11s =  -0.005967
|Q2| =   0.762889  Q20  =   0.524521  Q21c =   0.060951  Q21s =  -0.155702
                   Q22c =  -0.526688  Q22s =   0.038981

C          x =  1.904070  y = -3.412010  z = 24.508340 angstrom
           Maximum rank =  2   Radius =  0.650 angstrom
                   Q00  =  -0.343098
|Q1| =   0.553669  Q10  =   0.284092  Q11c =  -0.059543  Q11s =   0.471483
|Q2| =   1.395840  Q20  =   1.009077  Q21c =   0.066053  Q21s =  -0.493010
                   Q22c =  -0.799706  Q22s =  -0.207798

N          x =  1.447150  y =  2.464440  z =  9.639650 angstrom
           Maximum rank =  2   Radius =  0.650 angstrom
                   Q00  =  -0.250579
|Q1| =   0.602184  Q10  =   0.114633  Q11c =   0.023533  Q11s =   0.590704
|Q2| =   0.664378  Q20  =  -0.118677  Q21c =   0.027975  Q21s =   0.486893
                   Q22c =  -0.434397  Q22s =   0.027672

F          x =  1.246390  y =  2.688020  z = 33.389000 angstrom
           Maximum rank =  2   Radius =  0.650 angstrom
                   Q00  =  -0.202498
|Q1| =   0.222400  Q10  =  -0.213849  Q11c =   0.005247  Q11s =  -0.060851
|Q2| =   0.695840  Q20  =   0.530289  Q21c =  -0.040416  Q21s =   0.445734
                   Q22c =  -0.051004  Q22s =  -0.008579

C          x =  1.397660  y =  0.725550  z = 13.701990 angstrom
           Maximum rank =  2   Radius =  0.650 angstrom
                   Q00  =  -0.066612
|Q1| =   0.111373  Q10  =   0.099367  Q11c =   0.011374  Q11s =   0.048997
|Q2| =   1.147527  Q20  =   0.619623  Q21c =   0.132272  Q21s =  -0.008869
                   Q22c =  -0.948674  Q22s =   0.123804

C          x =  1.505190  y =  2.087870  z = 14.019800 angstrom
           Maximum rank =  2   Radius =  0.650 angstrom
                   Q00  =  -0.302577
|Q1| =   0.459547  Q10  =  -0.434802  Q11c =  -0.033874  Q11s =  -0.144857
|Q2| =   1.434462  Q20  =   0.171589  Q21c =   0.065513  Q21s =  -0.485630
                   Q22c =  -1.329541  Q22s =   0.142937

C          x =  1.608100  y = -1.054170  z = 28.772290 angstrom
           Maximum rank =  2   Radius =  0.650 angstrom
                   Q00  =  -0.061735
|Q1| =   0.061648  Q10  =   0.026446  Q11c =  -0.004697  Q11s =   0.055489
|Q2| =   1.328494  Q20  =   0.651049  Q21c =  -0.049144  Q21s =   0.225644
                   Q22c =  -1.109094  Q22s =  -0.240022

C          x =  1.587650  y =  5.279420  z = 11.772700 angstrom
           Maximum rank =  2   Radius =  0.650 angstrom
                   Q00  =   0.031193
|Q1| =   0.042923  Q10  =   0.030844  Q11c =   0.004038  Q11s =   0.029576
|Q2| =   1.165111  Q20  =   0.771024  Q21c =   0.069891  Q21s =   0.138172
                   Q22c =  -0.856843  Q22s =   0.069644

C          x =  1.488930  y =  3.549080  z = 10.019700 angstrom
           Maximum rank =  2   Radius =  0.650 angstrom
                   Q00  =   0.062207
|Q1| =   0.096609  Q10  =  -0.007729  Q11c =   0.004256  Q11s =   0.096205
|Q2| =   1.201183  Q20  =  -0.310250  Q21c =   0.028192  Q21s =   0.549446
                   Q22c =  -1.018677  Q22s =   0.078720

C          x =  1.603100  y = -1.127780  z = 30.235940 angstrom
           Maximum rank =  2   Radius =  0.650 angstrom
                   Q00  =   0.031784
|Q1| =   0.043278  Q10  =  -0.006342  Q11c =  -0.005452  Q11s =   0.042462
|Q2| =   1.163413  Q20  =   0.495037  Q21c =   0.005473  Q21s =  -0.265910
                   Q22c =  -1.003548  Q22s =  -0.174988

C          x =  1.735840  y = -2.104650  z = 27.904930 angstrom
           Maximum rank =  2   Radius =  0.650 angstrom
                   Q00  =   0.013884
|Q1| =   0.023163  Q10  =   0.022935  Q11c =   0.001306  Q11s =  -0.002968
|Q2| =   1.421635  Q20  =   0.773957  Q21c =  -0.047635  Q21s =   0.203018
                   Q22c =  -1.142977  Q22s =  -0.268619

C          x =  1.687540  y = -2.233250  z = 31.035380 angstrom
           Maximum rank =  2   Radius =  0.650 angstrom
                   Q00  =  -0.018306
|Q1| =   0.024361  Q10  =   0.015552  Q11c =  -0.000167  Q11s =  -0.018750
|Q2| =   1.304468  Q20  =   0.609045  Q21c =  -0.009615  Q21s =  -0.105113
                   Q22c =  -1.133605  Q22s =  -0.185737

C          x =  1.760270  y = -2.236830  z = 26.495930 angstrom
           Maximum rank =  2   Radius =  0.650 angstrom
                   Q00  =  -0.302881
|Q1| =   0.459609  Q10  =   0.252310  Q11c =   0.044492  Q11s =  -0.381577
|Q2| =   1.434884  Q20  =   0.923017  Q21c =  -0.083160  Q21s =   0.610949
                   Q22c =  -0.882048  Q22s =  -0.220786

C          x =  1.720620  y =  6.700180  z = 13.632010 angstrom
           Maximum rank =  2   Radius =  0.650 angstrom
                   Q00  =  -0.041834
|Q1| =   0.066894  Q10  =  -0.060871  Q11c =  -0.003982  Q11s =  -0.027452
|Q2| =   1.240936  Q20  =   0.492262  Q21c =   0.090179  Q21s =   0.097132
                   Q22c =  -1.127543  Q22s =   0.093174

C          x =  1.658710  y =  6.688500  z = 12.240570 angstrom
           Maximum rank =  2   Radius =  0.650 angstrom
                   Q00  =  -0.021353
|Q1| =   0.075678  Q10  =   0.070667  Q11c =   0.002882  Q11s =  -0.026927
|Q2| =   1.247192  Q20  =   0.477319  Q21c =   0.080727  Q21s =  -0.084781
                   Q22c =  -1.143431  Q22s =   0.080710

C          x =  1.673250  y =  7.897430  z = 11.548720 angstrom
           Maximum rank =  2   Radius =  0.650 angstrom
                   Q00  =   0.007480
|Q1| =   0.071907  Q10  =   0.069336  Q11c =   0.003641  Q11s =   0.018704
|Q2| =   1.432253  Q20  =   0.759583  Q21c =   0.109264  Q21s =  -0.018826
                   Q22c =  -1.206062  Q22s =   0.086627

H          x =  1.628190  y =  7.981980  z = 10.473840 angstrom
           Maximum rank =  1   Radius =  0.350 angstrom
                   Q00  =   0.112164
|Q1| =   0.062490  Q10  =   0.055953  Q11c =   0.002653  Q11s =  -0.027698

C          x =  1.749480  y =  9.060130  z = 12.287220 angstrom
           Maximum rank =  2   Radius =  0.650 angstrom
                   Q00  =   0.178760
|Q1| =   0.158693  Q10  =  -0.033237  Q11c =   0.004427  Q11s =   0.155111
|Q2| =   1.048497  Q20  =   0.455469  Q21c =   0.075767  Q21s =  -0.046939
                   Q22c =  -0.937775  Q22s =   0.067297

C          x =  1.811950  y =  9.051530  z = 13.679070 angstrom
           Maximum rank =  2   Radius =  0.650 angstrom
                   Q00  =   0.175122
|Q1| =   0.153923  Q10  =   0.027431  Q11c =   0.006810  Q11s =   0.151305
|Q2| =   1.055075  Q20  =   0.437848  Q21c =   0.079409  Q21s =   0.061204
                   Q22c =  -0.951751  Q22s =   0.074772

C          x =  1.798140  y =  7.862920  z = 14.373610 angstrom
           Maximum rank =  2   Radius =  0.650 angstrom
                   Q00  =   0.023465
|Q1| =   0.066954  Q10  =  -0.066823  Q11c =  -0.002966  Q11s =   0.002954
|Q2| =   1.376440  Q20  =   0.716785  Q21c =   0.107748  Q21s =  -0.010442
                   Q22c =  -1.166709  Q22s =   0.088758

H          x =  1.845740  y =  7.845130  z = 15.454690 angstrom
           Maximum rank =  1   Radius =  0.350 angstrom
                   Q00  =   0.098437
|Q1| =   0.085425  Q10  =  -0.084319  Q11c =  -0.004330  Q11s =  -0.012999

C          x =  1.917420  y = -3.498690  z = 25.903050 angstrom
           Maximum rank =  2   Radius =  0.650 angstrom
                   Q00  =  -0.066066
|Q1| =   0.111333  Q10  =  -0.048095  Q11c =  -0.014150  Q11s =   0.099407
|Q2| =   1.145988  Q20  =   0.585274  Q21c =   0.008861  Q21s =  -0.060162
                   Q22c =  -0.952651  Q22s =  -0.243929

C          x =  1.472990  y =  0.264280  z = 30.740590 angstrom
           Maximum rank =  2   Radius =  0.650 angstrom
                   Q00  =  -0.021395
|Q1| =   0.075616  Q10  =  -0.072136  Q11c =  -0.002904  Q11s =   0.022490
|Q2| =   1.247176  Q20  =   0.653872  Q21c =  -0.015312  Q21s =   0.172153
                   Q22c =  -1.029550  Q22s =  -0.195081

C          x =  1.388840  y =  1.132710  z = 29.654860 angstrom
           Maximum rank =  2   Radius =  0.650 angstrom
                   Q00  =  -0.041800
|Q1| =   0.066784  Q10  =   0.030876  Q11c =   0.005920  Q11s =  -0.058921
|Q2| =   1.240838  Q20  =   0.501825  Q21c =  -0.011318  Q21s =   0.109427
                   Q22c =  -1.108721  Q22s =  -0.215603

C          x =  1.257450  y =  2.500860  z = 29.792050 angstrom
           Maximum rank =  2   Radius =  0.650 angstrom
                   Q00  =   0.023584
|Q1| =   0.066932  Q10  =   0.054270  Q11c =   0.003886  Q11s =  -0.038980
|Q2| =   1.376001  Q20  =   0.700715  Q21c =   0.006289  Q21s =  -0.035129
                   Q22c =  -1.161996  Q22s =  -0.225543

C          x =  1.211200  y =  3.002420  z = 31.073340 angstrom
           Maximum rank =  2   Radius =  0.650 angstrom
                   Q00  =   0.175467
|Q1| =   0.153977  Q10  =   0.072233  Q11c =  -0.012777  Q11s =   0.135382
|Q2| =   1.054069  Q20  =   0.450291  Q21c =  -0.004726  Q21s =   0.078501
                   Q22c =  -0.932475  Q22s =  -0.180569

C          x =  1.295100  y =  2.149650  z = 32.171950 angstrom
           Maximum rank =  2   Radius =  0.650 angstrom
                   Q00  =   0.179054
|Q1| =   0.158700  Q10  =   0.122095  Q11c =  -0.009555  Q11s =   0.100932
|Q2| =   1.047555  Q20  =   0.544038  Q21c =  -0.004178  Q21s =   0.081934
                   Q22c =  -0.875425  Q22s =  -0.168208

C          x =  1.425300  y =  0.783400  z = 32.032340 angstrom
           Maximum rank =  2   Radius =  0.650 angstrom
                   Q00  =   0.007869
|Q1| =   0.071813  Q10  =  -0.042768  Q11c =  -0.005419  Q11s =   0.057433
|Q2| =   1.430914  Q20  =   0.738882  Q21c =   0.008496  Q21s =  -0.049917
                   Q22c =  -1.202844  Q22s =  -0.228410

C          x =  1.543680  y =  5.838310  z =  9.381030 angstrom
           Maximum rank =  2   Radius =  0.650 angstrom
                   Q00  =   0.058498
|Q1| =   0.106369  Q10  =   0.052239  Q11c =  -0.001234  Q11s =  -0.092650
|Q2| =   1.208661  Q20  =   0.507574  Q21c =   0.007087  Q21s =  -0.955752
                   Q22c =  -0.538156  Q22s =   0.010347

N          x =  1.886750  y = -4.650480  z = 30.169080 angstrom
           Maximum rank =  2   Radius =  0.650 angstrom
                   Q00  =  -0.249704
|Q1| =   0.601920  Q10  =   0.276033  Q11c =  -0.047297  Q11s =   0.532801
|Q2| =   0.664578  Q20  =  -0.317746  Q21c =  -0.004375  Q21s =   0.196632
                   Q22c =  -0.542898  Q22s =  -0.085323

C          x =  1.797750  y = -3.566130  z = 30.541770 angstrom
           Maximum rank =  2   Radius =  0.650 angstrom
                   Q00  =   0.062376
|Q1| =   0.096908  Q10  =   0.066008  Q11c =  -0.007608  Q11s =   0.070542
|Q2| =   1.200691  Q20  =  -0.256917  Q21c =  -0.056596  Q21s =   0.625791
                   Q22c =  -0.976685  Q22s =  -0.164080

N          x =  1.543750  y =  6.567140  z =  8.492400 angstrom
           Maximum rank =  2   Radius =  0.650 angstrom
                   Q00  =  -0.220089
|Q1| =   0.560310  Q10  =   0.413396  Q11c =  -0.001076  Q11s =  -0.378219
|Q2| =   0.618534  Q20  =   0.305588  Q21c =   0.004350  Q21s =  -0.489371
                   Q22c =  -0.222920  Q22s =   0.001991

C          x =  1.668770  y = -2.168210  z = 32.460240 angstrom
           Maximum rank =  2   Radius =  0.650 angstrom
                   Q00  =   0.058589
|Q1| =   0.106604  Q10  =  -0.098547  Q11c =   0.003744  Q11s =  -0.040484
|Q2| =   1.208290  Q20  =   1.198751  Q21c =  -0.023761  Q21s =   0.055838
                   Q22c =  -0.136761  Q22s =  -0.023996

C          x =  2.087690  y = -4.788830  z = 26.646470 angstrom
           Maximum rank =  2   Radius =  0.650 angstrom
                   Q00  =   0.015034
|Q1| =   0.041964  Q10  =  -0.040523  Q11c =  -0.005855  Q11s =   0.009197
|Q2| =   0.232179  Q20  =   0.169004  Q21c =   0.001275  Q21s =  -0.055681
                   Q22c =  -0.147528  Q22s =  -0.021871

C          x =  1.540410  y =  4.904300  z = 10.459190 angstrom
           Maximum rank =  2   Radius =  0.650 angstrom
                   Q00  =  -0.019073
|Q1| =   0.023896  Q10  =  -0.023345  Q11c =   0.000987  Q11s =  -0.005005
|Q2| =   1.306810  Q20  =   0.727555  Q21c =   0.063849  Q21s =   0.067723
                   Q22c =  -1.079244  Q22s =   0.070608

H          x =  1.848460  y = -3.072090  z = 28.372220 angstrom
           Maximum rank =  1   Radius =  0.350 angstrom
                   Q00  =   0.093359
|Q1| =   0.062026  Q10  =  -0.008872  Q11c =  -0.009353  Q11s =   0.060671

H          x =  1.193660  y =  3.154560  z = 28.931860 angstrom
           Maximum rank =  1   Radius =  0.350 angstrom
                   Q00  =   0.098488
|Q1| =   0.085381  Q10  =   0.058175  Q11c =   0.006108  Q11s =  -0.062195

H          x =  1.484170  y =  0.185810  z = 32.928980 angstrom
           Maximum rank =  1   Radius =  0.350 angstrom
                   Q00  =   0.112371
|Q1| =   0.062335  Q10  =  -0.060955  Q11c =  -0.002397  Q11s =   0.012819

C          x =  2.195330  y =  1.115230  z = 19.144070 angstrom
           Maximum rank =  2   Radius =  0.650 angstrom
                   Q00  =   0.099055
|Q1| =   0.132082  Q10  =  -0.084158  Q11c =   0.010704  Q11s =  -0.101235
|Q2| =   0.185124  Q20  =   0.067411  Q21c =   0.066175  Q21s =   0.004864
                   Q22c =  -0.146140  Q22s =   0.062982

C          x =  1.037520  y =  0.149310  z = 21.862870 angstrom
           Maximum rank =  2   Radius =  0.650 angstrom
                   Q00  =   0.099033
|Q1| =   0.132084  Q10  =   0.003236  Q11c =  -0.006251  Q11s =  -0.131896
|Q2| =   0.185270  Q20  =   0.073243  Q21c =   0.009431  Q21s =   0.012564
                   Q22c =  -0.136596  Q22s =  -0.100275

N          x =  1.656960  y = -2.146820  z = 33.609270 angstrom
           Maximum rank =  2   Radius =  0.650 angstrom
                   Q00  =  -0.218726
|Q1| =   0.559525  Q10  =  -0.557983  Q11c =   0.007971  Q11s =  -0.040743
|Q2| =   0.617781  Q20  =   0.615203  Q21c =  -0.006872  Q21s =  -0.035459
                   Q22c =  -0.042682  Q22s =  -0.007276

C          x =  1.262540  y =  0.167620  z = 12.317580 angstrom
           Maximum rank =  2   Radius =  0.650 angstrom
                   Q00  =   0.015019
|Q1| =   0.042093  Q10  =   0.037627  Q11c =   0.006786  Q11s =  -0.017607
|Q2| =   0.231780  Q20  =   0.167962  Q21c =   0.008241  Q21s =  -0.056846
                   Q22c =  -0.148920  Q22s =   0.005857

H          x =  2.111430  y = -5.628720  z = 25.952940 angstrom
           Maximum rank =  1   Radius =  0.350 angstrom
                   Q00  =   0.039799
|Q1| =   0.112305  Q10  =   0.029564  Q11c =  -0.007084  Q11s =   0.108112

H          x =  1.276730  y = -4.965690  z = 27.354430 angstrom
           Maximum rank =  1   Radius =  0.350 angstrom
                   Q00  =   0.067073
|Q1| =   0.098062  Q10  =  -0.034104  Q11c =   0.070197  Q11s =   0.059375

H          x =  3.019050  y = -4.802590  z = 27.216470 angstrom
           Maximum rank =  1   Radius =  0.350 angstrom
                   Q00  =   0.062666
|Q1| =   0.106548  Q10  =  -0.034144  Q11c =  -0.091239  Q11s =   0.043152

H          x =  1.399420  y =  1.786350  z = 19.469010 angstrom
           Maximum rank =  1   Radius =  0.350 angstrom
                   Q00  =   0.056698
|Q1| =   0.109679  Q10  =  -0.036101  Q11c =   0.051052  Q11s =  -0.090110

H          x =  2.818760  y =  1.640100  z = 18.421140 angstrom
           Maximum rank =  1   Radius =  0.350 angstrom
                   Q00  =   0.066435
|Q1| =   0.100752  Q10  =   0.014573  Q11c =  -0.068877  Q11s =  -0.072074

H          x =  2.821860  y =  0.852590  z = 19.992910 angstrom
           Maximum rank =  1   Radius =  0.350 angstrom
                   Q00  =   0.066305
|Q1| =   0.103088  Q10  =  -0.057149  Q11c =  -0.078570  Q11s =  -0.034464

H          x =  0.405220  y =  0.091680  z = 22.748130 angstrom
           Maximum rank =  1   Radius =  0.350 angstrom
                   Q00  =   0.066459
|Q1| =   0.100738  Q10  =  -0.055268  Q11c =   0.071120  Q11s =  -0.045116

H          x =  0.410130  y =  0.447380  z = 21.026470 angstrom
           Maximum rank =  1   Radius =  0.350 angstrom
                   Q00  =   0.066302
|Q1| =   0.103096  Q10  =   0.024461  Q11c =   0.080391  Q11s =  -0.059731

H          x =  1.805840  y =  0.904450  z = 22.032850 angstrom
           Maximum rank =  1   Radius =  0.350 angstrom
                   Q00  =   0.056705
|Q1| =   0.109665  Q10  =  -0.028065  Q11c =  -0.047468  Q11s =  -0.094792

H          x =  1.289380  y = -0.921290  z = 12.340750 angstrom
           Maximum rank =  1   Radius =  0.350 angstrom
                   Q00  =   0.039679
|Q1| =   0.112479  Q10  =   0.043988  Q11c =   0.001872  Q11s =   0.103504

H          x =  2.062300  y =  0.505360  z = 11.657090 angstrom
           Maximum rank =  1   Radius =  0.350 angstrom
                   Q00  =   0.067167
|Q1| =   0.097444  Q10  =   0.062645  Q11c =  -0.071068  Q11s =   0.022809

H          x =  0.318640  y =  0.466590  z = 11.856750 angstrom
           Maximum rank =  1   Radius =  0.350 angstrom
                   Q00  =   0.062115
|Q1| =   0.107302  Q10  =   0.055006  Q11c =   0.090703  Q11s =   0.016151

Total multipoles referred to origin at
           x =   0.000000,  y =    0.000000,  z =    0.000000 angstrom
                   Q00  =   0.000058
|Q1| =   0.785409  Q10  =  -0.087783  Q11c =  -0.000596  Q11s =  -0.780488
|Q2| = 180.594227  Q20  =-170.677550  Q21c =  -2.003466  Q21s =  47.913527
                   Q22c =  34.275334  Q22s =  -2.988395

CPU time used:     25m 2.988s          Total:     25m 2.988s

Finished at 17:3:39 on 22 Jun 2021  
