                                     G D M A

                                 by Anthony Stone

                         version 2.2.11, 04 February 2015

               Distributed Multipoles from Gaussian wavefunctions


Starting at 15:57:49 on 28 Jun 2021 

s1S0



Using CI density matrix from file sN_mx.fchk


                         Distributed Multipole Analysis

Standard DMA for products of primitives with exponent greater than 4.00000
Using 80-point Euler-MacLaurin radial quadrature
Using 590-point Lebedev quadrature
Becke smoothing parameter = 3

Positions and radii in angstrom
Multipole moments in atomic units, ea_0^k for rank k

C          x = -8.621700  y =  0.199040  z =  0.027630 angstrom
           Maximum rank =  2   Radius =  0.650 angstrom
                   Q00  =   0.012040
|Q1| =   0.045229  Q10  =  -0.000164  Q11c =  -0.038642  Q11s =  -0.023504
|Q2| =   1.368223  Q20  =  -1.362557  Q21c =  -0.010743  Q21s =   0.030681
                   Q22c =   0.119725  Q22s =  -0.009099

H          x = -8.799250  y =  1.266170  z =  0.053430 angstrom
           Maximum rank =  1   Radius =  0.350 angstrom
                   Q00  =   0.090571
|Q1| =   0.069092  Q10  =  -0.007225  Q11c =  -0.025993  Q11s =  -0.063607

C          x = -9.747460  y = -0.575180  z =  0.020770 angstrom
           Maximum rank =  2   Radius =  0.650 angstrom
                   Q00  =  -0.056119
|Q1| =   0.058160  Q10  =   0.003387  Q11c =  -0.040000  Q11s =  -0.042085
|Q2| =   1.320547  Q20  =  -1.299508  Q21c =  -0.019553  Q21s =   0.001295
                   Q22c =   0.120605  Q22s =   0.200480

C          x =-11.130110  y = -0.070320  z =  0.040790 angstrom
           Maximum rank =  2   Radius =  0.650 angstrom
                   Q00  =   0.029911
|Q1| =   0.043409  Q10  =  -0.001440  Q11c =  -0.011185  Q11s =  -0.041918
|Q2| =   1.164493  Q20  =  -1.128407  Q21c =  -0.035347  Q21s =  -0.065652
                   Q22c =  -0.217865  Q22s =  -0.172383

C          x = -9.816980  y = -2.055900  z =  0.024370 angstrom
           Maximum rank =  2   Radius =  0.650 angstrom
                   Q00  =   0.196144
|Q1| =   0.032526  Q10  =  -0.000134  Q11c =   0.020925  Q11s =  -0.024901
|Q2| =   0.757027  Q20  =  -0.715426  Q21c =  -0.043032  Q21s =   0.006265
                   Q22c =   0.060955  Q22s =  -0.235900

O          x = -8.915040  y = -2.863480  z = -0.005760 angstrom
           Maximum rank =  2   Radius =  0.650 angstrom
                   Q00  =  -0.388389
|Q1| =   0.490295  Q10  =   0.011592  Q11c =  -0.371769  Q11s =   0.319441
|Q2| =   0.929657  Q20  =  -0.205462  Q21c =  -0.012758  Q21s =   0.034481
                   Q22c =   0.121221  Q22s =  -0.897776

C          x =-12.027270  y = -1.251970  z =  0.095180 angstrom
           Maximum rank =  2   Radius =  0.650 angstrom
                   Q00  =  -0.021719
|Q1| =   0.076148  Q10  =  -0.003389  Q11c =   0.062556  Q11s =  -0.043287
|Q2| =   1.247715  Q20  =  -1.231721  Q21c =  -0.088641  Q21s =  -0.036099
                   Q22c =   0.129903  Q22s =   0.116706

C          x =-11.251680  y = -2.407260  z =  0.079630 angstrom
           Maximum rank =  2   Radius =  0.650 angstrom
                   Q00  =  -0.041929
|Q1| =   0.064325  Q10  =  -0.000318  Q11c =  -0.011760  Q11s =   0.063240
|Q2| =   1.239273  Q20  =  -1.226147  Q21c =  -0.076584  Q21s =  -0.031085
                   Q22c =  -0.045344  Q22s =   0.153214

C          x =-13.415280  y = -1.365450  z =  0.150880 angstrom
           Maximum rank =  2   Radius =  0.650 angstrom
                   Q00  =   0.006710
|Q1| =   0.072037  Q10  =   0.000093  Q11c =   0.023874  Q11s =  -0.067966
|Q2| =   1.435673  Q20  =  -1.430661  Q21c =  -0.098141  Q21s =  -0.034768
                   Q22c =  -0.009057  Q22s =  -0.058692

H          x =-14.093020  y = -0.526050  z =  0.167830 angstrom
           Maximum rank =  1   Radius =  0.350 angstrom
                   Q00  =   0.111777
|Q1| =   0.062703  Q10  =  -0.003694  Q11c =   0.054683  Q11s =  -0.030460

C          x =-13.955570  y = -2.633570  z =  0.188050 angstrom
           Maximum rank =  2   Radius =  0.650 angstrom
                   Q00  =   0.178025
|Q1| =   0.158609  Q10  =   0.006292  Q11c =  -0.146554  Q11s =  -0.060327
|Q2| =   1.050724  Q20  =  -1.044228  Q21c =  -0.076427  Q21s =  -0.023907
                   Q22c =   0.066302  Q22s =   0.052913

F          x =-15.277250  y = -2.787760  z =  0.243570 angstrom
           Maximum rank =  2   Radius =  0.650 angstrom
                   Q00  =  -0.203850
|Q1| =   0.223075  Q10  =  -0.009143  Q11c =   0.222821  Q11s =  -0.005439
|Q2| =   0.696247  Q20  =  -0.308497  Q21c =  -0.048150  Q21s =  -0.004490
                   Q22c =   0.610144  Q22s =   0.122375

C          x =-11.790280  y = -3.679170  z =  0.114550 angstrom
           Maximum rank =  2   Radius =  0.650 angstrom
                   Q00  =   0.023272
|Q1| =   0.066799  Q10  =   0.000782  Q11c =  -0.039497  Q11s =   0.053865
|Q2| =   1.376257  Q20  =  -1.372413  Q21c =  -0.091808  Q21s =  -0.024632
                   Q22c =  -0.005243  Q22s =  -0.038770

H          x =-11.162870  y = -4.560900  z =  0.100020 angstrom
           Maximum rank =  1   Radius =  0.350 angstrom
                   Q00  =   0.099479
|Q1| =   0.085080  Q10  =   0.000596  Q11c =  -0.035921  Q11s =   0.077123

C          x =-13.161720  y = -3.778990  z =  0.169440 angstrom
           Maximum rank =  2   Radius =  0.650 angstrom
                   Q00  =   0.175095
|Q1| =   0.153884  Q10  =   0.005658  Q11c =  -0.109003  Q11s =  -0.108474
|Q2| =   1.055427  Q20  =  -1.046266  Q21c =  -0.071791  Q21s =  -0.025467
                   Q22c =  -0.026214  Q22s =   0.112974

F          x =-13.760310  y = -4.967350  z =  0.206850 angstrom
           Maximum rank =  2   Radius =  0.650 angstrom
                   Q00  =  -0.205043
|Q1| =   0.223318  Q10  =  -0.005202  Q11c =   0.068903  Q11s =   0.212359
|Q2| =   0.699487  Q20  =  -0.305150  Q21c =  -0.010787  Q21s =  -0.029913
                   Q22c =  -0.398344  Q22s =   0.486288

C          x =-11.565990  y =  1.223000  z =  0.001170 angstrom
           Maximum rank =  2   Radius =  0.650 angstrom
                   Q00  =  -0.018124
|Q1| =   0.025786  Q10  =  -0.003293  Q11c =  -0.012496  Q11s =   0.022314
|Q2| =   1.303497  Q20  =  -1.292339  Q21c =  -0.064231  Q21s =  -0.096300
                   Q22c =  -0.106867  Q22s =  -0.064388

C          x =-12.947830  y =  1.578800  z =  0.027140 angstrom
           Maximum rank =  2   Radius =  0.650 angstrom
                   Q00  =   0.058805
|Q1| =   0.106244  Q10  =  -0.004374  Q11c =   0.105705  Q11s =   0.009755
|Q2| =   1.207025  Q20  =  -0.720040  Q21c =  -0.042905  Q21s =  -0.000472
                   Q22c =   0.829676  Q22s =  -0.498246

N          x =-14.051470  y =  1.898510  z =  0.047810 angstrom
           Maximum rank =  2   Radius =  0.650 angstrom
                   Q00  =  -0.221525
|Q1| =   0.561594  Q10  =  -0.011937  Q11c =   0.546904  Q11s =  -0.127047
|Q2| =   0.618205  Q20  =  -0.345466  Q21c =  -0.017181  Q21s =   0.002563
                   Q22c =   0.401517  Q22s =  -0.318297

C          x =-10.709730  y =  2.361650  z = -0.077700 angstrom
           Maximum rank =  2   Radius =  0.650 angstrom
                   Q00  =   0.057584
|Q1| =   0.100283  Q10  =   0.001714  Q11c =  -0.086957  Q11s =  -0.049923
|Q2| =   1.203891  Q20  =  -0.721409  Q21c =  -0.068392  Q21s =  -0.096365
                   Q22c =  -0.268280  Q22s =   0.918142

N          x =-10.049760  y =  3.300770  z = -0.141790 angstrom
           Maximum rank =  2   Radius =  0.650 angstrom
                   Q00  =  -0.224233
|Q1| =   0.566389  Q10  =   0.029689  Q11c =  -0.354179  Q11s =  -0.440991
|Q2| =   0.621310  Q20  =  -0.336638  Q21c =  -0.033029  Q21s =  -0.053577
                   Q22c =  -0.243353  Q22s =   0.457733

C          x = -7.230660  y = -0.098580  z =  0.014240 angstrom
           Maximum rank =  2   Radius =  0.650 angstrom
                   Q00  =  -0.299547
|Q1| =   0.458014  Q10  =  -0.021284  Q11c =  -0.207151  Q11s =  -0.407937
|Q2| =   1.427458  Q20  =  -1.176921  Q21c =  -0.041046  Q21s =   0.053698
                   Q22c =   0.524092  Q22s =  -0.610944

S          x = -6.157790  y =  1.309720  z =  0.062430 angstrom
           Maximum rank =  2   Radius =  0.650 angstrom
                   Q00  =   0.715431
|Q1| =   1.083324  Q10  =  -0.056969  Q11c =   0.223904  Q11s =  -1.058401
|Q2| =   2.318470  Q20  =  -2.117658  Q21c =  -0.058623  Q21s =   0.053438
                   Q22c =   0.901717  Q22s =   0.267282

C          x = -6.508880  y = -1.278960  z = -0.042720 angstrom
           Maximum rank =  2   Radius =  0.650 angstrom
                   Q00  =  -0.017401
|Q1| =   0.079958  Q10  =   0.002392  Q11c =  -0.012842  Q11s =   0.078884
|Q2| =   1.389016  Q20  =  -1.348718  Q21c =  -0.010458  Q21s =   0.092884
                   Q22c =   0.023506  Q22s =   0.317859

H          x = -6.991540  y = -2.241940  z = -0.081160 angstrom
           Maximum rank =  1   Radius =  0.350 angstrom
                   Q00  =   0.122151
|Q1| =   0.070665  Q10  =   0.005879  Q11c =  -0.034454  Q11s =   0.061416

C          x = -5.132720  y = -1.043000  z = -0.042080 angstrom
           Maximum rank =  2   Radius =  0.650 angstrom
                   Q00  =  -0.337434
|Q1| =   0.541663  Q10  =   0.016085  Q11c =  -0.306040  Q11s =   0.446632
|Q2| =   1.339501  Q20  =  -1.169022  Q21c =   0.008948  Q21s =   0.065497
                   Q22c =   0.350839  Q22s =   0.547898

C          x = -4.770300  y =  0.305840  z =  0.012110 angstrom
           Maximum rank =  2   Radius =  0.650 angstrom
                   Q00  =  -0.345865
|Q1| =   0.546248  Q10  =  -0.045257  Q11c =   0.371891  Q11s =  -0.397538
|Q2| =   1.419491  Q20  =  -1.271957  Q21c =   0.016360  Q21s =   0.049404
                   Q22c =   0.307723  Q22s =   0.547428

S          x = -3.737140  y = -2.093750  z = -0.092850 angstrom
           Maximum rank =  2   Radius =  0.650 angstrom
                   Q00  =   0.729232
|Q1| =   1.125845  Q10  =   0.049756  Q11c =  -0.152751  Q11s =   1.114324
|Q2| =   2.287016  Q20  =  -2.105361  Q21c =   0.007153  Q21s =   0.124941
                   Q22c =   0.833758  Q22s =   0.295096

C          x = -3.370730  y =  0.492570  z =  0.027340 angstrom
           Maximum rank =  2   Radius =  0.650 angstrom
                   Q00  =  -0.064401
|Q1| =   0.098334  Q10  =  -0.053018  Q11c =   0.076650  Q11s =  -0.031360
|Q2| =   1.260773  Q20  =  -1.234724  Q21c =   0.006135  Q21s =   0.055529
                   Q22c =   0.122329  Q22s =   0.216612

C          x = -2.709780  y = -0.702500  z = -0.027820 angstrom
           Maximum rank =  2   Radius =  0.650 angstrom
                   Q00  =  -0.323680
|Q1| =   0.619991  Q10  =   0.013602  Q11c =   0.226975  Q11s =   0.576789
|Q2| =   1.362062  Q20  =  -1.231515  Q21c =  -0.011588  Q21s =   0.064494
                   Q22c =   0.505263  Q22s =  -0.281067

C          x = -1.274770  y = -0.497630  z = -0.023400 angstrom
           Maximum rank =  2   Radius =  0.650 angstrom
                   Q00  =  -0.024397
|Q1| =   0.121247  Q10  =   0.010979  Q11c =   0.009639  Q11s =   0.120364
|Q2| =   1.278771  Q20  =  -1.237099  Q21c =  -0.007715  Q21s =   0.077656
                   Q22c =   0.170737  Q22s =  -0.263819

C          x = -1.063920  y =  0.892640  z =  0.021940 angstrom
           Maximum rank =  2   Radius =  0.650 angstrom
                   Q00  =  -0.035939
|Q1| =   0.088920  Q10  =   0.040710  Q11c =  -0.049226  Q11s =  -0.061857
|Q2| =   1.233784  Q20  =  -1.219995  Q21c =  -0.001032  Q21s =   0.086918
                   Q22c =   0.161944  Q22s =  -0.007243

C          x = -2.396660  y =  1.659580  z =  0.055850 angstrom
           Maximum rank =  2   Radius =  0.650 angstrom
                   Q00  =  -0.006753
|Q1| =   0.063226  Q10  =  -0.000933  Q11c =   0.000660  Q11s =  -0.063215
|Q2| =   0.176657  Q20  =   0.003087  Q21c =   0.082844  Q21s =   0.023099
                   Q22c =  -0.145225  Q22s =  -0.052068

C          x =  0.217680  y =  1.402410  z =  0.049330 angstrom
           Maximum rank =  2   Radius =  0.650 angstrom
                   Q00  =  -0.014237
|Q1| =   0.104869  Q10  =   0.022967  Q11c =  -0.016771  Q11s =  -0.100940
|Q2| =   1.438788  Q20  =  -1.433185  Q21c =  -0.007998  Q21s =   0.120717
                   Q22c =   0.005609  Q22s =  -0.037718

H          x =  0.397420  y =  2.469700  z =  0.089660 angstrom
           Maximum rank =  1   Radius =  0.350 angstrom
                   Q00  =   0.084500
|Q1| =   0.103085  Q10  =   0.001448  Q11c =  -0.038355  Q11s =  -0.095673

C          x =  1.274810  y =  0.497580  z =  0.023530 angstrom
           Maximum rank =  2   Radius =  0.650 angstrom
                   Q00  =  -0.024083
|Q1| =   0.121092  Q10  =  -0.010969  Q11c =  -0.008898  Q11s =  -0.120266
|Q2| =   1.278039  Q20  =  -1.236334  Q21c =  -0.007696  Q21s =   0.077607
                   Q22c =   0.170824  Q22s =  -0.263817

C          x = -0.217640  y = -1.402460  z = -0.049200 angstrom
           Maximum rank =  2   Radius =  0.650 angstrom
                   Q00  =  -0.014032
|Q1| =   0.104942  Q10  =  -0.022968  Q11c =   0.016652  Q11s =   0.101035
|Q2| =   1.438294  Q20  =  -1.432681  Q21c =  -0.008002  Q21s =   0.120733
                   Q22c =   0.005585  Q22s =  -0.037988

H          x = -0.397380  y = -2.469760  z = -0.089540 angstrom
           Maximum rank =  1   Radius =  0.350 angstrom
                   Q00  =   0.084514
|Q1| =   0.103105  Q10  =  -0.001444  Q11c =   0.038405  Q11s =   0.095675

C          x =  1.063950  y = -0.892690  z = -0.021810 angstrom
           Maximum rank =  2   Radius =  0.650 angstrom
                   Q00  =  -0.036098
|Q1| =   0.088898  Q10  =  -0.040676  Q11c =   0.049364  Q11s =   0.061738
|Q2| =   1.234205  Q20  =  -1.220416  Q21c =  -0.001002  Q21s =   0.086901
                   Q22c =   0.162002  Q22s =  -0.006946

C          x =  2.396690  y = -1.659630  z = -0.055710 angstrom
           Maximum rank =  2   Radius =  0.650 angstrom
                   Q00  =  -0.006760
|Q1| =   0.063270  Q10  =   0.000931  Q11c =  -0.000716  Q11s =   0.063259
|Q2| =   0.176672  Q20  =   0.003067  Q21c =   0.082847  Q21s =   0.023120
                   Q22c =  -0.145211  Q22s =  -0.052149

C          x =  2.709820  y =  0.702440  z =  0.027930 angstrom
           Maximum rank =  2   Radius =  0.650 angstrom
                   Q00  =  -0.323874
|Q1| =   0.619863  Q10  =  -0.013534  Q11c =  -0.227804  Q11s =  -0.576326
|Q2| =   1.362492  Q20  =  -1.231905  Q21c =  -0.011585  Q21s =   0.064461
                   Q22c =   0.505609  Q22s =  -0.280824

C          x =  3.370760  y = -0.492630  z = -0.027220 angstrom
           Maximum rank =  2   Radius =  0.650 angstrom
                   Q00  =  -0.064818
|Q1| =   0.097412  Q10  =   0.053054  Q11c =  -0.075618  Q11s =   0.030924
|Q2| =   1.261728  Q20  =  -1.235604  Q21c =   0.006132  Q21s =   0.055549
                   Q22c =   0.122924  Q22s =   0.216814

S          x =  3.737190  y =  2.093700  z =  0.092940 angstrom
           Maximum rank =  2   Radius =  0.650 angstrom
                   Q00  =   0.729842
|Q1| =   1.125163  Q10  =  -0.049715  Q11c =   0.152633  Q11s =  -1.113653
|Q2| =   2.284869  Q20  =  -2.103474  Q21c =   0.007049  Q21s =   0.124828
                   Q22c =   0.832629  Q22s =   0.295162

C          x =  4.770330  y = -0.305900  z = -0.012020 angstrom
           Maximum rank =  2   Radius =  0.650 angstrom
                   Q00  =  -0.345059
|Q1| =   0.546724  Q10  =   0.045301  Q11c =  -0.372884  Q11s =   0.397256
|Q2| =   1.417927  Q20  =  -1.270241  Q21c =   0.016255  Q21s =   0.049214
                   Q22c =   0.307899  Q22s =   0.547282

S          x =  6.157820  y = -1.309790  z = -0.062350 angstrom
           Maximum rank =  2   Radius =  0.650 angstrom
                   Q00  =   0.717256
|Q1| =   1.081632  Q10  =   0.056842  Q11c =  -0.223691  Q11s =   1.056721
|Q2| =   2.311521  Q20  =  -2.111084  Q21c =  -0.058568  Q21s =   0.053363
                   Q22c =   0.899442  Q22s =   0.266798

C          x =  5.132760  y =  1.042940  z =  0.042160 angstrom
           Maximum rank =  2   Radius =  0.650 angstrom
                   Q00  =  -0.338128
|Q1| =   0.541814  Q10  =  -0.016074  Q11c =   0.306798  Q11s =  -0.446296
|Q2| =   1.341470  Q20  =  -1.170744  Q21c =   0.008921  Q21s =   0.065561
                   Q22c =   0.351384  Q22s =   0.548681

C          x =  6.508920  y =  1.278890  z =  0.042770 angstrom
           Maximum rank =  2   Radius =  0.650 angstrom
                   Q00  =  -0.015349
|Q1| =   0.078819  Q10  =  -0.002322  Q11c =   0.011876  Q11s =  -0.077884
|Q2| =   1.382906  Q20  =  -1.342468  Q21c =  -0.010354  Q21s =   0.092423
                   Q22c =   0.022778  Q22s =   0.317869

H          x =  6.991590  y =  2.241870  z =  0.081190 angstrom
           Maximum rank =  1   Radius =  0.350 angstrom
                   Q00  =   0.122608
|Q1| =   0.070398  Q10  =  -0.005851  Q11c =   0.034388  Q11s =  -0.061149

C          x =  7.230690  y =  0.098500  z = -0.014200 angstrom
           Maximum rank =  2   Radius =  0.650 angstrom
                   Q00  =  -0.300855
|Q1| =   0.458018  Q10  =   0.021262  Q11c =   0.208358  Q11s =   0.407327
|Q2| =   1.430225  Q20  =  -1.179429  Q21c =  -0.041150  Q21s =   0.053888
                   Q22c =   0.525356  Q22s =  -0.611468

C          x =  8.621730  y = -0.199110  z = -0.027600 angstrom
           Maximum rank =  2   Radius =  0.650 angstrom
                   Q00  =   0.015931
|Q1| =   0.043201  Q10  =   0.000117  Q11c =   0.036951  Q11s =   0.022381
|Q2| =   1.356580  Q20  =  -1.350961  Q21c =  -0.010723  Q21s =   0.030322
                   Q22c =   0.118712  Q22s =  -0.009269

H          x =  8.799290  y = -1.266240  z = -0.053410 angstrom
           Maximum rank =  1   Radius =  0.350 angstrom
                   Q00  =   0.091215
|Q1| =   0.068843  Q10  =   0.007164  Q11c =   0.025941  Q11s =   0.063365

C          x =  9.747480  y =  0.575120  z = -0.020760 angstrom
           Maximum rank =  2   Radius =  0.650 angstrom
                   Q00  =  -0.055838
|Q1| =   0.060163  Q10  =  -0.003378  Q11c =   0.042031  Q11s =   0.042914
|Q2| =   1.318386  Q20  =  -1.297189  Q21c =  -0.019454  Q21s =   0.001363
                   Q22c =   0.121683  Q22s =   0.200638

C          x = 11.130140  y =  0.070290  z = -0.040810 angstrom
           Maximum rank =  2   Radius =  0.650 angstrom
                   Q00  =   0.032251
|Q1| =   0.044537  Q10  =   0.001462  Q11c =   0.009996  Q11s =   0.043376
|Q2| =   1.157654  Q20  =  -1.121251  Q21c =  -0.035103  Q21s =  -0.065167
                   Q22c =  -0.217600  Q22s =  -0.173582

C          x =  9.816960  y =  2.055850  z = -0.024360 angstrom
           Maximum rank =  2   Radius =  0.650 angstrom
                   Q00  =   0.196598
|Q1| =   0.032155  Q10  =   0.000162  Q11c =  -0.020961  Q11s =   0.024383
|Q2| =   0.755601  Q20  =  -0.713889  Q21c =  -0.042916  Q21s =   0.006319
                   Q22c =   0.060179  Q22s =  -0.236202

O          x =  8.915000  y =  2.863400  z =  0.005830 angstrom
           Maximum rank =  2   Radius =  0.650 angstrom
                   Q00  =  -0.387575
|Q1| =   0.489790  Q10  =  -0.011579  Q11c =   0.371800  Q11s =  -0.318629
|Q2| =   0.929206  Q20  =  -0.205098  Q21c =  -0.012761  Q21s =   0.034535
                   Q22c =   0.120939  Q22s =  -0.897428

C          x = 12.027280  y =  1.251960  z = -0.095150 angstrom
           Maximum rank =  2   Radius =  0.650 angstrom
                   Q00  =  -0.022039
|Q1| =   0.075965  Q10  =   0.003410  Q11c =  -0.062392  Q11s =   0.043201
|Q2| =   1.248150  Q20  =  -1.232122  Q21c =  -0.088647  Q21s =  -0.036063
                   Q22c =   0.129693  Q22s =   0.117372

C          x = 11.251660  y =  2.407230  z = -0.079570 angstrom
           Maximum rank =  2   Radius =  0.650 angstrom
                   Q00  =  -0.041759
|Q1| =   0.063846  Q10  =   0.000320  Q11c =   0.012084  Q11s =  -0.062692
|Q2| =   1.238713  Q20  =  -1.225625  Q21c =  -0.076493  Q21s =  -0.030997
                   Q22c =  -0.045048  Q22s =   0.153009

C          x = 13.415280  y =  1.365480  z = -0.150830 angstrom
           Maximum rank =  2   Radius =  0.650 angstrom
                   Q00  =   0.008074
|Q1| =   0.071839  Q10  =  -0.000085  Q11c =  -0.023565  Q11s =   0.067864
|Q2| =   1.430972  Q20  =  -1.425962  Q21c =  -0.097809  Q21s =  -0.034546
                   Q22c =  -0.008037  Q22s =  -0.059071

H          x = 14.093050  y =  0.526100  z = -0.167790 angstrom
           Maximum rank =  1   Radius =  0.350 angstrom
                   Q00  =   0.112409
|Q1| =   0.062204  Q10  =   0.003670  Q11c =  -0.054183  Q11s =   0.030332

C          x = 13.955540  y =  2.633620  z = -0.187950 angstrom
           Maximum rank =  2   Radius =  0.650 angstrom
                   Q00  =   0.179245
|Q1| =   0.158674  Q10  =  -0.006269  Q11c =   0.146502  Q11s =   0.060625
|Q2| =   1.046820  Q20  =  -1.040409  Q21c =  -0.076078  Q21s =  -0.023769
                   Q22c =   0.065295  Q22s =   0.052591

F          x = 15.277210  y =  2.787840  z = -0.243440 angstrom
           Maximum rank =  2   Radius =  0.650 angstrom
                   Q00  =  -0.202205
|Q1| =   0.222180  Q10  =   0.009113  Q11c =  -0.221927  Q11s =   0.005433
|Q2| =   0.695770  Q20  =  -0.308144  Q21c =  -0.048087  Q21s =  -0.004482
                   Q22c =   0.609798  Q22s =   0.122301

C          x = 11.790230  y =  3.679160  z = -0.114440 angstrom
           Maximum rank =  2   Radius =  0.650 angstrom
                   Q00  =   0.024002
|Q1| =   0.066666  Q10  =  -0.000755  Q11c =   0.039376  Q11s =  -0.053790
|Q2| =   1.373538  Q20  =  -1.369708  Q21c =  -0.091585  Q21s =  -0.024520
                   Q22c =  -0.005793  Q22s =  -0.038523

H          x = 11.162790  y =  4.560880  z = -0.099900 angstrom
           Maximum rank =  1   Radius =  0.350 angstrom
                   Q00  =   0.099963
|Q1| =   0.084680  Q10  =  -0.000592  Q11c =   0.035851  Q11s =  -0.076714

C          x = 13.161660  y =  3.779020  z = -0.169320 angstrom
           Maximum rank =  2   Radius =  0.650 angstrom
                   Q00  =   0.176711
|Q1| =   0.154071  Q10  =  -0.005636  Q11c =   0.109400  Q11s =   0.108340
|Q2| =   1.050725  Q20  =  -1.041637  Q21c =  -0.071467  Q21s =  -0.025283
                   Q22c =  -0.025706  Q22s =   0.112280

F          x = 13.760230  y =  4.967390  z = -0.206680 angstrom
           Maximum rank =  2   Radius =  0.650 angstrom
                   Q00  =  -0.203491
|Q1| =   0.222583  Q10  =   0.005183  Q11c =  -0.068504  Q11s =  -0.211715
|Q2| =   0.699002  Q20  =  -0.304586  Q21c =  -0.010737  Q21s =  -0.029857
                   Q22c =  -0.398192  Q22s =   0.486074

C          x = 11.566050  y = -1.223010  z = -0.001230 angstrom
           Maximum rank =  2   Radius =  0.650 angstrom
                   Q00  =  -0.015763
|Q1| =   0.027298  Q10  =   0.003307  Q11c =   0.013202  Q11s =  -0.023663
|Q2| =   1.296153  Q20  =  -1.284985  Q21c =  -0.063801  Q21s =  -0.095645
                   Q22c =  -0.107231  Q22s =  -0.064116

C          x = 12.947900  y = -1.578790  z = -0.027210 angstrom
           Maximum rank =  2   Radius =  0.650 angstrom
                   Q00  =   0.059133
|Q1| =   0.106910  Q10  =   0.004415  Q11c =  -0.106364  Q11s =  -0.009845
|Q2| =   1.205832  Q20  =  -0.717953  Q21c =  -0.042804  Q21s =  -0.000307
                   Q22c =   0.829855  Q22s =  -0.498079

N          x = 14.051540  y = -1.898490  z = -0.047880 angstrom
           Maximum rank =  2   Radius =  0.650 angstrom
                   Q00  =  -0.217122
|Q1| =   0.559007  Q10  =   0.011913  Q11c =  -0.544427  Q11s =   0.126281
|Q2| =   0.615815  Q20  =  -0.342651  Q21c =  -0.017020  Q21s =   0.002730
                   Q22c =   0.400781  Q22s =  -0.317642

C          x = 10.709810  y = -2.361690  z =  0.077590 angstrom
           Maximum rank =  2   Radius =  0.650 angstrom
                   Q00  =   0.058337
|Q1| =   0.101182  Q10  =  -0.001720  Q11c =   0.088081  Q11s =   0.049766
|Q2| =   1.201860  Q20  =  -0.719146  Q21c =  -0.068166  Q21s =  -0.096123
                   Q22c =  -0.267985  Q22s =   0.917385

N          x = 10.049860  y = -3.300830  z =  0.141630 angstrom
           Maximum rank =  2   Radius =  0.650 angstrom
                   Q00  =  -0.221651
|Q1| =   0.565077  Q10  =  -0.029564  Q11c =   0.354159  Q11s =   0.439328
|Q2| =   0.619569  Q20  =  -0.334243  Q21c =  -0.032899  Q21s =  -0.053304
                   Q22c =  -0.243634  Q22s =   0.457019

C          x =  2.633000  y = -2.519310  z =  1.195490 angstrom
           Maximum rank =  2   Radius =  0.650 angstrom
                   Q00  =  -0.062800
|Q1| =   0.078574  Q10  =   0.003253  Q11c =   0.052934  Q11s =   0.057976
|Q2| =   1.299730  Q20  =   0.531593  Q21c =  -0.395621  Q21s =  -0.543608
                   Q22c =  -0.115207  Q22s =  -0.970262

C          x =  3.620390  y = -3.503710  z =  1.190910 angstrom
           Maximum rank =  2   Radius =  0.650 angstrom
                   Q00  =  -0.053632
|Q1| =   0.103207  Q10  =   0.034506  Q11c =  -0.082694  Q11s =   0.051212
|Q2| =   1.484694  Q20  =   0.703939  Q21c =  -0.454008  Q21s =  -0.420336
                   Q22c =  -0.031582  Q22s =  -1.151079

H          x =  4.164810  y = -3.718100  z =  0.279350 angstrom
           Maximum rank =  1   Radius =  0.350 angstrom
                   Q00  =   0.078993
|Q1| =   0.100215  Q10  =   0.053114  Q11c =  -0.071320  Q11s =   0.046210

C          x =  3.909960  y = -4.229130  z =  2.334390 angstrom
           Maximum rank =  2   Radius =  0.650 angstrom
                   Q00  =  -0.030603
|Q1| =   0.076476  Q10  =   0.008206  Q11c =  -0.059968  Q11s =   0.046746
|Q2| =   1.415136  Q20  =   0.463911  Q21c =  -0.433212  Q21s =  -0.423375
                   Q22c =  -0.024755  Q22s =  -1.191581

H          x =  4.686020  y = -4.986030  z =  2.299100 angstrom
           Maximum rank =  1   Radius =  0.350 angstrom
                   Q00  =   0.052574
|Q1| =   0.112753  Q10  =   0.003844  Q11c =  -0.077884  Q11s =   0.081440

C          x =  3.225440  y = -4.001950  z =  3.525610 angstrom
           Maximum rank =  2   Radius =  0.650 angstrom
                   Q00  =  -0.074980
|Q1| =   0.121532  Q10  =  -0.099698  Q11c =  -0.021871  Q11s =   0.065971
|Q2| =   1.139706  Q20  =   0.477270  Q21c =  -0.318175  Q21s =  -0.417620
                   Q22c =  -0.029965  Q22s =  -0.891405

C          x =  2.247210  y = -3.014860  z =  3.529140 angstrom
           Maximum rank =  2   Radius =  0.650 angstrom
                   Q00  =  -0.031763
|Q1| =   0.074718  Q10  =  -0.058815  Q11c =   0.042136  Q11s =  -0.018659
|Q2| =   1.401954  Q20  =   0.592855  Q21c =  -0.520713  Q21s =  -0.375137
                   Q22c =   0.009481  Q22s =  -1.096375

H          x =  1.700880  y = -2.808060  z =  4.442970 angstrom
           Maximum rank =  1   Radius =  0.350 angstrom
                   Q00  =   0.046286
|Q1| =   0.116532  Q10  =  -0.098857  Q11c =   0.057913  Q11s =  -0.021285

C          x =  1.954960  y = -2.283440  z =  2.386300 angstrom
           Maximum rank =  2   Radius =  0.650 angstrom
                   Q00  =  -0.034539
|Q1| =   0.097286  Q10  =  -0.060451  Q11c =   0.072006  Q11s =  -0.025010
|Q2| =   1.465103  Q20  =   0.492042  Q21c =  -0.366853  Q21s =  -0.499323
                   Q22c =  -0.022005  Q22s =  -1.232896

H          x =  1.190870  y = -1.518230  z =  2.432780 angstrom
           Maximum rank =  1   Radius =  0.350 angstrom
                   Q00  =   0.076175
|Q1| =   0.099169  Q10  =  -0.059554  Q11c =   0.061361  Q11s =  -0.050226

C          x =  2.464880  y = -2.467780  z = -1.358090 angstrom
           Maximum rank =  2   Radius =  0.650 angstrom
                   Q00  =  -0.062413
|Q1| =   0.065506  Q10  =   0.000678  Q11c =  -0.054727  Q11s =   0.035994
|Q2| =   1.282548  Q20  =   0.559931  Q21c =  -0.505521  Q21s =   0.364346
                   Q22c =  -0.675183  Q22s =   0.698021

C          x =  3.035390  y = -1.941270  z = -2.510790 angstrom
           Maximum rank =  2   Radius =  0.650 angstrom
                   Q00  =  -0.037255
|Q1| =   0.100963  Q10  =   0.057678  Q11c =  -0.063846  Q11s =  -0.052826
|Q2| =   1.481858  Q20  =   0.547003  Q21c =  -0.471859  Q21s =   0.354157
                   Q22c =  -0.789049  Q22s =   0.962296

H          x =  3.494200  y = -0.960720  z = -2.487730 angstrom
           Maximum rank =  1   Radius =  0.350 angstrom
                   Q00  =   0.077970
|Q1| =   0.100106  Q10  =   0.054584  Q11c =  -0.040339  Q11s =  -0.073584

C          x =  3.022730  y = -2.653400  z = -3.702620 angstrom
           Maximum rank =  2   Radius =  0.650 angstrom
                   Q00  =  -0.030895
|Q1| =   0.075913  Q10  =   0.059342  Q11c =  -0.029130  Q11s =  -0.037319
|Q2| =   1.398521  Q20  =   0.600288  Q21c =  -0.580237  Q21s =   0.165392
                   Q22c =  -0.674538  Q22s =   0.881183

H          x =  3.478410  y = -2.216710  z = -4.584550 angstrom
           Maximum rank =  1   Radius =  0.350 angstrom
                   Q00  =   0.047996
|Q1| =   0.115639  Q10  =   0.095105  Q11c =  -0.046779  Q11s =  -0.046251

C          x =  2.440500  y = -3.911800  z = -3.785360 angstrom
           Maximum rank =  2   Radius =  0.650 angstrom
                   Q00  =  -0.075524
|Q1| =   0.122052  Q10  =   0.104966  Q11c =   0.002971  Q11s =   0.062208
|Q2| =   1.140816  Q20  =   0.501529  Q21c =  -0.411203  Q21s =   0.274037
                   Q22c =  -0.576912  Q22s =   0.687690

C          x =  1.864670  y = -4.435070  z = -2.629500 angstrom
           Maximum rank =  2   Radius =  0.650 angstrom
                   Q00  =  -0.031404
|Q1| =   0.075948  Q10  =  -0.005542  Q11c =   0.041645  Q11s =   0.063270
|Q2| =   1.406907  Q20  =   0.475621  Q21c =  -0.496808  Q21s =   0.254361
                   Q22c =  -0.764873  Q22s =   0.925539

H          x =  1.400520  y = -5.415040  z = -2.661190 angstrom
           Maximum rank =  1   Radius =  0.350 angstrom
                   Q00  =   0.048606
|Q1| =   0.115385  Q10  =   0.001427  Q11c =   0.050093  Q11s =   0.103934

C          x =  1.877630  y = -3.730030  z = -1.438340 angstrom
           Maximum rank =  2   Radius =  0.650 angstrom
                   Q00  =  -0.051677
|Q1| =   0.105047  Q10  =  -0.031875  Q11c =   0.061244  Q11s =   0.079171
|Q2| =   1.477110  Q20  =   0.724263  Q21c =  -0.496753  Q21s =   0.198920
                   Q22c =  -0.757126  Q22s =   0.893154

H          x =  1.437440  y = -4.176190  z = -0.554870 angstrom
           Maximum rank =  1   Radius =  0.350 angstrom
                   Q00  =   0.074205
|Q1| =   0.106186  Q10  =  -0.049253  Q11c =   0.061000  Q11s =   0.071615

C          x = -2.464860  y =  2.467710  z =  1.358240 angstrom
           Maximum rank =  2   Radius =  0.650 angstrom
                   Q00  =  -0.062340
|Q1| =   0.065542  Q10  =  -0.000667  Q11c =   0.054759  Q11s =  -0.036010
|Q2| =   1.282329  Q20  =   0.559889  Q21c =  -0.505386  Q21s =   0.364113
                   Q22c =  -0.675277  Q22s =   0.697783

C          x = -1.877800  y =  3.730080  z =  1.438400 angstrom
           Maximum rank =  2   Radius =  0.650 angstrom
                   Q00  =  -0.051617
|Q1| =   0.104983  Q10  =   0.031930  Q11c =  -0.060972  Q11s =  -0.079274
|Q2| =   1.476934  Q20  =   0.724254  Q21c =  -0.496531  Q21s =   0.198797
                   Q22c =  -0.757247  Q22s =   0.892918

H          x = -1.437780  y =  4.176290  z =  0.554870 angstrom
           Maximum rank =  1   Radius =  0.350 angstrom
                   Q00  =   0.074274
|Q1| =   0.106130  Q10  =   0.049222  Q11c =  -0.060938  Q11s =  -0.071605

C          x = -1.864880  y =  4.435150  z =  2.629510 angstrom
           Maximum rank =  2   Radius =  0.650 angstrom
                   Q00  =  -0.031391
|Q1| =   0.075895  Q10  =   0.005618  Q11c =  -0.041321  Q11s =  -0.063412
|Q2| =   1.406948  Q20  =   0.475798  Q21c =  -0.496640  Q21s =   0.254233
                   Q22c =  -0.765031  Q22s =   0.925505

H          x = -1.400900  y =  5.415220  z =  2.661120 angstrom
           Maximum rank =  1   Radius =  0.350 angstrom
                   Q00  =   0.048692
|Q1| =   0.115314  Q10  =  -0.001399  Q11c =  -0.049987  Q11s =  -0.103907

C          x = -2.440540  y =  3.911820  z =  3.785450 angstrom
           Maximum rank =  2   Radius =  0.650 angstrom
                   Q00  =  -0.075579
|Q1| =   0.122050  Q10  =  -0.104900  Q11c =  -0.002721  Q11s =  -0.062328
|Q2| =   1.141010  Q20  =   0.501727  Q21c =  -0.411040  Q21s =   0.273996
                   Q22c =  -0.577219  Q22s =   0.687724

C          x = -3.022590  y =  2.653360  z =  3.702800 angstrom
           Maximum rank =  2   Radius =  0.650 angstrom
                   Q00  =  -0.030980
|Q1| =   0.075962  Q10  =  -0.059363  Q11c =   0.029365  Q11s =   0.037203
|Q2| =   1.398804  Q20  =   0.600439  Q21c =  -0.580076  Q21s =   0.165121
                   Q22c =  -0.675030  Q22s =   0.881311

H          x = -3.478180  y =  2.216640  z =  4.584750 angstrom
           Maximum rank =  1   Radius =  0.350 angstrom
                   Q00  =   0.047820
|Q1| =   0.115787  Q10  =  -0.095234  Q11c =   0.046873  Q11s =   0.046261

C          x = -3.035230  y =  1.941170  z =  2.510970 angstrom
           Maximum rank =  2   Radius =  0.650 angstrom
                   Q00  =  -0.037215
|Q1| =   0.101030  Q10  =  -0.057728  Q11c =   0.063941  Q11s =   0.052783
|Q2| =   1.481833  Q20  =   0.547058  Q21c =  -0.471696  Q21s =   0.354069
                   Q22c =  -0.789388  Q22s =   0.962061

H          x = -3.493910  y =  0.960560  z =  2.487980 angstrom
           Maximum rank =  1   Radius =  0.350 angstrom
                   Q00  =   0.077982
|Q1| =   0.100126  Q10  =  -0.054612  Q11c =   0.040337  Q11s =   0.073591

C          x = -2.632970  y =  2.519300  z = -1.195320 angstrom
           Maximum rank =  2   Radius =  0.650 angstrom
                   Q00  =  -0.062675
|Q1| =   0.078514  Q10  =  -0.003236  Q11c =  -0.052908  Q11s =  -0.057920
|Q2| =   1.299369  Q20  =   0.531486  Q21c =  -0.395529  Q21s =  -0.543181
                   Q22c =  -0.115663  Q22s =  -0.970060

C          x = -3.620100  y =  3.503950  z = -1.190570 angstrom
           Maximum rank =  2   Radius =  0.650 angstrom
                   Q00  =  -0.053591
|Q1| =   0.103271  Q10  =  -0.034506  Q11c =   0.082683  Q11s =  -0.051360
|Q2| =   1.484735  Q20  =   0.704269  Q21c =  -0.453854  Q21s =  -0.420160
                   Q22c =  -0.032373  Q22s =  -1.151033

H          x = -4.164300  y =  3.718490  z = -0.278910 angstrom
           Maximum rank =  1   Radius =  0.350 angstrom
                   Q00  =   0.078994
|Q1| =   0.100260  Q10  =  -0.053108  Q11c =   0.071342  Q11s =  -0.046281

C          x = -3.909680  y =  4.229450  z = -2.333990 angstrom
           Maximum rank =  2   Radius =  0.650 angstrom
                   Q00  =  -0.030726
|Q1| =   0.076559  Q10  =  -0.008173  Q11c =   0.060054  Q11s =  -0.046777
|Q2| =   1.415765  Q20  =   0.464290  Q21c =  -0.433472  Q21s =  -0.423207
                   Q22c =  -0.025519  Q22s =  -1.192129

H          x = -4.685530  y =  4.986560  z = -2.298560 angstrom
           Maximum rank =  1   Radius =  0.350 angstrom
                   Q00  =   0.052348
|Q1| =   0.112956  Q10  =  -0.003836  Q11c =   0.078008  Q11s =  -0.081604

C          x = -3.225420  y =  4.002100  z = -3.525330 angstrom
           Maximum rank =  2   Radius =  0.650 angstrom
                   Q00  =  -0.075079
|Q1| =   0.121530  Q10  =   0.099710  Q11c =   0.022027  Q11s =  -0.065896
|Q2| =   1.140039  Q20  =   0.477578  Q21c =  -0.318290  Q21s =  -0.417632
                   Q22c =  -0.030525  Q22s =  -0.891600

C          x = -2.247450  y =  3.014760  z = -3.529030 angstrom
           Maximum rank =  2   Radius =  0.650 angstrom
                   Q00  =  -0.031722
|Q1| =   0.074711  Q10  =   0.058913  Q11c =  -0.041948  Q11s =   0.018745
|Q2| =   1.401795  Q20  =   0.592757  Q21c =  -0.520692  Q21s =  -0.374775
                   Q22c =   0.008929  Q22s =  -1.096363

H          x = -1.701320  y =  2.807830  z = -4.442960 angstrom
           Maximum rank =  1   Radius =  0.350 angstrom
                   Q00  =   0.046363
|Q1| =   0.116462  Q10  =   0.098841  Q11c =  -0.057800  Q11s =   0.021281

C          x = -1.955180  y =  2.283260  z = -2.386240 angstrom
           Maximum rank =  2   Radius =  0.650 angstrom
                   Q00  =  -0.034372
|Q1| =   0.097196  Q10  =   0.060481  Q11c =  -0.071823  Q11s =   0.025112
|Q2| =   1.464478  Q20  =   0.491936  Q21c =  -0.366788  Q21s =  -0.498817
                   Q22c =  -0.022516  Q22s =  -1.232410

H          x = -1.191290  y =  1.517860  z = -2.432860 angstrom
           Maximum rank =  1   Radius =  0.350 angstrom
                   Q00  =   0.076306
|Q1| =   0.099079  Q10  =   0.059524  Q11c =  -0.061260  Q11s =   0.050207

C          x =  3.523350  y = -4.814000  z =  4.756640 angstrom
           Maximum rank =  2   Radius =  0.650 angstrom
                   Q00  =   0.023516
|Q1| =   0.022959  Q10  =  -0.014531  Q11c =  -0.001956  Q11s =   0.017668
|Q2| =   0.105122  Q20  =   0.065748  Q21c =   0.024806  Q21s =  -0.071125
                   Q22c =  -0.008042  Q22s =  -0.031450

H          x =  3.015400  y = -5.781840  z =  4.719010 angstrom
           Maximum rank =  1   Radius =  0.350 angstrom
                   Q00  =   0.031858
|Q1| =   0.123318  Q10  =  -0.036655  Q11c =   0.036350  Q11s =   0.111993

H          x =  3.190310  y = -4.301850  z =  5.660260 angstrom
           Maximum rank =  1   Radius =  0.350 angstrom
                   Q00  =   0.024940
|Q1| =   0.124622  Q10  =  -0.121363  Q11c =   0.020363  Q11s =  -0.019668

H          x =  4.592680  y = -5.010330  z =  4.852400 angstrom
           Maximum rank =  1   Radius =  0.350 angstrom
                   Q00  =   0.029379
|Q1| =   0.122489  Q10  =  -0.049878  Q11c =  -0.103086  Q11s =   0.043461

C          x =  2.453230  y = -4.698380  z = -5.067820 angstrom
           Maximum rank =  2   Radius =  0.650 angstrom
                   Q00  =   0.023350
|Q1| =   0.022481  Q10  =   0.015169  Q11c =  -0.001776  Q11s =   0.016496
|Q2| =   0.106690  Q20  =   0.073912  Q21c =   0.002460  Q21s =   0.071698
                   Q22c =  -0.020381  Q22s =   0.018916

H          x =  3.255930  y = -5.441090  z = -5.062270 angstrom
           Maximum rank =  1   Radius =  0.350 angstrom
                   Q00  =   0.033452
|Q1| =   0.122145  Q10  =   0.041275  Q11c =  -0.070609  Q11s =   0.090720

H          x =  2.610810  y = -4.049360  z = -5.930120 angstrom
           Maximum rank =  1   Radius =  0.350 angstrom
                   Q00  =   0.025328
|Q1| =   0.124347  Q10  =   0.119164  Q11c =  -0.013638  Q11s =  -0.032802

H          x =  1.513620  y = -5.234340  z = -5.213900 angstrom
           Maximum rank =  1   Radius =  0.350 angstrom
                   Q00  =   0.027151
|Q1| =   0.124244  Q10  =   0.055354  Q11c =   0.083882  Q11s =   0.073050

C          x = -2.453050  y =  4.698450  z =  5.067890 angstrom
           Maximum rank =  2   Radius =  0.650 angstrom
                   Q00  =   0.023348
|Q1| =   0.022563  Q10  =  -0.015153  Q11c =   0.001847  Q11s =  -0.016614
|Q2| =   0.106463  Q20  =   0.073903  Q21c =   0.002548  Q21s =   0.071483
                   Q22c =  -0.020346  Q22s =   0.018503

H          x = -3.252600  y =  5.444530  z =  5.060440 angstrom
           Maximum rank =  1   Radius =  0.350 angstrom
                   Q00  =   0.033176
|Q1| =   0.122371  Q10  =  -0.041165  Q11c =   0.070528  Q11s =  -0.091136

H          x = -1.511550  y =  5.230500  z =  5.216190 angstrom
           Maximum rank =  1   Radius =  0.350 angstrom
                   Q00  =   0.027362
|Q1| =   0.124103  Q10  =  -0.055542  Q11c =  -0.083879  Q11s =  -0.072670

H          x = -2.615330  y =  4.050090  z =  5.929800 angstrom
           Maximum rank =  1   Radius =  0.350 angstrom
                   Q00  =   0.025223
|Q1| =   0.124426  Q10  =  -0.119199  Q11c =   0.014169  Q11s =   0.032751

C          x = -3.523370  y =  4.814210  z = -4.756310 angstrom
           Maximum rank =  2   Radius =  0.650 angstrom
                   Q00  =   0.023507
|Q1| =   0.023048  Q10  =   0.014572  Q11c =   0.002140  Q11s =  -0.017728
|Q2| =   0.104789  Q20  =   0.065561  Q21c =   0.024507  Q21s =  -0.070990
                   Q22c =  -0.007656  Q22s =  -0.031361

H          x = -3.189950  y =  4.302330  z = -5.659930 angstrom
           Maximum rank =  1   Radius =  0.350 angstrom
                   Q00  =   0.024918
|Q1| =   0.124659  Q10  =   0.121417  Q11c =  -0.020306  Q11s =   0.019632

H          x = -3.015800  y =  5.782250  z = -4.718420 angstrom
           Maximum rank =  1   Radius =  0.350 angstrom
                   Q00  =   0.031872
|Q1| =   0.123324  Q10  =   0.036660  Q11c =  -0.036213  Q11s =  -0.112042

H          x = -4.592760  y =  5.010160  z = -4.852270 angstrom
           Maximum rank =  1   Radius =  0.350 angstrom
                   Q00  =   0.029077
|Q1| =   0.122766  Q10  =   0.049984  Q11c =   0.103343  Q11s =  -0.043511

Total multipoles referred to origin at
           x =   0.000000,  y =    0.000000,  z =    0.000000 angstrom
                   Q00  =   0.000007
|Q1| =   0.678458  Q10  =  -0.003056  Q11c =   0.678347  Q11s =   0.011927
|Q2| = 242.570160  Q20  = 134.258886  Q21c =  -6.513589  Q21s =   1.623623
                   Q22c =-191.766119  Q22s =  63.210180

CPU time used:     66m52.992s          Total:     66m52.992s

Finished at 17:4:42 on 28 Jun 2021  
