                                     G D M A

                                 by Anthony Stone

                         version 2.2.11, 04 February 2015

               Distributed Multipoles from Gaussian wavefunctions


Starting at 15:58:19 on 28 Jun 2021 

s1S0



Using CI density matrix from file sN_my.fchk


                         Distributed Multipole Analysis

Standard DMA for products of primitives with exponent greater than 4.00000
Using 80-point Euler-MacLaurin radial quadrature
Using 590-point Lebedev quadrature
Becke smoothing parameter = 3

Positions and radii in angstrom
Multipole moments in atomic units, ea_0^k for rank k

C          x = -8.621700  y =  0.199040  z =  0.027630 angstrom
           Maximum rank =  2   Radius =  0.650 angstrom
                   Q00  =   0.014007
|Q1| =   0.044253  Q10  =  -0.000141  Q11c =  -0.037865  Q11s =  -0.022904
|Q2| =   1.362226  Q20  =  -1.356579  Q21c =  -0.010715  Q21s =   0.030497
                   Q22c =   0.119267  Q22s =  -0.009103

H          x = -8.799250  y =  1.266170  z =  0.053430 angstrom
           Maximum rank =  1   Radius =  0.350 angstrom
                   Q00  =   0.090974
|Q1| =   0.068918  Q10  =  -0.007192  Q11c =  -0.025950  Q11s =  -0.063440

C          x = -9.747460  y = -0.575180  z =  0.020770 angstrom
           Maximum rank =  2   Radius =  0.650 angstrom
                   Q00  =  -0.056070
|Q1| =   0.059043  Q10  =   0.003385  Q11c =  -0.040977  Q11s =  -0.042374
|Q2| =   1.319796  Q20  =  -1.298692  Q21c =  -0.019492  Q21s =   0.001323
                   Q22c =   0.121073  Q22s =   0.200554

C          x =-11.130110  y = -0.070320  z =  0.040790 angstrom
           Maximum rank =  2   Radius =  0.650 angstrom
                   Q00  =   0.030964
|Q1| =   0.044018  Q10  =  -0.001438  Q11c =  -0.010590  Q11s =  -0.042700
|Q2| =   1.161366  Q20  =  -1.125149  Q21c =  -0.035235  Q21s =  -0.065470
                   Q22c =  -0.217739  Q22s =  -0.172833

C          x = -9.816980  y = -2.055900  z =  0.024370 angstrom
           Maximum rank =  2   Radius =  0.650 angstrom
                   Q00  =   0.196277
|Q1| =   0.032398  Q10  =  -0.000141  Q11c =   0.020959  Q11s =  -0.024706
|Q2| =   0.756611  Q20  =  -0.714954  Q21c =  -0.042988  Q21s =   0.006275
                   Q22c =   0.060707  Q22s =  -0.236067

O          x = -8.915040  y = -2.863480  z = -0.005760 angstrom
           Maximum rank =  2   Radius =  0.650 angstrom
                   Q00  =  -0.388374
|Q1| =   0.490307  Q10  =   0.011582  Q11c =  -0.371851  Q11s =   0.319364
|Q2| =   0.929582  Q20  =  -0.205435  Q21c =  -0.012743  Q21s =   0.034500
                   Q22c =   0.121182  Q22s =  -0.897709

C          x =-12.027270  y = -1.251970  z =  0.095180 angstrom
           Maximum rank =  2   Radius =  0.650 angstrom
                   Q00  =  -0.021752
|Q1| =   0.076035  Q10  =  -0.003395  Q11c =   0.062498  Q11s =  -0.043171
|Q2| =   1.247595  Q20  =  -1.231585  Q21c =  -0.088638  Q21s =  -0.036098
                   Q22c =   0.129863  Q22s =   0.116915

C          x =-11.251680  y = -2.407260  z =  0.079630 angstrom
           Maximum rank =  2   Radius =  0.650 angstrom
                   Q00  =  -0.041891
|Q1| =   0.064137  Q10  =  -0.000316  Q11c =  -0.011930  Q11s =   0.063017
|Q2| =   1.239109  Q20  =  -1.225986  Q21c =  -0.076565  Q21s =  -0.031085
                   Q22c =  -0.045253  Q22s =   0.153210

C          x =-13.415280  y = -1.365450  z =  0.150880 angstrom
           Maximum rank =  2   Radius =  0.650 angstrom
                   Q00  =   0.007456
|Q1| =   0.071878  Q10  =   0.000097  Q11c =   0.023711  Q11s =  -0.067855
|Q2| =   1.433051  Q20  =  -1.428041  Q21c =  -0.097976  Q21s =  -0.034684
                   Q22c =  -0.008600  Q22s =  -0.058802

H          x =-14.093020  y = -0.526050  z =  0.167830 angstrom
           Maximum rank =  1   Radius =  0.350 angstrom
                   Q00  =   0.112173
|Q1| =   0.062423  Q10  =  -0.003680  Q11c =   0.054417  Q11s =  -0.030364

C          x =-13.955570  y = -2.633570  z =  0.188050 angstrom
           Maximum rank =  2   Radius =  0.650 angstrom
                   Q00  =   0.178530
|Q1| =   0.158625  Q10  =   0.006287  Q11c =  -0.146541  Q11s =  -0.060399
|Q2| =   1.049089  Q20  =  -1.042631  Q21c =  -0.076295  Q21s =  -0.023868
                   Q22c =   0.065867  Q22s =   0.052709

F          x =-15.277250  y = -2.787760  z =  0.243570 angstrom
           Maximum rank =  2   Radius =  0.650 angstrom
                   Q00  =  -0.203147
|Q1| =   0.222674  Q10  =  -0.009131  Q11c =   0.222422  Q11s =  -0.005331
|Q2| =   0.696012  Q20  =  -0.308370  Q21c =  -0.048133  Q21s =  -0.004485
                   Q22c =   0.609955  Q22s =   0.122304

C          x =-11.790280  y = -3.679170  z =  0.114550 angstrom
           Maximum rank =  2   Radius =  0.650 angstrom
                   Q00  =   0.023413
|Q1| =   0.066808  Q10  =   0.000769  Q11c =  -0.039411  Q11s =   0.053939
|Q2| =   1.375729  Q20  =  -1.371887  Q21c =  -0.091770  Q21s =  -0.024621
                   Q22c =  -0.005353  Q22s =  -0.038720

H          x =-11.162870  y = -4.560900  z =  0.100020 angstrom
           Maximum rank =  1   Radius =  0.350 angstrom
                   Q00  =   0.099484
|Q1| =   0.085072  Q10  =   0.000595  Q11c =  -0.035946  Q11s =   0.077103

C          x =-13.161720  y = -3.778990  z =  0.169440 angstrom
           Maximum rank =  2   Radius =  0.650 angstrom
                   Q00  =   0.175633
|Q1| =   0.153981  Q10  =   0.005656  Q11c =  -0.109227  Q11s =  -0.108387
|Q2| =   1.053889  Q20  =  -1.044741  Q21c =  -0.071693  Q21s =  -0.025428
                   Q22c =  -0.026054  Q22s =   0.112839

F          x =-13.760310  y = -4.967350  z =  0.206850 angstrom
           Maximum rank =  2   Radius =  0.650 angstrom
                   Q00  =  -0.204648
|Q1| =   0.223171  Q10  =  -0.005197  Q11c =   0.068723  Q11s =   0.212263
|Q2| =   0.699364  Q20  =  -0.304923  Q21c =  -0.010773  Q21s =  -0.029909
                   Q22c =  -0.398326  Q22s =   0.486269

C          x =-11.565990  y =  1.223000  z =  0.001170 angstrom
           Maximum rank =  2   Radius =  0.650 angstrom
                   Q00  =  -0.016653
|Q1| =   0.026655  Q10  =  -0.003294  Q11c =  -0.012846  Q11s =   0.023121
|Q2| =   1.299034  Q20  =  -1.287863  Q21c =  -0.063976  Q21s =  -0.095948
                   Q22c =  -0.107051  Q22s =  -0.064327

C          x =-12.947830  y =  1.578800  z =  0.027140 angstrom
           Maximum rank =  2   Radius =  0.650 angstrom
                   Q00  =   0.058986
|Q1| =   0.106694  Q10  =  -0.004394  Q11c =   0.106128  Q11s =   0.010063
|Q2| =   1.206322  Q20  =  -0.718926  Q21c =  -0.042849  Q21s =  -0.000393
                   Q22c =   0.829678  Q22s =  -0.498154

N          x =-14.051470  y =  1.898510  z =  0.047810 angstrom
           Maximum rank =  2   Radius =  0.650 angstrom
                   Q00  =  -0.218934
|Q1| =   0.560106  Q10  =  -0.011922  Q11c =   0.545550  Q11s =  -0.126299
|Q2| =   0.616816  Q20  =  -0.343817  Q21c =  -0.017081  Q21s =   0.002662
                   Q22c =   0.400934  Q22s =  -0.318128

C          x =-10.709730  y =  2.361650  z = -0.077700 angstrom
           Maximum rank =  2   Radius =  0.650 angstrom
                   Q00  =   0.057939
|Q1| =   0.100842  Q10  =   0.001735  Q11c =  -0.087690  Q11s =  -0.049765
|Q2| =   1.202826  Q20  =  -0.720187  Q21c =  -0.068291  Q21s =  -0.096276
                   Q22c =  -0.268137  Q22s =   0.917765

N          x =-10.049760  y =  3.300770  z = -0.141790 angstrom
           Maximum rank =  2   Radius =  0.650 angstrom
                   Q00  =  -0.222264
|Q1| =   0.565337  Q10  =   0.029630  Q11c =  -0.354111  Q11s =  -0.439697
|Q2| =   0.620163  Q20  =  -0.335109  Q21c =  -0.032945  Q21s =  -0.053428
                   Q22c =  -0.243561  Q22s =   0.457212

C          x = -7.230660  y = -0.098580  z =  0.014240 angstrom
           Maximum rank =  2   Radius =  0.650 angstrom
                   Q00  =  -0.300188
|Q1| =   0.457998  Q10  =  -0.021278  Q11c =  -0.207724  Q11s =  -0.407628
|Q2| =   1.428725  Q20  =  -1.178004  Q21c =  -0.041082  Q21s =   0.053783
                   Q22c =   0.524665  Q22s =  -0.611315

S          x = -6.157790  y =  1.309720  z =  0.062430 angstrom
           Maximum rank =  2   Radius =  0.650 angstrom
                   Q00  =   0.716807
|Q1| =   1.081835  Q10  =  -0.056865  Q11c =   0.223758  Q11s =  -1.056913
|Q2| =   2.314197  Q20  =  -2.113790  Q21c =  -0.058489  Q21s =   0.053528
                   Q22c =   0.899946  Q22s =   0.266850

C          x = -6.508880  y = -1.278960  z = -0.042720 angstrom
           Maximum rank =  2   Radius =  0.650 angstrom
                   Q00  =  -0.016543
|Q1| =   0.079527  Q10  =   0.002357  Q11c =  -0.012441  Q11s =   0.078513
|Q2| =   1.386544  Q20  =  -1.346134  Q21c =  -0.010386  Q21s =   0.092698
                   Q22c =   0.023250  Q22s =   0.318097

H          x = -6.991540  y = -2.241940  z = -0.081160 angstrom
           Maximum rank =  1   Radius =  0.350 angstrom
                   Q00  =   0.122238
|Q1| =   0.070631  Q10  =   0.005872  Q11c =  -0.034446  Q11s =   0.061382

C          x = -5.132720  y = -1.043000  z = -0.042080 angstrom
           Maximum rank =  2   Radius =  0.650 angstrom
                   Q00  =  -0.337866
|Q1| =   0.541809  Q10  =   0.016080  Q11c =  -0.306339  Q11s =   0.446603
|Q2| =   1.340763  Q20  =  -1.170167  Q21c =   0.008947  Q21s =   0.065551
                   Q22c =   0.351367  Q22s =   0.548197

C          x = -4.770300  y =  0.305840  z =  0.012110 angstrom
           Maximum rank =  2   Radius =  0.650 angstrom
                   Q00  =  -0.345368
|Q1| =   0.546432  Q10  =  -0.045283  Q11c =   0.372402  Q11s =  -0.397308
|Q2| =   1.418536  Q20  =  -1.270921  Q21c =   0.016322  Q21s =   0.049318
                   Q22c =   0.307643  Q22s =   0.547412

S          x = -3.737140  y = -2.093750  z = -0.092850 angstrom
           Maximum rank =  2   Radius =  0.650 angstrom
                   Q00  =   0.728891
|Q1| =   1.126492  Q10  =   0.049768  Q11c =  -0.152748  Q11s =   1.114978
|Q2| =   2.287119  Q20  =  -2.105269  Q21c =   0.007117  Q21s =   0.124905
                   Q22c =   0.834227  Q22s =   0.295247

C          x = -3.370730  y =  0.492570  z =  0.027340 angstrom
           Maximum rank =  2   Radius =  0.650 angstrom
                   Q00  =  -0.064443
|Q1| =   0.097836  Q10  =  -0.053047  Q11c =   0.076092  Q11s =  -0.031111
|Q2| =   1.260980  Q20  =  -1.234913  Q21c =   0.006150  Q21s =   0.055548
                   Q22c =   0.122646  Q22s =   0.216550

C          x = -2.709780  y = -0.702500  z = -0.027820 angstrom
           Maximum rank =  2   Radius =  0.650 angstrom
                   Q00  =  -0.323829
|Q1| =   0.619966  Q10  =   0.013560  Q11c =   0.227324  Q11s =   0.576626
|Q2| =   1.362531  Q20  =  -1.231996  Q21c =  -0.011565  Q21s =   0.064512
                   Q22c =   0.505520  Q22s =  -0.280767

C          x = -1.274770  y = -0.497630  z = -0.023400 angstrom
           Maximum rank =  2   Radius =  0.650 angstrom
                   Q00  =  -0.024305
|Q1| =   0.121235  Q10  =   0.010968  Q11c =   0.009304  Q11s =   0.120379
|Q2| =   1.278637  Q20  =  -1.236919  Q21c =  -0.007696  Q21s =   0.077659
                   Q22c =   0.170873  Q22s =  -0.263925

C          x = -1.063920  y =  0.892640  z =  0.021940 angstrom
           Maximum rank =  2   Radius =  0.650 angstrom
                   Q00  =  -0.035888
|Q1| =   0.088858  Q10  =   0.040697  Q11c =  -0.049263  Q11s =  -0.061747
|Q2| =   1.233773  Q20  =  -1.220001  Q21c =  -0.001013  Q21s =   0.086898
                   Q22c =   0.161845  Q22s =  -0.006984

C          x = -2.396660  y =  1.659580  z =  0.055850 angstrom
           Maximum rank =  2   Radius =  0.650 angstrom
                   Q00  =  -0.006740
|Q1| =   0.063228  Q10  =  -0.000933  Q11c =   0.000692  Q11s =  -0.063218
|Q2| =   0.176588  Q20  =   0.002900  Q21c =   0.082824  Q21s =   0.023112
                   Q22c =  -0.145160  Q22s =  -0.052054

C          x =  0.217680  y =  1.402410  z =  0.049330 angstrom
           Maximum rank =  2   Radius =  0.650 angstrom
                   Q00  =  -0.013981
|Q1| =   0.104808  Q10  =   0.022949  Q11c =  -0.016733  Q11s =  -0.100887
|Q2| =   1.438086  Q20  =  -1.432484  Q21c =  -0.008014  Q21s =   0.120629
                   Q22c =   0.005605  Q22s =  -0.037837

H          x =  0.397420  y =  2.469700  z =  0.089660 angstrom
           Maximum rank =  1   Radius =  0.350 angstrom
                   Q00  =   0.084676
|Q1| =   0.102965  Q10  =   0.001439  Q11c =  -0.038357  Q11s =  -0.095543

C          x =  1.274810  y =  0.497580  z =  0.023530 angstrom
           Maximum rank =  2   Radius =  0.650 angstrom
                   Q00  =  -0.024230
|Q1| =   0.121107  Q10  =  -0.010981  Q11c =  -0.009238  Q11s =  -0.120254
|Q2| =   1.278323  Q20  =  -1.236666  Q21c =  -0.007716  Q21s =   0.077613
                   Q22c =   0.170707  Q22s =  -0.263711

C          x = -0.217640  y = -1.402460  z = -0.049200 angstrom
           Maximum rank =  2   Radius =  0.650 angstrom
                   Q00  =  -0.014300
|Q1| =   0.105013  Q10  =  -0.022986  Q11c =   0.016691  Q11s =   0.101098
|Q2| =   1.439048  Q20  =  -1.433433  Q21c =  -0.007986  Q21s =   0.120828
                   Q22c =   0.005582  Q22s =  -0.037864

H          x = -0.397380  y = -2.469760  z = -0.089540 angstrom
           Maximum rank =  1   Radius =  0.350 angstrom
                   Q00  =   0.084329
|Q1| =   0.103232  Q10  =  -0.001453  Q11c =   0.038405  Q11s =   0.095811

C          x =  1.063950  y = -0.892690  z = -0.021810 angstrom
           Maximum rank =  2   Radius =  0.650 angstrom
                   Q00  =  -0.036163
|Q1| =   0.088958  Q10  =  -0.040689  Q11c =   0.049326  Q11s =   0.061846
|Q2| =   1.234254  Q20  =  -1.220448  Q21c =  -0.001020  Q21s =   0.086923
                   Q22c =   0.162113  Q22s =  -0.007219

C          x =  2.396690  y = -1.659630  z = -0.055710 angstrom
           Maximum rank =  2   Radius =  0.650 angstrom
                   Q00  =  -0.006772
|Q1| =   0.063269  Q10  =   0.000930  Q11c =  -0.000685  Q11s =   0.063258
|Q2| =   0.176748  Q20  =   0.003261  Q21c =   0.082868  Q21s =   0.023106
                   Q22c =  -0.145285  Q22s =  -0.052161

C          x =  2.709820  y =  0.702440  z =  0.027930 angstrom
           Maximum rank =  2   Radius =  0.650 angstrom
                   Q00  =  -0.323691
|Q1| =   0.619888  Q10  =  -0.013577  Q11c =  -0.227455  Q11s =  -0.576490
|Q2| =   1.361945  Q20  =  -1.231354  Q21c =  -0.011607  Q21s =   0.064439
                   Q22c =   0.505323  Q22s =  -0.281111

C          x =  3.370760  y = -0.492630  z = -0.027220 angstrom
           Maximum rank =  2   Radius =  0.650 angstrom
                   Q00  =  -0.064834
|Q1| =   0.097927  Q10  =   0.053024  Q11c =  -0.076201  Q11s =   0.031172
|Q2| =   1.261656  Q20  =  -1.235551  Q21c =   0.006117  Q21s =   0.055541
                   Q22c =   0.122623  Q22s =   0.216867

S          x =  3.737190  y =  2.093700  z =  0.092940 angstrom
           Maximum rank =  2   Radius =  0.650 angstrom
                   Q00  =   0.730174
|Q1| =   1.124528  Q10  =  -0.049704  Q11c =   0.152629  Q11s =  -1.113013
|Q2| =   2.284805  Q20  =  -2.103603  Q21c =   0.007084  Q21s =   0.124865
                   Q22c =   0.832187  Q22s =   0.294979

C          x =  4.770330  y = -0.305900  z = -0.012020 angstrom
           Maximum rank =  2   Radius =  0.650 angstrom
                   Q00  =  -0.345506
|Q1| =   0.546545  Q10  =   0.045276  Q11c =  -0.372363  Q11s =   0.397502
|Q2| =   1.418767  Q20  =  -1.271161  Q21c =   0.016293  Q21s =   0.049293
                   Q22c =   0.307942  Q22s =   0.547291

S          x =  6.157820  y = -1.309790  z = -0.062350 angstrom
           Maximum rank =  2   Radius =  0.650 angstrom
                   Q00  =   0.715862
|Q1| =   1.083130  Q10  =   0.056946  Q11c =  -0.223831  Q11s =   1.058219
|Q2| =   2.315877  Q20  =  -2.115033  Q21c =  -0.058703  Q21s =   0.053277
                   Q22c =   0.901226  Q22s =   0.267258

C          x =  5.132760  y =  1.042940  z =  0.042160 angstrom
           Maximum rank =  2   Radius =  0.650 angstrom
                   Q00  =  -0.337712
|Q1| =   0.541667  Q10  =  -0.016080  Q11c =   0.306465  Q11s =  -0.446346
|Q2| =   1.340238  Q20  =  -1.169630  Q21c =   0.008922  Q21s =   0.065509
                   Q22c =   0.350858  Q22s =   0.548391

C          x =  6.508920  y =  1.278890  z =  0.042770 angstrom
           Maximum rank =  2   Radius =  0.650 angstrom
                   Q00  =  -0.016163
|Q1| =   0.079264  Q10  =  -0.002359  Q11c =   0.012316  Q11s =  -0.078266
|Q2| =   1.385247  Q20  =  -1.344919  Q21c =  -0.010424  Q21s =   0.092599
                   Q22c =   0.023014  Q22s =   0.317630

H          x =  6.991590  y =  2.241870  z =  0.081190 angstrom
           Maximum rank =  1   Radius =  0.350 angstrom
                   Q00  =   0.122527
|Q1| =   0.070429  Q10  =  -0.005858  Q11c =   0.034395  Q11s =  -0.061180

C          x =  7.230690  y =  0.098500  z = -0.014200 angstrom
           Maximum rank =  2   Radius =  0.650 angstrom
                   Q00  =  -0.300238
|Q1| =   0.458030  Q10  =   0.021269  Q11c =   0.207736  Q11s =   0.407658
|Q2| =   1.428984  Q20  =  -1.178385  Q21c =  -0.041112  Q21s =   0.053807
                   Q22c =   0.524767  Q22s =  -0.611097

C          x =  8.621730  y = -0.199110  z = -0.027600 angstrom
           Maximum rank =  2   Radius =  0.650 angstrom
                   Q00  =   0.013998
|Q1| =   0.044219  Q10  =   0.000139  Q11c =   0.037778  Q11s =   0.022982
|Q2| =   1.362485  Q20  =  -1.356849  Q21c =  -0.010749  Q21s =   0.030503
                   Q22c =   0.119144  Q22s =  -0.009260

H          x =  8.799290  y = -1.266240  z = -0.053410 angstrom
           Maximum rank =  1   Radius =  0.350 angstrom
                   Q00  =   0.090815
|Q1| =   0.069015  Q10  =   0.007197  Q11c =   0.025982  Q11s =   0.063531

C          x =  9.747480  y =  0.575120  z = -0.020760 angstrom
           Maximum rank =  2   Radius =  0.650 angstrom
                   Q00  =  -0.055931
|Q1| =   0.059238  Q10  =  -0.003380  Q11c =   0.041023  Q11s =   0.042601
|Q2| =   1.319260  Q20  =  -1.298128  Q21c =  -0.019517  Q21s =   0.001335
                   Q22c =   0.121239  Q22s =   0.200571

C          x = 11.130140  y =  0.070290  z = -0.040810 angstrom
           Maximum rank =  2   Radius =  0.650 angstrom
                   Q00  =   0.031246
|Q1| =   0.043934  Q10  =   0.001464  Q11c =   0.010607  Q11s =   0.042609
|Q2| =   1.160657  Q20  =  -1.124381  Q21c =  -0.035210  Q21s =  -0.065341
                   Q22c =  -0.217744  Q22s =  -0.173122

C          x =  9.816960  y =  2.055850  z = -0.024360 angstrom
           Maximum rank =  2   Radius =  0.650 angstrom
                   Q00  =   0.196446
|Q1| =   0.032294  Q10  =   0.000154  Q11c =  -0.020925  Q11s =   0.024597
|Q2| =   0.756071  Q20  =  -0.714420  Q21c =  -0.042963  Q21s =   0.006307
                   Q22c =   0.060441  Q22s =  -0.236026

O          x =  8.915000  y =  2.863400  z =  0.005830 angstrom
           Maximum rank =  2   Radius =  0.650 angstrom
                   Q00  =  -0.387606
|Q1| =   0.489784  Q10  =  -0.011589  Q11c =   0.371720  Q11s =  -0.318713
|Q2| =   0.929285  Q20  =  -0.205144  Q21c =  -0.012778  Q21s =   0.034515
                   Q22c =   0.120985  Q22s =  -0.897494

C          x = 12.027280  y =  1.251960  z = -0.095150 angstrom
           Maximum rank =  2   Radius =  0.650 angstrom
                   Q00  =  -0.022012
|Q1| =   0.076085  Q10  =   0.003405  Q11c =  -0.062466  Q11s =   0.043305
|Q2| =   1.248281  Q20  =  -1.232267  Q21c =  -0.088652  Q21s =  -0.036065
                   Q22c =   0.129737  Q22s =   0.117181

C          x = 11.251660  y =  2.407230  z = -0.079570 angstrom
           Maximum rank =  2   Radius =  0.650 angstrom
                   Q00  =  -0.041784
|Q1| =   0.064027  Q10  =   0.000322  Q11c =   0.011909  Q11s =  -0.062909
|Q2| =   1.238840  Q20  =  -1.225749  Q21c =  -0.076510  Q21s =  -0.030996
                   Q22c =  -0.045146  Q22s =   0.153010

C          x = 13.415280  y =  1.365480  z = -0.150830 angstrom
           Maximum rank =  2   Radius =  0.650 angstrom
                   Q00  =   0.007345
|Q1| =   0.071995  Q10  =  -0.000082  Q11c =  -0.023720  Q11s =   0.067976
|Q2| =   1.433543  Q20  =  -1.428530  Q21c =  -0.097969  Q21s =  -0.034629
                   Q22c =  -0.008492  Q22s =  -0.058971

H          x = 14.093050  y =  0.526100  z = -0.167790 angstrom
           Maximum rank =  1   Radius =  0.350 angstrom
                   Q00  =   0.112015
|Q1| =   0.062482  Q10  =   0.003684  Q11c =  -0.054447  Q11s =   0.030429

C          x = 13.955540  y =  2.633620  z = -0.187950 angstrom
           Maximum rank =  2   Radius =  0.650 angstrom
                   Q00  =   0.178736
|Q1| =   0.158657  Q10  =  -0.006275  Q11c =   0.146513  Q11s =   0.060552
|Q2| =   1.048459  Q20  =  -1.042010  Q21c =  -0.076211  Q21s =  -0.023808
                   Q22c =   0.065725  Q22s =   0.052795

F          x = 15.277210  y =  2.787840  z = -0.243440 angstrom
           Maximum rank =  2   Radius =  0.650 angstrom
                   Q00  =  -0.202907
|Q1| =   0.222581  Q10  =   0.009125  Q11c =  -0.222324  Q11s =   0.005541
|Q2| =   0.696005  Q20  =  -0.308273  Q21c =  -0.048104  Q21s =  -0.004487
                   Q22c =   0.609985  Q22s =   0.122372

C          x = 11.790230  y =  3.679160  z = -0.114440 angstrom
           Maximum rank =  2   Radius =  0.650 angstrom
                   Q00  =   0.023865
|Q1| =   0.066655  Q10  =  -0.000768  Q11c =   0.039458  Q11s =  -0.053716
|Q2| =   1.374047  Q20  =  -1.370215  Q21c =  -0.091622  Q21s =  -0.024530
                   Q22c =  -0.005678  Q22s =  -0.038569

H          x = 11.162790  y =  4.560880  z = -0.099900 angstrom
           Maximum rank =  1   Radius =  0.350 angstrom
                   Q00  =   0.099962
|Q1| =   0.084686  Q10  =  -0.000594  Q11c =   0.035824  Q11s =  -0.076733

C          x = 13.161660  y =  3.779020  z = -0.169320 angstrom
           Maximum rank =  2   Radius =  0.650 angstrom
                   Q00  =   0.176188
|Q1| =   0.153975  Q10  =  -0.005638  Q11c =   0.109179  Q11s =   0.108428
|Q2| =   1.052226  Q20  =  -1.043126  Q21c =  -0.071563  Q21s =  -0.025322
                   Q22c =  -0.025864  Q22s =   0.112414

F          x = 13.760230  y =  4.967390  z = -0.206680 angstrom
           Maximum rank =  2   Radius =  0.650 angstrom
                   Q00  =  -0.203879
|Q1| =   0.222727  Q10  =   0.005187  Q11c =  -0.068683  Q11s =  -0.211808
|Q2| =   0.699122  Q20  =  -0.304807  Q21c =  -0.010750  Q21s =  -0.029861
                   Q22c =  -0.398210  Q22s =   0.486092

C          x = 11.566050  y = -1.223010  z = -0.001230 angstrom
           Maximum rank =  2   Radius =  0.650 angstrom
                   Q00  =  -0.017222
|Q1| =   0.026441  Q10  =   0.003307  Q11c =   0.012853  Q11s =  -0.022869
|Q2| =   1.300569  Q20  =  -1.289412  Q21c =  -0.064053  Q21s =  -0.095992
                   Q22c =  -0.107048  Q22s =  -0.064183

C          x = 12.947900  y = -1.578790  z = -0.027210 angstrom
           Maximum rank =  2   Radius =  0.650 angstrom
                   Q00  =   0.058960
|Q1| =   0.106467  Q10  =   0.004395  Q11c =  -0.105948  Q11s =  -0.009539
|Q2| =   1.206515  Q20  =  -0.719040  Q21c =  -0.042860  Q21s =  -0.000384
                   Q22c =   0.829852  Q22s =  -0.498166

N          x = 14.051540  y = -1.898490  z = -0.047880 angstrom
           Maximum rank =  2   Radius =  0.650 angstrom
                   Q00  =  -0.219691
|Q1| =   0.560482  Q10  =   0.011928  Q11c =  -0.545768  Q11s =   0.127023
|Q2| =   0.617188  Q20  =  -0.344279  Q21c =  -0.017118  Q21s =   0.002632
                   Q22c =   0.401362  Q22s =  -0.317808

C          x = 10.709810  y = -2.361690  z =  0.077590 angstrom
           Maximum rank =  2   Radius =  0.650 angstrom
                   Q00  =   0.057990
|Q1| =   0.100628  Q10  =  -0.001699  Q11c =   0.087351  Q11s =   0.049928
|Q2| =   1.202903  Q20  =  -0.720341  Q21c =  -0.068266  Q21s =  -0.096209
                   Q22c =  -0.268123  Q22s =   0.917757

N          x = 10.049860  y = -3.300830  z =  0.141630 angstrom
           Maximum rank =  2   Radius =  0.650 angstrom
                   Q00  =  -0.223592
|Q1| =   0.566113  Q10  =  -0.029622  Q11c =   0.354216  Q11s =   0.440611
|Q2| =   0.620697  Q20  =  -0.335749  Q21c =  -0.032981  Q21s =  -0.053450
                   Q22c =  -0.243422  Q22s =   0.457536

C          x =  2.633000  y = -2.519310  z =  1.195490 angstrom
           Maximum rank =  2   Radius =  0.650 angstrom
                   Q00  =  -0.062616
|Q1| =   0.078701  Q10  =   0.003307  Q11c =   0.052995  Q11s =   0.058090
|Q2| =   1.299228  Q20  =   0.531303  Q21c =  -0.395508  Q21s =  -0.543306
                   Q22c =  -0.115079  Q22s =  -0.969979

C          x =  3.620390  y = -3.503710  z =  1.190910 angstrom
           Maximum rank =  2   Radius =  0.650 angstrom
                   Q00  =  -0.053637
|Q1| =   0.103263  Q10  =   0.034526  Q11c =  -0.082588  Q11s =   0.051482
|Q2| =   1.484898  Q20  =   0.704235  Q21c =  -0.454038  Q21s =  -0.420621
                   Q22c =  -0.031600  Q22s =  -1.151045

H          x =  4.164810  y = -3.718100  z =  0.279350 angstrom
           Maximum rank =  1   Radius =  0.350 angstrom
                   Q00  =   0.078943
|Q1| =   0.100300  Q10  =   0.053134  Q11c =  -0.071356  Q11s =   0.046317

C          x =  3.909960  y = -4.229130  z =  2.334390 angstrom
           Maximum rank =  2   Radius =  0.650 angstrom
                   Q00  =  -0.030822
|Q1| =   0.076575  Q10  =   0.008217  Q11c =  -0.059913  Q11s =   0.046976
|Q2| =   1.416056  Q20  =   0.464244  Q21c =  -0.433580  Q21s =  -0.423624
                   Q22c =  -0.024646  Q22s =  -1.192323

H          x =  4.686020  y = -4.986030  z =  2.299100 angstrom
           Maximum rank =  1   Radius =  0.350 angstrom
                   Q00  =   0.052265
|Q1| =   0.113024  Q10  =   0.003830  Q11c =  -0.078040  Q11s =   0.081667

C          x =  3.225440  y = -4.001950  z =  3.525610 angstrom
           Maximum rank =  2   Radius =  0.650 angstrom
                   Q00  =  -0.075189
|Q1| =   0.121531  Q10  =  -0.099634  Q11c =  -0.021845  Q11s =   0.066073
|Q2| =   1.140386  Q20  =   0.477699  Q21c =  -0.318317  Q21s =  -0.417992
                   Q22c =  -0.029991  Q22s =  -0.891820

C          x =  2.247210  y = -3.014860  z =  3.529140 angstrom
           Maximum rank =  2   Radius =  0.650 angstrom
                   Q00  =  -0.031730
|Q1| =   0.074701  Q10  =  -0.058836  Q11c =   0.042145  Q11s =  -0.018502
|Q2| =   1.401880  Q20  =   0.592659  Q21c =  -0.520733  Q21s =  -0.374954
                   Q22c =   0.009490  Q22s =  -1.096440

H          x =  1.700880  y = -2.808060  z =  4.442970 angstrom
           Maximum rank =  1   Radius =  0.350 angstrom
                   Q00  =   0.046338
|Q1| =   0.116483  Q10  =  -0.098845  Q11c =   0.057861  Q11s =  -0.021212

C          x =  1.954960  y = -2.283440  z =  2.386300 angstrom
           Maximum rank =  2   Radius =  0.650 angstrom
                   Q00  =  -0.034339
|Q1| =   0.097238  Q10  =  -0.060416  Q11c =   0.072022  Q11s =  -0.024863
|Q2| =   1.464399  Q20  =   0.491857  Q21c =  -0.366742  Q21s =  -0.499076
                   Q22c =  -0.022038  Q22s =  -1.232266

H          x =  1.190870  y = -1.518230  z =  2.432780 angstrom
           Maximum rank =  1   Radius =  0.350 angstrom
                   Q00  =   0.076377
|Q1| =   0.099037  Q10  =  -0.059514  Q11c =   0.061276  Q11s =  -0.050117

C          x =  2.464880  y = -2.467780  z = -1.358090 angstrom
           Maximum rank =  2   Radius =  0.650 angstrom
                   Q00  =  -0.062245
|Q1| =   0.065634  Q10  =   0.000621  Q11c =  -0.054811  Q11s =   0.036100
|Q2| =   1.282077  Q20  =   0.559641  Q21c =  -0.505295  Q21s =   0.364135
                   Q22c =  -0.674948  Q22s =   0.697891

C          x =  3.035390  y = -1.941270  z = -2.510790 angstrom
           Maximum rank =  2   Radius =  0.650 angstrom
                   Q00  =  -0.037076
|Q1| =   0.100967  Q10  =   0.057665  Q11c =  -0.063998  Q11s =  -0.052663
|Q2| =   1.481338  Q20  =   0.546901  Q21c =  -0.471645  Q21s =   0.354008
                   Q22c =  -0.788869  Q22s =   0.961861

H          x =  3.494200  y = -0.960720  z = -2.487730 angstrom
           Maximum rank =  1   Radius =  0.350 angstrom
                   Q00  =   0.078135
|Q1| =   0.100007  Q10  =   0.054569  Q11c =  -0.040316  Q11s =  -0.073473

C          x =  3.022730  y = -2.653400  z = -3.702620 angstrom
           Maximum rank =  2   Radius =  0.650 angstrom
                   Q00  =  -0.030879
|Q1| =   0.075890  Q10  =   0.059330  Q11c =  -0.029328  Q11s =  -0.037137
|Q2| =   1.398537  Q20  =   0.600190  Q21c =  -0.580124  Q21s =   0.165229
                   Q22c =  -0.674680  Q22s =   0.881273

H          x =  3.478410  y = -2.216710  z = -4.584550 angstrom
           Maximum rank =  1   Radius =  0.350 angstrom
                   Q00  =   0.047982
|Q1| =   0.115650  Q10  =   0.095135  Q11c =  -0.046811  Q11s =  -0.046185

C          x =  2.440500  y = -3.911800  z = -3.785360 angstrom
           Maximum rank =  2   Radius =  0.650 angstrom
                   Q00  =  -0.075700
|Q1| =   0.122045  Q10  =   0.104884  Q11c =   0.002765  Q11s =   0.062344
|Q2| =   1.141392  Q20  =   0.501927  Q21c =  -0.411320  Q21s =   0.274258
                   Q22c =  -0.577141  Q22s =   0.688006

C          x =  1.864670  y = -4.435070  z = -2.629500 angstrom
           Maximum rank =  2   Radius =  0.650 angstrom
                   Q00  =  -0.031585
|Q1| =   0.076005  Q10  =  -0.005584  Q11c =   0.041407  Q11s =   0.063491
|Q2| =   1.407592  Q20  =   0.475869  Q21c =  -0.497058  Q21s =   0.254472
                   Q22c =  -0.765074  Q22s =   0.926123

H          x =  1.400520  y = -5.415040  z = -2.661190 angstrom
           Maximum rank =  1   Radius =  0.350 angstrom
                   Q00  =   0.048389
|Q1| =   0.115572  Q10  =   0.001437  Q11c =   0.050114  Q11s =   0.104132

C          x =  1.877630  y = -3.730030  z = -1.438340 angstrom
           Maximum rank =  2   Radius =  0.650 angstrom
                   Q00  =  -0.051700
|Q1| =   0.105071  Q10  =  -0.031909  Q11c =   0.061011  Q11s =   0.079369
|Q2| =   1.477270  Q20  =   0.724514  Q21c =  -0.496824  Q21s =   0.199084
                   Q22c =  -0.757014  Q22s =   0.893234

H          x =  1.437440  y = -4.176190  z = -0.554870 angstrom
           Maximum rank =  1   Radius =  0.350 angstrom
                   Q00  =   0.074148
|Q1| =   0.106255  Q10  =  -0.049270  Q11c =   0.060994  Q11s =   0.071709

C          x = -2.464860  y =  2.467710  z =  1.358240 angstrom
           Maximum rank =  2   Radius =  0.650 angstrom
                   Q00  =  -0.062504
|Q1| =   0.065420  Q10  =  -0.000722  Q11c =   0.054680  Q11s =  -0.035908
|Q2| =   1.282791  Q20  =   0.560173  Q21c =  -0.505609  Q21s =   0.364318
                   Q22c =  -0.675510  Q22s =   0.697910

C          x = -1.877800  y =  3.730080  z =  1.438400 angstrom
           Maximum rank =  2   Radius =  0.650 angstrom
                   Q00  =  -0.051594
|Q1| =   0.104959  Q10  =   0.031896  Q11c =  -0.061202  Q11s =  -0.079078
|Q2| =   1.476779  Q20  =   0.724008  Q21c =  -0.496461  Q21s =   0.198638
                   Q22c =  -0.757361  Q22s =   0.892839

H          x = -1.437780  y =  4.176290  z =  0.554870 angstrom
           Maximum rank =  1   Radius =  0.350 angstrom
                   Q00  =   0.074331
|Q1| =   0.106063  Q10  =   0.049204  Q11c =  -0.060944  Q11s =  -0.071513

C          x = -1.864880  y =  4.435150  z =  2.629510 angstrom
           Maximum rank =  2   Radius =  0.650 angstrom
                   Q00  =  -0.031213
|Q1| =   0.075839  Q10  =   0.005576  Q11c =  -0.041557  Q11s =  -0.063194
|Q2| =   1.406274  Q20  =   0.475553  Q21c =  -0.496395  Q21s =   0.254123
                   Q22c =  -0.764835  Q22s =   0.924929

H          x = -1.400900  y =  5.415220  z =  2.661120 angstrom
           Maximum rank =  1   Radius =  0.350 angstrom
                   Q00  =   0.048906
|Q1| =   0.115130  Q10  =  -0.001389  Q11c =  -0.049967  Q11s =  -0.103712

C          x = -2.440540  y =  3.911820  z =  3.785450 angstrom
           Maximum rank =  2   Radius =  0.650 angstrom
                   Q00  =  -0.075408
|Q1| =   0.122057  Q10  =  -0.104983  Q11c =  -0.002926  Q11s =  -0.062193
|Q2| =   1.140450  Q20  =   0.501337  Q21c =  -0.410929  Q21s =   0.273782
                   Q22c =  -0.576999  Q22s =   0.687416

C          x = -3.022590  y =  2.653360  z =  3.702800 angstrom
           Maximum rank =  2   Radius =  0.650 angstrom
                   Q00  =  -0.030999
|Q1| =   0.075986  Q10  =  -0.059375  Q11c =   0.029170  Q11s =   0.037385
|Q2| =   1.398800  Q20  =   0.600542  Q21c =  -0.580194  Q21s =   0.165283
                   Q22c =  -0.674896  Q22s =   0.881229

H          x = -3.478180  y =  2.216640  z =  4.584750 angstrom
           Maximum rank =  1   Radius =  0.350 angstrom
                   Q00  =   0.047830
|Q1| =   0.115779  Q10  =  -0.095207  Q11c =   0.046842  Q11s =   0.046328

C          x = -3.035230  y =  1.941170  z =  2.510970 angstrom
           Maximum rank =  2   Radius =  0.650 angstrom
                   Q00  =  -0.037395
|Q1| =   0.101030  Q10  =  -0.057742  Q11c =   0.063797  Q11s =   0.052942
|Q2| =   1.482360  Q20  =   0.547164  Q21c =  -0.471911  Q21s =   0.354225
                   Q22c =  -0.789577  Q22s =   0.962495

H          x = -3.493910  y =  0.960560  z =  2.487980 angstrom
           Maximum rank =  1   Radius =  0.350 angstrom
                   Q00  =   0.077814
|Q1| =   0.100228  Q10  =  -0.054629  Q11c =   0.040362  Q11s =   0.073704

C          x = -2.632970  y =  2.519300  z = -1.195320 angstrom
           Maximum rank =  2   Radius =  0.650 angstrom
                   Q00  =  -0.062856
|Q1| =   0.078385  Q10  =  -0.003183  Q11c =  -0.052844  Q11s =  -0.057806
|Q2| =   1.299864  Q20  =   0.531769  Q21c =  -0.395640  Q21s =  -0.543476
                   Q22c =  -0.115789  Q22s =  -0.970341

C          x = -3.620100  y =  3.503950  z = -1.190570 angstrom
           Maximum rank =  2   Radius =  0.650 angstrom
                   Q00  =  -0.053590
|Q1| =   0.103218  Q10  =  -0.034484  Q11c =   0.082792  Q11s =  -0.051090
|Q2| =   1.484546  Q20  =   0.703985  Q21c =  -0.453827  Q21s =  -0.419883
                   Q22c =  -0.032358  Q22s =  -1.151076

H          x = -4.164300  y =  3.718490  z = -0.278910 angstrom
           Maximum rank =  1   Radius =  0.350 angstrom
                   Q00  =   0.079042
|Q1| =   0.100178  Q10  =  -0.053089  Q11c =   0.071308  Q11s =  -0.046176

C          x = -3.909680  y =  4.229450  z = -2.333990 angstrom
           Maximum rank =  2   Radius =  0.650 angstrom
                   Q00  =  -0.030512
|Q1| =   0.076464  Q10  =  -0.008161  Q11c =   0.060112  Q11s =  -0.046547
|Q2| =   1.414865  Q20  =   0.463964  Q21c =  -0.433109  Q21s =  -0.422963
                   Q22c =  -0.025628  Q22s =  -1.191404

H          x = -4.685530  y =  4.986560  z = -2.298560 angstrom
           Maximum rank =  1   Radius =  0.350 angstrom
                   Q00  =   0.052652
|Q1| =   0.112689  Q10  =  -0.003851  Q11c =   0.077855  Q11s =  -0.081379

C          x = -3.225420  y =  4.002100  z = -3.525330 angstrom
           Maximum rank =  2   Radius =  0.650 angstrom
                   Q00  =  -0.074876
|Q1| =   0.121531  Q10  =   0.099773  Q11c =   0.022053  Q11s =  -0.065793
|Q2| =   1.139377  Q20  =   0.477159  Q21c =  -0.318152  Q21s =  -0.417270
                   Q22c =  -0.030500  Q22s =  -0.891199

C          x = -2.247450  y =  3.014760  z = -3.529030 angstrom
           Maximum rank =  2   Radius =  0.650 angstrom
                   Q00  =  -0.031756
|Q1| =   0.074730  Q10  =   0.058894  Q11c =  -0.041938  Q11s =   0.018902
|Q2| =   1.401877  Q20  =   0.592954  Q21c =  -0.520676  Q21s =  -0.374960
                   Q22c =   0.008920  Q22s =  -1.096306

H          x = -1.701320  y =  2.807830  z = -4.442960 angstrom
           Maximum rank =  1   Radius =  0.350 angstrom
                   Q00  =   0.046309
|Q1| =   0.116513  Q10  =   0.098855  Q11c =  -0.057852  Q11s =   0.021354

C          x = -1.955180  y =  2.283260  z = -2.386240 angstrom
           Maximum rank =  2   Radius =  0.650 angstrom
                   Q00  =  -0.034571
|Q1| =   0.097246  Q10  =   0.060518  Q11c =  -0.071808  Q11s =   0.025258
|Q2| =   1.465181  Q20  =   0.492121  Q21c =  -0.366899  Q21s =  -0.499069
                   Q22c =  -0.022488  Q22s =  -1.233038

H          x = -1.191290  y =  1.517860  z = -2.432860 angstrom
           Maximum rank =  1   Radius =  0.350 angstrom
                   Q00  =   0.076107
|Q1| =   0.099210  Q10  =   0.059565  Q11c =  -0.061344  Q11s =   0.050314

C          x =  3.523350  y = -4.814000  z =  4.756640 angstrom
           Maximum rank =  2   Radius =  0.650 angstrom
                   Q00  =   0.023504
|Q1| =   0.023135  Q10  =  -0.014584  Q11c =  -0.002037  Q11s =   0.017843
|Q2| =   0.104550  Q20  =   0.065430  Q21c =   0.024697  Q21s =  -0.070797
                   Q22c =  -0.007727  Q22s =  -0.031107

H          x =  3.015400  y = -5.781840  z =  4.719010 angstrom
           Maximum rank =  1   Radius =  0.350 angstrom
                   Q00  =   0.031599
|Q1| =   0.123552  Q10  =  -0.036709  Q11c =   0.036351  Q11s =   0.112233

H          x =  3.190310  y = -4.301850  z =  5.660260 angstrom
           Maximum rank =  1   Radius =  0.350 angstrom
                   Q00  =   0.024951
|Q1| =   0.124649  Q10  =  -0.121413  Q11c =   0.020321  Q11s =  -0.019579

H          x =  4.592680  y = -5.010330  z =  4.852400 angstrom
           Maximum rank =  1   Radius =  0.350 angstrom
                   Q00  =   0.029123
|Q1| =   0.122732  Q10  =  -0.049956  Q11c =  -0.103274  Q11s =   0.043614

C          x =  2.453230  y = -4.698380  z = -5.067820 angstrom
           Maximum rank =  2   Radius =  0.650 angstrom
                   Q00  =   0.023340
|Q1| =   0.022640  Q10  =   0.015211  Q11c =  -0.001870  Q11s =   0.016664
|Q2| =   0.106221  Q20  =   0.073648  Q21c =   0.002657  Q21s =   0.071408
                   Q22c =  -0.020104  Q22s =   0.018672

H          x =  3.255930  y = -5.441090  z = -5.062270 angstrom
           Maximum rank =  1   Radius =  0.350 angstrom
                   Q00  =   0.033103
|Q1| =   0.122448  Q10  =   0.041342  Q11c =  -0.070787  Q11s =   0.090958

H          x =  2.610810  y = -4.049360  z = -5.930120 angstrom
           Maximum rank =  1   Radius =  0.350 angstrom
                   Q00  =   0.025333
|Q1| =   0.124371  Q10  =   0.119206  Q11c =  -0.013697  Q11s =  -0.032718

H          x =  1.513620  y = -5.234340  z = -5.213900 angstrom
           Maximum rank =  1   Radius =  0.350 angstrom
                   Q00  =   0.027079
|Q1| =   0.124328  Q10  =   0.055394  Q11c =   0.083866  Q11s =   0.073180

C          x = -2.453050  y =  4.698450  z =  5.067890 angstrom
           Maximum rank =  2   Radius =  0.650 angstrom
                   Q00  =   0.023357
|Q1| =   0.022405  Q10  =  -0.015112  Q11c =   0.001754  Q11s =  -0.016448
|Q2| =   0.106926  Q20  =   0.074162  Q21c =   0.002351  Q21s =   0.071771
                   Q22c =  -0.020618  Q22s =   0.018748

H          x = -3.252600  y =  5.444530  z =  5.060440 angstrom
           Maximum rank =  1   Radius =  0.350 angstrom
                   Q00  =   0.033523
|Q1| =   0.122071  Q10  =  -0.041099  Q11c =   0.070352  Q11s =  -0.090900

H          x = -1.511550  y =  5.230500  z =  5.216190 angstrom
           Maximum rank =  1   Radius =  0.350 angstrom
                   Q00  =   0.027431
|Q1| =   0.124022  Q10  =  -0.055504  Q11c =  -0.083895  Q11s =  -0.072542

H          x = -2.615330  y =  4.050090  z =  5.929800 angstrom
           Maximum rank =  1   Radius =  0.350 angstrom
                   Q00  =   0.025216
|Q1| =   0.124403  Q10  =  -0.119159  Q11c =   0.014110  Q11s =   0.032835

C          x = -3.523370  y =  4.814210  z = -4.756310 angstrom
           Maximum rank =  2   Radius =  0.650 angstrom
                   Q00  =   0.023520
|Q1| =   0.022873  Q10  =   0.014520  Q11c =   0.002060  Q11s =  -0.017553
|Q2| =   0.105355  Q20  =   0.065876  Q21c =   0.024614  Q21s =  -0.071313
                   Q22c =  -0.007968  Q22s =  -0.031704

H          x = -3.189950  y =  4.302330  z = -5.659930 angstrom
           Maximum rank =  1   Radius =  0.350 angstrom
                   Q00  =   0.024905
|Q1| =   0.124634  Q10  =   0.121370  Q11c =  -0.020348  Q11s =   0.019722

H          x = -3.015800  y =  5.782250  z = -4.718420 angstrom
           Maximum rank =  1   Radius =  0.350 angstrom
                   Q00  =   0.032129
|Q1| =   0.123092  Q10  =   0.036607  Q11c =  -0.036213  Q11s =  -0.111804

H          x = -4.592760  y =  5.010160  z = -4.852270 angstrom
           Maximum rank =  1   Radius =  0.350 angstrom
                   Q00  =   0.029329
|Q1| =   0.122525  Q10  =   0.049907  Q11c =   0.103158  Q11s =  -0.043360

Total multipoles referred to origin at
           x =   0.000000,  y =    0.000000,  z =    0.000000 angstrom
                   Q00  =   0.000007
|Q1| =   0.099513  Q10  =  -0.000843  Q11c =   0.012082  Q11s =   0.098773
|Q2| = 242.499703  Q20  = 134.220826  Q21c =  -6.514372  Q21s =   1.623455
                   Q22c =-191.703308  Q22s =  63.211111

CPU time used:     67m23.164s          Total:     67m23.164s

Finished at 17:5:42 on 28 Jun 2021  
