                                     G D M A

                                 by Anthony Stone

                         version 2.2.11, 04 February 2015

               Distributed Multipoles from Gaussian wavefunctions


Starting at 15:53:19 on 28 Jun 2021 

s1S0



Using CI density matrix from file sN_y.fchk


                         Distributed Multipole Analysis

Standard DMA for products of primitives with exponent greater than 4.00000
Using 80-point Euler-MacLaurin radial quadrature
Using 590-point Lebedev quadrature
Becke smoothing parameter = 3

Positions and radii in angstrom
Multipole moments in atomic units, ea_0^k for rank k

C          x = -8.621700  y =  0.199040  z =  0.027630 angstrom
           Maximum rank =  2   Radius =  0.650 angstrom
                   Q00  =   0.013998
|Q1| =   0.044219  Q10  =  -0.000142  Q11c =  -0.037780  Q11s =  -0.022978
|Q2| =   1.362487  Q20  =  -1.356851  Q21c =  -0.010711  Q21s =   0.030483
                   Q22c =   0.119143  Q22s =  -0.009261

H          x = -8.799250  y =  1.266170  z =  0.053430 angstrom
           Maximum rank =  1   Radius =  0.350 angstrom
                   Q00  =   0.090815
|Q1| =   0.069014  Q10  =  -0.007202  Q11c =  -0.025983  Q11s =  -0.063530

C          x = -9.747460  y = -0.575180  z =  0.020770 angstrom
           Maximum rank =  2   Radius =  0.650 angstrom
                   Q00  =  -0.055929
|Q1| =   0.059242  Q10  =   0.003380  Q11c =  -0.041025  Q11s =  -0.042604
|Q2| =   1.319255  Q20  =  -1.298124  Q21c =  -0.019478  Q21s =   0.001322
                   Q22c =   0.121230  Q22s =   0.200574

C          x =-11.130110  y = -0.070320  z =  0.040790 angstrom
           Maximum rank =  2   Radius =  0.650 angstrom
                   Q00  =   0.031246
|Q1| =   0.043937  Q10  =  -0.001458  Q11c =  -0.010607  Q11s =  -0.042612
|Q2| =   1.160657  Q20  =  -1.124378  Q21c =  -0.035203  Q21s =  -0.065416
                   Q22c =  -0.217747  Q22s =  -0.173108

C          x = -9.816980  y = -2.055900  z =  0.024370 angstrom
           Maximum rank =  2   Radius =  0.650 angstrom
                   Q00  =   0.196445
|Q1| =   0.032289  Q10  =  -0.000146  Q11c =   0.020920  Q11s =  -0.024595
|Q2| =   0.756072  Q20  =  -0.714426  Q21c =  -0.042952  Q21s =   0.006275
                   Q22c =   0.060415  Q22s =  -0.236021

O          x = -8.915040  y = -2.863480  z = -0.005760 angstrom
           Maximum rank =  2   Radius =  0.650 angstrom
                   Q00  =  -0.387607
|Q1| =   0.489787  Q10  =   0.011575  Q11c =  -0.371720  Q11s =   0.318719
|Q2| =   0.929294  Q20  =  -0.205127  Q21c =  -0.012722  Q21s =   0.034485
                   Q22c =   0.120905  Q22s =  -0.897519

C          x =-12.027270  y = -1.251970  z =  0.095180 angstrom
           Maximum rank =  2   Radius =  0.650 angstrom
                   Q00  =  -0.022014
|Q1| =   0.076087  Q10  =  -0.003403  Q11c =   0.062468  Q11s =  -0.043306
|Q2| =   1.248282  Q20  =  -1.232266  Q21c =  -0.088680  Q21s =  -0.036131
                   Q22c =   0.129736  Q22s =   0.117167

C          x =-11.251680  y = -2.407260  z =  0.079630 angstrom
           Maximum rank =  2   Radius =  0.650 angstrom
                   Q00  =  -0.041782
|Q1| =   0.064026  Q10  =  -0.000325  Q11c =  -0.011906  Q11s =   0.062908
|Q2| =   1.238837  Q20  =  -1.225741  Q21c =  -0.076546  Q21s =  -0.031071
                   Q22c =  -0.045143  Q22s =   0.153018

C          x =-13.415280  y = -1.365450  z =  0.150880 angstrom
           Maximum rank =  2   Radius =  0.650 angstrom
                   Q00  =   0.007347
|Q1| =   0.071993  Q10  =   0.000087  Q11c =   0.023712  Q11s =  -0.067976
|Q2| =   1.433540  Q20  =  -1.428523  Q21c =  -0.098005  Q21s =  -0.034702
                   Q22c =  -0.008512  Q22s =  -0.058978

H          x =-14.093020  y = -0.526050  z =  0.167830 angstrom
           Maximum rank =  1   Radius =  0.350 angstrom
                   Q00  =   0.112014
|Q1| =   0.062482  Q10  =  -0.003685  Q11c =   0.054447  Q11s =  -0.030430

C          x =-13.955570  y = -2.633570  z =  0.188050 angstrom
           Maximum rank =  2   Radius =  0.650 angstrom
                   Q00  =   0.178736
|Q1| =   0.158651  Q10  =   0.006279  Q11c =  -0.146510  Q11s =  -0.060545
|Q2| =   1.048460  Q20  =  -1.042008  Q21c =  -0.076246  Q21s =  -0.023862
                   Q22c =   0.065720  Q22s =   0.052792

F          x =-15.277250  y = -2.787760  z =  0.243570 angstrom
           Maximum rank =  2   Radius =  0.650 angstrom
                   Q00  =  -0.202911
|Q1| =   0.222577  Q10  =  -0.009129  Q11c =   0.222320  Q11s =  -0.005546
|Q2| =   0.696002  Q20  =  -0.308271  Q21c =  -0.048129  Q21s =  -0.004486
                   Q22c =   0.609986  Q22s =   0.122343

C          x =-11.790280  y = -3.679170  z =  0.114550 angstrom
           Maximum rank =  2   Radius =  0.650 angstrom
                   Q00  =   0.023869
|Q1| =   0.066646  Q10  =   0.000763  Q11c =  -0.039447  Q11s =   0.053712
|Q2| =   1.374052  Q20  =  -1.370217  Q21c =  -0.091648  Q21s =  -0.024594
                   Q22c =  -0.005694  Q22s =  -0.038581

H          x =-11.162870  y = -4.560900  z =  0.100020 angstrom
           Maximum rank =  1   Radius =  0.350 angstrom
                   Q00  =   0.099958
|Q1| =   0.084687  Q10  =   0.000592  Q11c =  -0.035823  Q11s =   0.076735

C          x =-13.161720  y = -3.778990  z =  0.169440 angstrom
           Maximum rank =  2   Radius =  0.650 angstrom
                   Q00  =   0.176188
|Q1| =   0.153977  Q10  =   0.005646  Q11c =  -0.109183  Q11s =  -0.108426
|Q2| =   1.052225  Q20  =  -1.043123  Q21c =  -0.071585  Q21s =  -0.025375
                   Q22c =  -0.025868  Q22s =   0.112405

F          x =-13.760310  y = -4.967350  z =  0.206850 angstrom
           Maximum rank =  2   Radius =  0.650 angstrom
                   Q00  =  -0.203880
|Q1| =   0.222726  Q10  =  -0.005195  Q11c =   0.068686  Q11s =   0.211806
|Q2| =   0.699122  Q20  =  -0.304804  Q21c =  -0.010770  Q21s =  -0.029899
                   Q22c =  -0.398192  Q22s =   0.486105

C          x =-11.565990  y =  1.223000  z =  0.001170 angstrom
           Maximum rank =  2   Radius =  0.650 angstrom
                   Q00  =  -0.017224
|Q1| =   0.026448  Q10  =  -0.003311  Q11c =  -0.012854  Q11s =   0.022876
|Q2| =   1.300575  Q20  =  -1.289413  Q21c =  -0.064065  Q21s =  -0.096076
                   Q22c =  -0.107040  Q22s =  -0.064164

C          x =-12.947830  y =  1.578800  z =  0.027140 angstrom
           Maximum rank =  2   Radius =  0.650 angstrom
                   Q00  =   0.058960
|Q1| =   0.106470  Q10  =  -0.004395  Q11c =   0.105951  Q11s =   0.009535
|Q2| =   1.206516  Q20  =  -0.719043  Q21c =  -0.042857  Q21s =  -0.000394
                   Q22c =   0.829841  Q22s =  -0.498181

N          x =-14.051470  y =  1.898510  z =  0.047810 angstrom
           Maximum rank =  2   Radius =  0.650 angstrom
                   Q00  =  -0.219694
|Q1| =   0.560481  Q10  =  -0.011928  Q11c =   0.545766  Q11s =  -0.127029
|Q2| =   0.617189  Q20  =  -0.344284  Q21c =  -0.017116  Q21s =   0.002629
                   Q22c =   0.401353  Q22s =  -0.317815

C          x =-10.709730  y =  2.361650  z = -0.077700 angstrom
           Maximum rank =  2   Radius =  0.650 angstrom
                   Q00  =   0.057989
|Q1| =   0.100628  Q10  =   0.001699  Q11c =  -0.087352  Q11s =  -0.049928
|Q2| =   1.202908  Q20  =  -0.720337  Q21c =  -0.068313  Q21s =  -0.096281
                   Q22c =  -0.268076  Q22s =   0.917769

N          x =-10.049760  y =  3.300770  z = -0.141790 angstrom
           Maximum rank =  2   Radius =  0.650 angstrom
                   Q00  =  -0.223593
|Q1| =   0.566117  Q10  =   0.029643  Q11c =  -0.354228  Q11s =  -0.440604
|Q2| =   0.620699  Q20  =  -0.335746  Q21c =  -0.033011  Q21s =  -0.053493
                   Q22c =  -0.243399  Q22s =   0.457545

C          x = -7.230660  y = -0.098580  z =  0.014240 angstrom
           Maximum rank =  2   Radius =  0.650 angstrom
                   Q00  =  -0.300233
|Q1| =   0.458029  Q10  =  -0.021271  Q11c =  -0.207732  Q11s =  -0.407658
|Q2| =   1.428990  Q20  =  -1.178379  Q21c =  -0.041078  Q21s =   0.053804
                   Q22c =   0.524774  Q22s =  -0.611119

S          x = -6.157790  y =  1.309720  z =  0.062430 angstrom
           Maximum rank =  2   Radius =  0.650 angstrom
                   Q00  =   0.715872
|Q1| =   1.083119  Q10  =  -0.056954  Q11c =   0.223848  Q11s =  -1.058204
|Q2| =   2.315887  Q20  =  -2.115045  Q21c =  -0.058598  Q21s =   0.053317
                   Q22c =   0.901234  Q22s =   0.267239

C          x = -6.508880  y = -1.278960  z = -0.042720 angstrom
           Maximum rank =  2   Radius =  0.650 angstrom
                   Q00  =  -0.016160
|Q1| =   0.079261  Q10  =   0.002359  Q11c =  -0.012319  Q11s =   0.078262
|Q2| =   1.385248  Q20  =  -1.344921  Q21c =  -0.010380  Q21s =   0.092620
                   Q22c =   0.023001  Q22s =   0.317622

H          x = -6.991540  y = -2.241940  z = -0.081160 angstrom
           Maximum rank =  1   Radius =  0.350 angstrom
                   Q00  =   0.122522
|Q1| =   0.070430  Q10  =   0.005860  Q11c =  -0.034391  Q11s =   0.061182

C          x = -5.132720  y = -1.043000  z = -0.042080 angstrom
           Maximum rank =  2   Radius =  0.650 angstrom
                   Q00  =  -0.337710
|Q1| =   0.541666  Q10  =   0.016078  Q11c =  -0.306465  Q11s =   0.446343
|Q2| =   1.340235  Q20  =  -1.169627  Q21c =   0.008964  Q21s =   0.065526
                   Q22c =   0.350850  Q22s =   0.548392

C          x = -4.770300  y =  0.305840  z =  0.012110 angstrom
           Maximum rank =  2   Radius =  0.650 angstrom
                   Q00  =  -0.345503
|Q1| =   0.546547  Q10  =  -0.045264  Q11c =   0.372366  Q11s =  -0.397502
|Q2| =   1.418770  Q20  =  -1.271162  Q21c =   0.016335  Q21s =   0.049327
                   Q22c =   0.307935  Q22s =   0.547295

S          x = -3.737140  y = -2.093750  z = -0.092850 angstrom
           Maximum rank =  2   Radius =  0.650 angstrom
                   Q00  =   0.730179
|Q1| =   1.124534  Q10  =   0.049709  Q11c =  -0.152626  Q11s =   1.113018
|Q2| =   2.284802  Q20  =  -2.103592  Q21c =   0.007137  Q21s =   0.124886
                   Q22c =   0.832197  Q22s =   0.294997

C          x = -3.370730  y =  0.492570  z =  0.027340 angstrom
           Maximum rank =  2   Radius =  0.650 angstrom
                   Q00  =  -0.064833
|Q1| =   0.097922  Q10  =  -0.053024  Q11c =   0.076195  Q11s =  -0.031168
|Q2| =   1.261680  Q20  =  -1.235575  Q21c =   0.006155  Q21s =   0.055573
                   Q22c =   0.122618  Q22s =   0.216859

C          x = -2.709780  y = -0.702500  z = -0.027820 angstrom
           Maximum rank =  2   Radius =  0.650 angstrom
                   Q00  =  -0.323698
|Q1| =   0.619881  Q10  =   0.013587  Q11c =   0.227452  Q11s =   0.576483
|Q2| =   1.361965  Q20  =  -1.231380  Q21c =  -0.011581  Q21s =   0.064459
                   Q22c =   0.505321  Q22s =  -0.281095

C          x = -1.274770  y = -0.497630  z = -0.023400 angstrom
           Maximum rank =  2   Radius =  0.650 angstrom
                   Q00  =  -0.024234
|Q1| =   0.121103  Q10  =   0.010979  Q11c =   0.009240  Q11s =   0.120250
|Q2| =   1.278359  Q20  =  -1.236702  Q21c =  -0.007703  Q21s =   0.077625
                   Q22c =   0.170705  Q22s =  -0.263710

C          x = -1.063920  y =  0.892640  z =  0.021940 angstrom
           Maximum rank =  2   Radius =  0.650 angstrom
                   Q00  =  -0.036162
|Q1| =   0.088962  Q10  =   0.040692  Q11c =  -0.049328  Q11s =  -0.061848
|Q2| =   1.234282  Q20  =  -1.220477  Q21c =  -0.001025  Q21s =   0.086932
                   Q22c =   0.162102  Q22s =  -0.007236

C          x = -2.396660  y =  1.659580  z =  0.055850 angstrom
           Maximum rank =  2   Radius =  0.650 angstrom
                   Q00  =  -0.006771
|Q1| =   0.063256  Q10  =  -0.000929  Q11c =   0.000684  Q11s =  -0.063245
|Q2| =   0.176780  Q20  =   0.003245  Q21c =   0.082865  Q21s =   0.023107
                   Q22c =  -0.145317  Q22s =  -0.052183

C          x =  0.217680  y =  1.402410  z =  0.049330 angstrom
           Maximum rank =  2   Radius =  0.650 angstrom
                   Q00  =  -0.014285
|Q1| =   0.104991  Q10  =   0.022970  Q11c =  -0.016686  Q11s =  -0.101079
|Q2| =   1.439038  Q20  =  -1.433427  Q21c =  -0.007997  Q21s =   0.120795
                   Q22c =   0.005560  Q22s =  -0.037864

H          x =  0.397420  y =  2.469700  z =  0.089660 angstrom
           Maximum rank =  1   Radius =  0.350 angstrom
                   Q00  =   0.084327
|Q1| =   0.103231  Q10  =   0.001453  Q11c =  -0.038404  Q11s =  -0.095810

C          x =  1.274810  y =  0.497580  z =  0.023530 angstrom
           Maximum rank =  2   Radius =  0.650 angstrom
                   Q00  =  -0.024300
|Q1| =   0.121239  Q10  =  -0.010970  Q11c =  -0.009302  Q11s =  -0.120383
|Q2| =   1.278602  Q20  =  -1.236883  Q21c =  -0.007709  Q21s =   0.077648
                   Q22c =   0.170875  Q22s =  -0.263926

C          x = -0.217640  y = -1.402460  z = -0.049200 angstrom
           Maximum rank =  2   Radius =  0.650 angstrom
                   Q00  =  -0.013997
|Q1| =   0.104831  Q10  =  -0.022965  Q11c =   0.016738  Q11s =   0.100906
|Q2| =   1.438095  Q20  =  -1.432491  Q21c =  -0.008003  Q21s =   0.120662
                   Q22c =   0.005627  Q22s =  -0.037838

H          x = -0.397380  y = -2.469760  z = -0.089540 angstrom
           Maximum rank =  1   Radius =  0.350 angstrom
                   Q00  =   0.084679
|Q1| =   0.102966  Q10  =  -0.001439  Q11c =   0.038357  Q11s =   0.095544

C          x =  1.063950  y = -0.892690  z = -0.021810 angstrom
           Maximum rank =  2   Radius =  0.650 angstrom
                   Q00  =  -0.035890
|Q1| =   0.088854  Q10  =  -0.040694  Q11c =   0.049261  Q11s =   0.061745
|Q2| =   1.233746  Q20  =  -1.219973  Q21c =  -0.001008  Q21s =   0.086889
                   Q22c =   0.161856  Q22s =  -0.006967

C          x =  2.396690  y = -1.659630  z = -0.055710 angstrom
           Maximum rank =  2   Radius =  0.650 angstrom
                   Q00  =  -0.006741
|Q1| =   0.063242  Q10  =   0.000934  Q11c =  -0.000693  Q11s =   0.063231
|Q2| =   0.176557  Q20  =   0.002916  Q21c =   0.082827  Q21s =   0.023111
                   Q22c =  -0.145128  Q22s =  -0.052032

C          x =  2.709820  y =  0.702440  z =  0.027930 angstrom
           Maximum rank =  2   Radius =  0.650 angstrom
                   Q00  =  -0.323821
|Q1| =   0.619973  Q10  =  -0.013550  Q11c =  -0.227328  Q11s =  -0.576633
|Q2| =   1.362511  Q20  =  -1.231970  Q21c =  -0.011591  Q21s =   0.064491
                   Q22c =   0.505522  Q22s =  -0.280782

C          x =  3.370760  y = -0.492630  z = -0.027220 angstrom
           Maximum rank =  2   Radius =  0.650 angstrom
                   Q00  =  -0.064443
|Q1| =   0.097841  Q10  =   0.053046  Q11c =  -0.076098  Q11s =   0.031115
|Q2| =   1.260956  Q20  =  -1.234888  Q21c =   0.006112  Q21s =   0.055515
                   Q22c =   0.122650  Q22s =   0.216558

S          x =  3.737190  y =  2.093700  z =  0.092940 angstrom
           Maximum rank =  2   Radius =  0.650 angstrom
                   Q00  =   0.728887
|Q1| =   1.126486  Q10  =  -0.049763  Q11c =   0.152751  Q11s =  -1.114972
|Q2| =   2.287124  Q20  =  -2.105281  Q21c =   0.007063  Q21s =   0.124885
                   Q22c =   0.834217  Q22s =   0.295230

C          x =  4.770330  y = -0.305900  z = -0.012020 angstrom
           Maximum rank =  2   Radius =  0.650 angstrom
                   Q00  =  -0.345370
|Q1| =   0.546430  Q10  =   0.045295  Q11c =  -0.372398  Q11s =   0.397308
|Q2| =   1.418532  Q20  =  -1.270919  Q21c =   0.016280  Q21s =   0.049284
                   Q22c =   0.307650  Q22s =   0.547408

S          x =  6.157820  y = -1.309790  z = -0.062350 angstrom
           Maximum rank =  2   Radius =  0.650 angstrom
                   Q00  =   0.716797
|Q1| =   1.081846  Q10  =   0.056857  Q11c =  -0.223742  Q11s =   1.056929
|Q2| =   2.314187  Q20  =  -2.113779  Q21c =  -0.058595  Q21s =   0.053488
                   Q22c =   0.899938  Q22s =   0.266868

C          x =  5.132760  y =  1.042940  z =  0.042160 angstrom
           Maximum rank =  2   Radius =  0.650 angstrom
                   Q00  =  -0.337867
|Q1| =   0.541810  Q10  =  -0.016082  Q11c =   0.306339  Q11s =  -0.446605
|Q2| =   1.340767  Q20  =  -1.170170  Q21c =   0.008904  Q21s =   0.065535
                   Q22c =   0.351374  Q22s =   0.548195

C          x =  6.508920  y =  1.278890  z =  0.042770 angstrom
           Maximum rank =  2   Radius =  0.650 angstrom
                   Q00  =  -0.016545
|Q1| =   0.079530  Q10  =  -0.002356  Q11c =   0.012438  Q11s =  -0.078516
|Q2| =   1.386543  Q20  =  -1.346132  Q21c =  -0.010430  Q21s =   0.092677
                   Q22c =   0.023263  Q22s =   0.318105

H          x =  6.991590  y =  2.241870  z =  0.081190 angstrom
           Maximum rank =  1   Radius =  0.350 angstrom
                   Q00  =   0.122243
|Q1| =   0.070631  Q10  =  -0.005870  Q11c =   0.034450  Q11s =  -0.061379

C          x =  7.230690  y =  0.098500  z = -0.014200 angstrom
           Maximum rank =  2   Radius =  0.650 angstrom
                   Q00  =  -0.300193
|Q1| =   0.458000  Q10  =   0.021276  Q11c =   0.207727  Q11s =   0.407628
|Q2| =   1.428719  Q20  =  -1.178010  Q21c =  -0.041117  Q21s =   0.053785
                   Q22c =   0.524658  Q22s =  -0.611293

C          x =  8.621730  y = -0.199110  z = -0.027600 angstrom
           Maximum rank =  2   Radius =  0.650 angstrom
                   Q00  =   0.014007
|Q1| =   0.044254  Q10  =   0.000138  Q11c =   0.037863  Q11s =   0.022908
|Q2| =   1.362223  Q20  =  -1.356576  Q21c =  -0.010753  Q21s =   0.030517
                   Q22c =   0.119268  Q22s =  -0.009102

H          x =  8.799290  y = -1.266240  z = -0.053410 angstrom
           Maximum rank =  1   Radius =  0.350 angstrom
                   Q00  =   0.090974
|Q1| =   0.068919  Q10  =   0.007188  Q11c =   0.025949  Q11s =   0.063441

C          x =  9.747480  y =  0.575120  z = -0.020760 angstrom
           Maximum rank =  2   Radius =  0.650 angstrom
                   Q00  =  -0.056073
|Q1| =   0.059040  Q10  =  -0.003386  Q11c =   0.040975  Q11s =   0.042371
|Q2| =   1.319802  Q20  =  -1.298696  Q21c =  -0.019532  Q21s =   0.001336
                   Q22c =   0.121081  Q22s =   0.200550

C          x = 11.130140  y =  0.070290  z = -0.040810 angstrom
           Maximum rank =  2   Radius =  0.650 angstrom
                   Q00  =   0.030965
|Q1| =   0.044015  Q10  =   0.001444  Q11c =   0.010591  Q11s =   0.042697
|Q2| =   1.161365  Q20  =  -1.125151  Q21c =  -0.035242  Q21s =  -0.065396
                   Q22c =  -0.217736  Q22s =  -0.172847

C          x =  9.816960  y =  2.055850  z = -0.024360 angstrom
           Maximum rank =  2   Radius =  0.650 angstrom
                   Q00  =   0.196279
|Q1| =   0.032404  Q10  =   0.000150  Q11c =  -0.020964  Q11s =   0.024708
|Q2| =   0.756610  Q20  =  -0.714949  Q21c =  -0.042999  Q21s =   0.006307
                   Q22c =   0.060733  Q22s =  -0.236072

O          x =  8.915000  y =  2.863400  z =  0.005830 angstrom
           Maximum rank =  2   Radius =  0.650 angstrom
                   Q00  =  -0.388373
|Q1| =   0.490303  Q10  =  -0.011596  Q11c =   0.371851  Q11s =  -0.319358
|Q2| =   0.929573  Q20  =  -0.205452  Q21c =  -0.012799  Q21s =   0.034529
                   Q22c =   0.121261  Q22s =  -0.897684

C          x = 12.027280  y =  1.251960  z = -0.095150 angstrom
           Maximum rank =  2   Radius =  0.650 angstrom
                   Q00  =  -0.021751
|Q1| =   0.076032  Q10  =   0.003396  Q11c =  -0.062496  Q11s =   0.043170
|Q2| =   1.247594  Q20  =  -1.231586  Q21c =  -0.088609  Q21s =  -0.036032
                   Q22c =   0.129864  Q22s =   0.116930

C          x = 11.251660  y =  2.407230  z = -0.079570 angstrom
           Maximum rank =  2   Radius =  0.650 angstrom
                   Q00  =  -0.041892
|Q1| =   0.064138  Q10  =   0.000314  Q11c =   0.011933  Q11s =  -0.063017
|Q2| =   1.239113  Q20  =  -1.225995  Q21c =  -0.076528  Q21s =  -0.031009
                   Q22c =  -0.045256  Q22s =   0.153201

C          x = 13.415280  y =  1.365480  z = -0.150830 angstrom
           Maximum rank =  2   Radius =  0.650 angstrom
                   Q00  =   0.007454
|Q1| =   0.071881  Q10  =  -0.000092  Q11c =  -0.023718  Q11s =   0.067855
|Q2| =   1.433054  Q20  =  -1.428049  Q21c =  -0.097940  Q21s =  -0.034611
                   Q22c =  -0.008580  Q22s =  -0.058795

H          x = 14.093050  y =  0.526100  z = -0.167790 angstrom
           Maximum rank =  1   Radius =  0.350 angstrom
                   Q00  =   0.112174
|Q1| =   0.062423  Q10  =   0.003679  Q11c =  -0.054417  Q11s =   0.030363

C          x = 13.955540  y =  2.633620  z = -0.187950 angstrom
           Maximum rank =  2   Radius =  0.650 angstrom
                   Q00  =   0.178530
|Q1| =   0.158630  Q10  =  -0.006283  Q11c =   0.146545  Q11s =   0.060405
|Q2| =   1.049087  Q20  =  -1.042633  Q21c =  -0.076260  Q21s =  -0.023814
                   Q22c =   0.065871  Q22s =   0.052712

F          x = 15.277210  y =  2.787840  z = -0.243440 angstrom
           Maximum rank =  2   Radius =  0.650 angstrom
                   Q00  =  -0.203143
|Q1| =   0.222678  Q10  =   0.009127  Q11c =  -0.222427  Q11s =   0.005326
|Q2| =   0.696015  Q20  =  -0.308372  Q21c =  -0.048108  Q21s =  -0.004486
                   Q22c =   0.609954  Q22s =   0.122333

C          x = 11.790230  y =  3.679160  z = -0.114440 angstrom
           Maximum rank =  2   Radius =  0.650 angstrom
                   Q00  =   0.023409
|Q1| =   0.066817  Q10  =  -0.000774  Q11c =   0.039422  Q11s =  -0.053942
|Q2| =   1.375724  Q20  =  -1.371885  Q21c =  -0.091744  Q21s =  -0.024557
                   Q22c =  -0.005337  Q22s =  -0.038707

H          x = 11.162790  y =  4.560880  z = -0.099900 angstrom
           Maximum rank =  1   Radius =  0.350 angstrom
                   Q00  =   0.099487
|Q1| =   0.085071  Q10  =  -0.000596  Q11c =   0.035947  Q11s =  -0.077100

C          x = 13.161660  y =  3.779020  z = -0.169320 angstrom
           Maximum rank =  2   Radius =  0.650 angstrom
                   Q00  =   0.175631
|Q1| =   0.153980  Q10  =  -0.005648  Q11c =   0.109223  Q11s =   0.108389
|Q2| =   1.053890  Q20  =  -1.044744  Q21c =  -0.071670  Q21s =  -0.025374
                   Q22c =  -0.026051  Q22s =   0.112847

F          x = 13.760230  y =  4.967390  z = -0.206680 angstrom
           Maximum rank =  2   Radius =  0.650 angstrom
                   Q00  =  -0.204647
|Q1| =   0.223172  Q10  =   0.005190  Q11c =  -0.068720  Q11s =  -0.212265
|Q2| =   0.699364  Q20  =  -0.304925  Q21c =  -0.010754  Q21s =  -0.029870
                   Q22c =  -0.398344  Q22s =   0.486256

C          x = 11.566050  y = -1.223010  z = -0.001230 angstrom
           Maximum rank =  2   Radius =  0.650 angstrom
                   Q00  =  -0.016651
|Q1| =   0.026647  Q10  =   0.003290  Q11c =   0.012845  Q11s =  -0.023114
|Q2| =   1.299028  Q20  =  -1.287863  Q21c =  -0.063964  Q21s =  -0.095865
                   Q22c =  -0.107059  Q22s =  -0.064346

C          x = 12.947900  y = -1.578790  z = -0.027210 angstrom
           Maximum rank =  2   Radius =  0.650 angstrom
                   Q00  =   0.058986
|Q1| =   0.106692  Q10  =   0.004393  Q11c =  -0.106125  Q11s =  -0.010067
|Q2| =   1.206321  Q20  =  -0.718923  Q21c =  -0.042851  Q21s =  -0.000383
                   Q22c =   0.829688  Q22s =  -0.498138

N          x = 14.051540  y = -1.898490  z = -0.047880 angstrom
           Maximum rank =  2   Radius =  0.650 angstrom
                   Q00  =  -0.218931
|Q1| =   0.560107  Q10  =   0.011922  Q11c =  -0.545552  Q11s =   0.126294
|Q2| =   0.616815  Q20  =  -0.343812  Q21c =  -0.017083  Q21s =   0.002665
                   Q22c =   0.400942  Q22s =  -0.318121

C          x = 10.709810  y = -2.361690  z =  0.077590 angstrom
           Maximum rank =  2   Radius =  0.650 angstrom
                   Q00  =   0.057940
|Q1| =   0.100841  Q10  =  -0.001735  Q11c =   0.087689  Q11s =   0.049766
|Q2| =   1.202822  Q20  =  -0.720191  Q21c =  -0.068245  Q21s =  -0.096204
                   Q22c =  -0.268185  Q22s =   0.917753

N          x = 10.049860  y = -3.300830  z =  0.141630 angstrom
           Maximum rank =  2   Radius =  0.650 angstrom
                   Q00  =  -0.222263
|Q1| =   0.565333  Q10  =  -0.029609  Q11c =   0.354099  Q11s =   0.439703
|Q2| =   0.620162  Q20  =  -0.335111  Q21c =  -0.032916  Q21s =  -0.053385
                   Q22c =  -0.243583  Q22s =   0.457203

C          x =  2.633000  y = -2.519310  z =  1.195490 angstrom
           Maximum rank =  2   Radius =  0.650 angstrom
                   Q00  =  -0.062852
|Q1| =   0.078400  Q10  =   0.003196  Q11c =   0.052840  Q11s =   0.057830
|Q2| =   1.299853  Q20  =   0.531659  Q21c =  -0.395679  Q21s =  -0.543752
                   Q22c =  -0.115225  Q22s =  -0.970284

C          x =  3.620390  y = -3.503710  z =  1.190910 angstrom
           Maximum rank =  2   Radius =  0.650 angstrom
                   Q00  =  -0.053574
|Q1| =   0.103213  Q10  =   0.034457  Q11c =  -0.082820  Q11s =   0.051053
|Q2| =   1.484489  Q20  =   0.703779  Q21c =  -0.453990  Q21s =  -0.420210
                   Q22c =  -0.031692  Q22s =  -1.150962

H          x =  4.164810  y = -3.718100  z =  0.279350 angstrom
           Maximum rank =  1   Radius =  0.350 angstrom
                   Q00  =   0.079029
|Q1| =   0.100181  Q10  =   0.053099  Q11c =  -0.071309  Q11s =   0.046170

C          x =  3.909960  y = -4.229130  z =  2.334390 angstrom
           Maximum rank =  2   Radius =  0.650 angstrom
                   Q00  =  -0.030510
|Q1| =   0.076465  Q10  =   0.008148  Q11c =  -0.060129  Q11s =   0.046530
|Q2| =   1.414837  Q20  =   0.463810  Q21c =  -0.433156  Q21s =  -0.423270
                   Q22c =  -0.024938  Q22s =  -1.191319

H          x =  4.686020  y = -4.986030  z =  2.299100 angstrom
           Maximum rank =  1   Radius =  0.350 angstrom
                   Q00  =   0.052648
|Q1| =   0.112691  Q10  =   0.003833  Q11c =  -0.077877  Q11s =   0.081361

C          x =  3.225440  y = -4.001950  z =  3.525610 angstrom
           Maximum rank =  2   Radius =  0.650 angstrom
                   Q00  =  -0.074877
|Q1| =   0.121530  Q10  =  -0.099782  Q11c =  -0.022049  Q11s =   0.065780
|Q2| =   1.139376  Q20  =   0.477053  Q21c =  -0.318195  Q21s =  -0.417510
                   Q22c =  -0.029995  Q22s =  -0.891144

C          x =  2.247210  y = -3.014860  z =  3.529140 angstrom
           Maximum rank =  2   Radius =  0.650 angstrom
                   Q00  =  -0.031753
|Q1| =   0.074718  Q10  =  -0.058876  Q11c =   0.041947  Q11s =  -0.018889
|Q2| =   1.401897  Q20  =   0.592815  Q21c =  -0.520774  Q21s =  -0.375291
                   Q22c =   0.009555  Q22s =  -1.096241

H          x =  1.700880  y = -2.808060  z =  4.442970 angstrom
           Maximum rank =  1   Radius =  0.350 angstrom
                   Q00  =   0.046309
|Q1| =   0.116513  Q10  =  -0.098845  Q11c =   0.057874  Q11s =  -0.021342

C          x =  1.954960  y = -2.283440  z =  2.386300 angstrom
           Maximum rank =  2   Radius =  0.650 angstrom
                   Q00  =  -0.034577
|Q1| =   0.097248  Q10  =  -0.060503  Q11c =   0.071831  Q11s =  -0.025238
|Q2| =   1.465228  Q20  =   0.492022  Q21c =  -0.366926  Q21s =  -0.499411
                   Q22c =  -0.021835  Q22s =  -1.232998

H          x =  1.190870  y = -1.518230  z =  2.432780 angstrom
           Maximum rank =  1   Radius =  0.350 angstrom
                   Q00  =   0.076109
|Q1| =   0.099208  Q10  =  -0.059563  Q11c =   0.061362  Q11s =  -0.050291

C          x =  2.464880  y = -2.467780  z = -1.358090 angstrom
           Maximum rank =  2   Radius =  0.650 angstrom
                   Q00  =  -0.062500
|Q1| =   0.065446  Q10  =   0.000705  Q11c =  -0.054695  Q11s =   0.035933
|Q2| =   1.282791  Q20  =   0.560104  Q21c =  -0.505638  Q21s =   0.364460
                   Q22c =  -0.675261  Q22s =   0.698110

C          x =  3.035390  y = -1.941270  z = -2.510790 angstrom
           Maximum rank =  2   Radius =  0.650 angstrom
                   Q00  =  -0.037396
|Q1| =   0.101035  Q10  =   0.057736  Q11c =  -0.063814  Q11s =  -0.052936
|Q2| =   1.482389  Q20  =   0.547147  Q21c =  -0.471932  Q21s =   0.354394
                   Q22c =  -0.789303  Q22s =   0.962701

H          x =  3.494200  y = -0.960720  z = -2.487730 angstrom
           Maximum rank =  1   Radius =  0.350 angstrom
                   Q00  =   0.077817
|Q1| =   0.100225  Q10  =   0.054628  Q11c =  -0.040373  Q11s =  -0.073694

C          x =  3.022730  y = -2.653400  z = -3.702620 angstrom
           Maximum rank =  2   Radius =  0.650 angstrom
                   Q00  =  -0.030997
|Q1| =   0.075969  Q10  =   0.059346  Q11c =  -0.029159  Q11s =  -0.037404
|Q2| =   1.398881  Q20  =   0.600572  Q21c =  -0.580354  Q21s =   0.165533
                   Q22c =  -0.674669  Q22s =   0.881358

H          x =  3.478410  y = -2.216710  z = -4.584550 angstrom
           Maximum rank =  1   Radius =  0.350 angstrom
                   Q00  =   0.047851
|Q1| =   0.115769  Q10  =   0.095187  Q11c =  -0.046844  Q11s =  -0.046341

C          x =  2.440500  y = -3.911800  z = -3.785360 angstrom
           Maximum rank =  2   Radius =  0.650 angstrom
                   Q00  =  -0.075409
|Q1| =   0.122052  Q10  =   0.104998  Q11c =   0.002905  Q11s =   0.062160
|Q2| =   1.140455  Q20  =   0.501254  Q21c =  -0.411011  Q21s =   0.273930
                   Q22c =  -0.576782  Q22s =   0.687559

C          x =  1.864670  y = -4.435070  z = -2.629500 angstrom
           Maximum rank =  2   Radius =  0.650 angstrom
                   Q00  =  -0.031208
|Q1| =   0.075847  Q10  =  -0.005544  Q11c =   0.041595  Q11s =   0.063181
|Q2| =   1.406176  Q20  =   0.475356  Q21c =  -0.496524  Q21s =   0.254215
                   Q22c =  -0.764466  Q22s =   0.925094

H          x =  1.400520  y = -5.415040  z = -2.661190 angstrom
           Maximum rank =  1   Radius =  0.350 angstrom
                   Q00  =   0.048878
|Q1| =   0.115145  Q10  =   0.001421  Q11c =   0.049988  Q11s =   0.103719

C          x =  1.877630  y = -3.730030  z = -1.438340 angstrom
           Maximum rank =  2   Radius =  0.650 angstrom
                   Q00  =  -0.051578
|Q1| =   0.104953  Q10  =  -0.031881  Q11c =   0.061222  Q11s =   0.079061
|Q2| =   1.476728  Q20  =   0.723861  Q21c =  -0.496600  Q21s =   0.198771
                   Q22c =  -0.757001  Q22s =   0.893073

H          x =  1.437440  y = -4.176190  z = -0.554870 angstrom
           Maximum rank =  1   Radius =  0.350 angstrom
                   Q00  =   0.074319
|Q1| =   0.106067  Q10  =  -0.049216  Q11c =   0.060943  Q11s =   0.071511

C          x = -2.464860  y =  2.467710  z =  1.358240 angstrom
           Maximum rank =  2   Radius =  0.650 angstrom
                   Q00  =  -0.062249
|Q1| =   0.065608  Q10  =  -0.000638  Q11c =   0.054796  Q11s =  -0.036074
|Q2| =   1.282077  Q20  =   0.559709  Q21c =  -0.505266  Q21s =   0.363993
                   Q22c =  -0.675197  Q22s =   0.697690

C          x = -1.877800  y =  3.730080  z =  1.438400 angstrom
           Maximum rank =  2   Radius =  0.650 angstrom
                   Q00  =  -0.051716
|Q1| =   0.105077  Q10  =   0.031924  Q11c =  -0.060990  Q11s =  -0.079386
|Q2| =   1.477320  Q20  =   0.724661  Q21c =  -0.496685  Q21s =   0.198950
                   Q22c =  -0.757374  Q22s =   0.893000

H          x = -1.437780  y =  4.176290  z =  0.554870 angstrom
           Maximum rank =  1   Radius =  0.350 angstrom
                   Q00  =   0.074160
|Q1| =   0.106251  Q10  =   0.049259  Q11c =  -0.060995  Q11s =  -0.071711

C          x = -1.864880  y =  4.435150  z =  2.629510 angstrom
           Maximum rank =  2   Radius =  0.650 angstrom
                   Q00  =  -0.031588
|Q1| =   0.075998  Q10  =   0.005615  Q11c =  -0.041369  Q11s =  -0.063504
|Q2| =   1.407690  Q20  =   0.476067  Q21c =  -0.496929  Q21s =   0.254380
                   Q22c =  -0.765444  Q22s =   0.925959

H          x = -1.400900  y =  5.415220  z =  2.661120 angstrom
           Maximum rank =  1   Radius =  0.350 angstrom
                   Q00  =   0.048417
|Q1| =   0.115557  Q10  =  -0.001405  Q11c =  -0.050093  Q11s =  -0.104125

C          x = -2.440540  y =  3.911820  z =  3.785450 angstrom
           Maximum rank =  2   Radius =  0.650 angstrom
                   Q00  =  -0.075698
|Q1| =   0.122050  Q10  =  -0.104869  Q11c =  -0.002785  Q11s =  -0.062376
|Q2| =   1.141387  Q20  =   0.502009  Q21c =  -0.411237  Q21s =   0.274110
                   Q22c =  -0.577358  Q22s =   0.687863

C          x = -3.022590  y =  2.653360  z =  3.702800 angstrom
           Maximum rank =  2   Radius =  0.650 angstrom
                   Q00  =  -0.030881
|Q1| =   0.075908  Q10  =  -0.059360  Q11c =   0.029339  Q11s =   0.037118
|Q2| =   1.398456  Q20  =   0.600159  Q21c =  -0.579965  Q21s =   0.164979
                   Q22c =  -0.674906  Q22s =   0.881143

H          x = -3.478180  y =  2.216640  z =  4.584750 angstrom
           Maximum rank =  1   Radius =  0.350 angstrom
                   Q00  =   0.047962
|Q1| =   0.115660  Q10  =  -0.095154  Q11c =   0.046810  Q11s =   0.046171

C          x = -3.035230  y =  1.941170  z =  2.510970 angstrom
           Maximum rank =  2   Radius =  0.650 angstrom
                   Q00  =  -0.037075
|Q1| =   0.100963  Q10  =  -0.057671  Q11c =   0.063981  Q11s =   0.052669
|Q2| =   1.481309  Q20  =   0.546918  Q21c =  -0.471624  Q21s =   0.353840
                   Q22c =  -0.789143  Q22s =   0.961654

H          x = -3.493910  y =  0.960560  z =  2.487980 angstrom
           Maximum rank =  1   Radius =  0.350 angstrom
                   Q00  =   0.078133
|Q1| =   0.100009  Q10  =  -0.054569  Q11c =   0.040305  Q11s =   0.073482

C          x = -2.632970  y =  2.519300  z = -1.195320 angstrom
           Maximum rank =  2   Radius =  0.650 angstrom
                   Q00  =  -0.062621
|Q1| =   0.078685  Q10  =  -0.003294  Q11c =  -0.052999  Q11s =  -0.058066
|Q2| =   1.299239  Q20  =   0.531414  Q21c =  -0.395469  Q21s =  -0.543031
                   Q22c =  -0.115643  Q22s =  -0.970037

C          x = -3.620100  y =  3.503950  z = -1.190570 angstrom
           Maximum rank =  2   Radius =  0.650 angstrom
                   Q00  =  -0.053653
|Q1| =   0.103268  Q10  =  -0.034554  Q11c =   0.082560  Q11s =  -0.051519
|Q2| =   1.484956  Q20  =   0.704441  Q21c =  -0.453876  Q21s =  -0.420294
                   Q22c =  -0.032266  Q22s =  -1.151158

H          x = -4.164300  y =  3.718490  z = -0.278910 angstrom
           Maximum rank =  1   Radius =  0.350 angstrom
                   Q00  =   0.078956
|Q1| =   0.100297  Q10  =  -0.053124  Q11c =   0.071355  Q11s =  -0.046324

C          x = -3.909680  y =  4.229450  z = -2.333990 angstrom
           Maximum rank =  2   Radius =  0.650 angstrom
                   Q00  =  -0.030824
|Q1| =   0.076574  Q10  =  -0.008230  Q11c =   0.059896  Q11s =  -0.046993
|Q2| =   1.416084  Q20  =   0.464398  Q21c =  -0.433533  Q21s =  -0.423317
                   Q22c =  -0.025337  Q22s =  -1.192409

H          x = -4.685530  y =  4.986560  z = -2.298560 angstrom
           Maximum rank =  1   Radius =  0.350 angstrom
                   Q00  =   0.052269
|Q1| =   0.113022  Q10  =  -0.003848  Q11c =   0.078018  Q11s =  -0.081685

C          x = -3.225420  y =  4.002100  z = -3.525330 angstrom
           Maximum rank =  2   Radius =  0.650 angstrom
                   Q00  =  -0.075188
|Q1| =   0.121532  Q10  =   0.099625  Q11c =   0.021849  Q11s =  -0.066087
|Q2| =   1.140387  Q20  =   0.477805  Q21c =  -0.318274  Q21s =  -0.417751
                   Q22c =  -0.030497  Q22s =  -0.891875

C          x = -2.247450  y =  3.014760  z = -3.529030 angstrom
           Maximum rank =  2   Radius =  0.650 angstrom
                   Q00  =  -0.031733
|Q1| =   0.074713  Q10  =   0.058853  Q11c =  -0.042136  Q11s =   0.018516
|Q2| =   1.401860  Q20  =   0.592797  Q21c =  -0.520635  Q21s =  -0.374623
                   Q22c =   0.008856  Q22s =  -1.096505

H          x = -1.701320  y =  2.807830  z = -4.442960 angstrom
           Maximum rank =  1   Radius =  0.350 angstrom
                   Q00  =   0.046338
|Q1| =   0.116483  Q10  =   0.098855  Q11c =  -0.057840  Q11s =   0.021225

C          x = -1.955180  y =  2.283260  z = -2.386240 angstrom
           Maximum rank =  2   Radius =  0.650 angstrom
                   Q00  =  -0.034334
|Q1| =   0.097236  Q10  =   0.060430  Q11c =  -0.071999  Q11s =   0.024883
|Q2| =   1.464352  Q20  =   0.491956  Q21c =  -0.366715  Q21s =  -0.498734
                   Q22c =  -0.022691  Q22s =  -1.232306

H          x = -1.191290  y =  1.517860  z = -2.432860 angstrom
           Maximum rank =  1   Radius =  0.350 angstrom
                   Q00  =   0.076374
|Q1| =   0.099040  Q10  =   0.059516  Q11c =  -0.061258  Q11s =   0.050141

C          x =  3.523350  y = -4.814000  z =  4.756640 angstrom
           Maximum rank =  2   Radius =  0.650 angstrom
                   Q00  =   0.023522
|Q1| =   0.022869  Q10  =  -0.014534  Q11c =  -0.002041  Q11s =   0.017538
|Q2| =   0.105334  Q20  =   0.065833  Q21c =   0.024639  Q21s =  -0.071315
                   Q22c =  -0.007956  Q22s =  -0.031702

H          x =  3.015400  y = -5.781840  z =  4.719010 angstrom
           Maximum rank =  1   Radius =  0.350 angstrom
                   Q00  =   0.032127
|Q1| =   0.123092  Q10  =  -0.036629  Q11c =   0.036247  Q11s =   0.111786

H          x =  3.190310  y = -4.301850  z =  5.660260 angstrom
           Maximum rank =  1   Radius =  0.350 angstrom
                   Q00  =   0.024912
|Q1| =   0.124633  Q10  =  -0.121371  Q11c =   0.020313  Q11s =  -0.019745

H          x =  4.592680  y = -5.010330  z =  4.852400 angstrom
           Maximum rank =  1   Radius =  0.350 angstrom
                   Q00  =   0.029320
|Q1| =   0.122528  Q10  =  -0.049891  Q11c =  -0.103155  Q11s =   0.043393

C          x =  2.453230  y = -4.698380  z = -5.067820 angstrom
           Maximum rank =  2   Radius =  0.650 angstrom
                   Q00  =   0.023357
|Q1| =   0.022388  Q10  =   0.015160  Q11c =  -0.001851  Q11s =   0.016370
|Q2| =   0.106949  Q20  =   0.074097  Q21c =   0.002521  Q21s =   0.071798
                   Q22c =  -0.020739  Q22s =   0.018877

H          x =  3.255930  y = -5.441090  z = -5.062270 angstrom
           Maximum rank =  1   Radius =  0.350 angstrom
                   Q00  =   0.033537
|Q1| =   0.122065  Q10  =   0.041261  Q11c =  -0.070626  Q11s =   0.090606

H          x =  2.610810  y = -4.049360  z = -5.930120 angstrom
           Maximum rank =  1   Radius =  0.350 angstrom
                   Q00  =   0.025243
|Q1| =   0.124400  Q10  =   0.119191  Q11c =  -0.013687  Q11s =  -0.032887

H          x =  1.513620  y = -5.234340  z = -5.213900 angstrom
           Maximum rank =  1   Radius =  0.350 angstrom
                   Q00  =   0.027391
|Q1| =   0.124029  Q10  =   0.055302  Q11c =   0.083733  Q11s =   0.072896

C          x = -2.453050  y =  4.698450  z =  5.067890 angstrom
           Maximum rank =  2   Radius =  0.650 angstrom
                   Q00  =   0.023341
|Q1| =   0.022658  Q10  =  -0.015164  Q11c =   0.001773  Q11s =  -0.016742
|Q2| =   0.106198  Q20  =   0.073714  Q21c =   0.002490  Q21s =   0.071379
                   Q22c =  -0.019985  Q22s =   0.018537

H          x = -3.252600  y =  5.444530  z =  5.060440 angstrom
           Maximum rank =  1   Radius =  0.350 angstrom
                   Q00  =   0.033087
|Q1| =   0.122454  Q10  =  -0.041180  Q11c =   0.070513  Q11s =  -0.091253

H          x = -1.511550  y =  5.230500  z =  5.216190 angstrom
           Maximum rank =  1   Radius =  0.350 angstrom
                   Q00  =   0.027120
|Q1| =   0.124320  Q10  =  -0.055596  Q11c =  -0.084029  Q11s =  -0.072825

H          x = -2.615330  y =  4.050090  z =  5.929800 angstrom
           Maximum rank =  1   Radius =  0.350 angstrom
                   Q00  =   0.025305
|Q1| =   0.124374  Q10  =  -0.119174  Q11c =   0.014120  Q11s =   0.032666

C          x = -3.523370  y =  4.814210  z = -4.756310 angstrom
           Maximum rank =  2   Radius =  0.650 angstrom
                   Q00  =   0.023501
|Q1| =   0.023140  Q10  =   0.014570  Q11c =   0.002056  Q11s =  -0.017858
|Q2| =   0.104571  Q20  =   0.065473  Q21c =   0.024672  Q21s =  -0.070795
                   Q22c =  -0.007739  Q22s =  -0.031109

H          x = -3.189950  y =  4.302330  z = -5.659930 angstrom
           Maximum rank =  1   Radius =  0.350 angstrom
                   Q00  =   0.024943
|Q1| =   0.124649  Q10  =   0.121411  Q11c =  -0.020356  Q11s =   0.019555

H          x = -3.015800  y =  5.782250  z = -4.718420 angstrom
           Maximum rank =  1   Radius =  0.350 angstrom
                   Q00  =   0.031600
|Q1| =   0.123552  Q10  =   0.036686  Q11c =  -0.036317  Q11s =  -0.112251

H          x = -4.592760  y =  5.010160  z = -4.852270 angstrom
           Maximum rank =  1   Radius =  0.350 angstrom
                   Q00  =   0.029132
|Q1| =   0.122730  Q10  =   0.049972  Q11c =   0.103277  Q11s =  -0.043581

Total multipoles referred to origin at
           x =   0.000000,  y =    0.000000,  z =    0.000000 angstrom
                   Q00  =   0.000007
|Q1| =   0.098922  Q10  =   0.000866  Q11c =  -0.011376  Q11s =  -0.098262
|Q2| = 242.499397  Q20  = 134.220677  Q21c =  -6.514406  Q21s =   1.623423
                   Q22c =-191.703044  Q22s =  63.211056

CPU time used:     66m50.784s          Total:     66m50.784s

Finished at 17:0:10 on 28 Jun 2021  
