                                     G D M A

                                 by Anthony Stone

                         version 2.2.11, 04 February 2015

               Distributed Multipoles from Gaussian wavefunctions


Starting at 15:57:19 on 28 Jun 2021 

s1S0



Using CI density matrix from file sN_z.fchk


                         Distributed Multipole Analysis

Standard DMA for products of primitives with exponent greater than 4.00000
Using 80-point Euler-MacLaurin radial quadrature
Using 590-point Lebedev quadrature
Becke smoothing parameter = 3

Positions and radii in angstrom
Multipole moments in atomic units, ea_0^k for rank k

C          x = -8.621700  y =  0.199040  z =  0.027630 angstrom
           Maximum rank =  2   Radius =  0.650 angstrom
                   Q00  =   0.013996
|Q1| =   0.044240  Q10  =  -0.000459  Q11c =  -0.037826  Q11s =  -0.022938
|Q2| =   1.362388  Q20  =  -1.356749  Q21c =  -0.010730  Q21s =   0.030369
                   Q22c =   0.119207  Q22s =  -0.009181

H          x = -8.799250  y =  1.266170  z =  0.053430 angstrom
           Maximum rank =  1   Radius =  0.350 angstrom
                   Q00  =   0.090889
|Q1| =   0.068975  Q10  =  -0.007248  Q11c =  -0.025966  Q11s =  -0.063488

C          x = -9.747460  y = -0.575180  z =  0.020770 angstrom
           Maximum rank =  2   Radius =  0.650 angstrom
                   Q00  =  -0.055995
|Q1| =   0.059125  Q10  =   0.003097  Q11c =  -0.041000  Q11s =  -0.042487
|Q2| =   1.319518  Q20  =  -1.298400  Q21c =  -0.019503  Q21s =   0.001295
                   Q22c =   0.121149  Q22s =   0.200564

C          x =-11.130110  y = -0.070320  z =  0.040790 angstrom
           Maximum rank =  2   Radius =  0.650 angstrom
                   Q00  =   0.031093
|Q1| =   0.043995  Q10  =  -0.001712  Q11c =  -0.010604  Q11s =  -0.042664
|Q2| =   1.161041  Q20  =  -1.124795  Q21c =  -0.035225  Q21s =  -0.065458
                   Q22c =  -0.217743  Q22s =  -0.172963

C          x = -9.816980  y = -2.055900  z =  0.024370 angstrom
           Maximum rank =  2   Radius =  0.650 angstrom
                   Q00  =   0.196361
|Q1| =   0.032340  Q10  =  -0.000414  Q11c =   0.020929  Q11s =  -0.024651
|Q2| =   0.756340  Q20  =  -0.714689  Q21c =  -0.042982  Q21s =   0.006293
                   Q22c =   0.060565  Q22s =  -0.236039

O          x = -8.915040  y = -2.863480  z = -0.005760 angstrom
           Maximum rank =  2   Radius =  0.650 angstrom
                   Q00  =  -0.387981
|Q1| =   0.490040  Q10  =   0.011335  Q11c =  -0.371786  Q11s =   0.319040
|Q2| =   0.929439  Q20  =  -0.205274  Q21c =  -0.012792  Q21s =   0.034542
                   Q22c =   0.121045  Q22s =  -0.897614

C          x =-12.027270  y = -1.251970  z =  0.095180 angstrom
           Maximum rank =  2   Radius =  0.650 angstrom
                   Q00  =  -0.021881
|Q1| =   0.076069  Q10  =  -0.003675  Q11c =   0.062474  Q11s =  -0.043243
|Q2| =   1.247932  Q20  =  -1.231920  Q21c =  -0.088624  Q21s =  -0.036143
                   Q22c =   0.129807  Q22s =   0.117037

C          x =-11.251680  y = -2.407260  z =  0.079630 angstrom
           Maximum rank =  2   Radius =  0.650 angstrom
                   Q00  =  -0.041834
|Q1| =   0.064083  Q10  =  -0.000602  Q11c =  -0.011925  Q11s =   0.062960
|Q2| =   1.238964  Q20  =  -1.225854  Q21c =  -0.076574  Q21s =  -0.031030
                   Q22c =  -0.045204  Q22s =   0.153116

C          x =-13.415280  y = -1.365450  z =  0.150880 angstrom
           Maximum rank =  2   Radius =  0.650 angstrom
                   Q00  =   0.007393
|Q1| =   0.071937  Q10  =  -0.000254  Q11c =   0.023702  Q11s =  -0.067920
|Q2| =   1.433327  Q20  =  -1.428319  Q21c =  -0.097872  Q21s =  -0.034811
                   Q22c =  -0.008559  Q22s =  -0.058890

H          x =-14.093020  y = -0.526050  z =  0.167830 angstrom
           Maximum rank =  1   Radius =  0.350 angstrom
                   Q00  =   0.112088
|Q1| =   0.062460  Q10  =  -0.003739  Q11c =   0.054435  Q11s =  -0.030399

C          x =-13.955570  y = -2.633570  z =  0.188050 angstrom
           Maximum rank =  2   Radius =  0.650 angstrom
                   Q00  =   0.178621
|Q1| =   0.158639  Q10  =   0.005975  Q11c =  -0.146538  Q11s =  -0.060475
|Q2| =   1.048811  Q20  =  -1.042355  Q21c =  -0.076262  Q21s =  -0.023901
                   Q22c =   0.065804  Q22s =   0.052752

F          x =-15.277250  y = -2.787760  z =  0.243570 angstrom
           Maximum rank =  2   Radius =  0.650 angstrom
                   Q00  =  -0.203047
|Q1| =   0.222636  Q10  =  -0.009293  Q11c =   0.222375  Q11s =  -0.005440
|Q2| =   0.696011  Q20  =  -0.308321  Q21c =  -0.048164  Q21s =  -0.004511
                   Q22c =   0.609973  Q22s =   0.122323

C          x =-11.790280  y = -3.679170  z =  0.114550 angstrom
           Maximum rank =  2   Radius =  0.650 angstrom
                   Q00  =   0.023639
|Q1| =   0.066728  Q10  =   0.000421  Q11c =  -0.039440  Q11s =   0.053823
|Q2| =   1.374896  Q20  =  -1.371054  Q21c =  -0.091796  Q21s =  -0.024447
                   Q22c =  -0.005522  Q22s =  -0.038648

H          x =-11.162870  y = -4.560900  z =  0.100020 angstrom
           Maximum rank =  1   Radius =  0.350 angstrom
                   Q00  =   0.099721
|Q1| =   0.084880  Q10  =   0.000531  Q11c =  -0.035886  Q11s =   0.076919

C          x =-13.161720  y = -3.778990  z =  0.169440 angstrom
           Maximum rank =  2   Radius =  0.650 angstrom
                   Q00  =   0.175899
|Q1| =   0.153978  Q10  =   0.005343  Q11c =  -0.109215  Q11s =  -0.108411
|Q2| =   1.053091  Q20  =  -1.043964  Q21c =  -0.071668  Q21s =  -0.025376
                   Q22c =  -0.025968  Q22s =   0.112628

F          x =-13.760310  y = -4.967350  z =  0.206850 angstrom
           Maximum rank =  2   Radius =  0.650 angstrom
                   Q00  =  -0.204278
|Q1| =   0.222956  Q10  =  -0.005358  Q11c =   0.068704  Q11s =   0.212039
|Q2| =   0.699245  Q20  =  -0.304865  Q21c =  -0.010804  Q21s =  -0.029928
                   Q22c =  -0.398262  Q22s =   0.486186

C          x =-11.565990  y =  1.223000  z =  0.001170 angstrom
           Maximum rank =  2   Radius =  0.650 angstrom
                   Q00  =  -0.016933
|Q1| =   0.026583  Q10  =  -0.003594  Q11c =  -0.012856  Q11s =   0.022988
|Q2| =   1.299792  Q20  =  -1.288625  Q21c =  -0.064014  Q21s =  -0.096026
                   Q22c =  -0.107041  Q22s =  -0.064252

C          x =-12.947830  y =  1.578800  z =  0.027140 angstrom
           Maximum rank =  2   Radius =  0.650 angstrom
                   Q00  =   0.058976
|Q1| =   0.106588  Q10  =  -0.004739  Q11c =   0.106031  Q11s =   0.009797
|Q2| =   1.206414  Q20  =  -0.718990  Q21c =  -0.042815  Q21s =  -0.000380
                   Q22c =   0.829752  Q22s =  -0.498163

N          x =-14.051470  y =  1.898510  z =  0.047810 angstrom
           Maximum rank =  2   Radius =  0.650 angstrom
                   Q00  =  -0.219323
|Q1| =   0.560303  Q10  =  -0.012289  Q11c =   0.545659  Q11s =  -0.126666
|Q2| =   0.617006  Q20  =  -0.344057  Q21c =  -0.016883  Q21s =   0.002591
                   Q22c =   0.401147  Q22s =  -0.317978

C          x =-10.709730  y =  2.361650  z = -0.077700 angstrom
           Maximum rank =  2   Radius =  0.650 angstrom
                   Q00  =   0.057959
|Q1| =   0.100746  Q10  =   0.001385  Q11c =  -0.087530  Q11s =  -0.049863
|Q2| =   1.202874  Q20  =  -0.720269  Q21c =  -0.068331  Q21s =  -0.096288
                   Q22c =  -0.268107  Q22s =   0.917767

N          x =-10.049760  y =  3.300770  z = -0.141790 angstrom
           Maximum rank =  2   Radius =  0.650 angstrom
                   Q00  =  -0.222892
|Q1| =   0.565704  Q10  =   0.029291  Q11c =  -0.354167  Q11s =  -0.440147
|Q2| =   0.620423  Q20  =  -0.335396  Q21c =  -0.033105  Q21s =  -0.053626
                   Q22c =  -0.243477  Q22s =   0.457364

C          x = -7.230660  y = -0.098580  z =  0.014240 angstrom
           Maximum rank =  2   Radius =  0.650 angstrom
                   Q00  =  -0.300209
|Q1| =   0.458025  Q10  =  -0.021603  Q11c =  -0.207731  Q11s =  -0.407638
|Q2| =   1.428853  Q20  =  -1.178191  Q21c =  -0.041112  Q21s =   0.053693
                   Q22c =   0.524717  Q22s =  -0.611215

S          x = -6.157790  y =  1.309720  z =  0.062430 angstrom
           Maximum rank =  2   Radius =  0.650 angstrom
                   Q00  =   0.716327
|Q1| =   1.082512  Q10  =  -0.057456  Q11c =   0.223808  Q11s =  -1.057564
|Q2| =   2.315054  Q20  =  -2.114434  Q21c =  -0.058368  Q21s =   0.053084
                   Q22c =   0.900623  Q22s =   0.267014

C          x = -6.508880  y = -1.278960  z = -0.042720 angstrom
           Maximum rank =  2   Radius =  0.650 angstrom
                   Q00  =  -0.016346
|Q1| =   0.079397  Q10  =   0.002031  Q11c =  -0.012383  Q11s =   0.078399
|Q2| =   1.385876  Q20  =  -1.345500  Q21c =  -0.010359  Q21s =   0.092799
                   Q22c =   0.023128  Q22s =   0.317849

H          x = -6.991540  y = -2.241940  z = -0.081160 angstrom
           Maximum rank =  1   Radius =  0.350 angstrom
                   Q00  =   0.122386
|Q1| =   0.070524  Q10  =   0.005816  Q11c =  -0.034419  Q11s =   0.061279

C          x = -5.132720  y = -1.043000  z = -0.042080 angstrom
           Maximum rank =  2   Radius =  0.650 angstrom
                   Q00  =  -0.337780
|Q1| =   0.541735  Q10  =   0.015756  Q11c =  -0.306405  Q11s =   0.446480
|Q2| =   1.340479  Q20  =  -1.169866  Q21c =   0.008902  Q21s =   0.065688
                   Q22c =   0.351100  Q22s =   0.548299

C          x = -4.770300  y =  0.305840  z =  0.012110 angstrom
           Maximum rank =  2   Radius =  0.650 angstrom
                   Q00  =  -0.345435
|Q1| =   0.546504  Q10  =  -0.045584  Q11c =   0.372384  Q11s =  -0.397390
|Q2| =   1.418652  Q20  =  -1.271042  Q21c =   0.016434  Q21s =   0.049266
                   Q22c =   0.307792  Q22s =   0.547351

S          x = -3.737140  y = -2.093750  z = -0.092850 angstrom
           Maximum rank =  2   Radius =  0.650 angstrom
                   Q00  =   0.729568
|Q1| =   1.125459  Q10  =   0.049191  Q11c =  -0.152683  Q11s =   1.113969
|Q2| =   2.285900  Q20  =  -2.104352  Q21c =   0.007081  Q21s =   0.125351
                   Q22c =   0.833177  Q22s =   0.295111

C          x = -3.370730  y =  0.492570  z =  0.027340 angstrom
           Maximum rank =  2   Radius =  0.650 angstrom
                   Q00  =  -0.064637
|Q1| =   0.098011  Q10  =  -0.053288  Q11c =   0.076138  Q11s =  -0.031137
|Q2| =   1.261258  Q20  =  -1.235170  Q21c =   0.006150  Q21s =   0.055603
                   Q22c =   0.122632  Q22s =   0.216697

C          x = -2.709780  y = -0.702500  z = -0.027820 angstrom
           Maximum rank =  2   Radius =  0.650 angstrom
                   Q00  =  -0.323758
|Q1| =   0.619930  Q10  =   0.013256  Q11c =   0.227390  Q11s =   0.576568
|Q2| =   1.362234  Q20  =  -1.231661  Q21c =  -0.011519  Q21s =   0.064653
                   Q22c =   0.505420  Q22s =  -0.280947

C          x = -1.274770  y = -0.497630  z = -0.023400 angstrom
           Maximum rank =  2   Radius =  0.650 angstrom
                   Q00  =  -0.024265
|Q1| =   0.121150  Q10  =   0.010706  Q11c =   0.009272  Q11s =   0.120320
|Q2| =   1.278488  Q20  =  -1.236800  Q21c =  -0.007701  Q21s =   0.077697
                   Q22c =   0.170785  Q22s =  -0.263810

C          x = -1.063920  y =  0.892640  z =  0.021940 angstrom
           Maximum rank =  2   Radius =  0.650 angstrom
                   Q00  =  -0.036033
|Q1| =   0.088796  Q10  =   0.040439  Q11c =  -0.049306  Q11s =  -0.061792
|Q2| =   1.234108  Q20  =  -1.220316  Q21c =  -0.001042  Q21s =   0.086938
                   Q22c =   0.161989  Q22s =  -0.007127

C          x = -2.396660  y =  1.659580  z =  0.055850 angstrom
           Maximum rank =  2   Radius =  0.650 angstrom
                   Q00  =  -0.006757
|Q1| =   0.063245  Q10  =  -0.000938  Q11c =   0.000678  Q11s =  -0.063234
|Q2| =   0.176691  Q20  =   0.003092  Q21c =   0.082801  Q21s =   0.023346
                   Q22c =  -0.145216  Q22s =  -0.052167

C          x =  0.217680  y =  1.402410  z =  0.049330 angstrom
           Maximum rank =  2   Radius =  0.650 angstrom
                   Q00  =  -0.014144
|Q1| =   0.104822  Q10  =   0.022644  Q11c =  -0.016700  Q11s =  -0.100976
|Q2| =   1.438607  Q20  =  -1.433012  Q21c =  -0.008086  Q21s =   0.120583
                   Q22c =   0.005553  Q22s =  -0.037848

H          x =  0.397420  y =  2.469700  z =  0.089660 angstrom
           Maximum rank =  1   Radius =  0.350 angstrom
                   Q00  =   0.084489
|Q1| =   0.103098  Q10  =   0.001397  Q11c =  -0.038383  Q11s =  -0.095677

C          x =  1.274810  y =  0.497580  z =  0.023530 angstrom
           Maximum rank =  2   Radius =  0.650 angstrom
                   Q00  =  -0.024269
|Q1| =   0.121193  Q10  =  -0.011242  Q11c =  -0.009270  Q11s =  -0.120313
|Q2| =   1.278472  Q20  =  -1.236785  Q21c =  -0.007711  Q21s =   0.077576
                   Q22c =   0.170795  Q22s =  -0.263826

C          x = -0.217640  y = -1.402460  z = -0.049200 angstrom
           Maximum rank =  2   Radius =  0.650 angstrom
                   Q00  =  -0.014137
|Q1| =   0.105000  Q10  =  -0.023292  Q11c =   0.016724  Q11s =   0.101009
|Q2| =   1.438526  Q20  =  -1.432906  Q21c =  -0.007914  Q21s =   0.120874
                   Q22c =   0.005633  Q22s =  -0.037853

H          x = -0.397380  y = -2.469760  z = -0.089540 angstrom
           Maximum rank =  1   Radius =  0.350 angstrom
                   Q00  =   0.084516
|Q1| =   0.103099  Q10  =  -0.001496  Q11c =   0.038378  Q11s =   0.095678

C          x =  1.063950  y = -0.892690  z = -0.021810 angstrom
           Maximum rank =  2   Radius =  0.650 angstrom
                   Q00  =  -0.036018
|Q1| =   0.089021  Q10  =  -0.040947  Q11c =   0.049283  Q11s =   0.061801
|Q2| =   1.233920  Q20  =  -1.220133  Q21c =  -0.000991  Q21s =   0.086884
                   Q22c =   0.161970  Q22s =  -0.007076

C          x =  2.396690  y = -1.659630  z = -0.055710 angstrom
           Maximum rank =  2   Radius =  0.650 angstrom
                   Q00  =  -0.006756
|Q1| =   0.063253  Q10  =   0.000926  Q11c =  -0.000700  Q11s =   0.063242
|Q2| =   0.176646  Q20  =   0.003069  Q21c =   0.082892  Q21s =   0.022873
                   Q22c =  -0.145228  Q22s =  -0.052048

C          x =  2.709820  y =  0.702440  z =  0.027930 angstrom
           Maximum rank =  2   Radius =  0.650 angstrom
                   Q00  =  -0.323761
|Q1| =   0.619924  Q10  =  -0.013881  Q11c =  -0.227390  Q11s =  -0.576548
|Q2| =   1.362242  Q20  =  -1.231689  Q21c =  -0.011653  Q21s =   0.064298
                   Q22c =   0.505422  Q22s =  -0.280930

C          x =  3.370760  y = -0.492630  z = -0.027220 angstrom
           Maximum rank =  2   Radius =  0.650 angstrom
                   Q00  =  -0.064640
|Q1| =   0.097753  Q10  =   0.052782  Q11c =  -0.076155  Q11s =   0.031146
|Q2| =   1.261377  Q20  =  -1.235293  Q21c =   0.006118  Q21s =   0.055485
                   Q22c =   0.122636  Q22s =   0.216720

S          x =  3.737190  y =  2.093700  z =  0.092940 angstrom
           Maximum rank =  2   Radius =  0.650 angstrom
                   Q00  =   0.729497
|Q1| =   1.125560  Q10  =  -0.050281  Q11c =   0.152694  Q11s =  -1.114020
|Q2| =   2.286026  Q20  =  -2.104521  Q21c =   0.007119  Q21s =   0.124420
                   Q22c =   0.833235  Q22s =   0.295115

C          x =  4.770330  y = -0.305900  z = -0.012020 angstrom
           Maximum rank =  2   Radius =  0.650 angstrom
                   Q00  =  -0.345440
|Q1| =   0.546473  Q10  =   0.044975  Q11c =  -0.372380  Q11s =   0.397420
|Q2| =   1.418651  Q20  =  -1.271039  Q21c =   0.016182  Q21s =   0.049345
                   Q22c =   0.307793  Q22s =   0.547353

S          x =  6.157820  y = -1.309790  z = -0.062350 angstrom
           Maximum rank =  2   Radius =  0.650 angstrom
                   Q00  =   0.716342
|Q1| =   1.082453  Q10  =   0.056355  Q11c =  -0.223782  Q11s =   1.057568
|Q2| =   2.315020  Q20  =  -2.114390  Q21c =  -0.058825  Q21s =   0.053720
                   Q22c =   0.900548  Q22s =   0.267094

C          x =  5.132760  y =  1.042940  z =  0.042160 angstrom
           Maximum rank =  2   Radius =  0.650 angstrom
                   Q00  =  -0.337798
|Q1| =   0.541741  Q10  =  -0.016404  Q11c =   0.306399  Q11s =  -0.446468
|Q2| =   1.340523  Q20  =  -1.169931  Q21c =   0.008967  Q21s =   0.065373
                   Q22c =   0.351125  Q22s =   0.548289

C          x =  6.508920  y =  1.278890  z =  0.042770 angstrom
           Maximum rank =  2   Radius =  0.650 angstrom
                   Q00  =  -0.016359
|Q1| =   0.079396  Q10  =  -0.002684  Q11c =   0.012374  Q11s =  -0.078379
|Q2| =   1.385916  Q20  =  -1.345554  Q21c =  -0.010451  Q21s =   0.092498
                   Q22c =   0.023136  Q22s =   0.317878

H          x =  6.991590  y =  2.241870  z =  0.081190 angstrom
           Maximum rank =  1   Radius =  0.350 angstrom
                   Q00  =   0.122379
|Q1| =   0.070536  Q10  =  -0.005914  Q11c =   0.034423  Q11s =  -0.061282

C          x =  7.230690  y =  0.098500  z = -0.014200 angstrom
           Maximum rank =  2   Radius =  0.650 angstrom
                   Q00  =  -0.300217
|Q1| =   0.458003  Q10  =   0.020943  Q11c =   0.207728  Q11s =   0.407648
|Q2| =   1.428856  Q20  =  -1.178197  Q21c =  -0.041083  Q21s =   0.053897
                   Q22c =   0.524715  Q22s =  -0.611197

C          x =  8.621730  y = -0.199110  z = -0.027600 angstrom
           Maximum rank =  2   Radius =  0.650 angstrom
                   Q00  =   0.014010
|Q1| =   0.044235  Q10  =  -0.000179  Q11c =   0.037816  Q11s =   0.022948
|Q2| =   1.362322  Q20  =  -1.356678  Q21c =  -0.010735  Q21s =   0.030632
                   Q22c =   0.119204  Q22s =  -0.009181

H          x =  8.799290  y = -1.266240  z = -0.053410 angstrom
           Maximum rank =  1   Radius =  0.350 angstrom
                   Q00  =   0.090900
|Q1| =   0.068958  Q10  =   0.007141  Q11c =   0.025966  Q11s =   0.063482

C          x =  9.747480  y =  0.575120  z = -0.020760 angstrom
           Maximum rank =  2   Radius =  0.650 angstrom
                   Q00  =  -0.056007
|Q1| =   0.059158  Q10  =  -0.003669  Q11c =   0.041000  Q11s =   0.042489
|Q2| =   1.319539  Q20  =  -1.298421  Q21c =  -0.019507  Q21s =   0.001363
                   Q22c =   0.121162  Q22s =   0.200561

C          x = 11.130140  y =  0.070290  z = -0.040810 angstrom
           Maximum rank =  2   Radius =  0.650 angstrom
                   Q00  =   0.031117
|Q1| =   0.043958  Q10  =   0.001189  Q11c =   0.010594  Q11s =   0.042646
|Q2| =   1.160981  Q20  =  -1.124735  Q21c =  -0.035221  Q21s =  -0.065354
                   Q22c =  -0.217740  Q22s =  -0.172992

C          x =  9.816960  y =  2.055850  z = -0.024360 angstrom
           Maximum rank =  2   Radius =  0.650 angstrom
                   Q00  =   0.196363
|Q1| =   0.032355  Q10  =  -0.000118  Q11c =  -0.020955  Q11s =   0.024651
|Q2| =   0.756340  Q20  =  -0.714684  Q21c =  -0.042969  Q21s =   0.006290
                   Q22c =   0.060583  Q22s =  -0.236054

O          x =  8.915000  y =  2.863400  z =  0.005830 angstrom
           Maximum rank =  2   Radius =  0.650 angstrom
                   Q00  =  -0.387998
|Q1| =   0.490049  Q10  =  -0.011836  Q11c =   0.371785  Q11s =  -0.319037
|Q2| =   0.929428  Q20  =  -0.205305  Q21c =  -0.012728  Q21s =   0.034473
                   Q22c =   0.121121  Q22s =  -0.897589

C          x = 12.027280  y =  1.251960  z = -0.095150 angstrom
           Maximum rank =  2   Radius =  0.650 angstrom
                   Q00  =  -0.021884
|Q1| =   0.076052  Q10  =   0.003124  Q11c =  -0.062490  Q11s =   0.043233
|Q2| =   1.247944  Q20  =  -1.231932  Q21c =  -0.088665  Q21s =  -0.036019
                   Q22c =   0.129793  Q22s =   0.117059

C          x = 11.251660  y =  2.407230  z = -0.079570 angstrom
           Maximum rank =  2   Radius =  0.650 angstrom
                   Q00  =  -0.041842
|Q1| =   0.064082  Q10  =   0.000037  Q11c =   0.011914  Q11s =  -0.062965
|Q2| =   1.238986  Q20  =  -1.225882  Q21c =  -0.076501  Q21s =  -0.031051
                   Q22c =  -0.045194  Q22s =   0.153104

C          x = 13.415280  y =  1.365480  z = -0.150830 angstrom
           Maximum rank =  2   Radius =  0.650 angstrom
                   Q00  =   0.007408
|Q1| =   0.071939  Q10  =  -0.000433  Q11c =  -0.023728  Q11s =   0.067911
|Q2| =   1.433267  Q20  =  -1.428253  Q21c =  -0.098073  Q21s =  -0.034502
                   Q22c =  -0.008533  Q22s =  -0.058882

H          x = 14.093050  y =  0.526100  z = -0.167790 angstrom
           Maximum rank =  1   Radius =  0.350 angstrom
                   Q00  =   0.112101
|Q1| =   0.062445  Q10  =   0.003625  Q11c =  -0.054429  Q11s =   0.030393

C          x = 13.955540  y =  2.633620  z = -0.187950 angstrom
           Maximum rank =  2   Radius =  0.650 angstrom
                   Q00  =   0.178645
|Q1| =   0.158644  Q10  =  -0.006587  Q11c =   0.146516  Q11s =   0.060476
|Q2| =   1.048736  Q20  =  -1.042286  Q21c =  -0.076243  Q21s =  -0.023775
                   Q22c =   0.065787  Q22s =   0.052752

F          x = 15.277210  y =  2.787840  z = -0.243440 angstrom
           Maximum rank =  2   Radius =  0.650 angstrom
                   Q00  =  -0.203007
|Q1| =   0.222619  Q10  =   0.008964  Q11c =  -0.222372  Q11s =   0.005432
|Q2| =   0.696005  Q20  =  -0.308322  Q21c =  -0.048073  Q21s =  -0.004461
                   Q22c =   0.609967  Q22s =   0.122353

C          x = 11.790230  y =  3.679160  z = -0.114440 angstrom
           Maximum rank =  2   Radius =  0.650 angstrom
                   Q00  =   0.023639
|Q1| =   0.066736  Q10  =  -0.001117  Q11c =   0.039429  Q11s =  -0.053831
|Q2| =   1.374879  Q20  =  -1.371047  Q21c =  -0.091596  Q21s =  -0.024704
                   Q22c =  -0.005510  Q22s =  -0.038641

H          x = 11.162790  y =  4.560880  z = -0.099900 angstrom
           Maximum rank =  1   Radius =  0.350 angstrom
                   Q00  =   0.099725
|Q1| =   0.084877  Q10  =  -0.000657  Q11c =   0.035885  Q11s =  -0.076915

C          x = 13.161660  y =  3.779020  z = -0.169320 angstrom
           Maximum rank =  2   Radius =  0.650 angstrom
                   Q00  =   0.175921
|Q1| =   0.153979  Q10  =  -0.005951  Q11c =   0.109191  Q11s =   0.108404
|Q2| =   1.053025  Q20  =  -1.043904  Q21c =  -0.071587  Q21s =  -0.025373
                   Q22c =  -0.025950  Q22s =   0.112624

F          x = 13.760230  y =  4.967390  z = -0.206680 angstrom
           Maximum rank =  2   Radius =  0.650 angstrom
                   Q00  =  -0.204249
|Q1| =   0.222942  Q10  =   0.005027  Q11c =  -0.068702  Q11s =  -0.212033
|Q2| =   0.699240  Q20  =  -0.304865  Q21c =  -0.010720  Q21s =  -0.029841
                   Q22c =  -0.398275  Q22s =   0.486175

C          x = 11.566050  y = -1.223010  z = -0.001230 angstrom
           Maximum rank =  2   Radius =  0.650 angstrom
                   Q00  =  -0.016942
|Q1| =   0.026515  Q10  =   0.003006  Q11c =   0.012843  Q11s =  -0.023002
|Q2| =   1.299812  Q20  =  -1.288651  Q21c =  -0.064015  Q21s =  -0.095915
                   Q22c =  -0.107058  Q22s =  -0.064257

C          x = 12.947900  y = -1.578790  z = -0.027210 angstrom
           Maximum rank =  2   Radius =  0.650 angstrom
                   Q00  =   0.058970
|Q1| =   0.106574  Q10  =   0.004050  Q11c =  -0.106045  Q11s =  -0.009805
|Q2| =   1.206423  Q20  =  -0.718977  Q21c =  -0.042894  Q21s =  -0.000398
                   Q22c =   0.829777  Q22s =  -0.498156

N          x = 14.051540  y = -1.898490  z = -0.047880 angstrom
           Maximum rank =  2   Radius =  0.650 angstrom
                   Q00  =  -0.219302
|Q1| =   0.560285  Q10  =   0.011561  Q11c =  -0.545659  Q11s =   0.126657
|Q2| =   0.616999  Q20  =  -0.344040  Q21c =  -0.017317  Q21s =   0.002703
                   Q22c =   0.401148  Q22s =  -0.317959

C          x = 10.709810  y = -2.361690  z =  0.077590 angstrom
           Maximum rank =  2   Radius =  0.650 angstrom
                   Q00  =   0.057970
|Q1| =   0.100724  Q10  =  -0.002049  Q11c =   0.087511  Q11s =   0.049831
|Q2| =   1.202856  Q20  =  -0.720259  Q21c =  -0.068227  Q21s =  -0.096197
                   Q22c =  -0.268154  Q22s =   0.917755

N          x = 10.049860  y = -3.300830  z =  0.141630 angstrom
           Maximum rank =  2   Radius =  0.650 angstrom
                   Q00  =  -0.222965
|Q1| =   0.565745  Q10  =  -0.029961  Q11c =   0.354160  Q11s =   0.440160
|Q2| =   0.620438  Q20  =  -0.335462  Q21c =  -0.032822  Q21s =  -0.053253
                   Q22c =  -0.243506  Q22s =   0.457384

C          x =  2.633000  y = -2.519310  z =  1.195490 angstrom
           Maximum rank =  2   Radius =  0.650 angstrom
                   Q00  =  -0.062544
|Q1| =   0.078448  Q10  =   0.003186  Q11c =   0.052853  Q11s =   0.057884
|Q2| =   1.299077  Q20  =   0.531269  Q21c =  -0.395548  Q21s =  -0.543249
                   Q22c =  -0.115040  Q22s =  -0.969815

C          x =  3.620390  y = -3.503710  z =  1.190910 angstrom
           Maximum rank =  2   Radius =  0.650 angstrom
                   Q00  =  -0.053452
|Q1| =   0.103206  Q10  =   0.034397  Q11c =  -0.082737  Q11s =   0.051214
|Q2| =   1.484287  Q20  =   0.703802  Q21c =  -0.453862  Q21s =  -0.420342
                   Q22c =  -0.031752  Q22s =  -1.150688

H          x =  4.164810  y = -3.718100  z =  0.279350 angstrom
           Maximum rank =  1   Radius =  0.350 angstrom
                   Q00  =   0.079143
|Q1| =   0.100144  Q10  =   0.053020  Q11c =  -0.071289  Q11s =   0.046214

C          x =  3.909960  y = -4.229130  z =  2.334390 angstrom
           Maximum rank =  2   Radius =  0.650 angstrom
                   Q00  =  -0.030690
|Q1| =   0.076529  Q10  =   0.008063  Q11c =  -0.060076  Q11s =   0.046718
|Q2| =   1.415568  Q20  =   0.464088  Q21c =  -0.433585  Q21s =  -0.423316
                   Q22c =  -0.024785  Q22s =  -1.191910

H          x =  4.686020  y = -4.986030  z =  2.299100 angstrom
           Maximum rank =  1   Radius =  0.350 angstrom
                   Q00  =   0.052436
|Q1| =   0.112873  Q10  =   0.003764  Q11c =  -0.077971  Q11s =   0.081528

C          x =  3.225440  y = -4.001950  z =  3.525610 angstrom
           Maximum rank =  2   Radius =  0.650 angstrom
                   Q00  =  -0.075246
|Q1| =   0.121531  Q10  =  -0.099760  Q11c =  -0.021984  Q11s =   0.065836
|Q2| =   1.140558  Q20  =   0.477645  Q21c =  -0.318341  Q21s =  -0.418149
                   Q22c =  -0.030086  Q22s =  -0.891982

C          x =  2.247210  y = -3.014860  z =  3.529140 angstrom
           Maximum rank =  2   Radius =  0.650 angstrom
                   Q00  =  -0.031925
|Q1| =   0.074800  Q10  =  -0.058983  Q11c =   0.042009  Q11s =  -0.018739
|Q2| =   1.402585  Q20  =   0.592918  Q21c =  -0.521046  Q21s =  -0.375293
                   Q22c =   0.009556  Q22s =  -1.096935

H          x =  1.700880  y = -2.808060  z =  4.442970 angstrom
           Maximum rank =  1   Radius =  0.350 angstrom
                   Q00  =   0.046092
|Q1| =   0.116700  Q10  =  -0.099037  Q11c =   0.057938  Q11s =  -0.021301

C          x =  1.954960  y = -2.283440  z =  2.386300 angstrom
           Maximum rank =  2   Radius =  0.650 angstrom
                   Q00  =  -0.034482
|Q1| =   0.097295  Q10  =  -0.060574  Q11c =   0.071885  Q11s =  -0.025090
|Q2| =   1.464890  Q20  =   0.491923  Q21c =  -0.366681  Q21s =  -0.499441
                   Q22c =  -0.021982  Q22s =  -1.232694

H          x =  1.190870  y = -1.518230  z =  2.432780 angstrom
           Maximum rank =  1   Radius =  0.350 angstrom
                   Q00  =   0.076225
|Q1| =   0.099177  Q10  =  -0.059605  Q11c =   0.061335  Q11s =  -0.050213

C          x =  2.464880  y = -2.467780  z = -1.358090 angstrom
           Maximum rank =  2   Radius =  0.650 angstrom
                   Q00  =  -0.062575
|Q1| =   0.065636  Q10  =   0.000605  Q11c =  -0.054837  Q11s =   0.036065
|Q2| =   1.282919  Q20  =   0.560128  Q21c =  -0.505604  Q21s =   0.364549
                   Q22c =  -0.675383  Q22s =   0.698186

C          x =  3.035390  y = -1.941270  z = -2.510790 angstrom
           Maximum rank =  2   Radius =  0.650 angstrom
                   Q00  =  -0.037227
|Q1| =   0.100954  Q10  =   0.057586  Q11c =  -0.063953  Q11s =  -0.052778
|Q2| =   1.481830  Q20  =   0.547015  Q21c =  -0.471884  Q21s =   0.353971
                   Q22c =  -0.789044  Q22s =   0.962306

H          x =  3.494200  y = -0.960720  z = -2.487730 angstrom
           Maximum rank =  1   Radius =  0.350 angstrom
                   Q00  =   0.077983
|Q1| =   0.100068  Q10  =   0.054534  Q11c =  -0.040334  Q11s =  -0.073572

C          x =  3.022730  y = -2.653400  z = -3.702620 angstrom
           Maximum rank =  2   Radius =  0.650 angstrom
                   Q00  =  -0.030762
|Q1| =   0.075834  Q10  =   0.059213  Q11c =  -0.029289  Q11s =  -0.037241
|Q2| =   1.398041  Q20  =   0.600217  Q21c =  -0.579941  Q21s =   0.165321
                   Q22c =  -0.674339  Q22s =   0.880832

H          x =  3.478410  y = -2.216710  z = -4.584550 angstrom
           Maximum rank =  1   Radius =  0.350 angstrom
                   Q00  =   0.048143
|Q1| =   0.115512  Q10  =   0.094976  Q11c =  -0.046769  Q11s =  -0.046209

C          x =  2.440500  y = -3.911800  z = -3.785360 angstrom
           Maximum rank =  2   Radius =  0.650 angstrom
                   Q00  =  -0.075335
|Q1| =   0.122044  Q10  =   0.104895  Q11c =   0.002771  Q11s =   0.062323
|Q2| =   1.140226  Q20  =   0.501270  Q21c =  -0.410954  Q21s =   0.273745
                   Q22c =  -0.576583  Q22s =   0.687442

C          x =  1.864670  y = -4.435070  z = -2.629500 angstrom
           Maximum rank =  2   Radius =  0.650 angstrom
                   Q00  =  -0.031359
|Q1| =   0.075911  Q10  =  -0.005681  Q11c =   0.041440  Q11s =   0.063348
|Q2| =   1.406716  Q20  =   0.475559  Q21c =  -0.496615  Q21s =   0.254531
                   Q22c =  -0.764686  Q22s =   0.925492

H          x =  1.400520  y = -5.415040  z = -2.661190 angstrom
           Maximum rank =  1   Radius =  0.350 angstrom
                   Q00  =   0.048673
|Q1| =   0.115328  Q10  =   0.001359  Q11c =   0.050038  Q11s =   0.103899

C          x =  1.877630  y = -3.730030  z = -1.438340 angstrom
           Maximum rank =  2   Radius =  0.650 angstrom
                   Q00  =  -0.051789
|Q1| =   0.105045  Q10  =  -0.031987  Q11c =   0.061080  Q11s =   0.079249
|Q2| =   1.477419  Q20  =   0.724393  Q21c =  -0.496846  Q21s =   0.198926
                   Q22c =  -0.757182  Q22s =   0.893460

H          x =  1.437440  y = -4.176190  z = -0.554870 angstrom
           Maximum rank =  1   Radius =  0.350 angstrom
                   Q00  =   0.074078
|Q1| =   0.106257  Q10  =  -0.049340  Q11c =   0.061008  Q11s =   0.071654

C          x = -2.464860  y =  2.467710  z =  1.358240 angstrom
           Maximum rank =  2   Radius =  0.650 angstrom
                   Q00  =  -0.062174
|Q1| =   0.065418  Q10  =  -0.000737  Q11c =   0.054655  Q11s =  -0.035943
|Q2| =   1.281949  Q20  =   0.559685  Q21c =  -0.505300  Q21s =   0.363903
                   Q22c =  -0.675075  Q22s =   0.697614

C          x = -1.877800  y =  3.730080  z =  1.438400 angstrom
           Maximum rank =  2   Radius =  0.650 angstrom
                   Q00  =  -0.051505
|Q1| =   0.104985  Q10  =   0.031818  Q11c =  -0.061132  Q11s =  -0.079198
|Q2| =   1.476629  Q20  =   0.724129  Q21c =  -0.496439  Q21s =   0.198796
                   Q22c =  -0.757193  Q22s =   0.892614

H          x = -1.437780  y =  4.176290  z =  0.554870 angstrom
           Maximum rank =  1   Radius =  0.350 angstrom
                   Q00  =   0.074401
|Q1| =   0.106060  Q10  =   0.049135  Q11c =  -0.060930  Q11s =  -0.071568

C          x = -1.864880  y =  4.435150  z =  2.629510 angstrom
           Maximum rank =  2   Radius =  0.650 angstrom
                   Q00  =  -0.031438
|Q1| =   0.075933  Q10  =   0.005479  Q11c =  -0.041525  Q11s =  -0.063337
|Q2| =   1.407150  Q20  =   0.475863  Q21c =  -0.496839  Q21s =   0.254064
                   Q22c =  -0.765224  Q22s =   0.925560

H          x = -1.400900  y =  5.415220  z =  2.661120 angstrom
           Maximum rank =  1   Radius =  0.350 angstrom
                   Q00  =   0.048623
|Q1| =   0.115373  Q10  =  -0.001467  Q11c =  -0.050043  Q11s =  -0.103945

C          x = -2.440540  y =  3.911820  z =  3.785450 angstrom
           Maximum rank =  2   Radius =  0.650 angstrom
                   Q00  =  -0.075772
|Q1| =   0.122058  Q10  =  -0.104972  Q11c =  -0.002919  Q11s =  -0.062214
|Q2| =   1.141616  Q20  =   0.501994  Q21c =  -0.411294  Q21s =   0.274295
                   Q22c =  -0.577557  Q22s =   0.687980

C          x = -3.022590  y =  2.653360  z =  3.702800 angstrom
           Maximum rank =  2   Radius =  0.650 angstrom
                   Q00  =  -0.031116
|Q1| =   0.076042  Q10  =  -0.059493  Q11c =   0.029209  Q11s =   0.037280
|Q2| =   1.399296  Q20  =   0.600514  Q21c =  -0.580378  Q21s =   0.165191
                   Q22c =  -0.675237  Q22s =   0.881669

H          x = -3.478180  y =  2.216640  z =  4.584750 angstrom
           Maximum rank =  1   Radius =  0.350 angstrom
                   Q00  =   0.047669
|Q1| =   0.115917  Q10  =  -0.095366  Q11c =   0.046885  Q11s =   0.046304

C          x = -3.035230  y =  1.941170  z =  2.510970 angstrom
           Maximum rank =  2   Radius =  0.650 angstrom
                   Q00  =  -0.037244
|Q1| =   0.101044  Q10  =  -0.057821  Q11c =   0.063842  Q11s =   0.052827
|Q2| =   1.481868  Q20  =   0.547049  Q21c =  -0.471671  Q21s =   0.354263
                   Q22c =  -0.789402  Q22s =   0.962050

H          x = -3.493910  y =  0.960560  z =  2.487980 angstrom
           Maximum rank =  1   Radius =  0.350 angstrom
                   Q00  =   0.077967
|Q1| =   0.100166  Q10  =  -0.054663  Q11c =   0.040344  Q11s =   0.073605

C          x = -2.632970  y =  2.519300  z = -1.195320 angstrom
           Maximum rank =  2   Radius =  0.650 angstrom
                   Q00  =  -0.062929
|Q1| =   0.078637  Q10  =  -0.003303  Q11c =  -0.052985  Q11s =  -0.058013
|Q2| =   1.300015  Q20  =   0.531803  Q21c =  -0.395600  Q21s =  -0.543533
                   Q22c =  -0.115829  Q22s =  -0.970505

C          x = -3.620100  y =  3.503950  z = -1.190570 angstrom
           Maximum rank =  2   Radius =  0.650 angstrom
                   Q00  =  -0.053776
|Q1| =   0.103275  Q10  =  -0.034614  Q11c =   0.082644  Q11s =  -0.051358
|Q2| =   1.485157  Q20  =   0.704417  Q21c =  -0.454003  Q21s =  -0.420162
                   Q22c =  -0.032206  Q22s =  -1.151432

H          x = -4.164300  y =  3.718490  z = -0.278910 angstrom
           Maximum rank =  1   Radius =  0.350 angstrom
                   Q00  =   0.078842
|Q1| =   0.100334  Q10  =  -0.053204  Q11c =   0.071375  Q11s =  -0.046279

C          x = -3.909680  y =  4.229450  z = -2.333990 angstrom
           Maximum rank =  2   Radius =  0.650 angstrom
                   Q00  =  -0.030645
|Q1| =   0.076509  Q10  =  -0.008315  Q11c =   0.059948  Q11s =  -0.046805
|Q2| =   1.415354  Q20  =   0.464121  Q21c =  -0.433105  Q21s =  -0.423272
                   Q22c =  -0.025490  Q22s =  -1.191818

H          x = -4.685530  y =  4.986560  z = -2.298560 angstrom
           Maximum rank =  1   Radius =  0.350 angstrom
                   Q00  =   0.052482
|Q1| =   0.112840  Q10  =  -0.003917  Q11c =   0.077924  Q11s =  -0.081519

C          x = -3.225420  y =  4.002100  z = -3.525330 angstrom
           Maximum rank =  2   Radius =  0.650 angstrom
                   Q00  =  -0.074819
|Q1| =   0.121531  Q10  =   0.099647  Q11c =   0.021914  Q11s =  -0.066031
|Q2| =   1.139206  Q20  =   0.477212  Q21c =  -0.318128  Q21s =  -0.417112
                   Q22c =  -0.030405  Q22s =  -0.891037

C          x = -2.247450  y =  3.014760  z = -3.529030 angstrom
           Maximum rank =  2   Radius =  0.650 angstrom
                   Q00  =  -0.031561
|Q1| =   0.074631  Q10  =   0.058746  Q11c =  -0.042074  Q11s =   0.018665
|Q2| =   1.401172  Q20  =   0.592694  Q21c =  -0.520363  Q21s =  -0.374620
                   Q22c =   0.008855  Q22s =  -1.095811

H          x = -1.701320  y =  2.807830  z = -4.442960 angstrom
           Maximum rank =  1   Radius =  0.350 angstrom
                   Q00  =   0.046555
|Q1| =   0.116296  Q10  =   0.098664  Q11c =  -0.057776  Q11s =   0.021265

C          x = -1.955180  y =  2.283260  z = -2.386240 angstrom
           Maximum rank =  2   Radius =  0.650 angstrom
                   Q00  =  -0.034429
|Q1| =   0.097189  Q10  =   0.060359  Q11c =  -0.071944  Q11s =   0.025031
|Q2| =   1.464691  Q20  =   0.492055  Q21c =  -0.366961  Q21s =  -0.498704
                   Q22c =  -0.022544  Q22s =  -1.232609

H          x = -1.191290  y =  1.517860  z = -2.432860 angstrom
           Maximum rank =  1   Radius =  0.350 angstrom
                   Q00  =   0.076259
|Q1| =   0.099070  Q10  =   0.059475  Q11c =  -0.061285  Q11s =   0.050219

C          x =  3.523350  y = -4.814000  z =  4.756640 angstrom
           Maximum rank =  2   Radius =  0.650 angstrom
                   Q00  =   0.023499
|Q1| =   0.023112  Q10  =  -0.014711  Q11c =  -0.002049  Q11s =   0.017708
|Q2| =   0.104434  Q20  =   0.065392  Q21c =   0.024476  Q21s =  -0.070581
                   Q22c =  -0.007774  Q22s =  -0.031450

H          x =  3.015400  y = -5.781840  z =  4.719010 angstrom
           Maximum rank =  1   Radius =  0.350 angstrom
                   Q00  =   0.031758
|Q1| =   0.123432  Q10  =  -0.036773  Q11c =   0.036320  Q11s =   0.112089

H          x =  3.190310  y = -4.301850  z =  5.660260 angstrom
           Maximum rank =  1   Radius =  0.350 angstrom
                   Q00  =   0.024684
|Q1| =   0.124881  Q10  =  -0.121629  Q11c =   0.020346  Q11s =  -0.019693

H          x =  4.592680  y = -5.010330  z =  4.852400 angstrom
           Maximum rank =  1   Radius =  0.350 angstrom
                   Q00  =   0.029106
|Q1| =   0.122756  Q10  =  -0.050036  Q11c =  -0.103294  Q11s =   0.043540

C          x =  2.453230  y = -4.698380  z = -5.067820 angstrom
           Maximum rank =  2   Radius =  0.650 angstrom
                   Q00  =   0.023362
|Q1| =   0.022396  Q10  =   0.015032  Q11c =  -0.001861  Q11s =   0.016496
|Q2| =   0.107118  Q20  =   0.074179  Q21c =   0.002593  Q21s =   0.072095
                   Q22c =  -0.020437  Q22s =   0.018695

H          x =  3.255930  y = -5.441090  z = -5.062270 angstrom
           Maximum rank =  1   Radius =  0.350 angstrom
                   Q00  =   0.033436
|Q1| =   0.122137  Q10  =   0.041192  Q11c =  -0.070656  Q11s =   0.090711

H          x =  2.610810  y = -4.049360  z = -5.930120 angstrom
           Maximum rank =  1   Radius =  0.350 angstrom
                   Q00  =   0.025531
|Q1| =   0.124148  Q10  =   0.118966  Q11c =  -0.013672  Q11s =  -0.032755

H          x =  1.513620  y = -5.234340  z = -5.213900 angstrom
           Maximum rank =  1   Radius =  0.350 angstrom
                   Q00  =   0.027363
|Q1| =   0.124041  Q10  =   0.055228  Q11c =   0.083731  Q11s =   0.072973

C          x = -2.453050  y =  4.698450  z =  5.067890 angstrom
           Maximum rank =  2   Radius =  0.650 angstrom
                   Q00  =   0.023335
|Q1| =   0.022649  Q10  =  -0.015291  Q11c =   0.001762  Q11s =  -0.016615
|Q2| =   0.106029  Q20  =   0.073631  Q21c =   0.002415  Q21s =   0.071083
                   Q22c =  -0.020285  Q22s =   0.018723

H          x = -3.252600  y =  5.444530  z =  5.060440 angstrom
           Maximum rank =  1   Radius =  0.350 angstrom
                   Q00  =   0.033189
|Q1| =   0.122382  Q10  =  -0.041249  Q11c =   0.070483  Q11s =  -0.091148

H          x = -1.511550  y =  5.230500  z =  5.216190 angstrom
           Maximum rank =  1   Radius =  0.350 angstrom
                   Q00  =   0.027147
|Q1| =   0.124308  Q10  =  -0.055670  Q11c =  -0.084031  Q11s =  -0.072748

H          x = -2.615330  y =  4.050090  z =  5.929800 angstrom
           Maximum rank =  1   Radius =  0.350 angstrom
                   Q00  =   0.025017
|Q1| =   0.124627  Q10  =  -0.119400  Q11c =   0.014136  Q11s =   0.032798

C          x = -3.523370  y =  4.814210  z = -4.756310 angstrom
           Maximum rank =  2   Radius =  0.650 angstrom
                   Q00  =   0.023524
|Q1| =   0.022896  Q10  =   0.014394  Q11c =   0.002048  Q11s =  -0.017688
|Q2| =   0.105470  Q20  =   0.065913  Q21c =   0.024835  Q21s =  -0.071529
                   Q22c =  -0.007921  Q22s =  -0.031361

H          x = -3.189950  y =  4.302330  z = -5.659930 angstrom
           Maximum rank =  1   Radius =  0.350 angstrom
                   Q00  =   0.025171
|Q1| =   0.124402  Q10  =   0.121154  Q11c =  -0.020323  Q11s =   0.019608

H          x = -3.015800  y =  5.782250  z = -4.718420 angstrom
           Maximum rank =  1   Radius =  0.350 angstrom
                   Q00  =   0.031969
|Q1| =   0.123212  Q10  =   0.036542  Q11c =  -0.036244  Q11s =  -0.111948

H          x = -4.592760  y =  5.010160  z = -4.852270 angstrom
           Maximum rank =  1   Radius =  0.350 angstrom
                   Q00  =   0.029346
|Q1| =   0.122502  Q10  =   0.049827  Q11c =   0.103138  Q11s =  -0.043434

Total multipoles referred to origin at
           x =   0.000000,  y =    0.000000,  z =    0.000000 angstrom
                   Q00  =   0.000007
|Q1| =   0.061707  Q10  =  -0.061602  Q11c =   0.003421  Q11s =   0.001110
|Q2| = 242.499760  Q20  = 134.220781  Q21c =  -6.514411  Q21s =   1.623460
                   Q22c =-191.703356  Q22s =  63.211276

CPU time used:     67m 5.308s          Total:     67m 5.308s

Finished at 17:4:24 on 28 Jun 2021  
