                                     G D M A

                                 by Anthony Stone

                         version 2.2.11, 04 February 2015

               Distributed Multipoles from Gaussian wavefunctions


Starting at 16:14:49 on 28 Jun 2021 

s1S0



Using CI density matrix from file sN_mx.fchk


                         Distributed Multipole Analysis

Standard DMA for products of primitives with exponent greater than 4.00000
Using 80-point Euler-MacLaurin radial quadrature
Using 590-point Lebedev quadrature
Becke smoothing parameter = 3

Positions and radii in angstrom
Multipole moments in atomic units, ea_0^k for rank k

C          x = -8.619890  y =  0.207130  z =  0.014550 angstrom
           Maximum rank =  2   Radius =  0.650 angstrom
                   Q00  =   0.012587
|Q1| =   0.045100  Q10  =   0.000113  Q11c =  -0.038506  Q11s =  -0.023481
|Q2| =   1.365571  Q20  =  -1.359987  Q21c =  -0.005527  Q21s =   0.023688
                   Q22c =   0.120512  Q22s =  -0.010240

H          x = -8.796940  y =  1.274390  z =  0.039340 angstrom
           Maximum rank =  1   Radius =  0.350 angstrom
                   Q00  =   0.090754
|Q1| =   0.069169  Q10  =  -0.008653  Q11c =  -0.025876  Q11s =  -0.063561

C          x = -9.747240  y = -0.566690  z =  0.007830 angstrom
           Maximum rank =  2   Radius =  0.650 angstrom
                   Q00  =  -0.055708
|Q1| =   0.057239  Q10  =   0.004342  Q11c =  -0.039386  Q11s =  -0.041306
|Q2| =   1.318273  Q20  =  -1.297658  Q21c =  -0.018631  Q21s =  -0.012476
                   Q22c =   0.119837  Q22s =   0.197641

C          x =-11.128620  y = -0.059370  z =  0.025110 angstrom
           Maximum rank =  2   Radius =  0.650 angstrom
                   Q00  =   0.029414
|Q1| =   0.042973  Q10  =  -0.001646  Q11c =  -0.010329  Q11s =  -0.041680
|Q2| =   1.164544  Q20  =  -1.125554  Q21c =  -0.037727  Q21s =  -0.099474
                   Q22c =  -0.218473  Q22s =  -0.173900

C          x = -9.816180  y = -2.046840  z =  0.022160 angstrom
           Maximum rank =  2   Radius =  0.650 angstrom
                   Q00  =   0.195961
|Q1| =   0.032401  Q10  =   0.000095  Q11c =   0.021135  Q11s =  -0.024559
|Q2| =   0.756486  Q20  =  -0.713765  Q21c =  -0.048761  Q21s =  -0.000722
                   Q22c =   0.060699  Q22s =  -0.238220

O          x = -8.915000  y = -2.855110  z = -0.007690 angstrom
           Maximum rank =  2   Radius =  0.650 angstrom
                   Q00  =  -0.387056
|Q1| =   0.489338  Q10  =   0.011225  Q11c =  -0.370661  Q11s =   0.319274
|Q2| =   0.929136  Q20  =  -0.204975  Q21c =  -0.008544  Q21s =   0.039273
                   Q22c =   0.118876  Q22s =  -0.897514

C          x =-12.026940  y = -1.240730  z =  0.099600 angstrom
           Maximum rank =  2   Radius =  0.650 angstrom
                   Q00  =  -0.019663
|Q1| =   0.080824  Q10  =  -0.003804  Q11c =   0.067567  Q11s =  -0.044190
|Q2| =   1.231949  Q20  =  -1.213915  Q21c =  -0.106186  Q21s =  -0.058512
                   Q22c =   0.130955  Q22s =   0.110728

C          x =-11.252110  y = -2.396390  z =  0.090120 angstrom
           Maximum rank =  2   Radius =  0.650 angstrom
                   Q00  =  -0.039364
|Q1| =   0.068840  Q10  =  -0.000883  Q11c =  -0.010407  Q11s =   0.068044
|Q2| =   1.222715  Q20  =  -1.207975  Q21c =  -0.090519  Q21s =  -0.053373
                   Q22c =  -0.049212  Q22s =   0.149549

C          x =-13.409030  y = -1.359010  z =  0.168040 angstrom
           Maximum rank =  2   Radius =  0.650 angstrom
                   Q00  =  -0.007678
|Q1| =   0.089894  Q10  =  -0.002969  Q11c =   0.082788  Q11s =  -0.034903
|Q2| =   1.376378  Q20  =  -1.357847  Q21c =  -0.104190  Q21s =  -0.058569
                   Q22c =  -0.148245  Q22s =  -0.120024

H          x =-14.071360  y = -0.508450  z =  0.181440 angstrom
           Maximum rank =  1   Radius =  0.350 angstrom
                   Q00  =   0.097672
|Q1| =   0.079164  Q10  =  -0.005628  Q11c =   0.075208  Q11s =  -0.024063

C          x =-13.972310  y = -2.628600  z =  0.223750 angstrom
           Maximum rank =  2   Radius =  0.650 angstrom
                   Q00  =  -0.298019
|Q1| =   0.615192  Q10  =  -0.031815  Q11c =   0.612212  Q11s =   0.051430
|Q2| =   1.093023  Q20  =  -0.912793  Q21c =  -0.045673  Q21s =  -0.044188
                   Q22c =  -0.588612  Q22s =  -0.104913

Cl         x =-15.697700  y = -2.748250  z =  0.311460 angstrom
           Maximum rank =  2   Radius =  0.650 angstrom
                   Q00  =   0.293295
|Q1| =   0.814353  Q10  =  -0.041985  Q11c =   0.809681  Q11s =   0.076328
|Q2| =   2.185680  Q20  =  -1.123910  Q21c =  -0.193770  Q21s =  -0.017721
                   Q22c =   1.841892  Q22s =   0.289133

C          x =-11.796170  y = -3.659510  z =  0.141910 angstrom
           Maximum rank =  2   Radius =  0.650 angstrom
                   Q00  =   0.008231
|Q1| =   0.100692  Q10  =  -0.002704  Q11c =   0.009563  Q11s =   0.100200
|Q2| =   1.313313  Q20  =  -1.296414  Q21c =  -0.105089  Q21s =  -0.037537
                   Q22c =   0.073227  Q22s =  -0.162133

H          x =-11.159450  y = -4.534210  z =  0.130650 angstrom
           Maximum rank =  1   Radius =  0.350 angstrom
                   Q00  =   0.088472
|Q1| =   0.095673  Q10  =  -0.000654  Q11c =  -0.025667  Q11s =   0.092164

C          x =-13.175510  y = -3.778350  z =  0.209730 angstrom
           Maximum rank =  2   Radius =  0.650 angstrom
                   Q00  =  -0.304041
|Q1| =   0.625875  Q10  =  -0.024305  Q11c =   0.256378  Q11s =   0.570438
|Q2| =   1.074351  Q20  =  -0.911059  Q21c =  -0.084074  Q21s =  -0.005643
                   Q22c =   0.376898  Q22s =  -0.418389

Cl         x =-13.876490  y = -5.359340  z =  0.276880 angstrom
           Maximum rank =  2   Radius =  0.650 angstrom
                   Q00  =   0.288589
|Q1| =   0.817049  Q10  =  -0.031912  Q11c =   0.332694  Q11s =   0.745563
|Q2| =   2.200349  Q20  =  -1.111463  Q21c =  -0.062298  Q21s =  -0.135632
                   Q22c =  -1.251450  Q22s =   1.420486

C          x =-11.563330  y =  1.233380  z = -0.036180 angstrom
           Maximum rank =  2   Radius =  0.650 angstrom
                   Q00  =  -0.016797
|Q1| =   0.026276  Q10  =  -0.004376  Q11c =  -0.012086  Q11s =   0.022918
|Q2| =   1.299103  Q20  =  -1.283609  Q21c =  -0.072679  Q21s =  -0.138551
                   Q22c =  -0.104785  Q22s =  -0.067514

C          x =-12.944250  y =  1.592750  z = -0.011160 angstrom
           Maximum rank =  2   Radius =  0.650 angstrom
                   Q00  =   0.058339
|Q1| =   0.106663  Q10  =  -0.005349  Q11c =   0.105983  Q11s =   0.010769
|Q2| =   1.208385  Q20  =  -0.717984  Q21c =  -0.042601  Q21s =  -0.005187
                   Q22c =   0.829206  Q22s =  -0.505243

N          x =-14.046440  y =  1.917430  z =  0.008220 angstrom
           Maximum rank =  2   Radius =  0.650 angstrom
                   Q00  =  -0.219201
|Q1| =   0.561244  Q10  =  -0.012107  Q11c =   0.546351  Q11s =  -0.127866
|Q2| =   0.619014  Q20  =  -0.338019  Q21c =  -0.014520  Q21s =   0.001577
                   Q22c =   0.399228  Q22s =  -0.330643

C          x =-10.705090  y =  2.368510  z = -0.141110 angstrom
           Maximum rank =  2   Radius =  0.650 angstrom
                   Q00  =   0.057817
|Q1| =   0.100416  Q10  =   0.002270  Q11c =  -0.087241  Q11s =  -0.049671
|Q2| =   1.203127  Q20  =  -0.716283  Q21c =  -0.089627  Q21s =  -0.128988
                   Q22c =  -0.261860  Q22s =   0.917176

N          x =-10.042790  y =  3.304280  z = -0.226460 angstrom
           Maximum rank =  2   Radius =  0.650 angstrom
                   Q00  =  -0.223193
|Q1| =   0.566004  Q10  =   0.039236  Q11c =  -0.355293  Q11s =  -0.438849
|Q2| =   0.620375  Q20  =  -0.332762  Q21c =  -0.044476  Q21s =  -0.071667
                   Q22c =  -0.239909  Q22s =   0.457673

C          x = -7.230150  y = -0.091350  z =  0.003680 angstrom
           Maximum rank =  2   Radius =  0.650 angstrom
                   Q00  =  -0.298957
|Q1| =   0.458015  Q10  =  -0.022882  Q11c =  -0.207857  Q11s =  -0.407492
|Q2| =   1.426140  Q20  =  -1.174946  Q21c =  -0.037748  Q21s =   0.054191
                   Q22c =   0.523726  Q22s =  -0.612149

S          x = -6.155720  y =  1.315920  z =  0.056520 angstrom
           Maximum rank =  2   Radius =  0.650 angstrom
                   Q00  =   0.716377
|Q1| =   1.082147  Q10  =  -0.059179  Q11c =   0.223010  Q11s =  -1.057263
|Q2| =   2.315927  Q20  =  -2.115477  Q21c =  -0.049364  Q21s =   0.057900
                   Q22c =   0.901261  Q22s =   0.264976

C          x = -6.508950  y = -1.272770  z = -0.055140 angstrom
           Maximum rank =  2   Radius =  0.650 angstrom
                   Q00  =  -0.016615
|Q1| =   0.079725  Q10  =   0.002783  Q11c =  -0.012585  Q11s =   0.078677
|Q2| =   1.386331  Q20  =  -1.345668  Q21c =  -0.007577  Q21s =   0.097770
                   Q22c =   0.024545  Q22s =   0.317605

H          x = -6.992470  y = -2.235210  z = -0.096630 angstrom
           Maximum rank =  1   Radius =  0.350 angstrom
                   Q00  =   0.122454
|Q1| =   0.070490  Q10  =   0.006594  Q11c =  -0.034335  Q11s =   0.061209

C          x = -5.133160  y = -1.038140  z = -0.051620 angstrom
           Maximum rank =  2   Radius =  0.650 angstrom
                   Q00  =  -0.337069
|Q1| =   0.541481  Q10  =   0.016722  Q11c =  -0.305899  Q11s =   0.446484
|Q2| =   1.338659  Q20  =  -1.167596  Q21c =   0.013915  Q21s =   0.070212
                   Q22c =   0.352053  Q22s =   0.547415

C          x = -4.769530  y =  0.310680  z =  0.006430 angstrom
           Maximum rank =  2   Radius =  0.650 angstrom
                   Q00  =  -0.345402
|Q1| =   0.546201  Q10  =  -0.045679  Q11c =   0.371797  Q11s =  -0.397512
|Q2| =   1.418047  Q20  =  -1.270298  Q21c =   0.021817  Q21s =   0.054321
                   Q22c =   0.308767  Q22s =   0.546294

S          x = -3.738380  y = -2.090010  z = -0.102980 angstrom
           Maximum rank =  2   Radius =  0.650 angstrom
                   Q00  =   0.730278
|Q1| =   1.124417  Q10  =   0.052259  Q11c =  -0.151828  Q11s =   1.112893
|Q2| =   2.284603  Q20  =  -2.102843  Q21c =   0.014460  Q21s =   0.132331
                   Q22c =   0.832884  Q22s =   0.293335

C          x = -3.370090  y =  0.496040  z =  0.024260 angstrom
           Maximum rank =  2   Radius =  0.650 angstrom
                   Q00  =  -0.064147
|Q1| =   0.098185  Q10  =  -0.053123  Q11c =   0.076443  Q11s =  -0.031217
|Q2| =   1.260184  Q20  =  -1.233854  Q21c =   0.010020  Q21s =   0.060576
                   Q22c =   0.123106  Q22s =   0.216205

C          x = -2.710210  y = -0.699730  z = -0.032950 angstrom
           Maximum rank =  2   Radius =  0.650 angstrom
                   Q00  =  -0.323140
|Q1| =   0.619981  Q10  =   0.015332  Q11c =   0.227775  Q11s =   0.576420
|Q2| =   1.360411  Q20  =  -1.229565  Q21c =  -0.008611  Q21s =   0.067963
                   Q22c =   0.504671  Q22s =  -0.281961

C          x = -1.275130  y = -0.496210  z = -0.026170 angstrom
           Maximum rank =  2   Radius =  0.650 angstrom
                   Q00  =  -0.024118
|Q1| =   0.121057  Q10  =   0.011261  Q11c =   0.009485  Q11s =   0.120158
|Q2| =   1.277867  Q20  =  -1.235898  Q21c =  -0.005240  Q21s =   0.081856
                   Q22c =   0.170397  Q22s =  -0.264075

C          x = -1.063060  y =  0.893820  z =  0.022650 angstrom
           Maximum rank =  2   Radius =  0.650 angstrom
                   Q00  =  -0.035727
|Q1| =   0.088748  Q10  =   0.040547  Q11c =  -0.049186  Q11s =  -0.061748
|Q2| =   1.233290  Q20  =  -1.219145  Q21c =   0.001894  Q21s =   0.091457
                   Q22c =   0.162060  Q22s =  -0.007628

C          x = -2.395000  y =  1.662040  z =  0.056750 angstrom
           Maximum rank =  2   Radius =  0.650 angstrom
                   Q00  =  -0.006743
|Q1| =   0.063309  Q10  =  -0.001101  Q11c =   0.000601  Q11s =  -0.063297
|Q2| =   0.176613  Q20  =   0.003252  Q21c =   0.082710  Q21s =   0.023350
                   Q22c =  -0.145252  Q22s =  -0.051935

C          x =  0.218990  y =  1.402190  z =  0.052840 angstrom
           Maximum rank =  2   Radius =  0.650 angstrom
                   Q00  =  -0.013893
|Q1| =   0.104788  Q10  =   0.022689  Q11c =  -0.017055  Q11s =  -0.100871
|Q2| =   1.437625  Q20  =  -1.431546  Q21c =  -0.004861  Q21s =   0.126286
                   Q22c =   0.005770  Q22s =  -0.037869

H          x =  0.399790  y =  2.469200  z =  0.095880 angstrom
           Maximum rank =  1   Radius =  0.350 angstrom
                   Q00  =   0.084701
|Q1| =   0.102941  Q10  =   0.001181  Q11c =  -0.038435  Q11s =  -0.095489

C          x =  1.275150  y =  0.496220  z =  0.026300 angstrom
           Maximum rank =  2   Radius =  0.650 angstrom
                   Q00  =  -0.023786
|Q1| =   0.120898  Q10  =  -0.011251  Q11c =  -0.008733  Q11s =  -0.120056
|Q2| =   1.277123  Q20  =  -1.235121  Q21c =  -0.005210  Q21s =   0.081805
                   Q22c =   0.170474  Q22s =  -0.264082

C          x = -0.218970  y = -1.402180  z = -0.052720 angstrom
           Maximum rank =  2   Radius =  0.650 angstrom
                   Q00  =  -0.013654
|Q1| =   0.104827  Q10  =  -0.022670  Q11c =   0.016927  Q11s =   0.100937
|Q2| =   1.437087  Q20  =  -1.431001  Q21c =  -0.004876  Q21s =   0.126274
                   Q22c =   0.005704  Q22s =  -0.038138

H          x = -0.399770  y = -2.469180  z = -0.095760 angstrom
           Maximum rank =  1   Radius =  0.350 angstrom
                   Q00  =   0.084711
|Q1| =   0.102960  Q10  =  -0.001177  Q11c =   0.038486  Q11s =   0.095490

C          x =  1.063080  y = -0.893810  z = -0.022520 angstrom
           Maximum rank =  2   Radius =  0.650 angstrom
                   Q00  =  -0.035898
|Q1| =   0.088735  Q10  =  -0.040518  Q11c =   0.049334  Q11s =   0.061631
|Q2| =   1.233764  Q20  =  -1.219620  Q21c =   0.001931  Q21s =   0.091455
                   Q22c =   0.162109  Q22s =  -0.007334

C          x =  2.395020  y = -1.662030  z = -0.056620 angstrom
           Maximum rank =  2   Radius =  0.650 angstrom
                   Q00  =  -0.006749
|Q1| =   0.063338  Q10  =   0.001096  Q11c =  -0.000659  Q11s =   0.063325
|Q2| =   0.176667  Q20  =   0.003223  Q21c =   0.082712  Q21s =   0.023377
                   Q22c =  -0.145273  Q22s =  -0.052048

C          x =  2.710230  y =  0.699740  z =  0.033070 angstrom
           Maximum rank =  2   Radius =  0.650 angstrom
                   Q00  =  -0.323378
|Q1| =   0.619846  Q10  =  -0.015268  Q11c =  -0.228606  Q11s =  -0.575947
|Q2| =   1.360957  Q20  =  -1.230080  Q21c =  -0.008597  Q21s =   0.067949
                   Q22c =   0.505038  Q22s =  -0.281698

C          x =  3.370110  y = -0.496020  z = -0.024140 angstrom
           Maximum rank =  2   Radius =  0.650 angstrom
                   Q00  =  -0.064583
|Q1| =   0.097244  Q10  =   0.053159  Q11c =  -0.075390  Q11s =   0.030773
|Q2| =   1.261211  Q20  =  -1.234808  Q21c =   0.010031  Q21s =   0.060626
                   Q22c =   0.123703  Q22s =   0.216393

S          x =  3.738400  y =  2.090020  z =  0.103080 angstrom
           Maximum rank =  2   Radius =  0.650 angstrom
                   Q00  =   0.730865
|Q1| =   1.123781  Q10  =  -0.052219  Q11c =   0.151711  Q11s =  -1.112268
|Q2| =   2.282512  Q20  =  -2.100998  Q21c =   0.014366  Q21s =   0.132206
                   Q22c =   0.831789  Q22s =   0.293445

C          x =  4.769550  y = -0.310670  z = -0.006330 angstrom
           Maximum rank =  2   Radius =  0.650 angstrom
                   Q00  =  -0.344583
|Q1| =   0.546698  Q10  =   0.045710  Q11c =  -0.372810  Q11s =   0.397242
|Q2| =   1.416477  Q20  =  -1.268571  Q21c =   0.021720  Q21s =   0.054150
                   Q22c =   0.308952  Q22s =   0.546151

S          x =  6.155740  y = -1.315910  z = -0.056420 angstrom
           Maximum rank =  2   Radius =  0.650 angstrom
                   Q00  =   0.718207
|Q1| =   1.080460  Q10  =   0.059042  Q11c =  -0.222789  Q11s =   1.055591
|Q2| =   2.308974  Q20  =  -2.108893  Q21c =  -0.049290  Q21s =   0.057808
                   Q22c =   0.899013  Q22s =   0.264449

C          x =  5.133180  y =  1.038150  z =  0.051720 angstrom
           Maximum rank =  2   Radius =  0.650 angstrom
                   Q00  =  -0.337785
|Q1| =   0.541639  Q10  =  -0.016711  Q11c =   0.306659  Q11s =  -0.446155
|Q2| =   1.340691  Q20  =  -1.169384  Q21c =   0.013912  Q21s =   0.070299
                   Q22c =   0.352609  Q22s =   0.548202

C          x =  6.508970  y =  1.272780  z =  0.055220 angstrom
           Maximum rank =  2   Radius =  0.650 angstrom
                   Q00  =  -0.014528
|Q1| =   0.078581  Q10  =  -0.002709  Q11c =   0.011625  Q11s =  -0.077669
|Q2| =   1.380165  Q20  =  -1.339359  Q21c =  -0.007467  Q21s =   0.097296
                   Q22c =   0.023794  Q22s =   0.317622

H          x =  6.992480  y =  2.235220  z =  0.096700 angstrom
           Maximum rank =  1   Radius =  0.350 angstrom
                   Q00  =   0.122906
|Q1| =   0.070226  Q10  =  -0.006564  Q11c =   0.034265  Q11s =  -0.060947

C          x =  7.230170  y =  0.091360  z = -0.003610 angstrom
           Maximum rank =  2   Radius =  0.650 angstrom
                   Q00  =  -0.300326
|Q1| =   0.458016  Q10  =   0.022856  Q11c =   0.209048  Q11s =   0.406884
|Q2| =   1.429051  Q20  =  -1.177615  Q21c =  -0.037839  Q21s =   0.054414
                   Q22c =   0.525006  Q22s =  -0.612686

C          x =  8.619910  y = -0.207120  z = -0.014490 angstrom
           Maximum rank =  2   Radius =  0.650 angstrom
                   Q00  =   0.016575
|Q1| =   0.043060  Q10  =  -0.000170  Q11c =   0.036820  Q11s =   0.022325
|Q2| =   1.353677  Q20  =  -1.348142  Q21c =  -0.005545  Q21s =   0.023351
                   Q22c =   0.119462  Q22s =  -0.010434

H          x =  8.796950  y = -1.274380  z = -0.039290 angstrom
           Maximum rank =  1   Radius =  0.350 angstrom
                   Q00  =   0.091403
|Q1| =   0.068920  Q10  =   0.008581  Q11c =   0.025830  Q11s =   0.063318

C          x =  9.747260  y =  0.566700  z = -0.007780 angstrom
           Maximum rank =  2   Radius =  0.650 angstrom
                   Q00  =  -0.055519
|Q1| =   0.059304  Q10  =  -0.004335  Q11c =   0.041441  Q11s =   0.042199
|Q2| =   1.316343  Q20  =  -1.295559  Q21c =  -0.018486  Q21s =  -0.012352
                   Q22c =   0.120922  Q22s =   0.197913

C          x = 11.128640  y =  0.059370  z = -0.025070 angstrom
           Maximum rank =  2   Radius =  0.650 angstrom
                   Q00  =   0.031769
|Q1| =   0.044179  Q10  =   0.001649  Q11c =   0.009167  Q11s =   0.043186
|Q2| =   1.157650  Q20  =  -1.118329  Q21c =  -0.037436  Q21s =  -0.098787
                   Q22c =  -0.218311  Q22s =  -0.175140

C          x =  9.816210  y =  2.046840  z = -0.022090 angstrom
           Maximum rank =  2   Radius =  0.650 angstrom
                   Q00  =   0.196462
|Q1| =   0.031986  Q10  =  -0.000067  Q11c =  -0.021167  Q11s =   0.023981
|Q2| =   0.754949  Q20  =  -0.712091  Q21c =  -0.048591  Q21s =  -0.000660
                   Q22c =   0.059849  Q22s =  -0.238602

O          x =  8.915030  y =  2.855120  z =  0.007770 angstrom
           Maximum rank =  2   Radius =  0.650 angstrom
                   Q00  =  -0.386284
|Q1| =   0.488864  Q10  =  -0.011203  Q11c =   0.370720  Q11s =  -0.318479
|Q2| =   0.928729  Q20  =  -0.204569  Q21c =  -0.008492  Q21s =   0.039311
                   Q22c =   0.118513  Q22s =  -0.897233

C          x = 12.026970  y =  1.240730  z = -0.099530 angstrom
           Maximum rank =  2   Radius =  0.650 angstrom
                   Q00  =  -0.020140
|Q1| =   0.080710  Q10  =   0.003833  Q11c =  -0.067481  Q11s =   0.044111
|Q2| =   1.232801  Q20  =  -1.214719  Q21c =  -0.106256  Q21s =  -0.058537
                   Q22c =   0.130772  Q22s =   0.111524

C          x = 11.252140  y =  2.396390  z = -0.090030 angstrom
           Maximum rank =  2   Radius =  0.650 angstrom
                   Q00  =  -0.039419
|Q1| =   0.068374  Q10  =   0.000881  Q11c =   0.010757  Q11s =  -0.067517
|Q2| =   1.222757  Q20  =  -1.208047  Q21c =  -0.090488  Q21s =  -0.053328
                   Q22c =  -0.048880  Q22s =   0.149455

C          x = 13.409060  y =  1.359010  z = -0.167960 angstrom
           Maximum rank =  2   Radius =  0.650 angstrom
                   Q00  =  -0.006308
|Q1| =   0.089534  Q10  =   0.002972  Q11c =  -0.082442  Q11s =   0.034798
|Q2| =   1.371579  Q20  =  -1.353096  Q21c =  -0.103808  Q21s =  -0.058262
                   Q22c =  -0.147210  Q22s =  -0.120492

H          x = 14.071380  y =  0.508440  z = -0.181370 angstrom
           Maximum rank =  1   Radius =  0.350 angstrom
                   Q00  =   0.098210
|Q1| =   0.078686  Q10  =   0.005601  Q11c =  -0.074736  Q11s =   0.023970

C          x = 13.972340  y =  2.628590  z = -0.223640 angstrom
           Maximum rank =  2   Radius =  0.650 angstrom
                   Q00  =  -0.297168
|Q1| =   0.615484  Q10  =   0.031843  Q11c =  -0.612529  Q11s =  -0.051127
|Q2| =   1.090554  Q20  =  -0.908971  Q21c =  -0.045260  Q21s =  -0.044013
                   Q22c =  -0.589965  Q22s =  -0.105046

Cl         x = 15.697730  y =  2.748240  z = -0.311330 angstrom
           Maximum rank =  2   Radius =  0.650 angstrom
                   Q00  =   0.296257
|Q1| =   0.810036  Q10  =   0.041793  Q11c =  -0.805388  Q11s =  -0.075904
|Q2| =   2.185890  Q20  =  -1.123222  Q21c =  -0.193683  Q21s =  -0.017675
                   Q22c =   1.842550  Q22s =   0.289265

C          x = 11.796200  y =  3.659510  z = -0.141790 angstrom
           Maximum rank =  2   Radius =  0.650 angstrom
                   Q00  =   0.008978
|Q1| =   0.100646  Q10  =   0.002743  Q11c =  -0.009747  Q11s =  -0.100135
|Q2| =   1.310443  Q20  =  -1.293594  Q21c =  -0.104832  Q21s =  -0.037388
                   Q22c =   0.072558  Q22s =  -0.161937

H          x = 11.159490  y =  4.534220  z = -0.130510 angstrom
           Maximum rank =  1   Radius =  0.350 angstrom
                   Q00  =   0.088855
|Q1| =   0.095321  Q10  =   0.000656  Q11c =   0.025640  Q11s =  -0.091806

C          x = 13.175540  y =  3.778350  z = -0.209600 angstrom
           Maximum rank =  2   Radius =  0.650 angstrom
                   Q00  =  -0.302725
|Q1| =   0.625938  Q10  =   0.024310  Q11c =  -0.255933  Q11s =  -0.570707
|Q2| =   1.070948  Q20  =  -0.906438  Q21c =  -0.083718  Q21s =  -0.005382
                   Q22c =   0.377764  Q22s =  -0.418996

Cl         x = 13.876540  y =  5.359330  z = -0.276710 angstrom
           Maximum rank =  2   Radius =  0.650 angstrom
                   Q00  =   0.291146
|Q1| =   0.813574  Q10  =   0.031774  Q11c =  -0.330690  Q11s =  -0.742656
|Q2| =   2.200032  Q20  =  -1.110330  Q21c =  -0.062191  Q21s =  -0.135520
                   Q22c =  -1.251276  Q22s =   1.421049

C          x = 11.563340  y = -1.233390  z =  0.036170 angstrom
           Maximum rank =  2   Radius =  0.650 angstrom
                   Q00  =  -0.014452
|Q1| =   0.027786  Q10  =   0.004411  Q11c =   0.012791  Q11s =  -0.024270
|Q2| =   1.291795  Q20  =  -1.276326  Q21c =  -0.072193  Q21s =  -0.137651
                   Q22c =  -0.105153  Q22s =  -0.067164

C          x = 12.944260  y = -1.592760  z =  0.011150 angstrom
           Maximum rank =  2   Radius =  0.650 angstrom
                   Q00  =   0.058677
|Q1| =   0.107318  Q10  =   0.005392  Q11c =  -0.106634  Q11s =  -0.010822
|Q2| =   1.207208  Q20  =  -0.715925  Q21c =  -0.042505  Q21s =  -0.004949
                   Q22c =   0.829360  Q22s =  -0.505107

N          x = 14.046450  y = -1.917450  z = -0.008250 angstrom
           Maximum rank =  2   Radius =  0.650 angstrom
                   Q00  =  -0.214892
|Q1| =   0.558718  Q10  =   0.012097  Q11c =  -0.543930  Q11s =   0.127120
|Q2| =   0.616691  Q20  =  -0.335243  Q21c =  -0.014361  Q21s =   0.001828
                   Q22c =   0.398510  Q22s =  -0.330000

C          x = 10.705100  y = -2.368510  z =  0.141050 angstrom
           Maximum rank =  2   Radius =  0.650 angstrom
                   Q00  =   0.058566
|Q1| =   0.101319  Q10  =  -0.002273  Q11c =   0.088359  Q11s =   0.049529
|Q2| =   1.201109  Q20  =  -0.714048  Q21c =  -0.089377  Q21s =  -0.128691
                   Q22c =  -0.261530  Q22s =   0.916433

N          x = 10.042790  y = -3.304290  z =  0.226370 angstrom
           Maximum rank =  2   Radius =  0.650 angstrom
                   Q00  =  -0.220659
|Q1| =   0.564710  Q10  =  -0.039082  Q11c =   0.355288  Q11s =   0.437196
|Q2| =   0.618671  Q20  =  -0.330407  Q21c =  -0.044346  Q21s =  -0.071322
                   Q22c =  -0.240184  Q22s =   0.456994

C          x =  2.629080  y = -2.524820  z =  1.192870 angstrom
           Maximum rank =  2   Radius =  0.650 angstrom
                   Q00  =  -0.062967
|Q1| =   0.078534  Q10  =   0.003414  Q11c =   0.052995  Q11s =   0.057858
|Q2| =   1.300160  Q20  =   0.529142  Q21c =  -0.399408  Q21s =  -0.545909
                   Q22c =  -0.118716  Q22s =  -0.968911

C          x =  3.615220  y = -3.510450  z =  1.186930 angstrom
           Maximum rank =  2   Radius =  0.650 angstrom
                   Q00  =  -0.053714
|Q1| =   0.103218  Q10  =   0.034607  Q11c =  -0.082747  Q11s =   0.051079
|Q2| =   1.484722  Q20  =   0.701774  Q21c =  -0.457722  Q21s =  -0.422841
                   Q22c =  -0.035029  Q22s =  -1.149949

H          x =  4.159970  y = -3.723730  z =  0.275300 angstrom
           Maximum rank =  1   Radius =  0.350 angstrom
                   Q00  =   0.078993
|Q1| =   0.100200  Q10  =   0.053169  Q11c =  -0.071303  Q11s =   0.046139

C          x =  3.903030  y = -4.238620  z =  2.329110 angstrom
           Maximum rank =  2   Radius =  0.650 angstrom
                   Q00  =  -0.030482
|Q1| =   0.076430  Q10  =   0.008295  Q11c =  -0.059922  Q11s =   0.046714
|Q2| =   1.414606  Q20  =   0.461586  Q21c =  -0.436575  Q21s =  -0.425294
                   Q22c =  -0.028289  Q22s =  -1.189864

H          x =  4.678170  y = -4.996400  z =  2.292830 angstrom
           Maximum rank =  1   Radius =  0.350 angstrom
                   Q00  =   0.052731
|Q1| =   0.112620  Q10  =   0.003999  Q11c =  -0.077674  Q11s =   0.081449

C          x =  3.217880  y = -4.013090  z =  3.520290 angstrom
           Maximum rank =  2   Radius =  0.650 angstrom
                   Q00  =  -0.074781
|Q1| =   0.121500  Q10  =  -0.099545  Q11c =  -0.021694  Q11s =   0.066199
|Q2| =   1.139096  Q20  =   0.475040  Q21c =  -0.321073  Q21s =  -0.419237
                   Q22c =  -0.032669  Q22s =  -0.889922

C          x =  2.240840  y = -3.024820  z =  3.525150 angstrom
           Maximum rank =  2   Radius =  0.650 angstrom
                   Q00  =  -0.031650
|Q1| =   0.074664  Q10  =  -0.058747  Q11c =   0.042155  Q11s =  -0.018616
|Q2| =   1.401521  Q20  =   0.590686  Q21c =  -0.524137  Q21s =  -0.377470
                   Q22c =   0.006431  Q22s =  -1.094580

H          x =  1.694060  y = -2.819300  z =  4.438980 angstrom
           Maximum rank =  1   Radius =  0.350 angstrom
                   Q00  =   0.046395
|Q1| =   0.116436  Q10  =  -0.098758  Q11c =   0.057938  Q11s =  -0.021149

C          x =  1.950380  y = -2.290610  z =  2.383640 angstrom
           Maximum rank =  2   Radius =  0.650 angstrom
                   Q00  =  -0.034589
|Q1| =   0.097238  Q10  =  -0.060379  Q11c =   0.071977  Q11s =  -0.025077
|Q2| =   1.465168  Q20  =   0.489748  Q21c =  -0.371004  Q21s =  -0.501399
                   Q22c =  -0.025731  Q22s =  -1.231729

H          x =  1.187200  y = -1.524550  z =  2.431240 angstrom
           Maximum rank =  1   Radius =  0.350 angstrom
                   Q00  =   0.076111
|Q1| =   0.099174  Q10  =  -0.059551  Q11c =   0.061380  Q11s =  -0.050216

C          x =  2.463980  y = -2.467090  z = -1.360890 angstrom
           Maximum rank =  2   Radius =  0.650 angstrom
                   Q00  =  -0.062567
|Q1| =   0.065510  Q10  =   0.000740  Q11c =  -0.054744  Q11s =   0.035974
|Q2| =   1.283006  Q20  =   0.560846  Q21c =  -0.505553  Q21s =   0.364946
                   Q22c =  -0.672799  Q22s =   0.700091

C          x =  3.036140  y = -1.938380  z = -2.511690 angstrom
           Maximum rank =  2   Radius =  0.650 angstrom
                   Q00  =  -0.037340
|Q1| =   0.100918  Q10  =   0.057362  Q11c =  -0.063958  Q11s =  -0.052945
|Q2| =   1.482096  Q20  =   0.547664  Q21c =  -0.471394  Q21s =   0.354828
                   Q22c =  -0.786223  Q22s =   0.964578

H          x =  3.495750  y = -0.958260  z = -2.485990 angstrom
           Maximum rank =  1   Radius =  0.350 angstrom
                   Q00  =   0.077890
|Q1| =   0.100117  Q10  =   0.054305  Q11c =  -0.040501  Q11s =  -0.073715

C          x =  3.024130  y = -2.647730  z = -3.705260 angstrom
           Maximum rank =  2   Radius =  0.650 angstrom
                   Q00  =  -0.030846
|Q1| =   0.075929  Q10  =   0.059230  Q11c =  -0.029334  Q11s =  -0.037371
|Q2| =   1.398037  Q20  =   0.599736  Q21c =  -0.579405  Q21s =   0.165640
                   Q22c =  -0.671660  Q22s =   0.883487

H          x =  3.481140  y = -2.209380  z = -4.585660 angstrom
           Maximum rank =  1   Radius =  0.350 angstrom
                   Q00  =   0.048039
|Q1| =   0.115575  Q10  =   0.094887  Q11c =  -0.046945  Q11s =  -0.046371

C          x =  2.440870  y = -3.905350  z = -3.791580 angstrom
           Maximum rank =  2   Radius =  0.650 angstrom
                   Q00  =  -0.075375
|Q1| =   0.122016  Q10  =   0.105036  Q11c =   0.002946  Q11s =   0.062021
|Q2| =   1.140344  Q20  =   0.501806  Q21c =  -0.410518  Q21s =   0.274141
                   Q22c =  -0.574349  Q22s =   0.689217

C          x =  1.863390  y = -4.430880  z = -2.637470 angstrom
           Maximum rank =  2   Radius =  0.650 angstrom
                   Q00  =  -0.031291
|Q1| =   0.075827  Q10  =  -0.005434  Q11c =   0.041613  Q11s =   0.063155
|Q2| =   1.406772  Q20  =   0.476009  Q21c =  -0.495579  Q21s =   0.255731
                   Q22c =  -0.762117  Q22s =   0.927687

H          x =  1.398510  y = -5.410420  z = -2.671930 angstrom
           Maximum rank =  1   Radius =  0.350 angstrom
                   Q00  =   0.048808
|Q1| =   0.115228  Q10  =   0.001631  Q11c =   0.050124  Q11s =   0.103742

C          x =  1.875700  y = -3.728700  z = -1.444700 angstrom
           Maximum rank =  2   Radius =  0.650 angstrom
                   Q00  =  -0.051700
|Q1| =   0.105042  Q10  =  -0.031659  Q11c =   0.061410  Q11s =   0.079122
|Q2| =   1.477147  Q20  =   0.724162  Q21c =  -0.496465  Q21s =   0.198972
                   Q22c =  -0.754782  Q22s =   0.895427

H          x =  1.434320  y = -4.176610  z = -0.562710 angstrom
           Maximum rank =  1   Radius =  0.350 angstrom
                   Q00  =   0.074259
|Q1| =   0.106125  Q10  =  -0.048998  Q11c =   0.061105  Q11s =   0.071609

C          x = -2.463970  y =  2.467090  z =  1.361030 angstrom
           Maximum rank =  2   Radius =  0.650 angstrom
                   Q00  =  -0.062491
|Q1| =   0.065570  Q10  =  -0.000713  Q11c =   0.054792  Q11s =  -0.036011
|Q2| =   1.282790  Q20  =   0.560725  Q21c =  -0.505491  Q21s =   0.364877
                   Q22c =  -0.672578  Q22s =   0.700087

C          x = -1.875650  y =  3.728690  z =  1.444850 angstrom
           Maximum rank =  2   Radius =  0.650 angstrom
                   Q00  =  -0.051622
|Q1| =   0.104980  Q10  =   0.031695  Q11c =  -0.061168  Q11s =  -0.079213
|Q2| =   1.476908  Q20  =   0.723992  Q21c =  -0.496417  Q21s =   0.199014
                   Q22c =  -0.754484  Q22s =   0.895439

H          x = -1.434250  y =  4.176590  z =  0.562860 angstrom
           Maximum rank =  1   Radius =  0.350 angstrom
                   Q00  =   0.074320
|Q1| =   0.106070  Q10  =   0.048977  Q11c =  -0.061043  Q11s =  -0.071596

C          x = -1.863360  y =  4.430870  z =  2.637620 angstrom
           Maximum rank =  2   Radius =  0.650 angstrom
                   Q00  =  -0.031270
|Q1| =   0.075772  Q10  =   0.005500  Q11c =  -0.041314  Q11s =  -0.063280
|Q2| =   1.406750  Q20  =   0.476014  Q21c =  -0.495542  Q21s =   0.255731
                   Q22c =  -0.761846  Q22s =   0.927893

H          x = -1.398460  y =  5.410400  z =  2.672080 angstrom
           Maximum rank =  1   Radius =  0.350 angstrom
                   Q00  =   0.048878
|Q1| =   0.115165  Q10  =  -0.001624  Q11c =  -0.050038  Q11s =  -0.103714

C          x = -2.440880  y =  3.905350  z =  3.791710 angstrom
           Maximum rank =  2   Radius =  0.650 angstrom
                   Q00  =  -0.075429
|Q1| =   0.122019  Q10  =  -0.104985  Q11c =  -0.002683  Q11s =  -0.062124
|Q2| =   1.140536  Q20  =   0.501916  Q21c =  -0.410448  Q21s =   0.274239
                   Q22c =  -0.574366  Q22s =   0.689443

C          x = -3.024180  y =  2.647770  z =  3.705380 angstrom
           Maximum rank =  2   Radius =  0.650 angstrom
                   Q00  =  -0.030931
|Q1| =   0.075975  Q10  =  -0.059231  Q11c =   0.029579  Q11s =   0.037269
|Q2| =   1.398359  Q20  =   0.599835  Q21c =  -0.579398  Q21s =   0.165618
                   Q22c =  -0.671814  Q22s =   0.883822

H          x = -3.481250  y =  2.209440  z =  4.585760 angstrom
           Maximum rank =  1   Radius =  0.350 angstrom
                   Q00  =   0.047877
|Q1| =   0.115717  Q10  =  -0.095001  Q11c =   0.047050  Q11s =   0.046385

C          x = -3.036180  y =  1.938400  z =  2.511800 angstrom
           Maximum rank =  2   Radius =  0.650 angstrom
                   Q00  =  -0.037302
|Q1| =   0.100986  Q10  =  -0.057407  Q11c =   0.064072  Q11s =   0.052890
|Q2| =   1.482105  Q20  =   0.547656  Q21c =  -0.471300  Q21s =   0.354938
                   Q22c =  -0.786195  Q22s =   0.964625

H          x = -3.495840  y =  0.958310  z =  2.486090 angstrom
           Maximum rank =  1   Radius =  0.350 angstrom
                   Q00  =   0.077901
|Q1| =   0.100134  Q10  =  -0.054331  Q11c =   0.040515  Q11s =   0.073711

C          x = -2.629060  y =  2.524840  z = -1.192730 angstrom
           Maximum rank =  2   Radius =  0.650 angstrom
                   Q00  =  -0.062840
|Q1| =   0.078479  Q10  =  -0.003407  Q11c =  -0.052956  Q11s =  -0.057819
|Q2| =   1.299792  Q20  =   0.528921  Q21c =  -0.399369  Q21s =  -0.545775
                   Q22c =  -0.118632  Q22s =  -0.968640

C          x = -3.615190  y =  3.510490  z = -1.186780 angstrom
           Maximum rank =  2   Radius =  0.650 angstrom
                   Q00  =  -0.053660
|Q1| =   0.103278  Q10  =  -0.034589  Q11c =   0.082764  Q11s =  -0.051188
|Q2| =   1.484704  Q20  =   0.701894  Q21c =  -0.457730  Q21s =  -0.423011
                   Q22c =  -0.035185  Q22s =  -1.149781

H          x = -4.159940  y =  3.723760  z = -0.275140 angstrom
           Maximum rank =  1   Radius =  0.350 angstrom
                   Q00  =   0.078982
|Q1| =   0.100248  Q10  =  -0.053174  Q11c =   0.071326  Q11s =  -0.046203

C          x = -3.903000  y =  4.238670  z = -2.328940 angstrom
           Maximum rank =  2   Radius =  0.650 angstrom
                   Q00  =  -0.030604
|Q1| =   0.076522  Q10  =  -0.008250  Q11c =   0.060028  Q11s =  -0.046735
|Q2| =   1.415201  Q20  =   0.461819  Q21c =  -0.436875  Q21s =  -0.425437
                   Q22c =  -0.028387  Q22s =  -1.190317

H          x = -4.678140  y =  4.996460  z = -2.292650 angstrom
           Maximum rank =  1   Radius =  0.350 angstrom
                   Q00  =   0.052508
|Q1| =   0.112821  Q10  =  -0.003976  Q11c =   0.077817  Q11s =  -0.081593

C          x = -3.217860  y =  4.013140  z = -3.520130 angstrom
           Maximum rank =  2   Radius =  0.650 angstrom
                   Q00  =  -0.074876
|Q1| =   0.121496  Q10  =   0.099565  Q11c =   0.021849  Q11s =  -0.066111
|Q2| =   1.139414  Q20  =   0.475239  Q21c =  -0.321232  Q21s =  -0.419483
                   Q22c =  -0.032736  Q22s =  -0.890048

C          x = -2.240820  y =  3.024870  z = -3.525000 angstrom
           Maximum rank =  2   Radius =  0.650 angstrom
                   Q00  =  -0.031606
|Q1| =   0.074652  Q10  =   0.058836  Q11c =  -0.041978  Q11s =   0.018686
|Q2| =   1.401364  Q20  =   0.590439  Q21c =  -0.524204  Q21s =  -0.377443
                   Q22c =   0.006511  Q22s =  -1.094489

H          x = -1.694040  y =  2.819360  z = -4.438840 angstrom
           Maximum rank =  1   Radius =  0.350 angstrom
                   Q00  =   0.046475
|Q1| =   0.116362  Q10  =   0.098730  Q11c =  -0.057846  Q11s =   0.021130

C          x = -1.950360  y =  2.290650  z = -2.383500 angstrom
           Maximum rank =  2   Radius =  0.650 angstrom
                   Q00  =  -0.034426
|Q1| =   0.097149  Q10  =   0.060391  Q11c =  -0.071818  Q11s =   0.025160
|Q2| =   1.464579  Q20  =   0.489533  Q21c =  -0.370982  Q21s =  -0.501237
                   Q22c =  -0.025608  Q22s =  -1.231190

H          x = -1.187190  y =  1.524580  z = -2.431110 angstrom
           Maximum rank =  1   Radius =  0.350 angstrom
                   Q00  =   0.076247
|Q1| =   0.099079  Q10  =   0.059518  Q11c =  -0.061294  Q11s =   0.050173

C          x =  3.513950  y = -4.828020  z =  4.749830 angstrom
           Maximum rank =  2   Radius =  0.650 angstrom
                   Q00  =   0.023531
|Q1| =   0.022907  Q10  =  -0.014452  Q11c =  -0.001919  Q11s =   0.017669
|Q2| =   0.105394  Q20  =   0.065719  Q21c =   0.024601  Q21s =  -0.071591
                   Q22c =  -0.008320  Q22s =  -0.031453

H          x =  3.005610  y = -5.795540  z =  4.709350 angstrom
           Maximum rank =  1   Radius =  0.350 angstrom
                   Q00  =   0.031976
|Q1| =   0.123214  Q10  =  -0.036316  Q11c =   0.036435  Q11s =   0.111961

H          x =  3.180070  y = -4.317780  z =  5.654210 angstrom
           Maximum rank =  1   Radius =  0.350 angstrom
                   Q00  =   0.025029
|Q1| =   0.124522  Q10  =  -0.121279  Q11c =   0.020505  Q11s =  -0.019407

H          x =  4.583070  y = -5.025060  z =  4.846400 angstrom
           Maximum rank =  1   Radius =  0.350 angstrom
                   Q00  =   0.029519
|Q1| =   0.122361  Q10  =  -0.049851  Q11c =  -0.102901  Q11s =   0.043573

C          x =  2.453490  y = -4.688910  z = -5.075870 angstrom
           Maximum rank =  2   Radius =  0.650 angstrom
                   Q00  =   0.023369
|Q1| =   0.022459  Q10  =   0.015028  Q11c =  -0.001506  Q11s =   0.016622
|Q2| =   0.106896  Q20  =   0.074584  Q21c =   0.001898  Q21s =   0.071576
                   Q22c =  -0.019927  Q22s =   0.018445

H          x =  3.246230  y = -5.442160  z = -5.065870 angstrom
           Maximum rank =  1   Radius =  0.350 angstrom
                   Q00  =   0.033493
|Q1| =   0.122078  Q10  =   0.040911  Q11c =  -0.069737  Q11s =   0.091467

H          x =  2.626200  y = -4.039930  z = -5.935250 angstrom
           Maximum rank =  1   Radius =  0.350 angstrom
                   Q00  =   0.025340
|Q1| =   0.124259  Q10  =   0.118875  Q11c =  -0.015015  Q11s =  -0.032919

H          x =  1.508100  y = -5.212190  z = -5.230630 angstrom
           Maximum rank =  1   Radius =  0.350 angstrom
                   Q00  =   0.027377
|Q1| =   0.124117  Q10  =   0.056148  Q11c =   0.084302  Q11s =   0.071733

C          x = -2.453390  y =  4.688910  z =  5.076010 angstrom
           Maximum rank =  2   Radius =  0.650 angstrom
                   Q00  =   0.023364
|Q1| =   0.022533  Q10  =  -0.015043  Q11c =   0.001633  Q11s =  -0.016696
|Q2| =   0.106680  Q20  =   0.074544  Q21c =   0.002067  Q21s =   0.071370
                   Q22c =  -0.019952  Q22s =   0.018102

H          x = -3.244580  y =  5.443780  z =  5.065120 angstrom
           Maximum rank =  1   Radius =  0.350 angstrom
                   Q00  =   0.033229
|Q1| =   0.122298  Q10  =  -0.040886  Q11c =   0.069792  Q11s =  -0.091729

H          x = -1.507110  y =  5.210270  z =  5.231850 angstrom
           Maximum rank =  1   Radius =  0.350 angstrom
                   Q00  =   0.027568
|Q1| =   0.123980  Q10  =  -0.056233  Q11c =  -0.084211  Q11s =  -0.071535

H          x = -2.628370  y =  4.040260  z =  5.935180 angstrom
           Maximum rank =  1   Radius =  0.350 angstrom
                   Q00  =   0.025250
|Q1| =   0.124337  Q10  =  -0.118923  Q11c =   0.015329  Q11s =   0.032894

C          x = -3.513940  y =  4.828080  z = -4.749660 angstrom
           Maximum rank =  2   Radius =  0.650 angstrom
                   Q00  =   0.023523
|Q1| =   0.022989  Q10  =   0.014497  Q11c =   0.002100  Q11s =  -0.017717
|Q2| =   0.105062  Q20  =   0.065521  Q21c =   0.024310  Q21s =  -0.071470
                   Q22c =  -0.007937  Q22s =  -0.031354

H          x = -3.179750  y =  4.318020  z = -5.654020 angstrom
           Maximum rank =  1   Radius =  0.350 angstrom
                   Q00  =   0.025013
|Q1| =   0.124557  Q10  =   0.121330  Q11c =  -0.020441  Q11s =   0.019381

H          x = -3.005900  y =  5.795750  z = -4.709010 angstrom
           Maximum rank =  1   Radius =  0.350 angstrom
                   Q00  =   0.031990
|Q1| =   0.123219  Q10  =   0.036327  Q11c =  -0.036306  Q11s =  -0.112005

H          x = -4.583110  y =  5.024820  z = -4.846410 angstrom
           Maximum rank =  1   Radius =  0.350 angstrom
                   Q00  =   0.029216
|Q1| =   0.122637  Q10  =   0.049956  Q11c =   0.103154  Q11s =  -0.043628

Total multipoles referred to origin at
           x =   0.000000,  y =    0.000000,  z =    0.000000 angstrom
                   Q00  =   0.000004
|Q1| =   0.716557  Q10  =  -0.003723  Q11c =   0.716065  Q11s =   0.026293
|Q2| = 245.555828  Q20  = 135.150744  Q21c =  -8.818513  Q21s =   2.622464
                   Q22c =-196.512222  Q22s =  57.708269

CPU time used:     68m 1.880s          Total:     68m 1.880s

Finished at 17:22:51 on 28 Jun 2021 
