                                     G D M A

                                 by Anthony Stone

                         version 2.2.11, 04 February 2015

               Distributed Multipoles from Gaussian wavefunctions


Starting at 16:32:19 on 28 Jun 2021 

s1S0



Using CI density matrix from file sN_my.fchk


                         Distributed Multipole Analysis

Standard DMA for products of primitives with exponent greater than 4.00000
Using 80-point Euler-MacLaurin radial quadrature
Using 590-point Lebedev quadrature
Becke smoothing parameter = 3

Positions and radii in angstrom
Multipole moments in atomic units, ea_0^k for rank k

C          x = -8.619890  y =  0.207130  z =  0.014550 angstrom
           Maximum rank =  2   Radius =  0.650 angstrom
                   Q00  =   0.014570
|Q1| =   0.044138  Q10  =   0.000142  Q11c =  -0.037746  Q11s =  -0.022878
|Q2| =   1.359539  Q20  =  -1.353974  Q21c =  -0.005526  Q21s =   0.023523
                   Q22c =   0.120049  Q22s =  -0.010257

H          x = -8.796940  y =  1.274390  z =  0.039340 angstrom
           Maximum rank =  1   Radius =  0.350 angstrom
                   Q00  =   0.091156
|Q1| =   0.068996  Q10  =  -0.008613  Q11c =  -0.025836  Q11s =  -0.063394

C          x = -9.747240  y = -0.566690  z =  0.007830 angstrom
           Maximum rank =  2   Radius =  0.650 angstrom
                   Q00  =  -0.055697
|Q1| =   0.058129  Q10  =   0.004344  Q11c =  -0.040355  Q11s =  -0.041613
|Q2| =   1.317626  Q20  =  -1.296941  Q21c =  -0.018560  Q21s =  -0.012429
                   Q22c =   0.120305  Q22s =   0.197761

C          x =-11.128620  y = -0.059370  z =  0.025110 angstrom
           Maximum rank =  2   Radius =  0.650 angstrom
                   Q00  =   0.030449
|Q1| =   0.043609  Q10  =  -0.001633  Q11c =  -0.009759  Q11s =  -0.042472
|Q2| =   1.161458  Q20  =  -1.122333  Q21c =  -0.037599  Q21s =  -0.099206
                   Q22c =  -0.218391  Q22s =  -0.174363

C          x = -9.816180  y = -2.046840  z =  0.022160 angstrom
           Maximum rank =  2   Radius =  0.650 angstrom
                   Q00  =   0.196115
|Q1| =   0.032261  Q10  =   0.000087  Q11c =   0.021168  Q11s =  -0.024345
|Q2| =   0.756026  Q20  =  -0.713235  Q21c =  -0.048702  Q21s =  -0.000703
                   Q22c =   0.060442  Q22s =  -0.238424

O          x = -8.915000  y = -2.855110  z = -0.007690 angstrom
           Maximum rank =  2   Radius =  0.650 angstrom
                   Q00  =  -0.387052
|Q1| =   0.489360  Q10  =   0.011216  Q11c =  -0.370755  Q11s =   0.319200
|Q2| =   0.929069  Q20  =  -0.204940  Q21c =  -0.008524  Q21s =   0.039299
                   Q22c =   0.118839  Q22s =  -0.897457

C          x =-12.026940  y = -1.240730  z =  0.099600 angstrom
           Maximum rank =  2   Radius =  0.650 angstrom
                   Q00  =  -0.019741
|Q1| =   0.080740  Q10  =  -0.003812  Q11c =   0.067544  Q11s =  -0.044072
|Q2| =   1.231948  Q20  =  -1.213892  Q21c =  -0.106195  Q21s =  -0.058517
                   Q22c =   0.130928  Q22s =   0.110988

C          x =-11.252110  y = -2.396390  z =  0.090120 angstrom
           Maximum rank =  2   Radius =  0.650 angstrom
                   Q00  =  -0.039416
|Q1| =   0.068657  Q10  =  -0.000877  Q11c =  -0.010585  Q11s =   0.067830
|Q2| =   1.222787  Q20  =  -1.208047  Q21c =  -0.090516  Q21s =  -0.053381
                   Q22c =  -0.049119  Q22s =   0.149585

C          x =-13.409030  y = -1.359010  z =  0.168040 angstrom
           Maximum rank =  2   Radius =  0.650 angstrom
                   Q00  =  -0.006937
|Q1| =   0.089681  Q10  =  -0.002962  Q11c =   0.082603  Q11s =  -0.034795
|Q2| =   1.373755  Q20  =  -1.355254  Q21c =  -0.103995  Q21s =  -0.058426
                   Q22c =  -0.147726  Q22s =  -0.120158

H          x =-14.071360  y = -0.508450  z =  0.181440 angstrom
           Maximum rank =  1   Radius =  0.350 angstrom
                   Q00  =   0.098033
|Q1| =   0.078888  Q10  =  -0.005611  Q11c =   0.074945  Q11s =  -0.023980

C          x =-13.972310  y = -2.628600  z =  0.223750 angstrom
           Maximum rank =  2   Radius =  0.650 angstrom
                   Q00  =  -0.297653
|Q1| =   0.615329  Q10  =  -0.031825  Q11c =   0.612354  Q11s =   0.051380
|Q2| =   1.091969  Q20  =  -0.911142  Q21c =  -0.045496  Q21s =  -0.044123
                   Q22c =  -0.589191  Q22s =  -0.105141

Cl         x =-15.697700  y = -2.748250  z =  0.311460 angstrom
           Maximum rank =  2   Radius =  0.650 angstrom
                   Q00  =   0.294618
|Q1| =   0.812424  Q10  =  -0.041902  Q11c =   0.807722  Q11s =   0.076572
|Q2| =   2.185791  Q20  =  -1.123633  Q21c =  -0.193753  Q21s =  -0.017687
                   Q22c =   1.842233  Q22s =   0.288888

C          x =-11.796170  y = -3.659510  z =  0.141910 angstrom
           Maximum rank =  2   Radius =  0.650 angstrom
                   Q00  =   0.008403
|Q1| =   0.100782  Q10  =  -0.002719  Q11c =   0.009678  Q11s =   0.100279
|Q2| =   1.312640  Q20  =  -1.295745  Q21c =  -0.105030  Q21s =  -0.037510
                   Q22c =   0.073108  Q22s =  -0.162131

H          x =-11.159450  y = -4.534210  z =  0.130650 angstrom
           Maximum rank =  1   Radius =  0.350 angstrom
                   Q00  =   0.088450
|Q1| =   0.095681  Q10  =  -0.000656  Q11c =  -0.025703  Q11s =   0.092162

C          x =-13.175510  y = -3.778350  z =  0.209730 angstrom
           Maximum rank =  2   Radius =  0.650 angstrom
                   Q00  =  -0.303594
|Q1| =   0.625839  Q10  =  -0.024303  Q11c =   0.256095  Q11s =   0.570525
|Q2| =   1.073225  Q20  =  -0.909600  Q21c =  -0.083968  Q21s =  -0.005575
                   Q22c =   0.377205  Q22s =  -0.418418

Cl         x =-13.876490  y = -5.359340  z =  0.276880 angstrom
           Maximum rank =  2   Radius =  0.650 angstrom
                   Q00  =   0.289119
|Q1| =   0.816405  Q10  =  -0.031878  Q11c =   0.331935  Q11s =   0.745199
|Q2| =   2.200134  Q20  =  -1.111050  Q21c =  -0.062285  Q21s =  -0.135620
                   Q22c =  -1.251167  Q22s =   1.420729

C          x =-11.563330  y =  1.233380  z = -0.036180 angstrom
           Maximum rank =  2   Radius =  0.650 angstrom
                   Q00  =  -0.015333
|Q1| =   0.027128  Q10  =  -0.004381  Q11c =  -0.012429  Q11s =   0.023712
|Q2| =   1.294664  Q20  =  -1.279176  Q21c =  -0.072388  Q21s =  -0.138053
                   Q22c =  -0.104973  Q22s =  -0.067435

C          x =-12.944250  y =  1.592750  z = -0.011160 angstrom
           Maximum rank =  2   Radius =  0.650 angstrom
                   Q00  =   0.058520
|Q1| =   0.107105  Q10  =  -0.005371  Q11c =   0.106396  Q11s =   0.011066
|Q2| =   1.207698  Q20  =  -0.716896  Q21c =  -0.042539  Q21s =  -0.005075
                   Q22c =   0.829203  Q22s =  -0.505154

N          x =-14.046440  y =  1.917430  z =  0.008220 angstrom
           Maximum rank =  2   Radius =  0.650 angstrom
                   Q00  =  -0.216657
|Q1| =   0.559790  Q10  =  -0.012095  Q11c =   0.545031  Q11s =  -0.127121
|Q2| =   0.617666  Q20  =  -0.336399  Q21c =  -0.014412  Q21s =   0.001719
                   Q22c =   0.398658  Q22s =  -0.330467

C          x =-10.705090  y =  2.368510  z = -0.141110 angstrom
           Maximum rank =  2   Radius =  0.650 angstrom
                   Q00  =   0.058168
|Q1| =   0.100966  Q10  =   0.002295  Q11c =  -0.087963  Q11s =  -0.049512
|Q2| =   1.202073  Q20  =  -0.715082  Q21c =  -0.089506  Q21s =  -0.128862
                   Q22c =  -0.261728  Q22s =   0.916799

N          x =-10.042790  y =  3.304280  z = -0.226460 angstrom
           Maximum rank =  2   Radius =  0.650 angstrom
                   Q00  =  -0.221252
|Q1| =   0.564969  Q10  =   0.039157  Q11c =  -0.355229  Q11s =  -0.437572
|Q2| =   0.619247  Q20  =  -0.331256  Q21c =  -0.044377  Q21s =  -0.071462
                   Q22c =  -0.240126  Q22s =   0.457165

C          x = -7.230150  y = -0.091350  z =  0.003680 angstrom
           Maximum rank =  2   Radius =  0.650 angstrom
                   Q00  =  -0.299611
|Q1| =   0.457999  Q10  =  -0.022874  Q11c =  -0.208415  Q11s =  -0.407189
|Q2| =   1.427428  Q20  =  -1.176064  Q21c =  -0.037783  Q21s =   0.054287
                   Q22c =   0.524290  Q22s =  -0.612512

S          x = -6.155720  y =  1.315920  z =  0.056520 angstrom
           Maximum rank =  2   Radius =  0.650 angstrom
                   Q00  =   0.717743
|Q1| =   1.080670  Q10  =  -0.059071  Q11c =   0.222850  Q11s =  -1.055791
|Q2| =   2.311690  Q20  =  -2.111640  Q21c =  -0.049257  Q21s =   0.057985
                   Q22c =   0.899511  Q22s =   0.264530

C          x = -6.508950  y = -1.272770  z = -0.055140 angstrom
           Maximum rank =  2   Radius =  0.650 angstrom
                   Q00  =  -0.015754
|Q1| =   0.079305  Q10  =   0.002746  Q11c =  -0.012195  Q11s =   0.078314
|Q2| =   1.383863  Q20  =  -1.343087  Q21c =  -0.007509  Q21s =   0.097574
                   Q22c =   0.024295  Q22s =   0.317846

H          x = -6.992470  y = -2.235210  z = -0.096630 angstrom
           Maximum rank =  1   Radius =  0.350 angstrom
                   Q00  =   0.122542
|Q1| =   0.070457  Q10  =   0.006586  Q11c =  -0.034328  Q11s =   0.061176

C          x = -5.133160  y = -1.038140  z = -0.051620 angstrom
           Maximum rank =  2   Radius =  0.650 angstrom
                   Q00  =  -0.337502
|Q1| =   0.541628  Q10  =   0.016716  Q11c =  -0.306192  Q11s =   0.446461
|Q2| =   1.339923  Q20  =  -1.168745  Q21c =   0.013918  Q21s =   0.070271
                   Q22c =   0.352579  Q22s =   0.547708

C          x = -4.769530  y =  0.310680  z =  0.006430 angstrom
           Maximum rank =  2   Radius =  0.650 angstrom
                   Q00  =  -0.344903
|Q1| =   0.546389  Q10  =  -0.045703  Q11c =   0.372306  Q11s =  -0.397291
|Q2| =   1.417090  Q20  =  -1.269257  Q21c =   0.021776  Q21s =   0.054232
                   Q22c =   0.308689  Q22s =   0.546282

S          x = -3.738380  y = -2.090010  z = -0.102980 angstrom
           Maximum rank =  2   Radius =  0.650 angstrom
                   Q00  =   0.729927
|Q1| =   1.125076  Q10  =   0.052273  Q11c =  -0.151830  Q11s =   1.113558
|Q2| =   2.284735  Q20  =  -2.102778  Q21c =   0.014424  Q21s =   0.132296
                   Q22c =   0.833360  Q22s =   0.293501

C          x = -3.370090  y =  0.496040  z =  0.024260 angstrom
           Maximum rank =  2   Radius =  0.650 angstrom
                   Q00  =  -0.064193
|Q1| =   0.097689  Q10  =  -0.053152  Q11c =   0.075888  Q11s =  -0.030968
|Q2| =   1.260402  Q20  =  -1.234054  Q21c =   0.010036  Q21s =   0.060596
                   Q22c =   0.123420  Q22s =   0.216146

C          x = -2.710210  y = -0.699730  z = -0.032950 angstrom
           Maximum rank =  2   Radius =  0.650 angstrom
                   Q00  =  -0.323301
|Q1| =   0.619958  Q10  =   0.015290  Q11c =   0.228122  Q11s =   0.576259
|Q2| =   1.360908  Q20  =  -1.230075  Q21c =  -0.008585  Q21s =   0.067984
                   Q22c =   0.504935  Q22s =  -0.281659

C          x = -1.275130  y = -0.496210  z = -0.026170 angstrom
           Maximum rank =  2   Radius =  0.650 angstrom
                   Q00  =  -0.024018
|Q1| =   0.121045  Q10  =   0.011250  Q11c =   0.009150  Q11s =   0.120173
|Q2| =   1.277716  Q20  =  -1.235700  Q21c =  -0.005221  Q21s =   0.081857
                   Q22c =   0.170527  Q22s =  -0.264186

C          x = -1.063060  y =  0.893820  z =  0.022650 angstrom
           Maximum rank =  2   Radius =  0.650 angstrom
                   Q00  =  -0.035679
|Q1| =   0.088687  Q10  =   0.040534  Q11c =  -0.049224  Q11s =  -0.061639
|Q2| =   1.233287  Q20  =  -1.219158  Q21c =   0.001913  Q21s =   0.091438
                   Q22c =   0.161963  Q22s =  -0.007364

C          x = -2.395000  y =  1.662040  z =  0.056750 angstrom
           Maximum rank =  2   Radius =  0.650 angstrom
                   Q00  =  -0.006731
|Q1| =   0.063312  Q10  =  -0.001102  Q11c =   0.000632  Q11s =  -0.063299
|Q2| =   0.176545  Q20  =   0.003066  Q21c =   0.082690  Q21s =   0.023364
                   Q22c =  -0.145185  Q22s =  -0.051926

C          x =  0.218990  y =  1.402190  z =  0.052840 angstrom
           Maximum rank =  2   Radius =  0.650 angstrom
                   Q00  =  -0.013633
|Q1| =   0.104727  Q10  =   0.022671  Q11c =  -0.017019  Q11s =  -0.100817
|Q2| =   1.436911  Q20  =  -1.430835  Q21c =  -0.004879  Q21s =   0.126193
                   Q22c =   0.005761  Q22s =  -0.037991

H          x =  0.399790  y =  2.469200  z =  0.095880 angstrom
           Maximum rank =  1   Radius =  0.350 angstrom
                   Q00  =   0.084876
|Q1| =   0.102822  Q10  =   0.001172  Q11c =  -0.038438  Q11s =  -0.095360

C          x =  1.275150  y =  0.496220  z =  0.026300 angstrom
           Maximum rank =  2   Radius =  0.650 angstrom
                   Q00  =  -0.023942
|Q1| =   0.120912  Q10  =  -0.011264  Q11c =  -0.009072  Q11s =  -0.120044
|Q2| =   1.277430  Q20  =  -1.235476  Q21c =  -0.005229  Q21s =   0.081814
                   Q22c =   0.170364  Q22s =  -0.263971

C          x = -0.218970  y = -1.402180  z = -0.052720 angstrom
           Maximum rank =  2   Radius =  0.650 angstrom
                   Q00  =  -0.013927
|Q1| =   0.104899  Q10  =  -0.022689  Q11c =   0.016966  Q11s =   0.101001
|Q2| =   1.437851  Q20  =  -1.431763  Q21c =  -0.004857  Q21s =   0.126373
                   Q22c =   0.005705  Q22s =  -0.038012

H          x = -0.399770  y = -2.469180  z = -0.095760 angstrom
           Maximum rank =  1   Radius =  0.350 angstrom
                   Q00  =   0.084525
|Q1| =   0.103087  Q10  =  -0.001186  Q11c =   0.038485  Q11s =   0.095626

C          x =  1.063080  y = -0.893810  z = -0.022520 angstrom
           Maximum rank =  2   Radius =  0.650 angstrom
                   Q00  =  -0.035959
|Q1| =   0.088793  Q10  =  -0.040531  Q11c =   0.049294  Q11s =   0.061738
|Q2| =   1.233809  Q20  =  -1.219647  Q21c =   0.001912  Q21s =   0.091476
                   Q22c =   0.162220  Q22s =  -0.007613

C          x =  2.395020  y = -1.662030  z = -0.056620 angstrom
           Maximum rank =  2   Radius =  0.650 angstrom
                   Q00  =  -0.006762
|Q1| =   0.063337  Q10  =   0.001096  Q11c =  -0.000629  Q11s =   0.063324
|Q2| =   0.176743  Q20  =   0.003417  Q21c =   0.082734  Q21s =   0.023362
                   Q22c =  -0.145348  Q22s =  -0.052056

C          x =  2.710230  y =  0.699740  z =  0.033070 angstrom
           Maximum rank =  2   Radius =  0.650 angstrom
                   Q00  =  -0.323181
|Q1| =   0.619871  Q10  =  -0.015311  Q11c =  -0.228260  Q11s =  -0.576110
|Q2| =   1.360377  Q20  =  -1.229494  Q21c =  -0.008622  Q21s =   0.067923
                   Q22c =   0.504743  Q22s =  -0.281985

C          x =  3.370110  y = -0.496020  z = -0.024140 angstrom
           Maximum rank =  2   Radius =  0.650 angstrom
                   Q00  =  -0.064597
|Q1| =   0.097757  Q10  =   0.053129  Q11c =  -0.075971  Q11s =   0.031021
|Q2| =   1.261132  Q20  =  -1.234748  Q21c =   0.010017  Q21s =   0.060617
                   Q22c =   0.123405  Q22s =   0.216443

S          x =  3.738400  y =  2.090020  z =  0.103080 angstrom
           Maximum rank =  2   Radius =  0.650 angstrom
                   Q00  =   0.731208
|Q1| =   1.123133  Q10  =  -0.052205  Q11c =   0.151701  Q11s =  -1.111616
|Q2| =   2.282417  Q20  =  -2.101098  Q21c =   0.014402  Q21s =   0.132242
                   Q22c =   0.831339  Q22s =   0.293247

C          x =  4.769550  y = -0.310670  z = -0.006330 angstrom
           Maximum rank =  2   Radius =  0.650 angstrom
                   Q00  =  -0.345030
|Q1| =   0.546514  Q10  =   0.045687  Q11c =  -0.372289  Q11s =   0.397481
|Q2| =   1.417315  Q20  =  -1.269490  Q21c =   0.021761  Q21s =   0.054232
                   Q22c =   0.308990  Q22s =   0.546157

S          x =  6.155740  y = -1.315910  z = -0.056420 angstrom
           Maximum rank =  2   Radius =  0.650 angstrom
                   Q00  =   0.716823
|Q1| =   1.081945  Q10  =   0.059151  Q11c =  -0.222940  Q11s =   1.057074
|Q2| =   2.313299  Q20  =  -2.112818  Q21c =  -0.049398  Q21s =   0.057728
                   Q22c =   0.900777  Q22s =   0.264922

C          x =  5.133180  y =  1.038150  z =  0.051720 angstrom
           Maximum rank =  2   Radius =  0.650 angstrom
                   Q00  =  -0.337368
|Q1| =   0.541491  Q10  =  -0.016718  Q11c =   0.306330  Q11s =  -0.446201
|Q2| =   1.339457  Q20  =  -1.168264  Q21c =   0.013909  Q21s =   0.070242
                   Q22c =   0.352085  Q22s =   0.547917

C          x =  6.508970  y =  1.272780  z =  0.055220 angstrom
           Maximum rank =  2   Radius =  0.650 angstrom
                   Q00  =  -0.015343
|Q1| =   0.079017  Q10  =  -0.002747  Q11c =   0.012058  Q11s =  -0.078044
|Q2| =   1.382498  Q20  =  -1.341803  Q21c =  -0.007533  Q21s =   0.097482
                   Q22c =   0.024024  Q22s =   0.317380

H          x =  6.992480  y =  2.235220  z =  0.096700 angstrom
           Maximum rank =  1   Radius =  0.350 angstrom
                   Q00  =   0.122825
|Q1| =   0.070256  Q10  =  -0.006571  Q11c =   0.034271  Q11s =  -0.060977

C          x =  7.230170  y =  0.091360  z = -0.003610 angstrom
           Maximum rank =  2   Radius =  0.650 angstrom
                   Q00  =  -0.299695
|Q1| =   0.458028  Q10  =   0.022864  Q11c =   0.208439  Q11s =   0.407210
|Q2| =   1.427785  Q20  =  -1.176533  Q21c =  -0.037804  Q21s =   0.054321
                   Q22c =   0.524425  Q22s =  -0.612323

C          x =  8.619910  y = -0.207120  z = -0.014490 angstrom
           Maximum rank =  2   Radius =  0.650 angstrom
                   Q00  =   0.014626
|Q1| =   0.044069  Q10  =  -0.000142  Q11c =   0.037633  Q11s =   0.022930
|Q2| =   1.359617  Q20  =  -1.354064  Q21c =  -0.005545  Q21s =   0.023514
                   Q22c =   0.119899  Q22s =  -0.010411

H          x =  8.796950  y = -1.274380  z = -0.039290 angstrom
           Maximum rank =  1   Radius =  0.350 angstrom
                   Q00  =   0.091003
|Q1| =   0.069090  Q10  =   0.008621  Q11c =   0.025868  Q11s =   0.063482

C          x =  9.747260  y =  0.566700  z = -0.007780 angstrom
           Maximum rank =  2   Radius =  0.650 angstrom
                   Q00  =  -0.055575
|Q1| =   0.058368  Q10  =  -0.004334  Q11c =   0.040437  Q11s =   0.041867
|Q2| =   1.317117  Q20  =  -1.296402  Q21c =  -0.018560  Q21s =  -0.012400
                   Q22c =   0.120477  Q22s =   0.197801

C          x = 11.128640  y =  0.059370  z = -0.025070 angstrom
           Maximum rank =  2   Radius =  0.650 angstrom
                   Q00  =   0.030780
|Q1| =   0.043549  Q10  =   0.001661  Q11c =   0.009756  Q11s =   0.042410
|Q2| =   1.160615  Q20  =  -1.121425  Q21c =  -0.037560  Q21s =  -0.099046
                   Q22c =  -0.218413  Q22s =  -0.174665

C          x =  9.816210  y =  2.046840  z = -0.022090 angstrom
           Maximum rank =  2   Radius =  0.650 angstrom
                   Q00  =   0.196288
|Q1| =   0.032139  Q10  =  -0.000076  Q11c =  -0.021133  Q11s =   0.024214
|Q2| =   0.755468  Q20  =  -0.712686  Q21c =  -0.048655  Q21s =  -0.000681
                   Q22c =   0.060122  Q22s =  -0.238388

O          x =  8.915030  y =  2.855120  z =  0.007770 angstrom
           Maximum rank =  2   Radius =  0.650 angstrom
                   Q00  =  -0.386305
|Q1| =   0.488848  Q10  =  -0.011212  Q11c =   0.370629  Q11s =  -0.318560
|Q2| =   0.928802  Q20  =  -0.204626  Q21c =  -0.008514  Q21s =   0.039284
                   Q22c =   0.118557  Q22s =  -0.897291

C          x = 12.026970  y =  1.240730  z = -0.099530 angstrom
           Maximum rank =  2   Radius =  0.650 angstrom
                   Q00  =  -0.020068
|Q1| =   0.080803  Q10  =   0.003826  Q11c =  -0.067523  Q11s =   0.044217
|Q2| =   1.232807  Q20  =  -1.214745  Q21c =  -0.106248  Q21s =  -0.058533
                   Q22c =   0.130803  Q22s =   0.111283

C          x = 11.252140  y =  2.396390  z = -0.090030 angstrom
           Maximum rank =  2   Radius =  0.650 angstrom
                   Q00  =  -0.039356
|Q1| =   0.068551  Q10  =   0.000887  Q11c =   0.010575  Q11s =  -0.067724
|Q2| =   1.222651  Q20  =  -1.207940  Q21c =  -0.090487  Q21s =  -0.053318
                   Q22c =  -0.048981  Q22s =   0.149416

C          x = 13.409060  y =  1.359010  z = -0.167960 angstrom
           Maximum rank =  2   Radius =  0.650 angstrom
                   Q00  =  -0.007032
|Q1| =   0.089738  Q10  =   0.002979  Q11c =  -0.082617  Q11s =   0.034908
|Q2| =   1.374146  Q20  =  -1.355632  Q21c =  -0.103999  Q21s =  -0.058402
                   Q22c =  -0.147727  Q22s =  -0.120368

H          x = 14.071380  y =  0.508440  z = -0.181370 angstrom
           Maximum rank =  1   Radius =  0.350 angstrom
                   Q00  =   0.097851
|Q1| =   0.078960  Q10  =   0.005618  Q11c =  -0.074997  Q11s =   0.024053

C          x = 13.972340  y =  2.628590  z = -0.223640 angstrom
           Maximum rank =  2   Radius =  0.650 angstrom
                   Q00  =  -0.297539
|Q1| =   0.615348  Q10  =   0.031833  Q11c =  -0.612390  Q11s =  -0.051179
|Q2| =   1.091613  Q20  =  -0.910626  Q21c =  -0.045437  Q21s =  -0.044079
                   Q22c =  -0.589393  Q22s =  -0.104817

Cl         x = 15.697730  y =  2.748240  z = -0.311330 angstrom
           Maximum rank =  2   Radius =  0.650 angstrom
                   Q00  =   0.294936
|Q1| =   0.811958  Q10  =   0.041875  Q11c =  -0.807340  Q11s =  -0.075656
|Q2| =   2.185788  Q20  =  -1.123509  Q21c =  -0.193701  Q21s =  -0.017710
                   Q22c =   1.842212  Q22s =   0.289511

C          x = 11.796200  y =  3.659510  z = -0.141790 angstrom
           Maximum rank =  2   Radius =  0.650 angstrom
                   Q00  =   0.008811
|Q1| =   0.100557  Q10  =   0.002729  Q11c =  -0.009638  Q11s =  -0.100057
|Q2| =   1.311093  Q20  =  -1.294241  Q21c =  -0.104890  Q21s =  -0.037414
                   Q22c =   0.072681  Q22s =  -0.161935

H          x = 11.159490  y =  4.534220  z = -0.130510 angstrom
           Maximum rank =  1   Radius =  0.350 angstrom
                   Q00  =   0.088881
|Q1| =   0.095312  Q10  =   0.000654  Q11c =   0.025603  Q11s =  -0.091806

C          x = 13.175540  y =  3.778350  z = -0.209600 angstrom
           Maximum rank =  2   Radius =  0.650 angstrom
                   Q00  =  -0.303158
|Q1| =   0.625972  Q10  =   0.024312  Q11c =  -0.256213  Q11s =  -0.570618
|Q2| =   1.072038  Q20  =  -0.907855  Q21c =  -0.083821  Q21s =  -0.005448
                   Q22c =   0.377459  Q22s =  -0.418969

Cl         x = 13.876540  y =  5.359330  z = -0.276710 angstrom
           Maximum rank =  2   Radius =  0.650 angstrom
                   Q00  =   0.290628
|Q1| =   0.814202  Q10  =   0.031808  Q11c =  -0.331445  Q11s =  -0.743006
|Q2| =   2.200242  Q20  =  -1.110732  Q21c =  -0.062203  Q21s =  -0.135531
                   Q22c =  -1.251560  Q22s =   1.420808

C          x = 11.563340  y = -1.233390  z =  0.036170 angstrom
           Maximum rank =  2   Radius =  0.650 angstrom
                   Q00  =  -0.015905
|Q1| =   0.026945  Q10  =   0.004406  Q11c =   0.012449  Q11s =  -0.023487
|Q2| =   1.296189  Q20  =  -1.280714  Q21c =  -0.072481  Q21s =  -0.138143
                   Q22c =  -0.104967  Q22s =  -0.067249

C          x = 12.944260  y = -1.592760  z =  0.011150 angstrom
           Maximum rank =  2   Radius =  0.650 angstrom
                   Q00  =   0.058503
|Q1| =   0.106883  Q10  =   0.005371  Q11c =  -0.106228  Q11s =  -0.010529
|Q2| =   1.207876  Q20  =  -0.716987  Q21c =  -0.042566  Q21s =  -0.005058
                   Q22c =   0.829362  Q22s =  -0.505190

N          x = 14.046450  y = -1.917450  z = -0.008250 angstrom
           Maximum rank =  2   Radius =  0.650 angstrom
                   Q00  =  -0.217415
|Q1| =   0.560160  Q10  =   0.012108  Q11c =  -0.545238  Q11s =   0.127860
|Q2| =   0.618024  Q20  =  -0.336844  Q21c =  -0.014468  Q21s =   0.001687
                   Q22c =   0.399077  Q22s =  -0.330173

C          x = 10.705100  y = -2.368510  z =  0.141050 angstrom
           Maximum rank =  2   Radius =  0.650 angstrom
                   Q00  =   0.058222
|Q1| =   0.100773  Q10  =  -0.002248  Q11c =   0.087640  Q11s =   0.049693
|Q2| =   1.202141  Q20  =  -0.715223  Q21c =  -0.089497  Q21s =  -0.128813
                   Q22c =  -0.261658  Q22s =   0.916805

N          x = 10.042790  y = -3.304290  z =  0.226370 angstrom
           Maximum rank =  2   Radius =  0.650 angstrom
                   Q00  =  -0.222572
|Q1| =   0.565729  Q10  =  -0.039160  Q11c =   0.355341  Q11s =   0.438462
|Q2| =   0.619780  Q20  =  -0.331890  Q21c =  -0.044444  Q21s =  -0.071523
                   Q22c =  -0.239964  Q22s =   0.457497

C          x =  2.629080  y = -2.524820  z =  1.192870 angstrom
           Maximum rank =  2   Radius =  0.650 angstrom
                   Q00  =  -0.062783
|Q1| =   0.078658  Q10  =   0.003467  Q11c =   0.053053  Q11s =   0.057970
|Q2| =   1.299658  Q20  =   0.528853  Q21c =  -0.399292  Q21s =  -0.545607
                   Q22c =  -0.118586  Q22s =  -0.968628

C          x =  3.615220  y = -3.510450  z =  1.186930 angstrom
           Maximum rank =  2   Radius =  0.650 angstrom
                   Q00  =  -0.053720
|Q1| =   0.103274  Q10  =   0.034628  Q11c =  -0.082643  Q11s =   0.051347
|Q2| =   1.484926  Q20  =   0.702068  Q21c =  -0.457754  Q21s =  -0.423127
                   Q22c =  -0.035047  Q22s =  -1.149915

H          x =  4.159970  y = -3.723730  z =  0.275300 angstrom
           Maximum rank =  1   Radius =  0.350 angstrom
                   Q00  =   0.078942
|Q1| =   0.100286  Q10  =   0.053190  Q11c =  -0.071340  Q11s =   0.046246

C          x =  3.903030  y = -4.238620  z =  2.329110 angstrom
           Maximum rank =  2   Radius =  0.650 angstrom
                   Q00  =  -0.030701
|Q1| =   0.076529  Q10  =   0.008307  Q11c =  -0.059868  Q11s =   0.046942
|Q2| =   1.415524  Q20  =   0.461917  Q21c =  -0.436945  Q21s =  -0.425545
                   Q22c =  -0.028183  Q22s =  -1.190604

H          x =  4.678170  y = -4.996400  z =  2.292830 angstrom
           Maximum rank =  1   Radius =  0.350 angstrom
                   Q00  =   0.052423
|Q1| =   0.112891  Q10  =   0.003985  Q11c =  -0.077830  Q11s =   0.081676

C          x =  3.217880  y = -4.013090  z =  3.520290 angstrom
           Maximum rank =  2   Radius =  0.650 angstrom
                   Q00  =  -0.074989
|Q1| =   0.121499  Q10  =  -0.099482  Q11c =  -0.021669  Q11s =   0.066300
|Q2| =   1.139774  Q20  =   0.475466  Q21c =  -0.321216  Q21s =  -0.419609
                   Q22c =  -0.032697  Q22s =  -0.890334

C          x =  2.240840  y = -3.024820  z =  3.525150 angstrom
           Maximum rank =  2   Radius =  0.650 angstrom
                   Q00  =  -0.031616
|Q1| =   0.074646  Q10  =  -0.058767  Q11c =   0.042162  Q11s =  -0.018461
|Q2| =   1.401443  Q20  =   0.590488  Q21c =  -0.524156  Q21s =  -0.377286
                   Q22c =   0.006442  Q22s =  -1.094643

H          x =  1.694060  y = -2.819300  z =  4.438980 angstrom
           Maximum rank =  1   Radius =  0.350 angstrom
                   Q00  =   0.046448
|Q1| =   0.116385  Q10  =  -0.098745  Q11c =   0.057886  Q11s =  -0.021076

C          x =  1.950380  y = -2.290610  z =  2.383640 angstrom
           Maximum rank =  2   Radius =  0.650 angstrom
                   Q00  =  -0.034388
|Q1| =   0.097188  Q10  =  -0.060344  Q11c =   0.071991  Q11s =  -0.024932
|Q2| =   1.464460  Q20  =   0.489563  Q21c =  -0.370891  Q21s =  -0.501148
                   Q22c =  -0.025760  Q22s =  -1.231096

H          x =  1.187200  y = -1.524550  z =  2.431240 angstrom
           Maximum rank =  1   Radius =  0.350 angstrom
                   Q00  =   0.076314
|Q1| =   0.099041  Q10  =  -0.059510  Q11c =   0.061294  Q11s =  -0.050107

C          x =  2.463980  y = -2.467090  z = -1.360890 angstrom
           Maximum rank =  2   Radius =  0.650 angstrom
                   Q00  =  -0.062399
|Q1| =   0.065641  Q10  =   0.000683  Q11c =  -0.054831  Q11s =   0.036081
|Q2| =   1.282538  Q20  =   0.560558  Q21c =  -0.505327  Q21s =   0.364735
                   Q22c =  -0.672566  Q22s =   0.699960

C          x =  3.036140  y = -1.938380  z = -2.511690 angstrom
           Maximum rank =  2   Radius =  0.650 angstrom
                   Q00  =  -0.037163
|Q1| =   0.100922  Q10  =   0.057349  Q11c =  -0.064113  Q11s =  -0.052782
|Q2| =   1.481579  Q20  =   0.547562  Q21c =  -0.471180  Q21s =   0.354679
                   Q22c =  -0.786047  Q22s =   0.964145

H          x =  3.495750  y = -0.958260  z = -2.485990 angstrom
           Maximum rank =  1   Radius =  0.350 angstrom
                   Q00  =   0.078054
|Q1| =   0.100018  Q10  =   0.054290  Q11c =  -0.040478  Q11s =  -0.073605

C          x =  3.024130  y = -2.647730  z = -3.705260 angstrom
           Maximum rank =  2   Radius =  0.650 angstrom
                   Q00  =  -0.030830
|Q1| =   0.075907  Q10  =   0.059217  Q11c =  -0.029534  Q11s =  -0.037188
|Q2| =   1.398053  Q20  =   0.599639  Q21c =  -0.579292  Q21s =   0.165479
                   Q22c =  -0.671802  Q22s =   0.883575

H          x =  3.481140  y = -2.209380  z = -4.585660 angstrom
           Maximum rank =  1   Radius =  0.350 angstrom
                   Q00  =   0.048026
|Q1| =   0.115586  Q10  =   0.094916  Q11c =  -0.046978  Q11s =  -0.046305

C          x =  2.440870  y = -3.905350  z = -3.791580 angstrom
           Maximum rank =  2   Radius =  0.650 angstrom
                   Q00  =  -0.075549
|Q1| =   0.122009  Q10  =   0.104953  Q11c =   0.002738  Q11s =   0.062158
|Q2| =   1.140916  Q20  =   0.502203  Q21c =  -0.410632  Q21s =   0.274359
                   Q22c =  -0.574575  Q22s =   0.689532

C          x =  1.863390  y = -4.430880  z = -2.637470 angstrom
           Maximum rank =  2   Radius =  0.650 angstrom
                   Q00  =  -0.031471
|Q1| =   0.075883  Q10  =  -0.005476  Q11c =   0.041373  Q11s =   0.063375
|Q2| =   1.407452  Q20  =   0.476255  Q21c =  -0.495826  Q21s =   0.255842
                   Q22c =  -0.762313  Q22s =   0.928269

H          x =  1.398510  y = -5.410420  z = -2.671930 angstrom
           Maximum rank =  1   Radius =  0.350 angstrom
                   Q00  =   0.048592
|Q1| =   0.115414  Q10  =   0.001641  Q11c =   0.050144  Q11s =   0.103939

C          x =  1.875700  y = -3.728700  z = -1.444700 angstrom
           Maximum rank =  2   Radius =  0.650 angstrom
                   Q00  =  -0.051722
|Q1| =   0.105065  Q10  =  -0.031693  Q11c =   0.061174  Q11s =   0.079321
|Q2| =   1.477303  Q20  =   0.724410  Q21c =  -0.496535  Q21s =   0.199133
                   Q22c =  -0.754667  Q22s =   0.895506

H          x =  1.434320  y = -4.176610  z = -0.562710 angstrom
           Maximum rank =  1   Radius =  0.350 angstrom
                   Q00  =   0.074203
|Q1| =   0.106192  Q10  =  -0.049015  Q11c =   0.061098  Q11s =   0.071703

C          x = -2.463970  y =  2.467090  z =  1.361030 angstrom
           Maximum rank =  2   Radius =  0.650 angstrom
                   Q00  =  -0.062654
|Q1| =   0.065446  Q10  =  -0.000769  Q11c =   0.054710  Q11s =  -0.035908
|Q2| =   1.283249  Q20  =   0.561006  Q21c =  -0.505713  Q21s =   0.365081
                   Q22c =  -0.672808  Q22s =   0.700213

C          x = -1.875650  y =  3.728690  z =  1.444850 angstrom
           Maximum rank =  2   Radius =  0.650 angstrom
                   Q00  =  -0.051600
|Q1| =   0.104957  Q10  =   0.031660  Q11c =  -0.061400  Q11s =  -0.079017
|Q2| =   1.476757  Q20  =   0.723749  Q21c =  -0.496348  Q21s =   0.198856
                   Q22c =  -0.754600  Q22s =   0.895361

H          x = -1.434250  y =  4.176590  z =  0.562860 angstrom
           Maximum rank =  1   Radius =  0.350 angstrom
                   Q00  =   0.074375
|Q1| =   0.106004  Q10  =   0.048959  Q11c =  -0.061049  Q11s =  -0.071504

C          x = -1.863360  y =  4.430870  z =  2.637620 angstrom
           Maximum rank =  2   Radius =  0.650 angstrom
                   Q00  =  -0.031094
|Q1| =   0.075717  Q10  =   0.005457  Q11c =  -0.041552  Q11s =  -0.063062
|Q2| =   1.406081  Q20  =   0.475772  Q21c =  -0.495300  Q21s =   0.255622
                   Q22c =  -0.761656  Q22s =   0.927319

H          x = -1.398460  y =  5.410400  z =  2.672080 angstrom
           Maximum rank =  1   Radius =  0.350 angstrom
                   Q00  =   0.049091
|Q1| =   0.114983  Q10  =  -0.001614  Q11c =  -0.050019  Q11s =  -0.103521

C          x = -2.440880  y =  3.905350  z =  3.791710 angstrom
           Maximum rank =  2   Radius =  0.650 angstrom
                   Q00  =  -0.075260
|Q1| =   0.122026  Q10  =  -0.105069  Q11c =  -0.002890  Q11s =  -0.061988
|Q2| =   1.139980  Q20  =   0.501528  Q21c =  -0.410339  Q21s =   0.274028
                   Q22c =  -0.574149  Q22s =   0.689137

C          x = -3.024180  y =  2.647770  z =  3.705380 angstrom
           Maximum rank =  2   Radius =  0.650 angstrom
                   Q00  =  -0.030950
|Q1| =   0.075998  Q10  =  -0.059245  Q11c =   0.029381  Q11s =   0.037451
|Q2| =   1.398356  Q20  =   0.599937  Q21c =  -0.579516  Q21s =   0.165780
                   Q22c =  -0.671680  Q22s =   0.883741

H          x = -3.481250  y =  2.209440  z =  4.585760 angstrom
           Maximum rank =  1   Radius =  0.350 angstrom
                   Q00  =   0.047887
|Q1| =   0.115709  Q10  =  -0.094974  Q11c =   0.047019  Q11s =   0.046452

C          x = -3.036180  y =  1.938400  z =  2.511800 angstrom
           Maximum rank =  2   Radius =  0.650 angstrom
                   Q00  =  -0.037480
|Q1| =   0.100986  Q10  =  -0.057422  Q11c =   0.063925  Q11s =   0.053051
|Q2| =   1.482629  Q20  =   0.547762  Q21c =  -0.471513  Q21s =   0.355095
                   Q22c =  -0.786380  Q22s =   0.965057

H          x = -3.495840  y =  0.958310  z =  2.486090 angstrom
           Maximum rank =  1   Radius =  0.350 angstrom
                   Q00  =   0.077735
|Q1| =   0.100235  Q10  =  -0.054348  Q11c =   0.040540  Q11s =   0.073823

C          x = -2.629060  y =  2.524840  z = -1.192730 angstrom
           Maximum rank =  2   Radius =  0.650 angstrom
                   Q00  =  -0.063020
|Q1| =   0.078354  Q10  =  -0.003355  Q11c =  -0.052895  Q11s =  -0.057708
|Q2| =   1.300287  Q20  =   0.529203  Q21c =  -0.399483  Q21s =  -0.546070
                   Q22c =  -0.118760  Q22s =  -0.968921

C          x = -3.615190  y =  3.510490  z = -1.186780 angstrom
           Maximum rank =  2   Radius =  0.650 angstrom
                   Q00  =  -0.053658
|Q1| =   0.103225  Q10  =  -0.034568  Q11c =   0.082871  Q11s =  -0.050920
|Q2| =   1.484514  Q20  =   0.701611  Q21c =  -0.457702  Q21s =  -0.422734
                   Q22c =  -0.035171  Q22s =  -1.149823

H          x = -4.159940  y =  3.723760  z = -0.275140 angstrom
           Maximum rank =  1   Radius =  0.350 angstrom
                   Q00  =   0.079031
|Q1| =   0.100165  Q10  =  -0.053154  Q11c =   0.071292  Q11s =  -0.046098

C          x = -3.903000  y =  4.238670  z = -2.328940 angstrom
           Maximum rank =  2   Radius =  0.650 angstrom
                   Q00  =  -0.030390
|Q1| =   0.076426  Q10  =  -0.008237  Q11c =   0.060085  Q11s =  -0.046507
|Q2| =   1.414303  Q20  =   0.461495  Q21c =  -0.436510  Q21s =  -0.425191
                   Q22c =  -0.028495  Q22s =  -1.189594

H          x = -4.678140  y =  4.996460  z = -2.292650 angstrom
           Maximum rank =  1   Radius =  0.350 angstrom
                   Q00  =   0.052812
|Q1| =   0.112554  Q10  =  -0.003991  Q11c =   0.077664  Q11s =  -0.081368

C          x = -3.217860  y =  4.013140  z = -3.520130 angstrom
           Maximum rank =  2   Radius =  0.650 angstrom
                   Q00  =  -0.074674
|Q1| =   0.121497  Q10  =   0.099629  Q11c =   0.021875  Q11s =  -0.066009
|Q2| =   1.138756  Q20  =   0.474823  Q21c =  -0.321092  Q21s =  -0.419121
                   Q22c =  -0.032710  Q22s =  -0.889650

C          x = -2.240820  y =  3.024870  z = -3.525000 angstrom
           Maximum rank =  2   Radius =  0.650 angstrom
                   Q00  =  -0.031642
|Q1| =   0.074672  Q10  =   0.058817  Q11c =  -0.041969  Q11s =   0.018841
|Q2| =   1.401450  Q20  =   0.590638  Q21c =  -0.524189  Q21s =  -0.377629
                   Q22c =   0.006501  Q22s =  -1.094436

H          x = -1.694040  y =  2.819360  z = -4.438840 angstrom
           Maximum rank =  1   Radius =  0.350 angstrom
                   Q00  =   0.046419
|Q1| =   0.116415  Q10  =   0.098745  Q11c =  -0.057899  Q11s =   0.021202

C          x = -1.950360  y =  2.290650  z = -2.383500 angstrom
           Maximum rank =  2   Radius =  0.650 angstrom
                   Q00  =  -0.034626
|Q1| =   0.097200  Q10  =   0.060428  Q11c =  -0.071805  Q11s =   0.025303
|Q2| =   1.465288  Q20  =   0.489719  Q21c =  -0.371094  Q21s =  -0.501494
                   Q22c =  -0.025584  Q22s =  -1.231821

H          x = -1.187190  y =  1.524580  z = -2.431110 angstrom
           Maximum rank =  1   Radius =  0.350 angstrom
                   Q00  =   0.076046
|Q1| =   0.099212  Q10  =   0.059560  Q11c =  -0.061380  Q11s =   0.050281

C          x =  3.513950  y = -4.828020  z =  4.749830 angstrom
           Maximum rank =  2   Radius =  0.650 angstrom
                   Q00  =   0.023519
|Q1| =   0.023082  Q10  =  -0.014505  Q11c =  -0.002000  Q11s =   0.017844
|Q2| =   0.104824  Q20  =   0.065403  Q21c =   0.024495  Q21s =  -0.071264
                   Q22c =  -0.008003  Q22s =  -0.031111

H          x =  3.005610  y = -5.795540  z =  4.709350 angstrom
           Maximum rank =  1   Radius =  0.350 angstrom
                   Q00  =   0.031718
|Q1| =   0.123448  Q10  =  -0.036369  Q11c =   0.036435  Q11s =   0.112201

H          x =  3.180070  y = -4.317780  z =  5.654210 angstrom
           Maximum rank =  1   Radius =  0.350 angstrom
                   Q00  =   0.025041
|Q1| =   0.124549  Q10  =  -0.121328  Q11c =   0.020463  Q11s =  -0.019318

H          x =  4.583070  y = -5.025060  z =  4.846400 angstrom
           Maximum rank =  1   Radius =  0.350 angstrom
                   Q00  =   0.029264
|Q1| =   0.122604  Q10  =  -0.049929  Q11c =  -0.103087  Q11s =   0.043725

C          x =  2.453490  y = -4.688910  z = -5.075870 angstrom
           Maximum rank =  2   Radius =  0.650 angstrom
                   Q00  =   0.023360
|Q1| =   0.022617  Q10  =   0.015070  Q11c =  -0.001600  Q11s =   0.016789
|Q2| =   0.106429  Q20  =   0.074324  Q21c =   0.002097  Q21s =   0.071281
                   Q22c =  -0.019663  Q22s =   0.018194

H          x =  3.246230  y = -5.442160  z = -5.065870 angstrom
           Maximum rank =  1   Radius =  0.350 angstrom
                   Q00  =   0.033143
|Q1| =   0.122381  Q10  =   0.040977  Q11c =  -0.069914  Q11s =   0.091706

H          x =  2.626200  y = -4.039930  z = -5.935250 angstrom
           Maximum rank =  1   Radius =  0.350 angstrom
                   Q00  =   0.025344
|Q1| =   0.124285  Q10  =   0.118917  Q11c =  -0.015075  Q11s =  -0.032836

H          x =  1.508100  y = -5.212190  z = -5.230630 angstrom
           Maximum rank =  1   Radius =  0.350 angstrom
                   Q00  =   0.027309
|Q1| =   0.124198  Q10  =   0.056187  Q11c =   0.084285  Q11s =   0.071862

C          x = -2.453390  y =  4.688910  z =  5.076010 angstrom
           Maximum rank =  2   Radius =  0.650 angstrom
                   Q00  =   0.023373
|Q1| =   0.022376  Q10  =  -0.015003  Q11c =   0.001540  Q11s =  -0.016529
|Q2| =   0.107141  Q20  =   0.074801  Q21c =   0.001869  Q21s =   0.071660
                   Q22c =  -0.020213  Q22s =   0.018353

H          x = -3.244580  y =  5.443780  z =  5.065120 angstrom
           Maximum rank =  1   Radius =  0.350 angstrom
                   Q00  =   0.033575
|Q1| =   0.121998  Q10  =  -0.040822  Q11c =   0.069617  Q11s =  -0.091491

H          x = -1.507110  y =  5.210270  z =  5.231850 angstrom
           Maximum rank =  1   Radius =  0.350 angstrom
                   Q00  =   0.027633
|Q1| =   0.123901  Q10  =  -0.056195  Q11c =  -0.084229  Q11s =  -0.071408

H          x = -2.628370  y =  4.040260  z =  5.935180 angstrom
           Maximum rank =  1   Radius =  0.350 angstrom
                   Q00  =   0.025244
|Q1| =   0.124314  Q10  =  -0.118883  Q11c =   0.015269  Q11s =   0.032978

C          x = -3.513940  y =  4.828080  z = -4.749660 angstrom
           Maximum rank =  2   Radius =  0.650 angstrom
                   Q00  =   0.023535
|Q1| =   0.022815  Q10  =   0.014446  Q11c =   0.002020  Q11s =  -0.017543
|Q2| =   0.105627  Q20  =   0.065834  Q21c =   0.024414  Q21s =  -0.071793
                   Q22c =  -0.008251  Q22s =  -0.031695

H          x = -3.179750  y =  4.318020  z = -5.654020 angstrom
           Maximum rank =  1   Radius =  0.350 angstrom
                   Q00  =   0.024999
|Q1| =   0.124532  Q10  =   0.121283  Q11c =  -0.020483  Q11s =   0.019470

H          x = -3.005900  y =  5.795750  z = -4.709010 angstrom
           Maximum rank =  1   Radius =  0.350 angstrom
                   Q00  =   0.032245
|Q1| =   0.122988  Q10  =   0.036275  Q11c =  -0.036306  Q11s =  -0.111768

H          x = -4.583110  y =  5.024820  z = -4.846410 angstrom
           Maximum rank =  1   Radius =  0.350 angstrom
                   Q00  =   0.029468
|Q1| =   0.122397  Q10  =   0.049879  Q11c =   0.102970  Q11s =  -0.043477

Total multipoles referred to origin at
           x =   0.000000,  y =    0.000000,  z =    0.000000 angstrom
                   Q00  =   0.000004
|Q1| =   0.109943  Q10  =  -0.001580  Q11c =   0.026253  Q11s =   0.106751
|Q2| = 245.482573  Q20  = 135.110470  Q21c =  -8.819388  Q21s =   2.622118
                   Q22c =-196.446885  Q22s =  57.713245

CPU time used:     68m25.308s          Total:     68m25.308s

Finished at 17:40:45 on 28 Jun 2021 
