                                     G D M A

                                 by Anthony Stone

                         version 2.2.11, 04 February 2015

               Distributed Multipoles from Gaussian wavefunctions


Starting at 14:51:8 on 28 Jun 2021  

s1S0



Using CI density matrix from file sN_mx.fchk


                         Distributed Multipole Analysis

Standard DMA for products of primitives with exponent greater than 4.00000
Using 80-point Euler-MacLaurin radial quadrature
Using 590-point Lebedev quadrature
Becke smoothing parameter = 3

Positions and radii in angstrom
Multipole moments in atomic units, ea_0^k for rank k

C          x = -8.625280  y =  0.193040  z = -0.015150 angstrom
           Maximum rank =  2   Radius =  0.650 angstrom
                   Q00  =   0.010798
|Q1| =   0.045674  Q10  =   0.000658  Q11c =  -0.038853  Q11s =  -0.024002
|Q2| =   1.369286  Q20  =  -1.364020  Q21c =   0.002494  Q21s =   0.007907
                   Q22c =   0.119454  Q22s =  -0.007455

H          x = -8.803600  y =  1.260170  z =  0.007490 angstrom
           Maximum rank =  1   Radius =  0.350 angstrom
                   Q00  =   0.090088
|Q1| =   0.070533  Q10  =  -0.011929  Q11c =  -0.025923  Q11s =  -0.064503

C          x = -9.748470  y = -0.582520  z = -0.019920 angstrom
           Maximum rank =  2   Radius =  0.650 angstrom
                   Q00  =  -0.055510
|Q1| =   0.057572  Q10  =   0.007073  Q11c =  -0.039689  Q11s =  -0.041101
|Q2| =   1.314717  Q20  =  -1.292278  Q21c =  -0.023073  Q21s =  -0.040428
                   Q22c =   0.122604  Q22s =   0.203226

C          x =-11.132630  y = -0.079660  z = -0.003190 angstrom
           Maximum rank =  2   Radius =  0.650 angstrom
                   Q00  =   0.029860
|Q1| =   0.041114  Q10  =  -0.002275  Q11c =  -0.008179  Q11s =  -0.040228
|Q2| =   1.158043  Q20  =  -1.108825  Q21c =  -0.048890  Q21s =  -0.175271
                   Q22c =  -0.214876  Q22s =  -0.179687

C          x = -9.817920  y = -2.065060  z =  0.016930 angstrom
           Maximum rank =  2   Radius =  0.650 angstrom
                   Q00  =   0.194949
|Q1| =   0.032862  Q10  =   0.000146  Q11c =   0.024104  Q11s =  -0.022335
|Q2| =   0.754613  Q20  =  -0.708662  Q21c =  -0.068642  Q21s =  -0.013373
                   Q22c =   0.063823  Q22s =  -0.241403

O          x = -8.912030  y = -2.868630  z = -0.019000 angstrom
           Maximum rank =  2   Radius =  0.650 angstrom
                   Q00  =  -0.392313
|Q1| =   0.491410  Q10  =   0.012548  Q11c =  -0.371588  Q11s =   0.321324
|Q2| =   0.939427  Q20  =  -0.201969  Q21c =  -0.003346  Q21s =   0.056743
                   Q22c =   0.131711  Q22s =  -0.906175

C          x =-12.027070  y = -1.258880  z =  0.121240 angstrom
           Maximum rank =  2   Radius =  0.650 angstrom
                   Q00  =  -0.025843
|Q1| =   0.085998  Q10  =  -0.005832  Q11c =   0.074146  Q11s =  -0.043175
|Q2| =   1.240660  Q20  =  -1.214155  Q21c =  -0.159031  Q21s =  -0.111441
                   Q22c =   0.122232  Q22s =   0.111421

C          x =-11.249890  y = -2.415880  z =  0.120280 angstrom
           Maximum rank =  2   Radius =  0.650 angstrom
                   Q00  =  -0.044795
|Q1| =   0.074481  Q10  =  -0.002331  Q11c =  -0.007477  Q11s =   0.074068
|Q2| =   1.231259  Q20  =  -1.210132  Q21c =  -0.135644  Q21s =  -0.102909
                   Q22c =  -0.039782  Q22s =   0.144941

C          x =-13.411060  y = -1.374800  z =  0.224850 angstrom
           Maximum rank =  2   Radius =  0.650 angstrom
                   Q00  =  -0.007486
|Q1| =   0.083065  Q10  =  -0.004580  Q11c =   0.080293  Q11s =  -0.020784
|Q2| =   1.398483  Q20  =  -1.370857  Q21c =  -0.158507  Q21s =  -0.111563
                   Q22c =  -0.106063  Q22s =  -0.166391

H          x =-14.062140  y = -0.515260  z =  0.235240 angstrom
           Maximum rank =  1   Radius =  0.350 angstrom
                   Q00  =   0.086280
|Q1| =   0.077522  Q10  =  -0.008870  Q11c =   0.073805  Q11s =  -0.021995

C          x =-13.964070  y = -2.645870  z =  0.320460 angstrom
           Maximum rank =  2   Radius =  0.650 angstrom
                   Q00  =  -0.011717
|Q1| =   0.055253  Q10  =  -0.005312  Q11c =   0.051654  Q11s =   0.018881
|Q2| =   1.339688  Q20  =  -1.306572  Q21c =  -0.181955  Q21s =  -0.094666
                   Q22c =   0.211108  Q22s =   0.031563

H          x =-15.039680  y = -2.742880  z =  0.403020 angstrom
           Maximum rank =  1   Radius =  0.350 angstrom
                   Q00  =   0.048553
|Q1| =   0.104937  Q10  =  -0.008529  Q11c =   0.103314  Q11s =   0.016291

C          x =-11.793520  y = -3.681550  z =  0.211140 angstrom
           Maximum rank =  2   Radius =  0.650 angstrom
                   Q00  =   0.008039
|Q1| =   0.095987  Q10  =  -0.005622  Q11c =   0.022343  Q11s =   0.093181
|Q2| =   1.337895  Q20  =  -1.315878  Q21c =  -0.151726  Q21s =  -0.084046
                   Q22c =   0.013619  Q22s =  -0.167801

H          x =-11.144030  y = -4.548020  z =  0.203250 angstrom
           Maximum rank =  1   Radius =  0.350 angstrom
                   Q00  =   0.072936
|Q1| =   0.099544  Q10  =  -0.002115  Q11c =  -0.026042  Q11s =   0.096054

C          x =-13.172290  y = -3.790890  z =  0.312280 angstrom
           Maximum rank =  2   Radius =  0.650 angstrom
                   Q00  =  -0.014928
|Q1| =   0.061759  Q10  =  -0.004566  Q11c =   0.033893  Q11s =   0.051426
|Q2| =   1.350849  Q20  =  -1.311304  Q21c =  -0.158343  Q21s =  -0.117808
                   Q22c =  -0.155356  Q22s =   0.205393

H          x =-13.637570  y = -4.766090  z =  0.386630 angstrom
           Maximum rank =  1   Radius =  0.350 angstrom
                   Q00  =   0.045283
|Q1| =   0.105759  Q10  =  -0.007366  Q11c =   0.046761  Q11s =   0.094574

C          x =-11.567050  y =  1.210430  z = -0.113040 angstrom
           Maximum rank =  2   Radius =  0.650 angstrom
                   Q00  =  -0.020051
|Q1| =   0.027120  Q10  =  -0.007237  Q11c =  -0.012292  Q11s =   0.023066
|Q2| =   1.307597  Q20  =  -1.275637  Q21c =  -0.099999  Q21s =  -0.237974
                   Q22c =  -0.100314  Q22s =  -0.076596

C          x =-12.946630  y =  1.575990  z = -0.086280 angstrom
           Maximum rank =  2   Radius =  0.650 angstrom
                   Q00  =   0.057956
|Q1| =   0.108524  Q10  =  -0.008255  Q11c =   0.107536  Q11s =   0.012058
|Q2| =   1.213766  Q20  =  -0.712415  Q21c =  -0.046336  Q21s =  -0.013098
                   Q22c =   0.827710  Q22s =  -0.527511

N          x =-14.045460  y =  1.912200  z = -0.067350 angstrom
           Maximum rank =  2   Radius =  0.650 angstrom
                   Q00  =  -0.227395
|Q1| =   0.565279  Q10  =  -0.014122  Q11c =   0.549201  Q11s =  -0.133116
|Q2| =   0.627329  Q20  =  -0.337133  Q21c =  -0.012191  Q21s =   0.000726
                   Q22c =   0.406636  Q22s =  -0.338201

C          x =-10.709870  y =  2.338940  z = -0.281530 angstrom
           Maximum rank =  2   Radius =  0.650 angstrom
                   Q00  =   0.056924
|Q1| =   0.099781  Q10  =   0.003793  Q11c =  -0.086394  Q11s =  -0.049779
|Q2| =   1.204544  Q20  =  -0.702277  Q21c =  -0.141999  Q21s =  -0.208372
                   Q22c =  -0.257408  Q22s =   0.909885

N          x =-10.050300  y =  3.270620  z = -0.418740 angstrom
           Maximum rank =  2   Radius =  0.650 angstrom
                   Q00  =  -0.227991
|Q1| =   0.568434  Q10  =   0.063041  Q11c =  -0.354831  Q11s =  -0.439588
|Q2| =   0.623267  Q20  =  -0.325840  Q21c =  -0.072575  Q21s =  -0.115830
                   Q22c =  -0.237467  Q22s =   0.455210

C          x = -7.232090  y = -0.103940  z = -0.022310 angstrom
           Maximum rank =  2   Radius =  0.650 angstrom
                   Q00  =  -0.299474
|Q1| =   0.458275  Q10  =  -0.026661  Q11c =  -0.205958  Q11s =  -0.408517
|Q2| =   1.426449  Q20  =  -1.176705  Q21c =  -0.033473  Q21s =   0.057994
                   Q22c =   0.523786  Q22s =  -0.609332

S          x = -6.160890  y =  1.304520  z =  0.041650 angstrom
           Maximum rank =  2   Radius =  0.650 angstrom
                   Q00  =   0.713121
|Q1| =   1.085837  Q10  =  -0.065635  Q11c =   0.224287  Q11s =  -1.060391
|Q2| =   2.322746  Q20  =  -2.120821  Q21c =  -0.031493  Q21s =   0.071125
                   Q22c =   0.904800  Q22s =   0.269358

C          x = -6.510100  y = -1.282400  z = -0.086720 angstrom
           Maximum rank =  2   Radius =  0.650 angstrom
                   Q00  =  -0.018222
|Q1| =   0.080778  Q10  =   0.003703  Q11c =  -0.013916  Q11s =   0.079485
|Q2| =   1.390424  Q20  =  -1.348754  Q21c =  -0.002336  Q21s =   0.111944
                   Q22c =   0.024838  Q22s =   0.317787

H          x = -6.993050  y = -2.244830  z = -0.135790 angstrom
           Maximum rank =  1   Radius =  0.350 angstrom
                   Q00  =   0.122176
|Q1| =   0.071189  Q10  =   0.008276  Q11c =  -0.034623  Q11s =   0.061649

C          x = -5.132950  y = -1.045480  z = -0.077250 angstrom
           Maximum rank =  2   Radius =  0.650 angstrom
                   Q00  =  -0.338007
|Q1| =   0.541840  Q10  =   0.018550  Q11c =  -0.305759  Q11s =   0.446943
|Q2| =   1.340914  Q20  =  -1.169765  Q21c =   0.024352  Q21s =   0.082263
                   Q22c =   0.350204  Q22s =   0.547446

C          x = -4.771620  y =  0.302160  z = -0.009860 angstrom
           Maximum rank =  2   Radius =  0.650 angstrom
                   Q00  =  -0.346484
|Q1| =   0.546490  Q10  =  -0.047147  Q11c =   0.371924  Q11s =  -0.397619
|Q2| =   1.421504  Q20  =  -1.272747  Q21c =   0.033514  Q21s =   0.067450
                   Q22c =   0.307555  Q22s =   0.548201

S          x = -3.736650  y = -2.095060  z = -0.130570 angstrom
           Maximum rank =  2   Radius =  0.650 angstrom
                   Q00  =   0.727172
|Q1| =   1.128683  Q10  =   0.058864  Q11c =  -0.153916  Q11s =   1.116589
|Q2| =   2.291550  Q20  =  -2.106641  Q21c =   0.030654  Q21s =   0.150711
                   Q22c =   0.837873  Q22s =   0.295944

C          x = -3.371680  y =  0.489500  z =  0.013470 angstrom
           Maximum rank =  2   Radius =  0.650 angstrom
                   Q00  =  -0.065387
|Q1| =   0.098780  Q10  =  -0.052901  Q11c =   0.077505  Q11s =  -0.030852
|Q2| =   1.262869  Q20  =  -1.235801  Q21c =   0.018822  Q21s =   0.073926
                   Q22c =   0.122312  Q22s =   0.216463

C          x = -2.709580  y = -0.704220  z = -0.048630 angstrom
           Maximum rank =  2   Radius =  0.650 angstrom
                   Q00  =  -0.324616
|Q1| =   0.620157  Q10  =   0.019717  Q11c =   0.226283  Q11s =   0.577063
|Q2| =   1.364944  Q20  =  -1.233401  Q21c =  -0.000690  Q21s =   0.077120
                   Q22c =   0.506905  Q22s =  -0.280882

C          x = -1.274570  y = -0.498490  z = -0.034790 angstrom
           Maximum rank =  2   Radius =  0.650 angstrom
                   Q00  =  -0.025274
|Q1| =   0.121556  Q10  =   0.012007  Q11c =   0.009801  Q11s =   0.120564
|Q2| =   1.281402  Q20  =  -1.238427  Q21c =   0.002362  Q21s =   0.093689
                   Q22c =   0.172267  Q22s =  -0.264253

C          x = -1.064730  y =  0.891310  z =  0.023980 angstrom
           Maximum rank =  2   Radius =  0.650 angstrom
                   Q00  =  -0.036655
|Q1| =   0.089103  Q10  =   0.039673  Q11c =  -0.049707  Q11s =  -0.062407
|Q2| =   1.235570  Q20  =  -1.220246  Q21c =   0.011641  Q21s =   0.103964
                   Q22c =   0.163190  Q22s =  -0.007623

C          x = -2.398400  y =  1.656840  z =  0.056900 angstrom
           Maximum rank =  2   Radius =  0.650 angstrom
                   Q00  =  -0.006811
|Q1| =   0.063038  Q10  =  -0.001457  Q11c =   0.000683  Q11s =  -0.063018
|Q2| =   0.176882  Q20  =   0.004454  Q21c =   0.081467  Q21s =   0.024099
                   Q22c =  -0.145608  Q22s =  -0.053368

C          x =  0.216340  y =  1.401870  z =  0.062950 angstrom
           Maximum rank =  2   Radius =  0.650 angstrom
                   Q00  =  -0.015060
|Q1| =   0.105158  Q10  =   0.022148  Q11c =  -0.016619  Q11s =  -0.101447
|Q2| =   1.441586  Q20  =  -1.433936  Q21c =   0.005395  Q21s =   0.142977
                   Q22c =   0.007052  Q22s =  -0.038405

H          x =  0.394920  y =  2.468940  z =  0.113690 angstrom
           Maximum rank =  1   Radius =  0.350 angstrom
                   Q00  =   0.083998
|Q1| =   0.103454  Q10  =   0.000380  Q11c =  -0.038341  Q11s =  -0.096086

C          x =  1.274600  y =  0.498460  z =  0.034920 angstrom
           Maximum rank =  2   Radius =  0.650 angstrom
                   Q00  =  -0.024933
|Q1| =   0.121391  Q10  =  -0.011990  Q11c =  -0.009057  Q11s =  -0.120458
|Q2| =   1.280607  Q20  =  -1.237600  Q21c =   0.002380  Q21s =   0.093617
                   Q22c =   0.172342  Q22s =  -0.264254

C          x = -0.216320  y = -1.401900  z = -0.062820 angstrom
           Maximum rank =  2   Radius =  0.650 angstrom
                   Q00  =  -0.014837
|Q1| =   0.105214  Q10  =  -0.022142  Q11c =   0.016497  Q11s =   0.101526
|Q2| =   1.441076  Q20  =  -1.433418  Q21c =   0.005384  Q21s =   0.142964
                   Q22c =   0.006990  Q22s =  -0.038709

H          x = -0.394890  y = -2.468970  z = -0.113560 angstrom
           Maximum rank =  1   Radius =  0.350 angstrom
                   Q00  =   0.084008
|Q1| =   0.103475  Q10  =  -0.000378  Q11c =   0.038395  Q11s =   0.096087

C          x =  1.064760  y = -0.891350  z = -0.023840 angstrom
           Maximum rank =  2   Radius =  0.650 angstrom
                   Q00  =  -0.036813
|Q1| =   0.089092  Q10  =  -0.039645  Q11c =   0.049857  Q11s =   0.062289
|Q2| =   1.235994  Q20  =  -1.220669  Q21c =   0.011688  Q21s =   0.103949
                   Q22c =   0.163254  Q22s =  -0.007345

C          x =  2.398430  y = -1.656870  z = -0.056750 angstrom
           Maximum rank =  2   Radius =  0.650 angstrom
                   Q00  =  -0.006819
|Q1| =   0.063081  Q10  =   0.001461  Q11c =  -0.000740  Q11s =   0.063060
|Q2| =   0.176903  Q20  =   0.004419  Q21c =   0.081468  Q21s =   0.024100
                   Q22c =  -0.145601  Q22s =  -0.053455

C          x =  2.709610  y =  0.704190  z =  0.048750 angstrom
           Maximum rank =  2   Radius =  0.650 angstrom
                   Q00  =  -0.324877
|Q1| =   0.620022  Q10  =  -0.019655  Q11c =  -0.227100  Q11s =  -0.576599
|Q2| =   1.365529  Q20  =  -1.233956  Q21c =  -0.000686  Q21s =   0.077105
                   Q22c =   0.507278  Q22s =  -0.280616

C          x =  3.371700  y = -0.489540  z = -0.013350 angstrom
           Maximum rank =  2   Radius =  0.650 angstrom
                   Q00  =  -0.065749
|Q1| =   0.097838  Q10  =   0.052937  Q11c =  -0.076453  Q11s =   0.030412
|Q2| =   1.263720  Q20  =  -1.236573  Q21c =   0.018820  Q21s =   0.073949
                   Q22c =   0.122872  Q22s =   0.216690

S          x =  3.736680  y =  2.095020  z =  0.130650 angstrom
           Maximum rank =  2   Radius =  0.650 angstrom
                   Q00  =   0.727780
|Q1| =   1.128038  Q10  =  -0.058820  Q11c =   0.153809  Q11s =  -1.115953
|Q2| =   2.289380  Q20  =  -2.104713  Q21c =   0.030476  Q21s =   0.150566
                   Q22c =   0.836767  Q22s =   0.296079

C          x =  4.771650  y = -0.302200  z =  0.009950 angstrom
           Maximum rank =  2   Radius =  0.650 angstrom
                   Q00  =  -0.345766
|Q1| =   0.546946  Q10  =   0.047168  Q11c =  -0.372919  Q11s =   0.397311
|Q2| =   1.420143  Q20  =  -1.271258  Q21c =   0.033377  Q21s =   0.067248
                   Q22c =   0.307770  Q22s =   0.548044

S          x =  6.160910  y = -1.304570  z = -0.041580 angstrom
           Maximum rank =  2   Radius =  0.650 angstrom
                   Q00  =   0.714937
|Q1| =   1.084164  Q10  =   0.065478  Q11c =  -0.224113  Q11s =   1.058724
|Q2| =   2.315806  Q20  =  -2.114258  Q21c =  -0.031561  Q21s =   0.071010
                   Q22c =   0.902528  Q22s =   0.268839

C          x =  5.132970  y =  1.045440  z =  0.077310 angstrom
           Maximum rank =  2   Radius =  0.650 angstrom
                   Q00  =  -0.338699
|Q1| =   0.541983  Q10  =  -0.018526  Q11c =   0.306553  Q11s =  -0.446573
|Q2| =   1.342886  Q20  =  -1.171508  Q21c =   0.024347  Q21s =   0.082335
                   Q22c =   0.350743  Q22s =   0.548197

C          x =  6.510130  y =  1.282360  z =  0.086760 angstrom
           Maximum rank =  2   Radius =  0.650 angstrom
                   Q00  =  -0.016252
|Q1| =   0.079599  Q10  =  -0.003620  Q11c =   0.012897  Q11s =  -0.078464
|Q2| =   1.384583  Q20  =  -1.342783  Q21c =  -0.002249  Q21s =   0.111419
                   Q22c =   0.024106  Q22s =   0.317812

H          x =  6.993080  y =  2.244780  z =  0.135810 angstrom
           Maximum rank =  1   Radius =  0.350 angstrom
                   Q00  =   0.122607
|Q1| =   0.070931  Q10  =  -0.008239  Q11c =   0.034557  Q11s =  -0.061393

C          x =  7.232110  y =  0.103890  z =  0.022340 angstrom
           Maximum rank =  2   Radius =  0.650 angstrom
                   Q00  =  -0.300741
|Q1| =   0.458279  Q10  =   0.026625  Q11c =   0.207235  Q11s =   0.407878
|Q2| =   1.429191  Q20  =  -1.179157  Q21c =  -0.033580  Q21s =   0.058249
                   Q22c =   0.525090  Q22s =  -0.609866

C          x =  8.625300  y = -0.193080  z =  0.015150 angstrom
           Maximum rank =  2   Radius =  0.650 angstrom
                   Q00  =   0.014591
|Q1| =   0.043590  Q10  =  -0.000729  Q11c =   0.037087  Q11s =   0.022892
|Q2| =   1.357900  Q20  =  -1.352673  Q21c =   0.002364  Q21s =   0.007685
                   Q22c =   0.118506  Q22s =  -0.007614

H          x =  8.803630  y = -1.260220  z = -0.007510 angstrom
           Maximum rank =  1   Radius =  0.350 angstrom
                   Q00  =   0.090728
|Q1| =   0.070273  Q10  =   0.011827  Q11c =   0.025875  Q11s =   0.064256

C          x =  9.748490  y =  0.582480  z =  0.019910 angstrom
           Maximum rank =  2   Radius =  0.650 angstrom
                   Q00  =  -0.055121
|Q1| =   0.059639  Q10  =  -0.007056  Q11c =   0.041772  Q11s =   0.041977
|Q2| =   1.312257  Q20  =  -1.289665  Q21c =  -0.022856  Q21s =  -0.040120
                   Q22c =   0.123645  Q22s =   0.203377

C          x = 11.132660  y =  0.079640  z =  0.003150 angstrom
           Maximum rank =  2   Radius =  0.650 angstrom
                   Q00  =   0.032149
|Q1| =   0.042293  Q10  =   0.002260  Q11c =   0.006953  Q11s =   0.041656
|Q2| =   1.151342  Q20  =  -1.101893  Q21c =  -0.048478  Q21s =  -0.174036
                   Q22c =  -0.214622  Q22s =  -0.180882

C          x =  9.817910  y =  2.065020  z = -0.016870 angstrom
           Maximum rank =  2   Radius =  0.650 angstrom
                   Q00  =   0.195428
|Q1| =   0.032522  Q10  =  -0.000099  Q11c =  -0.024150  Q11s =   0.021781
|Q2| =   0.753108  Q20  =  -0.707056  Q21c =  -0.068386  Q21s =  -0.013254
                   Q22c =   0.063010  Q22s =  -0.241704

O          x =  8.912000  y =  2.868560  z =  0.019060 angstrom
           Maximum rank =  2   Radius =  0.650 angstrom
                   Q00  =  -0.391477
|Q1| =   0.490897  Q10  =  -0.012522  Q11c =   0.371622  Q11s =  -0.320501
|Q2| =   0.938964  Q20  =  -0.201584  Q21c =  -0.003280  Q21s =   0.056772
                   Q22c =   0.131395  Q22s =  -0.905825

C          x = 12.027080  y =  1.258890  z = -0.121180 angstrom
           Maximum rank =  2   Radius =  0.650 angstrom
                   Q00  =  -0.026177
|Q1| =   0.085826  Q10  =   0.005862  Q11c =  -0.073965  Q11s =   0.043139
|Q2| =   1.241130  Q20  =  -1.214596  Q21c =  -0.159048  Q21s =  -0.111398
                   Q22c =   0.122023  Q22s =   0.112095

C          x = 11.249880  y =  2.415880  z = -0.120180 angstrom
           Maximum rank =  2   Radius =  0.650 angstrom
                   Q00  =  -0.044659
|Q1| =   0.073993  Q10  =   0.002328  Q11c =   0.007831  Q11s =  -0.073541
|Q2| =   1.230767  Q20  =  -1.209688  Q21c =  -0.135497  Q21s =  -0.102746
                   Q22c =  -0.039482  Q22s =   0.144799

C          x = 13.411070  y =  1.374840  z = -0.224750 angstrom
           Maximum rank =  2   Radius =  0.650 angstrom
                   Q00  =  -0.006028
|Q1| =   0.082612  Q10  =   0.004574  Q11c =  -0.079846  Q11s =   0.020700
|Q2| =   1.393602  Q20  =  -1.366083  Q21c =  -0.157935  Q21s =  -0.110929
                   Q22c =  -0.104622  Q22s =  -0.166583

H          x = 14.062160  y =  0.515320  z = -0.235170 angstrom
           Maximum rank =  1   Radius =  0.350 angstrom
                   Q00  =   0.086927
|Q1| =   0.076939  Q10  =   0.008816  Q11c =  -0.073229  Q11s =   0.021895

C          x = 13.964060  y =  2.645920  z = -0.320280 angstrom
           Maximum rank =  2   Radius =  0.650 angstrom
                   Q00  =  -0.010337
|Q1| =   0.054678  Q10  =   0.005301  Q11c =  -0.051196  Q11s =  -0.018453
|Q2| =   1.334653  Q20  =  -1.301680  Q21c =  -0.181189  Q21s =  -0.094217
                   Q22c =   0.210262  Q22s =   0.031819

H          x = 15.039670  y =  2.742960  z = -0.402800 angstrom
           Maximum rank =  1   Radius =  0.350 angstrom
                   Q00  =   0.049876
|Q1| =   0.103854  Q10  =   0.008448  Q11c =  -0.102248  Q11s =  -0.016111

C          x = 11.793480  y =  3.681560  z = -0.210950 angstrom
           Maximum rank =  2   Radius =  0.650 angstrom
                   Q00  =   0.008844
|Q1| =   0.095848  Q10  =   0.005663  Q11c =  -0.022412  Q11s =  -0.093019
|Q2| =   1.335008  Q20  =  -1.313086  Q21c =  -0.151308  Q21s =  -0.083764
                   Q22c =   0.012830  Q22s =  -0.167261

H          x = 11.143970  y =  4.548020  z = -0.203030 angstrom
           Maximum rank =  1   Radius =  0.350 angstrom
                   Q00  =   0.073423
|Q1| =   0.099094  Q10  =   0.002107  Q11c =   0.026005  Q11s =  -0.095598

C          x = 13.172250  y =  3.790930  z = -0.312050 angstrom
           Maximum rank =  2   Radius =  0.650 angstrom
                   Q00  =  -0.013116
|Q1| =   0.061016  Q10  =   0.004542  Q11c =  -0.033108  Q11s =  -0.051051
|Q2| =   1.344697  Q20  =  -1.305235  Q21c =  -0.157592  Q21s =  -0.117144
                   Q22c =  -0.154508  Q22s =   0.205281

H          x = 13.637520  y =  4.766140  z = -0.386330 angstrom
           Maximum rank =  1   Radius =  0.350 angstrom
                   Q00  =   0.046474
|Q1| =   0.104813  Q10  =   0.007295  Q11c =  -0.046229  Q11s =  -0.093784

C          x = 11.567110  y = -1.210440  z =  0.112870 angstrom
           Maximum rank =  2   Radius =  0.650 angstrom
                   Q00  =  -0.017742
|Q1| =   0.028595  Q10  =   0.007297  Q11c =   0.013003  Q11s =  -0.024399
|Q2| =   1.300398  Q20  =  -1.268590  Q21c =  -0.099337  Q21s =  -0.236394
                   Q22c =  -0.100757  Q22s =  -0.076242

C          x = 12.946700  y = -1.575970  z =  0.086080 angstrom
           Maximum rank =  2   Radius =  0.650 angstrom
                   Q00  =   0.058278
|Q1| =   0.109170  Q10  =   0.008317  Q11c =  -0.108177  Q11s =  -0.012116
|Q2| =   1.212601  Q20  =  -0.710387  Q21c =  -0.046214  Q21s =  -0.012687
                   Q22c =   0.827906  Q22s =  -0.527283

N          x = 14.045530  y = -1.912140  z =  0.067130 angstrom
           Maximum rank =  2   Radius =  0.650 angstrom
                   Q00  =  -0.223030
|Q1| =   0.562709  Q10  =   0.014116  Q11c =  -0.546740  Q11s =   0.132355
|Q2| =   0.624969  Q20  =  -0.334436  Q21c =  -0.011998  Q21s =   0.001123
                   Q22c =   0.405879  Q22s =  -0.337426

C          x = 10.709970  y = -2.339000  z =  0.281230 angstrom
           Maximum rank =  2   Radius =  0.650 angstrom
                   Q00  =   0.057660
|Q1| =   0.100679  Q10  =  -0.003794  Q11c =   0.087520  Q11s =   0.049621
|Q2| =   1.202557  Q20  =  -0.700110  Q21c =  -0.141579  Q21s =  -0.207809
                   Q22c =  -0.257180  Q22s =   0.909186

N          x = 10.050440  y = -3.270730  z =  0.418340 angstrom
           Maximum rank =  2   Radius =  0.650 angstrom
                   Q00  =  -0.225469
|Q1| =   0.567144  Q10  =  -0.062769  Q11c =   0.354812  Q11s =   0.437974
|Q2| =   0.621567  Q20  =  -0.323573  Q21c =  -0.072344  Q21s =  -0.115240
                   Q22c =  -0.237803  Q22s =   0.454513

C          x =  2.628460  y = -2.526850  z =  1.188410 angstrom
           Maximum rank =  2   Radius =  0.650 angstrom
                   Q00  =  -0.062455
|Q1| =   0.079114  Q10  =   0.004188  Q11c =   0.053198  Q11s =   0.058407
|Q2| =   1.298648  Q20  =   0.517827  Q21c =  -0.409600  Q21s =  -0.558471
                   Q22c =  -0.110123  Q22s =  -0.962577

C          x =  3.619370  y = -3.507720  z =  1.182070 angstrom
           Maximum rank =  2   Radius =  0.650 angstrom
                   Q00  =  -0.053448
|Q1| =   0.103045  Q10  =   0.034399  Q11c =  -0.082500  Q11s =   0.051271
|Q2| =   1.483852  Q20  =   0.691004  Q21c =  -0.471218  Q21s =  -0.441647
                   Q22c =  -0.023246  Q22s =  -1.143106

H          x =  4.171340  y = -3.711520  z =  0.272630 angstrom
           Maximum rank =  1   Radius =  0.350 angstrom
                   Q00  =   0.078850
|Q1| =   0.100377  Q10  =   0.053276  Q11c =  -0.071757  Q11s =   0.045696

C          x =  3.903760  y = -4.242200  z =  2.320990 angstrom
           Maximum rank =  2   Radius =  0.650 angstrom
                   Q00  =  -0.030730
|Q1| =   0.076547  Q10  =   0.008324  Q11c =  -0.059761  Q11s =   0.047105
|Q2| =   1.415601  Q20  =   0.451977  Q21c =  -0.447884  Q21s =  -0.440599
                   Q22c =  -0.015056  Q22s =  -1.185196

H          x =  4.683440  y = -4.995320  z =  2.284590 angstrom
           Maximum rank =  1   Radius =  0.350 angstrom
                   Q00  =   0.052470
|Q1| =   0.112855  Q10  =   0.004010  Q11c =  -0.078129  Q11s =   0.081339

C          x =  3.210060  y = -4.028130  z =  3.509320 angstrom
           Maximum rank =  2   Radius =  0.650 angstrom
                   Q00  =  -0.075398
|Q1| =   0.121578  Q10  =  -0.099233  Q11c =  -0.021107  Q11s =   0.066996
|Q2| =   1.141029  Q20  =   0.467492  Q21c =  -0.330271  Q21s =  -0.432646
                   Q22c =  -0.024353  Q22s =  -0.886873

C          x =  2.228050  y = -3.044890  z =  3.514710 angstrom
           Maximum rank =  2   Radius =  0.650 angstrom
                   Q00  =  -0.032052
|Q1| =   0.074886  Q10  =  -0.058804  Q11c =   0.042854  Q11s =  -0.017708
|Q2| =   1.403050  Q20  =   0.580634  Q21c =  -0.536456  Q21s =  -0.394023
                   Q22c =   0.018110  Q22s =  -1.089976

H          x =  1.674590  y = -2.848190  z =  4.426500 angstrom
           Maximum rank =  1   Radius =  0.350 angstrom
                   Q00  =   0.045900
|Q1| =   0.116863  Q10  =  -0.098943  Q11c =   0.058832  Q11s =  -0.020152

C          x =  1.941120  y = -2.304260  z =  2.376410 angstrom
           Maximum rank =  2   Radius =  0.650 angstrom
                   Q00  =  -0.034485
|Q1| =   0.097497  Q10  =  -0.060224  Q11c =   0.072874  Q11s =  -0.023834
|Q2| =   1.465406  Q20  =   0.479289  Q21c =  -0.382029  Q21s =  -0.517386
                   Q22c =  -0.015503  Q22s =  -1.226304

H          x =  1.174010  y = -1.542190  z =  2.424210 angstrom
           Maximum rank =  1   Radius =  0.350 angstrom
                   Q00  =   0.076281
|Q1| =   0.099176  Q10  =  -0.059729  Q11c =   0.061941  Q11s =  -0.049312

C          x =  2.474400  y = -2.454510  z = -1.365090 angstrom
           Maximum rank =  2   Radius =  0.650 angstrom
                   Q00  =  -0.061912
|Q1| =   0.065548  Q10  =   0.000663  Q11c =  -0.054713  Q11s =   0.036091
|Q2| =   1.281324  Q20  =   0.559499  Q21c =  -0.508539  Q21s =   0.364612
                   Q22c =  -0.670517  Q22s =   0.698287

C          x =  3.050600  y = -1.918120  z = -2.510390 angstrom
           Maximum rank =  2   Radius =  0.650 angstrom
                   Q00  =  -0.037043
|Q1| =   0.101110  Q10  =   0.057211  Q11c =  -0.064223  Q11s =  -0.053155
|Q2| =   1.481566  Q20  =   0.547614  Q21c =  -0.473130  Q21s =   0.358316
                   Q22c =  -0.785322  Q22s =   0.962384

H          x =  3.508390  y = -0.937430  z = -2.476520 angstrom
           Maximum rank =  1   Radius =  0.350 angstrom
                   Q00  =   0.078205
|Q1| =   0.100083  Q10  =   0.053931  Q11c =  -0.040536  Q11s =  -0.073924

C          x =  3.045020  y = -2.620560  z = -3.708010 angstrom
           Maximum rank =  2   Radius =  0.650 angstrom
                   Q00  =  -0.031147
|Q1| =   0.076023  Q10  =   0.059058  Q11c =  -0.029472  Q11s =  -0.037721
|Q2| =   1.399626  Q20  =   0.597329  Q21c =  -0.582813  Q21s =   0.166561
                   Q22c =  -0.672513  Q22s =   0.884570

H          x =  3.504950  y = -2.176210  z = -4.583920 angstrom
           Maximum rank =  1   Radius =  0.350 angstrom
                   Q00  =   0.047650
|Q1| =   0.115935  Q10  =   0.094763  Q11c =  -0.047371  Q11s =  -0.047083

C          x =  2.464520  y = -3.878800  z = -3.804090 angstrom
           Maximum rank =  2   Radius =  0.650 angstrom
                   Q00  =  -0.076076
|Q1| =   0.122122  Q10  =   0.105531  Q11c =   0.002275  Q11s =   0.061415
|Q2| =   1.142526  Q20  =   0.502595  Q21c =  -0.413995  Q21s =   0.275501
                   Q22c =  -0.574707  Q22s =   0.689335

C          x =  1.883190  y = -4.412100  z = -2.655650 angstrom
           Maximum rank =  2   Radius =  0.650 angstrom
                   Q00  =  -0.031764
|Q1| =   0.076120  Q10  =  -0.004756  Q11c =   0.041467  Q11s =   0.063656
|Q2| =   1.408266  Q20  =   0.475117  Q21c =  -0.498497  Q21s =   0.258284
                   Q22c =  -0.762572  Q22s =   0.927767

H          x =  1.420120  y = -5.392220  z = -2.697790 angstrom
           Maximum rank =  1   Radius =  0.350 angstrom
                   Q00  =   0.048198
|Q1| =   0.115735  Q10  =   0.002607  Q11c =   0.050072  Q11s =   0.104309

C          x =  1.889100  y = -3.716720  z = -1.458750 angstrom
           Maximum rank =  2   Radius =  0.650 angstrom
                   Q00  =  -0.051548
|Q1| =   0.105065  Q10  =  -0.030711  Q11c =   0.061199  Q11s =   0.079687
|Q2| =   1.477291  Q20  =   0.723085  Q21c =  -0.500447  Q21s =   0.199530
                   Q22c =  -0.754646  Q22s =   0.894308

H          x =  1.444610  y = -4.170340  z = -0.581250 angstrom
           Maximum rank =  1   Radius =  0.350 angstrom
                   Q00  =   0.074131
|Q1| =   0.106323  Q10  =  -0.048332  Q11c =   0.061186  Q11s =   0.072283

C          x = -2.474390  y =  2.454450  z =  1.365240 angstrom
           Maximum rank =  2   Radius =  0.650 angstrom
                   Q00  =  -0.061838
|Q1| =   0.065601  Q10  =  -0.000652  Q11c =   0.054757  Q11s =  -0.036120
|Q2| =   1.281109  Q20  =   0.559417  Q21c =  -0.508474  Q21s =   0.364484
                   Q22c =  -0.670419  Q22s =   0.698166

C          x = -1.889150  y =  3.716720  z =  1.458870 angstrom
           Maximum rank =  2   Radius =  0.650 angstrom
                   Q00  =  -0.051475
|Q1| =   0.104994  Q10  =   0.030752  Q11c =  -0.060929  Q11s =  -0.079785
|Q2| =   1.477079  Q20  =   0.722983  Q21c =  -0.500344  Q21s =   0.199526
                   Q22c =  -0.754505  Q22s =   0.894218

H          x = -1.444700  y =  4.170340  z =  0.581350 angstrom
           Maximum rank =  1   Radius =  0.350 angstrom
                   Q00  =   0.074197
|Q1| =   0.106266  Q10  =   0.048305  Q11c =  -0.061124  Q11s =  -0.072269

C          x = -1.883260  y =  4.412110  z =  2.655740 angstrom
           Maximum rank =  2   Radius =  0.650 angstrom
                   Q00  =  -0.031741
|Q1| =   0.076040  Q10  =   0.004825  Q11c =  -0.041142  Q11s =  -0.063766
|Q2| =   1.408311  Q20  =   0.475208  Q21c =  -0.498372  Q21s =   0.258288
                   Q22c =  -0.762504  Q22s =   0.927911

H          x = -1.420270  y =  5.392260  z =  2.697860 angstrom
           Maximum rank =  1   Radius =  0.350 angstrom
                   Q00  =   0.048277
|Q1| =   0.115665  Q10  =  -0.002582  Q11c =  -0.049978  Q11s =  -0.104278

C          x = -2.464570  y =  3.878790  z =  3.804220 angstrom
           Maximum rank =  2   Radius =  0.650 angstrom
                   Q00  =  -0.076136
|Q1| =   0.122116  Q10  =  -0.105461  Q11c =  -0.002021  Q11s =  -0.061531
|Q2| =   1.142727  Q20  =   0.502747  Q21c =  -0.413891  Q21s =   0.275572
                   Q22c =  -0.574832  Q22s =   0.689488

C          x = -3.045030  y =  2.620550  z =  3.708160 angstrom
           Maximum rank =  2   Radius =  0.650 angstrom
                   Q00  =  -0.031237
|Q1| =   0.076069  Q10  =  -0.059072  Q11c =   0.029723  Q11s =   0.037596
|Q2| =   1.399931  Q20  =   0.597458  Q21c =  -0.582745  Q21s =   0.166428
                   Q22c =  -0.672772  Q22s =   0.884837

H          x = -3.504970  y =  2.176220  z =  4.584060 angstrom
           Maximum rank =  1   Radius =  0.350 angstrom
                   Q00  =   0.047470
|Q1| =   0.116088  Q10  =  -0.094889  Q11c =   0.047481  Q11s =   0.047094

C          x = -3.050580  y =  1.918080  z =  2.510530 angstrom
           Maximum rank =  2   Radius =  0.650 angstrom
                   Q00  =  -0.037011
|Q1| =   0.101181  Q10  =  -0.057250  Q11c =   0.064342  Q11s =   0.053104
|Q2| =   1.481583  Q20  =   0.547646  Q21c =  -0.473045  Q21s =   0.358368
                   Q22c =  -0.785442  Q22s =   0.962316

H          x = -3.508350  y =  0.937380  z =  2.476680 angstrom
           Maximum rank =  1   Radius =  0.350 angstrom
                   Q00  =   0.078211
|Q1| =   0.100105  Q10  =  -0.053959  Q11c =   0.040548  Q11s =   0.073928

C          x = -2.628440  y =  2.526850  z = -1.188240 angstrom
           Maximum rank =  2   Radius =  0.650 angstrom
                   Q00  =  -0.062333
|Q1| =   0.079046  Q10  =  -0.004175  Q11c =  -0.053161  Q11s =  -0.058351
|Q2| =   1.298294  Q20  =   0.517664  Q21c =  -0.409542  Q21s =  -0.558179
                   Q22c =  -0.110332  Q22s =  -0.962357

C          x = -3.619200  y =  3.507860  z = -1.181790 angstrom
           Maximum rank =  2   Radius =  0.650 angstrom
                   Q00  =  -0.053407
|Q1| =   0.103115  Q10  =  -0.034386  Q11c =   0.082514  Q11s =  -0.051398
|Q2| =   1.483887  Q20  =   0.691248  Q21c =  -0.471166  Q21s =  -0.441634
                   Q22c =  -0.023754  Q22s =  -1.143021

H          x = -4.171050  y =  3.711730  z = -0.272290 angstrom
           Maximum rank =  1   Radius =  0.350 angstrom
                   Q00  =   0.078840
|Q1| =   0.100428  Q10  =  -0.053278  Q11c =   0.071783  Q11s =  -0.045765

C          x = -3.903590  y =  4.242400  z = -2.320670 angstrom
           Maximum rank =  2   Radius =  0.650 angstrom
                   Q00  =  -0.030860
|Q1| =   0.076638  Q10  =  -0.008287  Q11c =   0.059858  Q11s =  -0.047134
|Q2| =   1.416232  Q20  =   0.452288  Q21c =  -0.448192  Q21s =  -0.440593
                   Q22c =  -0.015485  Q22s =  -1.185711

H          x = -4.683170  y =  4.995630  z = -2.284180 angstrom
           Maximum rank =  1   Radius =  0.350 angstrom
                   Q00  =   0.052244
|Q1| =   0.113059  Q10  =  -0.003997  Q11c =   0.078263  Q11s =  -0.081494

C          x = -3.210030  y =  4.028250  z = -3.509070 angstrom
           Maximum rank =  2   Radius =  0.650 angstrom
                   Q00  =  -0.075499
|Q1| =   0.121578  Q10  =   0.099250  Q11c =   0.021268  Q11s =  -0.066920
|Q2| =   1.141360  Q20  =   0.467743  Q21c =  -0.330424  Q21s =  -0.432776
                   Q22c =  -0.024678  Q22s =  -0.887037

C          x = -2.228160  y =  3.044880  z = -3.514560 angstrom
           Maximum rank =  2   Radius =  0.650 angstrom
                   Q00  =  -0.032006
|Q1| =   0.074874  Q10  =   0.058897  Q11c =  -0.042672  Q11s =   0.017786
|Q2| =   1.402878  Q20  =   0.580460  Q21c =  -0.536480  Q21s =  -0.393815
                   Q22c =   0.017848  Q22s =  -1.089915

H          x = -1.674810  y =  2.848120  z = -4.426410 angstrom
           Maximum rank =  1   Radius =  0.350 angstrom
                   Q00  =   0.045981
|Q1| =   0.116789  Q10  =   0.098920  Q11c =  -0.058727  Q11s =   0.020140

C          x = -1.941230  y =  2.304190  z = -2.376300 angstrom
           Maximum rank =  2   Radius =  0.650 angstrom
                   Q00  =  -0.034322
|Q1| =   0.097402  Q10  =   0.060247  Q11c =  -0.072696  Q11s =   0.023929
|Q2| =   1.464809  Q20  =   0.479129  Q21c =  -0.382001  Q21s =  -0.517054
                   Q22c =  -0.015721  Q22s =  -1.225799

H          x = -1.174230  y =  1.542020  z = -2.424180 angstrom
           Maximum rank =  1   Radius =  0.350 angstrom
                   Q00  =   0.076413
|Q1| =   0.099083  Q10  =   0.059697  Q11c =  -0.061846  Q11s =   0.049283

C          x =  3.503080  y = -4.849550  z =  4.735340 angstrom
           Maximum rank =  2   Radius =  0.650 angstrom
                   Q00  =   0.023467
|Q1| =   0.023288  Q10  =  -0.014541  Q11c =  -0.001883  Q11s =   0.018093
|Q2| =   0.104071  Q20  =   0.064450  Q21c =   0.023500  Q21s =  -0.071498
                   Q22c =  -0.008508  Q22s =  -0.030666

H          x =  3.002230  y = -5.820520  z =  4.684620 angstrom
           Maximum rank =  1   Radius =  0.350 angstrom
                   Q00  =   0.031382
|Q1| =   0.123723  Q10  =  -0.035459  Q11c =   0.036034  Q11s =   0.112923

H          x =  3.158920  y = -4.347950  z =  5.640740 angstrom
           Maximum rank =  1   Radius =  0.350 angstrom
                   Q00  =   0.024598
|Q1| =   0.124965  Q10  =  -0.121700  Q11c =   0.021630  Q11s =  -0.018373

H          x =  4.572940  y = -5.039300  z =  4.838380 angstrom
           Maximum rank =  1   Radius =  0.350 angstrom
                   Q00  =   0.029324
|Q1| =   0.122621  Q10  =  -0.050534  Q11c =  -0.102961  Q11s =   0.043373

C          x =  2.484770  y = -4.654810  z = -5.092940 angstrom
           Maximum rank =  2   Radius =  0.650 angstrom
                   Q00  =   0.023291
|Q1| =   0.022739  Q10  =   0.015442  Q11c =  -0.001947  Q11s =   0.016577
|Q2| =   0.105762  Q20  =   0.074315  Q21c =   0.001762  Q21s =   0.070294
                   Q22c =  -0.019638  Q22s =   0.018243

H          x =  3.288150  y = -5.396840  z = -5.089490 angstrom
           Maximum rank =  1   Radius =  0.350 angstrom
                   Q00  =   0.033007
|Q1| =   0.122528  Q10  =   0.041810  Q11c =  -0.071120  Q11s =   0.090593

H          x =  2.646150  y = -3.998460  z = -5.949000 angstrom
           Maximum rank =  1   Radius =  0.350 angstrom
                   Q00  =   0.025035
|Q1| =   0.124662  Q10  =   0.119138  Q11c =  -0.014297  Q11s =  -0.033797

H          x =  1.546400  y = -5.190370  z = -5.248400 angstrom
           Maximum rank =  1   Radius =  0.350 angstrom
                   Q00  =   0.026854
|Q1| =   0.124551  Q10  =   0.056576  Q11c =   0.083656  Q11s =   0.072895

C          x = -2.484610  y =  4.654840  z =  5.093060 angstrom
           Maximum rank =  2   Radius =  0.650 angstrom
                   Q00  =   0.023292
|Q1| =   0.022819  Q10  =  -0.015427  Q11c =   0.002018  Q11s =  -0.016693
|Q2| =   0.105490  Q20  =   0.074270  Q21c =   0.001849  Q21s =   0.070058
                   Q22c =  -0.019586  Q22s =   0.017804

H          x = -3.284810  y =  5.400270  z =  5.087750 angstrom
           Maximum rank =  1   Radius =  0.350 angstrom
                   Q00  =   0.032726
|Q1| =   0.122757  Q10  =  -0.041703  Q11c =   0.071039  Q11s =  -0.091014

H          x = -1.544340  y =  5.186430  z =  5.250740 angstrom
           Maximum rank =  1   Radius =  0.350 angstrom
                   Q00  =   0.027066
|Q1| =   0.124410  Q10  =  -0.056766  Q11c =  -0.083651  Q11s =  -0.072512

H          x = -2.650720  y =  3.999130  z =  5.948690 angstrom
           Maximum rank =  1   Radius =  0.350 angstrom
                   Q00  =   0.024928
|Q1| =   0.124745  Q10  =  -0.119173  Q11c =   0.014835  Q11s =   0.033749

C          x = -3.503080  y =  4.849710  z = -4.735060 angstrom
           Maximum rank =  2   Radius =  0.650 angstrom
                   Q00  =   0.023460
|Q1| =   0.023373  Q10  =   0.014585  Q11c =   0.002070  Q11s =  -0.018147
|Q2| =   0.103715  Q20  =   0.064250  Q21c =   0.023188  Q21s =  -0.071353
                   Q22c =  -0.008115  Q22s =  -0.030559

H          x = -3.158420  y =  4.348420  z = -5.640430 angstrom
           Maximum rank =  1   Radius =  0.350 angstrom
                   Q00  =   0.024581
|Q1| =   0.124998  Q10  =   0.121748  Q11c =  -0.021581  Q11s =   0.018332

H          x = -3.002720  y =  5.820920  z = -4.684030 angstrom
           Maximum rank =  1   Radius =  0.350 angstrom
                   Q00  =   0.031395
|Q1| =   0.123729  Q10  =   0.035460  Q11c =  -0.035887  Q11s =  -0.112976

H          x = -4.573010  y =  5.038970  z = -4.838370 angstrom
           Maximum rank =  1   Radius =  0.350 angstrom
                   Q00  =   0.029022
|Q1| =   0.122898  Q10  =   0.050650  Q11c =   0.103218  Q11s =  -0.043412

Total multipoles referred to origin at
           x =   0.000000,  y =    0.000000,  z =    0.000000 angstrom
                   Q00  =  -0.000002
|Q1| =   0.668093  Q10  =  -0.001255  Q11c =   0.667996  Q11s =   0.011311
|Q2| = 200.942087  Q20  =  74.841360  Q21c = -24.613272  Q21s =   1.844586
                   Q22c =-118.533832  Q22s = 141.834440

CPU time used:     67m42.000s          Total:     67m42.000s

Finished at 15:58:50 on 28 Jun 2021 
