                                     G D M A

                                 by Anthony Stone

                         version 2.2.11, 04 February 2015

               Distributed Multipoles from Gaussian wavefunctions


Starting at 14:51:23 on 28 Jun 2021 

s1S0



Using CI density matrix from file sN_mz.fchk


                         Distributed Multipole Analysis

Standard DMA for products of primitives with exponent greater than 4.00000
Using 80-point Euler-MacLaurin radial quadrature
Using 590-point Lebedev quadrature
Becke smoothing parameter = 3

Positions and radii in angstrom
Multipole moments in atomic units, ea_0^k for rank k

C          x = -8.625280  y =  0.193040  z = -0.015150 angstrom
           Maximum rank =  2   Radius =  0.650 angstrom
                   Q00  =   0.012715
|Q1| =   0.044657  Q10  =   0.001011  Q11c =  -0.037995  Q11s =  -0.023444
|Q2| =   1.363523  Q20  =  -1.358279  Q21c =   0.002474  Q21s =   0.007889
                   Q22c =   0.118955  Q22s =  -0.007534

H          x = -8.803600  y =  1.260170  z =  0.007490 angstrom
           Maximum rank =  1   Radius =  0.350 angstrom
                   Q00  =   0.090415
|Q1| =   0.070388  Q10  =  -0.011830  Q11c =  -0.025899  Q11s =  -0.064373

C          x = -9.748470  y = -0.582520  z = -0.019920 angstrom
           Maximum rank =  2   Radius =  0.650 angstrom
                   Q00  =  -0.055344
|Q1| =   0.058617  Q10  =   0.007354  Q11c =  -0.040715  Q11s =  -0.041523
|Q2| =   1.313557  Q20  =  -1.291041  Q21c =  -0.022933  Q21s =  -0.040289
                   Q22c =   0.123134  Q22s =   0.203307

C          x =-11.132630  y = -0.079660  z = -0.003190 angstrom
           Maximum rank =  2   Radius =  0.650 angstrom
                   Q00  =   0.031045
|Q1| =   0.041668  Q10  =  -0.002004  Q11c =  -0.007567  Q11s =  -0.040926
|Q2| =   1.154590  Q20  =  -1.105242  Q21c =  -0.048672  Q21s =  -0.174719
                   Q22c =  -0.214754  Q22s =  -0.180284

C          x = -9.817920  y = -2.065060  z =  0.016930 angstrom
           Maximum rank =  2   Radius =  0.650 angstrom
                   Q00  =   0.195181
|Q1| =   0.032703  Q10  =   0.000392  Q11c =   0.024140  Q11s =  -0.022059
|Q2| =   0.753884  Q20  =  -0.707882  Q21c =  -0.068513  Q21s =  -0.013353
                   Q22c =   0.063409  Q22s =  -0.241560

O          x = -8.912030  y = -2.868630  z = -0.019000 angstrom
           Maximum rank =  2   Radius =  0.650 angstrom
                   Q00  =  -0.391914
|Q1| =   0.491163  Q10  =   0.012777  Q11c =  -0.371603  Q11s =   0.320920
|Q2| =   0.939198  Q20  =  -0.201787  Q21c =  -0.003242  Q21s =   0.056720
                   Q22c =   0.131514  Q22s =  -0.906009

C          x =-12.027070  y = -1.258880  z =  0.121240 angstrom
           Maximum rank =  2   Radius =  0.650 angstrom
                   Q00  =  -0.026021
|Q1| =   0.085908  Q10  =  -0.005573  Q11c =   0.074081  Q11s =  -0.043142
|Q2| =   1.240920  Q20  =  -1.214388  Q21c =  -0.159114  Q21s =  -0.111457
                   Q22c =   0.122118  Q22s =   0.111766

C          x =-11.249890  y = -2.415880  z =  0.120280 angstrom
           Maximum rank =  2   Radius =  0.650 angstrom
                   Q00  =  -0.044727
|Q1| =   0.074239  Q10  =  -0.002049  Q11c =  -0.007637  Q11s =   0.073816
|Q2| =   1.231016  Q20  =  -1.209905  Q21c =  -0.135584  Q21s =  -0.102937
                   Q22c =  -0.039612  Q22s =   0.144857

C          x =-13.411060  y = -1.374800  z =  0.224850 angstrom
           Maximum rank =  2   Radius =  0.650 angstrom
                   Q00  =  -0.006739
|Q1| =   0.082833  Q10  =  -0.004222  Q11c =   0.080085  Q11s =  -0.020734
|Q2| =   1.395972  Q20  =  -1.368379  Q21c =  -0.158402  Q21s =  -0.111220
                   Q22c =  -0.105331  Q22s =  -0.166495

H          x =-14.062140  y = -0.515260  z =  0.235240 angstrom
           Maximum rank =  1   Radius =  0.350 angstrom
                   Q00  =   0.086615
|Q1| =   0.077215  Q10  =  -0.008784  Q11c =   0.073510  Q11s =  -0.021941

C          x =-13.964070  y = -2.645870  z =  0.320460 angstrom
           Maximum rank =  2   Radius =  0.650 angstrom
                   Q00  =  -0.011005
|Q1| =   0.054952  Q10  =  -0.004939  Q11c =   0.051445  Q11s =   0.018675
|Q2| =   1.337087  Q20  =  -1.304012  Q21c =  -0.181775  Q21s =  -0.094512
                   Q22c =   0.210655  Q22s =   0.031674

H          x =-15.039680  y = -2.742880  z =  0.403020 angstrom
           Maximum rank =  1   Radius =  0.350 angstrom
                   Q00  =   0.049241
|Q1| =   0.104373  Q10  =  -0.008418  Q11c =   0.102764  Q11s =   0.016197

C          x =-11.793520  y = -3.681550  z =  0.211140 angstrom
           Maximum rank =  2   Radius =  0.650 angstrom
                   Q00  =   0.008451
|Q1| =   0.095906  Q10  =  -0.005293  Q11c =   0.022398  Q11s =   0.093104
|Q2| =   1.336421  Q20  =  -1.314437  Q21c =  -0.151495  Q21s =  -0.084154
                   Q22c =   0.013217  Q22s =  -0.167537

H          x =-11.144030  y = -4.548020  z =  0.203250 angstrom
           Maximum rank =  1   Radius =  0.350 angstrom
                   Q00  =   0.073184
|Q1| =   0.099313  Q10  =  -0.002048  Q11c =  -0.026020  Q11s =   0.095822

C          x =-13.172290  y = -3.790890  z =  0.312280 angstrom
           Maximum rank =  2   Radius =  0.650 angstrom
                   Q00  =  -0.013989
|Q1| =   0.061375  Q10  =  -0.004188  Q11c =   0.033515  Q11s =   0.051246
|Q2| =   1.347660  Q20  =  -1.308127  Q21c =  -0.158066  Q21s =  -0.117707
                   Q22c =  -0.154914  Q22s =   0.205312

H          x =-13.637570  y = -4.766090  z =  0.386630 angstrom
           Maximum rank =  1   Radius =  0.350 angstrom
                   Q00  =   0.045905
|Q1| =   0.105264  Q10  =  -0.007260  Q11c =   0.046488  Q11s =   0.094163

C          x =-11.567050  y =  1.210430  z = -0.113040 angstrom
           Maximum rank =  2   Radius =  0.650 angstrom
                   Q00  =  -0.018917
|Q1| =   0.027800  Q10  =  -0.006980  Q11c =  -0.012636  Q11s =   0.023757
|Q2| =   1.304043  Q20  =  -1.272139  Q21c =  -0.099688  Q21s =  -0.237296
                   Q22c =  -0.100523  Q22s =  -0.076407

C          x =-12.946630  y =  1.575990  z = -0.086280 angstrom
           Maximum rank =  2   Radius =  0.650 angstrom
                   Q00  =   0.058113
|Q1| =   0.108838  Q10  =  -0.007945  Q11c =   0.107872  Q11s =   0.012092
|Q2| =   1.213189  Q20  =  -0.711384  Q21c =  -0.046297  Q21s =  -0.012921
                   Q22c =   0.827807  Q22s =  -0.527433

N          x =-14.045460  y =  1.912200  z = -0.067350 angstrom
           Maximum rank =  2   Radius =  0.650 angstrom
                   Q00  =  -0.225212
|Q1| =   0.563980  Q10  =  -0.013752  Q11c =   0.547964  Q11s =  -0.132741
|Q2| =   0.626149  Q20  =  -0.335786  Q21c =  -0.012301  Q21s =   0.000974
                   Q22c =   0.406248  Q22s =  -0.337818

C          x =-10.709870  y =  2.338940  z = -0.281530 angstrom
           Maximum rank =  2   Radius =  0.650 angstrom
                   Q00  =   0.057303
|Q1| =   0.100203  Q10  =   0.004123  Q11c =  -0.086931  Q11s =  -0.049665
|Q2| =   1.203537  Q20  =  -0.701162  Q21c =  -0.141813  Q21s =  -0.208154
                   Q22c =  -0.257242  Q22s =   0.909538

N          x =-10.050300  y =  3.270620  z = -0.418740 angstrom
           Maximum rank =  2   Radius =  0.650 angstrom
                   Q00  =  -0.226810
|Q1| =   0.567839  Q10  =   0.063275  Q11c =  -0.354834  Q11s =  -0.438783
|Q2| =   0.622434  Q20  =  -0.324764  Q21c =  -0.072365  Q21s =  -0.115423
                   Q22c =  -0.237613  Q22s =   0.454899

C          x = -7.232090  y = -0.103940  z = -0.022310 angstrom
           Maximum rank =  2   Radius =  0.650 angstrom
                   Q00  =  -0.300118
|Q1| =   0.458261  Q10  =  -0.026319  Q11c =  -0.206569  Q11s =  -0.408215
|Q2| =   1.427837  Q20  =  -1.177943  Q21c =  -0.033468  Q21s =   0.058218
                   Q22c =   0.524432  Q22s =  -0.609614

S          x = -6.160890  y =  1.304520  z =  0.041650 angstrom
           Maximum rank =  2   Radius =  0.650 angstrom
                   Q00  =   0.714038
|Q1| =   1.084959  Q10  =  -0.065014  Q11c =   0.224190  Q11s =  -1.059551
|Q2| =   2.319307  Q20  =  -2.117564  Q21c =  -0.031643  Q21s =   0.071424
                   Q22c =   0.903644  Q22s =   0.269134

C          x = -6.510100  y = -1.282400  z = -0.086720 angstrom
           Maximum rank =  2   Radius =  0.650 angstrom
                   Q00  =  -0.017228
|Q1| =   0.080204  Q10  =   0.003989  Q11c =  -0.013422  Q11s =   0.078972
|Q2| =   1.387476  Q20  =  -1.345751  Q21c =  -0.002297  Q21s =   0.111546
                   Q22c =   0.024467  Q22s =   0.317803

H          x = -6.993050  y = -2.244830  z = -0.135790 angstrom
           Maximum rank =  1   Radius =  0.350 angstrom
                   Q00  =   0.122386
|Q1| =   0.071068  Q10  =   0.008308  Q11c =  -0.034588  Q11s =   0.061524

C          x = -5.132950  y = -1.045480  z = -0.077250 angstrom
           Maximum rank =  2   Radius =  0.650 angstrom
                   Q00  =  -0.338370
|Q1| =   0.541915  Q10  =   0.018863  Q11c =  -0.306140  Q11s =   0.446759
|Q2| =   1.341941  Q20  =  -1.170683  Q21c =   0.024428  Q21s =   0.082168
                   Q22c =   0.350490  Q22s =   0.547827

C          x = -4.771620  y =  0.302160  z = -0.009860 angstrom
           Maximum rank =  2   Radius =  0.650 angstrom
                   Q00  =  -0.346101
|Q1| =   0.546705  Q10  =  -0.046846  Q11c =   0.372419  Q11s =  -0.397488
|Q2| =   1.420773  Q20  =  -1.271945  Q21c =   0.033369  Q21s =   0.067423
                   Q22c =   0.307646  Q22s =   0.548131

S          x = -3.736650  y = -2.095060  z = -0.130570 angstrom
           Maximum rank =  2   Radius =  0.650 angstrom
                   Q00  =   0.727425
|Q1| =   1.128429  Q10  =   0.059396  Q11c =  -0.153868  Q11s =   1.116311
|Q2| =   2.290568  Q20  =  -2.105798  Q21c =   0.030663  Q21s =   0.150205
                   Q22c =   0.837373  Q22s =   0.296007

C          x = -3.371680  y =  0.489500  z =  0.013470 angstrom
           Maximum rank =  2   Radius =  0.650 angstrom
                   Q00  =  -0.065596
|Q1| =   0.098185  Q10  =  -0.052664  Q11c =   0.076993  Q11s =  -0.030639
|Q2| =   1.263433  Q20  =  -1.236329  Q21c =   0.018848  Q21s =   0.073915
                   Q22c =   0.122604  Q22s =   0.216570

C          x = -2.709580  y = -0.704220  z = -0.048630 angstrom
           Maximum rank =  2   Radius =  0.650 angstrom
                   Q00  =  -0.324735
|Q1| =   0.620085  Q10  =   0.020008  Q11c =   0.226686  Q11s =   0.576818
|Q2| =   1.365223  Q20  =  -1.233681  Q21c =  -0.000725  Q21s =   0.076952
                   Q22c =   0.507082  Q22s =  -0.280733

C          x = -1.274570  y = -0.498490  z = -0.034790 angstrom
           Maximum rank =  2   Radius =  0.650 angstrom
                   Q00  =  -0.025136
|Q1| =   0.121496  Q10  =   0.012267  Q11c =   0.009434  Q11s =   0.120506
|Q2| =   1.281099  Q20  =  -1.238111  Q21c =   0.002376  Q21s =   0.093612
                   Q22c =   0.172313  Q22s =  -0.264263

C          x = -1.064730  y =  0.891310  z =  0.023980 angstrom
           Maximum rank =  2   Radius =  0.650 angstrom
                   Q00  =  -0.036730
|Q1| =   0.089210  Q10  =   0.039914  Q11c =  -0.049769  Q11s =  -0.062356
|Q2| =   1.235727  Q20  =  -1.220405  Q21c =   0.011681  Q21s =   0.103942
                   Q22c =   0.163204  Q22s =  -0.007468

C          x = -2.398400  y =  1.656840  z =  0.056900 angstrom
           Maximum rank =  2   Radius =  0.650 angstrom
                   Q00  =  -0.006813
|Q1| =   0.063052  Q10  =  -0.001449  Q11c =   0.000721  Q11s =  -0.063031
|Q2| =   0.176900  Q20  =   0.004416  Q21c =   0.081511  Q21s =   0.023873
                   Q22c =  -0.145642  Q22s =  -0.053374

C          x =  0.216340  y =  1.401870  z =  0.062950 angstrom
           Maximum rank =  2   Radius =  0.650 angstrom
                   Q00  =  -0.014941
|Q1| =   0.105267  Q10  =   0.022459  Q11c =  -0.016572  Q11s =  -0.101500
|Q2| =   1.441305  Q20  =  -1.433638  Q21c =   0.005463  Q21s =   0.143095
                   Q22c =   0.007050  Q22s =  -0.038544

H          x =  0.394920  y =  2.468940  z =  0.113690 angstrom
           Maximum rank =  1   Radius =  0.350 angstrom
                   Q00  =   0.084012
|Q1| =   0.103465  Q10  =   0.000429  Q11c =  -0.038365  Q11s =  -0.096088

C          x =  1.274600  y =  0.498460  z =  0.034920 angstrom
           Maximum rank =  2   Radius =  0.650 angstrom
                   Q00  =  -0.025125
|Q1| =   0.121455  Q10  =  -0.011731  Q11c =  -0.009429  Q11s =  -0.120519
|Q2| =   1.281060  Q20  =  -1.238068  Q21c =   0.002366  Q21s =   0.093705
                   Q22c =   0.172315  Q22s =  -0.264245

C          x = -0.216320  y = -1.401900  z = -0.062820 angstrom
           Maximum rank =  2   Radius =  0.650 angstrom
                   Q00  =  -0.014969
|Q1| =   0.105115  Q10  =  -0.021832  Q11c =   0.016546  Q11s =   0.101483
|Q2| =   1.441411  Q20  =  -1.433769  Q21c =   0.005316  Q21s =   0.142854
                   Q22c =   0.006985  Q22s =  -0.038566

H          x = -0.394890  y = -2.468970  z = -0.113560 angstrom
           Maximum rank =  1   Radius =  0.350 angstrom
                   Q00  =   0.083983
|Q1| =   0.103470  Q10  =  -0.000329  Q11c =   0.038373  Q11s =   0.096091

C          x =  1.064760  y = -0.891350  z = -0.023840 angstrom
           Maximum rank =  2   Radius =  0.650 angstrom
                   Q00  =  -0.036752
|Q1| =   0.088983  Q10  =  -0.039403  Q11c =   0.049794  Q11s =   0.062338
|Q2| =   1.235878  Q20  =  -1.220549  Q21c =   0.011649  Q21s =   0.103974
                   Q22c =   0.163254  Q22s =  -0.007514

C          x =  2.398430  y = -1.656870  z = -0.056750 angstrom
           Maximum rank =  2   Radius =  0.650 angstrom
                   Q00  =  -0.006817
|Q1| =   0.063070  Q10  =   0.001469  Q11c =  -0.000703  Q11s =   0.063049
|Q2| =   0.176892  Q20  =   0.004465  Q21c =   0.081425  Q21s =   0.024326
                   Q22c =  -0.145576  Q22s =  -0.053447

C          x =  2.709610  y =  0.704190  z =  0.048750 angstrom
           Maximum rank =  2   Radius =  0.650 angstrom
                   Q00  =  -0.324726
|Q1| =   0.620093  Q10  =  -0.019364  Q11c =  -0.226697  Q11s =  -0.576844
|Q2| =   1.365178  Q20  =  -1.233611  Q21c =  -0.000650  Q21s =   0.077268
                   Q22c =   0.507071  Q22s =  -0.280751

C          x =  3.371700  y = -0.489540  z = -0.013350 angstrom
           Maximum rank =  2   Radius =  0.650 angstrom
                   Q00  =  -0.065599
|Q1| =   0.098449  Q10  =   0.053173  Q11c =  -0.076988  Q11s =   0.030624
|Q2| =   1.263291  Q20  =  -1.236181  Q21c =   0.018796  Q21s =   0.073972
                   Q22c =   0.122597  Q22s =   0.216575

S          x =  3.736680  y =  2.095020  z =  0.130650 angstrom
           Maximum rank =  2   Radius =  0.650 angstrom
                   Q00  =   0.727517
|Q1| =   1.128305  Q10  =  -0.058290  Q11c =   0.153848  Q11s =  -1.116246
|Q2| =   2.290404  Q20  =  -2.105596  Q21c =   0.030466  Q21s =   0.151074
                   Q22c =   0.837293  Q22s =   0.295983

C          x =  4.771650  y = -0.302200  z =  0.009950 angstrom
           Maximum rank =  2   Radius =  0.650 angstrom
                   Q00  =  -0.346099
|Q1| =   0.546736  Q10  =   0.047470  Q11c =  -0.372416  Q11s =   0.397459
|Q2| =   1.420759  Q20  =  -1.271945  Q21c =   0.033521  Q21s =   0.067266
                   Q22c =   0.307643  Q22s =   0.548106

S          x =  6.160910  y = -1.304570  z = -0.041580 angstrom
           Maximum rank =  2   Radius =  0.650 angstrom
                   Q00  =   0.714004
|Q1| =   1.085050  Q10  =   0.066100  Q11c =  -0.224205  Q11s =   1.059574
|Q2| =   2.319319  Q20  =  -2.117588  Q21c =  -0.031412  Q21s =   0.070715
                   Q22c =   0.903695  Q22s =   0.269091

C          x =  5.132970  y =  1.045440  z =  0.077310 angstrom
           Maximum rank =  2   Radius =  0.650 angstrom
                   Q00  =  -0.338356
|Q1| =   0.541907  Q10  =  -0.018215  Q11c =   0.306139  Q11s =  -0.446778
|Q2| =   1.341897  Q20  =  -1.170627  Q21c =   0.024272  Q21s =   0.082433
                   Q22c =   0.350462  Q22s =   0.547825

C          x =  6.510130  y =  1.282360  z =  0.086760 angstrom
           Maximum rank =  2   Radius =  0.650 angstrom
                   Q00  =  -0.017199
|Q1| =   0.080188  Q10  =  -0.003336  Q11c =   0.013428  Q11s =  -0.078985
|Q2| =   1.387397  Q20  =  -1.345650  Q21c =  -0.002286  Q21s =   0.111805
                   Q22c =   0.024456  Q22s =   0.317796

H          x =  6.993080  y =  2.244780  z =  0.135810 angstrom
           Maximum rank =  1   Radius =  0.350 angstrom
                   Q00  =   0.122403
|Q1| =   0.071048  Q10  =  -0.008206  Q11c =   0.034590  Q11s =  -0.061515

C          x =  7.232110  y =  0.103890  z =  0.022340 angstrom
           Maximum rank =  2   Radius =  0.650 angstrom
                   Q00  =  -0.300124
|Q1| =   0.458289  Q10  =   0.026968  Q11c =   0.206578  Q11s =   0.408200
|Q2| =   1.427838  Q20  =  -1.177965  Q21c =  -0.033585  Q21s =   0.058029
                   Q22c =   0.524431  Q22s =  -0.609586

C          x =  8.625300  y = -0.193080  z =  0.015150 angstrom
           Maximum rank =  2   Radius =  0.650 angstrom
                   Q00  =   0.012712
|Q1| =   0.044648  Q10  =  -0.000376  Q11c =   0.037993  Q11s =   0.023450
|Q2| =   1.363557  Q20  =  -1.358311  Q21c =   0.002385  Q21s =   0.007699
                   Q22c =   0.118978  Q22s =  -0.007530

H          x =  8.803630  y = -1.260220  z = -0.007510 angstrom
           Maximum rank =  1   Radius =  0.350 angstrom
                   Q00  =   0.090404
|Q1| =   0.070415  Q10  =   0.011926  Q11c =   0.025897  Q11s =   0.064385

C          x =  9.748490  y =  0.582480  z =  0.019910 angstrom
           Maximum rank =  2   Radius =  0.650 angstrom
                   Q00  =  -0.055331
|Q1| =   0.058557  Q10  =  -0.006777  Q11c =   0.040717  Q11s =   0.041534
|Q2| =   1.313536  Q20  =  -1.291020  Q21c =  -0.022999  Q21s =  -0.040262
                   Q22c =   0.123137  Q22s =   0.203302

C          x = 11.132660  y =  0.079640  z =  0.003150 angstrom
           Maximum rank =  2   Radius =  0.650 angstrom
                   Q00  =   0.031012
|Q1| =   0.041745  Q10  =   0.002528  Q11c =   0.007580  Q11s =   0.040973
|Q2| =   1.154672  Q20  =  -1.105350  Q21c =  -0.048689  Q21s =  -0.174570
                   Q22c =  -0.214763  Q22s =  -0.180276

C          x =  9.817910  y =  2.065020  z = -0.016870 angstrom
           Maximum rank =  2   Radius =  0.650 angstrom
                   Q00  =   0.195180
|Q1| =   0.032691  Q10  =   0.000146  Q11c =  -0.024112  Q11s =   0.022074
|Q2| =   0.753886  Q20  =  -0.707889  Q21c =  -0.068519  Q21s =  -0.013277
                   Q22c =   0.063438  Q22s =  -0.241540

O          x =  8.912000  y =  2.868560  z =  0.019060 angstrom
           Maximum rank =  2   Radius =  0.650 angstrom
                   Q00  =  -0.391889
|Q1| =   0.491148  Q10  =  -0.012293  Q11c =   0.371608  Q11s =  -0.320910
|Q2| =   0.939196  Q20  =  -0.201783  Q21c =  -0.003386  Q21s =   0.056793
                   Q22c =   0.131597  Q22s =  -0.905990

C          x = 12.027080  y =  1.258890  z = -0.121180 angstrom
           Maximum rank =  2   Radius =  0.650 angstrom
                   Q00  =  -0.026007
|Q1| =   0.085925  Q10  =   0.006122  Q11c =  -0.074045  Q11s =   0.043162
|Q2| =   1.240884  Q20  =  -1.214374  Q21c =  -0.158968  Q21s =  -0.111385
                   Q22c =   0.122140  Q22s =   0.111767

C          x = 11.249880  y =  2.415880  z = -0.120180 angstrom
           Maximum rank =  2   Radius =  0.650 angstrom
                   Q00  =  -0.044715
|Q1| =   0.074230  Q10  =   0.002610  Q11c =   0.007667  Q11s =  -0.073787
|Q2| =   1.230977  Q20  =  -1.209883  Q21c =  -0.135553  Q21s =  -0.102716
                   Q22c =  -0.039658  Q22s =   0.144880

C          x = 13.411070  y =  1.374840  z = -0.224750 angstrom
           Maximum rank =  2   Radius =  0.650 angstrom
                   Q00  =  -0.006760
|Q1| =   0.082839  Q10  =   0.004931  Q11c =  -0.080045  Q11s =   0.020752
|Q2| =   1.396067  Q20  =  -1.368514  Q21c =  -0.158033  Q21s =  -0.111267
                   Q22c =  -0.105349  Q22s =  -0.166487

H          x = 14.062160  y =  0.515320  z = -0.235170 angstrom
           Maximum rank =  1   Radius =  0.350 angstrom
                   Q00  =   0.086594
|Q1| =   0.077244  Q10  =   0.008902  Q11c =  -0.073522  Q11s =   0.021949

C          x = 13.964060  y =  2.645920  z = -0.320280 angstrom
           Maximum rank =  2   Radius =  0.650 angstrom
                   Q00  =  -0.011054
|Q1| =   0.054983  Q10  =   0.005675  Q11c =  -0.051407  Q11s =  -0.018661
|Q2| =   1.337261  Q20  =  -1.304248  Q21c =  -0.181370  Q21s =  -0.094372
                   Q22c =   0.210709  Q22s =   0.031710

H          x = 15.039670  y =  2.742960  z = -0.402800 angstrom
           Maximum rank =  1   Radius =  0.350 angstrom
                   Q00  =   0.049190
|Q1| =   0.104415  Q10  =   0.008559  Q11c =  -0.102795  Q11s =  -0.016203

C          x = 11.793480  y =  3.681560  z = -0.210950 angstrom
           Maximum rank =  2   Radius =  0.650 angstrom
                   Q00  =   0.008436
|Q1| =   0.095931  Q10  =   0.005992  Q11c =  -0.022360  Q11s =  -0.093096
|Q2| =   1.336462  Q20  =  -1.314508  Q21c =  -0.151537  Q21s =  -0.083655
                   Q22c =   0.013235  Q22s =  -0.167519

H          x = 11.143970  y =  4.548020  z = -0.203030 angstrom
           Maximum rank =  1   Radius =  0.350 angstrom
                   Q00  =   0.073179
|Q1| =   0.099323  Q10  =   0.002175  Q11c =   0.026025  Q11s =  -0.095828

C          x = 13.172250  y =  3.790930  z = -0.312050 angstrom
           Maximum rank =  2   Radius =  0.650 angstrom
                   Q00  =  -0.014040
|Q1| =   0.061395  Q10  =   0.004920  Q11c =  -0.033483  Q11s =  -0.051225
|Q2| =   1.347836  Q20  =  -1.308362  Q21c =  -0.157862  Q21s =  -0.117241
                   Q22c =  -0.154950  Q22s =   0.205364

H          x = 13.637520  y =  4.766140  z = -0.386330 angstrom
           Maximum rank =  1   Radius =  0.350 angstrom
                   Q00  =   0.045857
|Q1| =   0.105304  Q10  =   0.007401  Q11c =  -0.046499  Q11s =  -0.094191

C          x = 11.567110  y = -1.210440  z =  0.112870 angstrom
           Maximum rank =  2   Radius =  0.650 angstrom
                   Q00  =  -0.018864
|Q1| =   0.027928  Q10  =   0.007554  Q11c =   0.012660  Q11s =  -0.023719
|Q2| =   1.303905  Q20  =  -1.272041  Q21c =  -0.099643  Q21s =  -0.237061
                   Q22c =  -0.100550  Q22s =  -0.076435

C          x = 12.946700  y = -1.575970  z =  0.086080 angstrom
           Maximum rank =  2   Radius =  0.650 angstrom
                   Q00  =   0.058127
|Q1| =   0.108864  Q10  =   0.008628  Q11c =  -0.107847  Q11s =  -0.012084
|Q2| =   1.213159  Q20  =  -0.711393  Q21c =  -0.046252  Q21s =  -0.012860
                   Q22c =   0.827808  Q22s =  -0.527356

N          x = 14.045530  y = -1.912140  z =  0.067130 angstrom
           Maximum rank =  2   Radius =  0.650 angstrom
                   Q00  =  -0.225190
|Q1| =   0.563995  Q10  =   0.014485  Q11c =  -0.547964  Q11s =   0.132727
|Q2| =   0.626133  Q20  =  -0.335763  Q21c =  -0.011886  Q21s =   0.000878
                   Q22c =   0.406264  Q22s =  -0.337807

C          x = 10.709970  y = -2.339000  z =  0.281230 angstrom
           Maximum rank =  2   Radius =  0.650 angstrom
                   Q00  =   0.057289
|Q1| =   0.100263  Q10  =  -0.003464  Q11c =   0.086986  Q11s =   0.049740
|Q2| =   1.203543  Q20  =  -0.701199  Q21c =  -0.141764  Q21s =  -0.208020
                   Q22c =  -0.257341  Q22s =   0.909529

N          x = 10.050440  y = -3.270730  z =  0.418340 angstrom
           Maximum rank =  2   Radius =  0.650 angstrom
                   Q00  =  -0.226623
|Q1| =   0.567723  Q10  =  -0.062533  Q11c =   0.354799  Q11s =   0.438768
|Q2| =   0.622381  Q20  =  -0.324627  Q21c =  -0.072552  Q21s =  -0.115642
                   Q22c =  -0.237652  Q22s =   0.454819

C          x =  2.628460  y = -2.526850  z =  1.188410 angstrom
           Maximum rank =  2   Radius =  0.650 angstrom
                   Q00  =  -0.062581
|Q1| =   0.079192  Q10  =   0.004252  Q11c =   0.053243  Q11s =   0.058468
|Q2| =   1.298927  Q20  =   0.517924  Q21c =  -0.409619  Q21s =  -0.558676
                   Q22c =  -0.110181  Q22s =  -0.962767

C          x =  3.619370  y = -3.507720  z =  1.182070 angstrom
           Maximum rank =  2   Radius =  0.650 angstrom
                   Q00  =  -0.053580
|Q1| =   0.103111  Q10  =   0.034482  Q11c =  -0.082481  Q11s =   0.051378
|Q2| =   1.484271  Q20  =   0.691279  Q21c =  -0.471385  Q21s =  -0.441812
                   Q22c =  -0.023202  Q22s =  -1.143352

H          x =  4.171340  y = -3.711520  z =  0.272630 angstrom
           Maximum rank =  1   Radius =  0.350 angstrom
                   Q00  =   0.078683
|Q1| =   0.100501  Q10  =   0.053378  Q11c =  -0.071816  Q11s =   0.045758

C          x =  3.903760  y = -4.242200  z =  2.320990 angstrom
           Maximum rank =  2   Radius =  0.650 angstrom
                   Q00  =  -0.030774
|Q1| =   0.076583  Q10  =   0.008422  Q11c =  -0.059760  Q11s =   0.047147
|Q2| =   1.415802  Q20  =   0.452034  Q21c =  -0.447827  Q21s =  -0.440810
                   Q22c =  -0.015102  Q22s =  -1.185357

H          x =  4.683440  y = -4.995320  z =  2.284590 angstrom
           Maximum rank =  1   Radius =  0.350 angstrom
                   Q00  =   0.052372
|Q1| =   0.112946  Q10  =   0.004065  Q11c =  -0.078193  Q11s =   0.081401

C          x =  3.210060  y = -4.028130  z =  3.509320 angstrom
           Maximum rank =  2   Radius =  0.650 angstrom
                   Q00  =  -0.075240
|Q1| =   0.121576  Q10  =  -0.099190  Q11c =  -0.021147  Q11s =   0.067043
|Q2| =   1.140533  Q20  =   0.467335  Q21c =  -0.330263  Q21s =  -0.432375
                   Q22c =  -0.024287  Q22s =  -0.886454

C          x =  2.228050  y = -3.044890  z =  3.514710 angstrom
           Maximum rank =  2   Radius =  0.650 angstrom
                   Q00  =  -0.031846
|Q1| =   0.074785  Q10  =  -0.058717  Q11c =   0.042799  Q11s =  -0.017701
|Q2| =   1.402282  Q20  =   0.580338  Q21c =  -0.536193  Q21s =  -0.393824
                   Q22c =   0.018114  Q22s =  -1.089346

H          x =  1.674590  y = -2.848190  z =  4.426500 angstrom
           Maximum rank =  1   Radius =  0.350 angstrom
                   Q00  =   0.046171
|Q1| =   0.116625  Q10  =  -0.098738  Q11c =   0.058714  Q11s =  -0.020121

C          x =  1.941120  y = -2.304260  z =  2.376410 angstrom
           Maximum rank =  2   Radius =  0.650 angstrom
                   Q00  =  -0.034381
|Q1| =   0.097400  Q10  =  -0.060117  Q11c =   0.072833  Q11s =  -0.023836
|Q2| =   1.465040  Q20  =   0.479207  Q21c =  -0.382162  Q21s =  -0.517106
                   Q22c =  -0.015388  Q22s =  -1.225977

H          x =  1.174010  y = -1.542190  z =  2.424210 angstrom
           Maximum rank =  1   Radius =  0.350 angstrom
                   Q00  =   0.076368
|Q1| =   0.099073  Q10  =  -0.059646  Q11c =   0.061880  Q11s =  -0.049281

C          x =  2.474400  y = -2.454510  z = -1.365090 angstrom
           Maximum rank =  2   Radius =  0.650 angstrom
                   Q00  =  -0.061668
|Q1| =   0.065492  Q10  =   0.000704  Q11c =  -0.054662  Q11s =   0.036066
|Q2| =   1.280724  Q20  =   0.559182  Q21c =  -0.508343  Q21s =   0.364309
                   Q22c =  -0.670164  Q22s =   0.698080

C          x =  3.050600  y = -1.918120  z = -2.510390 angstrom
           Maximum rank =  2   Radius =  0.650 angstrom
                   Q00  =  -0.037035
|Q1| =   0.101197  Q10  =   0.057348  Q11c =  -0.064243  Q11s =  -0.053150
|Q2| =   1.481612  Q20  =   0.547652  Q21c =  -0.472965  Q21s =   0.358592
                   Q22c =  -0.785407  Q22s =   0.962342

H          x =  3.508390  y = -0.937430  z = -2.476520 angstrom
           Maximum rank =  1   Radius =  0.350 angstrom
                   Q00  =   0.078202
|Q1| =   0.100142  Q10  =   0.054009  Q11c =  -0.040555  Q11s =  -0.073937

C          x =  3.045020  y = -2.620560  z = -3.708010 angstrom
           Maximum rank =  2   Radius =  0.650 angstrom
                   Q00  =  -0.031368
|Q1| =   0.076135  Q10  =   0.059180  Q11c =  -0.029545  Q11s =  -0.037701
|Q2| =   1.400488  Q20  =   0.597586  Q21c =  -0.583115  Q21s =   0.166613
                   Q22c =  -0.672989  Q22s =   0.885190

H          x =  3.504950  y = -2.176210  z = -4.583920 angstrom
           Maximum rank =  1   Radius =  0.350 angstrom
                   Q00  =   0.047343
|Q1| =   0.116205  Q10  =   0.095005  Q11c =  -0.047481  Q11s =  -0.047151

C          x =  2.464520  y = -3.878800  z = -3.804090 angstrom
           Maximum rank =  2   Radius =  0.650 angstrom
                   Q00  =  -0.076329
|Q1| =   0.122124  Q10  =   0.105550  Q11c =   0.002201  Q11s =   0.061390
|Q2| =   1.143340  Q20  =   0.502987  Q21c =  -0.414174  Q21s =   0.275910
                   Q22c =  -0.575135  Q22s =   0.689770

C          x =  1.883190  y = -4.412100  z = -2.655650 angstrom
           Maximum rank =  2   Radius =  0.650 angstrom
                   Q00  =  -0.031794
|Q1| =   0.076113  Q10  =  -0.004661  Q11c =   0.041382  Q11s =   0.063710
|Q2| =   1.408414  Q20  =   0.475158  Q21c =  -0.498657  Q21s =   0.258078
                   Q22c =  -0.762553  Q22s =   0.927958

H          x =  1.420120  y = -5.392220  z = -2.697790 angstrom
           Maximum rank =  1   Radius =  0.350 angstrom
                   Q00  =   0.048185
|Q1| =   0.115739  Q10  =   0.002679  Q11c =   0.050042  Q11s =   0.104328

C          x =  1.889100  y = -3.716720  z = -1.458750 angstrom
           Maximum rank =  2   Radius =  0.650 angstrom
                   Q00  =  -0.051358
|Q1| =   0.104997  Q10  =  -0.030639  Q11c =   0.061104  Q11s =   0.079699
|Q2| =   1.476759  Q20  =   0.722806  Q21c =  -0.500269  Q21s =   0.199540
                   Q22c =  -0.754351  Q22s =   0.894000

H          x =  1.444610  y = -4.170340  z = -0.581250 angstrom
           Maximum rank =  1   Radius =  0.350 angstrom
                   Q00  =   0.074316
|Q1| =   0.106200  Q10  =  -0.048226  Q11c =   0.061114  Q11s =   0.072234

C          x = -2.474390  y =  2.454450  z =  1.365240 angstrom
           Maximum rank =  2   Radius =  0.650 angstrom
                   Q00  =  -0.062078
|Q1| =   0.065664  Q10  =  -0.000609  Q11c =   0.054815  Q11s =  -0.036149
|Q2| =   1.281700  Q20  =   0.559728  Q21c =  -0.508666  Q21s =   0.364781
                   Q22c =  -0.670770  Q22s =   0.698369

C          x = -1.889150  y =  3.716720  z =  1.458870 angstrom
           Maximum rank =  2   Radius =  0.650 angstrom
                   Q00  =  -0.051664
|Q1| =   0.105062  Q10  =   0.030824  Q11c =  -0.061020  Q11s =  -0.079777
|Q2| =   1.477616  Q20  =   0.723267  Q21c =  -0.500522  Q21s =   0.199520
                   Q22c =  -0.754800  Q22s =   0.894527

H          x = -1.444700  y =  4.170340  z =  0.581350 angstrom
           Maximum rank =  1   Radius =  0.350 angstrom
                   Q00  =   0.074011
|Q1| =   0.106390  Q10  =   0.048411  Q11c =  -0.061196  Q11s =  -0.072320

C          x = -1.883260  y =  4.412110  z =  2.655740 angstrom
           Maximum rank =  2   Radius =  0.650 angstrom
                   Q00  =  -0.031713
|Q1| =   0.076047  Q10  =   0.004919  Q11c =  -0.041225  Q11s =  -0.063714
|Q2| =   1.408174  Q20  =   0.475171  Q21c =  -0.498218  Q21s =   0.258495
                   Q22c =  -0.762528  Q22s =   0.927727

H          x = -1.420270  y =  5.392260  z =  2.697860 angstrom
           Maximum rank =  1   Radius =  0.350 angstrom
                   Q00  =   0.048287
|Q1| =   0.115663  Q10  =  -0.002511  Q11c =  -0.050009  Q11s =  -0.104262

C          x = -2.464570  y =  3.878790  z =  3.804220 angstrom
           Maximum rank =  2   Radius =  0.650 angstrom
                   Q00  =  -0.075888
|Q1| =   0.122114  Q10  =  -0.105443  Q11c =  -0.002094  Q11s =  -0.061557
|Q2| =   1.141930  Q20  =   0.502364  Q21c =  -0.413718  Q21s =   0.275170
                   Q22c =  -0.574412  Q22s =   0.689061

C          x = -3.045030  y =  2.620550  z =  3.708160 angstrom
           Maximum rank =  2   Radius =  0.650 angstrom
                   Q00  =  -0.031019
|Q1| =   0.075958  Q10  =  -0.058952  Q11c =   0.029653  Q11s =   0.037616
|Q2| =   1.399081  Q20  =   0.597206  Q21c =  -0.582449  Q21s =   0.166376
                   Q22c =  -0.672304  Q22s =   0.884225

H          x = -3.504970  y =  2.176220  z =  4.584060 angstrom
           Maximum rank =  1   Radius =  0.350 angstrom
                   Q00  =   0.047773
|Q1| =   0.115821  Q10  =  -0.094651  Q11c =   0.047372  Q11s =   0.047027

C          x = -3.050580  y =  1.918080  z =  2.510530 angstrom
           Maximum rank =  2   Radius =  0.650 angstrom
                   Q00  =  -0.037019
|Q1| =   0.101097  Q10  =  -0.057115  Q11c =   0.064329  Q11s =   0.053106
|Q2| =   1.481544  Q20  =   0.547612  Q21c =  -0.473210  Q21s =   0.358100
                   Q22c =  -0.785366  Q22s =   0.962357

H          x = -3.508350  y =  0.937380  z =  2.476680 angstrom
           Maximum rank =  1   Radius =  0.350 angstrom
                   Q00  =   0.078212
|Q1| =   0.100049  Q10  =  -0.053882  Q11c =   0.040532  Q11s =   0.073917

C          x = -2.628440  y =  2.526850  z = -1.188240 angstrom
           Maximum rank =  2   Radius =  0.650 angstrom
                   Q00  =  -0.062203
|Q1| =   0.078967  Q10  =  -0.004113  Q11c =  -0.053114  Q11s =  -0.058291
|Q2| =   1.298007  Q20  =   0.517560  Q21c =  -0.409520  Q21s =  -0.557967
                   Q22c =  -0.110272  Q22s =  -0.962164

C          x = -3.619200  y =  3.507860  z = -1.181790 angstrom
           Maximum rank =  2   Radius =  0.650 angstrom
                   Q00  =  -0.053280
|Q1| =   0.103052  Q10  =  -0.034302  Q11c =   0.082537  Q11s =  -0.051290
|Q2| =   1.483483  Q20  =   0.690983  Q21c =  -0.471004  Q21s =  -0.441476
                   Q22c =  -0.023802  Q22s =  -1.142783

H          x = -4.171050  y =  3.711730  z = -0.272290 angstrom
           Maximum rank =  1   Radius =  0.350 angstrom
                   Q00  =   0.079004
|Q1| =   0.100306  Q10  =  -0.053177  Q11c =   0.071726  Q11s =  -0.045704

C          x = -3.903590  y =  4.242400  z = -2.320670 angstrom
           Maximum rank =  2   Radius =  0.650 angstrom
                   Q00  =  -0.030821
|Q1| =   0.076604  Q10  =  -0.008189  Q11c =   0.059863  Q11s =  -0.047092
|Q2| =   1.416052  Q20  =   0.452237  Q21c =  -0.448255  Q21s =  -0.440388
                   Q22c =  -0.015441  Q22s =  -1.185568

H          x = -4.683170  y =  4.995630  z = -2.284180 angstrom
           Maximum rank =  1   Radius =  0.350 angstrom
                   Q00  =   0.052338
|Q1| =   0.112973  Q10  =  -0.003941  Q11c =   0.078202  Q11s =  -0.081435

C          x = -3.210030  y =  4.028250  z = -3.509070 angstrom
           Maximum rank =  2   Radius =  0.650 angstrom
                   Q00  =  -0.075663
|Q1| =   0.121580  Q10  =   0.099293  Q11c =   0.021230  Q11s =  -0.066872
|Q2| =   1.141876  Q20  =   0.467909  Q21c =  -0.330436  Q21s =  -0.433057
                   Q22c =  -0.024745  Q22s =  -0.887470

C          x = -2.228160  y =  3.044880  z = -3.514560 angstrom
           Maximum rank =  2   Radius =  0.650 angstrom
                   Q00  =  -0.032214
|Q1| =   0.074976  Q10  =   0.058986  Q11c =  -0.042726  Q11s =   0.017793
|Q2| =   1.403655  Q20  =   0.580757  Q21c =  -0.536747  Q21s =  -0.394015
                   Q22c =   0.017845  Q22s =  -1.090553

H          x = -1.674810  y =  2.848120  z = -4.426410 angstrom
           Maximum rank =  1   Radius =  0.350 angstrom
                   Q00  =   0.045707
|Q1| =   0.117030  Q10  =   0.099128  Q11c =  -0.058846  Q11s =   0.020171

C          x = -1.941230  y =  2.304190  z = -2.376300 angstrom
           Maximum rank =  2   Radius =  0.650 angstrom
                   Q00  =  -0.034426
|Q1| =   0.097499  Q10  =   0.060356  Q11c =  -0.072737  Q11s =   0.023926
|Q2| =   1.465175  Q20  =   0.479211  Q21c =  -0.381868  Q21s =  -0.517340
                   Q22c =  -0.015841  Q22s =  -1.226124

H          x = -1.174230  y =  1.542020  z = -2.424180 angstrom
           Maximum rank =  1   Radius =  0.350 angstrom
                   Q00  =   0.076328
|Q1| =   0.099185  Q10  =   0.059781  Q11c =  -0.061905  Q11s =   0.049312

C          x =  3.503080  y = -4.849550  z =  4.735340 angstrom
           Maximum rank =  2   Radius =  0.650 angstrom
                   Q00  =   0.023477
|Q1| =   0.023221  Q10  =  -0.014417  Q11c =  -0.001957  Q11s =   0.018098
|Q2| =   0.104399  Q20  =   0.064568  Q21c =   0.023560  Q21s =  -0.071907
                   Q22c =  -0.008380  Q22s =  -0.030567

H          x =  3.002230  y = -5.820520  z =  4.684620 angstrom
           Maximum rank =  1   Radius =  0.350 angstrom
                   Q00  =   0.031490
|Q1| =   0.123619  Q10  =  -0.035369  Q11c =   0.035962  Q11s =   0.112861

H          x =  3.158920  y = -4.347950  z =  5.640740 angstrom
           Maximum rank =  1   Radius =  0.350 angstrom
                   Q00  =   0.024839
|Q1| =   0.124742  Q10  =  -0.121490  Q11c =   0.021552  Q11s =  -0.018337

H          x =  4.572940  y = -5.039300  z =  4.838380 angstrom
           Maximum rank =  1   Radius =  0.350 angstrom
                   Q00  =   0.029283
|Q1| =   0.122636  Q10  =  -0.050468  Q11c =  -0.103009  Q11s =   0.043378

C          x =  2.484770  y = -4.654810  z = -5.092940 angstrom
           Maximum rank =  2   Radius =  0.650 angstrom
                   Q00  =   0.023276
|Q1| =   0.022891  Q10  =   0.015612  Q11c =  -0.002031  Q11s =   0.016618
|Q2| =   0.105118  Q20  =   0.073958  Q21c =   0.001891  Q21s =   0.069708
                   Q22c =  -0.019667  Q22s =   0.018181

H          x =  3.288150  y = -5.396840  z = -5.089490 angstrom
           Maximum rank =  1   Radius =  0.350 angstrom
                   Q00  =   0.032756
|Q1| =   0.122762  Q10  =   0.041947  Q11c =  -0.071271  Q11s =   0.090728

H          x =  2.646150  y = -3.998460  z = -5.949000 angstrom
           Maximum rank =  1   Radius =  0.350 angstrom
                   Q00  =   0.024751
|Q1| =   0.124940  Q10  =   0.119406  Q11c =  -0.014374  Q11s =  -0.033847

H          x =  1.546400  y = -5.190370  z = -5.248400 angstrom
           Maximum rank =  1   Radius =  0.350 angstrom
                   Q00  =   0.026808
|Q1| =   0.124624  Q10  =   0.056690  Q11c =   0.083641  Q11s =   0.072949

C          x = -2.484610  y =  4.654840  z =  5.093060 angstrom
           Maximum rank =  2   Radius =  0.650 angstrom
                   Q00  =   0.023307
|Q1| =   0.022669  Q10  =  -0.015257  Q11c =   0.001935  Q11s =  -0.016653
|Q2| =   0.106128  Q20  =   0.074623  Q21c =   0.001723  Q21s =   0.070640
                   Q22c =  -0.019555  Q22s =   0.017862

H          x = -3.284810  y =  5.400270  z =  5.087750 angstrom
           Maximum rank =  1   Radius =  0.350 angstrom
                   Q00  =   0.032973
|Q1| =   0.122527  Q10  =  -0.041568  Q11c =   0.070890  Q11s =  -0.090882

H          x = -1.544340  y =  5.186430  z =  5.250740 angstrom
           Maximum rank =  1   Radius =  0.350 angstrom
                   Q00  =   0.027110
|Q1| =   0.124338  Q10  =  -0.056653  Q11c =  -0.083666  Q11s =  -0.072460

H          x = -2.650720  y =  3.999130  z =  5.948690 angstrom
           Maximum rank =  1   Radius =  0.350 angstrom
                   Q00  =   0.025209
|Q1| =   0.124469  Q10  =  -0.118908  Q11c =   0.014757  Q11s =   0.033699

C          x = -3.503080  y =  4.849710  z = -4.735060 angstrom
           Maximum rank =  2   Radius =  0.650 angstrom
                   Q00  =   0.023450
|Q1| =   0.023442  Q10  =   0.014710  Q11c =   0.001997  Q11s =  -0.018143
|Q2| =   0.103380  Q20  =   0.064129  Q21c =   0.023126  Q21s =  -0.070939
                   Q22c =  -0.008241  Q22s =  -0.030658

H          x = -3.158420  y =  4.348420  z = -5.640430 angstrom
           Maximum rank =  1   Radius =  0.350 angstrom
                   Q00  =   0.024337
|Q1| =   0.125223  Q10  =   0.121961  Q11c =  -0.021659  Q11s =   0.018368

H          x = -3.002720  y =  5.820920  z = -4.684030 angstrom
           Maximum rank =  1   Radius =  0.350 angstrom
                   Q00  =   0.031285
|Q1| =   0.123835  Q10  =   0.035551  Q11c =  -0.035960  Q11s =  -0.113041

H          x = -4.573010  y =  5.038970  z = -4.838370 angstrom
           Maximum rank =  1   Radius =  0.350 angstrom
                   Q00  =   0.029060
|Q1| =   0.122886  Q10  =   0.050718  Q11c =   0.103172  Q11s =  -0.043408

Total multipoles referred to origin at
           x =   0.000000,  y =    0.000000,  z =    0.000000 angstrom
                   Q00  =  -0.000002
|Q1| =   0.062014  Q10  =   0.061973  Q11c =  -0.001223  Q11s =  -0.001881
|Q2| = 200.890428  Q20  =  74.802168  Q21c = -24.613430  Q21s =   1.844039
                   Q22c =-118.469168  Q22s = 141.835943

CPU time used:     67m44.124s          Total:     67m44.124s

Finished at 15:59:7 on 28 Jun 2021  
