                                     G D M A

                                 by Anthony Stone

                         version 2.2.11, 04 February 2015

               Distributed Multipoles from Gaussian wavefunctions


Starting at 14:50:19 on 28 Jun 2021 

s1S0



Using CI density matrix from file sN_x.fchk


                         Distributed Multipole Analysis

Standard DMA for products of primitives with exponent greater than 4.00000
Using 80-point Euler-MacLaurin radial quadrature
Using 590-point Lebedev quadrature
Becke smoothing parameter = 3

Positions and radii in angstrom
Multipole moments in atomic units, ea_0^k for rank k

C          x = -8.625280  y =  0.193040  z = -0.015150 angstrom
           Maximum rank =  2   Radius =  0.650 angstrom
                   Q00  =   0.014592
|Q1| =   0.043586  Q10  =   0.000728  Q11c =  -0.037091  Q11s =  -0.022881
|Q2| =   1.357904  Q20  =  -1.352680  Q21c =   0.002422  Q21s =   0.007628
                   Q22c =   0.118489  Q22s =  -0.007615

H          x = -8.803600  y =  1.260170  z =  0.007490 angstrom
           Maximum rank =  1   Radius =  0.350 angstrom
                   Q00  =   0.090725
|Q1| =   0.070274  Q10  =  -0.011835  Q11c =  -0.025875  Q11s =  -0.064256

C          x = -9.748470  y = -0.582520  z = -0.019920 angstrom
           Maximum rank =  2   Radius =  0.650 angstrom
                   Q00  =  -0.055119
|Q1| =   0.059636  Q10  =   0.007063  Q11c =  -0.041775  Q11s =  -0.041970
|Q2| =   1.312251  Q20  =  -1.289656  Q21c =  -0.022826  Q21s =  -0.040200
                   Q22c =   0.123640  Q22s =   0.203384

C          x =-11.132630  y = -0.079660  z = -0.003190 angstrom
           Maximum rank =  2   Radius =  0.650 angstrom
                   Q00  =   0.032147
|Q1| =   0.042298  Q10  =  -0.002261  Q11c =  -0.006950  Q11s =  -0.041662
|Q2| =   1.151342  Q20  =  -1.101869  Q21c =  -0.048473  Q21s =  -0.174223
                   Q22c =  -0.214608  Q22s =  -0.180863

C          x = -9.817920  y = -2.065060  z =  0.016930 angstrom
           Maximum rank =  2   Radius =  0.650 angstrom
                   Q00  =   0.195429
|Q1| =   0.032515  Q10  =   0.000099  Q11c =   0.024142  Q11s =  -0.021781
|Q2| =   0.753107  Q20  =  -0.707052  Q21c =  -0.068403  Q21s =  -0.013294
                   Q22c =   0.062996  Q22s =  -0.241709

O          x = -8.912030  y = -2.868630  z = -0.019000 angstrom
           Maximum rank =  2   Radius =  0.650 angstrom
                   Q00  =  -0.391477
|Q1| =   0.490897  Q10  =   0.012517  Q11c =  -0.371617  Q11s =   0.320505
|Q2| =   0.938973  Q20  =  -0.201571  Q21c =  -0.003255  Q21s =   0.056797
                   Q22c =   0.131322  Q22s =  -0.905846

C          x =-12.027070  y = -1.258880  z =  0.121240 angstrom
           Maximum rank =  2   Radius =  0.650 angstrom
                   Q00  =  -0.026177
|Q1| =   0.085831  Q10  =  -0.005866  Q11c =   0.073968  Q11s =  -0.043142
|Q2| =   1.241126  Q20  =  -1.214573  Q21c =  -0.159113  Q21s =  -0.111517
                   Q22c =   0.122033  Q22s =   0.112080

C          x =-11.249890  y = -2.415880  z =  0.120280 angstrom
           Maximum rank =  2   Radius =  0.650 angstrom
                   Q00  =  -0.044659
|Q1| =   0.073999  Q10  =  -0.002330  Q11c =  -0.007826  Q11s =   0.073547
|Q2| =   1.230767  Q20  =  -1.209675  Q21c =  -0.135553  Q21s =  -0.102865
                   Q22c =  -0.039462  Q22s =   0.144784

C          x =-13.411060  y = -1.374800  z =  0.224850 angstrom
           Maximum rank =  2   Radius =  0.650 angstrom
                   Q00  =  -0.006032
|Q1| =   0.082621  Q10  =  -0.004576  Q11c =   0.079853  Q11s =  -0.020708
|Q2| =   1.393595  Q20  =  -1.366059  Q21c =  -0.157985  Q21s =  -0.111065
                   Q22c =  -0.104620  Q22s =  -0.166582

H          x =-14.062140  y = -0.515260  z =  0.235240 angstrom
           Maximum rank =  1   Radius =  0.350 angstrom
                   Q00  =   0.086930
|Q1| =   0.076938  Q10  =  -0.008820  Q11c =   0.073227  Q11s =  -0.021897

C          x =-13.964070  y = -2.645870  z =  0.320460 angstrom
           Maximum rank =  2   Radius =  0.650 angstrom
                   Q00  =  -0.010337
|Q1| =   0.054677  Q10  =  -0.005301  Q11c =   0.051198  Q11s =   0.018446
|Q2| =   1.334652  Q20  =  -1.301661  Q21c =  -0.181260  Q21s =  -0.094331
                   Q22c =   0.210260  Q22s =   0.031785

H          x =-15.039680  y = -2.742880  z =  0.403020 angstrom
           Maximum rank =  1   Radius =  0.350 angstrom
                   Q00  =   0.049875
|Q1| =   0.103855  Q10  =  -0.008452  Q11c =   0.102249  Q11s =   0.016108

C          x =-11.793520  y = -3.681550  z =  0.211140 angstrom
           Maximum rank =  2   Radius =  0.650 angstrom
                   Q00  =   0.008846
|Q1| =   0.095841  Q10  =  -0.005670  Q11c =   0.022414  Q11s =   0.093011
|Q2| =   1.335010  Q20  =  -1.313072  Q21c =  -0.151360  Q21s =  -0.083884
                   Q22c =   0.012828  Q22s =  -0.167277

H          x =-11.144030  y = -4.548020  z =  0.203250 angstrom
           Maximum rank =  1   Radius =  0.350 angstrom
                   Q00  =   0.073421
|Q1| =   0.099095  Q10  =  -0.002112  Q11c =  -0.026004  Q11s =   0.095598

C          x =-13.172290  y = -3.790890  z =  0.312280 angstrom
           Maximum rank =  2   Radius =  0.650 angstrom
                   Q00  =  -0.013117
|Q1| =   0.061018  Q10  =  -0.004546  Q11c =   0.033107  Q11s =   0.051053
|Q2| =   1.344697  Q20  =  -1.305218  Q21c =  -0.157656  Q21s =  -0.117291
                   Q22c =  -0.154508  Q22s =   0.205263

H          x =-13.637570  y = -4.766090  z =  0.386630 angstrom
           Maximum rank =  1   Radius =  0.350 angstrom
                   Q00  =   0.046474
|Q1| =   0.104813  Q10  =  -0.007302  Q11c =   0.046231  Q11s =   0.093783

C          x =-11.567050  y =  1.210430  z = -0.113040 angstrom
           Maximum rank =  2   Radius =  0.650 angstrom
                   Q00  =  -0.017744
|Q1| =   0.028597  Q10  =  -0.007304  Q11c =  -0.013001  Q11s =   0.024401
|Q2| =   1.300402  Q20  =  -1.268552  Q21c =  -0.099355  Q21s =  -0.236628
                   Q22c =  -0.100719  Q22s =  -0.076239

C          x =-12.946630  y =  1.575990  z = -0.086280 angstrom
           Maximum rank =  2   Radius =  0.650 angstrom
                   Q00  =   0.058277
|Q1| =   0.109180  Q10  =  -0.008319  Q11c =   0.108186  Q11s =   0.012112
|Q2| =   1.212602  Q20  =  -0.710383  Q21c =  -0.046181  Q21s =  -0.012719
                   Q22c =   0.827876  Q22s =  -0.527339

N          x =-14.045460  y =  1.912200  z = -0.067350 angstrom
           Maximum rank =  2   Radius =  0.650 angstrom
                   Q00  =  -0.223032
|Q1| =   0.562699  Q10  =  -0.014109  Q11c =   0.546726  Q11s =  -0.132370
|Q2| =   0.624972  Q20  =  -0.334437  Q21c =  -0.011975  Q21s =   0.001112
                   Q22c =   0.405861  Q22s =  -0.337453

C          x =-10.709870  y =  2.338940  z = -0.281530 angstrom
           Maximum rank =  2   Radius =  0.650 angstrom
                   Q00  =   0.057660
|Q1| =   0.100671  Q10  =   0.003796  Q11c =  -0.087513  Q11s =  -0.049615
|Q2| =   1.202556  Q20  =  -0.700075  Q21c =  -0.141683  Q21s =  -0.207963
                   Q22c =  -0.257079  Q22s =   0.909188

N          x =-10.050300  y =  3.270620  z = -0.418740 angstrom
           Maximum rank =  2   Radius =  0.650 angstrom
                   Q00  =  -0.225471
|Q1| =   0.567152  Q10  =   0.062815  Q11c =  -0.354836  Q11s =  -0.437958
|Q2| =   0.621566  Q20  =  -0.323553  Q21c =  -0.072402  Q21s =  -0.115326
                   Q22c =  -0.237754  Q22s =   0.454520

C          x = -7.232090  y = -0.103940  z = -0.022310 angstrom
           Maximum rank =  2   Radius =  0.650 angstrom
                   Q00  =  -0.300737
|Q1| =   0.458277  Q10  =  -0.026633  Q11c =  -0.207232  Q11s =  -0.407877
|Q2| =   1.429192  Q20  =  -1.179149  Q21c =  -0.033526  Q21s =   0.058237
                   Q22c =   0.525091  Q22s =  -0.609886

S          x = -6.160890  y =  1.304520  z =  0.041650 angstrom
           Maximum rank =  2   Radius =  0.650 angstrom
                   Q00  =   0.714941
|Q1| =   1.084157  Q10  =  -0.065487  Q11c =   0.224118  Q11s =  -1.058716
|Q2| =   2.315818  Q20  =  -2.114267  Q21c =  -0.031441  Q21s =   0.071040
                   Q22c =   0.902541  Q22s =   0.268839

C          x = -6.510100  y = -1.282400  z = -0.086720 angstrom
           Maximum rank =  2   Radius =  0.650 angstrom
                   Q00  =  -0.016257
|Q1| =   0.079607  Q10  =   0.003619  Q11c =  -0.012891  Q11s =   0.078473
|Q2| =   1.384578  Q20  =  -1.342781  Q21c =  -0.002212  Q21s =   0.111437
                   Q22c =   0.024118  Q22s =   0.317791

H          x = -6.993050  y = -2.244830  z = -0.135790 angstrom
           Maximum rank =  1   Radius =  0.350 angstrom
                   Q00  =   0.122609
|Q1| =   0.070930  Q10  =   0.008241  Q11c =  -0.034554  Q11s =   0.061393

C          x = -5.132950  y = -1.045480  z = -0.077250 angstrom
           Maximum rank =  2   Radius =  0.650 angstrom
                   Q00  =  -0.338696
|Q1| =   0.541985  Q10  =   0.018529  Q11c =  -0.306560  Q11s =   0.446570
|Q2| =   1.342888  Q20  =  -1.171497  Q21c =   0.024396  Q21s =   0.082368
                   Q22c =   0.350752  Q22s =   0.548212

C          x = -4.771620  y =  0.302160  z = -0.009860 angstrom
           Maximum rank =  2   Radius =  0.650 angstrom
                   Q00  =  -0.345764
|Q1| =   0.546948  Q10  =  -0.047164  Q11c =   0.372927  Q11s =  -0.397306
|Q2| =   1.420152  Q20  =  -1.271254  Q21c =   0.033435  Q21s =   0.067291
                   Q22c =   0.307780  Q22s =   0.548059

S          x = -3.736650  y = -2.095060  z = -0.130570 angstrom
           Maximum rank =  2   Radius =  0.650 angstrom
                   Q00  =   0.727771
|Q1| =   1.128033  Q10  =   0.058829  Q11c =  -0.153815  Q11s =   1.115947
|Q2| =   2.289389  Q20  =  -2.104722  Q21c =   0.030578  Q21s =   0.150608
                   Q22c =   0.836761  Q22s =   0.296078

C          x = -3.371680  y =  0.489500  z =  0.013470 angstrom
           Maximum rank =  2   Radius =  0.650 angstrom
                   Q00  =  -0.065748
|Q1| =   0.097834  Q10  =  -0.052936  Q11c =   0.076446  Q11s =  -0.030417
|Q2| =   1.263727  Q20  =  -1.236580  Q21c =   0.018866  Q21s =   0.073976
                   Q22c =   0.122881  Q22s =   0.216674

C          x = -2.709580  y = -0.704220  z = -0.048630 angstrom
           Maximum rank =  2   Radius =  0.650 angstrom
                   Q00  =  -0.324873
|Q1| =   0.620025  Q10  =   0.019664  Q11c =   0.227100  Q11s =   0.576602
|Q2| =   1.365541  Q20  =  -1.233959  Q21c =  -0.000654  Q21s =   0.077121
                   Q22c =   0.507290  Q22s =  -0.280635

C          x = -1.274570  y = -0.498490  z = -0.034790 angstrom
           Maximum rank =  2   Radius =  0.650 angstrom
                   Q00  =  -0.024934
|Q1| =   0.121392  Q10  =   0.011992  Q11c =   0.009062  Q11s =   0.120458
|Q2| =   1.280622  Q20  =  -1.237615  Q21c =   0.002387  Q21s =   0.093633
                   Q22c =   0.172331  Q22s =  -0.264255

C          x = -1.064730  y =  0.891310  z =  0.023980 angstrom
           Maximum rank =  2   Radius =  0.650 angstrom
                   Q00  =  -0.036811
|Q1| =   0.089091  Q10  =   0.039644  Q11c =  -0.049851  Q11s =  -0.062293
|Q2| =   1.236011  Q20  =  -1.220688  Q21c =   0.011674  Q21s =   0.103965
                   Q22c =   0.163238  Q22s =  -0.007333

C          x = -2.398400  y =  1.656840  z =  0.056900 angstrom
           Maximum rank =  2   Radius =  0.650 angstrom
                   Q00  =  -0.006818
|Q1| =   0.063068  Q10  =  -0.001454  Q11c =   0.000737  Q11s =  -0.063047
|Q2| =   0.176927  Q20  =   0.004419  Q21c =   0.081465  Q21s =   0.024118
                   Q22c =  -0.145620  Q22s =  -0.053481

C          x =  0.216340  y =  1.401870  z =  0.062950 angstrom
           Maximum rank =  2   Radius =  0.650 angstrom
                   Q00  =  -0.014833
|Q1| =   0.105211  Q10  =   0.022136  Q11c =  -0.016500  Q11s =  -0.101524
|Q2| =   1.441069  Q20  =  -1.433413  Q21c =   0.005371  Q21s =   0.142951
                   Q22c =   0.006995  Q22s =  -0.038682

H          x =  0.394920  y =  2.468940  z =  0.113690 angstrom
           Maximum rank =  1   Radius =  0.350 angstrom
                   Q00  =   0.084008
|Q1| =   0.103473  Q10  =   0.000378  Q11c =  -0.038393  Q11s =  -0.096086

C          x =  1.274600  y =  0.498460  z =  0.034920 angstrom
           Maximum rank =  2   Radius =  0.650 angstrom
                   Q00  =  -0.025273
|Q1| =   0.121555  Q10  =  -0.012005  Q11c =  -0.009797  Q11s =  -0.120563
|Q2| =   1.281387  Q20  =  -1.238412  Q21c =   0.002355  Q21s =   0.093673
                   Q22c =   0.172279  Q22s =  -0.264251

C          x = -0.216320  y = -1.401900  z = -0.062820 angstrom
           Maximum rank =  2   Radius =  0.650 angstrom
                   Q00  =  -0.015064
|Q1| =   0.105160  Q10  =  -0.022153  Q11c =   0.016616  Q11s =   0.101449
|Q2| =   1.441593  Q20  =  -1.433941  Q21c =   0.005408  Q21s =   0.142991
                   Q22c =   0.007047  Q22s =  -0.038433

H          x = -0.394890  y = -2.468970  z = -0.113560 angstrom
           Maximum rank =  1   Radius =  0.350 angstrom
                   Q00  =   0.083997
|Q1| =   0.103455  Q10  =  -0.000380  Q11c =   0.038343  Q11s =   0.096087

C          x =  1.064760  y = -0.891350  z = -0.023840 angstrom
           Maximum rank =  2   Radius =  0.650 angstrom
                   Q00  =  -0.036657
|Q1| =   0.089104  Q10  =  -0.039674  Q11c =   0.049713  Q11s =   0.062402
|Q2| =   1.235553  Q20  =  -1.220228  Q21c =   0.011655  Q21s =   0.103949
                   Q22c =   0.163206  Q22s =  -0.007635

C          x =  2.398430  y = -1.656870  z = -0.056750 angstrom
           Maximum rank =  2   Radius =  0.650 angstrom
                   Q00  =  -0.006812
|Q1| =   0.063052  Q10  =   0.001464  Q11c =  -0.000687  Q11s =   0.063031
|Q2| =   0.176858  Q20  =   0.004455  Q21c =   0.081470  Q21s =   0.024081
                   Q22c =  -0.145589  Q22s =  -0.053342

C          x =  2.709610  y =  0.704190  z =  0.048750 angstrom
           Maximum rank =  2   Radius =  0.650 angstrom
                   Q00  =  -0.324619
|Q1| =   0.620154  Q10  =  -0.019708  Q11c =  -0.226283  Q11s =  -0.577060
|Q2| =   1.364932  Q20  =  -1.233398  Q21c =  -0.000722  Q21s =   0.077104
                   Q22c =   0.506892  Q22s =  -0.280863

C          x =  3.371700  y = -0.489540  z = -0.013350 angstrom
           Maximum rank =  2   Radius =  0.650 angstrom
                   Q00  =  -0.065388
|Q1| =   0.098785  Q10  =   0.052902  Q11c =  -0.077513  Q11s =   0.030847
|Q2| =   1.262863  Q20  =  -1.235794  Q21c =   0.018776  Q21s =   0.073900
                   Q22c =   0.122303  Q22s =   0.216479

S          x =  3.736680  y =  2.095020  z =  0.130650 angstrom
           Maximum rank =  2   Radius =  0.650 angstrom
                   Q00  =   0.727181
|Q1| =   1.128688  Q10  =  -0.058856  Q11c =   0.153910  Q11s =  -1.116595
|Q2| =   2.291541  Q20  =  -2.106633  Q21c =   0.030552  Q21s =   0.150670
                   Q22c =   0.837878  Q22s =   0.295945

C          x =  4.771650  y = -0.302200  z =  0.009950 angstrom
           Maximum rank =  2   Radius =  0.650 angstrom
                   Q00  =  -0.346486
|Q1| =   0.546488  Q10  =   0.047151  Q11c =  -0.371916  Q11s =   0.397624
|Q2| =   1.421495  Q20  =  -1.272751  Q21c =   0.033456  Q21s =   0.067407
                   Q22c =   0.307545  Q22s =   0.548185

S          x =  6.160910  y = -1.304570  z = -0.041580 angstrom
           Maximum rank =  2   Radius =  0.650 angstrom
                   Q00  =   0.713117
|Q1| =   1.085843  Q10  =   0.065626  Q11c =  -0.224282  Q11s =   1.060399
|Q2| =   2.322734  Q20  =  -2.120813  Q21c =  -0.031614  Q21s =   0.071095
                   Q22c =   0.904787  Q22s =   0.269359

C          x =  5.132970  y =  1.045440  z =  0.077310 angstrom
           Maximum rank =  2   Radius =  0.650 angstrom
                   Q00  =  -0.338011
|Q1| =   0.541838  Q10  =  -0.018548  Q11c =   0.305751  Q11s =  -0.446946
|Q2| =   1.340912  Q20  =  -1.169776  Q21c =   0.024304  Q21s =   0.082230
                   Q22c =   0.350195  Q22s =   0.547430

C          x =  6.510130  y =  1.282360  z =  0.086760 angstrom
           Maximum rank =  2   Radius =  0.650 angstrom
                   Q00  =  -0.018217
|Q1| =   0.080771  Q10  =  -0.003704  Q11c =   0.013922  Q11s =  -0.079475
|Q2| =   1.390430  Q20  =  -1.348756  Q21c =  -0.002372  Q21s =   0.111926
                   Q22c =   0.024826  Q22s =   0.317808

H          x =  6.993080  y =  2.244780  z =  0.135810 angstrom
           Maximum rank =  1   Radius =  0.350 angstrom
                   Q00  =   0.122174
|Q1| =   0.071190  Q10  =  -0.008274  Q11c =   0.034625  Q11s =  -0.061649

C          x =  7.232110  y =  0.103890  z =  0.022340 angstrom
           Maximum rank =  2   Radius =  0.650 angstrom
                   Q00  =  -0.299478
|Q1| =   0.458276  Q10  =   0.026653  Q11c =   0.205961  Q11s =   0.408518
|Q2| =   1.426448  Q20  =  -1.176713  Q21c =  -0.033527  Q21s =   0.058006
                   Q22c =   0.523785  Q22s =  -0.609312

C          x =  8.625300  y = -0.193080  z =  0.015150 angstrom
           Maximum rank =  2   Radius =  0.650 angstrom
                   Q00  =   0.010797
|Q1| =   0.045677  Q10  =  -0.000659  Q11c =   0.038850  Q11s =   0.024013
|Q2| =   1.369281  Q20  =  -1.364014  Q21c =   0.002435  Q21s =   0.007964
                   Q22c =   0.119470  Q22s =  -0.007455

H          x =  8.803630  y = -1.260220  z = -0.007510 angstrom
           Maximum rank =  1   Radius =  0.350 angstrom
                   Q00  =   0.090091
|Q1| =   0.070532  Q10  =   0.011921  Q11c =   0.025923  Q11s =   0.064503

C          x =  9.748490  y =  0.582480  z =  0.019910 angstrom
           Maximum rank =  2   Radius =  0.650 angstrom
                   Q00  =  -0.055512
|Q1| =   0.057574  Q10  =  -0.007066  Q11c =   0.039686  Q11s =   0.041108
|Q2| =   1.314724  Q20  =  -1.292288  Q21c =  -0.023103  Q21s =  -0.040348
                   Q22c =   0.122609  Q22s =   0.203218

C          x = 11.132660  y =  0.079640  z =  0.003150 angstrom
           Maximum rank =  2   Radius =  0.650 angstrom
                   Q00  =   0.029861
|Q1| =   0.041109  Q10  =   0.002273  Q11c =   0.008182  Q11s =   0.040223
|Q2| =   1.158042  Q20  =  -1.108849  Q21c =  -0.048895  Q21s =  -0.175083
                   Q22c =  -0.214890  Q22s =  -0.179706

C          x =  9.817910  y =  2.065020  z = -0.016870 angstrom
           Maximum rank =  2   Radius =  0.650 angstrom
                   Q00  =   0.194949
|Q1| =   0.032868  Q10  =  -0.000146  Q11c =  -0.024112  Q11s =   0.022336
|Q2| =   0.754614  Q20  =  -0.708665  Q21c =  -0.068624  Q21s =  -0.013334
                   Q22c =   0.063838  Q22s =  -0.241398

O          x =  8.912000  y =  2.868560  z =  0.019060 angstrom
           Maximum rank =  2   Radius =  0.650 angstrom
                   Q00  =  -0.392313
|Q1| =   0.491411  Q10  =  -0.012553  Q11c =   0.371592  Q11s =  -0.321320
|Q2| =   0.939418  Q20  =  -0.201982  Q21c =  -0.003370  Q21s =   0.056718
                   Q22c =   0.131784  Q22s =  -0.906154

C          x = 12.027080  y =  1.258890  z = -0.121180 angstrom
           Maximum rank =  2   Radius =  0.650 angstrom
                   Q00  =  -0.025844
|Q1| =   0.085994  Q10  =   0.005828  Q11c =  -0.074143  Q11s =   0.043172
|Q2| =   1.240664  Q20  =  -1.214178  Q21c =  -0.158966  Q21s =  -0.111322
                   Q22c =   0.122222  Q22s =   0.111435

C          x = 11.249880  y =  2.415880  z = -0.120180 angstrom
           Maximum rank =  2   Radius =  0.650 angstrom
                   Q00  =  -0.044794
|Q1| =   0.074475  Q10  =   0.002329  Q11c =   0.007482  Q11s =  -0.074061
|Q2| =   1.231259  Q20  =  -1.210145  Q21c =  -0.135589  Q21s =  -0.102790
                   Q22c =  -0.039803  Q22s =   0.144956

C          x = 13.411070  y =  1.374840  z = -0.224750 angstrom
           Maximum rank =  2   Radius =  0.650 angstrom
                   Q00  =  -0.007483
|Q1| =   0.083057  Q10  =   0.004578  Q11c =  -0.080286  Q11s =   0.020776
|Q2| =   1.398490  Q20  =  -1.370881  Q21c =  -0.158457  Q21s =  -0.111427
                   Q22c =  -0.106065  Q22s =  -0.166391

H          x = 14.062160  y =  0.515320  z = -0.235170 angstrom
           Maximum rank =  1   Radius =  0.350 angstrom
                   Q00  =   0.086277
|Q1| =   0.077523  Q10  =   0.008866  Q11c =  -0.073807  Q11s =   0.021993

C          x = 13.964060  y =  2.645920  z = -0.320280 angstrom
           Maximum rank =  2   Radius =  0.650 angstrom
                   Q00  =  -0.011718
|Q1| =   0.055253  Q10  =   0.005312  Q11c =  -0.051652  Q11s =  -0.018889
|Q2| =   1.339689  Q20  =  -1.306591  Q21c =  -0.181884  Q21s =  -0.094552
                   Q22c =   0.211110  Q22s =   0.031597

H          x = 15.039670  y =  2.742960  z = -0.402800 angstrom
           Maximum rank =  1   Radius =  0.350 angstrom
                   Q00  =   0.048554
|Q1| =   0.104937  Q10  =   0.008526  Q11c =  -0.103313  Q11s =  -0.016294

C          x = 11.793480  y =  3.681560  z = -0.210950 angstrom
           Maximum rank =  2   Radius =  0.650 angstrom
                   Q00  =   0.008037
|Q1| =   0.095994  Q10  =   0.005615  Q11c =  -0.022341  Q11s =  -0.093189
|Q2| =   1.337893  Q20  =  -1.315892  Q21c =  -0.151674  Q21s =  -0.083926
                   Q22c =   0.013621  Q22s =  -0.167784

H          x = 11.143970  y =  4.548020  z = -0.203030 angstrom
           Maximum rank =  1   Radius =  0.350 angstrom
                   Q00  =   0.072938
|Q1| =   0.099544  Q10  =   0.002110  Q11c =   0.026043  Q11s =  -0.096053

C          x = 13.172250  y =  3.790930  z = -0.312050 angstrom
           Maximum rank =  2   Radius =  0.650 angstrom
                   Q00  =  -0.014928
|Q1| =   0.061758  Q10  =   0.004562  Q11c =  -0.033895  Q11s =  -0.051424
|Q2| =   1.350848  Q20  =  -1.311322  Q21c =  -0.158279  Q21s =  -0.117660
                   Q22c =  -0.155356  Q22s =   0.205411

H          x = 13.637520  y =  4.766140  z = -0.386330 angstrom
           Maximum rank =  1   Radius =  0.350 angstrom
                   Q00  =   0.045283
|Q1| =   0.105759  Q10  =   0.007359  Q11c =  -0.046759  Q11s =  -0.094575

C          x = 11.567110  y = -1.210440  z =  0.112870 angstrom
           Maximum rank =  2   Radius =  0.650 angstrom
                   Q00  =  -0.020049
|Q1| =   0.027117  Q10  =   0.007231  Q11c =   0.012294  Q11s =  -0.023064
|Q2| =   1.307593  Q20  =  -1.275675  Q21c =  -0.099980  Q21s =  -0.237738
                   Q22c =  -0.100351  Q22s =  -0.076598

C          x = 12.946700  y = -1.575970  z =  0.086080 angstrom
           Maximum rank =  2   Radius =  0.650 angstrom
                   Q00  =   0.057956
|Q1| =   0.108515  Q10  =   0.008252  Q11c =  -0.107526  Q11s =  -0.012062
|Q2| =   1.213765  Q20  =  -0.712420  Q21c =  -0.046369  Q21s =  -0.013066
                   Q22c =   0.827740  Q22s =  -0.527456

N          x = 14.045530  y = -1.912140  z =  0.067130 angstrom
           Maximum rank =  2   Radius =  0.650 angstrom
                   Q00  =  -0.227393
|Q1| =   0.565290  Q10  =   0.014129  Q11c =  -0.549215  Q11s =   0.133102
|Q2| =   0.627325  Q20  =  -0.337132  Q21c =  -0.012214  Q21s =   0.000737
                   Q22c =   0.406655  Q22s =  -0.338174

C          x = 10.709970  y = -2.339000  z =  0.281230 angstrom
           Maximum rank =  2   Radius =  0.650 angstrom
                   Q00  =   0.056924
|Q1| =   0.099790  Q10  =  -0.003791  Q11c =   0.086401  Q11s =   0.049785
|Q2| =   1.204545  Q20  =  -0.702312  Q21c =  -0.141895  Q21s =  -0.208218
                   Q22c =  -0.257509  Q22s =   0.909883

N          x = 10.050440  y = -3.270730  z =  0.418340 angstrom
           Maximum rank =  2   Radius =  0.650 angstrom
                   Q00  =  -0.227989
|Q1| =   0.568426  Q10  =  -0.062995  Q11c =   0.354808  Q11s =   0.439604
|Q2| =   0.623268  Q20  =  -0.325860  Q21c =  -0.072516  Q21s =  -0.115744
                   Q22c =  -0.237515  Q22s =   0.455202

C          x =  2.628460  y = -2.526850  z =  1.188410 angstrom
           Maximum rank =  2   Radius =  0.650 angstrom
                   Q00  =  -0.062331
|Q1| =   0.079062  Q10  =   0.004181  Q11c =   0.053161  Q11s =   0.058371
|Q2| =   1.298291  Q20  =   0.517616  Q21c =  -0.409541  Q21s =  -0.558322
                   Q22c =  -0.110017  Q22s =  -0.962331

C          x =  3.619370  y = -3.507720  z =  1.182070 angstrom
           Maximum rank =  2   Radius =  0.650 angstrom
                   Q00  =  -0.053399
|Q1| =   0.103109  Q10  =   0.034373  Q11c =  -0.082525  Q11s =   0.051376
|Q2| =   1.483858  Q20  =   0.691139  Q21c =  -0.471233  Q21s =  -0.441803
                   Q22c =  -0.023374  Q22s =  -1.142964

H          x =  4.171340  y = -3.711520  z =  0.272630 angstrom
           Maximum rank =  1   Radius =  0.350 angstrom
                   Q00  =   0.078832
|Q1| =   0.100429  Q10  =   0.053284  Q11c =  -0.071783  Q11s =   0.045761

C          x =  3.903760  y = -4.242200  z =  2.320990 angstrom
           Maximum rank =  2   Radius =  0.650 angstrom
                   Q00  =  -0.030856
|Q1| =   0.076633  Q10  =   0.008278  Q11c =  -0.059867  Q11s =   0.047117
|Q2| =   1.416214  Q20  =   0.452201  Q21c =  -0.448197  Q21s =  -0.440753
                   Q22c =  -0.015126  Q22s =  -1.185667

H          x =  4.683440  y = -4.995320  z =  2.284590 angstrom
           Maximum rank =  1   Radius =  0.350 angstrom
                   Q00  =   0.052239
|Q1| =   0.113062  Q10  =   0.003985  Q11c =  -0.078277  Q11s =   0.081486

C          x =  3.210060  y = -4.028130  z =  3.509320 angstrom
           Maximum rank =  2   Radius =  0.650 angstrom
                   Q00  =  -0.075499
|Q1| =   0.121574  Q10  =  -0.099255  Q11c =  -0.021261  Q11s =   0.066907
|Q2| =   1.141361  Q20  =   0.467688  Q21c =  -0.330434  Q21s =  -0.432901
                   Q22c =  -0.024405  Q22s =  -0.887010

C          x =  2.228050  y = -3.044890  z =  3.514710 angstrom
           Maximum rank =  2   Radius =  0.650 angstrom
                   Q00  =  -0.032003
|Q1| =   0.074863  Q10  =  -0.058885  Q11c =   0.042671  Q11s =  -0.017783
|Q2| =   1.402895  Q20  =   0.580390  Q21c =  -0.536523  Q21s =  -0.393984
                   Q22c =   0.018195  Q22s =  -1.089886

H          x =  1.674590  y = -2.848190  z =  4.426500 angstrom
           Maximum rank =  1   Radius =  0.350 angstrom
                   Q00  =   0.045982
|Q1| =   0.116788  Q10  =  -0.098913  Q11c =   0.058738  Q11s =  -0.020136

C          x =  1.941120  y = -2.304260  z =  2.376410 angstrom
           Maximum rank =  2   Radius =  0.650 angstrom
                   Q00  =  -0.034325
|Q1| =   0.097405  Q10  =  -0.060240  Q11c =   0.072709  Q11s =  -0.023920
|Q2| =   1.464829  Q20  =   0.479090  Q21c =  -0.381989  Q21s =  -0.517215
                   Q22c =  -0.015361  Q22s =  -1.225779

H          x =  1.174010  y = -1.542190  z =  2.424210 angstrom
           Maximum rank =  1   Radius =  0.350 angstrom
                   Q00  =   0.076416
|Q1| =   0.099081  Q10  =  -0.059695  Q11c =   0.061855  Q11s =  -0.049269

C          x =  2.474400  y = -2.454510  z = -1.365090 angstrom
           Maximum rank =  2   Radius =  0.650 angstrom
                   Q00  =  -0.061835
|Q1| =   0.065620  Q10  =   0.000634  Q11c =  -0.054771  Q11s =   0.036135
|Q2| =   1.281108  Q20  =   0.559392  Q21c =  -0.508433  Q21s =   0.364518
                   Q22c =  -0.670366  Q22s =   0.698248

C          x =  3.050600  y = -1.918120  z = -2.510390 angstrom
           Maximum rank =  2   Radius =  0.650 angstrom
                   Q00  =  -0.037011
|Q1| =   0.101187  Q10  =   0.057255  Q11c =  -0.064347  Q11s =  -0.053104
|Q2| =   1.481594  Q20  =   0.547664  Q21c =  -0.472993  Q21s =   0.358404
                   Q22c =  -0.785407  Q22s =   0.962364

H          x =  3.508390  y = -0.937430  z = -2.476520 angstrom
           Maximum rank =  1   Radius =  0.350 angstrom
                   Q00  =   0.078212
|Q1| =   0.100104  Q10  =   0.053959  Q11c =  -0.040549  Q11s =  -0.073926

C          x =  3.045020  y = -2.620560  z = -3.708010 angstrom
           Maximum rank =  2   Radius =  0.650 angstrom
                   Q00  =  -0.031236
|Q1| =   0.076057  Q10  =   0.059049  Q11c =  -0.029704  Q11s =  -0.037623
|Q2| =   1.400006  Q20  =   0.597519  Q21c =  -0.582818  Q21s =   0.166542
                   Q22c =  -0.672789  Q22s =   0.884834

H          x =  3.504950  y = -2.176210  z = -4.583920 angstrom
           Maximum rank =  1   Radius =  0.350 angstrom
                   Q00  =   0.047491
|Q1| =   0.116077  Q10  =   0.094875  Q11c =  -0.047470  Q11s =  -0.047109

C          x =  2.464520  y = -3.878800  z = -3.804090 angstrom
           Maximum rank =  2   Radius =  0.650 angstrom
                   Q00  =  -0.076136
|Q1| =   0.122116  Q10  =   0.105478  Q11c =   0.002000  Q11s =   0.061504
|Q2| =   1.142735  Q20  =   0.502718  Q21c =  -0.413916  Q21s =   0.275612
                   Q22c =  -0.574802  Q22s =   0.689516

C          x =  1.883190  y = -4.412100  z = -2.655650 angstrom
           Maximum rank =  2   Radius =  0.650 angstrom
                   Q00  =  -0.031744
|Q1| =   0.076074  Q10  =  -0.004800  Q11c =   0.041177  Q11s =   0.063786
|Q2| =   1.408202  Q20  =   0.475093  Q21c =  -0.498455  Q21s =   0.258243
                   Q22c =  -0.762354  Q22s =   0.927895

H          x =  1.420120  y = -5.392220  z = -2.697790 angstrom
           Maximum rank =  1   Radius =  0.350 angstrom
                   Q00  =   0.048257
|Q1| =   0.115677  Q10  =   0.002611  Q11c =   0.049985  Q11s =   0.104288

C          x =  1.889100  y = -3.716720  z = -1.458750 angstrom
           Maximum rank =  2   Radius =  0.650 angstrom
                   Q00  =  -0.051468
|Q1| =   0.104993  Q10  =  -0.030752  Q11c =   0.060941  Q11s =   0.079774
|Q2| =   1.477056  Q20  =   0.722923  Q21c =  -0.500358  Q21s =   0.199541
                   Q22c =  -0.754403  Q22s =   0.894303

H          x =  1.444610  y = -4.170340  z = -0.581250 angstrom
           Maximum rank =  1   Radius =  0.350 angstrom
                   Q00  =   0.074192
|Q1| =   0.106267  Q10  =  -0.048311  Q11c =   0.061121  Q11s =   0.072270

C          x = -2.474390  y =  2.454450  z =  1.365240 angstrom
           Maximum rank =  2   Radius =  0.650 angstrom
                   Q00  =  -0.061915
|Q1| =   0.065529  Q10  =  -0.000681  Q11c =   0.054700  Q11s =  -0.036076
|Q2| =   1.281325  Q20  =   0.559525  Q21c =  -0.508580  Q21s =   0.364579
                   Q22c =  -0.670570  Q22s =   0.698205

C          x = -1.889150  y =  3.716720  z =  1.458870 angstrom
           Maximum rank =  2   Radius =  0.650 angstrom
                   Q00  =  -0.051554
|Q1| =   0.105066  Q10  =   0.030711  Q11c =  -0.061187  Q11s =  -0.079698
|Q2| =   1.477314  Q20  =   0.723144  Q21c =  -0.500433  Q21s =   0.199516
                   Q22c =  -0.754748  Q22s =   0.894223

H          x = -1.444700  y =  4.170340  z =  0.581350 angstrom
           Maximum rank =  1   Radius =  0.350 angstrom
                   Q00  =   0.074135
|Q1| =   0.106321  Q10  =   0.048326  Q11c =  -0.061189  Q11s =  -0.072282

C          x = -1.883260  y =  4.412110  z =  2.655740 angstrom
           Maximum rank =  2   Radius =  0.650 angstrom
                   Q00  =  -0.031760
|Q1| =   0.076086  Q10  =   0.004781  Q11c =  -0.041432  Q11s =  -0.063636
|Q2| =   1.408375  Q20  =   0.475232  Q21c =  -0.498415  Q21s =   0.258329
                   Q22c =  -0.762722  Q22s =   0.927782

H          x = -1.420270  y =  5.392260  z =  2.697860 angstrom
           Maximum rank =  1   Radius =  0.350 angstrom
                   Q00  =   0.048217
|Q1| =   0.115722  Q10  =  -0.002579  Q11c =  -0.050065  Q11s =  -0.104300

C          x = -2.464570  y =  3.878790  z =  3.804220 angstrom
           Maximum rank =  2   Radius =  0.650 angstrom
                   Q00  =  -0.076076
|Q1| =   0.122122  Q10  =  -0.105515  Q11c =  -0.002296  Q11s =  -0.061442
|Q2| =   1.142518  Q20  =   0.502625  Q21c =  -0.413970  Q21s =   0.275461
                   Q22c =  -0.574737  Q22s =   0.689306

C          x = -3.045030  y =  2.620550  z =  3.708160 angstrom
           Maximum rank =  2   Radius =  0.650 angstrom
                   Q00  =  -0.031149
|Q1| =   0.076035  Q10  =  -0.059082  Q11c =   0.029491  Q11s =   0.037694
|Q2| =   1.399550  Q20  =   0.597268  Q21c =  -0.582740  Q21s =   0.166447
                   Q22c =  -0.672496  Q22s =   0.884573

H          x = -3.504970  y =  2.176220  z =  4.584060 angstrom
           Maximum rank =  1   Radius =  0.350 angstrom
                   Q00  =   0.047629
|Q1| =   0.115945  Q10  =  -0.094778  Q11c =   0.047381  Q11s =   0.047068

C          x = -3.050580  y =  1.918080  z =  2.510530 angstrom
           Maximum rank =  2   Radius =  0.650 angstrom
                   Q00  =  -0.037043
|Q1| =   0.101104  Q10  =  -0.057207  Q11c =   0.064217  Q11s =   0.053155
|Q2| =   1.481555  Q20  =   0.547597  Q21c =  -0.473181  Q21s =   0.358280
                   Q22c =  -0.785358  Q22s =   0.962336

H          x = -3.508350  y =  0.937380  z =  2.476680 angstrom
           Maximum rank =  1   Radius =  0.350 angstrom
                   Q00  =   0.078204
|Q1| =   0.100084  Q10  =  -0.053931  Q11c =   0.040535  Q11s =   0.073927

C          x = -2.628440  y =  2.526850  z = -1.188240 angstrom
           Maximum rank =  2   Radius =  0.650 angstrom
                   Q00  =  -0.062457
|Q1| =   0.079099  Q10  =  -0.004182  Q11c =  -0.053199  Q11s =  -0.058387
|Q2| =   1.298651  Q20  =   0.517875  Q21c =  -0.409600  Q21s =  -0.558328
                   Q22c =  -0.110438  Q22s =  -0.962602

C          x = -3.619200  y =  3.507860  z = -1.181790 angstrom
           Maximum rank =  2   Radius =  0.650 angstrom
                   Q00  =  -0.053457
|Q1| =   0.103052  Q10  =  -0.034412  Q11c =   0.082490  Q11s =  -0.051293
|Q2| =   1.483881  Q20  =   0.691113  Q21c =  -0.471151  Q21s =  -0.441477
                   Q22c =  -0.023626  Q22s =  -1.143163

H          x = -4.171050  y =  3.711730  z = -0.272290 angstrom
           Maximum rank =  1   Radius =  0.350 angstrom
                   Q00  =   0.078858
|Q1| =   0.100375  Q10  =  -0.053270  Q11c =   0.071757  Q11s =  -0.045700

C          x = -3.903590  y =  4.242400  z = -2.320670 angstrom
           Maximum rank =  2   Radius =  0.650 angstrom
                   Q00  =  -0.030734
|Q1| =   0.076552  Q10  =  -0.008333  Q11c =   0.059752  Q11s =  -0.047122
|Q2| =   1.415619  Q20  =   0.452064  Q21c =  -0.447880  Q21s =  -0.440440
                   Q22c =  -0.015415  Q22s =  -1.185240

H          x = -4.683170  y =  4.995630  z = -2.284180 angstrom
           Maximum rank =  1   Radius =  0.350 angstrom
                   Q00  =   0.052475
|Q1| =   0.112852  Q10  =  -0.004021  Q11c =   0.078115  Q11s =  -0.081348

C          x = -3.210030  y =  4.028250  z = -3.509070 angstrom
           Maximum rank =  2   Radius =  0.650 angstrom
                   Q00  =  -0.075399
|Q1| =   0.121582  Q10  =   0.099228  Q11c =   0.021114  Q11s =  -0.067009
|Q2| =   1.141028  Q20  =   0.467546  Q21c =  -0.330262  Q21s =  -0.432521
                   Q22c =  -0.024626  Q22s =  -0.886900

C          x = -2.228160  y =  3.044880  z = -3.514560 angstrom
           Maximum rank =  2   Radius =  0.650 angstrom
                   Q00  =  -0.032055
|Q1| =   0.074897  Q10  =   0.058816  Q11c =  -0.042855  Q11s =   0.017710
|Q2| =   1.403033  Q20  =   0.580703  Q21c =  -0.536413  Q21s =  -0.393853
                   Q22c =   0.017763  Q22s =  -1.090005

H          x = -1.674810  y =  2.848120  z = -4.426410 angstrom
           Maximum rank =  1   Radius =  0.350 angstrom
                   Q00  =   0.045899
|Q1| =   0.116864  Q10  =   0.098950  Q11c =  -0.058821  Q11s =   0.020156

C          x = -1.941230  y =  2.304190  z = -2.376300 angstrom
           Maximum rank =  2   Radius =  0.650 angstrom
                   Q00  =  -0.034482
|Q1| =   0.097493  Q10  =   0.060231  Q11c =  -0.072861  Q11s =   0.023843
|Q2| =   1.465386  Q20  =   0.479329  Q21c =  -0.382041  Q21s =  -0.517225
                   Q22c =  -0.015864  Q22s =  -1.226324

H          x = -1.174230  y =  1.542020  z = -2.424180 angstrom
           Maximum rank =  1   Radius =  0.350 angstrom
                   Q00  =   0.076277
|Q1| =   0.099178  Q10  =   0.059731  Q11c =  -0.061932  Q11s =   0.049325

C          x =  3.503080  y = -4.849550  z =  4.735340 angstrom
           Maximum rank =  2   Radius =  0.650 angstrom
                   Q00  =   0.023461
|Q1| =   0.023370  Q10  =  -0.014594  Q11c =  -0.002049  Q11s =   0.018137
|Q2| =   0.103721  Q20  =   0.064221  Q21c =   0.023235  Q21s =  -0.071372
                   Q22c =  -0.008104  Q22s =  -0.030567

H          x =  3.002230  y = -5.820520  z =  4.684620 angstrom
           Maximum rank =  1   Radius =  0.350 angstrom
                   Q00  =   0.031395
|Q1| =   0.123728  Q10  =  -0.035485  Q11c =   0.035930  Q11s =   0.112954

H          x =  3.158920  y = -4.347950  z =  5.640740 angstrom
           Maximum rank =  1   Radius =  0.350 angstrom
                   Q00  =   0.024587
|Q1| =   0.124997  Q10  =  -0.121752  Q11c =   0.021536  Q11s =  -0.018360

H          x =  4.572940  y = -5.039300  z =  4.838380 angstrom
           Maximum rank =  1   Radius =  0.350 angstrom
                   Q00  =   0.029012
|Q1| =   0.122900  Q10  =  -0.050625  Q11c =  -0.103214  Q11s =   0.043455

C          x =  2.484770  y = -4.654810  z = -5.092940 angstrom
           Maximum rank =  2   Radius =  0.650 angstrom
                   Q00  =   0.023288
|Q1| =   0.022805  Q10  =   0.015474  Q11c =  -0.002117  Q11s =   0.016617
|Q2| =   0.105553  Q20  =   0.074237  Q21c =   0.002019  Q21s =   0.070105
                   Q22c =  -0.019725  Q22s =   0.017957

H          x =  3.288150  y = -5.396840  z = -5.089490 angstrom
           Maximum rank =  1   Radius =  0.350 angstrom
                   Q00  =   0.032743
|Q1| =   0.122752  Q10  =   0.041862  Q11c =  -0.071317  Q11s =   0.090716

H          x =  2.646150  y = -3.998460  z = -5.949000 angstrom
           Maximum rank =  1   Radius =  0.350 angstrom
                   Q00  =   0.024956
|Q1| =   0.124740  Q10  =   0.119206  Q11c =  -0.014408  Q11s =  -0.033799

H          x =  1.546400  y = -5.190370  z = -5.248400 angstrom
           Maximum rank =  1   Radius =  0.350 angstrom
                   Q00  =   0.027025
|Q1| =   0.124417  Q10  =   0.056561  Q11c =   0.083488  Q11s =   0.072870

C          x = -2.484610  y =  4.654840  z =  5.093060 angstrom
           Maximum rank =  2   Radius =  0.650 angstrom
                   Q00  =   0.023295
|Q1| =   0.022754  Q10  =  -0.015394  Q11c =   0.001849  Q11s =  -0.016653
|Q2| =   0.105699  Q20  =   0.074347  Q21c =   0.001593  Q21s =   0.070250
                   Q22c =  -0.019494  Q22s =   0.018088

H          x = -3.284810  y =  5.400270  z =  5.087750 angstrom
           Maximum rank =  1   Radius =  0.350 angstrom
                   Q00  =   0.032990
|Q1| =   0.122534  Q10  =  -0.041651  Q11c =   0.070842  Q11s =  -0.090891

H          x = -1.544340  y =  5.186430  z =  5.250740 angstrom
           Maximum rank =  1   Radius =  0.350 angstrom
                   Q00  =   0.026894
|Q1| =   0.124544  Q10  =  -0.056781  Q11c =  -0.083819  Q11s =  -0.072537

H          x = -2.650720  y =  3.999130  z =  5.948690 angstrom
           Maximum rank =  1   Radius =  0.350 angstrom
                   Q00  =   0.025008
|Q1| =   0.124666  Q10  =  -0.119105  Q11c =   0.014723  Q11s =   0.033747

C          x = -3.503080  y =  4.849710  z = -4.735060 angstrom
           Maximum rank =  2   Radius =  0.650 angstrom
                   Q00  =   0.023467
|Q1| =   0.023291  Q10  =   0.014532  Q11c =   0.001905  Q11s =  -0.018102
|Q2| =   0.104064  Q20  =   0.064479  Q21c =   0.023452  Q21s =  -0.071478
                   Q22c =  -0.008519  Q22s =  -0.030659

H          x = -3.158420  y =  4.348420  z = -5.640430 angstrom
           Maximum rank =  1   Radius =  0.350 angstrom
                   Q00  =   0.024591
|Q1| =   0.124965  Q10  =   0.121696  Q11c =  -0.021675  Q11s =   0.018345

H          x = -3.002720  y =  5.820920  z = -4.684030 angstrom
           Maximum rank =  1   Radius =  0.350 angstrom
                   Q00  =   0.031382
|Q1| =   0.123724  Q10  =   0.035433  Q11c =  -0.035992  Q11s =  -0.112945

H          x = -4.573010  y =  5.038970  z = -4.838370 angstrom
           Maximum rank =  1   Radius =  0.350 angstrom
                   Q00  =   0.029333
|Q1| =   0.122619  Q10  =   0.050559  Q11c =   0.102964  Q11s =  -0.043330

Total multipoles referred to origin at
           x =   0.000000,  y =    0.000000,  z =    0.000000 angstrom
                   Q00  =  -0.000002
|Q1| =   0.667559  Q10  =   0.001735  Q11c =  -0.667469  Q11s =  -0.010857
|Q2| = 200.942040  Q20  =  74.841304  Q21c = -24.613246  Q21s =   1.844494
                   Q22c =-118.533734  Q22s = 141.834489

CPU time used:     67m15.044s          Total:     67m15.044s

Finished at 15:57:35 on 28 Jun 2021 
