                                     G D M A

                                 by Anthony Stone

                         version 2.2.11, 04 February 2015

               Distributed Multipoles from Gaussian wavefunctions


Starting at 14:50:34 on 28 Jun 2021 

s1S0



Using CI density matrix from file sN_y.fchk


                         Distributed Multipole Analysis

Standard DMA for products of primitives with exponent greater than 4.00000
Using 80-point Euler-MacLaurin radial quadrature
Using 590-point Lebedev quadrature
Becke smoothing parameter = 3

Positions and radii in angstrom
Multipole moments in atomic units, ea_0^k for rank k

C          x = -8.625280  y =  0.193040  z = -0.015150 angstrom
           Maximum rank =  2   Radius =  0.650 angstrom
                   Q00  =   0.012711
|Q1| =   0.044632  Q10  =   0.000689  Q11c =  -0.037951  Q11s =  -0.023479
|Q2| =   1.363671  Q20  =  -1.358432  Q21c =   0.002467  Q21s =   0.007743
                   Q22c =   0.118895  Q22s =  -0.007612

H          x = -8.803600  y =  1.260170  z =  0.007490 angstrom
           Maximum rank =  1   Radius =  0.350 angstrom
                   Q00  =   0.090327
|Q1| =   0.070452  Q10  =  -0.011891  Q11c =  -0.025914  Q11s =  -0.064425

C          x = -9.748470  y = -0.582520  z = -0.019920 angstrom
           Maximum rank =  2   Radius =  0.650 angstrom
                   Q00  =  -0.055264
|Q1| =   0.058684  Q10  =   0.007061  Q11c =  -0.040744  Q11s =  -0.041639
|Q2| =   1.313267  Q20  =  -1.290736  Q21c =  -0.022940  Q21s =  -0.040304
                   Q22c =   0.123217  Q22s =   0.203319

C          x =-11.132630  y = -0.079660  z = -0.003190 angstrom
           Maximum rank =  2   Radius =  0.650 angstrom
                   Q00  =   0.031172
|Q1| =   0.041670  Q10  =  -0.002293  Q11c =  -0.007577  Q11s =  -0.040911
|Q2| =   1.154264  Q20  =  -1.104889  Q21c =  -0.048647  Q21s =  -0.174670
                   Q22c =  -0.214762  Q22s =  -0.180409

C          x = -9.817920  y = -2.065060  z =  0.016930 angstrom
           Maximum rank =  2   Radius =  0.650 angstrom
                   Q00  =   0.195259
|Q1| =   0.032645  Q10  =   0.000112  Q11c =   0.024106  Q11s =  -0.022013
|Q2| =   0.753631  Q20  =  -0.707639  Q21c =  -0.068497  Q21s =  -0.013329
                   Q22c =   0.063266  Q22s =  -0.241527

O          x = -8.912030  y = -2.868630  z = -0.019000 angstrom
           Maximum rank =  2   Radius =  0.650 angstrom
                   Q00  =  -0.391525
|Q1| =   0.490897  Q10  =   0.012529  Q11c =  -0.371541  Q11s =   0.320593
|Q2| =   0.939052  Q20  =  -0.201638  Q21c =  -0.003287  Q21s =   0.056757
                   Q22c =   0.131372  Q22s =  -0.905909

C          x =-12.027070  y = -1.258880  z =  0.121240 angstrom
           Maximum rank =  2   Radius =  0.650 angstrom
                   Q00  =  -0.026146
|Q1| =   0.085948  Q10  =  -0.005862  Q11c =   0.074055  Q11s =  -0.043227
|Q2| =   1.241248  Q20  =  -1.214710  Q21c =  -0.159114  Q21s =  -0.111527
                   Q22c =   0.122072  Q22s =   0.111895

C          x =-11.249890  y = -2.415880  z =  0.120280 angstrom
           Maximum rank =  2   Radius =  0.650 angstrom
                   Q00  =  -0.044674
|Q1| =   0.074180  Q10  =  -0.002343  Q11c =  -0.007644  Q11s =   0.073748
|Q2| =   1.230876  Q20  =  -1.209780  Q21c =  -0.135579  Q21s =  -0.102867
                   Q22c =  -0.039574  Q22s =   0.144768

C          x =-13.411060  y = -1.374800  z =  0.224850 angstrom
           Maximum rank =  2   Radius =  0.650 angstrom
                   Q00  =  -0.006799
|Q1| =   0.082851  Q10  =  -0.004593  Q11c =   0.080066  Q11s =  -0.020803
|Q2| =   1.396235  Q20  =  -1.368646  Q21c =  -0.158257  Q21s =  -0.111337
                   Q22c =  -0.105301  Q22s =  -0.166588

H          x =-14.062140  y = -0.515260  z =  0.235240 angstrom
           Maximum rank =  1   Radius =  0.350 angstrom
                   Q00  =   0.086523
|Q1| =   0.077256  Q10  =  -0.008851  Q11c =   0.073532  Q11s =  -0.021983

C          x =-13.964070  y = -2.645870  z =  0.320460 angstrom
           Maximum rank =  2   Radius =  0.650 angstrom
                   Q00  =  -0.010916
|Q1| =   0.054898  Q10  =  -0.005316  Q11c =   0.051397  Q11s =   0.018543
|Q2| =   1.336768  Q20  =  -1.303726  Q21c =  -0.181551  Q21s =  -0.094491
                   Q22c =   0.210568  Q22s =   0.031910

H          x =-15.039680  y = -2.742880  z =  0.403020 angstrom
           Maximum rank =  1   Radius =  0.350 angstrom
                   Q00  =   0.049307
|Q1| =   0.104316  Q10  =  -0.008485  Q11c =   0.102712  Q11s =   0.016123

C          x =-11.793520  y = -3.681550  z =  0.211140 angstrom
           Maximum rank =  2   Radius =  0.650 angstrom
                   Q00  =   0.008691
|Q1| =   0.095766  Q10  =  -0.005654  Q11c =   0.022341  Q11s =   0.092952
|Q2| =   1.335572  Q20  =  -1.313622  Q21c =  -0.151433  Q21s =  -0.083917
                   Q22c =   0.012973  Q22s =  -0.167356

H          x =-11.144030  y = -4.548020  z =  0.203250 angstrom
           Maximum rank =  1   Radius =  0.350 angstrom
                   Q00  =   0.073425
|Q1| =   0.099104  Q10  =  -0.002112  Q11c =  -0.025968  Q11s =   0.095618

C          x =-13.172290  y = -3.790890  z =  0.312280 angstrom
           Maximum rank =  2   Radius =  0.650 angstrom
                   Q00  =  -0.013687
|Q1| =   0.061267  Q10  =  -0.004566  Q11c =   0.033478  Q11s =   0.051108
|Q2| =   1.346629  Q20  =  -1.307139  Q21c =  -0.157853  Q21s =  -0.117446
                   Q22c =  -0.154912  Q22s =   0.205156

H          x =-13.637570  y = -4.766090  z =  0.386630 angstrom
           Maximum rank =  1   Radius =  0.350 angstrom
                   Q00  =   0.046191
|Q1| =   0.105031  Q10  =  -0.007320  Q11c =   0.046409  Q11s =   0.093937

C          x =-11.567050  y =  1.210430  z = -0.113040 angstrom
           Maximum rank =  2   Radius =  0.650 angstrom
                   Q00  =  -0.019169
|Q1| =   0.027766  Q10  =  -0.007290  Q11c =  -0.012653  Q11s =   0.023616
|Q2| =   1.304725  Q20  =  -1.272811  Q21c =  -0.099747  Q21s =  -0.237444
                   Q22c =  -0.100505  Q22s =  -0.076345

C          x =-12.946630  y =  1.575990  z = -0.086280 angstrom
           Maximum rank =  2   Radius =  0.650 angstrom
                   Q00  =   0.058111
|Q1| =   0.108738  Q10  =  -0.008292  Q11c =   0.107774  Q11s =   0.011827
|Q2| =   1.213266  Q20  =  -0.711437  Q21c =  -0.046262  Q21s =  -0.012905
                   Q22c =   0.827872  Q22s =  -0.527439

N          x =-14.045460  y =  1.912200  z = -0.067350 angstrom
           Maximum rank =  2   Radius =  0.650 angstrom
                   Q00  =  -0.225584
|Q1| =   0.564172  Q10  =  -0.014119  Q11c =   0.548064  Q11s =  -0.133106
|Q2| =   0.626324  Q20  =  -0.335999  Q21c =  -0.012108  Q21s =   0.000887
                   Q22c =   0.406465  Q22s =  -0.337676

C          x =-10.709870  y =  2.338940  z = -0.281530 angstrom
           Maximum rank =  2   Radius =  0.650 angstrom
                   Q00  =   0.057321
|Q1| =   0.100123  Q10  =   0.003759  Q11c =  -0.086787  Q11s =  -0.049785
|Q2| =   1.203580  Q20  =  -0.701238  Q21c =  -0.141858  Q21s =  -0.208171
                   Q22c =  -0.257210  Q22s =   0.909535

N          x =-10.050300  y =  3.270620  z = -0.418740 angstrom
           Maximum rank =  2   Radius =  0.650 angstrom
                   Q00  =  -0.227372
|Q1| =   0.568172  Q10  =   0.062944  Q11c =  -0.354886  Q11s =  -0.439218
|Q2| =   0.622670  Q20  =  -0.324987  Q21c =  -0.072552  Q21s =  -0.115647
                   Q22c =  -0.237526  Q22s =   0.455023

C          x = -7.232090  y = -0.103940  z = -0.022310 angstrom
           Maximum rank =  2   Radius =  0.650 angstrom
                   Q00  =  -0.300143
|Q1| =   0.458290  Q10  =  -0.026644  Q11c =  -0.206578  Q11s =  -0.408222
|Q2| =   1.427975  Q20  =  -1.178143  Q21c =  -0.033494  Q21s =   0.058131
                   Q22c =   0.524489  Q22s =  -0.609510

S          x = -6.160890  y =  1.304520  z =  0.041650 angstrom
           Maximum rank =  2   Radius =  0.650 angstrom
                   Q00  =   0.713555
|Q1| =   1.085647  Q10  =  -0.065611  Q11c =   0.224247  Q11s =  -1.060206
|Q2| =   2.320157  Q20  =  -2.118200  Q21c =  -0.031502  Q21s =   0.070974
                   Q22c =   0.904322  Q22s =   0.269311

C          x = -6.510100  y = -1.282400  z = -0.086720 angstrom
           Maximum rank =  2   Radius =  0.650 angstrom
                   Q00  =  -0.017025
|Q1| =   0.080064  Q10  =   0.003663  Q11c =  -0.013360  Q11s =   0.078857
|Q2| =   1.386786  Q20  =  -1.345093  Q21c =  -0.002273  Q21s =   0.111639
                   Q22c =   0.024343  Q22s =   0.317551

H          x = -6.993050  y = -2.244830  z = -0.135790 angstrom
           Maximum rank =  1   Radius =  0.350 angstrom
                   Q00  =   0.122538
|Q1| =   0.070957  Q10  =   0.008250  Q11c =  -0.034560  Q11s =   0.061420

C          x = -5.132950  y = -1.045480  z = -0.077250 angstrom
           Maximum rank =  2   Radius =  0.650 angstrom
                   Q00  =  -0.338284
|Q1| =   0.541839  Q10  =   0.018539  Q11c =  -0.306207  Q11s =   0.446635
|Q2| =   1.341656  Q20  =  -1.170380  Q21c =   0.024381  Q21s =   0.082302
                   Q22c =   0.350221  Q22s =   0.547932

C          x = -4.771620  y =  0.302160  z = -0.009860 angstrom
           Maximum rank =  2   Radius =  0.650 angstrom
                   Q00  =  -0.346169
|Q1| =   0.546779  Q10  =  -0.047146  Q11c =   0.372405  Q11s =  -0.397567
|Q2| =   1.420893  Q20  =  -1.272069  Q21c =   0.033482  Q21s =   0.067371
                   Q22c =   0.307798  Q22s =   0.548068

S          x = -3.736650  y = -2.095060  z = -0.130570 angstrom
           Maximum rank =  2   Radius =  0.650 angstrom
                   Q00  =   0.728111
|Q1| =   1.127383  Q10  =   0.058813  Q11c =  -0.153800  Q11s =   1.115293
|Q2| =   2.289329  Q20  =  -2.104861  Q21c =   0.030614  Q21s =   0.150644
                   Q22c =   0.836311  Q22s =   0.295869

C          x = -3.371680  y =  0.489500  z =  0.013470 angstrom
           Maximum rank =  2   Radius =  0.650 angstrom
                   Q00  =  -0.065791
|Q1| =   0.098356  Q10  =  -0.052905  Q11c =   0.077037  Q11s =  -0.030664
|Q2| =   1.263715  Q20  =  -1.236589  Q21c =   0.018851  Q21s =   0.073974
                   Q22c =   0.122591  Q22s =   0.216720

C          x = -2.709580  y = -0.704220  z = -0.048630 angstrom
           Maximum rank =  2   Radius =  0.650 angstrom
                   Q00  =  -0.324665
|Q1| =   0.620048  Q10  =   0.019706  Q11c =   0.226755  Q11s =   0.576761
|Q2| =   1.364926  Q20  =  -1.233343  Q21c =  -0.000685  Q21s =   0.077086
                   Q22c =   0.506984  Q22s =  -0.280917

C          x = -1.274570  y = -0.498490  z = -0.034790 angstrom
           Maximum rank =  2   Radius =  0.650 angstrom
                   Q00  =  -0.025094
|Q1| =   0.121409  Q10  =   0.012006  Q11c =   0.009402  Q11s =   0.120448
|Q2| =   1.280945  Q20  =  -1.237986  Q21c =   0.002370  Q21s =   0.093648
                   Q22c =   0.172224  Q22s =  -0.264147

C          x = -1.064730  y =  0.891310  z =  0.023980 angstrom
           Maximum rank =  2   Radius =  0.650 angstrom
                   Q00  =  -0.036877
|Q1| =   0.089149  Q10  =   0.039657  Q11c =  -0.049811  Q11s =  -0.062400
|Q2| =   1.236066  Q20  =  -1.220725  Q21c =   0.011654  Q21s =   0.103984
                   Q22c =   0.163350  Q22s =  -0.007611

C          x = -2.398400  y =  1.656840  z =  0.056900 angstrom
           Maximum rank =  2   Radius =  0.650 angstrom
                   Q00  =  -0.006830
|Q1| =   0.063068  Q10  =  -0.001454  Q11c =   0.000706  Q11s =  -0.063047
|Q2| =   0.177005  Q20  =   0.004613  Q21c =   0.081485  Q21s =   0.024102
                   Q22c =  -0.145697  Q22s =  -0.053488

C          x =  0.216340  y =  1.401870  z =  0.062950 angstrom
           Maximum rank =  2   Radius =  0.650 angstrom
                   Q00  =  -0.015104
|Q1| =   0.105282  Q10  =   0.022155  Q11c =  -0.016538  Q11s =  -0.101587
|Q2| =   1.441831  Q20  =  -1.434171  Q21c =   0.005397  Q21s =   0.143059
                   Q22c =   0.006998  Q22s =  -0.038556

H          x =  0.394920  y =  2.468940  z =  0.113690 angstrom
           Maximum rank =  1   Radius =  0.350 angstrom
                   Q00  =   0.083823
|Q1| =   0.103600  Q10  =   0.000385  Q11c =  -0.038392  Q11s =  -0.096223

C          x =  1.274600  y =  0.498460  z =  0.034920 angstrom
           Maximum rank =  2   Radius =  0.650 angstrom
                   Q00  =  -0.025167
|Q1| =   0.121541  Q10  =  -0.011991  Q11c =  -0.009461  Q11s =  -0.120578
|Q2| =   1.281215  Q20  =  -1.238193  Q21c =   0.002372  Q21s =   0.093669
                   Q22c =   0.172405  Q22s =  -0.264360

C          x = -0.216320  y = -1.401900  z = -0.062820 angstrom
           Maximum rank =  2   Radius =  0.650 angstrom
                   Q00  =  -0.014806
|Q1| =   0.105100  Q10  =  -0.022136  Q11c =   0.016580  Q11s =   0.101396
|Q2| =   1.440885  Q20  =  -1.433237  Q21c =   0.005383  Q21s =   0.142890
                   Q22c =   0.007037  Q22s =  -0.038555

H          x = -0.394890  y = -2.468970  z = -0.113560 angstrom
           Maximum rank =  1   Radius =  0.350 angstrom
                   Q00  =   0.084172
|Q1| =   0.103335  Q10  =  -0.000373  Q11c =   0.038346  Q11s =   0.095956

C          x =  1.064760  y = -0.891350  z = -0.023840 angstrom
           Maximum rank =  2   Radius =  0.650 angstrom
                   Q00  =  -0.036605
|Q1| =   0.089044  Q10  =  -0.039660  Q11c =   0.049752  Q11s =   0.062294
|Q2| =   1.235539  Q20  =  -1.220230  Q21c =   0.011676  Q21s =   0.103931
                   Q22c =   0.163108  Q22s =  -0.007371

C          x =  2.398430  y = -1.656870  z = -0.056750 angstrom
           Maximum rank =  2   Radius =  0.650 angstrom
                   Q00  =  -0.006799
|Q1| =   0.063054  Q10  =   0.001464  Q11c =  -0.000718  Q11s =   0.063033
|Q2| =   0.176787  Q20  =   0.004268  Q21c =   0.081451  Q21s =   0.024097
                   Q22c =  -0.145520  Q22s =  -0.053333

C          x =  2.709610  y =  0.704190  z =  0.048750 angstrom
           Maximum rank =  2   Radius =  0.650 angstrom
                   Q00  =  -0.324796
|Q1| =   0.620131  Q10  =  -0.019666  Q11c =  -0.226629  Q11s =  -0.576901
|Q2| =   1.365475  Q20  =  -1.233950  Q21c =  -0.000690  Q21s =   0.077133
                   Q22c =   0.507169  Q22s =  -0.280567

C          x =  3.371700  y = -0.489540  z = -0.013350 angstrom
           Maximum rank =  2   Radius =  0.650 angstrom
                   Q00  =  -0.065404
|Q1| =   0.098278  Q10  =   0.052932  Q11c =  -0.076944  Q11s =   0.030600
|Q2| =   1.263009  Q20  =  -1.235922  Q21c =   0.018792  Q21s =   0.073913
                   Q22c =   0.122610  Q22s =   0.216426

S          x =  3.736680  y =  2.095020  z =  0.130650 angstrom
           Maximum rank =  2   Radius =  0.650 angstrom
                   Q00  =   0.726832
|Q1| =   1.129351  Q10  =  -0.058873  Q11c =   0.153916  Q11s =  -1.117264
|Q2| =   2.291643  Q20  =  -2.106531  Q21c =   0.030515  Q21s =   0.150635
                   Q22c =   0.838357  Q22s =   0.296121

C          x =  4.771650  y = -0.302200  z =  0.009950 angstrom
           Maximum rank =  2   Radius =  0.650 angstrom
                   Q00  =  -0.346032
|Q1| =   0.546662  Q10  =   0.047170  Q11c =  -0.372430  Q11s =   0.397379
|Q2| =   1.420639  Q20  =  -1.271821  Q21c =   0.033409  Q21s =   0.067318
                   Q22c =   0.307491  Q22s =   0.548170

S          x =  6.160910  y = -1.304570  z = -0.041580 angstrom
           Maximum rank =  2   Radius =  0.650 angstrom
                   Q00  =   0.714486
|Q1| =   1.084362  Q10  =   0.065503  Q11c =  -0.224148  Q11s =   1.058918
|Q2| =   2.318469  Q20  =  -2.116952  Q21c =  -0.031552  Q21s =   0.071165
                   Q22c =   0.903017  Q22s =   0.268914

C          x =  5.132970  y =  1.045440  z =  0.077310 angstrom
           Maximum rank =  2   Radius =  0.650 angstrom
                   Q00  =  -0.338442
|Q1| =   0.541982  Q10  =  -0.018538  Q11c =   0.306072  Q11s =  -0.446902
|Q2| =   1.342182  Q20  =  -1.170931  Q21c =   0.024318  Q21s =   0.082299
                   Q22c =   0.350730  Q22s =   0.547721

C          x =  6.510130  y =  1.282360  z =  0.086760 angstrom
           Maximum rank =  2   Radius =  0.650 angstrom
                   Q00  =  -0.017403
|Q1| =   0.080326  Q10  =  -0.003662  Q11c =   0.013491  Q11s =  -0.079101
|Q2| =   1.388087  Q20  =  -1.346307  Q21c =  -0.002311  Q21s =   0.111712
                   Q22c =   0.024580  Q22s =   0.318048

H          x =  6.993080  y =  2.244780  z =  0.135810 angstrom
           Maximum rank =  1   Radius =  0.350 angstrom
                   Q00  =   0.122251
|Q1| =   0.071159  Q10  =  -0.008264  Q11c =   0.034618  Q11s =  -0.061620

C          x =  7.232110  y =  0.103890  z =  0.022340 angstrom
           Maximum rank =  2   Radius =  0.650 angstrom
                   Q00  =  -0.300099
|Q1| =   0.458260  Q10  =   0.026643  Q11c =   0.206569  Q11s =   0.408193
|Q2| =   1.427699  Q20  =  -1.177765  Q21c =  -0.033559  Q21s =   0.058116
                   Q22c =   0.524375  Q22s =  -0.609689

C          x =  8.625300  y = -0.193080  z =  0.015150 angstrom
           Maximum rank =  2   Radius =  0.650 angstrom
                   Q00  =   0.012716
|Q1| =   0.044671  Q10  =  -0.000698  Q11c =   0.038037  Q11s =   0.023415
|Q2| =   1.363410  Q20  =  -1.358159  Q21c =   0.002393  Q21s =   0.007846
                   Q22c =   0.119037  Q22s =  -0.007452

H          x =  8.803630  y = -1.260220  z = -0.007510 angstrom
           Maximum rank =  1   Radius =  0.350 angstrom
                   Q00  =   0.090492
|Q1| =   0.070351  Q10  =   0.011866  Q11c =   0.025882  Q11s =   0.064332

C          x =  9.748490  y =  0.582480  z =  0.019910 angstrom
           Maximum rank =  2   Radius =  0.650 angstrom
                   Q00  =  -0.055411
|Q1| =   0.058488  Q10  =  -0.007069  Q11c =   0.040688  Q11s =   0.041417
|Q2| =   1.313826  Q20  =  -1.291325  Q21c =  -0.022992  Q21s =  -0.040246
                   Q22c =   0.123055  Q22s =   0.203290

C          x = 11.132660  y =  0.079640  z =  0.003150 angstrom
           Maximum rank =  2   Radius =  0.650 angstrom
                   Q00  =   0.030884
|Q1| =   0.041741  Q10  =   0.002240  Q11c =   0.007570  Q11s =   0.040987
|Q2| =   1.154998  Q20  =  -1.105704  Q21c =  -0.048714  Q21s =  -0.174619
                   Q22c =  -0.214755  Q22s =  -0.180152

C          x =  9.817910  y =  2.065020  z = -0.016870 angstrom
           Maximum rank =  2   Radius =  0.650 angstrom
                   Q00  =   0.195101
|Q1| =   0.032748  Q10  =  -0.000134  Q11c =  -0.024147  Q11s =   0.022121
|Q2| =   0.754140  Q20  =  -0.708134  Q21c =  -0.068536  Q21s =  -0.013302
                   Q22c =   0.063581  Q22s =  -0.241572

O          x =  8.912000  y =  2.868560  z =  0.019060 angstrom
           Maximum rank =  2   Radius =  0.650 angstrom
                   Q00  =  -0.392278
|Q1| =   0.491415  Q10  =  -0.012541  Q11c =   0.371669  Q11s =  -0.321238
|Q2| =   0.939342  Q20  =  -0.201932  Q21c =  -0.003342  Q21s =   0.056755
                   Q22c =   0.131740  Q22s =  -0.906090

C          x = 12.027080  y =  1.258890  z = -0.121180 angstrom
           Maximum rank =  2   Radius =  0.650 angstrom
                   Q00  =  -0.025882
|Q1| =   0.085884  Q10  =   0.005832  Q11c =  -0.074071  Q11s =   0.043077
|Q2| =   1.240555  Q20  =  -1.214053  Q21c =  -0.158968  Q21s =  -0.111314
                   Q22c =   0.122186  Q22s =   0.111638

C          x = 11.249880  y =  2.415880  z = -0.120180 angstrom
           Maximum rank =  2   Radius =  0.650 angstrom
                   Q00  =  -0.044768
|Q1| =   0.074287  Q10  =   0.002316  Q11c =   0.007660  Q11s =  -0.073855
|Q2| =   1.231117  Q20  =  -1.210007  Q21c =  -0.135558  Q21s =  -0.102785
                   Q22c =  -0.039697  Q22s =   0.144969

C          x = 13.411070  y =  1.374840  z = -0.224750 angstrom
           Maximum rank =  2   Radius =  0.650 angstrom
                   Q00  =  -0.006700
|Q1| =   0.082819  Q10  =   0.004560  Q11c =  -0.080065  Q11s =   0.020683
|Q2| =   1.395803  Q20  =  -1.368247  Q21c =  -0.158178  Q21s =  -0.111151
                   Q22c =  -0.105380  Q22s =  -0.166394

H          x = 14.062160  y =  0.515320  z = -0.235170 angstrom
           Maximum rank =  1   Radius =  0.350 angstrom
                   Q00  =   0.086686
|Q1| =   0.077203  Q10  =   0.008835  Q11c =  -0.073501  Q11s =   0.021908

C          x = 13.964060  y =  2.645920  z = -0.320280 angstrom
           Maximum rank =  2   Radius =  0.650 angstrom
                   Q00  =  -0.011143
|Q1| =   0.055035  Q10  =   0.005297  Q11c =  -0.051455  Q11s =  -0.018793
|Q2| =   1.337580  Q20  =  -1.304534  Q21c =  -0.181594  Q21s =  -0.094393
                   Q22c =   0.210797  Q22s =   0.031474

H          x = 15.039670  y =  2.742960  z = -0.402800 angstrom
           Maximum rank =  1   Radius =  0.350 angstrom
                   Q00  =   0.049124
|Q1| =   0.104472  Q10  =   0.008492  Q11c =  -0.102847  Q11s =  -0.016278

C          x = 11.793480  y =  3.681560  z = -0.210950 angstrom
           Maximum rank =  2   Radius =  0.650 angstrom
                   Q00  =   0.008196
|Q1| =   0.096069  Q10  =   0.005630  Q11c =  -0.022418  Q11s =  -0.093247
|Q2| =   1.337311  Q20  =  -1.315324  Q21c =  -0.151599  Q21s =  -0.083892
                   Q22c =   0.013480  Q22s =  -0.167700

H          x = 11.143970  y =  4.548020  z = -0.203030 angstrom
           Maximum rank =  1   Radius =  0.350 angstrom
                   Q00  =   0.072938
|Q1| =   0.099532  Q10  =   0.002111  Q11c =   0.026077  Q11s =  -0.096032

C          x = 13.172250  y =  3.790930  z = -0.312050 angstrom
           Maximum rank =  2   Radius =  0.650 angstrom
                   Q00  =  -0.014342
|Q1| =   0.061502  Q10  =   0.004542  Q11c =  -0.033520  Q11s =  -0.051364
|Q2| =   1.348866  Q20  =  -1.309350  Q21c =  -0.158075  Q21s =  -0.117502
                   Q22c =  -0.154951  Q22s =   0.205520

H          x = 13.637520  y =  4.766140  z = -0.386330 angstrom
           Maximum rank =  1   Radius =  0.350 angstrom
                   Q00  =   0.045572
|Q1| =   0.105537  Q10  =   0.007340  Q11c =  -0.046578  Q11s =  -0.094417

C          x = 11.567110  y = -1.210440  z =  0.112870 angstrom
           Maximum rank =  2   Radius =  0.650 angstrom
                   Q00  =  -0.018611
|Q1| =   0.027959  Q10  =   0.007245  Q11c =   0.012643  Q11s =  -0.023861
|Q2| =   1.303221  Q20  =  -1.271367  Q21c =  -0.099584  Q21s =  -0.236914
                   Q22c =  -0.100567  Q22s =  -0.076497

C          x = 12.946700  y = -1.575970  z =  0.086080 angstrom
           Maximum rank =  2   Radius =  0.650 angstrom
                   Q00  =   0.058129
|Q1| =   0.108963  Q10  =   0.008280  Q11c =  -0.107944  Q11s =  -0.012349
|Q2| =   1.213082  Q20  =  -0.711339  Q21c =  -0.046287  Q21s =  -0.012876
                   Q22c =   0.827743  Q22s =  -0.527349

N          x = 14.045530  y = -1.912140  z =  0.067130 angstrom
           Maximum rank =  2   Radius =  0.650 angstrom
                   Q00  =  -0.224818
|Q1| =   0.563803  Q10  =   0.014118  Q11c =  -0.547864  Q11s =   0.132361
|Q2| =   0.625958  Q20  =  -0.335550  Q21c =  -0.012080  Q21s =   0.000965
                   Q22c =   0.406046  Q22s =  -0.337948

C          x = 10.709970  y = -2.339000  z =  0.281230 angstrom
           Maximum rank =  2   Radius =  0.650 angstrom
                   Q00  =   0.057271
|Q1| =   0.100341  Q10  =  -0.003828  Q11c =   0.087129  Q11s =   0.049620
|Q2| =   1.203500  Q20  =  -0.701123  Q21c =  -0.141719  Q21s =  -0.208003
                   Q22c =  -0.257374  Q22s =   0.909532

N          x = 10.050440  y = -3.270730  z =  0.418340 angstrom
           Maximum rank =  2   Radius =  0.650 angstrom
                   Q00  =  -0.226060
|Q1| =   0.567390  Q10  =  -0.062864  Q11c =   0.354746  Q11s =   0.438332
|Q2| =   0.622144  Q20  =  -0.324404  Q21c =  -0.072365  Q21s =  -0.115418
                   Q22c =  -0.237740  Q22s =   0.454695

C          x =  2.628460  y = -2.526850  z =  1.188410 angstrom
           Maximum rank =  2   Radius =  0.650 angstrom
                   Q00  =  -0.062511
|Q1| =   0.078937  Q10  =   0.004128  Q11c =   0.053102  Q11s =   0.058260
|Q2| =   1.298781  Q20  =   0.517893  Q21c =  -0.409658  Q21s =  -0.558622
                   Q22c =  -0.110143  Q22s =  -0.962606

C          x =  3.619370  y = -3.507720  z =  1.182070 angstrom
           Maximum rank =  2   Radius =  0.650 angstrom
                   Q00  =  -0.053396
|Q1| =   0.103051  Q10  =   0.034348  Q11c =  -0.082630  Q11s =   0.051108
|Q2| =   1.483662  Q20  =   0.690855  Q21c =  -0.471203  Q21s =  -0.441520
                   Q22c =  -0.023356  Q22s =  -1.143002

H          x =  4.171340  y = -3.711520  z =  0.272630 angstrom
           Maximum rank =  1   Radius =  0.350 angstrom
                   Q00  =   0.078881
|Q1| =   0.100346  Q10  =   0.053263  Q11c =  -0.071748  Q11s =   0.045656

C          x =  3.903760  y = -4.242200  z =  2.320990 angstrom
           Maximum rank =  2   Radius =  0.650 angstrom
                   Q00  =  -0.030641
|Q1| =   0.076535  Q10  =   0.008264  Q11c =  -0.059924  Q11s =   0.046887
|Q2| =   1.415311  Q20  =   0.451881  Q21c =  -0.447826  Q21s =  -0.440495
                   Q22c =  -0.015244  Q22s =  -1.184944

H          x =  4.683440  y = -4.995320  z =  2.284590 angstrom
           Maximum rank =  1   Radius =  0.350 angstrom
                   Q00  =   0.052543
|Q1| =   0.112795  Q10  =   0.003999  Q11c =  -0.078123  Q11s =   0.081261

C          x =  3.210060  y = -4.028130  z =  3.509320 angstrom
           Maximum rank =  2   Radius =  0.650 angstrom
                   Q00  =  -0.075295
|Q1| =   0.121575  Q10  =  -0.099320  Q11c =  -0.021287  Q11s =   0.066804
|Q2| =   1.140696  Q20  =   0.467275  Q21c =  -0.330288  Q21s =  -0.432528
                   Q22c =  -0.024382  Q22s =  -0.886610

C          x =  2.228050  y = -3.044890  z =  3.514710 angstrom
           Maximum rank =  2   Radius =  0.650 angstrom
                   Q00  =  -0.032039
|Q1| =   0.074882  Q10  =  -0.058867  Q11c =   0.042663  Q11s =  -0.017939
|Q2| =   1.402979  Q20  =   0.580586  Q21c =  -0.536509  Q21s =  -0.394172
                   Q22c =   0.018183  Q22s =  -1.089829

H          x =  1.674590  y = -2.848190  z =  4.426500 angstrom
           Maximum rank =  1   Radius =  0.350 angstrom
                   Q00  =   0.045927
|Q1| =   0.116840  Q10  =  -0.098928  Q11c =   0.058791  Q11s =  -0.020208

C          x =  1.941120  y = -2.304260  z =  2.376410 angstrom
           Maximum rank =  2   Radius =  0.650 angstrom
                   Q00  =  -0.034524
|Q1| =   0.097455  Q10  =  -0.060278  Q11c =   0.072697  Q11s =  -0.024064
|Q2| =   1.465531  Q20  =   0.479268  Q21c =  -0.382105  Q21s =  -0.517475
                   Q22c =  -0.015330  Q22s =  -1.226402

H          x =  1.174010  y = -1.542190  z =  2.424210 angstrom
           Maximum rank =  1   Radius =  0.350 angstrom
                   Q00  =   0.076217
|Q1| =   0.099212  Q10  =  -0.059737  Q11c =   0.061940  Q11s =  -0.049376

C          x =  2.474400  y = -2.454510  z = -1.365090 angstrom
           Maximum rank =  2   Radius =  0.650 angstrom
                   Q00  =  -0.061998
|Q1| =   0.065493  Q10  =   0.000690  Q11c =  -0.054686  Q11s =   0.036031
|Q2| =   1.281564  Q20  =   0.559673  Q21c =  -0.508657  Q21s =   0.364721
                   Q22c =  -0.670593  Q22s =   0.698374

C          x =  3.050600  y = -1.918120  z = -2.510390 angstrom
           Maximum rank =  2   Radius =  0.650 angstrom
                   Q00  =  -0.037188
|Q1| =   0.101184  Q10  =   0.057269  Q11c =  -0.064196  Q11s =  -0.053265
|Q2| =   1.482109  Q20  =   0.547765  Q21c =  -0.473204  Q21s =   0.358561
                   Q22c =  -0.785584  Q22s =   0.962793

H          x =  3.508390  y = -0.937430  z = -2.476520 angstrom
           Maximum rank =  1   Radius =  0.350 angstrom
                   Q00  =   0.078048
|Q1| =   0.100204  Q10  =   0.053975  Q11c =  -0.040572  Q11s =  -0.074037

C          x =  3.045020  y = -2.620560  z = -3.708010 angstrom
           Maximum rank =  2   Radius =  0.650 angstrom
                   Q00  =  -0.031254
|Q1| =   0.076080  Q10  =   0.059062  Q11c =  -0.029505  Q11s =  -0.037805
|Q2| =   1.399999  Q20  =   0.597620  Q21c =  -0.582937  Q21s =   0.166702
                   Q22c =  -0.672650  Q22s =   0.884752

H          x =  3.504950  y = -2.176210  z = -4.583920 angstrom
           Maximum rank =  1   Radius =  0.350 angstrom
                   Q00  =   0.047501
|Q1| =   0.116069  Q10  =   0.094847  Q11c =  -0.047439  Q11s =  -0.047176

C          x =  2.464520  y = -3.878800  z = -3.804090 angstrom
           Maximum rank =  2   Radius =  0.650 angstrom
                   Q00  =  -0.075965
|Q1| =   0.122123  Q10  =   0.105561  Q11c =   0.002208  Q11s =   0.061367
|Q2| =   1.142176  Q20  =   0.502326  Q21c =  -0.413803  Q21s =   0.275401
                   Q22c =  -0.574583  Q22s =   0.689209

C          x =  1.883190  y = -4.412100  z = -2.655650 angstrom
           Maximum rank =  2   Radius =  0.650 angstrom
                   Q00  =  -0.031568
|Q1| =   0.076017  Q10  =  -0.004757  Q11c =   0.041415  Q11s =   0.063567
|Q2| =   1.407533  Q20  =   0.474851  Q21c =  -0.498213  Q21s =   0.258133
                   Q22c =  -0.762163  Q22s =   0.927320

H          x =  1.420120  y = -5.392220  z = -2.697790 angstrom
           Maximum rank =  1   Radius =  0.350 angstrom
                   Q00  =   0.048470
|Q1| =   0.115494  Q10  =   0.002600  Q11c =   0.049966  Q11s =   0.104093

C          x =  1.889100  y = -3.716720  z = -1.458750 angstrom
           Maximum rank =  2   Radius =  0.650 angstrom
                   Q00  =  -0.051445
|Q1| =   0.104969  Q10  =  -0.030717  Q11c =   0.061174  Q11s =   0.079578
|Q2| =   1.476901  Q20  =   0.722677  Q21c =  -0.500288  Q21s =   0.199385
                   Q22c =  -0.754518  Q22s =   0.894222

H          x =  1.444610  y = -4.170340  z = -0.581250 angstrom
           Maximum rank =  1   Radius =  0.350 angstrom
                   Q00  =   0.074248
|Q1| =   0.106200  Q10  =  -0.048295  Q11c =   0.061127  Q11s =   0.072178

C          x = -2.474390  y =  2.454450  z =  1.365240 angstrom
           Maximum rank =  2   Radius =  0.650 angstrom
                   Q00  =  -0.061748
|Q1| =   0.065663  Q10  =  -0.000623  Q11c =   0.054790  Q11s =  -0.036184
|Q2| =   1.280859  Q20  =   0.559237  Q21c =  -0.508353  Q21s =   0.364369
                   Q22c =  -0.670341  Q22s =   0.698075

C          x = -1.889150  y =  3.716720  z =  1.458870 angstrom
           Maximum rank =  2   Radius =  0.650 angstrom
                   Q00  =  -0.051577
|Q1| =   0.105090  Q10  =   0.030745  Q11c =  -0.060950  Q11s =  -0.079898
|Q2| =   1.477473  Q20  =   0.723396  Q21c =  -0.500504  Q21s =   0.199675
                   Q22c =  -0.754633  Q22s =   0.894304

H          x = -1.444700  y =  4.170340  z =  0.581350 angstrom
           Maximum rank =  1   Radius =  0.350 angstrom
                   Q00  =   0.074079
|Q1| =   0.106389  Q10  =   0.048343  Q11c =  -0.061183  Q11s =  -0.072376

C          x = -1.883260  y =  4.412110  z =  2.655740 angstrom
           Maximum rank =  2   Radius =  0.650 angstrom
                   Q00  =  -0.031940
|Q1| =   0.076143  Q10  =   0.004823  Q11c =  -0.041192  Q11s =  -0.063857
|Q2| =   1.409056  Q20  =   0.475478  Q21c =  -0.498662  Q21s =   0.258440
                   Q22c =  -0.762917  Q22s =   0.928365

H          x = -1.420270  y =  5.392260  z =  2.697860 angstrom
           Maximum rank =  1   Radius =  0.350 angstrom
                   Q00  =   0.048001
|Q1| =   0.115908  Q10  =  -0.002590  Q11c =  -0.050085  Q11s =  -0.104497

C          x = -2.464570  y =  3.878790  z =  3.804220 angstrom
           Maximum rank =  2   Radius =  0.650 angstrom
                   Q00  =  -0.076252
|Q1| =   0.122116  Q10  =  -0.105431  Q11c =  -0.002087  Q11s =  -0.061580
|Q2| =   1.143094  Q20  =   0.503025  Q21c =  -0.414088  Q21s =   0.275679
                   Q22c =  -0.574964  Q22s =   0.689622

C          x = -3.045030  y =  2.620550  z =  3.708160 angstrom
           Maximum rank =  2   Radius =  0.650 angstrom
                   Q00  =  -0.031134
|Q1| =   0.076013  Q10  =  -0.059069  Q11c =   0.029694  Q11s =   0.037511
|Q2| =   1.399570  Q20  =   0.597172  Q21c =  -0.582627  Q21s =   0.166287
                   Q22c =  -0.672643  Q22s =   0.884662

H          x = -3.504970  y =  2.176220  z =  4.584060 angstrom
           Maximum rank =  1   Radius =  0.350 angstrom
                   Q00  =   0.047615
|Q1| =   0.115957  Q10  =  -0.094808  Q11c =   0.047415  Q11s =   0.047003

C          x = -3.050580  y =  1.918080  z =  2.510530 angstrom
           Maximum rank =  2   Radius =  0.650 angstrom
                   Q00  =  -0.036867
|Q1| =   0.101111  Q10  =  -0.057194  Q11c =   0.064376  Q11s =   0.052991
|Q2| =   1.481047  Q20  =   0.547500  Q21c =  -0.472971  Q21s =   0.358131
                   Q22c =  -0.785190  Q22s =   0.961906

H          x = -3.508350  y =  0.937380  z =  2.476680 angstrom
           Maximum rank =  1   Radius =  0.350 angstrom
                   Q00  =   0.078366
|Q1| =   0.099986  Q10  =  -0.053916  Q11c =   0.040514  Q11s =   0.073817

C          x = -2.628440  y =  2.526850  z = -1.188240 angstrom
           Maximum rank =  2   Radius =  0.650 angstrom
                   Q00  =  -0.062274
|Q1| =   0.079222  Q10  =  -0.004236  Q11c =  -0.053255  Q11s =  -0.058498
|Q2| =   1.298153  Q20  =   0.517592  Q21c =  -0.409481  Q21s =  -0.558021
                   Q22c =  -0.110311  Q22s =  -0.962325

C          x = -3.619200  y =  3.507860  z = -1.181790 angstrom
           Maximum rank =  2   Radius =  0.650 angstrom
                   Q00  =  -0.053464
|Q1| =   0.103112  Q10  =  -0.034435  Q11c =   0.082388  Q11s =  -0.051560
|Q2| =   1.484092  Q20  =   0.691408  Q21c =  -0.471185  Q21s =  -0.441769
                   Q22c =  -0.023648  Q22s =  -1.143132

H          x = -4.171050  y =  3.711730  z = -0.272290 angstrom
           Maximum rank =  1   Radius =  0.350 angstrom
                   Q00  =   0.078806
|Q1| =   0.100462  Q10  =  -0.053292  Q11c =   0.071794  Q11s =  -0.045806

C          x = -3.903590  y =  4.242400  z = -2.320670 angstrom
           Maximum rank =  2   Radius =  0.650 angstrom
                   Q00  =  -0.030955
|Q1| =   0.076654  Q10  =  -0.008347  Q11c =   0.059699  Q11s =  -0.047352
|Q2| =   1.416543  Q20  =   0.452391  Q21c =  -0.448256  Q21s =  -0.440703
                   Q22c =  -0.015299  Q22s =  -1.185980

H          x = -4.683170  y =  4.995630  z = -2.284180 angstrom
           Maximum rank =  1   Radius =  0.350 angstrom
                   Q00  =   0.052167
|Q1| =   0.113124  Q10  =  -0.004008  Q11c =   0.078272  Q11s =  -0.081575

C          x = -3.210030  y =  4.028250  z = -3.509070 angstrom
           Maximum rank =  2   Radius =  0.650 angstrom
                   Q00  =  -0.075609
|Q1| =   0.121582  Q10  =   0.099164  Q11c =   0.021090  Q11s =  -0.067110
|Q2| =   1.141712  Q20  =   0.467969  Q21c =  -0.330411  Q21s =  -0.432903
                   Q22c =  -0.024650  Q22s =  -0.887314

C          x = -2.228160  y =  3.044880  z = -3.514560 angstrom
           Maximum rank =  2   Radius =  0.650 angstrom
                   Q00  =  -0.032021
|Q1| =   0.074879  Q10  =   0.058836  Q11c =  -0.042862  Q11s =   0.017554
|Q2| =   1.402958  Q20  =   0.580509  Q21c =  -0.536431  Q21s =  -0.393666
                   Q22c =   0.017776  Q22s =  -1.090070

H          x = -1.674810  y =  2.848120  z = -4.426410 angstrom
           Maximum rank =  1   Radius =  0.350 angstrom
                   Q00  =   0.045951
|Q1| =   0.116815  Q10  =   0.098937  Q11c =  -0.058769  Q11s =   0.020084

C          x = -1.941230  y =  2.304190  z = -2.376300 angstrom
           Maximum rank =  2   Radius =  0.650 angstrom
                   Q00  =  -0.034283
|Q1| =   0.097445  Q10  =   0.060195  Q11c =  -0.072874  Q11s =   0.023698
|Q2| =   1.464684  Q20  =   0.479151  Q21c =  -0.381925  Q21s =  -0.516971
                   Q22c =  -0.015899  Q22s =  -1.225698

H          x = -1.174230  y =  1.542020  z = -2.424180 angstrom
           Maximum rank =  1   Radius =  0.350 angstrom
                   Q00  =   0.076480
|Q1| =   0.099046  Q10  =   0.059690  Q11c =  -0.061845  Q11s =   0.049217

C          x =  3.503080  y = -4.849550  z =  4.735340 angstrom
           Maximum rank =  2   Radius =  0.650 angstrom
                   Q00  =   0.023473
|Q1| =   0.023195  Q10  =  -0.014543  Q11c =  -0.001968  Q11s =   0.017963
|Q2| =   0.104289  Q20  =   0.064532  Q21c =   0.023333  Q21s =  -0.071701
                   Q22c =  -0.008416  Q22s =  -0.030912

H          x =  3.002230  y = -5.820520  z =  4.684620 angstrom
           Maximum rank =  1   Radius =  0.350 angstrom
                   Q00  =   0.031653
|Q1| =   0.123495  Q10  =  -0.035434  Q11c =   0.035930  Q11s =   0.112714

H          x =  3.158920  y = -4.347950  z =  5.640740 angstrom
           Maximum rank =  1   Radius =  0.350 angstrom
                   Q00  =   0.024574
|Q1| =   0.124972  Q10  =  -0.121705  Q11c =   0.021579  Q11s =  -0.018450

H          x =  4.572940  y = -5.039300  z =  4.838380 angstrom
           Maximum rank =  1   Radius =  0.350 angstrom
                   Q00  =   0.029264
|Q1| =   0.122660  Q10  =  -0.050547  Q11c =  -0.103030  Q11s =   0.043304

C          x =  2.484770  y = -4.654810  z = -5.092940 angstrom
           Maximum rank =  2   Radius =  0.650 angstrom
                   Q00  =   0.023298
|Q1| =   0.022648  Q10  =   0.015433  Q11c =  -0.002022  Q11s =   0.016451
|Q2| =   0.106014  Q20  =   0.074498  Q21c =   0.001820  Q21s =   0.070389
                   Q22c =  -0.019997  Q22s =   0.018201

H          x =  3.288150  y = -5.396840  z = -5.089490 angstrom
           Maximum rank =  1   Radius =  0.350 angstrom
                   Q00  =   0.033090
|Q1| =   0.122451  Q10  =   0.041796  Q11c =  -0.071138  Q11s =   0.090480

H          x =  2.646150  y = -3.998460  z = -5.949000 angstrom
           Maximum rank =  1   Radius =  0.350 angstrom
                   Q00  =   0.024947
|Q1| =   0.124718  Q10  =   0.119167  Q11c =  -0.014348  Q11s =  -0.033883

H          x =  1.546400  y = -5.190370  z = -5.248400 angstrom
           Maximum rank =  1   Radius =  0.350 angstrom
                   Q00  =   0.027094
|Q1| =   0.124336  Q10  =   0.056523  Q11c =   0.083506  Q11s =   0.072742

C          x = -2.484610  y =  4.654840  z =  5.093060 angstrom
           Maximum rank =  2   Radius =  0.650 angstrom
                   Q00  =   0.023285
|Q1| =   0.022912  Q10  =  -0.015436  Q11c =   0.001944  Q11s =  -0.016820
|Q2| =   0.105232  Q20  =   0.074084  Q21c =   0.001793  Q21s =   0.069959
                   Q22c =  -0.019224  Q22s =   0.017841

H          x = -3.284810  y =  5.400270  z =  5.087750 angstrom
           Maximum rank =  1   Radius =  0.350 angstrom
                   Q00  =   0.032640
|Q1| =   0.122838  Q10  =  -0.041719  Q11c =   0.071022  Q11s =  -0.091130

H          x = -1.544340  y =  5.186430  z =  5.250740 angstrom
           Maximum rank =  1   Radius =  0.350 angstrom
                   Q00  =   0.026824
|Q1| =   0.124626  Q10  =  -0.056821  Q11c =  -0.083801  Q11s =  -0.072666

H          x = -2.650720  y =  3.999130  z =  5.948690 angstrom
           Maximum rank =  1   Radius =  0.350 angstrom
                   Q00  =   0.025013
|Q1| =   0.124691  Q10  =  -0.119147  Q11c =   0.014784  Q11s =   0.033663

C          x = -3.503080  y =  4.849710  z = -4.735060 angstrom
           Maximum rank =  2   Radius =  0.650 angstrom
                   Q00  =   0.023454
|Q1| =   0.023467  Q10  =   0.014584  Q11c =   0.001986  Q11s =  -0.018278
|Q2| =   0.103491  Q20  =   0.064166  Q21c =   0.023353  Q21s =  -0.071145
                   Q22c =  -0.008204  Q22s =  -0.030312

H          x = -3.158420  y =  4.348420  z = -5.640430 angstrom
           Maximum rank =  1   Radius =  0.350 angstrom
                   Q00  =   0.024602
|Q1| =   0.124993  Q10  =   0.121745  Q11c =  -0.021633  Q11s =   0.018255

H          x = -3.002720  y =  5.820920  z = -4.684030 angstrom
           Maximum rank =  1   Radius =  0.350 angstrom
                   Q00  =   0.031121
|Q1| =   0.123960  Q10  =   0.035485  Q11c =  -0.035992  Q11s =  -0.113187

H          x = -4.573010  y =  5.038970  z = -4.838370 angstrom
           Maximum rank =  1   Radius =  0.350 angstrom
                   Q00  =   0.029078
|Q1| =   0.122862  Q10  =   0.050638  Q11c =   0.103151  Q11s =  -0.043482

Total multipoles referred to origin at
           x =   0.000000,  y =    0.000000,  z =    0.000000 angstrom
                   Q00  =  -0.000002
|Q1| =   0.098216  Q10  =   0.002348  Q11c =  -0.010870  Q11s =  -0.097585
|Q2| = 200.890156  Q20  =  74.802241  Q21c = -24.613480  Q21s =   1.844002
                   Q22c =-118.469040  Q22s = 141.835618

CPU time used:     67m29.208s          Total:     67m29.208s

Finished at 15:58:4 on 28 Jun 2021  
