                                     G D M A

                                 by Anthony Stone

                         version 2.2.11, 04 February 2015

               Distributed Multipoles from Gaussian wavefunctions


Starting at 16:41:19 on 28 Jun 2021 

s1S0



Using CI density matrix from file sN_mz.fchk


                         Distributed Multipole Analysis

Standard DMA for products of primitives with exponent greater than 4.00000
Using 80-point Euler-MacLaurin radial quadrature
Using 590-point Lebedev quadrature
Becke smoothing parameter = 3

Positions and radii in angstrom
Multipole moments in atomic units, ea_0^k for rank k

C          x = -8.619890  y =  0.207130  z =  0.014550 angstrom
           Maximum rank =  2   Radius =  0.650 angstrom
                   Q00  =   0.014605
|Q1| =   0.044104  Q10  =   0.000458  Q11c =  -0.037686  Q11s =  -0.022907
|Q2| =   1.359543  Q20  =  -1.353982  Q21c =  -0.005506  Q21s =   0.023629
                   Q22c =   0.119974  Q22s =  -0.010341

H          x = -8.796940  y =  1.274390  z =  0.039340 angstrom
           Maximum rank =  1   Radius =  0.350 angstrom
                   Q00  =   0.091086
|Q1| =   0.069034  Q10  =  -0.008567  Q11c =  -0.025853  Q11s =  -0.063434

C          x = -9.747240  y = -0.566690  z =  0.007830 angstrom
           Maximum rank =  2   Radius =  0.650 angstrom
                   Q00  =  -0.055643
|Q1| =   0.058272  Q10  =   0.004625  Q11c =  -0.040399  Q11s =  -0.041740
|Q2| =   1.317382  Q20  =  -1.296683  Q21c =  -0.018534  Q21s =  -0.012399
                   Q22c =   0.120399  Q22s =   0.197779

C          x =-11.128620  y = -0.059370  z =  0.025110 angstrom
           Maximum rank =  2   Radius =  0.650 angstrom
                   Q00  =   0.030629
|Q1| =   0.043558  Q10  =  -0.001384  Q11c =  -0.009753  Q11s =  -0.042430
|Q2| =   1.160999  Q20  =  -1.121838  Q21c =  -0.037570  Q21s =  -0.099144
                   Q22c =  -0.218399  Q22s =  -0.174527

C          x = -9.816180  y = -2.046840  z =  0.022160 angstrom
           Maximum rank =  2   Radius =  0.650 angstrom
                   Q00  =   0.196203
|Q1| =   0.032210  Q10  =   0.000351  Q11c =   0.021164  Q11s =  -0.024278
|Q2| =   0.755745  Q20  =  -0.712955  Q21c =  -0.048667  Q21s =  -0.000717
                   Q22c =   0.060282  Q22s =  -0.238418

O          x = -8.915000  y = -2.855110  z = -0.007690 angstrom
           Maximum rank =  2   Radius =  0.650 angstrom
                   Q00  =  -0.386686
|Q1| =   0.489112  Q10  =   0.011455  Q11c =  -0.370693  Q11s =   0.318882
|Q2| =   0.928932  Q20  =  -0.204792  Q21c =  -0.008452  Q21s =   0.039245
                   Q22c =   0.118702  Q22s =  -0.897370

C          x =-12.026940  y = -1.240730  z =  0.099600 angstrom
           Maximum rank =  2   Radius =  0.650 angstrom
                   Q00  =  -0.019911
|Q1| =   0.080765  Q10  =  -0.003547  Q11c =   0.067546  Q11s =  -0.044137
|Q2| =   1.232395  Q20  =  -1.214334  Q21c =  -0.106263  Q21s =  -0.058520
                   Q22c =   0.130852  Q22s =   0.111141

C          x =-11.252110  y = -2.396390  z =  0.090120 angstrom
           Maximum rank =  2   Radius =  0.650 angstrom
                   Q00  =  -0.039392
|Q1| =   0.068606  Q10  =  -0.000606  Q11c =  -0.010572  Q11s =   0.067784
|Q2| =   1.222738  Q20  =  -1.208011  Q21c =  -0.090493  Q21s =  -0.053420
                   Q22c =  -0.049041  Q22s =   0.149497

C          x =-13.409030  y = -1.359010  z =  0.168040 angstrom
           Maximum rank =  2   Radius =  0.650 angstrom
                   Q00  =  -0.006976
|Q1| =   0.089705  Q10  =  -0.002632  Q11c =   0.082620  Q11s =  -0.034842
|Q2| =   1.373920  Q20  =  -1.355405  Q21c =  -0.104133  Q21s =  -0.058332
                   Q22c =  -0.147715  Q22s =  -0.120274

H          x =-14.071360  y = -0.508450  z =  0.181440 angstrom
           Maximum rank =  1   Radius =  0.350 angstrom
                   Q00  =   0.097947
|Q1| =   0.078916  Q10  =  -0.005557  Q11c =   0.074968  Q11s =  -0.024013

C          x =-13.972310  y = -2.628600  z =  0.223750 angstrom
           Maximum rank =  2   Radius =  0.650 angstrom
                   Q00  =  -0.297586
|Q1| =   0.615343  Q10  =  -0.031494  Q11c =   0.612393  Q11s =   0.051281
|Q2| =   1.091762  Q20  =  -0.910825  Q21c =  -0.045628  Q21s =  -0.044107
                   Q22c =  -0.589316  Q22s =  -0.104989

Cl         x =-15.697700  y = -2.748250  z =  0.311460 angstrom
           Maximum rank =  2   Radius =  0.650 angstrom
                   Q00  =   0.294818
|Q1| =   0.812129  Q10  =  -0.041439  Q11c =   0.807492  Q11s =   0.076112
|Q2| =   2.185796  Q20  =  -1.123545  Q21c =  -0.193944  Q21s =  -0.017696
                   Q22c =   1.842223  Q22s =   0.289201

C          x =-11.796170  y = -3.659510  z =  0.141910 angstrom
           Maximum rank =  2   Radius =  0.650 angstrom
                   Q00  =   0.008610
|Q1| =   0.100667  Q10  =  -0.002388  Q11c =   0.009672  Q11s =   0.100173
|Q2| =   1.311857  Q20  =  -1.294982  Q21c =  -0.104888  Q21s =  -0.037653
                   Q22c =   0.072901  Q22s =  -0.162043

H          x =-11.159450  y = -4.534210  z =  0.130650 angstrom
           Maximum rank =  1   Radius =  0.350 angstrom
                   Q00  =   0.088665
|Q1| =   0.095495  Q10  =  -0.000593  Q11c =  -0.025652  Q11s =   0.091984

C          x =-13.175510  y = -3.778350  z =  0.209730 angstrom
           Maximum rank =  2   Radius =  0.650 angstrom
                   Q00  =  -0.303365
|Q1| =   0.625909  Q10  =  -0.023979  Q11c =   0.256165  Q11s =   0.570584
|Q2| =   1.072604  Q20  =  -0.908675  Q21c =  -0.083936  Q21s =  -0.005678
                   Q22c =   0.377347  Q22s =  -0.418713

Cl         x =-13.876490  y = -5.359340  z =  0.276880 angstrom
           Maximum rank =  2   Radius =  0.650 angstrom
                   Q00  =   0.289906
|Q1| =   0.815254  Q10  =  -0.031402  Q11c =   0.331675  Q11s =   0.744073
|Q2| =   2.200192  Q20  =  -1.110869  Q21c =  -0.062323  Q21s =  -0.135806
                   Q22c =  -1.251379  Q22s =   1.420753

C          x =-11.563330  y =  1.233380  z = -0.036180 angstrom
           Maximum rank =  2   Radius =  0.650 angstrom
                   Q00  =  -0.015631
|Q1| =   0.026997  Q10  =  -0.004103  Q11c =  -0.012433  Q11s =   0.023610
|Q2| =   1.295457  Q20  =  -1.279971  Q21c =  -0.072448  Q21s =  -0.138132
                   Q22c =  -0.104972  Q22s =  -0.067342

C          x =-12.944250  y =  1.592750  z = -0.011160 angstrom
           Maximum rank =  2   Radius =  0.650 angstrom
                   Q00  =   0.058508
|Q1| =   0.106984  Q10  =  -0.005030  Q11c =   0.106318  Q11s =   0.010799
|Q2| =   1.207795  Q20  =  -0.716937  Q21c =  -0.042580  Q21s =  -0.005087
                   Q22c =   0.829295  Q22s =  -0.505174

N          x =-14.046440  y =  1.917430  z =  0.008220 angstrom
           Maximum rank =  2   Radius =  0.650 angstrom
                   Q00  =  -0.217033
|Q1| =   0.559970  Q10  =  -0.011736  Q11c =   0.545138  Q11s =  -0.127488
|Q2| =   0.617845  Q20  =  -0.336621  Q21c =  -0.014647  Q21s =   0.001753
                   Q22c =   0.398869  Q22s =  -0.330311

C          x =-10.705090  y =  2.368510  z = -0.141110 angstrom
           Maximum rank =  2   Radius =  0.650 angstrom
                   Q00  =   0.058201
|Q1| =   0.100849  Q10  =   0.002602  Q11c =  -0.087784  Q11s =  -0.049575
|Q2| =   1.202101  Q20  =  -0.715141  Q21c =  -0.089489  Q21s =  -0.128855
                   Q22c =  -0.261696  Q22s =   0.916801

N          x =-10.042790  y =  3.304280  z = -0.226460 angstrom
           Maximum rank =  2   Radius =  0.650 angstrom
                   Q00  =  -0.221965
|Q1| =   0.565386  Q10  =   0.039512  Q11c =  -0.355290  Q11s =  -0.438028
|Q2| =   0.619527  Q20  =  -0.331615  Q21c =  -0.044292  Q21s =  -0.071345
                   Q22c =  -0.240048  Q22s =   0.457351

C          x = -7.230150  y = -0.091350  z =  0.003680 angstrom
           Maximum rank =  2   Radius =  0.650 angstrom
                   Q00  =  -0.299655
|Q1| =   0.458001  Q10  =  -0.022542  Q11c =  -0.208425  Q11s =  -0.407205
|Q2| =   1.427612  Q20  =  -1.176299  Q21c =  -0.037748  Q21s =   0.054403
                   Q22c =   0.524360  Q22s =  -0.612421

S          x = -6.155720  y =  1.315920  z =  0.056520 angstrom
           Maximum rank =  2   Radius =  0.650 angstrom
                   Q00  =   0.717296
|Q1| =   1.081269  Q10  =  -0.058571  Q11c =   0.222890  Q11s =  -1.056425
|Q2| =   2.312481  Q20  =  -2.112212  Q21c =  -0.049479  Q21s =   0.058214
                   Q22c =   0.900109  Q22s =   0.264755

C          x = -6.508950  y = -1.272770  z = -0.055140 angstrom
           Maximum rank =  2   Radius =  0.650 angstrom
                   Q00  =  -0.015556
|Q1| =   0.079164  Q10  =   0.003073  Q11c =  -0.012124  Q11s =   0.078170
|Q2| =   1.383203  Q20  =  -1.342475  Q21c =  -0.007530  Q21s =   0.097391
                   Q22c =   0.024164  Q22s =   0.317626

H          x = -6.992470  y = -2.235210  z = -0.096630 angstrom
           Maximum rank =  1   Radius =  0.350 angstrom
                   Q00  =   0.122678
|Q1| =   0.070364  Q10  =   0.006629  Q11c =  -0.034300  Q11s =   0.061079

C          x = -5.133160  y = -1.038140  z = -0.051620 angstrom
           Maximum rank =  2   Radius =  0.650 angstrom
                   Q00  =  -0.337444
|Q1| =   0.541562  Q10  =   0.017038  Q11c =  -0.306258  Q11s =   0.446324
|Q2| =   1.339712  Q20  =  -1.168538  Q21c =   0.013980  Q21s =   0.070110
                   Q22c =   0.352341  Q22s =   0.547808

C          x = -4.769530  y =  0.310680  z =  0.006430 angstrom
           Maximum rank =  2   Radius =  0.650 angstrom
                   Q00  =  -0.344968
|Q1| =   0.546436  Q10  =  -0.045384  Q11c =   0.372297  Q11s =  -0.397401
|Q2| =   1.417203  Q20  =  -1.269373  Q21c =   0.021677  Q21s =   0.054292
                   Q22c =   0.308835  Q22s =   0.546225

S          x = -3.738380  y = -2.090010  z = -0.102980 angstrom
           Maximum rank =  2   Radius =  0.650 angstrom
                   Q00  =   0.730532
|Q1| =   1.124159  Q10  =   0.052790  Q11c =  -0.151770  Q11s =   1.112615
|Q2| =   2.283639  Q20  =  -2.102018  Q21c =   0.014475  Q21s =   0.131830
                   Q22c =   0.832385  Q22s =   0.293383

C          x = -3.370090  y =  0.496040  z =  0.024260 angstrom
           Maximum rank =  2   Radius =  0.650 angstrom
                   Q00  =  -0.064395
|Q1| =   0.097591  Q10  =  -0.052888  Q11c =   0.075936  Q11s =  -0.030994
|Q2| =   1.260838  Q20  =  -1.234473  Q21c =   0.010043  Q21s =   0.060569
                   Q22c =   0.123412  Q22s =   0.216310

C          x = -2.710210  y = -0.699730  z = -0.032950 angstrom
           Maximum rank =  2   Radius =  0.650 angstrom
                   Q00  =  -0.323246
|Q1| =   0.619907  Q10  =   0.015620  Q11c =   0.228191  Q11s =   0.576168
|Q2| =   1.360656  Q20  =  -1.229812  Q21c =  -0.008648  Q21s =   0.067791
                   Q22c =   0.504839  Q22s =  -0.281802

C          x = -1.275130  y = -0.496210  z = -0.026170 angstrom
           Maximum rank =  2   Radius =  0.650 angstrom
                   Q00  =  -0.023984
|Q1| =   0.120998  Q10  =   0.011522  Q11c =   0.009112  Q11s =   0.120103
|Q2| =   1.277581  Q20  =  -1.235598  Q21c =  -0.005223  Q21s =   0.081784
                   Q22c =   0.170449  Q22s =  -0.264087

C          x = -1.063060  y =  0.893820  z =  0.022650 angstrom
           Maximum rank =  2   Radius =  0.650 angstrom
                   Q00  =  -0.035810
|Q1| =   0.088855  Q10  =   0.040787  Q11c =  -0.049249  Q11s =  -0.061694
|Q2| =   1.233468  Q20  =  -1.219325  Q21c =   0.001931  Q21s =   0.091433
                   Q22c =   0.162077  Q22s =  -0.007472

C          x = -2.395000  y =  1.662040  z =  0.056750 angstrom
           Maximum rank =  2   Radius =  0.650 angstrom
                   Q00  =  -0.006745
|Q1| =   0.063323  Q10  =  -0.001093  Q11c =   0.000639  Q11s =  -0.063311
|Q2| =   0.176634  Q20  =   0.003218  Q21c =   0.082755  Q21s =   0.023125
                   Q22c =  -0.145287  Q22s =  -0.051941

C          x =  0.218990  y =  1.402190  z =  0.052840 angstrom
           Maximum rank =  2   Radius =  0.650 angstrom
                   Q00  =  -0.013770
|Q1| =   0.104896  Q10  =   0.022997  Q11c =  -0.017003  Q11s =  -0.100921
|Q2| =   1.437333  Q20  =  -1.431239  Q21c =  -0.004789  Q21s =   0.126406
                   Q22c =   0.005767  Q22s =  -0.038008

H          x =  0.399790  y =  2.469200  z =  0.095880 angstrom
           Maximum rank =  1   Radius =  0.350 angstrom
                   Q00  =   0.084715
|Q1| =   0.102953  Q10  =   0.001229  Q11c =  -0.038459  Q11s =  -0.095492

C          x =  1.275150  y =  0.496220  z =  0.026300 angstrom
           Maximum rank =  2   Radius =  0.650 angstrom
                   Q00  =  -0.023976
|Q1| =   0.120960  Q10  =  -0.010991  Q11c =  -0.009111  Q11s =  -0.120114
|Q2| =   1.277565  Q20  =  -1.235579  Q21c =  -0.005227  Q21s =   0.081886
                   Q22c =   0.170442  Q22s =  -0.264071

C          x = -0.218970  y = -1.402180  z = -0.052720 angstrom
           Maximum rank =  2   Radius =  0.650 angstrom
                   Q00  =  -0.013789
|Q1| =   0.104730  Q10  =  -0.022362  Q11c =   0.016982  Q11s =   0.100896
|Q2| =   1.437430  Q20  =  -1.431359  Q21c =  -0.004947  Q21s =   0.126161
                   Q22c =   0.005699  Q22s =  -0.037996

H          x = -0.399770  y = -2.469180  z = -0.095760 angstrom
           Maximum rank =  1   Radius =  0.350 angstrom
                   Q00  =   0.084686
|Q1| =   0.102955  Q10  =  -0.001129  Q11c =   0.038464  Q11s =   0.095494

C          x =  1.063080  y = -0.893810  z = -0.022520 angstrom
           Maximum rank =  2   Radius =  0.650 angstrom
                   Q00  =  -0.035828
|Q1| =   0.088626  Q10  =  -0.040278  Q11c =   0.049269  Q11s =   0.061683
|Q2| =   1.233628  Q20  =  -1.219479  Q21c =   0.001894  Q21s =   0.091481
                   Q22c =   0.162106  Q22s =  -0.007505

C          x =  2.395020  y = -1.662030  z = -0.056620 angstrom
           Maximum rank =  2   Radius =  0.650 angstrom
                   Q00  =  -0.006747
|Q1| =   0.063326  Q10  =   0.001104  Q11c =  -0.000622  Q11s =   0.063313
|Q2| =   0.176653  Q20  =   0.003265  Q21c =   0.082669  Q21s =   0.023601
                   Q22c =  -0.145246  Q22s =  -0.052040

C          x =  2.710230  y =  0.699740  z =  0.033070 angstrom
           Maximum rank =  2   Radius =  0.650 angstrom
                   Q00  =  -0.323236
|Q1| =   0.619922  Q10  =  -0.014980  Q11c =  -0.228192  Q11s =  -0.576200
|Q2| =   1.360629  Q20  =  -1.229757  Q21c =  -0.008559  Q21s =   0.068116
                   Q22c =   0.504839  Q22s =  -0.281842

C          x =  3.370110  y = -0.496020  z = -0.024140 angstrom
           Maximum rank =  2   Radius =  0.650 angstrom
                   Q00  =  -0.064395
|Q1| =   0.097855  Q10  =   0.053393  Q11c =  -0.075922  Q11s =   0.030994
|Q2| =   1.260696  Q20  =  -1.234330  Q21c =   0.010009  Q21s =   0.060643
                   Q22c =   0.123413  Q22s =   0.216279

S          x =  3.738400  y =  2.090020  z =  0.103080 angstrom
           Maximum rank =  2   Radius =  0.650 angstrom
                   Q00  =   0.730602
|Q1| =   1.124050  Q10  =  -0.051688  Q11c =   0.151761  Q11s =  -1.112558
|Q2| =   2.283514  Q20  =  -2.101859  Q21c =   0.014350  Q21s =   0.132708
                   Q22c =   0.832313  Q22s =   0.293364

C          x =  4.769550  y = -0.310670  z = -0.006330 angstrom
           Maximum rank =  2   Radius =  0.650 angstrom
                   Q00  =  -0.344965
|Q1| =   0.546468  Q10  =   0.046006  Q11c =  -0.372299  Q11s =   0.397371
|Q2| =   1.417200  Q20  =  -1.269374  Q21c =   0.021860  Q21s =   0.054172
                   Q22c =   0.308844  Q22s =   0.546214

S          x =  6.155740  y = -1.315910  z = -0.056420 angstrom
           Maximum rank =  2   Radius =  0.650 angstrom
                   Q00  =   0.717269
|Q1| =   1.081346  Q10  =   0.059651  Q11c =  -0.222901  Q11s =   1.056440
|Q2| =   2.312508  Q20  =  -2.112247  Q21c =  -0.049176  Q21s =   0.057499
                   Q22c =   0.900178  Q22s =   0.264697

C          x =  5.133180  y =  1.038150  z =  0.051720 angstrom
           Maximum rank =  2   Radius =  0.650 angstrom
                   Q00  =  -0.337426
|Q1| =   0.541557  Q10  =  -0.016396  Q11c =   0.306263  Q11s =  -0.446338
|Q2| =   1.339668  Q20  =  -1.168472  Q21c =   0.013847  Q21s =   0.070402
                   Q22c =   0.352323  Q22s =   0.547818

C          x =  6.508970  y =  1.272780  z =  0.055220 angstrom
           Maximum rank =  2   Radius =  0.650 angstrom
                   Q00  =  -0.015541
|Q1| =   0.079160  Q10  =  -0.002420  Q11c =   0.012129  Q11s =  -0.078188
|Q2| =   1.383157  Q20  =  -1.342414  Q21c =  -0.007513  Q21s =   0.097665
                   Q22c =   0.024155  Q22s =   0.317600

H          x =  6.992480  y =  2.235220  z =  0.096700 angstrom
           Maximum rank =  1   Radius =  0.350 angstrom
                   Q00  =   0.122689
|Q1| =   0.070349  Q10  =  -0.006528  Q11c =   0.034298  Q11s =  -0.061073

C          x =  7.230170  y =  0.091360  z = -0.003610 angstrom
           Maximum rank =  2   Radius =  0.650 angstrom
                   Q00  =  -0.299651
|Q1| =   0.458026  Q10  =   0.023196  Q11c =   0.208429  Q11s =   0.407194
|Q2| =   1.427601  Q20  =  -1.176297  Q21c =  -0.037839  Q21s =   0.054205
                   Q22c =   0.524355  Q22s =  -0.612414

C          x =  8.619910  y = -0.207120  z = -0.014490 angstrom
           Maximum rank =  2   Radius =  0.650 angstrom
                   Q00  =   0.014591
|Q1| =   0.044105  Q10  =   0.000174  Q11c =   0.037693  Q11s =   0.022901
|Q2| =   1.359612  Q20  =  -1.354055  Q21c =  -0.005564  Q21s =   0.023408
                   Q22c =   0.119974  Q22s =  -0.010327

H          x =  8.796950  y = -1.274380  z = -0.039290 angstrom
           Maximum rank =  1   Radius =  0.350 angstrom
                   Q00  =   0.091073
|Q1| =   0.069053  Q10  =   0.008667  Q11c =   0.025851  Q11s =   0.063443

C          x =  9.747260  y =  0.566700  z = -0.007780 angstrom
           Maximum rank =  2   Radius =  0.650 angstrom
                   Q00  =  -0.055630
|Q1| =   0.058226  Q10  =  -0.004052  Q11c =   0.040393  Q11s =   0.041741
|Q2| =   1.317362  Q20  =  -1.296662  Q21c =  -0.018587  Q21s =  -0.012430
                   Q22c =   0.120382  Q22s =   0.197783

C          x = 11.128640  y =  0.059370  z = -0.025070 angstrom
           Maximum rank =  2   Radius =  0.650 angstrom
                   Q00  =   0.030600
|Q1| =   0.043602  Q10  =   0.001910  Q11c =   0.009763  Q11s =   0.042452
|Q2| =   1.161074  Q20  =  -1.121921  Q21c =  -0.037588  Q21s =  -0.099107
                   Q22c =  -0.218405  Q22s =  -0.174501

C          x =  9.816210  y =  2.046840  z = -0.022090 angstrom
           Maximum rank =  2   Radius =  0.650 angstrom
                   Q00  =   0.196201
|Q1| =   0.032192  Q10  =   0.000188  Q11c =  -0.021136  Q11s =   0.024281
|Q2| =   0.755748  Q20  =  -0.712964  Q21c =  -0.048690  Q21s =  -0.000667
                   Q22c =   0.060282  Q22s =  -0.238395

O          x =  8.915030  y =  2.855120  z =  0.007770 angstrom
           Maximum rank =  2   Radius =  0.650 angstrom
                   Q00  =  -0.386671
|Q1| =   0.489096  Q10  =  -0.010973  Q11c =   0.370690  Q11s =  -0.318878
|Q2| =   0.928939  Q20  =  -0.204774  Q21c =  -0.008586  Q21s =   0.039339
                   Q22c =   0.118693  Q22s =  -0.897377

C          x = 12.026970  y =  1.240730  z = -0.099530 angstrom
           Maximum rank =  2   Radius =  0.650 angstrom
                   Q00  =  -0.019898
|Q1| =   0.080778  Q10  =   0.004092  Q11c =  -0.067521  Q11s =   0.044151
|Q2| =   1.232360  Q20  =  -1.214303  Q21c =  -0.106181  Q21s =  -0.058530
                   Q22c =   0.130879  Q22s =   0.111129

C          x = 11.252140  y =  2.396390  z = -0.090030 angstrom
           Maximum rank =  2   Radius =  0.650 angstrom
                   Q00  =  -0.039379
|Q1| =   0.068602  Q10  =   0.001158  Q11c =   0.010587  Q11s =  -0.067771
|Q2| =   1.222701  Q20  =  -1.207977  Q21c =  -0.090510  Q21s =  -0.053280
                   Q22c =  -0.049059  Q22s =   0.149503

C          x = 13.409060  y =  1.359010  z = -0.167960 angstrom
           Maximum rank =  2   Radius =  0.650 angstrom
                   Q00  =  -0.006993
|Q1| =   0.089715  Q10  =   0.003308  Q11c =  -0.082599  Q11s =   0.034860
|Q2| =   1.373980  Q20  =  -1.355480  Q21c =  -0.103860  Q21s =  -0.058497
                   Q22c =  -0.147738  Q22s =  -0.120252

H          x = 14.071380  y =  0.508440  z = -0.181370 angstrom
           Maximum rank =  1   Radius =  0.350 angstrom
                   Q00  =   0.097937
|Q1| =   0.078932  Q10  =   0.005672  Q11c =  -0.074974  Q11s =   0.024020

C          x = 13.972340  y =  2.628590  z = -0.223640 angstrom
           Maximum rank =  2   Radius =  0.650 angstrom
                   Q00  =  -0.297605
|Q1| =   0.615335  Q10  =   0.032164  Q11c =  -0.612351  Q11s =  -0.051278
|Q2| =   1.091820  Q20  =  -0.910943  Q21c =  -0.045305  Q21s =  -0.044094
                   Q22c =  -0.589269  Q22s =  -0.104969

Cl         x = 15.697730  y =  2.748240  z = -0.311330 angstrom
           Maximum rank =  2   Radius =  0.650 angstrom
                   Q00  =   0.294737
|Q1| =   0.812253  Q10  =   0.042338  Q11c =  -0.807569  Q11s =  -0.076116
|Q2| =   2.185784  Q20  =  -1.123597  Q21c =  -0.193510  Q21s =  -0.017701
                   Q22c =   1.842223  Q22s =   0.289198

C          x = 11.796200  y =  3.659510  z = -0.141790 angstrom
           Maximum rank =  2   Radius =  0.650 angstrom
                   Q00  =   0.008605
|Q1| =   0.100673  Q10  =   0.003060  Q11c =  -0.009644  Q11s =  -0.100163
|Q2| =   1.311875  Q20  =  -1.295002  Q21c =  -0.105031  Q21s =  -0.037272
                   Q22c =   0.072888  Q22s =  -0.162024

H          x = 11.159490  y =  4.534220  z = -0.130510 angstrom
           Maximum rank =  1   Radius =  0.350 angstrom
                   Q00  =   0.088666
|Q1| =   0.095497  Q10  =   0.000716  Q11c =   0.025654  Q11s =  -0.091984

C          x = 13.175540  y =  3.778350  z = -0.209600 angstrom
           Maximum rank =  2   Radius =  0.650 angstrom
                   Q00  =  -0.303387
|Q1| =   0.625902  Q10  =   0.024636  Q11c =  -0.256143  Q11s =  -0.570558
|Q2| =   1.072659  Q20  =  -0.908780  Q21c =  -0.083852  Q21s =  -0.005345
                   Q22c =   0.377317  Q22s =  -0.418674

Cl         x = 13.876540  y =  5.359330  z = -0.276710 angstrom
           Maximum rank =  2   Radius =  0.650 angstrom
                   Q00  =   0.289841
|Q1| =   0.815353  Q10  =   0.032284  Q11c =  -0.331705  Q11s =  -0.744131
|Q2| =   2.200186  Q20  =  -1.110916  Q21c =  -0.062166  Q21s =  -0.135345
                   Q22c =  -1.251349  Q22s =   1.420785

C          x = 11.563340  y = -1.233390  z =  0.036170 angstrom
           Maximum rank =  2   Radius =  0.650 angstrom
                   Q00  =  -0.015608
|Q1| =   0.027079  Q10  =   0.004684  Q11c =   0.012445  Q11s =  -0.023589
|Q2| =   1.295397  Q20  =  -1.279920  Q21c =  -0.072421  Q21s =  -0.138064
                   Q22c =  -0.104967  Q22s =  -0.067342

C          x = 12.944260  y = -1.592760  z =  0.011150 angstrom
           Maximum rank =  2   Radius =  0.650 angstrom
                   Q00  =   0.058515
|Q1| =   0.107005  Q10  =   0.005711  Q11c =  -0.106306  Q11s =  -0.010795
|Q2| =   1.207779  Q20  =  -0.716946  Q21c =  -0.042525  Q21s =  -0.005046
                   Q22c =   0.829270  Q22s =  -0.505170

N          x = 14.046450  y = -1.917450  z = -0.008250 angstrom
           Maximum rank =  2   Radius =  0.650 angstrom
                   Q00  =  -0.217038
|Q1| =   0.559980  Q10  =   0.012467  Q11c =  -0.545131  Q11s =   0.127493
|Q2| =   0.617845  Q20  =  -0.336623  Q21c =  -0.014233  Q21s =   0.001653
                   Q22c =   0.398867  Q22s =  -0.330329

C          x = 10.705100  y = -2.368510  z =  0.141050 angstrom
           Maximum rank =  2   Radius =  0.650 angstrom
                   Q00  =   0.058189
|Q1| =   0.100891  Q10  =  -0.001940  Q11c =   0.087819  Q11s =   0.049629
|Q2| =   1.202114  Q20  =  -0.715164  Q21c =  -0.089514  Q21s =  -0.128820
                   Q22c =  -0.261690  Q22s =   0.916804

N          x = 10.042790  y = -3.304290  z =  0.226370 angstrom
           Maximum rank =  2   Radius =  0.650 angstrom
                   Q00  =  -0.221860
|Q1| =   0.565313  Q10  =  -0.038805  Q11c =   0.355280  Q11s =   0.438006
|Q2| =   0.619501  Q20  =  -0.331531  Q21c =  -0.044529  Q21s =  -0.071641
                   Q22c =  -0.240041  Q22s =   0.457311

C          x =  2.629080  y = -2.524820  z =  1.192870 angstrom
           Maximum rank =  2   Radius =  0.650 angstrom
                   Q00  =  -0.063092
|Q1| =   0.078611  Q10  =   0.003477  Q11c =   0.053040  Q11s =   0.057917
|Q2| =   1.300434  Q20  =   0.529241  Q21c =  -0.399425  Q21s =  -0.546111
                   Q22c =  -0.118774  Q22s =  -0.969097

C          x =  3.615220  y = -3.510450  z =  1.186930 angstrom
           Maximum rank =  2   Radius =  0.650 angstrom
                   Q00  =  -0.053842
|Q1| =   0.103281  Q10  =   0.034688  Q11c =  -0.082726  Q11s =   0.051187
|Q2| =   1.485128  Q20  =   0.702045  Q21c =  -0.457881  Q21s =  -0.422995
                   Q22c =  -0.034987  Q22s =  -1.150188

H          x =  4.159970  y = -3.723730  z =  0.275300 angstrom
           Maximum rank =  1   Radius =  0.350 angstrom
                   Q00  =   0.078829
|Q1| =   0.100322  Q10  =   0.053270  Q11c =  -0.071360  Q11s =   0.046201

C          x =  3.903030  y = -4.238620  z =  2.329110 angstrom
           Maximum rank =  2   Radius =  0.650 angstrom
                   Q00  =  -0.030521
|Q1| =   0.076465  Q10  =   0.008392  Q11c =  -0.059920  Q11s =   0.046755
|Q2| =   1.414794  Q20  =   0.461641  Q21c =  -0.436515  Q21s =  -0.425498
                   Q22c =  -0.028335  Q22s =  -1.190013

H          x =  4.678170  y = -4.996400  z =  2.292830 angstrom
           Maximum rank =  1   Radius =  0.350 angstrom
                   Q00  =   0.052636
|Q1| =   0.112708  Q10  =   0.004054  Q11c =  -0.077736  Q11s =   0.081509

C          x =  3.217880  y = -4.013090  z =  3.520290 angstrom
           Maximum rank =  2   Radius =  0.650 angstrom
                   Q00  =  -0.074619
|Q1| =   0.121498  Q10  =  -0.099504  Q11c =  -0.021733  Q11s =   0.066246
|Q2| =   1.138591  Q20  =   0.474876  Q21c =  -0.321066  Q21s =  -0.418966
                   Q22c =  -0.032602  Q22s =  -0.889496

C          x =  2.240840  y = -3.024820  z =  3.525150 angstrom
           Maximum rank =  2   Radius =  0.650 angstrom
                   Q00  =  -0.031444
|Q1| =   0.074564  Q10  =  -0.058660  Q11c =   0.042101  Q11s =  -0.018609
|Q2| =   1.400755  Q20  =   0.590385  Q21c =  -0.523881  Q21s =  -0.377282
                   Q22c =   0.006442  Q22s =  -1.093949

H          x =  1.694060  y = -2.819300  z =  4.438980 angstrom
           Maximum rank =  1   Radius =  0.350 angstrom
                   Q00  =   0.046664
|Q1| =   0.116198  Q10  =  -0.098553  Q11c =   0.057822  Q11s =  -0.021116

C          x =  1.950380  y = -2.290610  z =  2.383640 angstrom
           Maximum rank =  2   Radius =  0.650 angstrom
                   Q00  =  -0.034483
|Q1| =   0.097142  Q10  =  -0.060272  Q11c =   0.071937  Q11s =  -0.025079
|Q2| =   1.464798  Q20  =   0.489662  Q21c =  -0.371138  Q21s =  -0.501118
                   Q22c =  -0.025613  Q22s =  -1.231399

H          x =  1.187200  y = -1.524550  z =  2.431240 angstrom
           Maximum rank =  1   Radius =  0.350 angstrom
                   Q00  =   0.076198
|Q1| =   0.099071  Q10  =  -0.059468  Q11c =   0.061320  Q11s =  -0.050185

C          x =  2.463980  y = -2.467090  z = -1.360890 angstrom
           Maximum rank =  2   Radius =  0.650 angstrom
                   Q00  =  -0.062324
|Q1| =   0.065450  Q10  =   0.000782  Q11c =  -0.054689  Q11s =   0.035948
|Q2| =   1.282407  Q20  =   0.560532  Q21c =  -0.505360  Q21s =   0.364645
                   Q22c =  -0.672443  Q22s =   0.699884

C          x =  3.036140  y = -1.938380  z = -2.511690 angstrom
           Maximum rank =  2   Radius =  0.650 angstrom
                   Q00  =  -0.037331
|Q1| =   0.101002  Q10  =   0.057499  Q11c =  -0.063973  Q11s =  -0.052941
|Q2| =   1.482135  Q20  =   0.547694  Q21c =  -0.471227  Q21s =   0.355101
                   Q22c =  -0.786301  Q22s =   0.964538

H          x =  3.495750  y = -0.958260  z = -2.485990 angstrom
           Maximum rank =  1   Radius =  0.350 angstrom
                   Q00  =   0.077888
|Q1| =   0.100174  Q10  =   0.054383  Q11c =  -0.040518  Q11s =  -0.073727

C          x =  3.024130  y = -2.647730  z = -3.705260 angstrom
           Maximum rank =  2   Radius =  0.650 angstrom
                   Q00  =  -0.031065
|Q1| =   0.076040  Q10  =   0.059351  Q11c =  -0.029403  Q11s =  -0.037351
|Q2| =   1.398891  Q20  =   0.599992  Q21c =  -0.579704  Q21s =   0.165690
                   Q22c =  -0.672130  Q22s =   0.884102

H          x =  3.481140  y = -2.209380  z = -4.585660 angstrom
           Maximum rank =  1   Radius =  0.350 angstrom
                   Q00  =   0.047734
|Q1| =   0.115843  Q10  =   0.095127  Q11c =  -0.047053  Q11s =  -0.046438

C          x =  2.440870  y = -3.905350  z = -3.791580 angstrom
           Maximum rank =  2   Radius =  0.650 angstrom
                   Q00  =  -0.075624
|Q1| =   0.122018  Q10  =   0.105056  Q11c =   0.002873  Q11s =   0.061996
|Q2| =   1.141147  Q20  =   0.502190  Q21c =  -0.410690  Q21s =   0.274546
                   Q22c =  -0.574773  Q22s =   0.689650

C          x =  1.863390  y = -4.430880  z = -2.637470 angstrom
           Maximum rank =  2   Radius =  0.650 angstrom
                   Q00  =  -0.031322
|Q1| =   0.075819  Q10  =  -0.005340  Q11c =   0.041530  Q11s =   0.063208
|Q2| =   1.406916  Q20  =   0.476052  Q21c =  -0.495738  Q21s =   0.255526
                   Q22c =  -0.762096  Q22s =   0.927872

H          x =  1.398510  y = -5.410420  z = -2.671930 angstrom
           Maximum rank =  1   Radius =  0.350 angstrom
                   Q00  =   0.048797
|Q1| =   0.115232  Q10  =   0.001702  Q11c =   0.050094  Q11s =   0.103760

C          x =  1.875700  y = -3.728700  z = -1.444700 angstrom
           Maximum rank =  2   Radius =  0.650 angstrom
                   Q00  =  -0.051510
|Q1| =   0.104974  Q10  =  -0.031587  Q11c =   0.061316  Q11s =   0.079133
|Q2| =   1.476613  Q20  =   0.723880  Q21c =  -0.496289  Q21s =   0.198980
                   Q22c =  -0.754488  Q22s =   0.895119

H          x =  1.434320  y = -4.176610  z = -0.562710 angstrom
           Maximum rank =  1   Radius =  0.350 angstrom
                   Q00  =   0.074443
|Q1| =   0.106002  Q10  =  -0.048892  Q11c =   0.061033  Q11s =   0.071561

C          x = -2.463970  y =  2.467090  z =  1.361030 angstrom
           Maximum rank =  2   Radius =  0.650 angstrom
                   Q00  =  -0.062729
|Q1| =   0.065637  Q10  =  -0.000669  Q11c =   0.054852  Q11s =  -0.036041
|Q2| =   1.283379  Q20  =   0.561032  Q21c =  -0.505680  Q21s =   0.365171
                   Q22c =  -0.672931  Q22s =   0.700290

C          x = -1.875650  y =  3.728690  z =  1.444850 angstrom
           Maximum rank =  2   Radius =  0.650 angstrom
                   Q00  =  -0.051812
|Q1| =   0.105048  Q10  =   0.031766  Q11c =  -0.061258  Q11s =  -0.079205
|Q2| =   1.477447  Q20  =   0.724279  Q21c =  -0.496594  Q21s =   0.199009
                   Q22c =  -0.754780  Q22s =   0.895749

H          x = -1.434250  y =  4.176590  z =  0.562860 angstrom
           Maximum rank =  1   Radius =  0.350 angstrom
                   Q00  =   0.074135
|Q1| =   0.106194  Q10  =   0.049083  Q11c =  -0.061114  Q11s =  -0.071646

C          x = -1.863360  y =  4.430870  z =  2.637620 angstrom
           Maximum rank =  2   Radius =  0.650 angstrom
                   Q00  =  -0.031243
|Q1| =   0.075781  Q10  =   0.005593  Q11c =  -0.041395  Q11s =  -0.063229
|Q2| =   1.406617  Q20  =   0.475975  Q21c =  -0.495388  Q21s =   0.255938
                   Q22c =  -0.761872  Q22s =   0.927716

H          x = -1.398460  y =  5.410400  z =  2.672080 angstrom
           Maximum rank =  1   Radius =  0.350 angstrom
                   Q00  =   0.048886
|Q1| =   0.115165  Q10  =  -0.001553  Q11c =  -0.050069  Q11s =  -0.103700

C          x = -2.440880  y =  3.905350  z =  3.791710 angstrom
           Maximum rank =  2   Radius =  0.650 angstrom
                   Q00  =  -0.075185
|Q1| =   0.122017  Q10  =  -0.104966  Q11c =  -0.002755  Q11s =  -0.062151
|Q2| =   1.139749  Q20  =   0.501541  Q21c =  -0.410281  Q21s =   0.273841
                   Q22c =  -0.573950  Q22s =   0.689019

C          x = -3.024180  y =  2.647770  z =  3.705380 angstrom
           Maximum rank =  2   Radius =  0.650 angstrom
                   Q00  =  -0.030715
|Q1| =   0.075865  Q10  =  -0.059111  Q11c =   0.029512  Q11s =   0.037288
|Q2| =   1.397518  Q20  =   0.599584  Q21c =  -0.579105  Q21s =   0.165569
                   Q22c =  -0.671352  Q22s =   0.883214

H          x = -3.481250  y =  2.209440  z =  4.585760 angstrom
           Maximum rank =  1   Radius =  0.350 angstrom
                   Q00  =   0.048179
|Q1| =   0.115453  Q10  =  -0.094763  Q11c =   0.046944  Q11s =   0.046320

C          x = -3.036180  y =  1.938400  z =  2.511800 angstrom
           Maximum rank =  2   Radius =  0.650 angstrom
                   Q00  =  -0.037312
|Q1| =   0.100905  Q10  =  -0.057272  Q11c =   0.064065  Q11s =   0.052891
|Q2| =   1.482074  Q20  =   0.547630  Q21c =  -0.471467  Q21s =   0.354673
                   Q22c =  -0.786126  Q22s =   0.964664

H          x = -3.495840  y =  0.958310  z =  2.486090 angstrom
           Maximum rank =  1   Radius =  0.350 angstrom
                   Q00  =   0.077901
|Q1| =   0.100079  Q10  =  -0.054255  Q11c =   0.040501  Q11s =   0.073701

C          x = -2.629060  y =  2.524840  z = -1.192730 angstrom
           Maximum rank =  2   Radius =  0.650 angstrom
                   Q00  =  -0.062712
|Q1| =   0.078401  Q10  =  -0.003345  Q11c =  -0.052908  Q11s =  -0.057761
|Q2| =   1.299511  Q20  =   0.528815  Q21c =  -0.399349  Q21s =  -0.545566
                   Q22c =  -0.118572  Q22s =  -0.968453

C          x = -3.615190  y =  3.510490  z = -1.186780 angstrom
           Maximum rank =  2   Radius =  0.650 angstrom
                   Q00  =  -0.053536
|Q1| =   0.103217  Q10  =  -0.034507  Q11c =   0.082789  Q11s =  -0.051079
|Q2| =   1.484313  Q20  =   0.701634  Q21c =  -0.457575  Q21s =  -0.422866
                   Q22c =  -0.035230  Q22s =  -1.149549

H          x = -4.159940  y =  3.723760  z = -0.275140 angstrom
           Maximum rank =  1   Radius =  0.350 angstrom
                   Q00  =   0.079144
|Q1| =   0.100129  Q10  =  -0.053075  Q11c =   0.071272  Q11s =  -0.046143

C          x = -3.903000  y =  4.238670  z = -2.328940 angstrom
           Maximum rank =  2   Radius =  0.650 angstrom
                   Q00  =  -0.030570
|Q1| =   0.076490  Q10  =  -0.008152  Q11c =   0.060034  Q11s =  -0.046693
|Q2| =   1.415034  Q20  =   0.461772  Q21c =  -0.436940  Q21s =  -0.425238
                   Q22c =  -0.028343  Q22s =  -1.190185

H          x = -4.678140  y =  4.996460  z = -2.292650 angstrom
           Maximum rank =  1   Radius =  0.350 angstrom
                   Q00  =   0.052599
|Q1| =   0.112737  Q10  =  -0.003921  Q11c =   0.077758  Q11s =  -0.081535

C          x = -3.217860  y =  4.013140  z = -3.520130 angstrom
           Maximum rank =  2   Radius =  0.650 angstrom
                   Q00  =  -0.075044
|Q1| =   0.121498  Q10  =   0.099607  Q11c =   0.021811  Q11s =  -0.066064
|Q2| =   1.139940  Q20  =   0.475413  Q21c =  -0.321243  Q21s =  -0.419763
                   Q22c =  -0.032805  Q22s =  -0.890489

C          x = -2.240820  y =  3.024870  z = -3.525000 angstrom
           Maximum rank =  2   Radius =  0.650 angstrom
                   Q00  =  -0.031814
|Q1| =   0.074754  Q10  =   0.058925  Q11c =  -0.042031  Q11s =   0.018692
|Q2| =   1.402139  Q20  =   0.590741  Q21c =  -0.524464  Q21s =  -0.377633
                   Q22c =   0.006501  Q22s =  -1.095129

H          x = -1.694040  y =  2.819360  z = -4.438840 angstrom
           Maximum rank =  1   Radius =  0.350 angstrom
                   Q00  =   0.046202
|Q1| =   0.116602  Q10  =   0.098937  Q11c =  -0.057963  Q11s =   0.021162

C          x = -1.950360  y =  2.290650  z = -2.383500 angstrom
           Maximum rank =  2   Radius =  0.650 angstrom
                   Q00  =  -0.034532
|Q1| =   0.097246  Q10  =   0.060499  Q11c =  -0.071859  Q11s =   0.025156
|Q2| =   1.464950  Q20  =   0.489620  Q21c =  -0.370848  Q21s =  -0.501524
                   Q22c =  -0.025731  Q22s =  -1.231518

H          x = -1.187190  y =  1.524580  z = -2.431110 angstrom
           Maximum rank =  1   Radius =  0.350 angstrom
                   Q00  =   0.076162
|Q1| =   0.099181  Q10  =   0.059602  Q11c =  -0.061353  Q11s =   0.050203

C          x =  3.513950  y = -4.828020  z =  4.749830 angstrom
           Maximum rank =  2   Radius =  0.650 angstrom
                   Q00  =   0.023541
|Q1| =   0.022839  Q10  =  -0.014328  Q11c =  -0.001992  Q11s =   0.017674
|Q2| =   0.105724  Q20  =   0.065841  Q21c =   0.024657  Q21s =  -0.071999
                   Q22c =  -0.008188  Q22s =  -0.031361

H          x =  3.005610  y = -5.795540  z =  4.709350 angstrom
           Maximum rank =  1   Radius =  0.350 angstrom
                   Q00  =   0.032087
|Q1| =   0.123109  Q10  =  -0.036226  Q11c =   0.036362  Q11s =   0.111898

H          x =  3.180070  y = -4.317780  z =  5.654210 angstrom
           Maximum rank =  1   Radius =  0.350 angstrom
                   Q00  =   0.025270
|Q1| =   0.124301  Q10  =  -0.121070  Q11c =   0.020430  Q11s =  -0.019371

H          x =  4.583070  y = -5.025060  z =  4.846400 angstrom
           Maximum rank =  1   Radius =  0.350 angstrom
                   Q00  =   0.029479
|Q1| =   0.122376  Q10  =  -0.049785  Q11c =  -0.102948  Q11s =   0.043578

C          x =  2.453490  y = -4.688910  z = -5.075870 angstrom
           Maximum rank =  2   Radius =  0.650 angstrom
                   Q00  =   0.023354
|Q1| =   0.022608  Q10  =   0.015198  Q11c =  -0.001588  Q11s =   0.016663
|Q2| =   0.106258  Q20  =   0.074236  Q21c =   0.002016  Q21s =   0.070988
                   Q22c =  -0.019957  Q22s =   0.018390

H          x =  3.246230  y = -5.442160  z = -5.065870 angstrom
           Maximum rank =  1   Radius =  0.350 angstrom
                   Q00  =   0.033247
|Q1| =   0.122308  Q10  =   0.041046  Q11c =  -0.069883  Q11s =   0.091601

H          x =  2.626200  y = -4.039930  z = -5.935250 angstrom
           Maximum rank =  1   Radius =  0.350 angstrom
                   Q00  =   0.025057
|Q1| =   0.124537  Q10  =   0.119142  Q11c =  -0.015093  Q11s =  -0.032967

H          x =  1.508100  y = -5.212190  z = -5.230630 angstrom
           Maximum rank =  1   Radius =  0.350 angstrom
                   Q00  =   0.027331
|Q1| =   0.124189  Q10  =   0.056261  Q11c =   0.084288  Q11s =   0.071786

C          x = -2.453390  y =  4.688910  z =  5.076010 angstrom
           Maximum rank =  2   Radius =  0.650 angstrom
                   Q00  =   0.023379
|Q1| =   0.022385  Q10  =  -0.014875  Q11c =   0.001551  Q11s =  -0.016656
|Q2| =   0.107311  Q20  =   0.074888  Q21c =   0.001951  Q21s =   0.071953
                   Q22c =  -0.019921  Q22s =   0.018155

H          x = -3.244580  y =  5.443780  z =  5.065120 angstrom
           Maximum rank =  1   Radius =  0.350 angstrom
                   Q00  =   0.033471
|Q1| =   0.122072  Q10  =  -0.040753  Q11c =   0.069647  Q11s =  -0.091597

H          x = -1.507110  y =  5.210270  z =  5.231850 angstrom
           Maximum rank =  1   Radius =  0.350 angstrom
                   Q00  =   0.027611
|Q1| =   0.123909  Q10  =  -0.056120  Q11c =  -0.084226  Q11s =  -0.071484

H          x = -2.628370  y =  4.040260  z =  5.935180 angstrom
           Maximum rank =  1   Radius =  0.350 angstrom
                   Q00  =   0.025531
|Q1| =   0.124062  Q10  =  -0.118659  Q11c =   0.015252  Q11s =   0.032847

C          x = -3.513940  y =  4.828080  z = -4.749660 angstrom
           Maximum rank =  2   Radius =  0.650 angstrom
                   Q00  =   0.023513
|Q1| =   0.023059  Q10  =   0.014623  Q11c =   0.002028  Q11s =  -0.017714
|Q2| =   0.104727  Q20  =   0.065396  Q21c =   0.024252  Q21s =  -0.071058
                   Q22c =  -0.008066  Q22s =  -0.031445

H          x = -3.179750  y =  4.318020  z = -5.654020 angstrom
           Maximum rank =  1   Radius =  0.350 angstrom
                   Q00  =   0.024770
|Q1| =   0.124781  Q10  =   0.121541  Q11c =  -0.020516  Q11s =   0.019417

H          x = -3.005900  y =  5.795750  z = -4.709010 angstrom
           Maximum rank =  1   Radius =  0.350 angstrom
                   Q00  =   0.031876
|Q1| =   0.123327  Q10  =   0.036419  Q11c =  -0.036379  Q11s =  -0.112070

H          x = -4.583110  y =  5.024820  z = -4.846410 angstrom
           Maximum rank =  1   Radius =  0.350 angstrom
                   Q00  =   0.029253
|Q1| =   0.122625  Q10  =   0.050024  Q11c =   0.103109  Q11s =  -0.043624

Total multipoles referred to origin at
           x =   0.000000,  y =    0.000000,  z =    0.000000 angstrom
                   Q00  =   0.000004
|Q1| =   0.063061  Q10  =   0.062926  Q11c =  -0.003817  Q11s =  -0.001565
|Q2| = 245.482611  Q20  = 135.110419  Q21c =  -8.819410  Q21s =   2.622125
                   Q22c =-196.446928  Q22s =  57.713375

CPU time used:     68m 3.980s          Total:     68m 3.980s

Finished at 17:49:23 on 28 Jun 2021 
