                                     G D M A

                                 by Anthony Stone

                         version 2.2.11, 04 February 2015

               Distributed Multipoles from Gaussian wavefunctions


Starting at 15:58:49 on 28 Jun 2021 

s1S0



Using CI density matrix from file sN_x.fchk


                         Distributed Multipole Analysis

Standard DMA for products of primitives with exponent greater than 4.00000
Using 80-point Euler-MacLaurin radial quadrature
Using 590-point Lebedev quadrature
Becke smoothing parameter = 3

Positions and radii in angstrom
Multipole moments in atomic units, ea_0^k for rank k

C          x = -8.619890  y =  0.207130  z =  0.014550 angstrom
           Maximum rank =  2   Radius =  0.650 angstrom
                   Q00  =   0.016574
|Q1| =   0.043061  Q10  =   0.000168  Q11c =  -0.036821  Q11s =  -0.022326
|Q2| =   1.353675  Q20  =  -1.348140  Q21c =  -0.005519  Q21s =   0.023330
                   Q22c =   0.119467  Q22s =  -0.010445

H          x = -8.796940  y =  1.274390  z =  0.039340 angstrom
           Maximum rank =  1   Radius =  0.350 angstrom
                   Q00  =   0.091403
|Q1| =   0.068920  Q10  =  -0.008583  Q11c =  -0.025830  Q11s =  -0.063318

C          x = -9.747240  y = -0.566690  z =  0.007830 angstrom
           Maximum rank =  2   Radius =  0.650 angstrom
                   Q00  =  -0.055520
|Q1| =   0.059303  Q10  =   0.004339  Q11c =  -0.041443  Q11s =  -0.042195
|Q2| =   1.316344  Q20  =  -1.295559  Q21c =  -0.018470  Q21s =  -0.012375
                   Q22c =   0.120934  Q22s =   0.197910

C          x =-11.128620  y = -0.059370  z =  0.025110 angstrom
           Maximum rank =  2   Radius =  0.650 angstrom
                   Q00  =   0.031768
|Q1| =   0.044181  Q10  =  -0.001651  Q11c =  -0.009168  Q11s =  -0.043188
|Q2| =   1.157651  Q20  =  -1.118324  Q21c =  -0.037430  Q21s =  -0.098857
                   Q22c =  -0.218304  Q22s =  -0.175145

C          x = -9.816180  y = -2.046840  z =  0.022160 angstrom
           Maximum rank =  2   Radius =  0.650 angstrom
                   Q00  =   0.196463
|Q1| =   0.031992  Q10  =   0.000067  Q11c =   0.021170  Q11s =  -0.023986
|Q2| =   0.754948  Q20  =  -0.712085  Q21c =  -0.048593  Q21s =  -0.000676
                   Q22c =   0.059860  Q22s =  -0.238612

O          x = -8.915000  y = -2.855110  z = -0.007690 angstrom
           Maximum rank =  2   Radius =  0.650 angstrom
                   Q00  =  -0.386280
|Q1| =   0.488867  Q10  =   0.011199  Q11c =  -0.370724  Q11s =   0.318479
|Q2| =   0.928726  Q20  =  -0.204573  Q21c =  -0.008478  Q21s =   0.039314
                   Q22c =   0.118527  Q22s =  -0.897226

C          x =-12.026940  y = -1.240730  z =  0.099600 angstrom
           Maximum rank =  2   Radius =  0.650 angstrom
                   Q00  =  -0.020140
|Q1| =   0.080711  Q10  =  -0.003833  Q11c =   0.067484  Q11s =  -0.044108
|Q2| =   1.232802  Q20  =  -1.214717  Q21c =  -0.106270  Q21s =  -0.058582
                   Q22c =   0.130766  Q22s =   0.111523

C          x =-11.252110  y = -2.396390  z =  0.090120 angstrom
           Maximum rank =  2   Radius =  0.650 angstrom
                   Q00  =  -0.039420
|Q1| =   0.068377  Q10  =  -0.000884  Q11c =  -0.010758  Q11s =   0.067520
|Q2| =   1.222758  Q20  =  -1.208045  Q21c =  -0.090504  Q21s =  -0.053374
                   Q22c =  -0.048880  Q22s =   0.149453

C          x =-13.409030  y = -1.359010  z =  0.168040 angstrom
           Maximum rank =  2   Radius =  0.650 angstrom
                   Q00  =  -0.006307
|Q1| =   0.089531  Q10  =  -0.002972  Q11c =   0.082440  Q11s =  -0.034794
|Q2| =   1.371581  Q20  =  -1.353095  Q21c =  -0.103821  Q21s =  -0.058313
                   Q22c =  -0.147193  Q22s =  -0.120508

H          x =-14.071360  y = -0.508450  z =  0.181440 angstrom
           Maximum rank =  1   Radius =  0.350 angstrom
                   Q00  =   0.098209
|Q1| =   0.078686  Q10  =  -0.005602  Q11c =   0.074736  Q11s =  -0.023970

C          x =-13.972310  y = -2.628600  z =  0.223750 angstrom
           Maximum rank =  2   Radius =  0.650 angstrom
                   Q00  =  -0.297167
|Q1| =   0.615484  Q10  =  -0.031849  Q11c =   0.612530  Q11s =   0.051119
|Q2| =   1.090553  Q20  =  -0.908968  Q21c =  -0.045264  Q21s =  -0.044058
                   Q22c =  -0.589962  Q22s =  -0.105061

Cl         x =-15.697700  y = -2.748250  z =  0.311460 angstrom
           Maximum rank =  2   Radius =  0.650 angstrom
                   Q00  =   0.296257
|Q1| =   0.810034  Q10  =  -0.041802  Q11c =   0.805386  Q11s =   0.075903
|Q2| =   2.185890  Q20  =  -1.123217  Q21c =  -0.193728  Q21s =  -0.017680
                   Q22c =   1.842548  Q22s =   0.289262

C          x =-11.796170  y = -3.659510  z =  0.141910 angstrom
           Maximum rank =  2   Radius =  0.650 angstrom
                   Q00  =   0.008979
|Q1| =   0.100646  Q10  =  -0.002745  Q11c =   0.009749  Q11s =   0.100135
|Q2| =   1.310444  Q20  =  -1.293591  Q21c =  -0.104838  Q21s =  -0.037439
                   Q22c =   0.072576  Q22s =  -0.161949

H          x =-11.159450  y = -4.534210  z =  0.130650 angstrom
           Maximum rank =  1   Radius =  0.350 angstrom
                   Q00  =   0.088854
|Q1| =   0.095322  Q10  =  -0.000658  Q11c =  -0.025640  Q11s =   0.091807

C          x =-13.175510  y = -3.778350  z =  0.209730 angstrom
           Maximum rank =  2   Radius =  0.650 angstrom
                   Q00  =  -0.302724
|Q1| =   0.625940  Q10  =  -0.024324  Q11c =   0.255928  Q11s =   0.570710
|Q2| =   1.070953  Q20  =  -0.906436  Q21c =  -0.083720  Q21s =  -0.005405
                   Q22c =   0.377767  Q22s =  -0.419007

Cl         x =-13.876490  y = -5.359340  z =  0.276880 angstrom
           Maximum rank =  2   Radius =  0.650 angstrom
                   Q00  =   0.291144
|Q1| =   0.813573  Q10  =  -0.031793  Q11c =   0.330683  Q11s =   0.742657
|Q2| =   2.200032  Q20  =  -1.110327  Q21c =  -0.062226  Q21s =  -0.135601
                   Q22c =  -1.251310  Q22s =   1.421013

C          x =-11.563330  y =  1.233380  z = -0.036180 angstrom
           Maximum rank =  2   Radius =  0.650 angstrom
                   Q00  =  -0.014451
|Q1| =   0.027783  Q10  =  -0.004410  Q11c =  -0.012793  Q11s =   0.024265
|Q2| =   1.291795  Q20  =  -1.276314  Q21c =  -0.072204  Q21s =  -0.137740
                   Q22c =  -0.105148  Q22s =  -0.067182

C          x =-12.944250  y =  1.592750  z = -0.011160 angstrom
           Maximum rank =  2   Radius =  0.650 angstrom
                   Q00  =   0.058677
|Q1| =   0.107314  Q10  =  -0.005396  Q11c =   0.106631  Q11s =   0.010822
|Q2| =   1.207208  Q20  =  -0.715925  Q21c =  -0.042485  Q21s =  -0.004964
                   Q22c =   0.829366  Q22s =  -0.505098

N          x =-14.046440  y =  1.917430  z =  0.008220 angstrom
           Maximum rank =  2   Radius =  0.650 angstrom
                   Q00  =  -0.214891
|Q1| =   0.558721  Q10  =  -0.012090  Q11c =   0.543934  Q11s =  -0.127117
|Q2| =   0.616690  Q20  =  -0.335242  Q21c =  -0.014343  Q21s =   0.001818
                   Q22c =   0.398516  Q22s =  -0.329993

C          x =-10.705090  y =  2.368510  z = -0.141110 angstrom
           Maximum rank =  2   Radius =  0.650 angstrom
                   Q00  =   0.058566
|Q1| =   0.101307  Q10  =   0.002274  Q11c =  -0.088351  Q11s =  -0.049518
|Q2| =   1.201107  Q20  =  -0.714037  Q21c =  -0.089409  Q21s =  -0.128745
                   Q22c =  -0.261535  Q22s =   0.916428

N          x =-10.042790  y =  3.304280  z = -0.226460 angstrom
           Maximum rank =  2   Radius =  0.650 angstrom
                   Q00  =  -0.220658
|Q1| =   0.564720  Q10  =   0.039097  Q11c =  -0.355292  Q11s =  -0.437204
|Q2| =   0.618669  Q20  =  -0.330399  Q21c =  -0.044363  Q21s =  -0.071350
                   Q22c =  -0.240184  Q22s =   0.456991

C          x = -7.230150  y = -0.091350  z =  0.003680 angstrom
           Maximum rank =  2   Radius =  0.650 angstrom
                   Q00  =  -0.300326
|Q1| =   0.458016  Q10  =  -0.022859  Q11c =  -0.209049  Q11s =  -0.406884
|Q2| =   1.429052  Q20  =  -1.177616  Q21c =  -0.037812  Q21s =   0.054409
                   Q22c =   0.525007  Q22s =  -0.612687

S          x = -6.155720  y =  1.315920  z =  0.056520 angstrom
           Maximum rank =  2   Radius =  0.650 angstrom
                   Q00  =   0.718206
|Q1| =   1.080459  Q10  =  -0.059053  Q11c =   0.222790  Q11s =  -1.055590
|Q2| =   2.308976  Q20  =  -2.108896  Q21c =  -0.049243  Q21s =   0.057848
                   Q22c =   0.899012  Q22s =   0.264451

C          x = -6.508950  y = -1.272770  z = -0.055140 angstrom
           Maximum rank =  2   Radius =  0.650 angstrom
                   Q00  =  -0.014530
|Q1| =   0.078587  Q10  =   0.002709  Q11c =  -0.011624  Q11s =   0.077675
|Q2| =   1.380163  Q20  =  -1.339357  Q21c =  -0.007436  Q21s =   0.097301
                   Q22c =   0.023807  Q22s =   0.317624

H          x = -6.992470  y = -2.235210  z = -0.096630 angstrom
           Maximum rank =  1   Radius =  0.350 angstrom
                   Q00  =   0.122909
|Q1| =   0.070226  Q10  =   0.006565  Q11c =  -0.034266  Q11s =   0.060946

C          x = -5.133160  y = -1.038140  z = -0.051620 angstrom
           Maximum rank =  2   Radius =  0.650 angstrom
                   Q00  =  -0.337784
|Q1| =   0.541640  Q10  =   0.016707  Q11c =  -0.306659  Q11s =   0.446155
|Q2| =   1.340691  Q20  =  -1.169384  Q21c =   0.013938  Q21s =   0.070304
                   Q22c =   0.352608  Q22s =   0.548201

C          x = -4.769530  y =  0.310680  z =  0.006430 angstrom
           Maximum rank =  2   Radius =  0.650 angstrom
                   Q00  =  -0.344584
|Q1| =   0.546696  Q10  =  -0.045707  Q11c =   0.372810  Q11s =  -0.397241
|Q2| =   1.416479  Q20  =  -1.268571  Q21c =   0.021747  Q21s =   0.054157
                   Q22c =   0.308948  Q22s =   0.546155

S          x = -3.738380  y = -2.090010  z = -0.102980 angstrom
           Maximum rank =  2   Radius =  0.650 angstrom
                   Q00  =   0.730866
|Q1| =   1.123778  Q10  =   0.052226  Q11c =  -0.151712  Q11s =   1.112265
|Q2| =   2.282507  Q20  =  -2.100991  Q21c =   0.014400  Q21s =   0.132235
                   Q22c =   0.831788  Q22s =   0.293442

C          x = -3.370090  y =  0.496040  z =  0.024260 angstrom
           Maximum rank =  2   Radius =  0.650 angstrom
                   Q00  =  -0.064582
|Q1| =   0.097245  Q10  =  -0.053159  Q11c =   0.075392  Q11s =  -0.030767
|Q2| =   1.261211  Q20  =  -1.234804  Q21c =   0.010059  Q21s =   0.060636
                   Q22c =   0.123702  Q22s =   0.216410

C          x = -2.710210  y = -0.699730  z = -0.032950 angstrom
           Maximum rank =  2   Radius =  0.650 angstrom
                   Q00  =  -0.323377
|Q1| =   0.619844  Q10  =   0.015274  Q11c =   0.228609  Q11s =   0.575944
|Q2| =   1.360954  Q20  =  -1.230077  Q21c =  -0.008579  Q21s =   0.067957
                   Q22c =   0.505038  Q22s =  -0.281692

C          x = -1.275130  y = -0.496210  z = -0.026170 angstrom
           Maximum rank =  2   Radius =  0.650 angstrom
                   Q00  =  -0.023785
|Q1| =   0.120898  Q10  =   0.011249  Q11c =   0.008734  Q11s =   0.120056
|Q2| =   1.277120  Q20  =  -1.235117  Q21c =  -0.005209  Q21s =   0.081812
                   Q22c =   0.170473  Q22s =  -0.264082

C          x = -1.063060  y =  0.893820  z =  0.022650 angstrom
           Maximum rank =  2   Radius =  0.650 angstrom
                   Q00  =  -0.035897
|Q1| =   0.088735  Q10  =   0.040516  Q11c =  -0.049334  Q11s =  -0.061632
|Q2| =   1.233766  Q20  =  -1.219622  Q21c =   0.001921  Q21s =   0.091452
                   Q22c =   0.162111  Q22s =  -0.007335

C          x = -2.395000  y =  1.662040  z =  0.056750 angstrom
           Maximum rank =  2   Radius =  0.650 angstrom
                   Q00  =  -0.006750
|Q1| =   0.063341  Q10  =  -0.001098  Q11c =   0.000655  Q11s =  -0.063328
|Q2| =   0.176662  Q20  =   0.003219  Q21c =   0.082710  Q21s =   0.023372
                   Q22c =  -0.145269  Q22s =  -0.052047

C          x =  0.218990  y =  1.402190  z =  0.052840 angstrom
           Maximum rank =  2   Radius =  0.650 angstrom
                   Q00  =  -0.013658
|Q1| =   0.104838  Q10  =   0.022674  Q11c =  -0.016929  Q11s =  -0.100947
|Q2| =   1.437084  Q20  =  -1.430998  Q21c =  -0.004879  Q21s =   0.126263
                   Q22c =   0.005714  Q22s =  -0.038145

H          x =  0.399790  y =  2.469200  z =  0.095880 angstrom
           Maximum rank =  1   Radius =  0.350 angstrom
                   Q00  =   0.084714
|Q1| =   0.102959  Q10  =   0.001178  Q11c =  -0.038486  Q11s =  -0.095489

C          x =  1.275150  y =  0.496220  z =  0.026300 angstrom
           Maximum rank =  2   Radius =  0.650 angstrom
                   Q00  =  -0.024119
|Q1| =   0.121056  Q10  =  -0.011264  Q11c =  -0.009484  Q11s =  -0.120157
|Q2| =   1.277870  Q20  =  -1.235902  Q21c =  -0.005241  Q21s =   0.081848
                   Q22c =   0.170398  Q22s =  -0.264075

C          x = -0.218970  y = -1.402180  z = -0.052720 angstrom
           Maximum rank =  2   Radius =  0.650 angstrom
                   Q00  =  -0.013889
|Q1| =   0.104777  Q10  =  -0.022685  Q11c =   0.017053  Q11s =   0.100861
|Q2| =   1.437628  Q20  =  -1.431549  Q21c =  -0.004858  Q21s =   0.126296
                   Q22c =   0.005761  Q22s =  -0.037862

H          x = -0.399770  y = -2.469180  z = -0.095760 angstrom
           Maximum rank =  1   Radius =  0.350 angstrom
                   Q00  =   0.084697
|Q1| =   0.102942  Q10  =  -0.001180  Q11c =   0.038435  Q11s =   0.095491

C          x =  1.063080  y = -0.893810  z = -0.022520 angstrom
           Maximum rank =  2   Radius =  0.650 angstrom
                   Q00  =  -0.035727
|Q1| =   0.088748  Q10  =  -0.040549  Q11c =   0.049186  Q11s =   0.061748
|Q2| =   1.233288  Q20  =  -1.219143  Q21c =   0.001903  Q21s =   0.091460
                   Q22c =   0.162059  Q22s =  -0.007627

C          x =  2.395020  y = -1.662030  z = -0.056620 angstrom
           Maximum rank =  2   Radius =  0.650 angstrom
                   Q00  =  -0.006743
|Q1| =   0.063306  Q10  =   0.001099  Q11c =  -0.000605  Q11s =   0.063294
|Q2| =   0.176618  Q20  =   0.003257  Q21c =   0.082713  Q21s =   0.023355
                   Q22c =  -0.145255  Q22s =  -0.051936

C          x =  2.710230  y =  0.699740  z =  0.033070 angstrom
           Maximum rank =  2   Radius =  0.650 angstrom
                   Q00  =  -0.323141
|Q1| =   0.619984  Q10  =  -0.015327  Q11c =  -0.227772  Q11s =  -0.576424
|Q2| =   1.360414  Q20  =  -1.229568  Q21c =  -0.008630  Q21s =   0.067956
                   Q22c =   0.504671  Q22s =  -0.281966

C          x =  3.370110  y = -0.496020  z = -0.024140 angstrom
           Maximum rank =  2   Radius =  0.650 angstrom
                   Q00  =  -0.064147
|Q1| =   0.098184  Q10  =   0.053123  Q11c =  -0.076441  Q11s =   0.031223
|Q2| =   1.260184  Q20  =  -1.233857  Q21c =   0.009993  Q21s =   0.060566
                   Q22c =   0.123107  Q22s =   0.216188

S          x =  3.738400  y =  2.090020  z =  0.103080 angstrom
           Maximum rank =  2   Radius =  0.650 angstrom
                   Q00  =   0.730276
|Q1| =   1.124420  Q10  =  -0.052251  Q11c =   0.151827  Q11s =  -1.112897
|Q2| =   2.284608  Q20  =  -2.102849  Q21c =   0.014427  Q21s =   0.132302
                   Q22c =   0.832885  Q22s =   0.293338

C          x =  4.769550  y = -0.310670  z = -0.006330 angstrom
           Maximum rank =  2   Radius =  0.650 angstrom
                   Q00  =  -0.345401
|Q1| =   0.546202  Q10  =   0.045682  Q11c =  -0.371798  Q11s =   0.397513
|Q2| =   1.418046  Q20  =  -1.270298  Q21c =   0.021790  Q21s =   0.054314
                   Q22c =   0.308770  Q22s =   0.546289

S          x =  6.155740  y = -1.315910  z = -0.056420 angstrom
           Maximum rank =  2   Radius =  0.650 angstrom
                   Q00  =   0.716378
|Q1| =   1.082147  Q10  =   0.059168  Q11c =  -0.223009  Q11s =   1.057265
|Q2| =   2.315925  Q20  =  -2.115475  Q21c =  -0.049411  Q21s =   0.057860
                   Q22c =   0.901262  Q22s =   0.264974

C          x =  5.133180  y =  1.038150  z =  0.051720 angstrom
           Maximum rank =  2   Radius =  0.650 angstrom
                   Q00  =  -0.337069
|Q1| =   0.541480  Q10  =  -0.016726  Q11c =   0.305898  Q11s =  -0.446484
|Q2| =   1.338659  Q20  =  -1.167596  Q21c =   0.013889  Q21s =   0.070207
                   Q22c =   0.352055  Q22s =   0.547416

C          x =  6.508970  y =  1.272780  z =  0.055220 angstrom
           Maximum rank =  2   Radius =  0.650 angstrom
                   Q00  =  -0.016613
|Q1| =   0.079720  Q10  =  -0.002783  Q11c =   0.012586  Q11s =  -0.078671
|Q2| =   1.386333  Q20  =  -1.345671  Q21c =  -0.007609  Q21s =   0.097766
                   Q22c =   0.024532  Q22s =   0.317603

H          x =  6.992480  y =  2.235220  z =  0.096700 angstrom
           Maximum rank =  1   Radius =  0.350 angstrom
                   Q00  =   0.122451
|Q1| =   0.070490  Q10  =  -0.006592  Q11c =   0.034333  Q11s =  -0.061210

C          x =  7.230170  y =  0.091360  z = -0.003610 angstrom
           Maximum rank =  2   Radius =  0.650 angstrom
                   Q00  =  -0.298957
|Q1| =   0.458015  Q10  =   0.022878  Q11c =   0.207857  Q11s =   0.407492
|Q2| =   1.426139  Q20  =  -1.174945  Q21c =  -0.037775  Q21s =   0.054196
                   Q22c =   0.523725  Q22s =  -0.612148

C          x =  8.619910  y = -0.207120  z = -0.014490 angstrom
           Maximum rank =  2   Radius =  0.650 angstrom
                   Q00  =   0.012588
|Q1| =   0.045099  Q10  =  -0.000115  Q11c =   0.038505  Q11s =   0.023479
|Q2| =   1.365572  Q20  =  -1.359988  Q21c =  -0.005554  Q21s =   0.023710
                   Q22c =   0.120507  Q22s =  -0.010229

H          x =  8.796950  y = -1.274380  z = -0.039290 angstrom
           Maximum rank =  1   Radius =  0.350 angstrom
                   Q00  =   0.090754
|Q1| =   0.069168  Q10  =   0.008650  Q11c =   0.025875  Q11s =   0.063560

C          x =  9.747260  y =  0.566700  z = -0.007780 angstrom
           Maximum rank =  2   Radius =  0.650 angstrom
                   Q00  =  -0.055706
|Q1| =   0.057240  Q10  =  -0.004338  Q11c =   0.039383  Q11s =   0.041310
|Q2| =   1.318272  Q20  =  -1.297658  Q21c =  -0.018648  Q21s =  -0.012454
                   Q22c =   0.119825  Q22s =   0.197645

C          x = 11.128640  y =  0.059370  z = -0.025070 angstrom
           Maximum rank =  2   Radius =  0.650 angstrom
                   Q00  =   0.029415
|Q1| =   0.042971  Q10  =   0.001644  Q11c =   0.010328  Q11s =   0.041679
|Q2| =   1.164544  Q20  =  -1.125559  Q21c =  -0.037734  Q21s =  -0.099405
                   Q22c =  -0.218481  Q22s =  -0.173895

C          x =  9.816210  y =  2.046840  z = -0.022090 angstrom
           Maximum rank =  2   Radius =  0.650 angstrom
                   Q00  =   0.195961
|Q1| =   0.032395  Q10  =  -0.000095  Q11c =  -0.021131  Q11s =   0.024554
|Q2| =   0.756487  Q20  =  -0.713771  Q21c =  -0.048759  Q21s =  -0.000706
                   Q22c =   0.060688  Q22s =  -0.238209

O          x =  8.915030  y =  2.855120  z =  0.007770 angstrom
           Maximum rank =  2   Radius =  0.650 angstrom
                   Q00  =  -0.387060
|Q1| =   0.489335  Q10  =  -0.011229  Q11c =   0.370658  Q11s =  -0.319273
|Q2| =   0.929140  Q20  =  -0.204971  Q21c =  -0.008558  Q21s =   0.039271
                   Q22c =   0.118862  Q22s =  -0.897521

C          x = 12.026970  y =  1.240730  z = -0.099530 angstrom
           Maximum rank =  2   Radius =  0.650 angstrom
                   Q00  =  -0.019663
|Q1| =   0.080823  Q10  =   0.003804  Q11c =  -0.067565  Q11s =   0.044193
|Q2| =   1.231948  Q20  =  -1.213916  Q21c =  -0.106172  Q21s =  -0.058468
                   Q22c =   0.130962  Q22s =   0.110730

C          x = 11.252140  y =  2.396390  z = -0.090030 angstrom
           Maximum rank =  2   Radius =  0.650 angstrom
                   Q00  =  -0.039363
|Q1| =   0.068838  Q10  =   0.000881  Q11c =   0.010406  Q11s =  -0.068041
|Q2| =   1.222715  Q20  =  -1.207977  Q21c =  -0.090502  Q21s =  -0.053326
                   Q22c =  -0.049212  Q22s =   0.149551

C          x = 13.409060  y =  1.359010  z = -0.167960 angstrom
           Maximum rank =  2   Radius =  0.650 angstrom
                   Q00  =  -0.007679
|Q1| =   0.089897  Q10  =   0.002970  Q11c =  -0.082790  Q11s =   0.034906
|Q2| =   1.376376  Q20  =  -1.357848  Q21c =  -0.104177  Q21s =  -0.058518
                   Q22c =  -0.148263  Q22s =  -0.120009

H          x = 14.071380  y =  0.508440  z = -0.181370 angstrom
           Maximum rank =  1   Radius =  0.350 angstrom
                   Q00  =   0.097673
|Q1| =   0.079164  Q10  =   0.005627  Q11c =  -0.075208  Q11s =   0.024063

C          x = 13.972340  y =  2.628590  z = -0.223640 angstrom
           Maximum rank =  2   Radius =  0.650 angstrom
                   Q00  =  -0.298019
|Q1| =   0.615192  Q10  =   0.031809  Q11c =  -0.612212  Q11s =  -0.051438
|Q2| =   1.093024  Q20  =  -0.912796  Q21c =  -0.045670  Q21s =  -0.044143
                   Q22c =  -0.588615  Q22s =  -0.104898

Cl         x = 15.697730  y =  2.748240  z = -0.311330 angstrom
           Maximum rank =  2   Radius =  0.650 angstrom
                   Q00  =   0.293295
|Q1| =   0.814355  Q10  =   0.041976  Q11c =  -0.809683  Q11s =  -0.076328
|Q2| =   2.185680  Q20  =  -1.123914  Q21c =  -0.193726  Q21s =  -0.017716
                   Q22c =   1.841893  Q22s =   0.289135

C          x = 11.796200  y =  3.659510  z = -0.141790 angstrom
           Maximum rank =  2   Radius =  0.650 angstrom
                   Q00  =   0.008231
|Q1| =   0.100692  Q10  =   0.002703  Q11c =  -0.009561  Q11s =  -0.100201
|Q2| =   1.313312  Q20  =  -1.296417  Q21c =  -0.105083  Q21s =  -0.037487
                   Q22c =   0.073209  Q22s =  -0.162121

H          x = 11.159490  y =  4.534220  z = -0.130510 angstrom
           Maximum rank =  1   Radius =  0.350 angstrom
                   Q00  =   0.088473
|Q1| =   0.095673  Q10  =   0.000652  Q11c =   0.025667  Q11s =  -0.092163

C          x = 13.175540  y =  3.778350  z = -0.209600 angstrom
           Maximum rank =  2   Radius =  0.650 angstrom
                   Q00  =  -0.304042
|Q1| =   0.625874  Q10  =   0.024291  Q11c =  -0.256383  Q11s =  -0.570435
|Q2| =   1.074347  Q20  =  -0.911061  Q21c =  -0.084072  Q21s =  -0.005619
                   Q22c =   0.376895  Q22s =  -0.418379

Cl         x = 13.876540  y =  5.359330  z = -0.276710 angstrom
           Maximum rank =  2   Radius =  0.650 angstrom
                   Q00  =   0.288591
|Q1| =   0.817050  Q10  =   0.031893  Q11c =  -0.332701  Q11s =  -0.745562
|Q2| =   2.200349  Q20  =  -1.111467  Q21c =  -0.062264  Q21s =  -0.135551
                   Q22c =  -1.251415  Q22s =   1.420523

C          x = 11.563340  y = -1.233390  z =  0.036170 angstrom
           Maximum rank =  2   Radius =  0.650 angstrom
                   Q00  =  -0.016799
|Q1| =   0.026280  Q10  =   0.004377  Q11c =   0.012084  Q11s =  -0.022923
|Q2| =   1.299104  Q20  =  -1.283621  Q21c =  -0.072669  Q21s =  -0.138461
                   Q22c =  -0.104790  Q22s =  -0.067496

C          x = 12.944260  y = -1.592760  z =  0.011150 angstrom
           Maximum rank =  2   Radius =  0.650 angstrom
                   Q00  =   0.058339
|Q1| =   0.106667  Q10  =   0.005346  Q11c =  -0.105987  Q11s =  -0.010770
|Q2| =   1.208385  Q20  =  -0.717984  Q21c =  -0.042621  Q21s =  -0.005172
                   Q22c =   0.829200  Q22s =  -0.505251

N          x = 14.046450  y = -1.917450  z = -0.008250 angstrom
           Maximum rank =  2   Radius =  0.650 angstrom
                   Q00  =  -0.219201
|Q1| =   0.561241  Q10  =   0.012113  Q11c =  -0.546347  Q11s =   0.127869
|Q2| =   0.619014  Q20  =  -0.338019  Q21c =  -0.014539  Q21s =   0.001586
                   Q22c =   0.399222  Q22s =  -0.330649

C          x = 10.705100  y = -2.368510  z =  0.141050 angstrom
           Maximum rank =  2   Radius =  0.650 angstrom
                   Q00  =   0.057816
|Q1| =   0.100429  Q10  =  -0.002269  Q11c =   0.087249  Q11s =   0.049682
|Q2| =   1.203129  Q20  =  -0.716295  Q21c =  -0.089595  Q21s =  -0.128934
                   Q22c =  -0.261855  Q22s =   0.917181

N          x = 10.042790  y = -3.304290  z =  0.226370 angstrom
           Maximum rank =  2   Radius =  0.650 angstrom
                   Q00  =  -0.223194
|Q1| =   0.565995  Q10  =  -0.039220  Q11c =   0.355289  Q11s =   0.438841
|Q2| =   0.620377  Q20  =  -0.332770  Q21c =  -0.044459  Q21s =  -0.071639
                   Q22c =  -0.239910  Q22s =   0.457675

C          x =  2.629080  y = -2.524820  z =  1.192870 angstrom
           Maximum rank =  2   Radius =  0.650 angstrom
                   Q00  =  -0.062839
|Q1| =   0.078484  Q10  =   0.003408  Q11c =   0.052960  Q11s =   0.057822
|Q2| =   1.299791  Q20  =   0.528926  Q21c =  -0.399352  Q21s =  -0.545760
                   Q22c =  -0.118606  Q22s =  -0.968654

C          x =  3.615220  y = -3.510450  z =  1.186930 angstrom
           Maximum rank =  2   Radius =  0.650 angstrom
                   Q00  =  -0.053658
|Q1| =   0.103277  Q10  =   0.034580  Q11c =  -0.082766  Q11s =   0.051188
|Q2| =   1.484704  Q20  =   0.701895  Q21c =  -0.457731  Q21s =  -0.422990
                   Q22c =  -0.035151  Q22s =  -1.149789

H          x =  4.159970  y = -3.723730  z =  0.275300 angstrom
           Maximum rank =  1   Radius =  0.350 angstrom
                   Q00  =   0.078980
|Q1| =   0.100248  Q10  =   0.053174  Q11c =  -0.071326  Q11s =   0.046203

C          x =  3.903030  y = -4.238620  z =  2.329110 angstrom
           Maximum rank =  2   Radius =  0.650 angstrom
                   Q00  =  -0.030602
|Q1| =   0.076515  Q10  =   0.008250  Q11c =  -0.060026  Q11s =   0.046726
|Q2| =   1.415200  Q20  =   0.461808  Q21c =  -0.436881  Q21s =  -0.425433
                   Q22c =  -0.028363  Q22s =  -1.190319

H          x =  4.678170  y = -4.996400  z =  2.292830 angstrom
           Maximum rank =  1   Radius =  0.350 angstrom
                   Q00  =   0.052504
|Q1| =   0.112823  Q10  =   0.003974  Q11c =  -0.077819  Q11s =   0.081594

C          x =  3.217880  y = -4.013090  z =  3.520290 angstrom
           Maximum rank =  2   Radius =  0.650 angstrom
                   Q00  =  -0.074877
|Q1| =   0.121497  Q10  =  -0.099566  Q11c =  -0.021845  Q11s =   0.066111
|Q2| =   1.139416  Q20  =   0.475236  Q21c =  -0.321229  Q21s =  -0.419484
                   Q22c =  -0.032724  Q22s =  -0.890053

C          x =  2.240840  y = -3.024820  z =  3.525150 angstrom
           Maximum rank =  2   Radius =  0.650 angstrom
                   Q00  =  -0.031603
|Q1| =   0.074644  Q10  =  -0.058826  Q11c =   0.041975  Q11s =  -0.018689
|Q2| =   1.401372  Q20  =   0.590445  Q21c =  -0.524209  Q21s =  -0.377436
                   Q22c =   0.006515  Q22s =  -1.094497

H          x =  1.694060  y = -2.819300  z =  4.438980 angstrom
           Maximum rank =  1   Radius =  0.350 angstrom
                   Q00  =   0.046474
|Q1| =   0.116363  Q10  =  -0.098730  Q11c =   0.057846  Q11s =  -0.021132

C          x =  1.950380  y = -2.290610  z =  2.383640 angstrom
           Maximum rank =  2   Radius =  0.650 angstrom
                   Q00  =  -0.034425
|Q1| =   0.097148  Q10  =  -0.060394  Q11c =   0.071814  Q11s =  -0.025162
|Q2| =   1.464580  Q20  =   0.489541  Q21c =  -0.370965  Q21s =  -0.501227
                   Q22c =  -0.025583  Q22s =  -1.231197

H          x =  1.187200  y = -1.524550  z =  2.431240 angstrom
           Maximum rank =  1   Radius =  0.350 angstrom
                   Q00  =   0.076247
|Q1| =   0.099078  Q10  =  -0.059517  Q11c =   0.061294  Q11s =  -0.050173

C          x =  2.463980  y = -2.467090  z = -1.360890 angstrom
           Maximum rank =  2   Radius =  0.650 angstrom
                   Q00  =  -0.062491
|Q1| =   0.065575  Q10  =   0.000712  Q11c =  -0.054795  Q11s =   0.036015
|Q2| =   1.282790  Q20  =   0.560740  Q21c =  -0.505447  Q21s =   0.364855
                   Q22c =  -0.672645  Q22s =   0.700053

C          x =  3.036140  y = -1.938380  z = -2.511690 angstrom
           Maximum rank =  2   Radius =  0.650 angstrom
                   Q00  =  -0.037303
|Q1| =   0.100989  Q10  =   0.057405  Q11c =  -0.064074  Q11s =  -0.052896
|Q2| =   1.482101  Q20  =   0.547702  Q21c =  -0.471252  Q21s =   0.354906
                   Q22c =  -0.786288  Q22s =   0.964552

H          x =  3.495750  y = -0.958260  z = -2.485990 angstrom
           Maximum rank =  1   Radius =  0.350 angstrom
                   Q00  =   0.077902
|Q1| =   0.100134  Q10  =   0.054332  Q11c =  -0.040510  Q11s =  -0.073714

C          x =  3.024130  y = -2.647730  z = -3.705260 angstrom
           Maximum rank =  2   Radius =  0.650 angstrom
                   Q00  =  -0.030929
|Q1| =   0.075961  Q10  =   0.059220  Q11c =  -0.029560  Q11s =  -0.037273
|Q2| =   1.398399  Q20  =   0.599918  Q21c =  -0.579403  Q21s =   0.165619
                   Q22c =  -0.671924  Q22s =   0.883741

H          x =  3.481140  y = -2.209380  z = -4.585660 angstrom
           Maximum rank =  1   Radius =  0.350 angstrom
                   Q00  =   0.047885
|Q1| =   0.115713  Q10  =   0.094996  Q11c =  -0.047041  Q11s =  -0.046395

C          x =  2.440870  y = -3.905350  z = -3.791580 angstrom
           Maximum rank =  2   Radius =  0.650 angstrom
                   Q00  =  -0.075429
|Q1| =   0.122010  Q10  =   0.104984  Q11c =   0.002674  Q11s =   0.062110
|Q2| =   1.140537  Q20  =   0.501919  Q21c =  -0.410434  Q21s =   0.274245
                   Q22c =  -0.574435  Q22s =   0.689390

C          x =  1.863390  y = -4.430880  z = -2.637470 angstrom
           Maximum rank =  2   Radius =  0.650 angstrom
                   Q00  =  -0.031272
|Q1| =   0.075780  Q10  =  -0.005479  Q11c =   0.041326  Q11s =   0.063284
|Q2| =   1.406708  Q20  =   0.475985  Q21c =  -0.495538  Q21s =   0.255693
                   Q22c =  -0.761900  Q22s =   0.927812

H          x =  1.398510  y = -5.410420  z = -2.671930 angstrom
           Maximum rank =  1   Radius =  0.350 angstrom
                   Q00  =   0.048868
|Q1| =   0.115172  Q10  =   0.001634  Q11c =   0.050037  Q11s =   0.103721

C          x =  1.875700  y = -3.728700  z = -1.444700 angstrom
           Maximum rank =  2   Radius =  0.650 angstrom
                   Q00  =  -0.051621
|Q1| =   0.104971  Q10  =  -0.031700  Q11c =   0.061155  Q11s =   0.079209
|Q2| =   1.476913  Q20  =   0.724001  Q21c =  -0.496379  Q21s =   0.198980
                   Q22c =  -0.754539  Q22s =   0.895422

H          x =  1.434320  y = -4.176610  z = -0.562710 angstrom
           Maximum rank =  1   Radius =  0.350 angstrom
                   Q00  =   0.074318
|Q1| =   0.106071  Q10  =  -0.048978  Q11c =   0.061041  Q11s =   0.071597

C          x = -2.463970  y =  2.467090  z =  1.361030 angstrom
           Maximum rank =  2   Radius =  0.650 angstrom
                   Q00  =  -0.062567
|Q1| =   0.065505  Q10  =  -0.000742  Q11c =   0.054741  Q11s =  -0.035970
|Q2| =   1.283006  Q20  =   0.560832  Q21c =  -0.505596  Q21s =   0.364968
                   Q22c =  -0.672732  Q22s =   0.700125

C          x = -1.875650  y =  3.728690  z =  1.444850 angstrom
           Maximum rank =  2   Radius =  0.650 angstrom
                   Q00  =  -0.051701
|Q1| =   0.105051  Q10  =   0.031654  Q11c =  -0.061423  Q11s =  -0.079126
|Q2| =   1.477142  Q20  =   0.724153  Q21c =  -0.496503  Q21s =   0.199005
                   Q22c =  -0.754727  Q22s =   0.895445

H          x = -1.434250  y =  4.176590  z =  0.562860 angstrom
           Maximum rank =  1   Radius =  0.350 angstrom
                   Q00  =   0.074260
|Q1| =   0.106124  Q10  =   0.048996  Q11c =  -0.061107  Q11s =  -0.071608

C          x = -1.863360  y =  4.430870  z =  2.637620 angstrom
           Maximum rank =  2   Radius =  0.650 angstrom
                   Q00  =  -0.031289
|Q1| =   0.075819  Q10  =   0.005455  Q11c =  -0.041601  Q11s =  -0.063151
|Q2| =   1.406814  Q20  =   0.476038  Q21c =  -0.495583  Q21s =   0.255769
                   Q22c =  -0.762063  Q22s =   0.927767

H          x = -1.398460  y =  5.410400  z =  2.672080 angstrom
           Maximum rank =  1   Radius =  0.350 angstrom
                   Q00  =   0.048819
|Q1| =   0.115222  Q10  =  -0.001621  Q11c =  -0.050124  Q11s =  -0.103736

C          x = -2.440880  y =  3.905350  z =  3.791710 angstrom
           Maximum rank =  2   Radius =  0.650 angstrom
                   Q00  =  -0.075375
|Q1| =   0.122025  Q10  =  -0.105038  Q11c =  -0.002955  Q11s =  -0.062035
|Q2| =   1.140343  Q20  =   0.501803  Q21c =  -0.410531  Q21s =   0.274135
                   Q22c =  -0.574280  Q22s =   0.689270

C          x = -3.024180  y =  2.647770  z =  3.705380 angstrom
           Maximum rank =  2   Radius =  0.650 angstrom
                   Q00  =  -0.030848
|Q1| =   0.075943  Q10  =  -0.059241  Q11c =   0.029352  Q11s =   0.037366
|Q2| =   1.397997  Q20  =   0.599653  Q21c =  -0.579400  Q21s =   0.165639
                   Q22c =  -0.671550  Q22s =   0.883567

H          x = -3.481250  y =  2.209440  z =  4.585760 angstrom
           Maximum rank =  1   Radius =  0.350 angstrom
                   Q00  =   0.048031
|Q1| =   0.115579  Q10  =  -0.094892  Q11c =   0.046954  Q11s =   0.046361

C          x = -3.036180  y =  1.938400  z =  2.511800 angstrom
           Maximum rank =  2   Radius =  0.650 angstrom
                   Q00  =  -0.037339
|Q1| =   0.100915  Q10  =  -0.057364  Q11c =   0.063957  Q11s =   0.052940
|Q2| =   1.482100  Q20  =   0.547618  Q21c =  -0.471442  Q21s =   0.354860
                   Q22c =  -0.786130  Q22s =   0.964651

H          x = -3.495840  y =  0.958310  z =  2.486090 angstrom
           Maximum rank =  1   Radius =  0.350 angstrom
                   Q00  =   0.077889
|Q1| =   0.100116  Q10  =  -0.054305  Q11c =   0.040505  Q11s =   0.073713

C          x = -2.629060  y =  2.524840  z = -1.192730 angstrom
           Maximum rank =  2   Radius =  0.650 angstrom
                   Q00  =  -0.062967
|Q1| =   0.078530  Q10  =  -0.003413  Q11c =  -0.052990  Q11s =  -0.057856
|Q2| =   1.300162  Q20  =   0.529136  Q21c =  -0.399425  Q21s =  -0.545924
                   Q22c =  -0.118742  Q22s =  -0.968897

C          x = -3.615190  y =  3.510490  z = -1.186780 angstrom
           Maximum rank =  2   Radius =  0.650 angstrom
                   Q00  =  -0.053716
|Q1| =   0.103219  Q10  =  -0.034616  Q11c =   0.082745  Q11s =  -0.051078
|Q2| =   1.484722  Q20  =   0.701773  Q21c =  -0.457721  Q21s =  -0.422862
                   Q22c =  -0.035062  Q22s =  -1.149941

H          x = -4.159940  y =  3.723760  z = -0.275140 angstrom
           Maximum rank =  1   Radius =  0.350 angstrom
                   Q00  =   0.078995
|Q1| =   0.100199  Q10  =  -0.053169  Q11c =   0.071303  Q11s =  -0.046139

C          x = -3.903000  y =  4.238670  z = -2.328940 angstrom
           Maximum rank =  2   Radius =  0.650 angstrom
                   Q00  =  -0.030484
|Q1| =   0.076438  Q10  =  -0.008295  Q11c =   0.059924  Q11s =  -0.046722
|Q2| =   1.414607  Q20  =   0.461597  Q21c =  -0.436569  Q21s =  -0.425298
                   Q22c =  -0.028313  Q22s =  -1.189861

H          x = -4.678140  y =  4.996460  z = -2.292650 angstrom
           Maximum rank =  1   Radius =  0.350 angstrom
                   Q00  =   0.052736
|Q1| =   0.112617  Q10  =  -0.004002  Q11c =   0.077672  Q11s =  -0.081448

C          x = -3.217860  y =  4.013140  z = -3.520130 angstrom
           Maximum rank =  2   Radius =  0.650 angstrom
                   Q00  =  -0.074780
|Q1| =   0.121499  Q10  =   0.099544  Q11c =   0.021697  Q11s =  -0.066199
|Q2| =   1.139094  Q20  =   0.475043  Q21c =  -0.321075  Q21s =  -0.419236
                   Q22c =  -0.032681  Q22s =  -0.889918

C          x = -2.240820  y =  3.024870  z = -3.525000 angstrom
           Maximum rank =  2   Radius =  0.650 angstrom
                   Q00  =  -0.031653
|Q1| =   0.074673  Q10  =   0.058756  Q11c =  -0.042158  Q11s =   0.018612
|Q2| =   1.401512  Q20  =   0.590680  Q21c =  -0.524132  Q21s =  -0.377477
                   Q22c =   0.006427  Q22s =  -1.094573

H          x = -1.694040  y =  2.819360  z = -4.438840 angstrom
           Maximum rank =  1   Radius =  0.350 angstrom
                   Q00  =   0.046396
|Q1| =   0.116435  Q10  =   0.098758  Q11c =  -0.057938  Q11s =   0.021146

C          x = -1.950360  y =  2.290650  z = -2.383500 angstrom
           Maximum rank =  2   Radius =  0.650 angstrom
                   Q00  =  -0.034590
|Q1| =   0.097238  Q10  =   0.060375  Q11c =  -0.071982  Q11s =   0.025074
|Q2| =   1.465167  Q20  =   0.489740  Q21c =  -0.371020  Q21s =  -0.501409
                   Q22c =  -0.025756  Q22s =  -1.231721

H          x = -1.187190  y =  1.524580  z = -2.431110 angstrom
           Maximum rank =  1   Radius =  0.350 angstrom
                   Q00  =   0.076110
|Q1| =   0.099175  Q10  =   0.059552  Q11c =  -0.061380  Q11s =   0.050217

C          x =  3.513950  y = -4.828020  z =  4.749830 angstrom
           Maximum rank =  2   Radius =  0.650 angstrom
                   Q00  =   0.023525
|Q1| =   0.022990  Q10  =  -0.014505  Q11c =  -0.002083  Q11s =   0.017714
|Q2| =   0.105045  Q20  =   0.065492  Q21c =   0.024332  Q21s =  -0.071462
                   Q22c =  -0.007922  Q22s =  -0.031363

H          x =  3.005610  y = -5.795540  z =  4.709350 angstrom
           Maximum rank =  1   Radius =  0.350 angstrom
                   Q00  =   0.031990
|Q1| =   0.123219  Q10  =  -0.036343  Q11c =   0.036331  Q11s =   0.111992

H          x =  3.180070  y = -4.317780  z =  5.654210 angstrom
           Maximum rank =  1   Radius =  0.350 angstrom
                   Q00  =   0.025017
|Q1| =   0.124556  Q10  =  -0.121332  Q11c =   0.020412  Q11s =  -0.019395

H          x =  4.583070  y = -5.025060  z =  4.846400 angstrom
           Maximum rank =  1   Radius =  0.350 angstrom
                   Q00  =   0.029210
|Q1| =   0.122638  Q10  =  -0.049941  Q11c =  -0.103152  Q11s =   0.043655

C          x =  2.453490  y = -4.688910  z = -5.075870 angstrom
           Maximum rank =  2   Radius =  0.650 angstrom
                   Q00  =   0.023367
|Q1| =   0.022521  Q10  =   0.015060  Q11c =  -0.001673  Q11s =   0.016662
|Q2| =   0.106694  Q20  =   0.074512  Q21c =   0.002149  Q21s =   0.071385
                   Q22c =  -0.020025  Q22s =   0.018168

H          x =  3.246230  y = -5.442160  z = -5.065870 angstrom
           Maximum rank =  1   Radius =  0.350 angstrom
                   Q00  =   0.033235
|Q1| =   0.122296  Q10  =   0.040961  Q11c =  -0.069928  Q11s =   0.091589

H          x =  2.626200  y = -4.039930  z = -5.935250 angstrom
           Maximum rank =  1   Radius =  0.350 angstrom
                   Q00  =   0.025261
|Q1| =   0.124337  Q10  =   0.118942  Q11c =  -0.015125  Q11s =  -0.032920

H          x =  1.508100  y = -5.212190  z = -5.230630 angstrom
           Maximum rank =  1   Radius =  0.350 angstrom
                   Q00  =   0.027549
|Q1| =   0.123983  Q10  =   0.056133  Q11c =   0.084135  Q11s =   0.071708

C          x = -2.453390  y =  4.688910  z =  5.076010 angstrom
           Maximum rank =  2   Radius =  0.650 angstrom
                   Q00  =   0.023367
|Q1| =   0.022471  Q10  =  -0.015012  Q11c =   0.001466  Q11s =  -0.016656
|Q2| =   0.106882  Q20  =   0.074615  Q21c =   0.001817  Q21s =   0.071562
                   Q22c =  -0.019853  Q22s =   0.018378

H          x = -3.244580  y =  5.443780  z =  5.065120 angstrom
           Maximum rank =  1   Radius =  0.350 angstrom
                   Q00  =   0.033486
|Q1| =   0.122081  Q10  =  -0.040836  Q11c =   0.069601  Q11s =  -0.091607

H          x = -1.507110  y =  5.210270  z =  5.231850 angstrom
           Maximum rank =  1   Radius =  0.350 angstrom
                   Q00  =   0.027395
|Q1| =   0.124114  Q10  =  -0.056248  Q11c =  -0.084378  Q11s =  -0.071560

H          x = -2.628370  y =  4.040260  z =  5.935180 angstrom
           Maximum rank =  1   Radius =  0.350 angstrom
                   Q00  =   0.025329
|Q1| =   0.124259  Q10  =  -0.118856  Q11c =   0.015219  Q11s =   0.032893

C          x = -3.513940  y =  4.828080  z = -4.749660 angstrom
           Maximum rank =  2   Radius =  0.650 angstrom
                   Q00  =   0.023529
|Q1| =   0.022907  Q10  =   0.014444  Q11c =   0.001936  Q11s =  -0.017673
|Q2| =   0.105412  Q20  =   0.065748  Q21c =   0.024579  Q21s =  -0.071599
                   Q22c =  -0.008335  Q22s =  -0.031444

H          x = -3.179750  y =  4.318020  z = -5.654020 angstrom
           Maximum rank =  1   Radius =  0.350 angstrom
                   Q00  =   0.025025
|Q1| =   0.124522  Q10  =   0.121277  Q11c =  -0.020533  Q11s =   0.019393

H          x = -3.005900  y =  5.795750  z = -4.709010 angstrom
           Maximum rank =  1   Radius =  0.350 angstrom
                   Q00  =   0.031975
|Q1| =   0.123214  Q10  =   0.036300  Q11c =  -0.036409  Q11s =  -0.111975

H          x = -4.583110  y =  5.024820  z = -4.846410 angstrom
           Maximum rank =  1   Radius =  0.350 angstrom
                   Q00  =   0.029525
|Q1| =   0.122360  Q10  =   0.049867  Q11c =   0.102903  Q11s =  -0.043545

Total multipoles referred to origin at
           x =   0.000000,  y =    0.000000,  z =    0.000000 angstrom
                   Q00  =   0.000004
|Q1| =   0.716627  Q10  =   0.003833  Q11c =  -0.716139  Q11s =  -0.026153
|Q2| = 245.555918  Q20  = 135.150789  Q21c =  -8.818649  Q21s =   2.622415
                   Q22c =-196.512295  Q22s =  57.708279

CPU time used:     68m14.220s          Total:     68m14.220s

Finished at 17:7:3 on 28 Jun 2021   
