                                     G D M A

                                 by Anthony Stone

                         version 2.2.11, 04 February 2015

               Distributed Multipoles from Gaussian wavefunctions


Starting at 15:59:4 on 28 Jun 2021  

s1S0



Using CI density matrix from file sN_y.fchk


                         Distributed Multipole Analysis

Standard DMA for products of primitives with exponent greater than 4.00000
Using 80-point Euler-MacLaurin radial quadrature
Using 590-point Lebedev quadrature
Becke smoothing parameter = 3

Positions and radii in angstrom
Multipole moments in atomic units, ea_0^k for rank k

C          x = -8.619890  y =  0.207130  z =  0.014550 angstrom
           Maximum rank =  2   Radius =  0.650 angstrom
                   Q00  =   0.014626
|Q1| =   0.044070  Q10  =   0.000140  Q11c =  -0.037634  Q11s =  -0.022931
|Q2| =   1.359615  Q20  =  -1.354062  Q21c =  -0.005518  Q21s =   0.023492
                   Q22c =   0.119904  Q22s =  -0.010422

H          x = -8.796940  y =  1.274390  z =  0.039340 angstrom
           Maximum rank =  1   Radius =  0.350 angstrom
                   Q00  =   0.091004
|Q1| =   0.069091  Q10  =  -0.008624  Q11c =  -0.025869  Q11s =  -0.063483

C          x = -9.747240  y = -0.566690  z =  0.007830 angstrom
           Maximum rank =  2   Radius =  0.650 angstrom
                   Q00  =  -0.055577
|Q1| =   0.058367  Q10  =   0.004337  Q11c =  -0.040439  Q11s =  -0.041863
|Q2| =   1.317118  Q20  =  -1.296403  Q21c =  -0.018543  Q21s =  -0.012422
                   Q22c =   0.120488  Q22s =   0.197797

C          x =-11.128620  y = -0.059370  z =  0.025110 angstrom
           Maximum rank =  2   Radius =  0.650 angstrom
                   Q00  =   0.030779
|Q1| =   0.043551  Q10  =  -0.001663  Q11c =  -0.009757  Q11s =  -0.042411
|Q2| =   1.160616  Q20  =  -1.121421  Q21c =  -0.037553  Q21s =  -0.099115
                   Q22c =  -0.218406  Q22s =  -0.174670

C          x = -9.816180  y = -2.046840  z =  0.022160 angstrom
           Maximum rank =  2   Radius =  0.650 angstrom
                   Q00  =   0.196289
|Q1| =   0.032146  Q10  =   0.000076  Q11c =   0.021136  Q11s =  -0.024220
|Q2| =   0.755467  Q20  =  -0.712680  Q21c =  -0.048657  Q21s =  -0.000697
                   Q22c =   0.060133  Q22s =  -0.238398

O          x = -8.915000  y = -2.855110  z = -0.007690 angstrom
           Maximum rank =  2   Radius =  0.650 angstrom
                   Q00  =  -0.386301
|Q1| =   0.488851  Q10  =   0.011208  Q11c =  -0.370632  Q11s =   0.318561
|Q2| =   0.928798  Q20  =  -0.204630  Q21c =  -0.008500  Q21s =   0.039286
                   Q22c =   0.118572  Q22s =  -0.897284

C          x =-12.026940  y = -1.240730  z =  0.099600 angstrom
           Maximum rank =  2   Radius =  0.650 angstrom
                   Q00  =  -0.020069
|Q1| =   0.080803  Q10  =  -0.003827  Q11c =   0.067525  Q11s =  -0.044214
|Q2| =   1.232809  Q20  =  -1.214744  Q21c =  -0.106262  Q21s =  -0.058578
                   Q22c =   0.130797  Q22s =   0.111282

C          x =-11.252110  y = -2.396390  z =  0.090120 angstrom
           Maximum rank =  2   Radius =  0.650 angstrom
                   Q00  =  -0.039357
|Q1| =   0.068554  Q10  =  -0.000890  Q11c =  -0.010575  Q11s =   0.067727
|Q2| =   1.222652  Q20  =  -1.207938  Q21c =  -0.090504  Q21s =  -0.053365
                   Q22c =  -0.048982  Q22s =   0.149413

C          x =-13.409030  y = -1.359010  z =  0.168040 angstrom
           Maximum rank =  2   Radius =  0.650 angstrom
                   Q00  =  -0.007031
|Q1| =   0.089735  Q10  =  -0.002978  Q11c =   0.082615  Q11s =  -0.034904
|Q2| =   1.374148  Q20  =  -1.355631  Q21c =  -0.104012  Q21s =  -0.058453
                   Q22c =  -0.147709  Q22s =  -0.120383

H          x =-14.071360  y = -0.508450  z =  0.181440 angstrom
           Maximum rank =  1   Radius =  0.350 angstrom
                   Q00  =   0.097851
|Q1| =   0.078960  Q10  =  -0.005619  Q11c =   0.074997  Q11s =  -0.024053

C          x =-13.972310  y = -2.628600  z =  0.223750 angstrom
           Maximum rank =  2   Radius =  0.650 angstrom
                   Q00  =  -0.297539
|Q1| =   0.615348  Q10  =  -0.031839  Q11c =   0.612390  Q11s =   0.051171
|Q2| =   1.091612  Q20  =  -0.910623  Q21c =  -0.045441  Q21s =  -0.044124
                   Q22c =  -0.589390  Q22s =  -0.104832

Cl         x =-15.697700  y = -2.748250  z =  0.311460 angstrom
           Maximum rank =  2   Radius =  0.650 angstrom
                   Q00  =   0.294936
|Q1| =   0.811956  Q10  =  -0.041884  Q11c =   0.807338  Q11s =   0.075656
|Q2| =   2.185788  Q20  =  -1.123504  Q21c =  -0.193746  Q21s =  -0.017715
                   Q22c =   1.842211  Q22s =   0.289509

C          x =-11.796170  y = -3.659510  z =  0.141910 angstrom
           Maximum rank =  2   Radius =  0.650 angstrom
                   Q00  =   0.008811
|Q1| =   0.100557  Q10  =  -0.002730  Q11c =   0.009639  Q11s =   0.100056
|Q2| =   1.311094  Q20  =  -1.294237  Q21c =  -0.104896  Q21s =  -0.037465
                   Q22c =   0.072700  Q22s =  -0.161947

H          x =-11.159450  y = -4.534210  z =  0.130650 angstrom
           Maximum rank =  1   Radius =  0.350 angstrom
                   Q00  =   0.088880
|Q1| =   0.095312  Q10  =  -0.000656  Q11c =  -0.025602  Q11s =   0.091807

C          x =-13.175510  y = -3.778350  z =  0.209730 angstrom
           Maximum rank =  2   Radius =  0.650 angstrom
                   Q00  =  -0.303157
|Q1| =   0.625974  Q10  =  -0.024326  Q11c =   0.256208  Q11s =   0.570622
|Q2| =   1.072043  Q20  =  -0.907853  Q21c =  -0.083822  Q21s =  -0.005471
                   Q22c =   0.377462  Q22s =  -0.418979

Cl         x =-13.876490  y = -5.359340  z =  0.276880 angstrom
           Maximum rank =  2   Radius =  0.650 angstrom
                   Q00  =   0.290626
|Q1| =   0.814202  Q10  =  -0.031827  Q11c =   0.331438  Q11s =   0.743007
|Q2| =   2.200242  Q20  =  -1.110729  Q21c =  -0.062238  Q21s =  -0.135612
                   Q22c =  -1.251595  Q22s =   1.420772

C          x =-11.563330  y =  1.233380  z = -0.036180 angstrom
           Maximum rank =  2   Radius =  0.650 angstrom
                   Q00  =  -0.015902
|Q1| =   0.026942  Q10  =  -0.004405  Q11c =  -0.012451  Q11s =   0.023483
|Q2| =   1.296188  Q20  =  -1.280702  Q21c =  -0.072492  Q21s =  -0.138232
                   Q22c =  -0.104963  Q22s =  -0.067266

C          x =-12.944250  y =  1.592750  z = -0.011160 angstrom
           Maximum rank =  2   Radius =  0.650 angstrom
                   Q00  =   0.058503
|Q1| =   0.106880  Q10  =  -0.005374  Q11c =   0.106224  Q11s =   0.010528
|Q2| =   1.207876  Q20  =  -0.716987  Q21c =  -0.042546  Q21s =  -0.005073
                   Q22c =   0.829368  Q22s =  -0.505181

N          x =-14.046440  y =  1.917430  z =  0.008220 angstrom
           Maximum rank =  2   Radius =  0.650 angstrom
                   Q00  =  -0.217415
|Q1| =   0.560163  Q10  =  -0.012101  Q11c =   0.545242  Q11s =  -0.127857
|Q2| =   0.618023  Q20  =  -0.336844  Q21c =  -0.014450  Q21s =   0.001678
                   Q22c =   0.399083  Q22s =  -0.330166

C          x =-10.705090  y =  2.368510  z = -0.141110 angstrom
           Maximum rank =  2   Radius =  0.650 angstrom
                   Q00  =   0.058222
|Q1| =   0.100761  Q10  =   0.002249  Q11c =  -0.087632  Q11s =  -0.049682
|Q2| =   1.202140  Q20  =  -0.715212  Q21c =  -0.089529  Q21s =  -0.128868
                   Q22c =  -0.261663  Q22s =   0.916800

N          x =-10.042790  y =  3.304280  z = -0.226460 angstrom
           Maximum rank =  2   Radius =  0.650 angstrom
                   Q00  =  -0.222571
|Q1| =   0.565739  Q10  =   0.039175  Q11c =  -0.355345  Q11s =  -0.438470
|Q2| =   0.619779  Q20  =  -0.331881  Q21c =  -0.044461  Q21s =  -0.071550
                   Q22c =  -0.239963  Q22s =   0.457495

C          x = -7.230150  y = -0.091350  z =  0.003680 angstrom
           Maximum rank =  2   Radius =  0.650 angstrom
                   Q00  =  -0.299695
|Q1| =   0.458028  Q10  =  -0.022867  Q11c =  -0.208439  Q11s =  -0.407210
|Q2| =   1.427785  Q20  =  -1.176533  Q21c =  -0.037777  Q21s =   0.054316
                   Q22c =   0.524426  Q22s =  -0.612324

S          x = -6.155720  y =  1.315920  z =  0.056520 angstrom
           Maximum rank =  2   Radius =  0.650 angstrom
                   Q00  =   0.716822
|Q1| =   1.081945  Q10  =  -0.059163  Q11c =   0.222941  Q11s =  -1.057072
|Q2| =   2.313301  Q20  =  -2.112820  Q21c =  -0.049351  Q21s =   0.057768
                   Q22c =   0.900776  Q22s =   0.264923

C          x = -6.508950  y = -1.272770  z = -0.055140 angstrom
           Maximum rank =  2   Radius =  0.650 angstrom
                   Q00  =  -0.015346
|Q1| =   0.079023  Q10  =   0.002747  Q11c =  -0.012057  Q11s =   0.078049
|Q2| =   1.382497  Q20  =  -1.341800  Q21c =  -0.007502  Q21s =   0.097487
                   Q22c =   0.024037  Q22s =   0.317382

H          x = -6.992470  y = -2.235210  z = -0.096630 angstrom
           Maximum rank =  1   Radius =  0.350 angstrom
                   Q00  =   0.122828
|Q1| =   0.070256  Q10  =   0.006573  Q11c =  -0.034273  Q11s =   0.060976

C          x = -5.133160  y = -1.038140  z = -0.051620 angstrom
           Maximum rank =  2   Radius =  0.650 angstrom
                   Q00  =  -0.337368
|Q1| =   0.541491  Q10  =   0.016715  Q11c =  -0.306330  Q11s =   0.446201
|Q2| =   1.339457  Q20  =  -1.168264  Q21c =   0.013935  Q21s =   0.070247
                   Q22c =   0.352084  Q22s =   0.547916

C          x = -4.769530  y =  0.310680  z =  0.006430 angstrom
           Maximum rank =  2   Radius =  0.650 angstrom
                   Q00  =  -0.345031
|Q1| =   0.546513  Q10  =  -0.045684  Q11c =   0.372289  Q11s =  -0.397480
|Q2| =   1.417317  Q20  =  -1.269490  Q21c =   0.021789  Q21s =   0.054239
                   Q22c =   0.308987  Q22s =   0.546161

S          x = -3.738380  y = -2.090010  z = -0.102980 angstrom
           Maximum rank =  2   Radius =  0.650 angstrom
                   Q00  =   0.731209
|Q1| =   1.123130  Q10  =   0.052212  Q11c =  -0.151702  Q11s =   1.111612
|Q2| =   2.282411  Q20  =  -2.101091  Q21c =   0.014435  Q21s =   0.132271
                   Q22c =   0.831338  Q22s =   0.293244

C          x = -3.370090  y =  0.496040  z =  0.024260 angstrom
           Maximum rank =  2   Radius =  0.650 angstrom
                   Q00  =  -0.064596
|Q1| =   0.097758  Q10  =  -0.053129  Q11c =   0.075973  Q11s =  -0.031016
|Q2| =   1.261132  Q20  =  -1.234744  Q21c =   0.010044  Q21s =   0.060627
                   Q22c =   0.123404  Q22s =   0.216460

C          x = -2.710210  y = -0.699730  z = -0.032950 angstrom
           Maximum rank =  2   Radius =  0.650 angstrom
                   Q00  =  -0.323180
|Q1| =   0.619869  Q10  =   0.015317  Q11c =   0.228263  Q11s =   0.576106
|Q2| =   1.360373  Q20  =  -1.229491  Q21c =  -0.008603  Q21s =   0.067930
                   Q22c =   0.504743  Q22s =  -0.281979

C          x = -1.275130  y = -0.496210  z = -0.026170 angstrom
           Maximum rank =  2   Radius =  0.650 angstrom
                   Q00  =  -0.023942
|Q1| =   0.120913  Q10  =   0.011261  Q11c =   0.009073  Q11s =   0.120045
|Q2| =   1.277427  Q20  =  -1.235472  Q21c =  -0.005229  Q21s =   0.081821
                   Q22c =   0.170363  Q22s =  -0.263972

C          x = -1.063060  y =  0.893820  z =  0.022650 angstrom
           Maximum rank =  2   Radius =  0.650 angstrom
                   Q00  =  -0.035958
|Q1| =   0.088793  Q10  =   0.040529  Q11c =  -0.049294  Q11s =  -0.061738
|Q2| =   1.233810  Q20  =  -1.219649  Q21c =   0.001903  Q21s =   0.091473
                   Q22c =   0.162221  Q22s =  -0.007613

C          x = -2.395000  y =  1.662040  z =  0.056750 angstrom
           Maximum rank =  2   Radius =  0.650 angstrom
                   Q00  =  -0.006762
|Q1| =   0.063340  Q10  =  -0.001098  Q11c =   0.000625  Q11s =  -0.063327
|Q2| =   0.176738  Q20  =   0.003412  Q21c =   0.082731  Q21s =   0.023357
                   Q22c =  -0.145344  Q22s =  -0.052054

C          x =  0.218990  y =  1.402190  z =  0.052840 angstrom
           Maximum rank =  2   Radius =  0.650 angstrom
                   Q00  =  -0.013931
|Q1| =   0.104909  Q10  =   0.022692  Q11c =  -0.016967  Q11s =  -0.101011
|Q2| =   1.437848  Q20  =  -1.431760  Q21c =  -0.004860  Q21s =   0.126363
                   Q22c =   0.005715  Q22s =  -0.038019

H          x =  0.399790  y =  2.469200  z =  0.095880 angstrom
           Maximum rank =  1   Radius =  0.350 angstrom
                   Q00  =   0.084528
|Q1| =   0.103086  Q10  =   0.001186  Q11c =  -0.038485  Q11s =  -0.095625

C          x =  1.275150  y =  0.496220  z =  0.026300 angstrom
           Maximum rank =  2   Radius =  0.650 angstrom
                   Q00  =  -0.024018
|Q1| =   0.121045  Q10  =  -0.011252  Q11c =  -0.009149  Q11s =  -0.120173
|Q2| =   1.277719  Q20  =  -1.235704  Q21c =  -0.005222  Q21s =   0.081849
                   Q22c =   0.170529  Q22s =  -0.264186

C          x = -0.218970  y = -1.402180  z = -0.052720 angstrom
           Maximum rank =  2   Radius =  0.650 angstrom
                   Q00  =  -0.013629
|Q1| =   0.104716  Q10  =  -0.022667  Q11c =   0.017017  Q11s =   0.100807
|Q2| =   1.436915  Q20  =  -1.430838  Q21c =  -0.004876  Q21s =   0.126204
                   Q22c =   0.005752  Q22s =  -0.037984

H          x = -0.399770  y = -2.469180  z = -0.095760 angstrom
           Maximum rank =  1   Radius =  0.350 angstrom
                   Q00  =   0.084873
|Q1| =   0.102823  Q10  =  -0.001172  Q11c =   0.038438  Q11s =   0.095361

C          x =  1.063080  y = -0.893810  z = -0.022520 angstrom
           Maximum rank =  2   Radius =  0.650 angstrom
                   Q00  =  -0.035679
|Q1| =   0.088687  Q10  =  -0.040535  Q11c =   0.049224  Q11s =   0.061639
|Q2| =   1.233285  Q20  =  -1.219155  Q21c =   0.001923  Q21s =   0.091441
                   Q22c =   0.161962  Q22s =  -0.007363

C          x =  2.395020  y = -1.662030  z = -0.056620 angstrom
           Maximum rank =  2   Radius =  0.650 angstrom
                   Q00  =  -0.006730
|Q1| =   0.063309  Q10  =   0.001100  Q11c =  -0.000636  Q11s =   0.063297
|Q2| =   0.176550  Q20  =   0.003070  Q21c =   0.082693  Q21s =   0.023369
                   Q22c =  -0.145189  Q22s =  -0.051927

C          x =  2.710230  y =  0.699740  z =  0.033070 angstrom
           Maximum rank =  2   Radius =  0.650 angstrom
                   Q00  =  -0.323301
|Q1| =   0.619960  Q10  =  -0.015284  Q11c =  -0.228119  Q11s =  -0.576262
|Q2| =   1.360912  Q20  =  -1.230078  Q21c =  -0.008604  Q21s =   0.067977
                   Q22c =   0.504935  Q22s =  -0.281665

C          x =  3.370110  y = -0.496020  z = -0.024140 angstrom
           Maximum rank =  2   Radius =  0.650 angstrom
                   Q00  =  -0.064194
|Q1| =   0.097689  Q10  =   0.053152  Q11c =  -0.075885  Q11s =   0.030973
|Q2| =   1.260402  Q20  =  -1.234058  Q21c =   0.010008  Q21s =   0.060586
                   Q22c =   0.123421  Q22s =   0.216129

S          x =  3.738400  y =  2.090020  z =  0.103080 angstrom
           Maximum rank =  2   Radius =  0.650 angstrom
                   Q00  =   0.729925
|Q1| =   1.125080  Q10  =  -0.052266  Q11c =   0.151829  Q11s =  -1.113562
|Q2| =   2.284740  Q20  =  -2.102784  Q21c =   0.014390  Q21s =   0.132267
                   Q22c =   0.833361  Q22s =   0.293503

C          x =  4.769550  y = -0.310670  z = -0.006330 angstrom
           Maximum rank =  2   Radius =  0.650 angstrom
                   Q00  =  -0.344903
|Q1| =   0.546390  Q10  =   0.045706  Q11c =  -0.372307  Q11s =   0.397292
|Q2| =   1.417088  Q20  =  -1.269257  Q21c =   0.021749  Q21s =   0.054225
                   Q22c =   0.308692  Q22s =   0.546278

S          x =  6.155740  y = -1.315910  z = -0.056420 angstrom
           Maximum rank =  2   Radius =  0.650 angstrom
                   Q00  =   0.717744
|Q1| =   1.080670  Q10  =   0.059060  Q11c =  -0.222849  Q11s =   1.055793
|Q2| =   2.311688  Q20  =  -2.111638  Q21c =  -0.049304  Q21s =   0.057945
                   Q22c =   0.899512  Q22s =   0.264528

C          x =  5.133180  y =  1.038150  z =  0.051720 angstrom
           Maximum rank =  2   Radius =  0.650 angstrom
                   Q00  =  -0.337502
|Q1| =   0.541627  Q10  =  -0.016720  Q11c =   0.306191  Q11s =  -0.446461
|Q2| =   1.339923  Q20  =  -1.168745  Q21c =   0.013892  Q21s =   0.070266
                   Q22c =   0.352581  Q22s =   0.547709

C          x =  6.508970  y =  1.272780  z =  0.055220 angstrom
           Maximum rank =  2   Radius =  0.650 angstrom
                   Q00  =  -0.015753
|Q1| =   0.079300  Q10  =  -0.002746  Q11c =   0.012196  Q11s =  -0.078308
|Q2| =   1.383865  Q20  =  -1.343090  Q21c =  -0.007540  Q21s =   0.097569
                   Q22c =   0.024282  Q22s =   0.317844

H          x =  6.992480  y =  2.235220  z =  0.096700 angstrom
           Maximum rank =  1   Radius =  0.350 angstrom
                   Q00  =   0.122539
|Q1| =   0.070457  Q10  =  -0.006585  Q11c =   0.034326  Q11s =  -0.061177

C          x =  7.230170  y =  0.091360  z = -0.003610 angstrom
           Maximum rank =  2   Radius =  0.650 angstrom
                   Q00  =  -0.299611
|Q1| =   0.457998  Q10  =   0.022871  Q11c =   0.208415  Q11s =   0.407189
|Q2| =   1.427427  Q20  =  -1.176062  Q21c =  -0.037810  Q21s =   0.054292
                   Q22c =   0.524288  Q22s =  -0.612511

C          x =  8.619910  y = -0.207120  z = -0.014490 angstrom
           Maximum rank =  2   Radius =  0.650 angstrom
                   Q00  =   0.014570
|Q1| =   0.044137  Q10  =  -0.000144  Q11c =   0.037745  Q11s =   0.022876
|Q2| =   1.359541  Q20  =  -1.353976  Q21c =  -0.005552  Q21s =   0.023544
                   Q22c =   0.120044  Q22s =  -0.010246

H          x =  8.796950  y = -1.274380  z = -0.039290 angstrom
           Maximum rank =  1   Radius =  0.350 angstrom
                   Q00  =   0.091156
|Q1| =   0.068996  Q10  =   0.008610  Q11c =   0.025835  Q11s =   0.063394

C          x =  9.747260  y =  0.566700  z = -0.007780 angstrom
           Maximum rank =  2   Radius =  0.650 angstrom
                   Q00  =  -0.055696
|Q1| =   0.058130  Q10  =  -0.004341  Q11c =   0.040352  Q11s =   0.041617
|Q2| =   1.317626  Q20  =  -1.296941  Q21c =  -0.018577  Q21s =  -0.012407
                   Q22c =   0.120293  Q22s =   0.197765

C          x = 11.128640  y =  0.059370  z = -0.025070 angstrom
           Maximum rank =  2   Radius =  0.650 angstrom
                   Q00  =   0.030449
|Q1| =   0.043607  Q10  =   0.001631  Q11c =   0.009758  Q11s =   0.042470
|Q2| =   1.161458  Q20  =  -1.122339  Q21c =  -0.037605  Q21s =  -0.099137
                   Q22c =  -0.218398  Q22s =  -0.174359

C          x =  9.816210  y =  2.046840  z = -0.022090 angstrom
           Maximum rank =  2   Radius =  0.650 angstrom
                   Q00  =   0.196114
|Q1| =   0.032254  Q10  =  -0.000086  Q11c =  -0.021164  Q11s =   0.024340
|Q2| =   0.756027  Q20  =  -0.713241  Q21c =  -0.048699  Q21s =  -0.000687
                   Q22c =   0.060431  Q22s =  -0.238414

O          x =  8.915030  y =  2.855120  z =  0.007770 angstrom
           Maximum rank =  2   Radius =  0.650 angstrom
                   Q00  =  -0.387056
|Q1| =   0.489357  Q10  =  -0.011220  Q11c =   0.370751  Q11s =  -0.319199
|Q2| =   0.929073  Q20  =  -0.204936  Q21c =  -0.008538  Q21s =   0.039297
                   Q22c =   0.118824  Q22s =  -0.897463

C          x = 12.026970  y =  1.240730  z = -0.099530 angstrom
           Maximum rank =  2   Radius =  0.650 angstrom
                   Q00  =  -0.019741
|Q1| =   0.080740  Q10  =   0.003812  Q11c =  -0.067541  Q11s =   0.044075
|Q2| =   1.231947  Q20  =  -1.213894  Q21c =  -0.106181  Q21s =  -0.058472
                   Q22c =   0.130935  Q22s =   0.110989

C          x = 11.252140  y =  2.396390  z = -0.090030 angstrom
           Maximum rank =  2   Radius =  0.650 angstrom
                   Q00  =  -0.039415
|Q1| =   0.068654  Q10  =   0.000874  Q11c =   0.010584  Q11s =  -0.067828
|Q2| =   1.222786  Q20  =  -1.208049  Q21c =  -0.090499  Q21s =  -0.053334
                   Q22c =  -0.049119  Q22s =   0.149587

C          x = 13.409060  y =  1.359010  z = -0.167960 angstrom
           Maximum rank =  2   Radius =  0.650 angstrom
                   Q00  =  -0.006938
|Q1| =   0.089684  Q10  =   0.002963  Q11c =  -0.082604  Q11s =   0.034799
|Q2| =   1.373752  Q20  =  -1.355254  Q21c =  -0.103981  Q21s =  -0.058376
                   Q22c =  -0.147743  Q22s =  -0.120143

H          x = 14.071380  y =  0.508440  z = -0.181370 angstrom
           Maximum rank =  1   Radius =  0.350 angstrom
                   Q00  =   0.098034
|Q1| =   0.078888  Q10  =   0.005610  Q11c =  -0.074946  Q11s =   0.023980

C          x = 13.972340  y =  2.628590  z = -0.223640 angstrom
           Maximum rank =  2   Radius =  0.650 angstrom
                   Q00  =  -0.297653
|Q1| =   0.615329  Q10  =   0.031819  Q11c =  -0.612354  Q11s =  -0.051388
|Q2| =   1.091970  Q20  =  -0.911145  Q21c =  -0.045493  Q21s =  -0.044077
                   Q22c =  -0.589194  Q22s =  -0.105126

Cl         x = 15.697730  y =  2.748240  z = -0.311330 angstrom
           Maximum rank =  2   Radius =  0.650 angstrom
                   Q00  =   0.294618
|Q1| =   0.812426  Q10  =   0.041893  Q11c =  -0.807724  Q11s =  -0.076572
|Q2| =   2.185791  Q20  =  -1.123638  Q21c =  -0.193709  Q21s =  -0.017682
                   Q22c =   1.842235  Q22s =   0.288891

C          x = 11.796200  y =  3.659510  z = -0.141790 angstrom
           Maximum rank =  2   Radius =  0.650 angstrom
                   Q00  =   0.008403
|Q1| =   0.100782  Q10  =   0.002718  Q11c =  -0.009676  Q11s =  -0.100279
|Q2| =   1.312639  Q20  =  -1.295748  Q21c =  -0.105024  Q21s =  -0.037460
                   Q22c =   0.073090  Q22s =  -0.162119

H          x = 11.159490  y =  4.534220  z = -0.130510 angstrom
           Maximum rank =  1   Radius =  0.350 angstrom
                   Q00  =   0.088451
|Q1| =   0.095680  Q10  =   0.000654  Q11c =   0.025704  Q11s =  -0.092161

C          x = 13.175540  y =  3.778350  z = -0.209600 angstrom
           Maximum rank =  2   Radius =  0.650 angstrom
                   Q00  =  -0.303594
|Q1| =   0.625837  Q10  =   0.024288  Q11c =  -0.256100  Q11s =  -0.570521
|Q2| =   1.073220  Q20  =  -0.909602  Q21c =  -0.083966  Q21s =  -0.005552
                   Q22c =   0.377202  Q22s =  -0.418407

Cl         x = 13.876540  y =  5.359330  z = -0.276710 angstrom
           Maximum rank =  2   Radius =  0.650 angstrom
                   Q00  =   0.289121
|Q1| =   0.816406  Q10  =   0.031859  Q11c =  -0.331942  Q11s =  -0.745197
|Q2| =   2.200134  Q20  =  -1.111054  Q21c =  -0.062251  Q21s =  -0.135539
                   Q22c =  -1.251132  Q22s =   1.420765

C          x = 11.563340  y = -1.233390  z =  0.036170 angstrom
           Maximum rank =  2   Radius =  0.650 angstrom
                   Q00  =  -0.015333
|Q1| =   0.027132  Q10  =   0.004382  Q11c =   0.012427  Q11s =  -0.023717
|Q2| =   1.294665  Q20  =  -1.279187  Q21c =  -0.072378  Q21s =  -0.137964
                   Q22c =  -0.104977  Q22s =  -0.067417

C          x = 12.944260  y = -1.592760  z =  0.011150 angstrom
           Maximum rank =  2   Radius =  0.650 angstrom
                   Q00  =   0.058520
|Q1| =   0.107108  Q10  =   0.005367  Q11c =  -0.106400  Q11s =  -0.011066
|Q2| =   1.207698  Q20  =  -0.716897  Q21c =  -0.042558  Q21s =  -0.005060
                   Q22c =   0.829197  Q22s =  -0.505162

N          x = 14.046450  y = -1.917450  z = -0.008250 angstrom
           Maximum rank =  2   Radius =  0.650 angstrom
                   Q00  =  -0.216657
|Q1| =   0.559787  Q10  =   0.012102  Q11c =  -0.545027  Q11s =   0.127124
|Q2| =   0.617667  Q20  =  -0.336400  Q21c =  -0.014430  Q21s =   0.001728
                   Q22c =   0.398652  Q22s =  -0.330474

C          x = 10.705100  y = -2.368510  z =  0.141050 angstrom
           Maximum rank =  2   Radius =  0.650 angstrom
                   Q00  =   0.058168
|Q1| =   0.100979  Q10  =  -0.002294  Q11c =   0.087971  Q11s =   0.049523
|Q2| =   1.202075  Q20  =  -0.715093  Q21c =  -0.089474  Q21s =  -0.128807
                   Q22c =  -0.261723  Q22s =   0.916804

N          x = 10.042790  y = -3.304290  z =  0.226370 angstrom
           Maximum rank =  2   Radius =  0.650 angstrom
                   Q00  =  -0.221254
|Q1| =   0.564959  Q10  =  -0.039141  Q11c =   0.355225  Q11s =   0.437564
|Q2| =   0.619249  Q20  =  -0.331264  Q21c =  -0.044360  Q21s =  -0.071435
                   Q22c =  -0.240126  Q22s =   0.457167

C          x =  2.629080  y = -2.524820  z =  1.192870 angstrom
           Maximum rank =  2   Radius =  0.650 angstrom
                   Q00  =  -0.063019
|Q1| =   0.078359  Q10  =   0.003356  Q11c =   0.052900  Q11s =   0.057711
|Q2| =   1.300285  Q20  =   0.529208  Q21c =  -0.399466  Q21s =  -0.546055
                   Q22c =  -0.118734  Q22s =  -0.968934

C          x =  3.615220  y = -3.510450  z =  1.186930 angstrom
           Maximum rank =  2   Radius =  0.650 angstrom
                   Q00  =  -0.053656
|Q1| =   0.103224  Q10  =   0.034558  Q11c =  -0.082873  Q11s =   0.050920
|Q2| =   1.484514  Q20  =   0.701612  Q21c =  -0.457703  Q21s =  -0.422713
                   Q22c =  -0.035137  Q22s =  -1.149831

H          x =  4.159970  y = -3.723730  z =  0.275300 angstrom
           Maximum rank =  1   Radius =  0.350 angstrom
                   Q00  =   0.079029
|Q1| =   0.100165  Q10  =   0.053154  Q11c =  -0.071292  Q11s =   0.046099

C          x =  3.903030  y = -4.238620  z =  2.329110 angstrom
           Maximum rank =  2   Radius =  0.650 angstrom
                   Q00  =  -0.030388
|Q1| =   0.076419  Q10  =   0.008238  Q11c =  -0.060083  Q11s =   0.046498
|Q2| =   1.414301  Q20  =   0.461484  Q21c =  -0.436516  Q21s =  -0.425187
                   Q22c =  -0.028471  Q22s =  -1.189596

H          x =  4.678170  y = -4.996400  z =  2.292830 angstrom
           Maximum rank =  1   Radius =  0.350 angstrom
                   Q00  =   0.052807
|Q1| =   0.112556  Q10  =   0.003988  Q11c =  -0.077666  Q11s =   0.081369

C          x =  3.217880  y = -4.013090  z =  3.520290 angstrom
           Maximum rank =  2   Radius =  0.650 angstrom
                   Q00  =  -0.074675
|Q1| =   0.121498  Q10  =  -0.099630  Q11c =  -0.021871  Q11s =   0.066010
|Q2| =   1.138758  Q20  =   0.474820  Q21c =  -0.321090  Q21s =  -0.419122
                   Q22c =  -0.032698  Q22s =  -0.889655

C          x =  2.240840  y = -3.024820  z =  3.525150 angstrom
           Maximum rank =  2   Radius =  0.650 angstrom
                   Q00  =  -0.031639
|Q1| =   0.074663  Q10  =  -0.058807  Q11c =   0.041966  Q11s =  -0.018845
|Q2| =   1.401459  Q20  =   0.590644  Q21c =  -0.524195  Q21s =  -0.377622
                   Q22c =   0.006505  Q22s =  -1.094443

H          x =  1.694060  y = -2.819300  z =  4.438980 angstrom
           Maximum rank =  1   Radius =  0.350 angstrom
                   Q00  =   0.046418
|Q1| =   0.116415  Q10  =  -0.098745  Q11c =   0.057899  Q11s =  -0.021205

C          x =  1.950380  y = -2.290610  z =  2.383640 angstrom
           Maximum rank =  2   Radius =  0.650 angstrom
                   Q00  =  -0.034626
|Q1| =   0.097199  Q10  =  -0.060431  Q11c =   0.071801  Q11s =  -0.025306
|Q2| =   1.465289  Q20  =   0.489727  Q21c =  -0.371078  Q21s =  -0.501484
                   Q22c =  -0.025558  Q22s =  -1.231829

H          x =  1.187200  y = -1.524550  z =  2.431240 angstrom
           Maximum rank =  1   Radius =  0.350 angstrom
                   Q00  =   0.076046
|Q1| =   0.099211  Q10  =  -0.059559  Q11c =   0.061380  Q11s =  -0.050280

C          x =  2.463980  y = -2.467090  z = -1.360890 angstrom
           Maximum rank =  2   Radius =  0.650 angstrom
                   Q00  =  -0.062653
|Q1| =   0.065451  Q10  =   0.000767  Q11c =  -0.054713  Q11s =   0.035912
|Q2| =   1.283248  Q20  =   0.561021  Q21c =  -0.505669  Q21s =   0.365059
                   Q22c =  -0.672875  Q22s =   0.700179

C          x =  3.036140  y = -1.938380  z = -2.511690 angstrom
           Maximum rank =  2   Radius =  0.650 angstrom
                   Q00  =  -0.037481
|Q1| =   0.100988  Q10  =   0.057421  Q11c =  -0.063926  Q11s =  -0.053056
|Q2| =   1.482625  Q20  =   0.547807  Q21c =  -0.471465  Q21s =   0.355063
                   Q22c =  -0.786473  Q22s =   0.964984

H          x =  3.495750  y = -0.958260  z = -2.485990 angstrom
           Maximum rank =  1   Radius =  0.350 angstrom
                   Q00  =   0.077736
|Q1| =   0.100235  Q10  =   0.054349  Q11c =  -0.040535  Q11s =  -0.073826

C          x =  3.024130  y = -2.647730  z = -3.705260 angstrom
           Maximum rank =  2   Radius =  0.650 angstrom
                   Q00  =  -0.030948
|Q1| =   0.075984  Q10  =   0.059233  Q11c =  -0.029363  Q11s =  -0.037456
|Q2| =   1.398395  Q20  =   0.600020  Q21c =  -0.579521  Q21s =   0.165781
                   Q22c =  -0.671790  Q22s =   0.883660

H          x =  3.481140  y = -2.209380  z = -4.585660 angstrom
           Maximum rank =  1   Radius =  0.350 angstrom
                   Q00  =   0.047895
|Q1| =   0.115705  Q10  =   0.094969  Q11c =  -0.047010  Q11s =  -0.046462

C          x =  2.440870  y = -3.905350  z = -3.791580 angstrom
           Maximum rank =  2   Radius =  0.650 angstrom
                   Q00  =  -0.075259
|Q1| =   0.122017  Q10  =   0.105067  Q11c =   0.002881  Q11s =   0.061974
|Q2| =   1.139981  Q20  =   0.501531  Q21c =  -0.410325  Q21s =   0.274033
                   Q22c =  -0.574218  Q22s =   0.689084

C          x =  1.863390  y = -4.430880  z = -2.637470 angstrom
           Maximum rank =  2   Radius =  0.650 angstrom
                   Q00  =  -0.031096
|Q1| =   0.075725  Q10  =  -0.005437  Q11c =   0.041563  Q11s =   0.063065
|Q2| =   1.406039  Q20  =   0.475743  Q21c =  -0.495296  Q21s =   0.255584
                   Q22c =  -0.761710  Q22s =   0.927238

H          x =  1.398510  y = -5.410420  z = -2.671930 angstrom
           Maximum rank =  1   Radius =  0.350 angstrom
                   Q00  =   0.049080
|Q1| =   0.114989  Q10  =   0.001624  Q11c =   0.050018  Q11s =   0.103528

C          x =  1.875700  y = -3.728700  z = -1.444700 angstrom
           Maximum rank =  2   Radius =  0.650 angstrom
                   Q00  =  -0.051599
|Q1| =   0.104948  Q10  =  -0.031665  Q11c =   0.061387  Q11s =   0.079013
|Q2| =   1.476762  Q20  =   0.723758  Q21c =  -0.496310  Q21s =   0.198823
                   Q22c =  -0.754656  Q22s =   0.895344

H          x =  1.434320  y = -4.176610  z = -0.562710 angstrom
           Maximum rank =  1   Radius =  0.350 angstrom
                   Q00  =   0.074374
|Q1| =   0.106005  Q10  =  -0.048961  Q11c =   0.061047  Q11s =   0.071505

C          x = -2.463970  y =  2.467090  z =  1.361030 angstrom
           Maximum rank =  2   Radius =  0.650 angstrom
                   Q00  =  -0.062399
|Q1| =   0.065637  Q10  =  -0.000684  Q11c =   0.054828  Q11s =  -0.036077
|Q2| =   1.282538  Q20  =   0.560544  Q21c =  -0.505371  Q21s =   0.364757
                   Q22c =  -0.672499  Q22s =   0.699994

C          x = -1.875650  y =  3.728690  z =  1.444850 angstrom
           Maximum rank =  2   Radius =  0.650 angstrom
                   Q00  =  -0.051723
|Q1| =   0.105074  Q10  =   0.031688  Q11c =  -0.061187  Q11s =  -0.079325
|Q2| =   1.477298  Q20  =   0.724402  Q21c =  -0.496573  Q21s =   0.199166
                   Q22c =  -0.754611  Q22s =   0.895523

H          x = -1.434250  y =  4.176590  z =  0.562860 angstrom
           Maximum rank =  1   Radius =  0.350 angstrom
                   Q00  =   0.074204
|Q1| =   0.106192  Q10  =   0.049013  Q11c =  -0.061101  Q11s =  -0.071701

C          x = -1.863360  y =  4.430870  z =  2.637620 angstrom
           Maximum rank =  2   Radius =  0.650 angstrom
                   Q00  =  -0.031469
|Q1| =   0.075875  Q10  =   0.005497  Q11c =  -0.041362  Q11s =  -0.063372
|Q2| =   1.407494  Q20  =   0.476284  Q21c =  -0.495830  Q21s =   0.255880
                   Q22c =  -0.762259  Q22s =   0.928350

H          x = -1.398460  y =  5.410400  z =  2.672080 angstrom
           Maximum rank =  1   Radius =  0.350 angstrom
                   Q00  =   0.048603
|Q1| =   0.115408  Q10  =  -0.001631  Q11c =  -0.050144  Q11s =  -0.103932

C          x = -2.440880  y =  3.905350  z =  3.791710 angstrom
           Maximum rank =  2   Radius =  0.650 angstrom
                   Q00  =  -0.075550
|Q1| =   0.122018  Q10  =  -0.104954  Q11c =  -0.002747  Q11s =  -0.062172
|Q2| =   1.140915  Q20  =   0.502199  Q21c =  -0.410645  Q21s =   0.274353
                   Q22c =  -0.574506  Q22s =   0.689585

C          x = -3.024180  y =  2.647770  z =  3.705380 angstrom
           Maximum rank =  2   Radius =  0.650 angstrom
                   Q00  =  -0.030832
|Q1| =   0.075921  Q10  =  -0.059229  Q11c =   0.029553  Q11s =   0.037183
|Q2| =   1.398013  Q20  =   0.599556  Q21c =  -0.579287  Q21s =   0.165478
                   Q22c =  -0.671692  Q22s =   0.883655

H          x = -3.481250  y =  2.209440  z =  4.585760 angstrom
           Maximum rank =  1   Radius =  0.350 angstrom
                   Q00  =   0.048018
|Q1| =   0.115590  Q10  =  -0.094922  Q11c =   0.046987  Q11s =   0.046295

C          x = -3.036180  y =  1.938400  z =  2.511800 angstrom
           Maximum rank =  2   Radius =  0.650 angstrom
                   Q00  =  -0.037162
|Q1| =   0.100919  Q10  =  -0.057350  Q11c =   0.064112  Q11s =   0.052776
|Q2| =   1.481584  Q20  =   0.547517  Q21c =  -0.471228  Q21s =   0.354711
                   Q22c =  -0.785954  Q22s =   0.964218

H          x = -3.495840  y =  0.958310  z =  2.486090 angstrom
           Maximum rank =  1   Radius =  0.350 angstrom
                   Q00  =   0.078053
|Q1| =   0.100018  Q10  =  -0.054290  Q11c =   0.040483  Q11s =   0.073602

C          x = -2.629060  y =  2.524840  z = -1.192730 angstrom
           Maximum rank =  2   Radius =  0.650 angstrom
                   Q00  =  -0.062783
|Q1| =   0.078653  Q10  =  -0.003466  Q11c =  -0.053048  Q11s =  -0.057968
|Q2| =   1.299659  Q20  =   0.528847  Q21c =  -0.399309  Q21s =  -0.545621
                   Q22c =  -0.118612  Q22s =  -0.968615

C          x = -3.615190  y =  3.510490  z = -1.186780 angstrom
           Maximum rank =  2   Radius =  0.650 angstrom
                   Q00  =  -0.053722
|Q1| =   0.103275  Q10  =  -0.034637  Q11c =   0.082641  Q11s =  -0.051346
|Q2| =   1.484926  Q20  =   0.702067  Q21c =  -0.457753  Q21s =  -0.423148
                   Q22c =  -0.035080  Q22s =  -1.149907

H          x = -4.159940  y =  3.723760  z = -0.275140 angstrom
           Maximum rank =  1   Radius =  0.350 angstrom
                   Q00  =   0.078944
|Q1| =   0.100285  Q10  =  -0.053190  Q11c =   0.071339  Q11s =  -0.046246

C          x = -3.903000  y =  4.238670  z = -2.328940 angstrom
           Maximum rank =  2   Radius =  0.650 angstrom
                   Q00  =  -0.030704
|Q1| =   0.076537  Q10  =  -0.008306  Q11c =   0.059871  Q11s =  -0.046951
|Q2| =   1.415526  Q20  =   0.461928  Q21c =  -0.436939  Q21s =  -0.425549
                   Q22c =  -0.028207  Q22s =  -1.190602

H          x = -4.678140  y =  4.996460  z = -2.292650 angstrom
           Maximum rank =  1   Radius =  0.350 angstrom
                   Q00  =   0.052428
|Q1| =   0.112888  Q10  =  -0.003987  Q11c =   0.077827  Q11s =  -0.081675

C          x = -3.217860  y =  4.013140  z = -3.520130 angstrom
           Maximum rank =  2   Radius =  0.650 angstrom
                   Q00  =  -0.074988
|Q1| =   0.121498  Q10  =   0.099480  Q11c =   0.021672  Q11s =  -0.066300
|Q2| =   1.139772  Q20  =   0.475469  Q21c =  -0.321219  Q21s =  -0.419608
                   Q22c =  -0.032709  Q22s =  -0.890330

C          x = -2.240820  y =  3.024870  z = -3.525000 angstrom
           Maximum rank =  2   Radius =  0.650 angstrom
                   Q00  =  -0.031619
|Q1| =   0.074655  Q10  =   0.058777  Q11c =  -0.042166  Q11s =   0.018457
|Q2| =   1.401435  Q20  =   0.590482  Q21c =  -0.524150  Q21s =  -0.377292
                   Q22c =   0.006437  Q22s =  -1.094635

H          x = -1.694040  y =  2.819360  z = -4.438840 angstrom
           Maximum rank =  1   Radius =  0.350 angstrom
                   Q00  =   0.046449
|Q1| =   0.116385  Q10  =   0.098746  Q11c =  -0.057886  Q11s =   0.021073

C          x = -1.950360  y =  2.290650  z = -2.383500 angstrom
           Maximum rank =  2   Radius =  0.650 angstrom
                   Q00  =  -0.034388
|Q1| =   0.097189  Q10  =   0.060340  Q11c =  -0.071995  Q11s =   0.024929
|Q2| =   1.464458  Q20  =   0.489555  Q21c =  -0.370908  Q21s =  -0.501158
                   Q22c =  -0.025785  Q22s =  -1.231088

H          x = -1.187190  y =  1.524580  z = -2.431110 angstrom
           Maximum rank =  1   Radius =  0.350 angstrom
                   Q00  =   0.076314
|Q1| =   0.099041  Q10  =   0.059511  Q11c =  -0.061293  Q11s =   0.050107

C          x =  3.513950  y = -4.828020  z =  4.749830 angstrom
           Maximum rank =  2   Radius =  0.650 angstrom
                   Q00  =   0.023537
|Q1| =   0.022816  Q10  =  -0.014454  Q11c =  -0.002003  Q11s =   0.017539
|Q2| =   0.105610  Q20  =   0.065805  Q21c =   0.024436  Q21s =  -0.071784
                   Q22c =  -0.008236  Q22s =  -0.031704

H          x =  3.005610  y = -5.795540  z =  4.709350 angstrom
           Maximum rank =  1   Radius =  0.350 angstrom
                   Q00  =   0.032246
|Q1| =   0.122988  Q10  =  -0.036291  Q11c =   0.036331  Q11s =   0.111755

H          x =  3.180070  y = -4.317780  z =  5.654210 angstrom
           Maximum rank =  1   Radius =  0.350 angstrom
                   Q00  =   0.025004
|Q1| =   0.124532  Q10  =  -0.121285  Q11c =   0.020455  Q11s =  -0.019484

H          x =  4.583070  y = -5.025060  z =  4.846400 angstrom
           Maximum rank =  1   Radius =  0.350 angstrom
                   Q00  =   0.029462
|Q1| =   0.122398  Q10  =  -0.049864  Q11c =  -0.102968  Q11s =   0.043504

C          x =  2.453490  y = -4.688910  z = -5.075870 angstrom
           Maximum rank =  2   Radius =  0.650 angstrom
                   Q00  =   0.023376
|Q1| =   0.022364  Q10  =   0.015019  Q11c =  -0.001580  Q11s =   0.016496
|Q2| =   0.107155  Q20  =   0.074769  Q21c =   0.001952  Q21s =   0.071674
                   Q22c =  -0.020287  Q22s =   0.018419

H          x =  3.246230  y = -5.442160  z = -5.065870 angstrom
           Maximum rank =  1   Radius =  0.350 angstrom
                   Q00  =   0.033581
|Q1| =   0.121996  Q10  =   0.040897  Q11c =  -0.069753  Q11s =   0.091351

H          x =  2.626200  y = -4.039930  z = -5.935250 angstrom
           Maximum rank =  1   Radius =  0.350 angstrom
                   Q00  =   0.025255
|Q1| =   0.124313  Q10  =   0.118902  Q11c =  -0.015065  Q11s =  -0.033004

H          x =  1.508100  y = -5.212190  z = -5.230630 angstrom
           Maximum rank =  1   Radius =  0.350 angstrom
                   Q00  =   0.027615
|Q1| =   0.123904  Q10  =   0.056095  Q11c =   0.084153  Q11s =   0.071581

C          x = -2.453390  y =  4.688910  z =  5.076010 angstrom
           Maximum rank =  2   Radius =  0.650 angstrom
                   Q00  =   0.023357
|Q1| =   0.022629  Q10  =  -0.015054  Q11c =   0.001560  Q11s =  -0.016823
|Q2| =   0.106415  Q20  =   0.074356  Q21c =   0.002015  Q21s =   0.071267
                   Q22c =  -0.019590  Q22s =   0.018125

H          x = -3.244580  y =  5.443780  z =  5.065120 angstrom
           Maximum rank =  1   Radius =  0.350 angstrom
                   Q00  =   0.033136
|Q1| =   0.122384  Q10  =  -0.040902  Q11c =   0.069778  Q11s =  -0.091847

H          x = -1.507110  y =  5.210270  z =  5.231850 angstrom
           Maximum rank =  1   Radius =  0.350 angstrom
                   Q00  =   0.027328
|Q1| =   0.124194  Q10  =  -0.056287  Q11c =  -0.084361  Q11s =  -0.071688

H          x = -2.628370  y =  4.040260  z =  5.935180 angstrom
           Maximum rank =  1   Radius =  0.350 angstrom
                   Q00  =   0.025333
|Q1| =   0.124285  Q10  =  -0.118899  Q11c =   0.015279  Q11s =   0.032810

C          x = -3.513940  y =  4.828080  z = -4.749660 angstrom
           Maximum rank =  2   Radius =  0.650 angstrom
                   Q00  =   0.023517
|Q1| =   0.023082  Q10  =   0.014497  Q11c =   0.002017  Q11s =  -0.017848
|Q2| =   0.104841  Q20  =   0.065432  Q21c =   0.024473  Q21s =  -0.071272
                   Q22c =  -0.008019  Q22s =  -0.031102

H          x = -3.179750  y =  4.318020  z = -5.654020 angstrom
           Maximum rank =  1   Radius =  0.350 angstrom
                   Q00  =   0.025036
|Q1| =   0.124549  Q10  =   0.121326  Q11c =  -0.020491  Q11s =   0.019304

H          x = -3.005900  y =  5.795750  z = -4.709010 angstrom
           Maximum rank =  1   Radius =  0.350 angstrom
                   Q00  =   0.031717
|Q1| =   0.123448  Q10  =   0.036354  Q11c =  -0.036409  Q11s =  -0.112214

H          x = -4.583110  y =  5.024820  z = -4.846410 angstrom
           Maximum rank =  1   Radius =  0.350 angstrom
                   Q00  =   0.029270
|Q1| =   0.122603  Q10  =   0.049945  Q11c =   0.103089  Q11s =  -0.043698

Total multipoles referred to origin at
           x =   0.000000,  y =    0.000000,  z =    0.000000 angstrom
                   Q00  =   0.000004
|Q1| =   0.109826  Q10  =   0.001690  Q11c =  -0.026326  Q11s =  -0.106611
|Q2| = 245.482650  Q20  = 135.110560  Q21c =  -8.819480  Q21s =   2.622057
                   Q22c =-196.446925  Q22s =  57.713216

CPU time used:     67m58.140s          Total:     67m58.140s

Finished at 17:7:2 on 28 Jun 2021   
