                                     G D M A

                                 by Anthony Stone

                         version 2.2.11, 04 February 2015

               Distributed Multipoles from Gaussian wavefunctions


Starting at 15:59:19 on 28 Jun 2021 

s1S0



Using CI density matrix from file sN_z.fchk


                         Distributed Multipole Analysis

Standard DMA for products of primitives with exponent greater than 4.00000
Using 80-point Euler-MacLaurin radial quadrature
Using 590-point Lebedev quadrature
Becke smoothing parameter = 3

Positions and radii in angstrom
Multipole moments in atomic units, ea_0^k for rank k

C          x = -8.619890  y =  0.207130  z =  0.014550 angstrom
           Maximum rank =  2   Radius =  0.650 angstrom
                   Q00  =   0.014590
|Q1| =   0.044106  Q10  =  -0.000177  Q11c =  -0.037693  Q11s =  -0.022903
|Q2| =   1.359610  Q20  =  -1.354053  Q21c =  -0.005538  Q21s =   0.023386
                   Q22c =   0.119979  Q22s =  -0.010339

H          x = -8.796940  y =  1.274390  z =  0.039340 angstrom
           Maximum rank =  1   Radius =  0.350 angstrom
                   Q00  =   0.091074
|Q1| =   0.069054  Q10  =  -0.008670  Q11c =  -0.025852  Q11s =  -0.063443

C          x = -9.747240  y = -0.566690  z =  0.007830 angstrom
           Maximum rank =  2   Radius =  0.650 angstrom
                   Q00  =  -0.055631
|Q1| =   0.058226  Q10  =   0.004056  Q11c =  -0.040396  Q11s =  -0.041737
|Q2| =   1.317363  Q20  =  -1.296662  Q21c =  -0.018570  Q21s =  -0.012453
                   Q22c =   0.120394  Q22s =   0.197779

C          x =-11.128620  y = -0.059370  z =  0.025110 angstrom
           Maximum rank =  2   Radius =  0.650 angstrom
                   Q00  =   0.030600
|Q1| =   0.043604  Q10  =  -0.001911  Q11c =  -0.009764  Q11s =  -0.042454
|Q2| =   1.161074  Q20  =  -1.121916  Q21c =  -0.037582  Q21s =  -0.099177
                   Q22c =  -0.218397  Q22s =  -0.174506

C          x = -9.816180  y = -2.046840  z =  0.022160 angstrom
           Maximum rank =  2   Radius =  0.650 angstrom
                   Q00  =   0.196202
|Q1| =   0.032198  Q10  =  -0.000187  Q11c =   0.021139  Q11s =  -0.024286
|Q2| =   0.755747  Q20  =  -0.712958  Q21c =  -0.048692  Q21s =  -0.000683
                   Q22c =   0.060293  Q22s =  -0.238405

O          x = -8.915000  y = -2.855110  z = -0.007690 angstrom
           Maximum rank =  2   Radius =  0.650 angstrom
                   Q00  =  -0.386667
|Q1| =   0.489098  Q10  =   0.010969  Q11c =  -0.370693  Q11s =   0.318879
|Q2| =   0.928935  Q20  =  -0.204778  Q21c =  -0.008572  Q21s =   0.039341
                   Q22c =   0.118708  Q22s =  -0.897370

C          x =-12.026940  y = -1.240730  z =  0.099600 angstrom
           Maximum rank =  2   Radius =  0.650 angstrom
                   Q00  =  -0.019898
|Q1| =   0.080779  Q10  =  -0.004092  Q11c =   0.067523  Q11s =  -0.044149
|Q2| =   1.232361  Q20  =  -1.214302  Q21c =  -0.106195  Q21s =  -0.058575
                   Q22c =   0.130873  Q22s =   0.111128

C          x =-11.252110  y = -2.396390  z =  0.090120 angstrom
           Maximum rank =  2   Radius =  0.650 angstrom
                   Q00  =  -0.039380
|Q1| =   0.068605  Q10  =  -0.001161  Q11c =  -0.010588  Q11s =   0.067773
|Q2| =   1.222701  Q20  =  -1.207975  Q21c =  -0.090527  Q21s =  -0.053326
                   Q22c =  -0.049059  Q22s =   0.149501

C          x =-13.409030  y = -1.359010  z =  0.168040 angstrom
           Maximum rank =  2   Radius =  0.650 angstrom
                   Q00  =  -0.006992
|Q1| =   0.089712  Q10  =  -0.003308  Q11c =   0.082597  Q11s =  -0.034856
|Q2| =   1.373982  Q20  =  -1.355480  Q21c =  -0.103874  Q21s =  -0.058547
                   Q22c =  -0.147720  Q22s =  -0.120268

H          x =-14.071360  y = -0.508450  z =  0.181440 angstrom
           Maximum rank =  1   Radius =  0.350 angstrom
                   Q00  =   0.097937
|Q1| =   0.078932  Q10  =  -0.005673  Q11c =   0.074974  Q11s =  -0.024020

C          x =-13.972310  y = -2.628600  z =  0.223750 angstrom
           Maximum rank =  2   Radius =  0.650 angstrom
                   Q00  =  -0.297605
|Q1| =   0.615335  Q10  =  -0.032170  Q11c =   0.612351  Q11s =   0.051270
|Q2| =   1.091818  Q20  =  -0.910940  Q21c =  -0.045308  Q21s =  -0.044140
                   Q22c =  -0.589266  Q22s =  -0.104984

Cl         x =-15.697700  y = -2.748250  z =  0.311460 angstrom
           Maximum rank =  2   Radius =  0.650 angstrom
                   Q00  =   0.294737
|Q1| =   0.812251  Q10  =  -0.042347  Q11c =   0.807567  Q11s =   0.076115
|Q2| =   2.185784  Q20  =  -1.123593  Q21c =  -0.193554  Q21s =  -0.017707
                   Q22c =   1.842221  Q22s =   0.289196

C          x =-11.796170  y = -3.659510  z =  0.141910 angstrom
           Maximum rank =  2   Radius =  0.650 angstrom
                   Q00  =   0.008606
|Q1| =   0.100673  Q10  =  -0.003062  Q11c =   0.009646  Q11s =   0.100163
|Q2| =   1.311876  Q20  =  -1.294999  Q21c =  -0.105037  Q21s =  -0.037323
                   Q22c =   0.072907  Q22s =  -0.162036

H          x =-11.159450  y = -4.534210  z =  0.130650 angstrom
           Maximum rank =  1   Radius =  0.350 angstrom
                   Q00  =   0.088665
|Q1| =   0.095498  Q10  =  -0.000718  Q11c =  -0.025654  Q11s =   0.091985

C          x =-13.175510  y = -3.778350  z =  0.209730 angstrom
           Maximum rank =  2   Radius =  0.650 angstrom
                   Q00  =  -0.303386
|Q1| =   0.625903  Q10  =  -0.024650  Q11c =   0.256138  Q11s =   0.570562
|Q2| =   1.072663  Q20  =  -0.908779  Q21c =  -0.083854  Q21s =  -0.005368
                   Q22c =   0.377320  Q22s =  -0.418684

Cl         x =-13.876490  y = -5.359340  z =  0.276880 angstrom
           Maximum rank =  2   Radius =  0.650 angstrom
                   Q00  =   0.289839
|Q1| =   0.815353  Q10  =  -0.032303  Q11c =   0.331698  Q11s =   0.744132
|Q2| =   2.200187  Q20  =  -1.110912  Q21c =  -0.062200  Q21s =  -0.135426
                   Q22c =  -1.251384  Q22s =   1.420748

C          x =-11.563330  y =  1.233380  z = -0.036180 angstrom
           Maximum rank =  2   Radius =  0.650 angstrom
                   Q00  =  -0.015606
|Q1| =   0.027075  Q10  =  -0.004683  Q11c =  -0.012447  Q11s =   0.023584
|Q2| =   1.295397  Q20  =  -1.279908  Q21c =  -0.072432  Q21s =  -0.138153
                   Q22c =  -0.104963  Q22s =  -0.067359

C          x =-12.944250  y =  1.592750  z = -0.011160 angstrom
           Maximum rank =  2   Radius =  0.650 angstrom
                   Q00  =   0.058516
|Q1| =   0.107002  Q10  =  -0.005715  Q11c =   0.106303  Q11s =   0.010794
|Q2| =   1.207779  Q20  =  -0.716946  Q21c =  -0.042505  Q21s =  -0.005061
                   Q22c =   0.829277  Q22s =  -0.505161

N          x =-14.046440  y =  1.917430  z =  0.008220 angstrom
           Maximum rank =  2   Radius =  0.650 angstrom
                   Q00  =  -0.217038
|Q1| =   0.559983  Q10  =  -0.012460  Q11c =   0.545134  Q11s =  -0.127490
|Q2| =   0.617844  Q20  =  -0.336622  Q21c =  -0.014215  Q21s =   0.001644
                   Q22c =   0.398872  Q22s =  -0.330323

C          x =-10.705090  y =  2.368510  z = -0.141110 angstrom
           Maximum rank =  2   Radius =  0.650 angstrom
                   Q00  =   0.058190
|Q1| =   0.100879  Q10  =   0.001941  Q11c =  -0.087811  Q11s =  -0.049619
|Q2| =   1.202112  Q20  =  -0.715152  Q21c =  -0.089546  Q21s =  -0.128875
                   Q22c =  -0.261695  Q22s =   0.916798

N          x =-10.042790  y =  3.304280  z = -0.226460 angstrom
           Maximum rank =  2   Radius =  0.650 angstrom
                   Q00  =  -0.221858
|Q1| =   0.565323  Q10  =   0.038820  Q11c =  -0.355283  Q11s =  -0.438014
|Q2| =   0.619499  Q20  =  -0.331523  Q21c =  -0.044545  Q21s =  -0.071668
                   Q22c =  -0.240041  Q22s =   0.457309

C          x = -7.230150  y = -0.091350  z =  0.003680 angstrom
           Maximum rank =  2   Radius =  0.650 angstrom
                   Q00  =  -0.299651
|Q1| =   0.458026  Q10  =  -0.023199  Q11c =  -0.208430  Q11s =  -0.407194
|Q2| =   1.427602  Q20  =  -1.176298  Q21c =  -0.037812  Q21s =   0.054200
                   Q22c =   0.524356  Q22s =  -0.612415

S          x = -6.155720  y =  1.315920  z =  0.056520 angstrom
           Maximum rank =  2   Radius =  0.650 angstrom
                   Q00  =   0.717268
|Q1| =   1.081345  Q10  =  -0.059663  Q11c =   0.222902  Q11s =  -1.056439
|Q2| =   2.312510  Q20  =  -2.112249  Q21c =  -0.049129  Q21s =   0.057539
                   Q22c =   0.900177  Q22s =   0.264699

C          x = -6.508950  y = -1.272770  z = -0.055140 angstrom
           Maximum rank =  2   Radius =  0.650 angstrom
                   Q00  =  -0.015543
|Q1| =   0.079166  Q10  =   0.002420  Q11c =  -0.012129  Q11s =   0.078194
|Q2| =   1.383155  Q20  =  -1.342411  Q21c =  -0.007482  Q21s =   0.097670
                   Q22c =   0.024168  Q22s =   0.317602

H          x = -6.992470  y = -2.235210  z = -0.096630 angstrom
           Maximum rank =  1   Radius =  0.350 angstrom
                   Q00  =   0.122692
|Q1| =   0.070349  Q10  =   0.006530  Q11c =  -0.034300  Q11s =   0.061072

C          x = -5.133160  y = -1.038140  z = -0.051620 angstrom
           Maximum rank =  2   Radius =  0.650 angstrom
                   Q00  =  -0.337426
|Q1| =   0.541557  Q10  =   0.016393  Q11c =  -0.306264  Q11s =   0.446338
|Q2| =   1.339668  Q20  =  -1.168472  Q21c =   0.013873  Q21s =   0.070408
                   Q22c =   0.352322  Q22s =   0.547816

C          x = -4.769530  y =  0.310680  z =  0.006430 angstrom
           Maximum rank =  2   Radius =  0.650 angstrom
                   Q00  =  -0.344966
|Q1| =   0.546466  Q10  =  -0.046004  Q11c =   0.372298  Q11s =  -0.397370
|Q2| =   1.417202  Q20  =  -1.269374  Q21c =   0.021888  Q21s =   0.054179
                   Q22c =   0.308841  Q22s =   0.546218

S          x = -3.738380  y = -2.090010  z = -0.102980 angstrom
           Maximum rank =  2   Radius =  0.650 angstrom
                   Q00  =   0.730604
|Q1| =   1.124047  Q10  =   0.051696  Q11c =  -0.151762  Q11s =   1.112554
|Q2| =   2.283509  Q20  =  -2.101852  Q21c =   0.014384  Q21s =   0.132737
                   Q22c =   0.832312  Q22s =   0.293361

C          x = -3.370090  y =  0.496040  z =  0.024260 angstrom
           Maximum rank =  2   Radius =  0.650 angstrom
                   Q00  =  -0.064394
|Q1| =   0.097856  Q10  =  -0.053394  Q11c =   0.075925  Q11s =  -0.030989
|Q2| =   1.260696  Q20  =  -1.234326  Q21c =   0.010036  Q21s =   0.060654
                   Q22c =   0.123412  Q22s =   0.216296

C          x = -2.710210  y = -0.699730  z = -0.032950 angstrom
           Maximum rank =  2   Radius =  0.650 angstrom
                   Q00  =  -0.323235
|Q1| =   0.619920  Q10  =   0.014986  Q11c =   0.228195  Q11s =   0.576197
|Q2| =   1.360626  Q20  =  -1.229754  Q21c =  -0.008541  Q21s =   0.068124
                   Q22c =   0.504839  Q22s =  -0.281837

C          x = -1.275130  y = -0.496210  z = -0.026170 angstrom
           Maximum rank =  2   Radius =  0.650 angstrom
                   Q00  =  -0.023976
|Q1| =   0.120960  Q10  =   0.010989  Q11c =   0.009112  Q11s =   0.120115
|Q2| =   1.277561  Q20  =  -1.235575  Q21c =  -0.005227  Q21s =   0.081893
                   Q22c =   0.170441  Q22s =  -0.264071

C          x = -1.063060  y =  0.893820  z =  0.022650 angstrom
           Maximum rank =  2   Radius =  0.650 angstrom
                   Q00  =  -0.035827
|Q1| =   0.088626  Q10  =   0.040276  Q11c =  -0.049269  Q11s =  -0.061683
|Q2| =   1.233630  Q20  =  -1.219481  Q21c =   0.001885  Q21s =   0.091478
                   Q22c =   0.162108  Q22s =  -0.007505

C          x = -2.395000  y =  1.662040  z =  0.056750 angstrom
           Maximum rank =  2   Radius =  0.650 angstrom
                   Q00  =  -0.006747
|Q1| =   0.063328  Q10  =  -0.001106  Q11c =   0.000618  Q11s =  -0.063316
|Q2| =   0.176648  Q20  =   0.003260  Q21c =   0.082667  Q21s =   0.023596
                   Q22c =  -0.145242  Q22s =  -0.052039

C          x =  0.218990  y =  1.402190  z =  0.052840 angstrom
           Maximum rank =  2   Radius =  0.650 angstrom
                   Q00  =  -0.013793
|Q1| =   0.104741  Q10  =   0.022366  Q11c =  -0.016983  Q11s =  -0.100906
|Q2| =   1.437427  Q20  =  -1.431356  Q21c =  -0.004950  Q21s =   0.126150
                   Q22c =   0.005709  Q22s =  -0.038003

H          x =  0.399790  y =  2.469200  z =  0.095880 angstrom
           Maximum rank =  1   Radius =  0.350 angstrom
                   Q00  =   0.084689
|Q1| =   0.102954  Q10  =   0.001130  Q11c =  -0.038464  Q11s =  -0.095492

C          x =  1.275150  y =  0.496220  z =  0.026300 angstrom
           Maximum rank =  2   Radius =  0.650 angstrom
                   Q00  =  -0.023985
|Q1| =   0.120998  Q10  =  -0.011525  Q11c =  -0.009111  Q11s =  -0.120103
|Q2| =   1.277584  Q20  =  -1.235602  Q21c =  -0.005224  Q21s =   0.081777
                   Q22c =   0.170451  Q22s =  -0.264086

C          x = -0.218970  y = -1.402180  z = -0.052720 angstrom
           Maximum rank =  2   Radius =  0.650 angstrom
                   Q00  =  -0.013766
|Q1| =   0.104885  Q10  =  -0.022993  Q11c =   0.017001  Q11s =   0.100911
|Q2| =   1.437336  Q20  =  -1.431242  Q21c =  -0.004786  Q21s =   0.126416
                   Q22c =   0.005758  Q22s =  -0.038001

H          x = -0.399770  y = -2.469180  z = -0.095760 angstrom
           Maximum rank =  1   Radius =  0.350 angstrom
                   Q00  =   0.084712
|Q1| =   0.102954  Q10  =  -0.001228  Q11c =   0.038459  Q11s =   0.095493

C          x =  1.063080  y = -0.893810  z = -0.022520 angstrom
           Maximum rank =  2   Radius =  0.650 angstrom
                   Q00  =  -0.035811
|Q1| =   0.088855  Q10  =  -0.040788  Q11c =   0.049249  Q11s =   0.061694
|Q2| =   1.233466  Q20  =  -1.219323  Q21c =   0.001940  Q21s =   0.091435
                   Q22c =   0.162075  Q22s =  -0.007471

C          x =  2.395020  y = -1.662030  z = -0.056620 angstrom
           Maximum rank =  2   Radius =  0.650 angstrom
                   Q00  =  -0.006745
|Q1| =   0.063321  Q10  =   0.001091  Q11c =  -0.000643  Q11s =   0.063308
|Q2| =   0.176640  Q20  =   0.003222  Q21c =   0.082757  Q21s =   0.023130
                   Q22c =  -0.145291  Q22s =  -0.051943

C          x =  2.710230  y =  0.699740  z =  0.033070 angstrom
           Maximum rank =  2   Radius =  0.650 angstrom
                   Q00  =  -0.323247
|Q1| =   0.619909  Q10  =  -0.015614  Q11c =  -0.228188  Q11s =  -0.576172
|Q2| =   1.360659  Q20  =  -1.229816  Q21c =  -0.008666  Q21s =   0.067783
                   Q22c =   0.504839  Q22s =  -0.281808

C          x =  3.370110  y = -0.496020  z = -0.024140 angstrom
           Maximum rank =  2   Radius =  0.650 angstrom
                   Q00  =  -0.064396
|Q1| =   0.097591  Q10  =   0.052888  Q11c =  -0.075934  Q11s =   0.031000
|Q2| =   1.260838  Q20  =  -1.234476  Q21c =   0.010016  Q21s =   0.060559
                   Q22c =   0.123413  Q22s =   0.216293

S          x =  3.738400  y =  2.090020  z =  0.103080 angstrom
           Maximum rank =  2   Radius =  0.650 angstrom
                   Q00  =   0.730531
|Q1| =   1.124163  Q10  =  -0.052783  Q11c =   0.151769  Q11s =  -1.112619
|Q2| =   2.283644  Q20  =  -2.102025  Q21c =   0.014442  Q21s =   0.131800
                   Q22c =   0.832386  Q22s =   0.293386

C          x =  4.769550  y = -0.310670  z = -0.006330 angstrom
           Maximum rank =  2   Radius =  0.650 angstrom
                   Q00  =  -0.344967
|Q1| =   0.546437  Q10  =   0.045386  Q11c =  -0.372298  Q11s =   0.397401
|Q2| =   1.417202  Q20  =  -1.269373  Q21c =   0.021650  Q21s =   0.054285
                   Q22c =   0.308838  Q22s =   0.546221

S          x =  6.155740  y = -1.315910  z = -0.056420 angstrom
           Maximum rank =  2   Radius =  0.650 angstrom
                   Q00  =   0.717297
|Q1| =   1.081270  Q10  =   0.058559  Q11c =  -0.222888  Q11s =   1.056426
|Q2| =   2.312479  Q20  =  -2.112210  Q21c =  -0.049526  Q21s =   0.058174
                   Q22c =   0.900110  Q22s =   0.264753

C          x =  5.133180  y =  1.038150  z =  0.051720 angstrom
           Maximum rank =  2   Radius =  0.650 angstrom
                   Q00  =  -0.337444
|Q1| =   0.541562  Q10  =  -0.017041  Q11c =   0.306258  Q11s =  -0.446324
|Q2| =   1.339712  Q20  =  -1.168537  Q21c =   0.013954  Q21s =   0.070105
                   Q22c =   0.352342  Q22s =   0.547809

C          x =  6.508970  y =  1.272780  z =  0.055220 angstrom
           Maximum rank =  2   Radius =  0.650 angstrom
                   Q00  =  -0.015554
|Q1| =   0.079158  Q10  =  -0.003073  Q11c =   0.012124  Q11s =  -0.078164
|Q2| =   1.383205  Q20  =  -1.342478  Q21c =  -0.007561  Q21s =   0.097386
                   Q22c =   0.024151  Q22s =   0.317623

H          x =  6.992480  y =  2.235220  z =  0.096700 angstrom
           Maximum rank =  1   Radius =  0.350 angstrom
                   Q00  =   0.122675
|Q1| =   0.070364  Q10  =  -0.006628  Q11c =   0.034298  Q11s =  -0.061080

C          x =  7.230170  y =  0.091360  z = -0.003610 angstrom
           Maximum rank =  2   Radius =  0.650 angstrom
                   Q00  =  -0.299655
|Q1| =   0.458001  Q10  =   0.022539  Q11c =   0.208424  Q11s =   0.407205
|Q2| =   1.427611  Q20  =  -1.176298  Q21c =  -0.037775  Q21s =   0.054408
                   Q22c =   0.524359  Q22s =  -0.612420

C          x =  8.619910  y = -0.207120  z = -0.014490 angstrom
           Maximum rank =  2   Radius =  0.650 angstrom
                   Q00  =   0.014606
|Q1| =   0.044103  Q10  =  -0.000460  Q11c =   0.037686  Q11s =   0.022905
|Q2| =   1.359545  Q20  =  -1.353984  Q21c =  -0.005532  Q21s =   0.023650
                   Q22c =   0.119969  Q22s =  -0.010330

H          x =  8.796950  y = -1.274380  z = -0.039290 angstrom
           Maximum rank =  1   Radius =  0.350 angstrom
                   Q00  =   0.091086
|Q1| =   0.069033  Q10  =   0.008564  Q11c =   0.025852  Q11s =   0.063434

C          x =  9.747260  y =  0.566700  z = -0.007780 angstrom
           Maximum rank =  2   Radius =  0.650 angstrom
                   Q00  =  -0.055642
|Q1| =   0.058273  Q10  =  -0.004622  Q11c =   0.040396  Q11s =   0.041744
|Q2| =   1.317381  Q20  =  -1.296682  Q21c =  -0.018551  Q21s =  -0.012376
                   Q22c =   0.120387  Q22s =   0.197783

C          x = 11.128640  y =  0.059370  z = -0.025070 angstrom
           Maximum rank =  2   Radius =  0.650 angstrom
                   Q00  =   0.030630
|Q1| =   0.043556  Q10  =   0.001382  Q11c =   0.009752  Q11s =   0.042428
|Q2| =   1.160999  Q20  =  -1.121843  Q21c =  -0.037577  Q21s =  -0.099075
                   Q22c =  -0.218407  Q22s =  -0.174522

C          x =  9.816210  y =  2.046840  z = -0.022090 angstrom
           Maximum rank =  2   Radius =  0.650 angstrom
                   Q00  =   0.196202
|Q1| =   0.032204  Q10  =  -0.000350  Q11c =  -0.021161  Q11s =   0.024273
|Q2| =   0.755746  Q20  =  -0.712960  Q21c =  -0.048664  Q21s =  -0.000701
                   Q22c =   0.060271  Q22s =  -0.238407

O          x =  8.915030  y =  2.855120  z =  0.007770 angstrom
           Maximum rank =  2   Radius =  0.650 angstrom
                   Q00  =  -0.386690
|Q1| =   0.489109  Q10  =  -0.011459  Q11c =   0.370690  Q11s =  -0.318881
|Q2| =   0.928936  Q20  =  -0.204788  Q21c =  -0.008466  Q21s =   0.039243
                   Q22c =   0.118688  Q22s =  -0.897377

C          x = 12.026970  y =  1.240730  z = -0.099530 angstrom
           Maximum rank =  2   Radius =  0.650 angstrom
                   Q00  =  -0.019911
|Q1| =   0.080765  Q10  =   0.003547  Q11c =  -0.067543  Q11s =   0.044140
|Q2| =   1.232394  Q20  =  -1.214336  Q21c =  -0.106249  Q21s =  -0.058475
                   Q22c =   0.130859  Q22s =   0.111142

C          x = 11.252140  y =  2.396390  z = -0.090030 angstrom
           Maximum rank =  2   Radius =  0.650 angstrom
                   Q00  =  -0.039391
|Q1| =   0.068603  Q10  =   0.000603  Q11c =   0.010571  Q11s =  -0.067781
|Q2| =   1.222737  Q20  =  -1.208013  Q21c =  -0.090477  Q21s =  -0.053373
                   Q22c =  -0.049041  Q22s =   0.149500

C          x = 13.409060  y =  1.359010  z = -0.167960 angstrom
           Maximum rank =  2   Radius =  0.650 angstrom
                   Q00  =  -0.006977
|Q1| =   0.089708  Q10  =   0.002633  Q11c =  -0.082622  Q11s =   0.034846
|Q2| =   1.373918  Q20  =  -1.355406  Q21c =  -0.104119  Q21s =  -0.058281
                   Q22c =  -0.147733  Q22s =  -0.120258

H          x = 14.071380  y =  0.508440  z = -0.181370 angstrom
           Maximum rank =  1   Radius =  0.350 angstrom
                   Q00  =   0.097948
|Q1| =   0.078917  Q10  =   0.005556  Q11c =  -0.074969  Q11s =   0.024014

C          x = 13.972340  y =  2.628590  z = -0.223640 angstrom
           Maximum rank =  2   Radius =  0.650 angstrom
                   Q00  =  -0.297587
|Q1| =   0.615343  Q10  =   0.031488  Q11c =  -0.612393  Q11s =  -0.051289
|Q2| =   1.091764  Q20  =  -0.910828  Q21c =  -0.045625  Q21s =  -0.044061
                   Q22c =  -0.589319  Q22s =  -0.104974

Cl         x = 15.697730  y =  2.748240  z = -0.311330 angstrom
           Maximum rank =  2   Radius =  0.650 angstrom
                   Q00  =   0.294818
|Q1| =   0.812131  Q10  =   0.041430  Q11c =  -0.807494  Q11s =  -0.076113
|Q2| =   2.185796  Q20  =  -1.123549  Q21c =  -0.193900  Q21s =  -0.017690
                   Q22c =   1.842224  Q22s =   0.289203

C          x = 11.796200  y =  3.659510  z = -0.141790 angstrom
           Maximum rank =  2   Radius =  0.650 angstrom
                   Q00  =   0.008609
|Q1| =   0.100667  Q10  =   0.002386  Q11c =  -0.009670  Q11s =  -0.100173
|Q2| =   1.311856  Q20  =  -1.294985  Q21c =  -0.104882  Q21s =  -0.037602
                   Q22c =   0.072882  Q22s =  -0.162031

H          x = 11.159490  y =  4.534220  z = -0.130510 angstrom
           Maximum rank =  1   Radius =  0.350 angstrom
                   Q00  =   0.088666
|Q1| =   0.095494  Q10  =   0.000592  Q11c =   0.025652  Q11s =  -0.091983

C          x = 13.175540  y =  3.778350  z = -0.209600 angstrom
           Maximum rank =  2   Radius =  0.650 angstrom
                   Q00  =  -0.303366
|Q1| =   0.625907  Q10  =   0.023965  Q11c =  -0.256170  Q11s =  -0.570581
|Q2| =   1.072600  Q20  =  -0.908677  Q21c =  -0.083934  Q21s =  -0.005655
                   Q22c =   0.377344  Q22s =  -0.418702

Cl         x = 13.876540  y =  5.359330  z = -0.276710 angstrom
           Maximum rank =  2   Radius =  0.650 angstrom
                   Q00  =   0.289908
|Q1| =   0.815255  Q10  =   0.031383  Q11c =  -0.331682  Q11s =  -0.744072
|Q2| =   2.200192  Q20  =  -1.110873  Q21c =  -0.062289  Q21s =  -0.135725
                   Q22c =  -1.251344  Q22s =   1.420789

C          x = 11.563340  y = -1.233390  z =  0.036170 angstrom
           Maximum rank =  2   Radius =  0.650 angstrom
                   Q00  =  -0.015632
|Q1| =   0.027001  Q10  =   0.004104  Q11c =   0.012431  Q11s =  -0.023615
|Q2| =   1.295457  Q20  =  -1.279982  Q21c =  -0.072437  Q21s =  -0.138043
                   Q22c =  -0.104977  Q22s =  -0.067324

C          x = 12.944260  y = -1.592760  z =  0.011150 angstrom
           Maximum rank =  2   Radius =  0.650 angstrom
                   Q00  =   0.058508
|Q1| =   0.106987  Q10  =   0.005027  Q11c =  -0.106322  Q11s =  -0.010800
|Q2| =   1.207795  Q20  =  -0.716938  Q21c =  -0.042600  Q21s =  -0.005072
                   Q22c =   0.829288  Q22s =  -0.505182

N          x = 14.046450  y = -1.917450  z = -0.008250 angstrom
           Maximum rank =  2   Radius =  0.650 angstrom
                   Q00  =  -0.217034
|Q1| =   0.559967  Q10  =   0.011743  Q11c =  -0.545134  Q11s =   0.127491
|Q2| =   0.617846  Q20  =  -0.336622  Q21c =  -0.014665  Q21s =   0.001763
                   Q22c =   0.398863  Q22s =  -0.330317

C          x = 10.705100  y = -2.368510  z =  0.141050 angstrom
           Maximum rank =  2   Radius =  0.650 angstrom
                   Q00  =   0.058200
|Q1| =   0.100862  Q10  =  -0.002602  Q11c =   0.087792  Q11s =   0.049586
|Q2| =   1.202102  Q20  =  -0.715153  Q21c =  -0.089457  Q21s =  -0.128800
                   Q22c =  -0.261691  Q22s =   0.916806

N          x = 10.042790  y = -3.304290  z =  0.226370 angstrom
           Maximum rank =  2   Radius =  0.650 angstrom
                   Q00  =  -0.221967
|Q1| =   0.565376  Q10  =  -0.039497  Q11c =   0.355286  Q11s =   0.438020
|Q2| =   0.619529  Q20  =  -0.331623  Q21c =  -0.044275  Q21s =  -0.071317
                   Q22c =  -0.240048  Q22s =   0.457353

C          x =  2.629080  y = -2.524820  z =  1.192870 angstrom
           Maximum rank =  2   Radius =  0.650 angstrom
                   Q00  =  -0.062711
|Q1| =   0.078406  Q10  =   0.003346  Q11c =   0.052912  Q11s =   0.057764
|Q2| =   1.299509  Q20  =   0.528821  Q21c =  -0.399333  Q21s =  -0.545552
                   Q22c =  -0.118546  Q22s =  -0.968466

C          x =  3.615220  y = -3.510450  z =  1.186930 angstrom
           Maximum rank =  2   Radius =  0.650 angstrom
                   Q00  =  -0.053534
|Q1| =   0.103216  Q10  =   0.034498  Q11c =  -0.082791  Q11s =   0.051080
|Q2| =   1.484313  Q20  =   0.701635  Q21c =  -0.457576  Q21s =  -0.422845
                   Q22c =  -0.035197  Q22s =  -1.149557

H          x =  4.159970  y = -3.723730  z =  0.275300 angstrom
           Maximum rank =  1   Radius =  0.350 angstrom
                   Q00  =   0.079142
|Q1| =   0.100129  Q10  =   0.053075  Q11c =  -0.071272  Q11s =   0.046143

C          x =  3.903030  y = -4.238620  z =  2.329110 angstrom
           Maximum rank =  2   Radius =  0.650 angstrom
                   Q00  =  -0.030567
|Q1| =   0.076483  Q10  =   0.008152  Q11c =  -0.060031  Q11s =   0.046685
|Q2| =   1.415032  Q20  =   0.461760  Q21c =  -0.436946  Q21s =  -0.425234
                   Q22c =  -0.028319  Q22s =  -1.190187

H          x =  4.678170  y = -4.996400  z =  2.292830 angstrom
           Maximum rank =  1   Radius =  0.350 angstrom
                   Q00  =   0.052594
|Q1| =   0.112739  Q10  =   0.003918  Q11c =  -0.077760  Q11s =   0.081536

C          x =  3.217880  y = -4.013090  z =  3.520290 angstrom
           Maximum rank =  2   Radius =  0.650 angstrom
                   Q00  =  -0.075045
|Q1| =   0.121498  Q10  =  -0.099608  Q11c =  -0.021808  Q11s =   0.066064
|Q2| =   1.139941  Q20  =   0.475410  Q21c =  -0.321240  Q21s =  -0.419764
                   Q22c =  -0.032792  Q22s =  -0.890494

C          x =  2.240840  y = -3.024820  z =  3.525150 angstrom
           Maximum rank =  2   Radius =  0.650 angstrom
                   Q00  =  -0.031811
|Q1| =   0.074745  Q10  =  -0.058915  Q11c =   0.042028  Q11s =  -0.018696
|Q2| =   1.402147  Q20  =   0.590747  Q21c =  -0.524469  Q21s =  -0.377626
                   Q22c =   0.006505  Q22s =  -1.095136

H          x =  1.694060  y = -2.819300  z =  4.438980 angstrom
           Maximum rank =  1   Radius =  0.350 angstrom
                   Q00  =   0.046202
|Q1| =   0.116602  Q10  =  -0.098937  Q11c =   0.057963  Q11s =  -0.021164

C          x =  1.950380  y = -2.290610  z =  2.383640 angstrom
           Maximum rank =  2   Radius =  0.650 angstrom
                   Q00  =  -0.034531
|Q1| =   0.097245  Q10  =  -0.060502  Q11c =   0.071855  Q11s =  -0.025158
|Q2| =   1.464952  Q20  =   0.489628  Q21c =  -0.370832  Q21s =  -0.501514
                   Q22c =  -0.025705  Q22s =  -1.231525

H          x =  1.187200  y = -1.524550  z =  2.431240 angstrom
           Maximum rank =  1   Radius =  0.350 angstrom
                   Q00  =   0.076162
|Q1| =   0.099180  Q10  =  -0.059601  Q11c =   0.061353  Q11s =  -0.050202

C          x =  2.463980  y = -2.467090  z = -1.360890 angstrom
           Maximum rank =  2   Radius =  0.650 angstrom
                   Q00  =  -0.062729
|Q1| =   0.065642  Q10  =   0.000668  Q11c =  -0.054855  Q11s =   0.036045
|Q2| =   1.283379  Q20  =   0.561047  Q21c =  -0.505636  Q21s =   0.365150
                   Q22c =  -0.672998  Q22s =   0.700256

C          x =  3.036140  y = -1.938380  z = -2.511690 angstrom
           Maximum rank =  2   Radius =  0.650 angstrom
                   Q00  =  -0.037313
|Q1| =   0.100908  Q10  =   0.057270  Q11c =  -0.064066  Q11s =  -0.052897
|Q2| =   1.482069  Q20  =   0.547675  Q21c =  -0.471419  Q21s =   0.354641
                   Q22c =  -0.786219  Q22s =   0.964590

H          x =  3.495750  y = -0.958260  z = -2.485990 angstrom
           Maximum rank =  1   Radius =  0.350 angstrom
                   Q00  =   0.077902
|Q1| =   0.100079  Q10  =   0.054256  Q11c =  -0.040496  Q11s =  -0.073704

C          x =  3.024130  y = -2.647730  z = -3.705260 angstrom
           Maximum rank =  2   Radius =  0.650 angstrom
                   Q00  =  -0.030714
|Q1| =   0.075851  Q10  =   0.059099  Q11c =  -0.029493  Q11s =  -0.037293
|Q2| =   1.397557  Q20  =   0.599666  Q21c =  -0.579110  Q21s =   0.165570
                   Q22c =  -0.671462  Q22s =   0.883133

H          x =  3.481140  y = -2.209380  z = -4.585660 angstrom
           Maximum rank =  1   Radius =  0.350 angstrom
                   Q00  =   0.048186
|Q1| =   0.115449  Q10  =   0.094758  Q11c =  -0.046935  Q11s =  -0.046329

C          x =  2.440870  y = -3.905350  z = -3.791580 angstrom
           Maximum rank =  2   Radius =  0.650 angstrom
                   Q00  =  -0.075185
|Q1| =   0.122009  Q10  =   0.104965  Q11c =   0.002747  Q11s =   0.062137
|Q2| =   1.139750  Q20  =   0.501544  Q21c =  -0.410267  Q21s =   0.273847
                   Q22c =  -0.574019  Q22s =   0.688966

C          x =  1.863390  y = -4.430880  z = -2.637470 angstrom
           Maximum rank =  2   Radius =  0.650 angstrom
                   Q00  =  -0.031245
|Q1| =   0.075789  Q10  =  -0.005573  Q11c =   0.041407  Q11s =   0.063232
|Q2| =   1.406575  Q20  =   0.475946  Q21c =  -0.495384  Q21s =   0.255899
                   Q22c =  -0.761926  Q22s =   0.927635

H          x =  1.398510  y = -5.410420  z = -2.671930 angstrom
           Maximum rank =  1   Radius =  0.350 angstrom
                   Q00  =   0.048876
|Q1| =   0.115171  Q10  =   0.001563  Q11c =   0.050068  Q11s =   0.103706

C          x =  1.875700  y = -3.728700  z = -1.444700 angstrom
           Maximum rank =  2   Radius =  0.650 angstrom
                   Q00  =  -0.051810
|Q1| =   0.105039  Q10  =  -0.031772  Q11c =   0.061245  Q11s =   0.079201
|Q2| =   1.477452  Q20  =   0.724288  Q21c =  -0.496556  Q21s =   0.198976
                   Q22c =  -0.754835  Q22s =   0.895732

H          x =  1.434320  y = -4.176610  z = -0.562710 angstrom
           Maximum rank =  1   Radius =  0.350 angstrom
                   Q00  =   0.074133
|Q1| =   0.106195  Q10  =  -0.049084  Q11c =   0.061112  Q11s =   0.071648

C          x = -2.463970  y =  2.467090  z =  1.361030 angstrom
           Maximum rank =  2   Radius =  0.650 angstrom
                   Q00  =  -0.062324
|Q1| =   0.065446  Q10  =  -0.000784  Q11c =   0.054686  Q11s =  -0.035944
|Q2| =   1.282408  Q20  =   0.560518  Q21c =  -0.505404  Q21s =   0.364666
                   Q22c =  -0.672376  Q22s =   0.699917

C          x = -1.875650  y =  3.728690  z =  1.444850 angstrom
           Maximum rank =  2   Radius =  0.650 angstrom
                   Q00  =  -0.051511
|Q1| =   0.104983  Q10  =   0.031582  Q11c =  -0.061329  Q11s =  -0.079137
|Q2| =   1.476608  Q20  =   0.723871  Q21c =  -0.496327  Q21s =   0.199013
                   Q22c =  -0.754432  Q22s =   0.895136

H          x = -1.434250  y =  4.176590  z =  0.562860 angstrom
           Maximum rank =  1   Radius =  0.350 angstrom
                   Q00  =   0.074445
|Q1| =   0.106001  Q10  =   0.048890  Q11c =  -0.061036  Q11s =  -0.071559

C          x = -1.863360  y =  4.430870  z =  2.637620 angstrom
           Maximum rank =  2   Radius =  0.650 angstrom
                   Q00  =  -0.031319
|Q1| =   0.075811  Q10  =   0.005361  Q11c =  -0.041518  Q11s =  -0.063205
|Q2| =   1.406958  Q20  =   0.476081  Q21c =  -0.495742  Q21s =   0.255564
                   Q22c =  -0.762043  Q22s =   0.927953

H          x = -1.398460  y =  5.410400  z =  2.672080 angstrom
           Maximum rank =  1   Radius =  0.350 angstrom
                   Q00  =   0.048807
|Q1| =   0.115226  Q10  =  -0.001692  Q11c =  -0.050094  Q11s =  -0.103753

C          x = -2.440880  y =  3.905350  z =  3.791710 angstrom
           Maximum rank =  2   Radius =  0.650 angstrom
                   Q00  =  -0.075624
|Q1| =   0.122026  Q10  =  -0.105057  Q11c =  -0.002881  Q11s =  -0.062009
|Q2| =   1.141146  Q20  =   0.502186  Q21c =  -0.410703  Q21s =   0.274540
                   Q22c =  -0.574704  Q22s =   0.689703

C          x = -3.024180  y =  2.647770  z =  3.705380 angstrom
           Maximum rank =  2   Radius =  0.650 angstrom
                   Q00  =  -0.031067
|Q1| =   0.076054  Q10  =  -0.059362  Q11c =   0.029422  Q11s =   0.037346
|Q2| =   1.398851  Q20  =   0.599910  Q21c =  -0.579698  Q21s =   0.165689
                   Q22c =  -0.672019  Q22s =   0.884183

H          x = -3.481250  y =  2.209440  z =  4.585760 angstrom
           Maximum rank =  1   Radius =  0.350 angstrom
                   Q00  =   0.047726
|Q1| =   0.115847  Q10  =  -0.095132  Q11c =   0.047062  Q11s =   0.046428

C          x = -3.036180  y =  1.938400  z =  2.511800 angstrom
           Maximum rank =  2   Radius =  0.650 angstrom
                   Q00  =  -0.037331
|Q1| =   0.100999  Q10  =  -0.057501  Q11c =   0.063972  Q11s =   0.052935
|Q2| =   1.482139  Q20  =   0.547648  Q21c =  -0.471275  Q21s =   0.355132
                   Q22c =  -0.786209  Q22s =   0.964612

H          x = -3.495840  y =  0.958310  z =  2.486090 angstrom
           Maximum rank =  1   Radius =  0.350 angstrom
                   Q00  =   0.077888
|Q1| =   0.100174  Q10  =  -0.054383  Q11c =   0.040522  Q11s =   0.073724

C          x = -2.629060  y =  2.524840  z = -1.192730 angstrom
           Maximum rank =  2   Radius =  0.650 angstrom
                   Q00  =  -0.063092
|Q1| =   0.078606  Q10  =  -0.003476  Q11c =  -0.053036  Q11s =  -0.057915
|Q2| =   1.300436  Q20  =   0.529236  Q21c =  -0.399442  Q21s =  -0.546126
                   Q22c =  -0.118800  Q22s =  -0.969083

C          x = -3.615190  y =  3.510490  z = -1.186780 angstrom
           Maximum rank =  2   Radius =  0.650 angstrom
                   Q00  =  -0.053844
|Q1| =   0.103282  Q10  =  -0.034698  Q11c =   0.082723  Q11s =  -0.051186
|Q2| =   1.485128  Q20  =   0.702044  Q21c =  -0.457880  Q21s =  -0.423016
                   Q22c =  -0.035020  Q22s =  -1.150180

H          x = -4.159940  y =  3.723760  z = -0.275140 angstrom
           Maximum rank =  1   Radius =  0.350 angstrom
                   Q00  =   0.078831
|Q1| =   0.100321  Q10  =  -0.053270  Q11c =   0.071359  Q11s =  -0.046201

C          x = -3.903000  y =  4.238670  z = -2.328940 angstrom
           Maximum rank =  2   Radius =  0.650 angstrom
                   Q00  =  -0.030524
|Q1| =   0.076472  Q10  =  -0.008392  Q11c =   0.059922  Q11s =  -0.046764
|Q2| =   1.414795  Q20  =   0.461652  Q21c =  -0.436509  Q21s =  -0.425502
                   Q22c =  -0.028359  Q22s =  -1.190011

H          x = -4.678140  y =  4.996460  z = -2.292650 angstrom
           Maximum rank =  1   Radius =  0.350 angstrom
                   Q00  =   0.052641
|Q1| =   0.112706  Q10  =  -0.004057  Q11c =   0.077733  Q11s =  -0.081508

C          x = -3.217860  y =  4.013140  z = -3.520130 angstrom
           Maximum rank =  2   Radius =  0.650 angstrom
                   Q00  =  -0.074618
|Q1| =   0.121498  Q10  =   0.099502  Q11c =   0.021736  Q11s =  -0.066246
|Q2| =   1.138589  Q20  =   0.474879  Q21c =  -0.321069  Q21s =  -0.418965
                   Q22c =  -0.032614  Q22s =  -0.889491

C          x = -2.240820  y =  3.024870  z = -3.525000 angstrom
           Maximum rank =  2   Radius =  0.650 angstrom
                   Q00  =  -0.031447
|Q1| =   0.074572  Q10  =   0.058670  Q11c =  -0.042104  Q11s =   0.018605
|Q2| =   1.400746  Q20  =   0.590379  Q21c =  -0.523875  Q21s =  -0.377288
                   Q22c =   0.006437  Q22s =  -1.093942

H          x = -1.694040  y =  2.819360  z = -4.438840 angstrom
           Maximum rank =  1   Radius =  0.350 angstrom
                   Q00  =   0.046665
|Q1| =   0.116198  Q10  =   0.098554  Q11c =  -0.057822  Q11s =   0.021114

C          x = -1.950360  y =  2.290650  z = -2.383500 angstrom
           Maximum rank =  2   Radius =  0.650 angstrom
                   Q00  =  -0.034484
|Q1| =   0.097143  Q10  =   0.060269  Q11c =  -0.071941  Q11s =   0.025077
|Q2| =   1.464796  Q20  =   0.489654  Q21c =  -0.371154  Q21s =  -0.501128
                   Q22c =  -0.025639  Q22s =  -1.231392

H          x = -1.187190  y =  1.524580  z = -2.431110 angstrom
           Maximum rank =  1   Radius =  0.350 angstrom
                   Q00  =   0.076198
|Q1| =   0.099072  Q10  =   0.059469  Q11c =  -0.061320  Q11s =   0.050185

C          x =  3.513950  y = -4.828020  z =  4.749830 angstrom
           Maximum rank =  2   Radius =  0.650 angstrom
                   Q00  =   0.023514
|Q1| =   0.023059  Q10  =  -0.014631  Q11c =  -0.002011  Q11s =   0.017710
|Q2| =   0.104710  Q20  =   0.065366  Q21c =   0.024274  Q21s =  -0.071049
                   Q22c =  -0.008051  Q22s =  -0.031454

H          x =  3.005610  y = -5.795540  z =  4.709350 angstrom
           Maximum rank =  1   Radius =  0.350 angstrom
                   Q00  =   0.031877
|Q1| =   0.123327  Q10  =  -0.036434  Q11c =   0.036404  Q11s =   0.112057

H          x =  3.180070  y = -4.317780  z =  5.654210 angstrom
           Maximum rank =  1   Radius =  0.350 angstrom
                   Q00  =   0.024775
|Q1| =   0.124780  Q10  =  -0.121543  Q11c =   0.020488  Q11s =  -0.019431

H          x =  4.583070  y = -5.025060  z =  4.846400 angstrom
           Maximum rank =  1   Radius =  0.350 angstrom
                   Q00  =   0.029247
|Q1| =   0.122627  Q10  =  -0.050008  Q11c =  -0.103107  Q11s =   0.043651

C          x =  2.453490  y = -4.688910  z = -5.075870 angstrom
           Maximum rank =  2   Radius =  0.650 angstrom
                   Q00  =   0.023381
|Q1| =   0.022373  Q10  =   0.014891  Q11c =  -0.001591  Q11s =   0.016622
|Q2| =   0.107325  Q20  =   0.074856  Q21c =   0.002032  Q21s =   0.071968
                   Q22c =  -0.019993  Q22s =   0.018222

H          x =  3.246230  y = -5.442160  z = -5.065870 angstrom
           Maximum rank =  1   Radius =  0.350 angstrom
                   Q00  =   0.033477
|Q1| =   0.122070  Q10  =   0.040828  Q11c =  -0.069783  Q11s =   0.091457

H          x =  2.626200  y = -4.039930  z = -5.935250 angstrom
           Maximum rank =  1   Radius =  0.350 angstrom
                   Q00  =   0.025542
|Q1| =   0.124062  Q10  =   0.118677  Q11c =  -0.015048  Q11s =  -0.032873

H          x =  1.508100  y = -5.212190  z = -5.230630 angstrom
           Maximum rank =  1   Radius =  0.350 angstrom
                   Q00  =   0.027592
|Q1| =   0.123912  Q10  =   0.056021  Q11c =   0.084150  Q11s =   0.071657

C          x = -2.453390  y =  4.688910  z =  5.076010 angstrom
           Maximum rank =  2   Radius =  0.650 angstrom
                   Q00  =   0.023351
|Q1| =   0.022620  Q10  =  -0.015182  Q11c =   0.001549  Q11s =  -0.016697
|Q2| =   0.106244  Q20  =   0.074267  Q21c =   0.001934  Q21s =   0.070974
                   Q22c =  -0.019883  Q22s =   0.018324

H          x = -3.244580  y =  5.443780  z =  5.065120 angstrom
           Maximum rank =  1   Radius =  0.350 angstrom
                   Q00  =   0.033240
|Q1| =   0.122310  Q10  =  -0.040971  Q11c =   0.069747  Q11s =  -0.091741

H          x = -1.507110  y =  5.210270  z =  5.231850 angstrom
           Maximum rank =  1   Radius =  0.350 angstrom
                   Q00  =   0.027350
|Q1| =   0.124187  Q10  =  -0.056361  Q11c =  -0.084365  Q11s =  -0.071612

H          x = -2.628370  y =  4.040260  z =  5.935180 angstrom
           Maximum rank =  1   Radius =  0.350 angstrom
                   Q00  =   0.025046
|Q1| =   0.124537  Q10  =  -0.119123  Q11c =   0.015297  Q11s =   0.032941

C          x = -3.513940  y =  4.828080  z = -4.749660 angstrom
           Maximum rank =  2   Radius =  0.650 angstrom
                   Q00  =   0.023540
|Q1| =   0.022838  Q10  =   0.014320  Q11c =   0.002009  Q11s =  -0.017678
|Q2| =   0.105741  Q20  =   0.065870  Q21c =   0.024635  Q21s =  -0.072007
                   Q22c =  -0.008204  Q22s =  -0.031353

H          x = -3.179750  y =  4.318020  z = -5.654020 angstrom
           Maximum rank =  1   Radius =  0.350 angstrom
                   Q00  =   0.025265
|Q1| =   0.124301  Q10  =   0.121068  Q11c =  -0.020458  Q11s =   0.019357

H          x = -3.005900  y =  5.795750  z = -4.709010 angstrom
           Maximum rank =  1   Radius =  0.350 angstrom
                   Q00  =   0.032086
|Q1| =   0.123109  Q10  =   0.036210  Q11c =  -0.036337  Q11s =  -0.111912

H          x = -4.583110  y =  5.024820  z = -4.846410 angstrom
           Maximum rank =  1   Radius =  0.350 angstrom
                   Q00  =   0.029485
|Q1| =   0.122374  Q10  =   0.049800  Q11c =   0.102950  Q11s =  -0.043551

Total multipoles referred to origin at
           x =   0.000000,  y =    0.000000,  z =    0.000000 angstrom
                   Q00  =   0.000004
|Q1| =   0.062950  Q10  =  -0.062816  Q11c =   0.003742  Q11s =   0.001705
|Q2| = 245.482582  Q20  = 135.110400  Q21c =  -8.819422  Q21s =   2.622124
                   Q22c =-196.446922  Q22s =  57.713316

CPU time used:     68m 5.988s          Total:     68m 5.988s

Finished at 17:7:25 on 28 Jun 2021  
